
Clover Version 1.300
Kokkos Version
Task Count 64

Output file clover.out opened. All output will go there.
Detected SYCL devices:
Detected SYCL devices:
Detected SYCL devices:
Detected SYCL devices:
Detected SYCL devices:
Detected SYCL devices:
Detected SYCL devices:
Detected SYCL devices:
Detected SYCL devices:
  0. Tesla V100-SXM2-16GB(gpu)
Detected SYCL devices:
Detected SYCL devices:
Detected SYCL devices:
Detected SYCL devices:
Detected SYCL devices:
  0. Tesla V100-SXM2-16GB(gpu)
  0. Tesla V100-SXM2-16GB(gpu)
Detected SYCL devices:
Detected SYCL devices:
Detected SYCL devices:
Detected SYCL devices:
Detected SYCL devices:
Detected SYCL devices:
Detected SYCL devices:
Detected SYCL devices:
Detected SYCL devices:
Detected SYCL devices:
  0. Tesla V100-SXM2-16GB(gpu)
Detected SYCL devices:
Detected SYCL devices:
Detected SYCL devices:
Detected SYCL devices:
  0. Tesla V100-SXM2-16GB(gpu)
Detected SYCL devices:
Detected SYCL devices:
Detected SYCL devices:
Detected SYCL devices:
Detected SYCL devices:
Detected SYCL devices:
Detected SYCL devices:
Detected SYCL devices:
  1. Tesla V100-SXM2-16GB(gpu)
  1. Tesla V100-SXM2-16GB(gpu)
Detected SYCL devices:
Detected SYCL devices:
Detected SYCL devices:
Detected SYCL devices:
Detected SYCL devices:
Detected SYCL devices:
  0. Tesla V100-SXM2-16GB(gpu)
Detected SYCL devices:
Detected SYCL devices:
Detected SYCL devices:
Detected SYCL devices:
  0. Tesla V100-SXM2-16GB(gpu)
Detected SYCL devices:
Detected SYCL devices:
Detected SYCL devices:
  1. Tesla V100-SXM2-16GB(gpu)
  1. Tesla V100-SXM2-16GB(gpu)
Detected SYCL devices:
  0. Tesla V100-SXM2-16GB(gpu)
  0. Tesla V100-SXM2-16GB(gpu)
  0. Tesla V100-SXM2-16GB(gpu)
  0. Tesla V100-SXM2-16GB(gpu)
  0. Tesla V100-SXM2-16GB(gpu)
  0. Tesla V100-SXM2-16GB(gpu)
Detected SYCL devices:
Detected SYCL devices:
Detected SYCL devices:
Detected SYCL devices:
Detected SYCL devices:
Detected SYCL devices:
Detected SYCL devices:
  0. Tesla V100-SXM2-16GB(gpu)
  2. Tesla V100-SXM2-16GB(gpu)
  2. Tesla V100-SXM2-16GB(gpu)
  2. Tesla V100-SXM2-16GB(gpu)
  0. Tesla V100-SXM2-16GB(gpu)
Detected SYCL devices:
Detected SYCL devices:
  0. Tesla V100-SXM2-16GB(gpu)
Detected SYCL devices:
Detected SYCL devices:
  0. Tesla V100-SXM2-16GB(gpu)
  0. Tesla V100-SXM2-16GB(gpu)
  0. Tesla V100-SXM2-16GB(gpu)
  0. Tesla V100-SXM2-16GB(gpu)
  0. Tesla V100-SXM2-16GB(gpu)
  0. Tesla V100-SXM2-16GB(gpu)
  0. Tesla V100-SXM2-16GB(gpu)
  0. Tesla V100-SXM2-16GB(gpu)
Detected SYCL devices:
  2. Tesla V100-SXM2-16GB(gpu)
  0. Tesla V100-SXM2-16GB(gpu)
  0. Tesla V100-SXM2-16GB(gpu)
  0. Tesla V100-SXM2-16GB(gpu)
  0. Tesla V100-SXM2-16GB(gpu)
  0. Tesla V100-SXM2-16GB(gpu)
  0. Tesla V100-SXM2-16GB(gpu)
  0. Tesla V100-SXM2-16GB(gpu)
  0. Tesla V100-SXM2-16GB(gpu)
  0. Tesla V100-SXM2-16GB(gpu)
Detected SYCL devices:
  0. Tesla V100-SXM2-16GB(gpu)
Detected SYCL devices:
  0. Tesla V100-SXM2-16GB(gpu)
  1. Tesla V100-SXM2-16GB(gpu)
  0. Tesla V100-SXM2-16GB(gpu)
  3. Tesla V100-SXM2-16GB(gpu)
  4. SYCL host device(host)
  3. Tesla V100-SXM2-16GB(gpu)
  4. SYCL host device(host)
  3. Tesla V100-SXM2-16GB(gpu)
  4. SYCL host device(host)
  3. Tesla V100-SXM2-16GB(gpu)
  4. SYCL host device(host)
  0. Tesla V100-SXM2-16GB(gpu)
  0. Tesla V100-SXM2-16GB(gpu)
  0. Tesla V100-SXM2-16GB(gpu)
  0. Tesla V100-SXM2-16GB(gpu)
  0. Tesla V100-SXM2-16GB(gpu)
  0. Tesla V100-SXM2-16GB(gpu)
  1. Tesla V100-SXM2-16GB(gpu)
  0. Tesla V100-SXM2-16GB(gpu)
  0. Tesla V100-SXM2-16GB(gpu)
  0. Tesla V100-SXM2-16GB(gpu)
  0. Tesla V100-SXM2-16GB(gpu)
  1. Tesla V100-SXM2-16GB(gpu)
  0. Tesla V100-SXM2-16GB(gpu)
  0. Tesla V100-SXM2-16GB(gpu)
  0. Tesla V100-SXM2-16GB(gpu)
Using SYCL device: Tesla V100-SXM2-16GB(gpu)
  1. Tesla V100-SXM2-16GB(gpu)
  1. Tesla V100-SXM2-16GB(gpu)
  1. Tesla V100-SXM2-16GB(gpu)
  1. Tesla V100-SXM2-16GB(gpu)
  0. Tesla V100-SXM2-16GB(gpu)
  0. Tesla V100-SXM2-16GB(gpu)
  0. Tesla V100-SXM2-16GB(gpu)
  0. Tesla V100-SXM2-16GB(gpu)
  0. Tesla V100-SXM2-16GB(gpu)
  0. Tesla V100-SXM2-16GB(gpu)
  0. Tesla V100-SXM2-16GB(gpu)
  1. Tesla V100-SXM2-16GB(gpu)
  0. Tesla V100-SXM2-16GB(gpu)
  1. Tesla V100-SXM2-16GB(gpu)
  1. Tesla V100-SXM2-16GB(gpu)
Using SYCL device: Tesla V100-SXM2-16GB(gpu)
Using SYCL device: Tesla V100-SXM2-16GB(gpu)
Using SYCL device: Tesla V100-SXM2-16GB(gpu)
  1. Tesla V100-SXM2-16GB(gpu)
  0. Tesla V100-SXM2-16GB(gpu)
  0. Tesla V100-SXM2-16GB(gpu)
  1. Tesla V100-SXM2-16GB(gpu)
  0. Tesla V100-SXM2-16GB(gpu)
  0. Tesla V100-SXM2-16GB(gpu)
  1. Tesla V100-SXM2-16GB(gpu)
  1. Tesla V100-SXM2-16GB(gpu)
  1. Tesla V100-SXM2-16GB(gpu)
  1. Tesla V100-SXM2-16GB(gpu)
  1. Tesla V100-SXM2-16GB(gpu)
  1. Tesla V100-SXM2-16GB(gpu)
  1. Tesla V100-SXM2-16GB(gpu)
  1. Tesla V100-SXM2-16GB(gpu)
  0. Tesla V100-SXM2-16GB(gpu)
  1. Tesla V100-SXM2-16GB(gpu)
  1. Tesla V100-SXM2-16GB(gpu)
  0. Tesla V100-SXM2-16GB(gpu)
  1. Tesla V100-SXM2-16GB(gpu)
  0. Tesla V100-SXM2-16GB(gpu)
  1. Tesla V100-SXM2-16GB(gpu)
  2. Tesla V100-SXM2-16GB(gpu)
  1. Tesla V100-SXM2-16GB(gpu)
  1. Tesla V100-SXM2-16GB(gpu)
  1. Tesla V100-SXM2-16GB(gpu)
  1. Tesla V100-SXM2-16GB(gpu)
  1. Tesla V100-SXM2-16GB(gpu)
  1. Tesla V100-SXM2-16GB(gpu)
  1. Tesla V100-SXM2-16GB(gpu)
  1. Tesla V100-SXM2-16GB(gpu)
  1. Tesla V100-SXM2-16GB(gpu)
  1. Tesla V100-SXM2-16GB(gpu)
  1. Tesla V100-SXM2-16GB(gpu)
  1. Tesla V100-SXM2-16GB(gpu)
  1. Tesla V100-SXM2-16GB(gpu)
  1. Tesla V100-SXM2-16GB(gpu)
  2. Tesla V100-SXM2-16GB(gpu)
  1. Tesla V100-SXM2-16GB(gpu)
  1. Tesla V100-SXM2-16GB(gpu)
  1. Tesla V100-SXM2-16GB(gpu)
  1. Tesla V100-SXM2-16GB(gpu)
  2. Tesla V100-SXM2-16GB(gpu)
  1. Tesla V100-SXM2-16GB(gpu)
  1. Tesla V100-SXM2-16GB(gpu)
  1. Tesla V100-SXM2-16GB(gpu)
  1. Tesla V100-SXM2-16GB(gpu)
  1. Tesla V100-SXM2-16GB(gpu)
  1. Tesla V100-SXM2-16GB(gpu)
  1. Tesla V100-SXM2-16GB(gpu)
  1. Tesla V100-SXM2-16GB(gpu)
  1. Tesla V100-SXM2-16GB(gpu)
  2. Tesla V100-SXM2-16GB(gpu)
  1. Tesla V100-SXM2-16GB(gpu)
  2. Tesla V100-SXM2-16GB(gpu)
  2. Tesla V100-SXM2-16GB(gpu)
  2. Tesla V100-SXM2-16GB(gpu)
  2. Tesla V100-SXM2-16GB(gpu)
  2. Tesla V100-SXM2-16GB(gpu)
  2. Tesla V100-SXM2-16GB(gpu)
  1. Tesla V100-SXM2-16GB(gpu)
  2. Tesla V100-SXM2-16GB(gpu)
  1. Tesla V100-SXM2-16GB(gpu)
  1. Tesla V100-SXM2-16GB(gpu)
  2. Tesla V100-SXM2-16GB(gpu)
  2. Tesla V100-SXM2-16GB(gpu)
  2. Tesla V100-SXM2-16GB(gpu)
  2. Tesla V100-SXM2-16GB(gpu)
  2. Tesla V100-SXM2-16GB(gpu)
  2. Tesla V100-SXM2-16GB(gpu)
  2. Tesla V100-SXM2-16GB(gpu)
  2. Tesla V100-SXM2-16GB(gpu)
  1. Tesla V100-SXM2-16GB(gpu)
  2. Tesla V100-SXM2-16GB(gpu)
  1. Tesla V100-SXM2-16GB(gpu)
  1. Tesla V100-SXM2-16GB(gpu)
  2. Tesla V100-SXM2-16GB(gpu)
  2. Tesla V100-SXM2-16GB(gpu)
  2. Tesla V100-SXM2-16GB(gpu)
  2. Tesla V100-SXM2-16GB(gpu)
  2. Tesla V100-SXM2-16GB(gpu)
  2. Tesla V100-SXM2-16GB(gpu)
  1. Tesla V100-SXM2-16GB(gpu)
  2. Tesla V100-SXM2-16GB(gpu)
  1. Tesla V100-SXM2-16GB(gpu)
  2. Tesla V100-SXM2-16GB(gpu)
  3. Tesla V100-SXM2-16GB(gpu)
  4. SYCL host device(host)
  2. Tesla V100-SXM2-16GB(gpu)
  2. Tesla V100-SXM2-16GB(gpu)
  2. Tesla V100-SXM2-16GB(gpu)
  2. Tesla V100-SXM2-16GB(gpu)
  2. Tesla V100-SXM2-16GB(gpu)
  2. Tesla V100-SXM2-16GB(gpu)
  2. Tesla V100-SXM2-16GB(gpu)
  2. Tesla V100-SXM2-16GB(gpu)
  2. Tesla V100-SXM2-16GB(gpu)
  2. Tesla V100-SXM2-16GB(gpu)
  2. Tesla V100-SXM2-16GB(gpu)
  2. Tesla V100-SXM2-16GB(gpu)
  3. Tesla V100-SXM2-16GB(gpu)
  4. SYCL host device(host)
  2. Tesla V100-SXM2-16GB(gpu)
  2. Tesla V100-SXM2-16GB(gpu)
  2. Tesla V100-SXM2-16GB(gpu)
  2. Tesla V100-SXM2-16GB(gpu)
  3. Tesla V100-SXM2-16GB(gpu)
  4. SYCL host device(host)
  2. Tesla V100-SXM2-16GB(gpu)
  2. Tesla V100-SXM2-16GB(gpu)
  2. Tesla V100-SXM2-16GB(gpu)
  2. Tesla V100-SXM2-16GB(gpu)
  2. Tesla V100-SXM2-16GB(gpu)
  2. Tesla V100-SXM2-16GB(gpu)
  3. Tesla V100-SXM2-16GB(gpu)
  4. SYCL host device(host)
  2. Tesla V100-SXM2-16GB(gpu)
  3. Tesla V100-SXM2-16GB(gpu)
  4. SYCL host device(host)
  3. Tesla V100-SXM2-16GB(gpu)
  4. SYCL host device(host)
  3. Tesla V100-SXM2-16GB(gpu)
  4. SYCL host device(host)
  3. Tesla V100-SXM2-16GB(gpu)
  4. SYCL host device(host)
  3. Tesla V100-SXM2-16GB(gpu)
  4. SYCL host device(host)
  3. Tesla V100-SXM2-16GB(gpu)
  4. SYCL host device(host)
  2. Tesla V100-SXM2-16GB(gpu)
  2. Tesla V100-SXM2-16GB(gpu)
  3. Tesla V100-SXM2-16GB(gpu)
  4. SYCL host device(host)
  3. Tesla V100-SXM2-16GB(gpu)
  4. SYCL host device(host)
  3. Tesla V100-SXM2-16GB(gpu)
  4. SYCL host device(host)
  2. Tesla V100-SXM2-16GB(gpu)
  3. Tesla V100-SXM2-16GB(gpu)
  4. SYCL host device(host)
  2. Tesla V100-SXM2-16GB(gpu)
  2. Tesla V100-SXM2-16GB(gpu)
  3. Tesla V100-SXM2-16GB(gpu)
  4. SYCL host device(host)
  2. Tesla V100-SXM2-16GB(gpu)
  2. Tesla V100-SXM2-16GB(gpu)
  3. Tesla V100-SXM2-16GB(gpu)
  4. SYCL host device(host)
  3. Tesla V100-SXM2-16GB(gpu)
  4. SYCL host device(host)
  3. Tesla V100-SXM2-16GB(gpu)
  4. SYCL host device(host)
  3. Tesla V100-SXM2-16GB(gpu)
  4. SYCL host device(host)
  3. Tesla V100-SXM2-16GB(gpu)
  4. SYCL host device(host)
  3. Tesla V100-SXM2-16GB(gpu)
  4. SYCL host device(host)
Using SYCL device: Tesla V100-SXM2-16GB(gpu)
  3. Tesla V100-SXM2-16GB(gpu)
  4. SYCL host device(host)
  3. Tesla V100-SXM2-16GB(gpu)
  4. SYCL host device(host)
  3. Tesla V100-SXM2-16GB(gpu)
  4. SYCL host device(host)
  3. Tesla V100-SXM2-16GB(gpu)
  4. SYCL host device(host)
  3. Tesla V100-SXM2-16GB(gpu)
  4. SYCL host device(host)
  3. Tesla V100-SXM2-16GB(gpu)
  4. SYCL host device(host)
  3. Tesla V100-SXM2-16GB(gpu)
  4. SYCL host device(host)
  3. Tesla V100-SXM2-16GB(gpu)
  4. SYCL host device(host)
  3. Tesla V100-SXM2-16GB(gpu)
  4. SYCL host device(host)
  3. Tesla V100-SXM2-16GB(gpu)
  4. SYCL host device(host)
  2. Tesla V100-SXM2-16GB(gpu)
  3. Tesla V100-SXM2-16GB(gpu)
  4. SYCL host device(host)
  2. Tesla V100-SXM2-16GB(gpu)
  3. Tesla V100-SXM2-16GB(gpu)
  4. SYCL host device(host)
  3. Tesla V100-SXM2-16GB(gpu)
  4. SYCL host device(host)
  3. Tesla V100-SXM2-16GB(gpu)
  4. SYCL host device(host)
  3. Tesla V100-SXM2-16GB(gpu)
  4. SYCL host device(host)
  3. Tesla V100-SXM2-16GB(gpu)
  4. SYCL host device(host)
  3. Tesla V100-SXM2-16GB(gpu)
  4. SYCL host device(host)
Using SYCL device: Tesla V100-SXM2-16GB(gpu)
  3. Tesla V100-SXM2-16GB(gpu)
  4. SYCL host device(host)
  3. Tesla V100-SXM2-16GB(gpu)
  4. SYCL host device(host)
  3. Tesla V100-SXM2-16GB(gpu)
  4. SYCL host device(host)
  3. Tesla V100-SXM2-16GB(gpu)
  4. SYCL host device(host)
Using SYCL device: Tesla V100-SXM2-16GB(gpu)
  3. Tesla V100-SXM2-16GB(gpu)
  4. SYCL host device(host)
  3. Tesla V100-SXM2-16GB(gpu)
  4. SYCL host device(host)
  3. Tesla V100-SXM2-16GB(gpu)
  4. SYCL host device(host)
  3. Tesla V100-SXM2-16GB(gpu)
  4. SYCL host device(host)
  3. Tesla V100-SXM2-16GB(gpu)
  4. SYCL host device(host)
  3. Tesla V100-SXM2-16GB(gpu)
  4. SYCL host device(host)
  3. Tesla V100-SXM2-16GB(gpu)
  4. SYCL host device(host)
  3. Tesla V100-SXM2-16GB(gpu)
  4. SYCL host device(host)
  3. Tesla V100-SXM2-16GB(gpu)
  4. SYCL host device(host)
Using SYCL device: Tesla V100-SXM2-16GB(gpu)
  3. Tesla V100-SXM2-16GB(gpu)
  4. SYCL host device(host)
Using SYCL device: Tesla V100-SXM2-16GB(gpu)
Using SYCL device: Tesla V100-SXM2-16GB(gpu)
Using SYCL device: Tesla V100-SXM2-16GB(gpu)
Using SYCL device: Tesla V100-SXM2-16GB(gpu)
Using SYCL device: Tesla V100-SXM2-16GB(gpu)
Using SYCL device: Tesla V100-SXM2-16GB(gpu)
  3. Tesla V100-SXM2-16GB(gpu)
  4. SYCL host device(host)
Using SYCL device: Tesla V100-SXM2-16GB(gpu)
Using SYCL device: Tesla V100-SXM2-16GB(gpu)
Using SYCL device: Tesla V100-SXM2-16GB(gpu)
Using SYCL device: Tesla V100-SXM2-16GB(gpu)
  3. Tesla V100-SXM2-16GB(gpu)
  4. SYCL host device(host)
Using SYCL device: Tesla V100-SXM2-16GB(gpu)
  3. Tesla V100-SXM2-16GB(gpu)
  4. SYCL host device(host)
  3. Tesla V100-SXM2-16GB(gpu)
  4. SYCL host device(host)
Using SYCL device: Tesla V100-SXM2-16GB(gpu)
  3. Tesla V100-SXM2-16GB(gpu)
  4. SYCL host device(host)
  3. Tesla V100-SXM2-16GB(gpu)
  4. SYCL host device(host)
Using SYCL device: Tesla V100-SXM2-16GB(gpu)
Using SYCL device: Tesla V100-SXM2-16GB(gpu)
Using SYCL device: Tesla V100-SXM2-16GB(gpu)
Using SYCL device: Tesla V100-SXM2-16GB(gpu)
Using SYCL device: Tesla V100-SXM2-16GB(gpu)
Using SYCL device: Tesla V100-SXM2-16GB(gpu)
  3. Tesla V100-SXM2-16GB(gpu)
  4. SYCL host device(host)
Using SYCL device: Tesla V100-SXM2-16GB(gpu)
  3. Tesla V100-SXM2-16GB(gpu)
  4. SYCL host device(host)
Using SYCL device: Tesla V100-SXM2-16GB(gpu)
Using SYCL device: Tesla V100-SXM2-16GB(gpu)
Using SYCL device: Tesla V100-SXM2-16GB(gpu)
Using SYCL device: Tesla V100-SXM2-16GB(gpu)
Using SYCL device: Tesla V100-SXM2-16GB(gpu)
Using SYCL device: Tesla V100-SXM2-16GB(gpu)
Using SYCL device: Tesla V100-SXM2-16GB(gpu)
Using SYCL device: Tesla V100-SXM2-16GB(gpu)
Using SYCL device: Tesla V100-SXM2-16GB(gpu)
Using SYCL device: Tesla V100-SXM2-16GB(gpu)
Using SYCL device: Tesla V100-SXM2-16GB(gpu)
Using SYCL device: Tesla V100-SXM2-16GB(gpu)
Using SYCL device: Tesla V100-SXM2-16GB(gpu)
Using SYCL device: Tesla V100-SXM2-16GB(gpu)
Using SYCL device: Tesla V100-SXM2-16GB(gpu)
Using SYCL device: Tesla V100-SXM2-16GB(gpu)
Using SYCL device: Tesla V100-SXM2-16GB(gpu)
Using SYCL device: Tesla V100-SXM2-16GB(gpu)
Using SYCL device: Tesla V100-SXM2-16GB(gpu)
Using SYCL device: Tesla V100-SXM2-16GB(gpu)
Using SYCL device: Tesla V100-SXM2-16GB(gpu)
Using SYCL device: Tesla V100-SXM2-16GB(gpu)
Using SYCL device: Tesla V100-SXM2-16GB(gpu)
Using SYCL device: Tesla V100-SXM2-16GB(gpu)
Using SYCL device: Tesla V100-SXM2-16GB(gpu)
Using SYCL device: Tesla V100-SXM2-16GB(gpu)
Using SYCL device: Tesla V100-SXM2-16GB(gpu)
Using SYCL device: Tesla V100-SXM2-16GB(gpu)
Using SYCL device: Tesla V100-SXM2-16GB(gpu)
Using SYCL device: Tesla V100-SXM2-16GB(gpu)
Using SYCL device: Tesla V100-SXM2-16GB(gpu)
Using SYCL device: Tesla V100-SXM2-16GB(gpu)
Using SYCL device: Tesla V100-SXM2-16GB(gpu)
Using SYCL device: Tesla V100-SXM2-16GB(gpu)
Using SYCL device: Tesla V100-SXM2-16GB(gpu)
Using SYCL device: Tesla V100-SXM2-16GB(gpu)
Using SYCL device: Tesla V100-SXM2-16GB(gpu)

















































































































































































































































































































































































































































































































































































































































































































































































































































































































































































Launching hydro
Launching hydro
Launching hydro
Launching hydro
Launching hydro
Launching hydro
Launching hydro
Launching hydro
Launching hydro
Launching hydro
Launching hydro
Launching hydro
Launching hydro
Launching hydro
Launching hydro
Launching hydro
Launching hydro
Launching hydro
Launching hydro
Launching hydro
Launching hydro
Launching hydro
Launching hydro
Launching hydro
Launching hydro
Launching hydro
Launching hydro
Launching hydro
Launching hydro
Launching hydro
Launching hydro
Launching hydro
Launching hydro
Launching hydro
Launching hydro
Launching hydro
Launching hydro
Launching hydro
Launching hydro
Launching hydro
Launching hydro
Launching hydro
Launching hydro
Launching hydro
Launching hydro
Launching hydro
Launching hydro
Launching hydro
Launching hydro
Launching hydro
Launching hydro
Launching hydro
Launching hydro
Launching hydro
Launching hydro
Launching hydro
Launching hydro
Launching hydro
Launching hydro
Launching hydro
Launching hydro
Launching hydro
Launching hydro
Launching hydro
 Step 1 time 0 control sound timestep  9.62904e-05 1,1 x 1.73837e-310 y 6.95334e-310
Wall clock 10.3567
Average time per cell 5.4872e-09
Step time per cell    5.4872e-09
 Step 2 time 9.62904e-05 control sound timestep  8.01387e-05 1,1 x 0 y 6.95334e-310
Wall clock 21.8776
Average time per cell 5.79558e-09
Step time per cell    6.10312e-09
 Step 3 time 0.000176429 control sound timestep  7.02273e-05 1,1 x 0 y 6.95334e-310
Wall clock 33.9853
Average time per cell 6.00202e-09
Step time per cell    6.4133e-09
 Step 4 time 0.000246656 control sound timestep  6.40743e-05 1,1 x 0 y 6.95334e-310
Wall clock 45.91
Average time per cell 6.081e-09
Step time per cell    6.31648e-09
 Step 5 time 0.000310731 control sound timestep  6.80221e-05 1,1 x 0 y 6.95334e-310
Wall clock 57.4101
Average time per cell 6.08339e-09
Step time per cell    6.09185e-09
 Step 6 time 0.000378753 control sound timestep  6.36199e-05 1,1 x 0 y 6.95334e-310
Wall clock 69.6552
Average time per cell 6.15078e-09
Step time per cell    6.48625e-09
 Step 7 time 0.000442373 control sound timestep  6.38615e-05 1,1 x 0 y 6.95334e-310
Wall clock 81.6891
Average time per cell 6.18292e-09
Step time per cell    6.37454e-09
 Step 8 time 0.000506234 control sound timestep  6.48068e-05 1,1 x 0 y 6.95334e-310
Wall clock 92.8111
Average time per cell 6.14664e-09
Step time per cell    5.8915e-09
 Step 9 time 0.000571041 control sound timestep  6.4995e-05 1,1 x 0 y 6.95334e-310
Wall clock 105.246
Average time per cell 6.19571e-09
Step time per cell    6.58624e-09
 Step 10 time 0.000636036 control sound timestep  6.52278e-05 1,1 x 0 y 6.95334e-310
Wall clock 118.948
Average time per cell 6.3021e-09
Step time per cell    7.25817e-09
 Step 11 time 0.000701264 control sound timestep  6.54562e-05 1,1 x 0 y 6.95334e-310
Wall clock 129.152
Average time per cell 6.22068e-09
Step time per cell    5.4064e-09
 Step 12 time 0.00076672 control sound timestep  6.64336e-05 1,1 x 0 y 6.95334e-310
Wall clock 141.16
Average time per cell 6.23245e-09
Step time per cell    6.36099e-09
 Step 13 time 0.000833153 control sound timestep  6.74246e-05 1,1 x 0 y 6.95334e-310
Wall clock 153.378
Average time per cell 6.25097e-09
Step time per cell    6.47228e-09
 Step 14 time 0.000900578 control sound timestep  6.81204e-05 1,1 x 0 y 6.95334e-310
Wall clock 164.914
Average time per cell 6.24106e-09
Step time per cell    6.11126e-09
 Step 15 time 0.000968698 control sound timestep  6.81365e-05 1,1 x 0 y 6.95334e-310
Wall clock 176.625
Average time per cell 6.23861e-09
Step time per cell    6.20295e-09
 Step 16 time 0.00103683 control sound timestep  6.7878e-05 1,1 x 0 y 6.95334e-310
Wall clock 188.547
Average time per cell 6.24349e-09
Step time per cell    6.31586e-09
 Step 17 time 0.00110471 control sound timestep  6.78877e-05 1,1 x 0 y 6.95334e-310
Wall clock 200.355
Average time per cell 6.24424e-09
Step time per cell    6.25548e-09
 Step 18 time 0.0011726 control sound timestep  6.80467e-05 1,1 x 0 y 6.95334e-310
Wall clock 212.715
Average time per cell 6.26113e-09
Step time per cell    6.54606e-09
 Step 19 time 0.00124065 control sound timestep  6.83728e-05 1,1 x 0 y 6.95334e-310
Wall clock 224.527
Average time per cell 6.26098e-09
Step time per cell    6.25718e-09
 Step 20 time 0.00130902 control sound timestep  6.86731e-05 1,1 x 0 y 6.95334e-310
Wall clock 238.265
Average time per cell 6.31187e-09
Step time per cell    7.27758e-09
 Step 21 time 0.00137769 control sound timestep  6.8447e-05 1,1 x 0 y 6.95334e-310
Wall clock 248.531
Average time per cell 6.2703e-09
Step time per cell    5.43884e-09
 Step 22 time 0.00144614 control sound timestep  6.82499e-05 1,1 x 0 y 6.95334e-310
Wall clock 260.024
Average time per cell 6.26209e-09
Step time per cell    6.08869e-09
 Step 23 time 0.00151439 control sound timestep  6.81922e-05 1,1 x 0 y 6.95334e-310
Wall clock 271.913
Average time per cell 6.26368e-09
Step time per cell    6.29775e-09
 Step 24 time 0.00158258 control sound timestep  6.82231e-05 1,1 x 0 y 6.95334e-310
Wall clock 283.598
Average time per cell 6.26066e-09
Step time per cell    6.19025e-09
 Step 25 time 0.00165081 control sound timestep  6.83771e-05 1,1 x 0 y 6.95334e-310
Wall clock 295.526
Average time per cell 6.26302e-09
Step time per cell    6.31865e-09
 Step 26 time 0.00171918 control sound timestep  6.85233e-05 1,1 x 0 y 6.95334e-310
Wall clock 307.286
Average time per cell 6.26178e-09
Step time per cell    6.22955e-09
 Step 27 time 0.00178771 control sound timestep  6.8478e-05 1,1 x 0 y 6.95334e-310
Wall clock 319.168
Average time per cell 6.263e-09
Step time per cell    6.29394e-09
 Step 28 time 0.00185618 control sound timestep  6.83625e-05 1,1 x 0 y 6.95334e-310
Wall clock 330.795
Average time per cell 6.25933e-09
Step time per cell    6.1593e-09
 Step 29 time 0.00192455 control sound timestep  6.83082e-05 1,1 x 0 y 6.95334e-310
Wall clock 342.914
Average time per cell 6.26492e-09
Step time per cell    6.42026e-09
 Step 30 time 0.00199285 control sound timestep  6.83024e-05 1,1 x 0 y 6.95334e-310
Wall clock 356.958
Average time per cell 6.30411e-09
Step time per cell    7.4393e-09
 Step 31 time 0.00206116 control sound timestep  6.83616e-05 1,1 x 0 y 6.95334e-310
Wall clock 367.381
Average time per cell 6.27889e-09
Step time per cell    5.52233e-09
 Step 32 time 0.00212952 control sound timestep  6.8441e-05 1,1 x 0 y 6.95334e-310
Wall clock 379.231
Average time per cell 6.27888e-09
Step time per cell    6.27721e-09
 Step 33 time 0.00219796 control sound timestep  6.84583e-05 1,1 x 0 y 6.95334e-310
Wall clock 391.167
Average time per cell 6.28024e-09
Step time per cell    6.32293e-09
 Step 34 time 0.00226642 control sound timestep  6.83879e-05 1,1 x 0 y 6.95334e-310
Wall clock 402.874
Average time per cell 6.27796e-09
Step time per cell    6.20167e-09
 Step 35 time 0.00233481 control sound timestep  6.83498e-05 1,1 x 0 y 6.95334e-310
Wall clock 414.901
Average time per cell 6.28064e-09
Step time per cell    6.37082e-09
 Step 36 time 0.00240316 control sound timestep  6.83463e-05 1,1 x 0 y 6.95334e-310
Wall clock 426.913
Average time per cell 6.28297e-09
Step time per cell    6.36353e-09
 Step 37 time 0.0024715 control sound timestep  6.83751e-05 1,1 x 0 y 6.95334e-310
Wall clock 439.095
Average time per cell 6.28759e-09
Step time per cell    6.45266e-09
 Step 38 time 0.00253988 control sound timestep  6.8424e-05 1,1 x 0 y 6.95334e-310
Wall clock 450.842
Average time per cell 6.28592e-09
Step time per cell    6.22321e-09
 Step 39 time 0.0026083 control sound timestep  6.84416e-05 1,1 x 0 y 6.95334e-310
Wall clock 462.915
Average time per cell 6.28875e-09
Step time per cell    6.39543e-09
 Step 40 time 0.00267674 control sound timestep  6.8397e-05 1,1 x 0 y 6.95334e-310
Wall clock 476.616
Average time per cell 6.31301e-09
Step time per cell    7.25807e-09
 Step 41 time 0.00274514 control sound timestep  6.8371e-05 1,1 x 0 y 6.95334e-310
Wall clock 486.633
Average time per cell 6.28848e-09
Step time per cell    5.30719e-09
 Step 42 time 0.00281351 control sound timestep  6.83686e-05 1,1 x 0 y 6.95334e-310
Wall clock 498.256
Average time per cell 6.28537e-09
Step time per cell    6.15651e-09
 Step 43 time 0.00288188 control sound timestep  6.83878e-05 1,1 x 0 y 6.95334e-310
Wall clock 510.532
Average time per cell 6.29045e-09
Step time per cell    6.50253e-09
 Step 44 time 0.00295027 control sound timestep  6.84205e-05 1,1 x 0 y 6.95334e-310
Wall clock 522.67
Average time per cell 6.29365e-09
Step time per cell    6.42956e-09
 Step 45 time 0.00301869 control sound timestep  6.84298e-05 1,1 x 0 y 6.95334e-310
Wall clock 534.054
Average time per cell 6.28782e-09
Step time per cell    6.02971e-09
 Step 46 time 0.00308712 control sound timestep  6.84003e-05 1,1 x 0 y 6.95334e-310
Wall clock 545.93
Average time per cell 6.28792e-09
Step time per cell    6.29162e-09
 Step 47 time 0.00315552 control sound timestep  6.83813e-05 1,1 x 0 y 6.95334e-310
Wall clock 557.693
Average time per cell 6.28673e-09
Step time per cell    6.23111e-09
 Step 48 time 0.0032239 control sound timestep  6.83783e-05 1,1 x 0 y 6.95334e-310
Wall clock 569.32
Average time per cell 6.28409e-09
Step time per cell    6.15866e-09
 Step 49 time 0.00329228 control sound timestep  6.83956e-05 1,1 x 0 y 6.95334e-310
Wall clock 581.861
Average time per cell 6.29145e-09
Step time per cell    6.64386e-09
 Step 50 time 0.00336067 control sound timestep  6.84174e-05 1,1 x 0 y 6.95334e-310
Wall clock 595.475
Average time per cell 6.30988e-09
Step time per cell    7.21142e-09
 Step 51 time 0.00342909 control sound timestep  6.84255e-05 1,1 x 0 y 6.95334e-310
Wall clock 605.769
Average time per cell 6.2931e-09
Step time per cell    5.45372e-09
 Step 52 time 0.00349752 control sound timestep  6.84006e-05 1,1 x 0 y 6.95334e-310
Wall clock 617.26
Average time per cell 6.28916e-09
Step time per cell    6.08649e-09
 Step 53 time 0.00356592 control sound timestep  6.83863e-05 1,1 x 0 y 6.95334e-310
Wall clock 628.918
Average time per cell 6.28703e-09
Step time per cell    6.17524e-09
 Step 54 time 0.0036343 control sound timestep  6.83851e-05 1,1 x 0 y 6.95334e-310
Wall clock 641.15
Average time per cell 6.29062e-09
Step time per cell    6.4799e-09
 Step 55 time 0.00370269 control sound timestep  6.83991e-05 1,1 x 0 y 6.95334e-310
Wall clock 652.711
Average time per cell 6.28761e-09
Step time per cell    6.12329e-09
 Step 56 time 0.00377109 control sound timestep  6.84176e-05 1,1 x 0 y 6.95334e-310
Wall clock 665.123
Average time per cell 6.29277e-09
Step time per cell    6.57462e-09
 Step 57 time 0.0038395 control sound timestep  6.84209e-05 1,1 x 0 y 6.95334e-310
Wall clock 676.98
Average time per cell 6.29258e-09
Step time per cell    6.2805e-09
 Step 58 time 0.00390792 control sound timestep  6.84006e-05 1,1 x 0 y 6.95334e-310
Wall clock 688.634
Average time per cell 6.29054e-09
Step time per cell    6.17284e-09
 Step 59 time 0.00397633 control sound timestep  6.83886e-05 1,1 x 0 y 6.95334e-310
Wall clock 700.497
Average time per cell 6.29045e-09
Step time per cell    6.28397e-09
 Step 60 time 0.00404471 control sound timestep  6.83886e-05 1,1 x 0 y 6.95334e-310
Wall clock 714.368
Average time per cell 6.3081e-09
Step time per cell    7.34812e-09
 Step 61 time 0.0041131 control sound timestep  6.83999e-05 1,1 x 0 y 6.95334e-310
Wall clock 724.69
Average time per cell 6.29434e-09
Step time per cell    5.46891e-09
 Step 62 time 0.0041815 control sound timestep  6.84165e-05 1,1 x 0 y 6.95334e-310
Wall clock 736.767
Average time per cell 6.29602e-09
Step time per cell    6.39579e-09
 Step 63 time 0.00424992 control sound timestep  6.84182e-05 1,1 x 0 y 6.95334e-310
Wall clock 748.708
Average time per cell 6.2965e-09
Step time per cell    6.32524e-09
 Step 64 time 0.00431834 control sound timestep  6.84028e-05 1,1 x 0 y 6.95334e-310
Wall clock 760.54
Average time per cell 6.29607e-09
Step time per cell    6.26745e-09
 Step 65 time 0.00438674 control sound timestep  6.83924e-05 1,1 x 0 y 6.95334e-310
Wall clock 772.406
Average time per cell 6.29593e-09
Step time per cell    6.28598e-09
 Step 66 time 0.00445513 control sound timestep  6.83939e-05 1,1 x 0 y 6.95334e-310
Wall clock 784.378
Average time per cell 6.29665e-09
Step time per cell    6.34243e-09
 Step 67 time 0.00452353 control sound timestep  6.84022e-05 1,1 x 0 y 6.95334e-310
Wall clock 796.295
Average time per cell 6.2969e-09
Step time per cell    6.31258e-09
 Step 68 time 0.00459193 control sound timestep  6.84156e-05 1,1 x 0 y 6.95334e-310
Wall clock 808.104
Average time per cell 6.29631e-09
Step time per cell    6.25515e-09
 Step 69 time 0.00466034 control sound timestep  6.84126e-05 1,1 x 0 y 6.95334e-310
Wall clock 820.135
Average time per cell 6.29744e-09
Step time per cell    6.37278e-09
 Step 70 time 0.00472876 control sound timestep  6.84001e-05 1,1 x 0 y 6.95334e-310
Wall clock 834.228
Average time per cell 6.31414e-09
Step time per cell    7.46512e-09
 Step 71 time 0.00479716 control sound timestep  6.83932e-05 1,1 x 0 y 6.95334e-310
Wall clock 844.217
Average time per cell 6.29975e-09
Step time per cell    5.29249e-09
 Step 72 time 0.00486555 control sound timestep  6.83948e-05 1,1 x 0 y 6.95334e-310
Wall clock 856.24
Average time per cell 6.30073e-09
Step time per cell    6.36834e-09
 Step 73 time 0.00493394 control sound timestep  6.84009e-05 1,1 x 0 y 6.95334e-310
Wall clock 867.713
Average time per cell 6.29769e-09
Step time per cell    6.07763e-09
 Step 74 time 0.00500235 control sound timestep  6.84132e-05 1,1 x 0 y 6.95334e-310
Wall clock 879.479
Average time per cell 6.29682e-09
Step time per cell    6.23143e-09
 Step 75 time 0.00507076 control sound timestep  6.84094e-05 1,1 x 0 y 6.95334e-310
Wall clock 891.285
Average time per cell 6.29626e-09
Step time per cell    6.25411e-09
 Step 76 time 0.00513917 control sound timestep  6.83972e-05 1,1 x 0 y 6.95334e-310
Wall clock 903.127
Average time per cell 6.29597e-09
Step time per cell    6.27165e-09
 Step 77 time 0.00520757 control sound timestep  6.83916e-05 1,1 x 0 y 6.95334e-310
Wall clock 915.107
Average time per cell 6.29664e-09
Step time per cell    6.34563e-09
 Step 78 time 0.00527596 control sound timestep  6.83935e-05 1,1 x 0 y 6.95334e-310
Wall clock 927.088
Average time per cell 6.29729e-09
Step time per cell    6.34536e-09
 Step 79 time 0.00534435 control sound timestep  6.84011e-05 1,1 x 0 y 6.95334e-310
Wall clock 938.735
Average time per cell 6.29569e-09
Step time per cell    6.16924e-09
 Step 80 time 0.00541275 control sound timestep  6.84123e-05 1,1 x 0 y 6.95334e-310
Wall clock 953.28
Average time per cell 6.31332e-09
Step time per cell    7.70444e-09
 Step 81 time 0.00548116 control sound timestep  6.84103e-05 1,1 x 0 y 6.95334e-310
Wall clock 963.505
Average time per cell 6.30226e-09
Step time per cell    5.41725e-09
 Step 82 time 0.00554957 control sound timestep  6.83986e-05 1,1 x 0 y 6.95334e-310
Wall clock 975.398
Average time per cell 6.30225e-09
Step time per cell    6.29893e-09
 Step 83 time 0.00561797 control sound timestep  6.83939e-05 1,1 x 0 y 6.95334e-310
Wall clock 986.888
Average time per cell 6.29966e-09
Step time per cell    6.08558e-09
 Step 84 time 0.00568637 control sound timestep  6.83954e-05 1,1 x 0 y 6.95334e-310
Wall clock 998.958
Average time per cell 6.3008e-09
Step time per cell    6.39289e-09
 Step 85 time 0.00575476 control sound timestep  6.8401e-05 1,1 x 0 y 6.95334e-310
Wall clock 1010.91
Average time per cell 6.30116e-09
Step time per cell    6.33002e-09
 Step 86 time 0.00582316 control sound timestep  6.84107e-05 1,1 x 0 y 6.95334e-310
Wall clock 1022.75
Average time per cell 6.30081e-09
Step time per cell    6.26971e-09
 Step 87 time 0.00589157 control sound timestep  6.84078e-05 1,1 x 0 y 6.95334e-310
Wall clock 1036.57
First step overhead 0
Node name: r227n02, rank: 39, local_rank: 3, device_energy_consumption [J]: 10607.5
Node name: r209n19, rank: 7, local_rank: 3, device_energy_consumption [J]: 21978.6
Node name: r239n15, rank: 45, local_rank: 1, device_energy_consumption [J]: 12748.2
Node name: r253n08, rank: 62, local_rank: 2, device_energy_consumption [J]: 20025.1
Node name: r227n02, rank: 38, local_rank: 2, device_energy_consumption [J]: 10089.9
Node name: r209n19, rank: 4, local_rank: 0, device_energy_consumption [J]: 20446.7
Node name: r247n01, rank: 53, local_rank: 1, device_energy_consumption [J]: 13050
Node name: r227n02, rank: 36, local_rank: 0, device_energy_consumption [J]: 10287.4
Node name: r223n09, rank: 31, local_rank: 3, device_energy_consumption [J]: 14198.7
Node name: r209n19, rank: 6, local_rank: 2, device_energy_consumption [J]: 20339.5
Node name: r247n01, rank: 54, local_rank: 2, device_energy_consumption [J]: 12885.2
Node name: r219n16, rank: 20, local_rank: 0, device_energy_consumption [J]: 13581.5
Node name: r239n15, rank: 46, local_rank: 2, device_energy_consumption [J]: 12658.7
Node name: r253n08, rank: 63, local_rank: 3, device_energy_consumption [J]: 21451.3
Node name: r227n02, rank: 37, local_rank: 1, device_energy_consumption [J]: 10162.5
Node name: r215n15, rank: 13, local_rank: 1, device_energy_consumption [J]: 12939.4
Node name: r213n07, rank: 9, local_rank: 1, device_energy_consumption [J]: 13585.3
Node name: r209n19, rank: 5, local_rank: 1, device_energy_consumption [J]: 20298.7
Node name: r247n01, rank: 52, local_rank: 0, device_energy_consumption [J]: 13297.3
Node name: r219n16, rank: 22, local_rank: 2, device_energy_consumption [J]: 13471.4
Node name: r239n15, rank: 47, local_rank: 3, device_energy_consumption [J]: 13556.6
Node name: r253n08, rank: 61, local_rank: 1, device_energy_consumption [J]: 20140.3
Node name: r217n05, rank: 16, local_rank: 0, device_energy_consumption [J]: 13713.1
Node name: r223n09, rank: 30, local_rank: 2, device_energy_consumption [J]: 13023.4
Node name: r207n02, rank: 2, local_rank: 2, device_energy_consumption [J]: 18470.4
Node name: r207n02, rank: 1, local_rank: 1, device_energy_consumption [J]: 18450.5
Node name: r207n02, rank: 3, local_rank: 3, device_energy_consumption [J]: 18515.9
Node name: r207n02, rank: 0, local_rank: 0, device_energy_consumption [J]: 20004.2
Node name: r247n01, rank: 55, local_rank: 3, device_energy_consumption [J]: 13477.2
Node name: r219n16, rank: 21, local_rank: 1, device_energy_consumption [J]: 13446.5
Node name: r239n15, rank: 44, local_rank: 0, device_energy_consumption [J]: 13191
Node name: r253n08, rank: 60, local_rank: 0, device_energy_consumption [J]: 20503.6
Node name: r217n05, rank: 17, local_rank: 1, device_energy_consumption [J]: 12545.1
Node name: r223n09, rank: 28, local_rank: 0, device_energy_consumption [J]: 13192.2
Node name: r249n03, rank: 58, local_rank: 2, device_energy_consumption [J]: 17231.6
Node name: r245n08, rank: 50, local_rank: 2, device_energy_consumption [J]: 10113.1
Node name: r221n05, rank: 27, local_rank: 3, device_energy_consumption [J]: 10958
Node name: r215n15, rank: 15, local_rank: 3, device_energy_consumption [J]: 13681.2
Node name: r213n07, rank: 8, local_rank: 0, device_energy_consumption [J]: 14586.6
Node name: r219n16, rank: 23, local_rank: 3, device_energy_consumption [J]: 14502.8
Node name: r237n07, rank: 42, local_rank: 2, device_energy_consumption [J]: 7395.81
Node name: r217n05, rank: 19, local_rank: 3, device_energy_consumption [J]: 12592.8
Node name: r223n09, rank: 29, local_rank: 1, device_energy_consumption [J]: 13047.2
Node name: r249n03, rank: 59, local_rank: 3, device_energy_consumption [J]: 17242.4
Node name: r245n08, rank: 51, local_rank: 3, device_energy_consumption [J]: 10106.5
Node name: r221n05, rank: 25, local_rank: 1, device_energy_consumption [J]: 10891.6
Node name: r215n15, rank: 14, local_rank: 2, device_energy_consumption [J]: 12929.8
Node name: r213n07, rank: 11, local_rank: 3, device_energy_consumption [J]: 13666.6
Node name: r221n05, rank: 26, local_rank: 2, device_energy_consumption [J]: 10904.4
Node name: r215n15, rank: 12, local_rank: 0, device_energy_consumption [J]: 13022.3
Node name: r225n13, rank: 32, local_rank: 0, device_energy_consumption [J]: 14763.4
Node name: r213n07, rank: 10, local_rank: 2, device_energy_consumption [J]: 13595.9
Node name: r237n07, rank: 41, local_rank: 1, device_energy_consumption [J]: 7385.98
Node name: r217n05, rank: 18, local_rank: 2, device_energy_consumption [J]: 12554.4
Node name: r249n03, rank: 57, local_rank: 1, device_energy_consumption [J]: 17222.2
Node name: r245n08, rank: 49, local_rank: 1, device_energy_consumption [J]: 10100.7
Node name: r225n13, rank: 34, local_rank: 2, device_energy_consumption [J]: 13019.8
Node name: r237n07, rank: 40, local_rank: 0, device_energy_consumption [J]: 7899.18
Node name: r249n03, rank: 56, local_rank: 0, device_energy_consumption [J]: 18889.9
Node name: r245n08, rank: 48, local_rank: 0, device_energy_consumption [J]: 11638.2
Node name: r221n05, rank: 24, local_rank: 0, device_energy_consumption [J]: 11822.9
Node name: r225n13, rank: 33, local_rank: 1, device_energy_consumption [J]: 13006.8
Node name: r237n07, rank: 43, local_rank: 3, device_energy_consumption [J]: 7395.46
Node name: r225n13, rank: 35, local_rank: 3, device_energy_consumption [J]: 13107.4
Done
Done
Done
Done
Done
Done
Done
Done
Done
Done
Done
Done
Done
Done
Done
Done
Done
Done
Done
Done
Done
Done
Done
Done
Done
Done
Done
Done
Done
Done
Done
Done
Done
Done
Done
Done
Done
Done
Done
Done
Done
Done
Done
Done
Done
Done
Done
Done
Done
Done
Done
Done
Done
Done
Done
Done
Done
Done
Done
Done
Done
Done
Done
Done
