
Clover Version 1.300
Kokkos Version
Task Count 8

Output file clover.out opened. All output will go there.
Detected SYCL devices:
Detected SYCL devices:
Detected SYCL devices:
Detected SYCL devices:
Detected SYCL devices:
  0. Tesla V100-SXM2-16GB(gpu)
Detected SYCL devices:
  0. Tesla V100-SXM2-16GB(gpu)
Detected SYCL devices:
Detected SYCL devices:
  0. Tesla V100-SXM2-16GB(gpu)
  0. Tesla V100-SXM2-16GB(gpu)
  0. Tesla V100-SXM2-16GB(gpu)
  0. Tesla V100-SXM2-16GB(gpu)
  0. Tesla V100-SXM2-16GB(gpu)
  0. Tesla V100-SXM2-16GB(gpu)
  1. Tesla V100-SXM2-16GB(gpu)
  1. Tesla V100-SXM2-16GB(gpu)
  1. Tesla V100-SXM2-16GB(gpu)
  1. Tesla V100-SXM2-16GB(gpu)
  1. Tesla V100-SXM2-16GB(gpu)
  1. Tesla V100-SXM2-16GB(gpu)
  1. Tesla V100-SXM2-16GB(gpu)
  1. Tesla V100-SXM2-16GB(gpu)
  2. Tesla V100-SXM2-16GB(gpu)
  2. Tesla V100-SXM2-16GB(gpu)
  2. Tesla V100-SXM2-16GB(gpu)
  2. Tesla V100-SXM2-16GB(gpu)
  2. Tesla V100-SXM2-16GB(gpu)
  2. Tesla V100-SXM2-16GB(gpu)
  2. Tesla V100-SXM2-16GB(gpu)
  2. Tesla V100-SXM2-16GB(gpu)
  3. Tesla V100-SXM2-16GB(gpu)
  4. SYCL host device(host)
  3. Tesla V100-SXM2-16GB(gpu)
  4. SYCL host device(host)
  3. Tesla V100-SXM2-16GB(gpu)
  4. SYCL host device(host)
  3. Tesla V100-SXM2-16GB(gpu)
  4. SYCL host device(host)
  3. Tesla V100-SXM2-16GB(gpu)
  4. SYCL host device(host)
  3. Tesla V100-SXM2-16GB(gpu)
  4. SYCL host device(host)
  3. Tesla V100-SXM2-16GB(gpu)
  4. SYCL host device(host)
  3. Tesla V100-SXM2-16GB(gpu)
  4. SYCL host device(host)
Using SYCL device: Tesla V100-SXM2-16GB(gpu)
Using SYCL device: Tesla V100-SXM2-16GB(gpu)
Using SYCL device: Tesla V100-SXM2-16GB(gpu)
Using SYCL device: Tesla V100-SXM2-16GB(gpu)
Using SYCL device: Tesla V100-SXM2-16GB(gpu)
Using SYCL device: Tesla V100-SXM2-16GB(gpu)
Using SYCL device: Tesla V100-SXM2-16GB(gpu)
Using SYCL device: Tesla V100-SXM2-16GB(gpu)









































































































Launching hydro
Launching hydro
Launching hydro
Launching hydro
Launching hydro
Launching hydro
Launching hydro
Launching hydro
 Step 1 time 0 control sound timestep  0.000385161 1,1 x 1.73837e-310 y 6.95334e-310
Wall clock 9.82268
Average time per cell 4.16339e-08
Step time per cell    4.16339e-08
 Step 2 time 0.000385161 control sound timestep  0.000235418 1,1 x 0 y 6.95334e-310
Wall clock 19.653
Average time per cell 4.16502e-08
Step time per cell    4.16567e-08
 Step 3 time 0.00062058 control sound timestep  0.000282498 1,1 x 0 y 6.95334e-310
Wall clock 29.3279
Average time per cell 4.14359e-08
Step time per cell    4.09985e-08
 Step 4 time 0.000903077 control sound timestep  0.000256588 1,1 x 0 y 6.95334e-310
Wall clock 38.8719
Average time per cell 4.11901e-08
Step time per cell    4.04444e-08
 Step 5 time 0.00115967 control sound timestep  0.00027389 1,1 x 0 y 6.95334e-310
Wall clock 48.563
Average time per cell 4.11674e-08
Step time per cell    4.10678e-08
 Step 6 time 0.00143356 control sound timestep  0.000256016 1,1 x 0 y 6.95334e-310
Wall clock 58.5231
Average time per cell 4.13422e-08
Step time per cell    4.22078e-08
 Step 7 time 0.00168957 control sound timestep  0.000259456 1,1 x 0 y 6.95334e-310
Wall clock 68.2188
Average time per cell 4.1307e-08
Step time per cell    4.10864e-08
 Step 8 time 0.00194903 control sound timestep  0.000259078 1,1 x 0 y 6.95334e-310
Wall clock 78.019
Average time per cell 4.13359e-08
Step time per cell    4.1529e-08
 Step 9 time 0.00220811 control sound timestep  0.00025843 1,1 x 0 y 6.95334e-310
Wall clock 87.8835
Average time per cell 4.13888e-08
Step time per cell    4.18018e-08
 Step 10 time 0.00246654 control sound timestep  0.000256908 1,1 x 0 y 6.95334e-310
Wall clock 98.3367
Average time per cell 4.16805e-08
Step time per cell    4.42947e-08
 Step 11 time 0.00272344 control sound timestep  0.000260648 1,1 x 0 y 6.95334e-310
Wall clock 107.744
Average time per cell 4.15162e-08
Step time per cell    3.98728e-08
 Step 12 time 0.00298409 control sound timestep  0.000265051 1,1 x 0 y 6.95334e-310
Wall clock 117.715
Average time per cell 4.15786e-08
Step time per cell    4.22544e-08
 Step 13 time 0.00324914 control sound timestep  0.00026782 1,1 x 0 y 6.95334e-310
Wall clock 127.595
Average time per cell 4.16015e-08
Step time per cell    4.18615e-08
 Step 14 time 0.00351696 control sound timestep  0.000270543 1,1 x 0 y 6.95334e-310
Wall clock 137.414
Average time per cell 4.16025e-08
Step time per cell    4.16046e-08
 Step 15 time 0.00378751 control sound timestep  0.000273385 1,1 x 0 y 6.95334e-310
Wall clock 147.015
Average time per cell 4.15421e-08
Step time per cell    4.06868e-08
 Step 16 time 0.00406089 control sound timestep  0.000272241 1,1 x 0 y 6.95334e-310
Wall clock 157.17
Average time per cell 4.16359e-08
Step time per cell    4.3034e-08
 Step 17 time 0.00433313 control sound timestep  0.000271783 1,1 x 0 y 6.95334e-310
Wall clock 166.813
Average time per cell 4.1591e-08
Step time per cell    4.0865e-08
 Step 18 time 0.00460491 control sound timestep  0.000272317 1,1 x 0 y 6.95334e-310
Wall clock 176.717
Average time per cell 4.16124e-08
Step time per cell    4.1968e-08
 Step 19 time 0.00487723 control sound timestep  0.000273632 1,1 x 0 y 6.95334e-310
Wall clock 186.3
Average time per cell 4.15602e-08
Step time per cell    4.06108e-08
 Step 20 time 0.00515086 control sound timestep  0.000275245 1,1 x 0 y 6.95334e-310
Wall clock 196.507
Average time per cell 4.16453e-08
Step time per cell    4.32545e-08
 Step 21 time 0.00542611 control sound timestep  0.000274273 1,1 x 0 y 6.95334e-310
Wall clock 206.386
Average time per cell 4.16562e-08
Step time per cell    4.18722e-08
 Step 22 time 0.00570038 control sound timestep  0.000273474 1,1 x 0 y 6.95334e-310
Wall clock 215.996
Average time per cell 4.16141e-08
Step time per cell    4.0721e-08
 Step 23 time 0.00597385 control sound timestep  0.000273069 1,1 x 0 y 6.95334e-310
Wall clock 225.799
Average time per cell 4.16113e-08
Step time per cell    4.15398e-08
 Step 24 time 0.00624692 control sound timestep  0.000273166 1,1 x 0 y 6.95334e-310
Wall clock 235.902
Average time per cell 4.16619e-08
Step time per cell    4.28163e-08
 Step 25 time 0.00652009 control sound timestep  0.000273656 1,1 x 0 y 6.95334e-310
Wall clock 245.869
Average time per cell 4.16852e-08
Step time per cell    4.22365e-08
 Step 26 time 0.00679375 control sound timestep  0.000274302 1,1 x 0 y 6.95334e-310
Wall clock 255.639
Average time per cell 4.16745e-08
Step time per cell    4.13923e-08
 Step 27 time 0.00706805 control sound timestep  0.000274192 1,1 x 0 y 6.95334e-310
Wall clock 265.326
Average time per cell 4.16518e-08
Step time per cell    4.10515e-08
 Step 28 time 0.00734224 control sound timestep  0.000273729 1,1 x 0 y 6.95334e-310
Wall clock 274.987
Average time per cell 4.16266e-08
Step time per cell    4.09394e-08
 Step 29 time 0.00761597 control sound timestep  0.000273498 1,1 x 0 y 6.95334e-310
Wall clock 284.861
Average time per cell 4.16344e-08
Step time per cell    4.18415e-08
 Step 30 time 0.00788947 control sound timestep  0.00027349 1,1 x 0 y 6.95334e-310
Wall clock 295.182
Average time per cell 4.17049e-08
Step time per cell    4.37398e-08
 Step 31 time 0.00816296 control sound timestep  0.000273656 1,1 x 0 y 6.95334e-310
Wall clock 304.858
Average time per cell 4.16824e-08
Step time per cell    4.10081e-08
 Step 32 time 0.00843661 control sound timestep  0.000273961 1,1 x 0 y 6.95334e-310
Wall clock 314.815
Average time per cell 4.16987e-08
Step time per cell    4.21951e-08
 Step 33 time 0.00871057 control sound timestep  0.000274016 1,1 x 0 y 6.95334e-310
Wall clock 324.416
Average time per cell 4.16683e-08
Step time per cell    4.06816e-08
 Step 34 time 0.00898459 control sound timestep  0.000273731 1,1 x 0 y 6.95334e-310
Wall clock 334.161
Average time per cell 4.16576e-08
Step time per cell    4.12966e-08
 Step 35 time 0.00925832 control sound timestep  0.000273583 1,1 x 0 y 6.95334e-310
Wall clock 344.115
Average time per cell 4.16728e-08
Step time per cell    4.21813e-08
 Step 36 time 0.0095319 control sound timestep  0.000273575 1,1 x 0 y 6.95334e-310
Wall clock 353.916
Average time per cell 4.16692e-08
Step time per cell    4.1534e-08
 Step 37 time 0.00980548 control sound timestep  0.000273663 1,1 x 0 y 6.95334e-310
Wall clock 363.784
Average time per cell 4.16735e-08
Step time per cell    4.18165e-08
 Step 38 time 0.0100791 control sound timestep  0.000273856 1,1 x 0 y 6.95334e-310
Wall clock 373.608
Average time per cell 4.16726e-08
Step time per cell    4.16259e-08
 Step 39 time 0.010353 control sound timestep  0.000273923 1,1 x 0 y 6.95334e-310
Wall clock 383.507
Average time per cell 4.16798e-08
Step time per cell    4.19461e-08
 Step 40 time 0.0106269 control sound timestep  0.00027374 1,1 x 0 y 6.95334e-310
Wall clock 393.79
Average time per cell 4.17275e-08
Step time per cell    4.35772e-08
 Step 41 time 0.0109007 control sound timestep  0.00027364 1,1 x 0 y 6.95334e-310
Wall clock 403.585
Average time per cell 4.17224e-08
Step time per cell    4.15168e-08
 Step 42 time 0.0111743 control sound timestep  0.00027363 1,1 x 0 y 6.95334e-310
Wall clock 413.257
Average time per cell 4.17051e-08
Step time per cell    4.09884e-08
 Step 43 time 0.0114479 control sound timestep  0.000273692 1,1 x 0 y 6.95334e-310
Wall clock 423.09
Average time per cell 4.17044e-08
Step time per cell    4.16674e-08
 Step 44 time 0.0117216 control sound timestep  0.000273825 1,1 x 0 y 6.95334e-310
Wall clock 432.855
Average time per cell 4.16973e-08
Step time per cell    4.13812e-08
 Step 45 time 0.0119954 control sound timestep  0.000273862 1,1 x 0 y 6.95334e-310
Wall clock 442.412
Average time per cell 4.16708e-08
Step time per cell    4.04996e-08
 Step 46 time 0.0122693 control sound timestep  0.000273729 1,1 x 0 y 6.95334e-310
Wall clock 452.157
Average time per cell 4.16629e-08
Step time per cell    4.12945e-08
 Step 47 time 0.012543 control sound timestep  0.000273664 1,1 x 0 y 6.95334e-310
Wall clock 461.911
Average time per cell 4.1656e-08
Step time per cell    4.13319e-08
 Step 48 time 0.0128167 control sound timestep  0.000273658 1,1 x 0 y 6.95334e-310
Wall clock 471.944
Average time per cell 4.16742e-08
Step time per cell    4.25155e-08
 Step 49 time 0.0130904 control sound timestep  0.000273712 1,1 x 0 y 6.95334e-310
Wall clock 481.767
Average time per cell 4.16734e-08
Step time per cell    4.16283e-08
 Step 50 time 0.0133641 control sound timestep  0.000273812 1,1 x 0 y 6.95334e-310
Wall clock 492.118
Average time per cell 4.17174e-08
Step time per cell    4.38627e-08
 Step 51 time 0.0136379 control sound timestep  0.000273827 1,1 x 0 y 6.95334e-310
Wall clock 501.645
Average time per cell 4.16912e-08
Step time per cell    4.03726e-08
 Step 52 time 0.0139117 control sound timestep  0.000273719 1,1 x 0 y 6.95334e-310
Wall clock 511.459
Average time per cell 4.16893e-08
Step time per cell    4.15858e-08
 Step 53 time 0.0141854 control sound timestep  0.000273671 1,1 x 0 y 6.95334e-310
Wall clock 521.245
Average time per cell 4.16854e-08
Step time per cell    4.14716e-08
 Step 54 time 0.0144591 control sound timestep  0.000273665 1,1 x 0 y 6.95334e-310
Wall clock 531.058
Average time per cell 4.16837e-08
Step time per cell    4.15844e-08
 Step 55 time 0.0147328 control sound timestep  0.000273709 1,1 x 0 y 6.95334e-310
Wall clock 540.831
Average time per cell 4.16789e-08
Step time per cell    4.14139e-08
 Step 56 time 0.0150065 control sound timestep  0.000273785 1,1 x 0 y 6.95334e-310
Wall clock 550.548
Average time per cell 4.16701e-08
Step time per cell    4.1176e-08
 Step 57 time 0.0152803 control sound timestep  0.000273803 1,1 x 0 y 6.95334e-310
Wall clock 560.424
Average time per cell 4.16734e-08
Step time per cell    4.18508e-08
 Step 58 time 0.0155541 control sound timestep  0.000273716 1,1 x 0 y 6.95334e-310
Wall clock 570.11
Average time per cell 4.16628e-08
Step time per cell    4.10469e-08
 Step 59 time 0.0158278 control sound timestep  0.000273674 1,1 x 0 y 6.95334e-310
Wall clock 579.872
Average time per cell 4.1658e-08
Step time per cell    4.13691e-08
 Step 60 time 0.0161015 control sound timestep  0.000273667 1,1 x 0 y 6.95334e-310
Wall clock 590.157
Average time per cell 4.16902e-08
Step time per cell    4.35826e-08
 Step 61 time 0.0163751 control sound timestep  0.000273705 1,1 x 0 y 6.95334e-310
Wall clock 599.699
Average time per cell 4.16698e-08
Step time per cell    4.04439e-08
 Step 62 time 0.0166488 control sound timestep  0.000273771 1,1 x 0 y 6.95334e-310
Wall clock 609.51
Average time per cell 4.16684e-08
Step time per cell    4.15754e-08
 Step 63 time 0.0169226 control sound timestep  0.000273793 1,1 x 0 y 6.95334e-310
Wall clock 619.268
Average time per cell 4.16635e-08
Step time per cell    4.13498e-08
 Step 64 time 0.0171964 control sound timestep  0.000273721 1,1 x 0 y 6.95334e-310
Wall clock 629.019
Average time per cell 4.16583e-08
Step time per cell    4.13226e-08
 Step 65 time 0.0174701 control sound timestep  0.000273687 1,1 x 0 y 6.95334e-310
Wall clock 638.706
Average time per cell 4.16491e-08
Step time per cell    4.10483e-08
 Step 66 time 0.0177438 control sound timestep  0.000273677 1,1 x 0 y 6.95334e-310
Wall clock 648.221
Average time per cell 4.16291e-08
Step time per cell    4.03225e-08
 Step 67 time 0.0180175 control sound timestep  0.000273708 1,1 x 0 y 6.95334e-310
Wall clock 658.349
Average time per cell 4.16485e-08
Step time per cell    4.29213e-08
 Step 68 time 0.0182912 control sound timestep  0.000273762 1,1 x 0 y 6.95334e-310
Wall clock 668.282
Average time per cell 4.16551e-08
Step time per cell    4.20927e-08
 Step 69 time 0.0185649 control sound timestep  0.000273775 1,1 x 0 y 6.95334e-310
Wall clock 678.13
Average time per cell 4.16564e-08
Step time per cell    4.17314e-08
 Step 70 time 0.0188387 control sound timestep  0.000273719 1,1 x 0 y 6.95334e-310
Wall clock 688.431
Average time per cell 4.1685e-08
Step time per cell    4.36517e-08
 Step 71 time 0.0191124 control sound timestep  0.000273689 1,1 x 0 y 6.95334e-310
Wall clock 697.961
Average time per cell 4.16668e-08
Step time per cell    4.03944e-08
 Step 72 time 0.0193861 control sound timestep  0.000273682 1,1 x 0 y 6.95334e-310
Wall clock 707.648
Average time per cell 4.16584e-08
Step time per cell    4.1048e-08
 Step 73 time 0.0196598 control sound timestep  0.000273708 1,1 x 0 y 6.95334e-310
Wall clock 717.337
Average time per cell 4.16503e-08
Step time per cell    4.10611e-08
 Step 74 time 0.0199335 control sound timestep  0.000273757 1,1 x 0 y 6.95334e-310
Wall clock 727.174
Average time per cell 4.16509e-08
Step time per cell    4.16826e-08
 Step 75 time 0.0202073 control sound timestep  0.000273759 1,1 x 0 y 6.95334e-310
Wall clock 736.968
Average time per cell 4.1649e-08
Step time per cell    4.15054e-08
 Step 76 time 0.020481 control sound timestep  0.000273708 1,1 x 0 y 6.95334e-310
Wall clock 746.703
Average time per cell 4.16439e-08
Step time per cell    4.12527e-08
 Step 77 time 0.0207547 control sound timestep  0.000273679 1,1 x 0 y 6.95334e-310
Wall clock 756.945
Average time per cell 4.16669e-08
Step time per cell    4.34019e-08
 Step 78 time 0.0210284 control sound timestep  0.000273677 1,1 x 0 y 6.95334e-310
Wall clock 766.66
Average time per cell 4.16606e-08
Step time per cell    4.11668e-08
 Step 79 time 0.0213021 control sound timestep  0.000273709 1,1 x 0 y 6.95334e-310
Wall clock 776.287
Average time per cell 4.16498e-08
Step time per cell    4.07956e-08
 Step 80 time 0.0215758 control sound timestep  0.000273748 1,1 x 0 y 6.95334e-310
Wall clock 786.705
Average time per cell 4.16811e-08
Step time per cell    4.41472e-08
 Step 81 time 0.0218496 control sound timestep  0.000273766 1,1 x 0 y 6.95334e-310
Wall clock 796.431
Average time per cell 4.16755e-08
Step time per cell    4.12232e-08
 Step 82 time 0.0221233 control sound timestep  0.000273718 1,1 x 0 y 6.95334e-310
Wall clock 806.1
Average time per cell 4.1667e-08
Step time per cell    4.0973e-08
 Step 83 time 0.022397 control sound timestep  0.000273687 1,1 x 0 y 6.95334e-310
Wall clock 815.805
Average time per cell 4.16606e-08
Step time per cell    4.11262e-08
 Step 84 time 0.0226707 control sound timestep  0.000273685 1,1 x 0 y 6.95334e-310
Wall clock 825.66
Average time per cell 4.1662e-08
Step time per cell    4.17636e-08
 Step 85 time 0.0229444 control sound timestep  0.000273711 1,1 x 0 y 6.95334e-310
Wall clock 835.402
Average time per cell 4.16576e-08
Step time per cell    4.12786e-08
 Step 86 time 0.0232181 control sound timestep  0.000273743 1,1 x 0 y 6.95334e-310
Wall clock 845.096
Average time per cell 4.1651e-08
Step time per cell    4.10774e-08
 Step 87 time 0.0234919 control sound timestep  0.000273754 1,1 x 0 y 6.95334e-310
Wall clock 855.559
First step overhead 0
Node name: r206n16, rank: 2, local_rank: 2, device_energy_consumption [J]: 8255.93
Node name: r206n16, rank: 3, local_rank: 3, device_energy_consumption [J]: 8248.99
Node name: r206n16, rank: 1, local_rank: 1, device_energy_consumption [J]: 9317.93
Node name: r206n16, rank: 0, local_rank: 0, device_energy_consumption [J]: 9322.06
Node name: r206n17, rank: 5, local_rank: 1, device_energy_consumption [J]: 8472.61
Node name: r206n17, rank: 7, local_rank: 3, device_energy_consumption [J]: 9537.36
Node name: r206n17, rank: 4, local_rank: 0, device_energy_consumption [J]: 8483.6
Node name: r206n17, rank: 6, local_rank: 2, device_energy_consumption [J]: 9553.44
Done
Done
Done
Done
Done
Done
Done
Done
