
Clover Version 1.300
Kokkos Version
Task Count 32

Output file clover.out opened. All output will go there.
Detected SYCL devices:
Detected SYCL devices:
Detected SYCL devices:
Detected SYCL devices:
Detected SYCL devices:
  0. Tesla V100-SXM2-16GB(gpu)
Detected SYCL devices:
Detected SYCL devices:
  0. Tesla V100-SXM2-16GB(gpu)
Detected SYCL devices:
  0. Tesla V100-SXM2-16GB(gpu)
  0. Tesla V100-SXM2-16GB(gpu)
  0. Tesla V100-SXM2-16GB(gpu)
  0. Tesla V100-SXM2-16GB(gpu)
  0. Tesla V100-SXM2-16GB(gpu)
  0. Tesla V100-SXM2-16GB(gpu)
  1. Tesla V100-SXM2-16GB(gpu)
Detected SYCL devices:
  1. Tesla V100-SXM2-16GB(gpu)
Detected SYCL devices:
Detected SYCL devices:
  1. Tesla V100-SXM2-16GB(gpu)
  1. Tesla V100-SXM2-16GB(gpu)
Detected SYCL devices:
Detected SYCL devices:
Detected SYCL devices:
  1. Tesla V100-SXM2-16GB(gpu)
Detected SYCL devices:
Detected SYCL devices:
Detected SYCL devices:
Detected SYCL devices:
Detected SYCL devices:
  1. Tesla V100-SXM2-16GB(gpu)
Detected SYCL devices:
Detected SYCL devices:
Detected SYCL devices:
Detected SYCL devices:
Detected SYCL devices:
Detected SYCL devices:
  1. Tesla V100-SXM2-16GB(gpu)
Detected SYCL devices:
Detected SYCL devices:
  2. Tesla V100-SXM2-16GB(gpu)
  2. Tesla V100-SXM2-16GB(gpu)
  2. Tesla V100-SXM2-16GB(gpu)
  0. Tesla V100-SXM2-16GB(gpu)
  0. Tesla V100-SXM2-16GB(gpu)
Detected SYCL devices:
Detected SYCL devices:
  1. Tesla V100-SXM2-16GB(gpu)
  0. Tesla V100-SXM2-16GB(gpu)
Detected SYCL devices:
  2. Tesla V100-SXM2-16GB(gpu)
  0. Tesla V100-SXM2-16GB(gpu)
  0. Tesla V100-SXM2-16GB(gpu)
Detected SYCL devices:
  2. Tesla V100-SXM2-16GB(gpu)
  0. Tesla V100-SXM2-16GB(gpu)
  0. Tesla V100-SXM2-16GB(gpu)
  0. Tesla V100-SXM2-16GB(gpu)
  3. Tesla V100-SXM2-16GB(gpu)
  4. SYCL host device(host)
  0. Tesla V100-SXM2-16GB(gpu)
  0. Tesla V100-SXM2-16GB(gpu)
  0. Tesla V100-SXM2-16GB(gpu)
Detected SYCL devices:
  2. Tesla V100-SXM2-16GB(gpu)
  0. Tesla V100-SXM2-16GB(gpu)
  0. Tesla V100-SXM2-16GB(gpu)
  3. Tesla V100-SXM2-16GB(gpu)
  4. SYCL host device(host)
  3. Tesla V100-SXM2-16GB(gpu)
  4. SYCL host device(host)
  3. Tesla V100-SXM2-16GB(gpu)
  4. SYCL host device(host)
  0. Tesla V100-SXM2-16GB(gpu)
  0. Tesla V100-SXM2-16GB(gpu)
  0. Tesla V100-SXM2-16GB(gpu)
  0. Tesla V100-SXM2-16GB(gpu)
  2. Tesla V100-SXM2-16GB(gpu)
  0. Tesla V100-SXM2-16GB(gpu)
  0. Tesla V100-SXM2-16GB(gpu)
  1. Tesla V100-SXM2-16GB(gpu)
  1. Tesla V100-SXM2-16GB(gpu)
  0. Tesla V100-SXM2-16GB(gpu)
  0. Tesla V100-SXM2-16GB(gpu)
  2. Tesla V100-SXM2-16GB(gpu)
  1. Tesla V100-SXM2-16GB(gpu)
  0. Tesla V100-SXM2-16GB(gpu)
Using SYCL device: Tesla V100-SXM2-16GB(gpu)
Using SYCL device: Tesla V100-SXM2-16GB(gpu)
  1. Tesla V100-SXM2-16GB(gpu)
  1. Tesla V100-SXM2-16GB(gpu)
  1. Tesla V100-SXM2-16GB(gpu)
  0. Tesla V100-SXM2-16GB(gpu)
  3. Tesla V100-SXM2-16GB(gpu)
  4. SYCL host device(host)
  1. Tesla V100-SXM2-16GB(gpu)
  1. Tesla V100-SXM2-16GB(gpu)
Using SYCL device: Tesla V100-SXM2-16GB(gpu)
Using SYCL device: Tesla V100-SXM2-16GB(gpu)
  3. Tesla V100-SXM2-16GB(gpu)
  4. SYCL host device(host)
  1. Tesla V100-SXM2-16GB(gpu)
  1. Tesla V100-SXM2-16GB(gpu)
  1. Tesla V100-SXM2-16GB(gpu)
  1. Tesla V100-SXM2-16GB(gpu)
  1. Tesla V100-SXM2-16GB(gpu)
  0. Tesla V100-SXM2-16GB(gpu)
  1. Tesla V100-SXM2-16GB(gpu)
  1. Tesla V100-SXM2-16GB(gpu)
  3. Tesla V100-SXM2-16GB(gpu)
  4. SYCL host device(host)
  1. Tesla V100-SXM2-16GB(gpu)
  1. Tesla V100-SXM2-16GB(gpu)
  1. Tesla V100-SXM2-16GB(gpu)
  1. Tesla V100-SXM2-16GB(gpu)
  2. Tesla V100-SXM2-16GB(gpu)
  2. Tesla V100-SXM2-16GB(gpu)
  1. Tesla V100-SXM2-16GB(gpu)
  1. Tesla V100-SXM2-16GB(gpu)
  3. Tesla V100-SXM2-16GB(gpu)
  4. SYCL host device(host)
  2. Tesla V100-SXM2-16GB(gpu)
  1. Tesla V100-SXM2-16GB(gpu)
Using SYCL device: Tesla V100-SXM2-16GB(gpu)
  2. Tesla V100-SXM2-16GB(gpu)
  2. Tesla V100-SXM2-16GB(gpu)
  2. Tesla V100-SXM2-16GB(gpu)
  2. Tesla V100-SXM2-16GB(gpu)
  1. Tesla V100-SXM2-16GB(gpu)
  2. Tesla V100-SXM2-16GB(gpu)
  2. Tesla V100-SXM2-16GB(gpu)
  2. Tesla V100-SXM2-16GB(gpu)
  1. Tesla V100-SXM2-16GB(gpu)
Using SYCL device: Tesla V100-SXM2-16GB(gpu)
  2. Tesla V100-SXM2-16GB(gpu)
  2. Tesla V100-SXM2-16GB(gpu)
Using SYCL device: Tesla V100-SXM2-16GB(gpu)
  2. Tesla V100-SXM2-16GB(gpu)
  2. Tesla V100-SXM2-16GB(gpu)
  2. Tesla V100-SXM2-16GB(gpu)
  2. Tesla V100-SXM2-16GB(gpu)
  2. Tesla V100-SXM2-16GB(gpu)
  2. Tesla V100-SXM2-16GB(gpu)
  3. Tesla V100-SXM2-16GB(gpu)
  4. SYCL host device(host)
  3. Tesla V100-SXM2-16GB(gpu)
  4. SYCL host device(host)
  2. Tesla V100-SXM2-16GB(gpu)
  2. Tesla V100-SXM2-16GB(gpu)
Using SYCL device: Tesla V100-SXM2-16GB(gpu)
  3. Tesla V100-SXM2-16GB(gpu)
  4. SYCL host device(host)
  2. Tesla V100-SXM2-16GB(gpu)
  3. Tesla V100-SXM2-16GB(gpu)
  4. SYCL host device(host)
  2. Tesla V100-SXM2-16GB(gpu)
  3. Tesla V100-SXM2-16GB(gpu)
  4. SYCL host device(host)
  2. Tesla V100-SXM2-16GB(gpu)
  3. Tesla V100-SXM2-16GB(gpu)
  4. SYCL host device(host)
  3. Tesla V100-SXM2-16GB(gpu)
  4. SYCL host device(host)
  3. Tesla V100-SXM2-16GB(gpu)
  4. SYCL host device(host)
  3. Tesla V100-SXM2-16GB(gpu)
  4. SYCL host device(host)
  3. Tesla V100-SXM2-16GB(gpu)
  4. SYCL host device(host)
  2. Tesla V100-SXM2-16GB(gpu)
  3. Tesla V100-SXM2-16GB(gpu)
  4. SYCL host device(host)
  3. Tesla V100-SXM2-16GB(gpu)
  4. SYCL host device(host)
  3. Tesla V100-SXM2-16GB(gpu)
  4. SYCL host device(host)
  3. Tesla V100-SXM2-16GB(gpu)
  4. SYCL host device(host)
  3. Tesla V100-SXM2-16GB(gpu)
  4. SYCL host device(host)
  3. Tesla V100-SXM2-16GB(gpu)
  4. SYCL host device(host)
  3. Tesla V100-SXM2-16GB(gpu)
  4. SYCL host device(host)
  3. Tesla V100-SXM2-16GB(gpu)
  4. SYCL host device(host)
Using SYCL device: Tesla V100-SXM2-16GB(gpu)
Using SYCL device: Tesla V100-SXM2-16GB(gpu)
  3. Tesla V100-SXM2-16GB(gpu)
  4. SYCL host device(host)
  3. Tesla V100-SXM2-16GB(gpu)
  4. SYCL host device(host)
Using SYCL device: Tesla V100-SXM2-16GB(gpu)
  3. Tesla V100-SXM2-16GB(gpu)
  4. SYCL host device(host)
Using SYCL device: Tesla V100-SXM2-16GB(gpu)
Using SYCL device: Tesla V100-SXM2-16GB(gpu)
Using SYCL device: Tesla V100-SXM2-16GB(gpu)
  3. Tesla V100-SXM2-16GB(gpu)
  4. SYCL host device(host)

Using SYCL device: Tesla V100-SXM2-16GB(gpu)
  3. Tesla V100-SXM2-16GB(gpu)
  4. SYCL host device(host)













































Using SYCL device: Tesla V100-SXM2-16GB(gpu)
  3. Tesla V100-SXM2-16GB(gpu)
  4. SYCL host device(host)







Using SYCL device: Tesla V100-SXM2-16GB(gpu)
Using SYCL device: Tesla V100-SXM2-16GB(gpu)
Using SYCL device: Tesla V100-SXM2-16GB(gpu)
Using SYCL device: Tesla V100-SXM2-16GB(gpu)
Using SYCL device: Tesla V100-SXM2-16GB(gpu)
Using SYCL device: Tesla V100-SXM2-16GB(gpu)
Using SYCL device: Tesla V100-SXM2-16GB(gpu)
Using SYCL device: Tesla V100-SXM2-16GB(gpu)



Using SYCL device: Tesla V100-SXM2-16GB(gpu)
Using SYCL device: Tesla V100-SXM2-16GB(gpu)




Using SYCL device: Tesla V100-SXM2-16GB(gpu)
Using SYCL device: Tesla V100-SXM2-16GB(gpu)



Using SYCL device: Tesla V100-SXM2-16GB(gpu)


























Using SYCL device: Tesla V100-SXM2-16GB(gpu)











Using SYCL device: Tesla V100-SXM2-16GB(gpu)


















Using SYCL device: Tesla V100-SXM2-16GB(gpu)



























































































































































































































































































































































Launching hydro
Launching hydro
Launching hydro
Launching hydro
Launching hydro
Launching hydro
Launching hydro
Launching hydro
Launching hydro
Launching hydro
Launching hydro
Launching hydro
Launching hydro
Launching hydro
Launching hydro
Launching hydro
Launching hydro
Launching hydro
Launching hydro
Launching hydro
Launching hydro
Launching hydro
Launching hydro
Launching hydro
Launching hydro
Launching hydro
Launching hydro
Launching hydro
Launching hydro
Launching hydro
Launching hydro
Launching hydro
 Step 1 time 0 control sound timestep  0.000192581 1,1 x 1.73837e-310 y 6.95332e-310
Wall clock 10.166
Average time per cell 1.07722e-08
Step time per cell    1.07722e-08
 Step 2 time 0.000192581 control sound timestep  0.000117709 1,1 x 0 y 6.95332e-310
Wall clock 20.7964
Average time per cell 1.10183e-08
Step time per cell    1.12604e-08
 Step 3 time 0.00031029 control sound timestep  0.000141249 1,1 x 0 y 6.95332e-310
Wall clock 31.4972
Average time per cell 1.11252e-08
Step time per cell    1.13345e-08
 Step 4 time 0.000451539 control sound timestep  0.000128294 1,1 x 0 y 6.95332e-310
Wall clock 41.8454
Average time per cell 1.10852e-08
Step time per cell    1.09605e-08
 Step 5 time 0.000579832 control sound timestep  0.000136945 1,1 x 0 y 6.95332e-310
Wall clock 52.432
Average time per cell 1.11118e-08
Step time per cell    1.12152e-08
 Step 6 time 0.000716778 control sound timestep  0.000128008 1,1 x 0 y 6.95332e-310
Wall clock 62.9653
Average time per cell 1.11201e-08
Step time per cell    1.11567e-08
 Step 7 time 0.000844786 control sound timestep  0.000129728 1,1 x 0 y 6.95332e-310
Wall clock 73.3032
Average time per cell 1.10964e-08
Step time per cell    1.09506e-08
 Step 8 time 0.000974514 control sound timestep  0.000129539 1,1 x 0 y 6.95332e-310
Wall clock 83.6161
Average time per cell 1.10753e-08
Step time per cell    1.0926e-08
 Step 9 time 0.00110405 control sound timestep  0.000129215 1,1 x 0 y 6.95332e-310
Wall clock 94.2492
Average time per cell 1.10967e-08
Step time per cell    1.12654e-08
 Step 10 time 0.00123327 control sound timestep  0.000128454 1,1 x 0 y 6.95332e-310
Wall clock 105.606
Average time per cell 1.11904e-08
Step time per cell    1.20307e-08
 Step 11 time 0.00136172 control sound timestep  0.000130324 1,1 x 0 y 6.95332e-310
Wall clock 115.552
Average time per cell 1.11312e-08
Step time per cell    1.05388e-08
 Step 12 time 0.00149205 control sound timestep  0.000132526 1,1 x 0 y 6.95332e-310
Wall clock 125.954
Average time per cell 1.11222e-08
Step time per cell    1.102e-08
 Step 13 time 0.00162457 control sound timestep  0.00013391 1,1 x 0 y 6.95332e-310
Wall clock 136.572
Average time per cell 1.11321e-08
Step time per cell    1.12491e-08
 Step 14 time 0.00175848 control sound timestep  0.000135271 1,1 x 0 y 6.95332e-310
Wall clock 147.124
Average time per cell 1.11356e-08
Step time per cell    1.11774e-08
 Step 15 time 0.00189375 control sound timestep  0.000136692 1,1 x 0 y 6.95332e-310
Wall clock 157.654
Average time per cell 1.11371e-08
Step time per cell    1.1157e-08
 Step 16 time 0.00203044 control sound timestep  0.00013612 1,1 x 0 y 6.95332e-310
Wall clock 168.055
Average time per cell 1.11299e-08
Step time per cell    1.1019e-08
 Step 17 time 0.00216657 control sound timestep  0.000135891 1,1 x 0 y 6.95332e-310
Wall clock 178.711
Average time per cell 1.11394e-08
Step time per cell    1.12899e-08
 Step 18 time 0.00230246 control sound timestep  0.000136158 1,1 x 0 y 6.95332e-310
Wall clock 189.329
Average time per cell 1.11456e-08
Step time per cell    1.12491e-08
 Step 19 time 0.00243861 control sound timestep  0.000136816 1,1 x 0 y 6.95332e-310
Wall clock 199.579
Average time per cell 1.11306e-08
Step time per cell    1.08601e-08
 Step 20 time 0.00257543 control sound timestep  0.000137622 1,1 x 0 y 6.95332e-310
Wall clock 210.932
Average time per cell 1.11756e-08
Step time per cell    1.20271e-08
 Step 21 time 0.00271305 control sound timestep  0.000137137 1,1 x 0 y 6.95332e-310
Wall clock 221.021
Average time per cell 1.11525e-08
Step time per cell    1.06905e-08
 Step 22 time 0.00285019 control sound timestep  0.000136737 1,1 x 0 y 6.95332e-310
Wall clock 231.25
Average time per cell 1.11383e-08
Step time per cell    1.08357e-08
 Step 23 time 0.00298693 control sound timestep  0.000136535 1,1 x 0 y 6.95332e-310
Wall clock 242.157
Average time per cell 1.11565e-08
Step time per cell    1.15549e-08
 Step 24 time 0.00312346 control sound timestep  0.000136583 1,1 x 0 y 6.95332e-310
Wall clock 252.831
Average time per cell 1.11629e-08
Step time per cell    1.13069e-08
 Step 25 time 0.00326005 control sound timestep  0.000136828 1,1 x 0 y 6.95332e-310
Wall clock 263.139
Average time per cell 1.11533e-08
Step time per cell    1.09211e-08
 Step 26 time 0.00339687 control sound timestep  0.000137151 1,1 x 0 y 6.95332e-310
Wall clock 273.833
Average time per cell 1.11601e-08
Step time per cell    1.13294e-08
 Step 27 time 0.00353402 control sound timestep  0.000137096 1,1 x 0 y 6.95332e-310
Wall clock 284.095
Average time per cell 1.11495e-08
Step time per cell    1.08723e-08
 Step 28 time 0.00367112 control sound timestep  0.000136864 1,1 x 0 y 6.95332e-310
Wall clock 294.465
Average time per cell 1.11438e-08
Step time per cell    1.09857e-08
 Step 29 time 0.00380798 control sound timestep  0.000136749 1,1 x 0 y 6.95332e-310
Wall clock 304.984
Average time per cell 1.11439e-08
Step time per cell    1.11436e-08
 Step 30 time 0.00394473 control sound timestep  0.000136745 1,1 x 0 y 6.95332e-310
Wall clock 316.621
Average time per cell 1.11835e-08
Step time per cell    1.23283e-08
 Step 31 time 0.00408148 control sound timestep  0.000136828 1,1 x 0 y 6.95332e-310
Wall clock 326.417
Average time per cell 1.11575e-08
Step time per cell    1.03793e-08
 Step 32 time 0.00421831 control sound timestep  0.00013698 1,1 x 0 y 6.95332e-310
Wall clock 337.004
Average time per cell 1.11595e-08
Step time per cell    1.12173e-08
 Step 33 time 0.00435529 control sound timestep  0.000137008 1,1 x 0 y 6.95332e-310
Wall clock 347.336
Average time per cell 1.11531e-08
Step time per cell    1.09455e-08
 Step 34 time 0.0044923 control sound timestep  0.000136865 1,1 x 0 y 6.95332e-310
Wall clock 357.891
Average time per cell 1.1154e-08
Step time per cell    1.11813e-08
 Step 35 time 0.00462916 control sound timestep  0.000136791 1,1 x 0 y 6.95332e-310
Wall clock 368.45
Average time per cell 1.1155e-08
Step time per cell    1.1183e-08
 Step 36 time 0.00476595 control sound timestep  0.000136787 1,1 x 0 y 6.95332e-310
Wall clock 378.565
Average time per cell 1.11428e-08
Step time per cell    1.07157e-08
 Step 37 time 0.00490274 control sound timestep  0.000136831 1,1 x 0 y 6.95332e-310
Wall clock 389.076
Average time per cell 1.11427e-08
Step time per cell    1.11358e-08
 Step 38 time 0.00503957 control sound timestep  0.000136928 1,1 x 0 y 6.95332e-310
Wall clock 399.718
Average time per cell 1.11462e-08
Step time per cell    1.12733e-08
 Step 39 time 0.0051765 control sound timestep  0.000136962 1,1 x 0 y 6.95332e-310
Wall clock 410.415
Average time per cell 1.11511e-08
Step time per cell    1.13325e-08
 Step 40 time 0.00531346 control sound timestep  0.00013687 1,1 x 0 y 6.95332e-310
Wall clock 421.808
Average time per cell 1.11741e-08
Step time per cell    1.20708e-08
 Step 41 time 0.00545033 control sound timestep  0.00013682 1,1 x 0 y 6.95332e-310
Wall clock 431.926
Average time per cell 1.11631e-08
Step time per cell    1.07214e-08
 Step 42 time 0.00558715 control sound timestep  0.000136815 1,1 x 0 y 6.95332e-310
Wall clock 442.326
Average time per cell 1.11596e-08
Step time per cell    1.10174e-08
 Step 43 time 0.00572397 control sound timestep  0.000136846 1,1 x 0 y 6.95332e-310
Wall clock 452.686
Average time per cell 1.11554e-08
Step time per cell    1.09761e-08
 Step 44 time 0.00586081 control sound timestep  0.000136912 1,1 x 0 y 6.95332e-310
Wall clock 463.119
Average time per cell 1.11531e-08
Step time per cell    1.10534e-08
 Step 45 time 0.00599772 control sound timestep  0.000136931 1,1 x 0 y 6.95332e-310
Wall clock 473.357
Average time per cell 1.11464e-08
Step time per cell    1.08469e-08
 Step 46 time 0.00613465 control sound timestep  0.000136864 1,1 x 0 y 6.95332e-310
Wall clock 483.856
Average time per cell 1.11459e-08
Step time per cell    1.11228e-08
 Step 47 time 0.00627152 control sound timestep  0.000136832 1,1 x 0 y 6.95332e-310
Wall clock 494.28
Average time per cell 1.11438e-08
Step time per cell    1.10437e-08
 Step 48 time 0.00640835 control sound timestep  0.000136829 1,1 x 0 y 6.95332e-310
Wall clock 504.947
Average time per cell 1.11471e-08
Step time per cell    1.13009e-08
 Step 49 time 0.00654518 control sound timestep  0.000136856 1,1 x 0 y 6.95332e-310
Wall clock 515.181
Average time per cell 1.11409e-08
Step time per cell    1.08423e-08
 Step 50 time 0.00668204 control sound timestep  0.000136906 1,1 x 0 y 6.95332e-310
Wall clock 526.747
Average time per cell 1.11632e-08
Step time per cell    1.22545e-08
 Step 51 time 0.00681894 control sound timestep  0.000136914 1,1 x 0 y 6.95332e-310
Wall clock 536.672
Average time per cell 1.11506e-08
Step time per cell    1.05172e-08
 Step 52 time 0.00695586 control sound timestep  0.00013686 1,1 x 0 y 6.95332e-310
Wall clock 547.399
Average time per cell 1.11547e-08
Step time per cell    1.13647e-08
 Step 53 time 0.00709272 control sound timestep  0.000136835 1,1 x 0 y 6.95332e-310
Wall clock 557.737
Average time per cell 1.11509e-08
Step time per cell    1.09522e-08
 Step 54 time 0.00722955 control sound timestep  0.000136832 1,1 x 0 y 6.95332e-310
Wall clock 568.188
Average time per cell 1.11495e-08
Step time per cell    1.10723e-08
 Step 55 time 0.00736638 control sound timestep  0.000136855 1,1 x 0 y 6.95332e-310
Wall clock 578.557
Average time per cell 1.11466e-08
Step time per cell    1.0986e-08
 Step 56 time 0.00750324 control sound timestep  0.000136892 1,1 x 0 y 6.95332e-310
Wall clock 589.054
Average time per cell 1.11462e-08
Step time per cell    1.11212e-08
 Step 57 time 0.00764013 control sound timestep  0.000136902 1,1 x 0 y 6.95332e-310
Wall clock 599.452
Average time per cell 1.11439e-08
Step time per cell    1.10167e-08
 Step 58 time 0.00777703 control sound timestep  0.000136858 1,1 x 0 y 6.95332e-310
Wall clock 609.895
Average time per cell 1.11426e-08
Step time per cell    1.10629e-08
 Step 59 time 0.00791389 control sound timestep  0.000136837 1,1 x 0 y 6.95332e-310
Wall clock 620.407
Average time per cell 1.11425e-08
Step time per cell    1.11369e-08
 Step 60 time 0.00805073 control sound timestep  0.000136833 1,1 x 0 y 6.95332e-310
Wall clock 631.767
Average time per cell 1.11574e-08
Step time per cell    1.20342e-08
 Step 61 time 0.00818756 control sound timestep  0.000136852 1,1 x 0 y 6.95332e-310
Wall clock 641.652
Average time per cell 1.11462e-08
Step time per cell    1.04749e-08
 Step 62 time 0.00832441 control sound timestep  0.000136886 1,1 x 0 y 6.95332e-310
Wall clock 652.191
Average time per cell 1.11466e-08
Step time per cell    1.11635e-08
 Step 63 time 0.0084613 control sound timestep  0.000136897 1,1 x 0 y 6.95332e-310
Wall clock 662.556
Average time per cell 1.1144e-08
Step time per cell    1.09803e-08
 Step 64 time 0.00859819 control sound timestep  0.00013686 1,1 x 0 y 6.95332e-310
Wall clock 673.118
Average time per cell 1.11447e-08
Step time per cell    1.11902e-08
 Step 65 time 0.00873506 control sound timestep  0.000136843 1,1 x 0 y 6.95332e-310
Wall clock 683.588
Average time per cell 1.11439e-08
Step time per cell    1.10932e-08
 Step 66 time 0.0088719 control sound timestep  0.000136838 1,1 x 0 y 6.95332e-310
Wall clock 694.013
Average time per cell 1.11425e-08
Step time per cell    1.10446e-08
 Step 67 time 0.00900874 control sound timestep  0.000136854 1,1 x 0 y 6.95332e-310
Wall clock 704.655
Average time per cell 1.11445e-08
Step time per cell    1.12743e-08
 Step 68 time 0.00914559 control sound timestep  0.000136881 1,1 x 0 y 6.95332e-310
Wall clock 714.985
Average time per cell 1.11415e-08
Step time per cell    1.09431e-08
 Step 69 time 0.00928247 control sound timestep  0.000136887 1,1 x 0 y 6.95332e-310
Wall clock 725.67
Average time per cell 1.11442e-08
Step time per cell    1.13204e-08
 Step 70 time 0.00941936 control sound timestep  0.000136859 1,1 x 0 y 6.95332e-310
Wall clock 736.838
Average time per cell 1.1154e-08
Step time per cell    1.1833e-08
 Step 71 time 0.00955622 control sound timestep  0.000136845 1,1 x 0 y 6.95332e-310
Wall clock 746.81
Average time per cell 1.11457e-08
Step time per cell    1.05659e-08
 Step 72 time 0.00969306 control sound timestep  0.000136841 1,1 x 0 y 6.95332e-310
Wall clock 757.719
Average time per cell 1.11515e-08
Step time per cell    1.15578e-08
 Step 73 time 0.0098299 control sound timestep  0.000136854 1,1 x 0 y 6.95332e-310
Wall clock 767.952
Average time per cell 1.11473e-08
Step time per cell    1.08418e-08
 Step 74 time 0.00996676 control sound timestep  0.000136878 1,1 x 0 y 6.95332e-310
Wall clock 778.723
Average time per cell 1.11509e-08
Step time per cell    1.14113e-08
 Step 75 time 0.0101036 control sound timestep  0.000136879 1,1 x 0 y 6.95332e-310
Wall clock 789.142
Average time per cell 1.11494e-08
Step time per cell    1.10381e-08
 Step 76 time 0.0102405 control sound timestep  0.000136854 1,1 x 0 y 6.95332e-310
Wall clock 799.607
Average time per cell 1.11486e-08
Step time per cell    1.10869e-08
 Step 77 time 0.0103774 control sound timestep  0.000136839 1,1 x 0 y 6.95332e-310
Wall clock 810.043
Average time per cell 1.11474e-08
Step time per cell    1.10557e-08
 Step 78 time 0.0105142 control sound timestep  0.000136838 1,1 x 0 y 6.95332e-310
Wall clock 820.612
Average time per cell 1.11481e-08
Step time per cell    1.11976e-08
 Step 79 time 0.010651 control sound timestep  0.000136854 1,1 x 0 y 6.95332e-310
Wall clock 831.04
Average time per cell 1.11469e-08
Step time per cell    1.10483e-08
 Step 80 time 0.0107879 control sound timestep  0.000136874 1,1 x 0 y 6.95332e-310
Wall clock 842.389
Average time per cell 1.11578e-08
Step time per cell    1.20234e-08
 Step 81 time 0.0109248 control sound timestep  0.000136883 1,1 x 0 y 6.95332e-310
Wall clock 852.356
Average time per cell 1.11505e-08
Step time per cell    1.05613e-08
 Step 82 time 0.0110617 control sound timestep  0.000136859 1,1 x 0 y 6.95332e-310
Wall clock 863.075
Average time per cell 1.1153e-08
Step time per cell    1.13555e-08
 Step 83 time 0.0111985 control sound timestep  0.000136844 1,1 x 0 y 6.95332e-310
Wall clock 873.638
Average time per cell 1.11535e-08
Step time per cell    1.11907e-08
 Step 84 time 0.0113354 control sound timestep  0.000136843 1,1 x 0 y 6.95332e-310
Wall clock 884.074
Average time per cell 1.11524e-08
Step time per cell    1.10559e-08
 Step 85 time 0.0114722 control sound timestep  0.000136856 1,1 x 0 y 6.95332e-310
Wall clock 894.517
Average time per cell 1.11513e-08
Step time per cell    1.1062e-08
 Step 86 time 0.0116091 control sound timestep  0.000136872 1,1 x 0 y 6.95332e-310
Wall clock 905.317
Average time per cell 1.11548e-08
Step time per cell    1.14406e-08
 Step 87 time 0.0117459 control sound timestep  0.000136877 1,1 x 0 y 6.95332e-310
Wall clock 916.666
First step overhead 0
Node name: r207n18, rank: 0, local_rank: 0, device_energy_consumption [J]: 16553.9
Node name: r207n18, rank: 3, local_rank: 3, device_energy_consumption [J]: 16559.2
Node name: r207n18, rank: 1, local_rank: 1, device_energy_consumption [J]: 16179.9
Node name: r207n18, rank: 2, local_rank: 2, device_energy_consumption [J]: 16184.4
Node name: r240n13, rank: 24, local_rank: 0, device_energy_consumption [J]: 8741.13
Node name: r217n01, rank: 12, local_rank: 0, device_energy_consumption [J]: 10379.8
Node name: r219n19, rank: 16, local_rank: 0, device_energy_consumption [J]: 8404.65
Node name: r249n07, rank: 31, local_rank: 3, device_energy_consumption [J]: 14054.6
Node name: r209n16, rank: 7, local_rank: 3, device_energy_consumption [J]: 8901.3
Node name: r215n02, rank: 11, local_rank: 3, device_energy_consumption [J]: 9480.18
Node name: r239n20, rank: 23, local_rank: 3, device_energy_consumption [J]: 8766.61
Node name: r240n13, rank: 27, local_rank: 3, device_energy_consumption [J]: 8740.38
Node name: r217n01, rank: 14, local_rank: 2, device_energy_consumption [J]: 9932.43
Node name: r219n19, rank: 17, local_rank: 1, device_energy_consumption [J]: 7995.38
Node name: r249n07, rank: 28, local_rank: 0, device_energy_consumption [J]: 14022.5
Node name: r209n16, rank: 4, local_rank: 0, device_energy_consumption [J]: 8900.79
Node name: r240n13, rank: 25, local_rank: 1, device_energy_consumption [J]: 8287.06
Node name: r215n02, rank: 9, local_rank: 1, device_energy_consumption [J]: 9018.26
Node name: r217n01, rank: 15, local_rank: 3, device_energy_consumption [J]: 10382.7
Node name: r219n19, rank: 19, local_rank: 3, device_energy_consumption [J]: 8407.89
Node name: r249n07, rank: 29, local_rank: 1, device_energy_consumption [J]: 13710.3
Node name: r217n01, rank: 13, local_rank: 1, device_energy_consumption [J]: 9923.79
Node name: r219n19, rank: 18, local_rank: 2, device_energy_consumption [J]: 8008.04
Node name: r249n07, rank: 30, local_rank: 2, device_energy_consumption [J]: 13708.5
Node name: r209n16, rank: 6, local_rank: 2, device_energy_consumption [J]: 8502.8
Node name: r239n20, rank: 22, local_rank: 2, device_energy_consumption [J]: 8371.16
Node name: r240n13, rank: 26, local_rank: 2, device_energy_consumption [J]: 8292.02
Node name: r215n02, rank: 8, local_rank: 0, device_energy_consumption [J]: 9469.33
Node name: r209n16, rank: 5, local_rank: 1, device_energy_consumption [J]: 8493.48
Node name: r239n20, rank: 20, local_rank: 0, device_energy_consumption [J]: 8762.63
Node name: r215n02, rank: 10, local_rank: 2, device_energy_consumption [J]: 9037.91
Node name: r239n20, rank: 21, local_rank: 1, device_energy_consumption [J]: 8369.48
Done
Done
Done
Done
Done
Done
Done
Done
Done
Done
Done
Done
Done
Done
Done
Done
Done
Done
Done
Done
Done
Done
Done
Done
Done
Done
Done
Done
Done
Done
Done
Done
