
Clover Version 1.300
Kokkos Version
Task Count 32

Output file clover.out opened. All output will go there.
Detected SYCL devices:
Detected SYCL devices:
Detected SYCL devices:
Detected SYCL devices:
Detected SYCL devices:
Detected SYCL devices:
Detected SYCL devices:
Detected SYCL devices:
Detected SYCL devices:
Detected SYCL devices:
  0. Tesla V100-SXM2-16GB(gpu)
  0. Tesla V100-SXM2-16GB(gpu)
Detected SYCL devices:
Detected SYCL devices:
  0. Tesla V100-SXM2-16GB(gpu)
  0. Tesla V100-SXM2-16GB(gpu)
Detected SYCL devices:
Detected SYCL devices:
Detected SYCL devices:
Detected SYCL devices:
Detected SYCL devices:
Detected SYCL devices:
Detected SYCL devices:
Detected SYCL devices:
Detected SYCL devices:
Detected SYCL devices:
  0. Tesla V100-SXM2-16GB(gpu)
Detected SYCL devices:
Detected SYCL devices:
  0. Tesla V100-SXM2-16GB(gpu)
Detected SYCL devices:
Detected SYCL devices:
  0. Tesla V100-SXM2-16GB(gpu)
  1. Tesla V100-SXM2-16GB(gpu)
  0. Tesla V100-SXM2-16GB(gpu)
  0. Tesla V100-SXM2-16GB(gpu)
  0. Tesla V100-SXM2-16GB(gpu)
Detected SYCL devices:
  0. Tesla V100-SXM2-16GB(gpu)
  0. Tesla V100-SXM2-16GB(gpu)
  1. Tesla V100-SXM2-16GB(gpu)
  1. Tesla V100-SXM2-16GB(gpu)
Detected SYCL devices:
  0. Tesla V100-SXM2-16GB(gpu)
  0. Tesla V100-SXM2-16GB(gpu)
  0. Tesla V100-SXM2-16GB(gpu)
  0. Tesla V100-SXM2-16GB(gpu)
  0. Tesla V100-SXM2-16GB(gpu)
  1. Tesla V100-SXM2-16GB(gpu)
  0. Tesla V100-SXM2-16GB(gpu)
  0. Tesla V100-SXM2-16GB(gpu)
  0. Tesla V100-SXM2-16GB(gpu)
  0. Tesla V100-SXM2-16GB(gpu)
  0. Tesla V100-SXM2-16GB(gpu)
  1. Tesla V100-SXM2-16GB(gpu)
  1. Tesla V100-SXM2-16GB(gpu)
  0. Tesla V100-SXM2-16GB(gpu)
  0. Tesla V100-SXM2-16GB(gpu)
  1. Tesla V100-SXM2-16GB(gpu)
Detected SYCL devices:
  0. Tesla V100-SXM2-16GB(gpu)
  0. Tesla V100-SXM2-16GB(gpu)
  2. Tesla V100-SXM2-16GB(gpu)
  2. Tesla V100-SXM2-16GB(gpu)
  1. Tesla V100-SXM2-16GB(gpu)
  1. Tesla V100-SXM2-16GB(gpu)
Detected SYCL devices:
  1. Tesla V100-SXM2-16GB(gpu)
  1. Tesla V100-SXM2-16GB(gpu)
  1. Tesla V100-SXM2-16GB(gpu)
  0. Tesla V100-SXM2-16GB(gpu)
  2. Tesla V100-SXM2-16GB(gpu)
  2. Tesla V100-SXM2-16GB(gpu)
  1. Tesla V100-SXM2-16GB(gpu)
Detected SYCL devices:
  1. Tesla V100-SXM2-16GB(gpu)
  1. Tesla V100-SXM2-16GB(gpu)
  1. Tesla V100-SXM2-16GB(gpu)
  0. Tesla V100-SXM2-16GB(gpu)
  1. Tesla V100-SXM2-16GB(gpu)
  1. Tesla V100-SXM2-16GB(gpu)
  2. Tesla V100-SXM2-16GB(gpu)
  1. Tesla V100-SXM2-16GB(gpu)
  1. Tesla V100-SXM2-16GB(gpu)
  1. Tesla V100-SXM2-16GB(gpu)
Detected SYCL devices:
  1. Tesla V100-SXM2-16GB(gpu)
  3. Tesla V100-SXM2-16GB(gpu)
  4. SYCL host device(host)
  1. Tesla V100-SXM2-16GB(gpu)
  1. Tesla V100-SXM2-16GB(gpu)
  2. Tesla V100-SXM2-16GB(gpu)
  0. Tesla V100-SXM2-16GB(gpu)
  1. Tesla V100-SXM2-16GB(gpu)
  1. Tesla V100-SXM2-16GB(gpu)
  2. Tesla V100-SXM2-16GB(gpu)
  3. Tesla V100-SXM2-16GB(gpu)
  4. SYCL host device(host)
  3. Tesla V100-SXM2-16GB(gpu)
  4. SYCL host device(host)
  2. Tesla V100-SXM2-16GB(gpu)
  2. Tesla V100-SXM2-16GB(gpu)
  1. Tesla V100-SXM2-16GB(gpu)
  2. Tesla V100-SXM2-16GB(gpu)
  2. Tesla V100-SXM2-16GB(gpu)
  0. Tesla V100-SXM2-16GB(gpu)
  3. Tesla V100-SXM2-16GB(gpu)
  4. SYCL host device(host)
  2. Tesla V100-SXM2-16GB(gpu)
  2. Tesla V100-SXM2-16GB(gpu)
  0. Tesla V100-SXM2-16GB(gpu)
  2. Tesla V100-SXM2-16GB(gpu)
  2. Tesla V100-SXM2-16GB(gpu)
  2. Tesla V100-SXM2-16GB(gpu)
  1. Tesla V100-SXM2-16GB(gpu)
  2. Tesla V100-SXM2-16GB(gpu)
  2. Tesla V100-SXM2-16GB(gpu)
  0. Tesla V100-SXM2-16GB(gpu)
  2. Tesla V100-SXM2-16GB(gpu)
  2. Tesla V100-SXM2-16GB(gpu)
  3. Tesla V100-SXM2-16GB(gpu)
  4. SYCL host device(host)
Using SYCL device: Tesla V100-SXM2-16GB(gpu)
Using SYCL device: Tesla V100-SXM2-16GB(gpu)
  2. Tesla V100-SXM2-16GB(gpu)
  2. Tesla V100-SXM2-16GB(gpu)
  3. Tesla V100-SXM2-16GB(gpu)
  4. SYCL host device(host)
  1. Tesla V100-SXM2-16GB(gpu)
  2. Tesla V100-SXM2-16GB(gpu)
  2. Tesla V100-SXM2-16GB(gpu)
  3. Tesla V100-SXM2-16GB(gpu)
  4. SYCL host device(host)
Using SYCL device: Tesla V100-SXM2-16GB(gpu)
Using SYCL device: Tesla V100-SXM2-16GB(gpu)
  2. Tesla V100-SXM2-16GB(gpu)
  3. Tesla V100-SXM2-16GB(gpu)
  4. SYCL host device(host)
  3. Tesla V100-SXM2-16GB(gpu)
  4. SYCL host device(host)
  1. Tesla V100-SXM2-16GB(gpu)
  2. Tesla V100-SXM2-16GB(gpu)
  3. Tesla V100-SXM2-16GB(gpu)
  4. SYCL host device(host)
  3. Tesla V100-SXM2-16GB(gpu)
  4. SYCL host device(host)
  3. Tesla V100-SXM2-16GB(gpu)
  4. SYCL host device(host)
  3. Tesla V100-SXM2-16GB(gpu)
  4. SYCL host device(host)
  2. Tesla V100-SXM2-16GB(gpu)
  3. Tesla V100-SXM2-16GB(gpu)
  4. SYCL host device(host)
  3. Tesla V100-SXM2-16GB(gpu)
  4. SYCL host device(host)
  1. Tesla V100-SXM2-16GB(gpu)
  3. Tesla V100-SXM2-16GB(gpu)
  4. SYCL host device(host)
  2. Tesla V100-SXM2-16GB(gpu)
  3. Tesla V100-SXM2-16GB(gpu)
  4. SYCL host device(host)
  3. Tesla V100-SXM2-16GB(gpu)
  4. SYCL host device(host)
  1. Tesla V100-SXM2-16GB(gpu)
  3. Tesla V100-SXM2-16GB(gpu)
  4. SYCL host device(host)
  3. Tesla V100-SXM2-16GB(gpu)
  4. SYCL host device(host)
Using SYCL device: Tesla V100-SXM2-16GB(gpu)
  3. Tesla V100-SXM2-16GB(gpu)
  4. SYCL host device(host)
  3. Tesla V100-SXM2-16GB(gpu)
  4. SYCL host device(host)
Using SYCL device: Tesla V100-SXM2-16GB(gpu)
  3. Tesla V100-SXM2-16GB(gpu)
  4. SYCL host device(host)
  3. Tesla V100-SXM2-16GB(gpu)
  4. SYCL host device(host)
Using SYCL device: Tesla V100-SXM2-16GB(gpu)
  2. Tesla V100-SXM2-16GB(gpu)
  2. Tesla V100-SXM2-16GB(gpu)
  3. Tesla V100-SXM2-16GB(gpu)
  4. SYCL host device(host)
Using SYCL device: Tesla V100-SXM2-16GB(gpu)
Using SYCL device: Tesla V100-SXM2-16GB(gpu)
  3. Tesla V100-SXM2-16GB(gpu)
  4. SYCL host device(host)
Using SYCL device: Tesla V100-SXM2-16GB(gpu)
Using SYCL device: Tesla V100-SXM2-16GB(gpu)
Using SYCL device: Tesla V100-SXM2-16GB(gpu)
  3. Tesla V100-SXM2-16GB(gpu)
  4. SYCL host device(host)
Using SYCL device: Tesla V100-SXM2-16GB(gpu)
Using SYCL device: Tesla V100-SXM2-16GB(gpu)
  2. Tesla V100-SXM2-16GB(gpu)
Using SYCL device: Tesla V100-SXM2-16GB(gpu)
Using SYCL device: Tesla V100-SXM2-16GB(gpu)
  3. Tesla V100-SXM2-16GB(gpu)
  4. SYCL host device(host)
Using SYCL device: Tesla V100-SXM2-16GB(gpu)
Using SYCL device: Tesla V100-SXM2-16GB(gpu)
  2. Tesla V100-SXM2-16GB(gpu)
Using SYCL device: Tesla V100-SXM2-16GB(gpu)
Using SYCL device: Tesla V100-SXM2-16GB(gpu)
Using SYCL device: Tesla V100-SXM2-16GB(gpu)
Using SYCL device: Tesla V100-SXM2-16GB(gpu)
  3. Tesla V100-SXM2-16GB(gpu)
  4. SYCL host device(host)
Using SYCL device: Tesla V100-SXM2-16GB(gpu)
Using SYCL device: Tesla V100-SXM2-16GB(gpu)
Using SYCL device: Tesla V100-SXM2-16GB(gpu)
  3. Tesla V100-SXM2-16GB(gpu)
  4. SYCL host device(host)
Using SYCL device: Tesla V100-SXM2-16GB(gpu)
Using SYCL device: Tesla V100-SXM2-16GB(gpu)
  3. Tesla V100-SXM2-16GB(gpu)
  4. SYCL host device(host)
Using SYCL device: Tesla V100-SXM2-16GB(gpu)
  3. Tesla V100-SXM2-16GB(gpu)
  4. SYCL host device(host)
Using SYCL device: Tesla V100-SXM2-16GB(gpu)
Using SYCL device: Tesla V100-SXM2-16GB(gpu)
Using SYCL device: Tesla V100-SXM2-16GB(gpu)
Using SYCL device: Tesla V100-SXM2-16GB(gpu)

















































































































































































































































































































































































































































































Launching hydro
Launching hydro
Launching hydro
Launching hydro
Launching hydro
Launching hydro
Launching hydro
Launching hydro
Launching hydro
Launching hydro
Launching hydro
Launching hydro
Launching hydro
Launching hydro
Launching hydro
Launching hydro
Launching hydro
Launching hydro
Launching hydro
Launching hydro
Launching hydro
Launching hydro
Launching hydro
Launching hydro
Launching hydro
Launching hydro
Launching hydro
Launching hydro
Launching hydro
Launching hydro
Launching hydro
Launching hydro
 Step 1 time 0 control sound timestep  0.000192581 1,1 x 1.73837e-310 y 6.95335e-310
Wall clock 11.1991
Average time per cell 1.1867e-08
Step time per cell    1.1867e-08
 Step 2 time 0.000192581 control sound timestep  0.000117709 1,1 x 0 y 6.95335e-310
Wall clock 23.4643
Average time per cell 1.24318e-08
Step time per cell    1.29947e-08
 Step 3 time 0.00031029 control sound timestep  0.000141249 1,1 x 0 y 6.95335e-310
Wall clock 35.6677
Average time per cell 1.25983e-08
Step time per cell    1.29292e-08
 Step 4 time 0.000451539 control sound timestep  0.000128294 1,1 x 0 y 6.95335e-310
Wall clock 48.4114
Average time per cell 1.28246e-08
Step time per cell    1.3493e-08
 Step 5 time 0.000579832 control sound timestep  0.000136945 1,1 x 0 y 6.95335e-310
Wall clock 60.7868
Average time per cell 1.28824e-08
Step time per cell    1.31117e-08
 Step 6 time 0.000716778 control sound timestep  0.000128008 1,1 x 0 y 6.95335e-310
Wall clock 73.1925
Average time per cell 1.29263e-08
Step time per cell    1.31435e-08
 Step 7 time 0.000844786 control sound timestep  0.000129728 1,1 x 0 y 6.95335e-310
Wall clock 85.7723
Average time per cell 1.29839e-08
Step time per cell    1.33282e-08
 Step 8 time 0.000974514 control sound timestep  0.000129539 1,1 x 0 y 6.95335e-310
Wall clock 98.0879
Average time per cell 1.29922e-08
Step time per cell    1.30484e-08
 Step 9 time 0.00110405 control sound timestep  0.000129215 1,1 x 0 y 6.95335e-310
Wall clock 110.491
Average time per cell 1.30089e-08
Step time per cell    1.31411e-08
 Step 10 time 0.00123327 control sound timestep  0.000128454 1,1 x 0 y 6.95335e-310
Wall clock 124.842
Average time per cell 1.32287e-08
Step time per cell    1.52036e-08
 Step 11 time 0.00136172 control sound timestep  0.000130324 1,1 x 0 y 6.95335e-310
Wall clock 135.867
Average time per cell 1.30882e-08
Step time per cell    1.16828e-08
 Step 12 time 0.00149205 control sound timestep  0.000132526 1,1 x 0 y 6.95335e-310
Wall clock 148.273
Average time per cell 1.3093e-08
Step time per cell    1.31439e-08
 Step 13 time 0.00162457 control sound timestep  0.00013391 1,1 x 0 y 6.95335e-310
Wall clock 160.555
Average time per cell 1.3087e-08
Step time per cell    1.30133e-08
 Step 14 time 0.00175848 control sound timestep  0.000135271 1,1 x 0 y 6.95335e-310
Wall clock 172.863
Average time per cell 1.30837e-08
Step time per cell    1.30397e-08
 Step 15 time 0.00189375 control sound timestep  0.000136692 1,1 x 0 y 6.95335e-310
Wall clock 185.083
Average time per cell 1.30747e-08
Step time per cell    1.29466e-08
 Step 16 time 0.00203044 control sound timestep  0.00013612 1,1 x 0 y 6.95335e-310
Wall clock 197.549
Average time per cell 1.30831e-08
Step time per cell    1.32074e-08
 Step 17 time 0.00216657 control sound timestep  0.000135891 1,1 x 0 y 6.95335e-310
Wall clock 210.132
Average time per cell 1.30979e-08
Step time per cell    1.3332e-08
 Step 18 time 0.00230246 control sound timestep  0.000136158 1,1 x 0 y 6.95335e-310
Wall clock 222.439
Average time per cell 1.30947e-08
Step time per cell    1.30402e-08
 Step 19 time 0.00243861 control sound timestep  0.000136816 1,1 x 0 y 6.95335e-310
Wall clock 234.688
Average time per cell 1.30886e-08
Step time per cell    1.2977e-08
 Step 20 time 0.00257543 control sound timestep  0.000137622 1,1 x 0 y 6.95335e-310
Wall clock 249.012
Average time per cell 1.31932e-08
Step time per cell    1.51771e-08
 Step 21 time 0.00271305 control sound timestep  0.000137137 1,1 x 0 y 6.95335e-310
Wall clock 259.948
Average time per cell 1.31167e-08
Step time per cell    1.15873e-08
 Step 22 time 0.00285019 control sound timestep  0.000136737 1,1 x 0 y 6.95335e-310
Wall clock 272.765
Average time per cell 1.31378e-08
Step time per cell    1.358e-08
 Step 23 time 0.00298693 control sound timestep  0.000136535 1,1 x 0 y 6.95335e-310
Wall clock 284.783
Average time per cell 1.31203e-08
Step time per cell    1.27329e-08
 Step 24 time 0.00312346 control sound timestep  0.000136583 1,1 x 0 y 6.95335e-310
Wall clock 297.159
Average time per cell 1.312e-08
Step time per cell    1.31117e-08
 Step 25 time 0.00326005 control sound timestep  0.000136828 1,1 x 0 y 6.95335e-310
Wall clock 309.875
Average time per cell 1.31342e-08
Step time per cell    1.34729e-08
 Step 26 time 0.00339687 control sound timestep  0.000137151 1,1 x 0 y 6.95335e-310
Wall clock 321.995
Average time per cell 1.3123e-08
Step time per cell    1.28409e-08
 Step 27 time 0.00353402 control sound timestep  0.000137096 1,1 x 0 y 6.95335e-310
Wall clock 334.367
Average time per cell 1.31225e-08
Step time per cell    1.31073e-08
 Step 28 time 0.00367112 control sound timestep  0.000136864 1,1 x 0 y 6.95335e-310
Wall clock 347.243
Average time per cell 1.31411e-08
Step time per cell    1.36426e-08
 Step 29 time 0.00380798 control sound timestep  0.000136749 1,1 x 0 y 6.95335e-310
Wall clock 359.551
Average time per cell 1.31377e-08
Step time per cell    1.304e-08
 Step 30 time 0.00394473 control sound timestep  0.000136745 1,1 x 0 y 6.95335e-310
Wall clock 373.504
Average time per cell 1.31926e-08
Step time per cell    1.47835e-08
 Step 31 time 0.00408148 control sound timestep  0.000136828 1,1 x 0 y 6.95335e-310
Wall clock 384.63
Average time per cell 1.31474e-08
Step time per cell    1.1789e-08
 Step 32 time 0.00421831 control sound timestep  0.00013698 1,1 x 0 y 6.95335e-310
Wall clock 397.12
Average time per cell 1.31501e-08
Step time per cell    1.32329e-08
 Step 33 time 0.00435529 control sound timestep  0.000137008 1,1 x 0 y 6.95335e-310
Wall clock 409.275
Average time per cell 1.31419e-08
Step time per cell    1.2877e-08
 Step 34 time 0.0044923 control sound timestep  0.000136865 1,1 x 0 y 6.95335e-310
Wall clock 421.674
Average time per cell 1.31418e-08
Step time per cell    1.31361e-08
 Step 35 time 0.00462916 control sound timestep  0.000136791 1,1 x 0 y 6.95335e-310
Wall clock 433.944
Average time per cell 1.31378e-08
Step time per cell    1.29992e-08
 Step 36 time 0.00476595 control sound timestep  0.000136787 1,1 x 0 y 6.95335e-310
Wall clock 446.639
Average time per cell 1.31465e-08
Step time per cell    1.34489e-08
 Step 37 time 0.00490274 control sound timestep  0.000136831 1,1 x 0 y 6.95335e-310
Wall clock 459.066
Average time per cell 1.31471e-08
Step time per cell    1.31661e-08
 Step 38 time 0.00503957 control sound timestep  0.000136928 1,1 x 0 y 6.95335e-310
Wall clock 471.277
Average time per cell 1.31417e-08
Step time per cell    1.29367e-08
 Step 39 time 0.0051765 control sound timestep  0.000136962 1,1 x 0 y 6.95335e-310
Wall clock 483.572
Average time per cell 1.31387e-08
Step time per cell    1.30255e-08
 Step 40 time 0.00531346 control sound timestep  0.00013687 1,1 x 0 y 6.95335e-310
Wall clock 498.102
Average time per cell 1.31952e-08
Step time per cell    1.53942e-08
 Step 41 time 0.00545033 control sound timestep  0.00013682 1,1 x 0 y 6.95335e-310
Wall clock 509.087
Average time per cell 1.31573e-08
Step time per cell    1.16401e-08
 Step 42 time 0.00558715 control sound timestep  0.000136815 1,1 x 0 y 6.95335e-310
Wall clock 521.553
Average time per cell 1.31585e-08
Step time per cell    1.32071e-08
 Step 43 time 0.00572397 control sound timestep  0.000136846 1,1 x 0 y 6.95335e-310
Wall clock 533.873
Average time per cell 1.31561e-08
Step time per cell    1.30528e-08
 Step 44 time 0.00586081 control sound timestep  0.000136912 1,1 x 0 y 6.95335e-310
Wall clock 546.206
Average time per cell 1.31541e-08
Step time per cell    1.30652e-08
 Step 45 time 0.00599772 control sound timestep  0.000136931 1,1 x 0 y 6.95335e-310
Wall clock 558.453
Average time per cell 1.31502e-08
Step time per cell    1.29755e-08
 Step 46 time 0.00613465 control sound timestep  0.000136864 1,1 x 0 y 6.95335e-310
Wall clock 571.128
Average time per cell 1.31563e-08
Step time per cell    1.34281e-08
 Step 47 time 0.00627152 control sound timestep  0.000136832 1,1 x 0 y 6.95335e-310
Wall clock 583.133
Average time per cell 1.3147e-08
Step time per cell    1.27186e-08
 Step 48 time 0.00640835 control sound timestep  0.000136829 1,1 x 0 y 6.95335e-310
Wall clock 595.763
Average time per cell 1.31519e-08
Step time per cell    1.33798e-08
 Step 49 time 0.00654518 control sound timestep  0.000136856 1,1 x 0 y 6.95335e-310
Wall clock 608.197
Average time per cell 1.31524e-08
Step time per cell    1.31729e-08
 Step 50 time 0.00668204 control sound timestep  0.000136906 1,1 x 0 y 6.95335e-310
Wall clock 622.401
Average time per cell 1.31904e-08
Step time per cell    1.50497e-08
 Step 51 time 0.00681894 control sound timestep  0.000136914 1,1 x 0 y 6.95335e-310
Wall clock 633.225
Average time per cell 1.31566e-08
Step time per cell    1.1469e-08
 Step 52 time 0.00695586 control sound timestep  0.00013686 1,1 x 0 y 6.95335e-310
Wall clock 645.799
Average time per cell 1.31599e-08
Step time per cell    1.33224e-08
 Step 53 time 0.00709272 control sound timestep  0.000136835 1,1 x 0 y 6.95335e-310
Wall clock 658.021
Average time per cell 1.31559e-08
Step time per cell    1.29476e-08
 Step 54 time 0.00722955 control sound timestep  0.000136832 1,1 x 0 y 6.95335e-310
Wall clock 670.408
Average time per cell 1.31554e-08
Step time per cell    1.31236e-08
 Step 55 time 0.00736638 control sound timestep  0.000136855 1,1 x 0 y 6.95335e-310
Wall clock 682.865
Average time per cell 1.31562e-08
Step time per cell    1.31974e-08
 Step 56 time 0.00750324 control sound timestep  0.000136892 1,1 x 0 y 6.95335e-310
Wall clock 695.3
Average time per cell 1.31565e-08
Step time per cell    1.31742e-08
 Step 57 time 0.00764013 control sound timestep  0.000136902 1,1 x 0 y 6.95335e-310
Wall clock 707.744
Average time per cell 1.31571e-08
Step time per cell    1.3184e-08
 Step 58 time 0.00777703 control sound timestep  0.000136858 1,1 x 0 y 6.95335e-310
Wall clock 719.951
Average time per cell 1.31532e-08
Step time per cell    1.29325e-08
 Step 59 time 0.00791389 control sound timestep  0.000136837 1,1 x 0 y 6.95335e-310
Wall clock 732.385
Average time per cell 1.31536e-08
Step time per cell    1.31743e-08
 Step 60 time 0.00805073 control sound timestep  0.000136833 1,1 x 0 y 6.95335e-310
Wall clock 746.873
Average time per cell 1.31902e-08
Step time per cell    1.53484e-08
 Step 61 time 0.00818756 control sound timestep  0.000136852 1,1 x 0 y 6.95335e-310
Wall clock 757.972
Average time per cell 1.31668e-08
Step time per cell    1.17611e-08
 Step 62 time 0.00832441 control sound timestep  0.000136886 1,1 x 0 y 6.95335e-310
Wall clock 770.371
Average time per cell 1.31664e-08
Step time per cell    1.31369e-08
 Step 63 time 0.0084613 control sound timestep  0.000136897 1,1 x 0 y 6.95335e-310
Wall clock 782.625
Average time per cell 1.31635e-08
Step time per cell    1.29824e-08
 Step 64 time 0.00859819 control sound timestep  0.00013686 1,1 x 0 y 6.95335e-310
Wall clock 794.916
Average time per cell 1.31613e-08
Step time per cell    1.30224e-08
 Step 65 time 0.00873506 control sound timestep  0.000136843 1,1 x 0 y 6.95335e-310
Wall clock 807.626
Average time per cell 1.3166e-08
Step time per cell    1.34661e-08
 Step 66 time 0.0088719 control sound timestep  0.000136838 1,1 x 0 y 6.95335e-310
Wall clock 819.817
Average time per cell 1.31623e-08
Step time per cell    1.29153e-08
 Step 67 time 0.00900874 control sound timestep  0.000136854 1,1 x 0 y 6.95335e-310
Wall clock 832.143
Average time per cell 1.31608e-08
Step time per cell    1.30594e-08
 Step 68 time 0.00914559 control sound timestep  0.000136881 1,1 x 0 y 6.95335e-310
Wall clock 844.487
Average time per cell 1.31596e-08
Step time per cell    1.30783e-08
 Step 69 time 0.00928247 control sound timestep  0.000136887 1,1 x 0 y 6.95335e-310
Wall clock 856.986
Average time per cell 1.31608e-08
Step time per cell    1.32416e-08
 Step 70 time 0.00941936 control sound timestep  0.000136859 1,1 x 0 y 6.95335e-310
Wall clock 871.176
Average time per cell 1.31876e-08
Step time per cell    1.50346e-08
 Step 71 time 0.00955622 control sound timestep  0.000136845 1,1 x 0 y 6.95335e-310
Wall clock 882.274
Average time per cell 1.31675e-08
Step time per cell    1.17594e-08
 Step 72 time 0.00969306 control sound timestep  0.000136841 1,1 x 0 y 6.95335e-310
Wall clock 894.519
Average time per cell 1.31648e-08
Step time per cell    1.29729e-08
 Step 73 time 0.0098299 control sound timestep  0.000136854 1,1 x 0 y 6.95335e-310
Wall clock 906.937
Average time per cell 1.31647e-08
Step time per cell    1.31557e-08
 Step 74 time 0.00996676 control sound timestep  0.000136878 1,1 x 0 y 6.95335e-310
Wall clock 919.45
Average time per cell 1.3166e-08
Step time per cell    1.32564e-08
 Step 75 time 0.0101036 control sound timestep  0.000136879 1,1 x 0 y 6.95335e-310
Wall clock 931.692
Average time per cell 1.31634e-08
Step time per cell    1.29694e-08
 Step 76 time 0.0102405 control sound timestep  0.000136854 1,1 x 0 y 6.95335e-310
Wall clock 944.281
Average time per cell 1.31657e-08
Step time per cell    1.33373e-08
 Step 77 time 0.0103774 control sound timestep  0.000136839 1,1 x 0 y 6.95335e-310
Wall clock 956.514
Average time per cell 1.31631e-08
Step time per cell    1.296e-08
 Step 78 time 0.0105142 control sound timestep  0.000136838 1,1 x 0 y 6.95335e-310
Wall clock 969.007
Average time per cell 1.31641e-08
Step time per cell    1.32354e-08
 Step 79 time 0.010651 control sound timestep  0.000136854 1,1 x 0 y 6.95335e-310
Wall clock 981.464
Average time per cell 1.31645e-08
Step time per cell    1.31977e-08
 Step 80 time 0.0107879 control sound timestep  0.000136874 1,1 x 0 y 6.95335e-310
Wall clock 995.972
Average time per cell 1.31921e-08
Step time per cell    1.53709e-08
 Step 81 time 0.0109248 control sound timestep  0.000136883 1,1 x 0 y 6.95335e-310
Wall clock 1007.02
Average time per cell 1.31738e-08
Step time per cell    1.17111e-08
 Step 82 time 0.0110617 control sound timestep  0.000136859 1,1 x 0 y 6.95335e-310
Wall clock 1019.49
Average time per cell 1.31742e-08
Step time per cell    1.32032e-08
 Step 83 time 0.0111985 control sound timestep  0.000136844 1,1 x 0 y 6.95335e-310
Wall clock 1032.08
Average time per cell 1.31763e-08
Step time per cell    1.33462e-08
 Step 84 time 0.0113354 control sound timestep  0.000136843 1,1 x 0 y 6.95335e-310
Wall clock 1044.17
Average time per cell 1.31719e-08
Step time per cell    1.28009e-08
 Step 85 time 0.0114722 control sound timestep  0.000136856 1,1 x 0 y 6.95335e-310
Wall clock 1056.59
Average time per cell 1.31718e-08
Step time per cell    1.3157e-08
 Step 86 time 0.0116091 control sound timestep  0.000136872 1,1 x 0 y 6.95335e-310
Wall clock 1068.9
Average time per cell 1.31703e-08
Step time per cell    1.30476e-08
 Step 87 time 0.0117459 control sound timestep  0.000136877 1,1 x 0 y 6.95335e-310
Wall clock 1083.14
First step overhead 0
Node name: r217n13, rank: 2, local_rank: 2, device_energy_consumption [J]: 26444.1
Node name: r217n13, rank: 1, local_rank: 1, device_energy_consumption [J]: 26454.6
Node name: r217n13, rank: 3, local_rank: 3, device_energy_consumption [J]: 26810
Node name: r217n13, rank: 0, local_rank: 0, device_energy_consumption [J]: 26815.8
Node name: r237n09, rank: 13, local_rank: 1, device_energy_consumption [J]: 14272.7
Node name: r239n10, rank: 16, local_rank: 0, device_energy_consumption [J]: 17538
Node name: r240n17, rank: 22, local_rank: 2, device_energy_consumption [J]: 15731.7
Node name: r247n13, rank: 31, local_rank: 3, device_energy_consumption [J]: 20491
Node name: r245n09, rank: 25, local_rank: 1, device_energy_consumption [J]: 7807.04
Node name: r227n18, rank: 8, local_rank: 0, device_energy_consumption [J]: 14092.4
Node name: r219n17, rank: 6, local_rank: 2, device_energy_consumption [J]: 14038.7
Node name: r237n09, rank: 15, local_rank: 3, device_energy_consumption [J]: 14708.6
Node name: r239n10, rank: 17, local_rank: 1, device_energy_consumption [J]: 17109.8
Node name: r240n17, rank: 23, local_rank: 3, device_energy_consumption [J]: 16049.7
Node name: r239n10, rank: 18, local_rank: 2, device_energy_consumption [J]: 17101.3
Node name: r240n17, rank: 21, local_rank: 1, device_energy_consumption [J]: 15743.9
Node name: r247n13, rank: 28, local_rank: 0, device_energy_consumption [J]: 20486.8
Node name: r245n09, rank: 27, local_rank: 3, device_energy_consumption [J]: 8306.98
Node name: r219n17, rank: 4, local_rank: 0, device_energy_consumption [J]: 14512.7
Node name: r227n18, rank: 11, local_rank: 3, device_energy_consumption [J]: 14091.7
Node name: r237n09, rank: 14, local_rank: 2, device_energy_consumption [J]: 14267.5
Node name: r219n17, rank: 7, local_rank: 3, device_energy_consumption [J]: 14509.7
Node name: r227n18, rank: 9, local_rank: 1, device_energy_consumption [J]: 13627.1
Node name: r237n09, rank: 12, local_rank: 0, device_energy_consumption [J]: 14704.8
Node name: r239n10, rank: 19, local_rank: 3, device_energy_consumption [J]: 17546.2
Node name: r240n17, rank: 20, local_rank: 0, device_energy_consumption [J]: 16037.3
Node name: r247n13, rank: 29, local_rank: 1, device_energy_consumption [J]: 20231.7
Node name: r245n09, rank: 24, local_rank: 0, device_energy_consumption [J]: 8304.44
Node name: r245n09, rank: 26, local_rank: 2, device_energy_consumption [J]: 7821
Node name: r219n17, rank: 5, local_rank: 1, device_energy_consumption [J]: 14037.3
Node name: r227n18, rank: 10, local_rank: 2, device_energy_consumption [J]: 13629.5
Node name: r247n13, rank: 30, local_rank: 2, device_energy_consumption [J]: 20223.2
Done
Done
Done
Done
Done
Done
Done
Done
Done
Done
Done
Done
Done
Done
Done
Done
Done
Done
Done
Done
Done
Done
Done
Done
Done
Done
Done
Done
Done
Done
Done
Done
