
Clover Version 1.300
Kokkos Version
Task Count 16

Output file clover.out opened. All output will go there.
Detected SYCL devices:
Detected SYCL devices:
Detected SYCL devices:
Detected SYCL devices:
Detected SYCL devices:
Detected SYCL devices:
Detected SYCL devices:
Detected SYCL devices:
  0. Tesla V100-SXM2-16GB(gpu)
Detected SYCL devices:
  0. Tesla V100-SXM2-16GB(gpu)
Detected SYCL devices:
Detected SYCL devices:
Detected SYCL devices:
  0. Tesla V100-SXM2-16GB(gpu)
Detected SYCL devices:
  0. Tesla V100-SXM2-16GB(gpu)
Detected SYCL devices:
  0. Tesla V100-SXM2-16GB(gpu)
Detected SYCL devices:
Detected SYCL devices:
  0. Tesla V100-SXM2-16GB(gpu)
  0. Tesla V100-SXM2-16GB(gpu)
  0. Tesla V100-SXM2-16GB(gpu)
  0. Tesla V100-SXM2-16GB(gpu)
  0. Tesla V100-SXM2-16GB(gpu)
  0. Tesla V100-SXM2-16GB(gpu)
  0. Tesla V100-SXM2-16GB(gpu)
  0. Tesla V100-SXM2-16GB(gpu)
  0. Tesla V100-SXM2-16GB(gpu)
  0. Tesla V100-SXM2-16GB(gpu)
  0. Tesla V100-SXM2-16GB(gpu)
  1. Tesla V100-SXM2-16GB(gpu)
  1. Tesla V100-SXM2-16GB(gpu)
  1. Tesla V100-SXM2-16GB(gpu)
  1. Tesla V100-SXM2-16GB(gpu)
  1. Tesla V100-SXM2-16GB(gpu)
  1. Tesla V100-SXM2-16GB(gpu)
  1. Tesla V100-SXM2-16GB(gpu)
  1. Tesla V100-SXM2-16GB(gpu)
  1. Tesla V100-SXM2-16GB(gpu)
  1. Tesla V100-SXM2-16GB(gpu)
  1. Tesla V100-SXM2-16GB(gpu)
  1. Tesla V100-SXM2-16GB(gpu)
  1. Tesla V100-SXM2-16GB(gpu)
  1. Tesla V100-SXM2-16GB(gpu)
  1. Tesla V100-SXM2-16GB(gpu)
  1. Tesla V100-SXM2-16GB(gpu)
  2. Tesla V100-SXM2-16GB(gpu)
  2. Tesla V100-SXM2-16GB(gpu)
  2. Tesla V100-SXM2-16GB(gpu)
  2. Tesla V100-SXM2-16GB(gpu)
  2. Tesla V100-SXM2-16GB(gpu)
  2. Tesla V100-SXM2-16GB(gpu)
  2. Tesla V100-SXM2-16GB(gpu)
  2. Tesla V100-SXM2-16GB(gpu)
  2. Tesla V100-SXM2-16GB(gpu)
  2. Tesla V100-SXM2-16GB(gpu)
  2. Tesla V100-SXM2-16GB(gpu)
  2. Tesla V100-SXM2-16GB(gpu)
  2. Tesla V100-SXM2-16GB(gpu)
  2. Tesla V100-SXM2-16GB(gpu)
  2. Tesla V100-SXM2-16GB(gpu)
  2. Tesla V100-SXM2-16GB(gpu)
  3. Tesla V100-SXM2-16GB(gpu)
  4. SYCL host device(host)
  3. Tesla V100-SXM2-16GB(gpu)
  4. SYCL host device(host)
  3. Tesla V100-SXM2-16GB(gpu)
  4. SYCL host device(host)
  3. Tesla V100-SXM2-16GB(gpu)
  4. SYCL host device(host)
  3. Tesla V100-SXM2-16GB(gpu)
  4. SYCL host device(host)
  3. Tesla V100-SXM2-16GB(gpu)
  4. SYCL host device(host)
  3. Tesla V100-SXM2-16GB(gpu)
  4. SYCL host device(host)
  3. Tesla V100-SXM2-16GB(gpu)
  4. SYCL host device(host)
  3. Tesla V100-SXM2-16GB(gpu)
  4. SYCL host device(host)
  3. Tesla V100-SXM2-16GB(gpu)
  4. SYCL host device(host)
  3. Tesla V100-SXM2-16GB(gpu)
  4. SYCL host device(host)
  3. Tesla V100-SXM2-16GB(gpu)
  4. SYCL host device(host)
  3. Tesla V100-SXM2-16GB(gpu)
  4. SYCL host device(host)
  3. Tesla V100-SXM2-16GB(gpu)
  4. SYCL host device(host)
  3. Tesla V100-SXM2-16GB(gpu)
  4. SYCL host device(host)
  3. Tesla V100-SXM2-16GB(gpu)
  4. SYCL host device(host)
Using SYCL device: Tesla V100-SXM2-16GB(gpu)
Using SYCL device: Tesla V100-SXM2-16GB(gpu)
Using SYCL device: Tesla V100-SXM2-16GB(gpu)
Using SYCL device: Tesla V100-SXM2-16GB(gpu)
Using SYCL device: Tesla V100-SXM2-16GB(gpu)
Using SYCL device: Tesla V100-SXM2-16GB(gpu)
Using SYCL device: Tesla V100-SXM2-16GB(gpu)
Using SYCL device: Tesla V100-SXM2-16GB(gpu)
Using SYCL device: Tesla V100-SXM2-16GB(gpu)
Using SYCL device: Tesla V100-SXM2-16GB(gpu)
Using SYCL device: Tesla V100-SXM2-16GB(gpu)
Using SYCL device: Tesla V100-SXM2-16GB(gpu)
Using SYCL device: Tesla V100-SXM2-16GB(gpu)
Using SYCL device: Tesla V100-SXM2-16GB(gpu)
Using SYCL device: Tesla V100-SXM2-16GB(gpu)
Using SYCL device: Tesla V100-SXM2-16GB(gpu)

































































































































































































































Launching hydro
Launching hydro
Launching hydro
Launching hydro
Launching hydro
Launching hydro
Launching hydro
Launching hydro
Launching hydro
Launching hydro
Launching hydro
Launching hydro
Launching hydro
Launching hydro
Launching hydro
Launching hydro
 Step 1 time 0 control sound timestep  0.000192581 1,1 x 1.73837e-310 y 6.95335e-310
Wall clock 11.3919
Average time per cell 2.41426e-08
Step time per cell    2.41426e-08
 Step 2 time 0.000192581 control sound timestep  0.000164867 1,1 x 0 y 6.95335e-310
Wall clock 23.3375
Average time per cell 2.47293e-08
Step time per cell    2.53126e-08
 Step 3 time 0.000357448 control sound timestep  0.000141228 1,1 x 0 y 6.95335e-310
Wall clock 35.5719
Average time per cell 2.51289e-08
Step time per cell    2.59243e-08
 Step 4 time 0.000498676 control sound timestep  0.000129047 1,1 x 0 y 6.95335e-310
Wall clock 47.5779
Average time per cell 2.52077e-08
Step time per cell    2.54407e-08
 Step 5 time 0.000627723 control sound timestep  0.000136911 1,1 x 0 y 6.95335e-310
Wall clock 59.6702
Average time per cell 2.52915e-08
Step time per cell    2.56233e-08
 Step 6 time 0.000764634 control sound timestep  0.000127051 1,1 x 0 y 6.95335e-310
Wall clock 71.8491
Average time per cell 2.5378e-08
Step time per cell    2.58067e-08
 Step 7 time 0.000891685 control sound timestep  0.000127481 1,1 x 0 y 6.95335e-310
Wall clock 84.0018
Average time per cell 2.54319e-08
Step time per cell    2.57516e-08
 Step 8 time 0.00101917 control sound timestep  0.00012945 1,1 x 0 y 6.95335e-310
Wall clock 95.8803
Average time per cell 2.53996e-08
Step time per cell    2.51697e-08
 Step 9 time 0.00114862 control sound timestep  0.000130046 1,1 x 0 y 6.95335e-310
Wall clock 107.985
Average time per cell 2.54279e-08
Step time per cell    2.56504e-08
 Step 10 time 0.00127866 control sound timestep  0.000130853 1,1 x 0 y 6.95335e-310
Wall clock 120.881
Average time per cell 2.56181e-08
Step time per cell    2.73266e-08
 Step 11 time 0.00140952 control sound timestep  0.000131042 1,1 x 0 y 6.95335e-310
Wall clock 132.217
Average time per cell 2.54732e-08
Step time per cell    2.40234e-08
 Step 12 time 0.00154056 control sound timestep  0.000132953 1,1 x 0 y 6.95335e-310
Wall clock 144.385
Average time per cell 2.54993e-08
Step time per cell    2.57829e-08
 Step 13 time 0.00167351 control sound timestep  0.00013511 1,1 x 0 y 6.95335e-310
Wall clock 156.384
Average time per cell 2.54939e-08
Step time per cell    2.54252e-08
 Step 14 time 0.00180862 control sound timestep  0.000136391 1,1 x 0 y 6.95335e-310
Wall clock 168.385
Average time per cell 2.54895e-08
Step time per cell    2.54291e-08
 Step 15 time 0.00194501 control sound timestep  0.000136235 1,1 x 0 y 6.95335e-310
Wall clock 180.432
Average time per cell 2.54924e-08
Step time per cell    2.55263e-08
 Step 16 time 0.00208125 control sound timestep  0.000135792 1,1 x 0 y 6.95335e-310
Wall clock 192.334
Average time per cell 2.54756e-08
Step time per cell    2.52187e-08
 Step 17 time 0.00221704 control sound timestep  0.000135855 1,1 x 0 y 6.95335e-310
Wall clock 204.348
Average time per cell 2.54747e-08
Step time per cell    2.54547e-08
 Step 18 time 0.00235289 control sound timestep  0.000136212 1,1 x 0 y 6.95335e-310
Wall clock 216.39
Average time per cell 2.54772e-08
Step time per cell    2.55142e-08
 Step 19 time 0.00248911 control sound timestep  0.000136834 1,1 x 0 y 6.95335e-310
Wall clock 228.218
Average time per cell 2.54556e-08
Step time per cell    2.5063e-08
 Step 20 time 0.00262594 control sound timestep  0.000137267 1,1 x 0 y 6.95335e-310
Wall clock 241.353
Average time per cell 2.55747e-08
Step time per cell    2.78313e-08
 Step 21 time 0.00276321 control sound timestep  0.000136848 1,1 x 0 y 6.95335e-310
Wall clock 253.052
Average time per cell 2.55375e-08
Step time per cell    2.47947e-08
 Step 22 time 0.00290006 control sound timestep  0.000136507 1,1 x 0 y 6.95335e-310
Wall clock 265.146
Average time per cell 2.55417e-08
Step time per cell    2.56266e-08
 Step 23 time 0.00303656 control sound timestep  0.000136424 1,1 x 0 y 6.95335e-310
Wall clock 277.096
Average time per cell 2.55323e-08
Step time per cell    2.53232e-08
 Step 24 time 0.00317299 control sound timestep  0.000136495 1,1 x 0 y 6.95335e-310
Wall clock 289.15
Average time per cell 2.55329e-08
Step time per cell    2.55426e-08
 Step 25 time 0.00330948 control sound timestep  0.000136799 1,1 x 0 y 6.95335e-310
Wall clock 301.169
Average time per cell 2.55304e-08
Step time per cell    2.54682e-08
 Step 26 time 0.00344628 control sound timestep  0.000137093 1,1 x 0 y 6.95335e-310
Wall clock 313.236
Average time per cell 2.55321e-08
Step time per cell    2.557e-08
 Step 27 time 0.00358338 control sound timestep  0.00013694 1,1 x 0 y 6.95335e-310
Wall clock 325.093
Average time per cell 2.55171e-08
Step time per cell    2.51247e-08
 Step 28 time 0.00372032 control sound timestep  0.000136723 1,1 x 0 y 6.95335e-310
Wall clock 337.544
Average time per cell 2.55482e-08
Step time per cell    2.63844e-08
 Step 29 time 0.00385704 control sound timestep  0.000136635 1,1 x 0 y 6.95335e-310
Wall clock 349.29
Average time per cell 2.55256e-08
Step time per cell    2.48886e-08
 Step 30 time 0.00399367 control sound timestep  0.000136627 1,1 x 0 y 6.95335e-310
Wall clock 362.185
Average time per cell 2.55856e-08
Step time per cell    2.73252e-08
 Step 31 time 0.0041303 control sound timestep  0.000136745 1,1 x 0 y 6.95335e-310
Wall clock 373.67
Average time per cell 2.55455e-08
Step time per cell    2.4341e-08
 Step 32 time 0.00426704 control sound timestep  0.000136911 1,1 x 0 y 6.95335e-310
Wall clock 385.388
Average time per cell 2.55233e-08
Step time per cell    2.48301e-08
 Step 33 time 0.00440396 control sound timestep  0.000136917 1,1 x 0 y 6.95335e-310
Wall clock 397.767
Average time per cell 2.55448e-08
Step time per cell    2.62301e-08
 Step 34 time 0.00454087 control sound timestep  0.00013678 1,1 x 0 y 6.95335e-310
Wall clock 409.778
Average time per cell 2.55421e-08
Step time per cell    2.54505e-08
 Step 35 time 0.00467765 control sound timestep  0.000136714 1,1 x 0 y 6.95335e-310
Wall clock 421.737
Average time per cell 2.55365e-08
Step time per cell    2.53414e-08
 Step 36 time 0.00481437 control sound timestep  0.000136707 1,1 x 0 y 6.95335e-310
Wall clock 433.862
Average time per cell 2.55409e-08
Step time per cell    2.56908e-08
 Step 37 time 0.00495107 control sound timestep  0.000136766 1,1 x 0 y 6.95335e-310
Wall clock 445.892
Average time per cell 2.55397e-08
Step time per cell    2.54924e-08
 Step 38 time 0.00508784 control sound timestep  0.00013687 1,1 x 0 y 6.95335e-310
Wall clock 458.093
Average time per cell 2.55481e-08
Step time per cell    2.58538e-08
 Step 39 time 0.00522471 control sound timestep  0.00013689 1,1 x 0 y 6.95335e-310
Wall clock 470.175
Average time per cell 2.55495e-08
Step time per cell    2.56e-08
 Step 40 time 0.0053616 control sound timestep  0.000136801 1,1 x 0 y 6.95335e-310
Wall clock 483.552
Average time per cell 2.56195e-08
Step time per cell    2.8346e-08
 Step 41 time 0.0054984 control sound timestep  0.000136755 1,1 x 0 y 6.95335e-310
Wall clock 494.85
Average time per cell 2.55786e-08
Step time per cell    2.39445e-08
 Step 42 time 0.00563516 control sound timestep  0.000136748 1,1 x 0 y 6.95335e-310
Wall clock 506.59
Average time per cell 2.5562e-08
Step time per cell    2.48738e-08
 Step 43 time 0.0057719 control sound timestep  0.000136787 1,1 x 0 y 6.95335e-310
Wall clock 518.497
Average time per cell 2.55544e-08
Step time per cell    2.52317e-08
 Step 44 time 0.00590869 control sound timestep  0.000136856 1,1 x 0 y 6.95335e-310
Wall clock 530.52
Average time per cell 2.55527e-08
Step time per cell    2.54752e-08
 Step 45 time 0.00604555 control sound timestep  0.000136866 1,1 x 0 y 6.95335e-310
Wall clock 542.363
Average time per cell 2.55426e-08
Step time per cell    2.5096e-08
 Step 46 time 0.00618241 control sound timestep  0.000136806 1,1 x 0 y 6.95335e-310
Wall clock 554.511
Average time per cell 2.5547e-08
Step time per cell    2.57409e-08
 Step 47 time 0.00631922 control sound timestep  0.000136771 1,1 x 0 y 6.95335e-310
Wall clock 566.488
Average time per cell 2.55435e-08
Step time per cell    2.53781e-08
 Step 48 time 0.00645599 control sound timestep  0.000136766 1,1 x 0 y 6.95335e-310
Wall clock 578.316
Average time per cell 2.55336e-08
Step time per cell    2.50624e-08
 Step 49 time 0.00659276 control sound timestep  0.000136801 1,1 x 0 y 6.95335e-310
Wall clock 590.546
Average time per cell 2.55414e-08
Step time per cell    2.5915e-08
 Step 50 time 0.00672956 control sound timestep  0.000136849 1,1 x 0 y 6.95335e-310
Wall clock 603.611
Average time per cell 2.55843e-08
Step time per cell    2.76817e-08
 Step 51 time 0.00686641 control sound timestep  0.000136857 1,1 x 0 y 6.95335e-310
Wall clock 615.093
Average time per cell 2.55598e-08
Step time per cell    2.43339e-08
 Step 52 time 0.00700326 control sound timestep  0.000136807 1,1 x 0 y 6.95335e-310
Wall clock 627.12
Average time per cell 2.55585e-08
Step time per cell    2.54828e-08
 Step 53 time 0.00714007 control sound timestep  0.00013678 1,1 x 0 y 6.95335e-310
Wall clock 639.218
Average time per cell 2.556e-08
Step time per cell    2.56367e-08
 Step 54 time 0.00727685 control sound timestep  0.000136777 1,1 x 0 y 6.95335e-310
Wall clock 651.281
Average time per cell 2.55601e-08
Step time per cell    2.55601e-08
 Step 55 time 0.00741363 control sound timestep  0.000136807 1,1 x 0 y 6.95335e-310
Wall clock 663.237
Average time per cell 2.5556e-08
Step time per cell    2.53336e-08
 Step 56 time 0.00755043 control sound timestep  0.000136845 1,1 x 0 y 6.95335e-310
Wall clock 675.23
Average time per cell 2.55535e-08
Step time per cell    2.54131e-08
 Step 57 time 0.00768728 control sound timestep  0.000136849 1,1 x 0 y 6.95335e-310
Wall clock 687.254
Average time per cell 2.55523e-08
Step time per cell    2.54775e-08
 Step 58 time 0.00782413 control sound timestep  0.000136808 1,1 x 0 y 6.95335e-310
Wall clock 699.307
Average time per cell 2.55521e-08
Step time per cell    2.55403e-08
 Step 59 time 0.00796094 control sound timestep  0.000136785 1,1 x 0 y 6.95335e-310
Wall clock 711.253
Average time per cell 2.55482e-08
Step time per cell    2.53143e-08
 Step 60 time 0.00809772 control sound timestep  0.000136784 1,1 x 0 y 6.95335e-310
Wall clock 724.318
Average time per cell 2.55838e-08
Step time per cell    2.76842e-08
 Step 61 time 0.0082345 control sound timestep  0.000136808 1,1 x 0 y 6.95335e-310
Wall clock 735.816
Average time per cell 2.55639e-08
Step time per cell    2.43669e-08
 Step 62 time 0.00837131 control sound timestep  0.000136841 1,1 x 0 y 6.95335e-310
Wall clock 747.656
Average time per cell 2.55563e-08
Step time per cell    2.50893e-08
 Step 63 time 0.00850815 control sound timestep  0.000136845 1,1 x 0 y 6.95335e-310
Wall clock 759.701
Average time per cell 2.55558e-08
Step time per cell    2.5524e-08
 Step 64 time 0.008645 control sound timestep  0.000136813 1,1 x 0 y 6.95335e-310
Wall clock 771.876
Average time per cell 2.55596e-08
Step time per cell    2.57966e-08
 Step 65 time 0.00878181 control sound timestep  0.000136793 1,1 x 0 y 6.95335e-310
Wall clock 783.805
Average time per cell 2.55554e-08
Step time per cell    2.52792e-08
 Step 66 time 0.0089186 control sound timestep  0.000136795 1,1 x 0 y 6.95335e-310
Wall clock 795.902
Average time per cell 2.55566e-08
Step time per cell    2.563e-08
 Step 67 time 0.0090554 control sound timestep  0.000136812 1,1 x 0 y 6.95335e-310
Wall clock 807.955
Average time per cell 2.55564e-08
Step time per cell    2.55383e-08
 Step 68 time 0.00919221 control sound timestep  0.000136839 1,1 x 0 y 6.95335e-310
Wall clock 820.089
Average time per cell 2.55588e-08
Step time per cell    2.57105e-08
 Step 69 time 0.00932905 control sound timestep  0.000136837 1,1 x 0 y 6.95335e-310
Wall clock 832.187
Average time per cell 2.55599e-08
Step time per cell    2.56342e-08
 Step 70 time 0.00946589 control sound timestep  0.000136812 1,1 x 0 y 6.95335e-310
Wall clock 845.271
Average time per cell 2.55909e-08
Step time per cell    2.77225e-08
 Step 71 time 0.0096027 control sound timestep  0.000136796 1,1 x 0 y 6.95335e-310
Wall clock 856.847
Average time per cell 2.5576e-08
Step time per cell    2.45333e-08
 Step 72 time 0.00973949 control sound timestep  0.000136797 1,1 x 0 y 6.95335e-310
Wall clock 868.931
Average time per cell 2.55765e-08
Step time per cell    2.56057e-08
 Step 73 time 0.00987629 control sound timestep  0.00013681 1,1 x 0 y 6.95335e-310
Wall clock 881.155
Average time per cell 2.5581e-08
Step time per cell    2.5901e-08
 Step 74 time 0.0100131 control sound timestep  0.000136835 1,1 x 0 y 6.95335e-310
Wall clock 893.186
Average time per cell 2.55798e-08
Step time per cell    2.5491e-08
 Step 75 time 0.0101499 control sound timestep  0.000136831 1,1 x 0 y 6.95335e-310
Wall clock 905.008
Average time per cell 2.55728e-08
Step time per cell    2.505e-08
 Step 76 time 0.0102868 control sound timestep  0.000136807 1,1 x 0 y 6.95335e-310
Wall clock 917.239
Average time per cell 2.55774e-08
Step time per cell    2.59147e-08
 Step 77 time 0.0104236 control sound timestep  0.000136793 1,1 x 0 y 6.95335e-310
Wall clock 929.382
Average time per cell 2.55794e-08
Step time per cell    2.57294e-08
 Step 78 time 0.0105604 control sound timestep  0.000136796 1,1 x 0 y 6.95335e-310
Wall clock 941.166
Average time per cell 2.55717e-08
Step time per cell    2.49691e-08
 Step 79 time 0.0106972 control sound timestep  0.00013681 1,1 x 0 y 6.95335e-310
Wall clock 953.417
Average time per cell 2.55766e-08
Step time per cell    2.59591e-08
 Step 80 time 0.010834 control sound timestep  0.000136834 1,1 x 0 y 6.95335e-310
Wall clock 966.268
Average time per cell 2.55974e-08
Step time per cell    2.723e-08
 Step 81 time 0.0109708 control sound timestep  0.000136832 1,1 x 0 y 6.95335e-310
Wall clock 977.828
Average time per cell 2.55838e-08
Step time per cell    2.4498e-08
 Step 82 time 0.0111076 control sound timestep  0.000136808 1,1 x 0 y 6.95335e-310
Wall clock 990.086
Average time per cell 2.55886e-08
Step time per cell    2.59724e-08
 Step 83 time 0.0112444 control sound timestep  0.000136798 1,1 x 0 y 6.95335e-310
Wall clock 1002.16
Average time per cell 2.55886e-08
Step time per cell    2.5582e-08
 Step 84 time 0.0113812 control sound timestep  0.0001368 1,1 x 0 y 6.95335e-310
Wall clock 1014.17
Average time per cell 2.55871e-08
Step time per cell    2.54559e-08
 Step 85 time 0.011518 control sound timestep  0.00013681 1,1 x 0 y 6.95335e-310
Wall clock 1026.36
Average time per cell 2.55899e-08
Step time per cell    2.58249e-08
 Step 86 time 0.0116549 control sound timestep  0.000136831 1,1 x 0 y 6.95335e-310
Wall clock 1038.39
Average time per cell 2.55888e-08
Step time per cell    2.54903e-08
 Step 87 time 0.0117917 control sound timestep  0.000136827 1,1 x 0 y 6.95335e-310
Wall clock 1051.34
First step overhead 0
Node name: r218n20, rank: 3, local_rank: 3, device_energy_consumption [J]: 24109.5
Node name: r218n20, rank: 1, local_rank: 1, device_energy_consumption [J]: 23741.8
Node name: r218n20, rank: 2, local_rank: 2, device_energy_consumption [J]: 23773.6
Node name: r218n20, rank: 0, local_rank: 0, device_energy_consumption [J]: 24124.6
Node name: r226n17, rank: 13, local_rank: 1, device_energy_consumption [J]: 24047.1
Node name: r222n09, rank: 11, local_rank: 3, device_energy_consumption [J]: 15073.2
Node name: r220n20, rank: 6, local_rank: 2, device_energy_consumption [J]: 9767.53
Node name: r226n17, rank: 12, local_rank: 0, device_energy_consumption [J]: 24574.2
Node name: r226n17, rank: 15, local_rank: 3, device_energy_consumption [J]: 24567.5
Node name: r226n17, rank: 14, local_rank: 2, device_energy_consumption [J]: 24056.9
Node name: r222n09, rank: 9, local_rank: 1, device_energy_consumption [J]: 14711.7
Node name: r222n09, rank: 8, local_rank: 0, device_energy_consumption [J]: 15086
Node name: r220n20, rank: 7, local_rank: 3, device_energy_consumption [J]: 10379.4
Node name: r222n09, rank: 10, local_rank: 2, device_energy_consumption [J]: 14701.5
Node name: r220n20, rank: 5, local_rank: 1, device_energy_consumption [J]: 9780.09
Node name: r220n20, rank: 4, local_rank: 0, device_energy_consumption [J]: 10372.3
Done
Done
Done
Done
Done
Done
Done
Done
Done
Done
Done
Done
Done
Done
Done
Done
