
Clover Version 1.300
Kokkos Version
Task Count 4

Output file clover.out opened. All output will go there.
Detected SYCL devices:
Detected SYCL devices:
Detected SYCL devices:
Detected SYCL devices:
  0. Tesla V100-SXM2-16GB(gpu)
  0. Tesla V100-SXM2-16GB(gpu)
  0. Tesla V100-SXM2-16GB(gpu)
  0. Tesla V100-SXM2-16GB(gpu)
  1. Tesla V100-SXM2-16GB(gpu)
  1. Tesla V100-SXM2-16GB(gpu)
  1. Tesla V100-SXM2-16GB(gpu)
  1. Tesla V100-SXM2-16GB(gpu)
  2. Tesla V100-SXM2-16GB(gpu)
  2. Tesla V100-SXM2-16GB(gpu)
  2. Tesla V100-SXM2-16GB(gpu)
  2. Tesla V100-SXM2-16GB(gpu)
  3. Tesla V100-SXM2-16GB(gpu)
  4. SYCL host device(host)
  3. Tesla V100-SXM2-16GB(gpu)
  4. SYCL host device(host)
  3. Tesla V100-SXM2-16GB(gpu)
  4. SYCL host device(host)
  3. Tesla V100-SXM2-16GB(gpu)
  4. SYCL host device(host)
Using SYCL device: Tesla V100-SXM2-16GB(gpu)
Using SYCL device: Tesla V100-SXM2-16GB(gpu)
Using SYCL device: Tesla V100-SXM2-16GB(gpu)
Using SYCL device: Tesla V100-SXM2-16GB(gpu)













































Launching hydro
Launching hydro
Launching hydro
Launching hydro
 Step 1 time 0 control sound timestep  0.000385161 1,1 x 1.73837e-310 y 6.95333e-310
Wall clock 7.88067
Average time per cell 6.68052e-08
Step time per cell    6.68052e-08
 Step 2 time 0.000385161 control sound timestep  0.000329734 1,1 x 0 y 6.95333e-310
Wall clock 15.5821
Average time per cell 6.60454e-08
Step time per cell    6.52704e-08
 Step 3 time 0.000714895 control sound timestep  0.000282456 1,1 x 0 y 6.95333e-310
Wall clock 23.3689
Average time per cell 6.60335e-08
Step time per cell    6.59948e-08
 Step 4 time 0.000997351 control sound timestep  0.000258095 1,1 x 0 y 6.95333e-310
Wall clock 31.1962
Average time per cell 6.61134e-08
Step time per cell    6.63161e-08
 Step 5 time 0.00125545 control sound timestep  0.000273822 1,1 x 0 y 6.95333e-310
Wall clock 38.8668
Average time per cell 6.58956e-08
Step time per cell    6.50048e-08
 Step 6 time 0.00152927 control sound timestep  0.000254102 1,1 x 0 y 6.95333e-310
Wall clock 46.5427
Average time per cell 6.5758e-08
Step time per cell    6.50511e-08
 Step 7 time 0.00178337 control sound timestep  0.000254963 1,1 x 0 y 6.95333e-310
Wall clock 54.1509
Average time per cell 6.55775e-08
Step time per cell    6.44791e-08
 Step 8 time 0.00203833 control sound timestep  0.0002589 1,1 x 0 y 6.95333e-310
Wall clock 61.944
Average time per cell 6.56382e-08
Step time per cell    6.60482e-08
 Step 9 time 0.00229723 control sound timestep  0.000260092 1,1 x 0 y 6.95333e-310
Wall clock 69.6814
Average time per cell 6.56329e-08
Step time per cell    6.55722e-08
 Step 10 time 0.00255732 control sound timestep  0.000261706 1,1 x 0 y 6.95333e-310
Wall clock 77.9259
Average time per cell 6.60586e-08
Step time per cell    6.98725e-08
 Step 11 time 0.00281903 control sound timestep  0.000262084 1,1 x 0 y 6.95333e-310
Wall clock 85.4458
Average time per cell 6.58484e-08
Step time per cell    6.37467e-08
 Step 12 time 0.00308111 control sound timestep  0.000265907 1,1 x 0 y 6.95333e-310
Wall clock 93.1693
Average time per cell 6.58171e-08
Step time per cell    6.54559e-08
 Step 13 time 0.00334702 control sound timestep  0.000270221 1,1 x 0 y 6.95333e-310
Wall clock 101.079
Average time per cell 6.59123e-08
Step time per cell    6.70379e-08
 Step 14 time 0.00361724 control sound timestep  0.000272782 1,1 x 0 y 6.95333e-310
Wall clock 108.781
Average time per cell 6.5868e-08
Step time per cell    6.52722e-08
 Step 15 time 0.00389002 control sound timestep  0.00027247 1,1 x 0 y 6.95333e-310
Wall clock 116.632
Average time per cell 6.59133e-08
Step time per cell    6.65281e-08
 Step 16 time 0.00416249 control sound timestep  0.000271585 1,1 x 0 y 6.95333e-310
Wall clock 124.584
Average time per cell 6.6007e-08
Step time per cell    6.73945e-08
 Step 17 time 0.00443408 control sound timestep  0.000271711 1,1 x 0 y 6.95333e-310
Wall clock 132.214
Average time per cell 6.59288e-08
Step time per cell    6.46605e-08
 Step 18 time 0.00470579 control sound timestep  0.000272424 1,1 x 0 y 6.95333e-310
Wall clock 139.817
Average time per cell 6.5847e-08
Step time per cell    6.44405e-08
 Step 19 time 0.00497821 control sound timestep  0.000273667 1,1 x 0 y 6.95333e-310
Wall clock 147.508
Average time per cell 6.58125e-08
Step time per cell    6.51733e-08
 Step 20 time 0.00525188 control sound timestep  0.000274535 1,1 x 0 y 6.95333e-310
Wall clock 155.67
Average time per cell 6.59817e-08
Step time per cell    6.91824e-08
 Step 21 time 0.00552642 control sound timestep  0.000273697 1,1 x 0 y 6.95333e-310
Wall clock 163.397
Average time per cell 6.59589e-08
Step time per cell    6.54799e-08
 Step 22 time 0.00580011 control sound timestep  0.000273014 1,1 x 0 y 6.95333e-310
Wall clock 171.286
Average time per cell 6.60003e-08
Step time per cell    6.68468e-08
 Step 23 time 0.00607313 control sound timestep  0.000272848 1,1 x 0 y 6.95333e-310
Wall clock 178.886
Average time per cell 6.5932e-08
Step time per cell    6.44123e-08
 Step 24 time 0.00634597 control sound timestep  0.00027299 1,1 x 0 y 6.95333e-310
Wall clock 186.706
Average time per cell 6.59469e-08
Step time per cell    6.62731e-08
 Step 25 time 0.00661896 control sound timestep  0.000273599 1,1 x 0 y 6.95333e-310
Wall clock 194.438
Average time per cell 6.59309e-08
Step time per cell    6.55316e-08
 Step 26 time 0.00689256 control sound timestep  0.000274187 1,1 x 0 y 6.95333e-310
Wall clock 202.124
Average time per cell 6.5901e-08
Step time per cell    6.51351e-08
 Step 27 time 0.00716675 control sound timestep  0.000273881 1,1 x 0 y 6.95333e-310
Wall clock 209.763
Average time per cell 6.58585e-08
Step time per cell    6.47394e-08
 Step 28 time 0.00744063 control sound timestep  0.000273445 1,1 x 0 y 6.95333e-310
Wall clock 217.486
Average time per cell 6.58446e-08
Step time per cell    6.54519e-08
 Step 29 time 0.00771408 control sound timestep  0.000273269 1,1 x 0 y 6.95333e-310
Wall clock 225.227
Average time per cell 6.58369e-08
Step time per cell    6.56035e-08
 Step 30 time 0.00798735 control sound timestep  0.000273254 1,1 x 0 y 6.95333e-310
Wall clock 233.445
Average time per cell 6.59645e-08
Step time per cell    6.96492e-08
 Step 31 time 0.0082606 control sound timestep  0.00027349 1,1 x 0 y 6.95333e-310
Wall clock 241.297
Average time per cell 6.59839e-08
Step time per cell    6.65674e-08
 Step 32 time 0.00853409 control sound timestep  0.000273823 1,1 x 0 y 6.95333e-310
Wall clock 249.091
Average time per cell 6.59865e-08
Step time per cell    6.60463e-08
 Step 33 time 0.00880791 control sound timestep  0.000273834 1,1 x 0 y 6.95333e-310
Wall clock 256.729
Average time per cell 6.59491e-08
Step time per cell    6.47397e-08
 Step 34 time 0.00908175 control sound timestep  0.00027356 1,1 x 0 y 6.95333e-310
Wall clock 264.337
Average time per cell 6.59063e-08
Step time per cell    6.44753e-08
 Step 35 time 0.00935531 control sound timestep  0.000273428 1,1 x 0 y 6.95333e-310
Wall clock 272.132
Average time per cell 6.59113e-08
Step time per cell    6.60658e-08
 Step 36 time 0.00962873 control sound timestep  0.000273413 1,1 x 0 y 6.95333e-310
Wall clock 279.992
Average time per cell 6.59312e-08
Step time per cell    6.66085e-08
 Step 37 time 0.00990215 control sound timestep  0.000273532 1,1 x 0 y 6.95333e-310
Wall clock 287.64
Average time per cell 6.59014e-08
Step time per cell    6.48122e-08
 Step 38 time 0.0101757 control sound timestep  0.00027374 1,1 x 0 y 6.95333e-310
Wall clock 295.275
Average time per cell 6.58704e-08
Step time per cell    6.47049e-08
 Step 39 time 0.0104494 control sound timestep  0.000273779 1,1 x 0 y 6.95333e-310
Wall clock 303.134
Average time per cell 6.58896e-08
Step time per cell    6.66059e-08
 Step 40 time 0.0107232 control sound timestep  0.000273602 1,1 x 0 y 6.95333e-310
Wall clock 311.379
Average time per cell 6.59898e-08
Step time per cell    6.98809e-08
 Step 41 time 0.0109968 control sound timestep  0.00027351 1,1 x 0 y 6.95333e-310
Wall clock 319.141
Average time per cell 6.59851e-08
Step time per cell    6.57965e-08
 Step 42 time 0.0112703 control sound timestep  0.000273496 1,1 x 0 y 6.95333e-310
Wall clock 326.723
Average time per cell 6.59444e-08
Step time per cell    6.42611e-08
 Step 43 time 0.0115438 control sound timestep  0.000273575 1,1 x 0 y 6.95333e-310
Wall clock 334.636
Average time per cell 6.59707e-08
Step time per cell    6.70576e-08
 Step 44 time 0.0118174 control sound timestep  0.000273713 1,1 x 0 y 6.95333e-310
Wall clock 342.338
Average time per cell 6.59554e-08
Step time per cell    6.52792e-08
 Step 45 time 0.0120911 control sound timestep  0.000273733 1,1 x 0 y 6.95333e-310
Wall clock 350.031
Average time per cell 6.59388e-08
Step time per cell    6.51904e-08
 Step 46 time 0.0123648 control sound timestep  0.000273612 1,1 x 0 y 6.95333e-310
Wall clock 357.606
Average time per cell 6.59014e-08
Step time per cell    6.42001e-08
 Step 47 time 0.0126384 control sound timestep  0.000273542 1,1 x 0 y 6.95333e-310
Wall clock 365.354
Average time per cell 6.58968e-08
Step time per cell    6.5668e-08
 Step 48 time 0.012912 control sound timestep  0.000273531 1,1 x 0 y 6.95333e-310
Wall clock 373.128
Average time per cell 6.58967e-08
Step time per cell    6.588e-08
 Step 49 time 0.0131855 control sound timestep  0.000273603 1,1 x 0 y 6.95333e-310
Wall clock 380.916
Average time per cell 6.58993e-08
Step time per cell    6.60045e-08
 Step 50 time 0.0134591 control sound timestep  0.000273697 1,1 x 0 y 6.95333e-310
Wall clock 389.123
Average time per cell 6.59728e-08
Step time per cell    6.95567e-08
 Step 51 time 0.0137328 control sound timestep  0.000273715 1,1 x 0 y 6.95333e-310
Wall clock 396.997
Average time per cell 6.5988e-08
Step time per cell    6.67476e-08
 Step 52 time 0.0140065 control sound timestep  0.000273613 1,1 x 0 y 6.95333e-310
Wall clock 404.686
Average time per cell 6.59724e-08
Step time per cell    6.5161e-08
 Step 53 time 0.0142801 control sound timestep  0.00027356 1,1 x 0 y 6.95333e-310
Wall clock 412.372
Average time per cell 6.5957e-08
Step time per cell    6.5141e-08
 Step 54 time 0.0145537 control sound timestep  0.000273555 1,1 x 0 y 6.95333e-310
Wall clock 420.048
Average time per cell 6.59406e-08
Step time per cell    6.50542e-08
 Step 55 time 0.0148273 control sound timestep  0.000273614 1,1 x 0 y 6.95333e-310
Wall clock 427.828
Average time per cell 6.59408e-08
Step time per cell    6.59337e-08
 Step 56 time 0.0151009 control sound timestep  0.00027369 1,1 x 0 y 6.95333e-310
Wall clock 435.399
Average time per cell 6.59094e-08
Step time per cell    6.41675e-08
 Step 57 time 0.0153746 control sound timestep  0.000273698 1,1 x 0 y 6.95333e-310
Wall clock 443.075
Average time per cell 6.58946e-08
Step time per cell    6.50547e-08
 Step 58 time 0.0156483 control sound timestep  0.000273615 1,1 x 0 y 6.95333e-310
Wall clock 450.816
Average time per cell 6.58899e-08
Step time per cell    6.56008e-08
 Step 59 time 0.0159219 control sound timestep  0.00027357 1,1 x 0 y 6.95333e-310
Wall clock 458.594
Average time per cell 6.58906e-08
Step time per cell    6.59197e-08
 Step 60 time 0.0161954 control sound timestep  0.000273569 1,1 x 0 y 6.95333e-310
Wall clock 466.799
Average time per cell 6.59518e-08
Step time per cell    6.95383e-08
 Step 61 time 0.016469 control sound timestep  0.000273616 1,1 x 0 y 6.95333e-310
Wall clock 474.279
Average time per cell 6.59101e-08
Step time per cell    6.3406e-08
 Step 62 time 0.0167426 control sound timestep  0.000273681 1,1 x 0 y 6.95333e-310
Wall clock 482.015
Average time per cell 6.59047e-08
Step time per cell    6.55582e-08
 Step 63 time 0.0170163 control sound timestep  0.00027369 1,1 x 0 y 6.95333e-310
Wall clock 489.847
Average time per cell 6.59124e-08
Step time per cell    6.63768e-08
 Step 64 time 0.01729 control sound timestep  0.000273626 1,1 x 0 y 6.95333e-310
Wall clock 497.554
Average time per cell 6.59034e-08
Step time per cell    6.53121e-08
 Step 65 time 0.0175636 control sound timestep  0.000273585 1,1 x 0 y 6.95333e-310
Wall clock 505.235
Average time per cell 6.58912e-08
Step time per cell    6.50924e-08
 Step 66 time 0.0178372 control sound timestep  0.000273589 1,1 x 0 y 6.95333e-310
Wall clock 513.088
Average time per cell 6.59015e-08
Step time per cell    6.65543e-08
 Step 67 time 0.0181108 control sound timestep  0.000273623 1,1 x 0 y 6.95333e-310
Wall clock 520.84
Average time per cell 6.58987e-08
Step time per cell    6.5695e-08
 Step 68 time 0.0183844 control sound timestep  0.000273678 1,1 x 0 y 6.95333e-310
Wall clock 528.713
Average time per cell 6.59111e-08
Step time per cell    6.67242e-08
 Step 69 time 0.0186581 control sound timestep  0.000273673 1,1 x 0 y 6.95333e-310
Wall clock 536.249
Average time per cell 6.58817e-08
Step time per cell    6.38636e-08
 Step 70 time 0.0189318 control sound timestep  0.000273625 1,1 x 0 y 6.95333e-310
Wall clock 544.513
Average time per cell 6.59413e-08
Step time per cell    7.00257e-08
 Step 71 time 0.0192054 control sound timestep  0.000273591 1,1 x 0 y 6.95333e-310
Wall clock 552.123
Average time per cell 6.59212e-08
Step time per cell    6.45118e-08
 Step 72 time 0.019479 control sound timestep  0.000273594 1,1 x 0 y 6.95333e-310
Wall clock 559.794
Average time per cell 6.59088e-08
Step time per cell    6.50142e-08
 Step 73 time 0.0197526 control sound timestep  0.000273619 1,1 x 0 y 6.95333e-310
Wall clock 567.525
Average time per cell 6.59037e-08
Step time per cell    6.55156e-08
 Step 74 time 0.0200262 control sound timestep  0.00027367 1,1 x 0 y 6.95333e-310
Wall clock 575.263
Average time per cell 6.58995e-08
Step time per cell    6.55833e-08
 Step 75 time 0.0202999 control sound timestep  0.000273662 1,1 x 0 y 6.95333e-310
Wall clock 582.961
Average time per cell 6.58909e-08
Step time per cell    6.52347e-08
 Step 76 time 0.0205735 control sound timestep  0.000273614 1,1 x 0 y 6.95333e-310
Wall clock 590.78
Average time per cell 6.58961e-08
Step time per cell    6.62702e-08
 Step 77 time 0.0208471 control sound timestep  0.000273587 1,1 x 0 y 6.95333e-310
Wall clock 598.443
Average time per cell 6.58839e-08
Step time per cell    6.49265e-08
 Step 78 time 0.0211207 control sound timestep  0.000273593 1,1 x 0 y 6.95333e-310
Wall clock 606.261
Average time per cell 6.58889e-08
Step time per cell    6.6244e-08
 Step 79 time 0.0213943 control sound timestep  0.00027362 1,1 x 0 y 6.95333e-310
Wall clock 613.825
Average time per cell 6.58665e-08
Step time per cell    6.40951e-08
 Step 80 time 0.0216679 control sound timestep  0.000273668 1,1 x 0 y 6.95333e-310
Wall clock 621.901
Average time per cell 6.5899e-08
Step time per cell    6.84466e-08
 Step 81 time 0.0219416 control sound timestep  0.000273665 1,1 x 0 y 6.95333e-310
Wall clock 629.656
Average time per cell 6.5897e-08
Step time per cell    6.57351e-08
 Step 82 time 0.0222153 control sound timestep  0.000273617 1,1 x 0 y 6.95333e-310
Wall clock 637.374
Average time per cell 6.58913e-08
Step time per cell    6.54103e-08
 Step 83 time 0.0224889 control sound timestep  0.000273596 1,1 x 0 y 6.95333e-310
Wall clock 645.007
Average time per cell 6.5877e-08
Step time per cell    6.46767e-08
 Step 84 time 0.0227625 control sound timestep  0.0002736 1,1 x 0 y 6.95333e-310
Wall clock 652.636
Average time per cell 6.58626e-08
Step time per cell    6.46454e-08
 Step 85 time 0.0230361 control sound timestep  0.000273621 1,1 x 0 y 6.95333e-310
Wall clock 660.381
Average time per cell 6.58602e-08
Step time per cell    6.56324e-08
 Step 86 time 0.0233097 control sound timestep  0.000273662 1,1 x 0 y 6.95333e-310
Wall clock 668.256
Average time per cell 6.58706e-08
Step time per cell    6.67356e-08
 Step 87 time 0.0235834 control sound timestep  0.000273655 1,1 x 0 y 6.95333e-310
Wall clock 676.463
First step overhead 0
Node name: r217n10, rank: 2, local_rank: 2, device_energy_consumption [J]: 5705.69
Node name: r217n10, rank: 1, local_rank: 1, device_energy_consumption [J]: 5690.32
Node name: r217n10, rank: 0, local_rank: 0, device_energy_consumption [J]: 5698.12
Node name: r217n10, rank: 3, local_rank: 3, device_energy_consumption [J]: 5694.09
Done
Done
Done
Done
