
Clover Version 1.300
Kokkos Version
Task Count 4

Output file clover.out opened. All output will go there.
Detected SYCL devices:
Detected SYCL devices:
Detected SYCL devices:
Detected SYCL devices:
  0. Tesla V100-SXM2-16GB(gpu)
  0. Tesla V100-SXM2-16GB(gpu)
  0. Tesla V100-SXM2-16GB(gpu)
  0. Tesla V100-SXM2-16GB(gpu)
  1. Tesla V100-SXM2-16GB(gpu)
  1. Tesla V100-SXM2-16GB(gpu)
  1. Tesla V100-SXM2-16GB(gpu)
  1. Tesla V100-SXM2-16GB(gpu)
  2. Tesla V100-SXM2-16GB(gpu)
  2. Tesla V100-SXM2-16GB(gpu)
  2. Tesla V100-SXM2-16GB(gpu)
  2. Tesla V100-SXM2-16GB(gpu)
  3. Tesla V100-SXM2-16GB(gpu)
  4. SYCL host device(host)
  3. Tesla V100-SXM2-16GB(gpu)
  4. SYCL host device(host)
  3. Tesla V100-SXM2-16GB(gpu)
  4. SYCL host device(host)
  3. Tesla V100-SXM2-16GB(gpu)
  4. SYCL host device(host)
Using SYCL device: Tesla V100-SXM2-16GB(gpu)
Using SYCL device: Tesla V100-SXM2-16GB(gpu)
Using SYCL device: Tesla V100-SXM2-16GB(gpu)
Using SYCL device: Tesla V100-SXM2-16GB(gpu)













































Launching hydro
Launching hydro
Launching hydro
Launching hydro
 Step 1 time 0 control sound timestep  0.000385161 1,1 x 1.73837e-310 y 6.95333e-310
Wall clock 9.19042
Average time per cell 7.79081e-08
Step time per cell    7.79081e-08
 Step 2 time 0.000385161 control sound timestep  0.000329734 1,1 x 0 y 6.95333e-310
Wall clock 18.3886
Average time per cell 7.79412e-08
Step time per cell    7.79587e-08
 Step 3 time 0.000714895 control sound timestep  0.000282456 1,1 x 0 y 6.95333e-310
Wall clock 27.5391
Average time per cell 7.78172e-08
Step time per cell    7.75524e-08
 Step 4 time 0.000997351 control sound timestep  0.000258095 1,1 x 0 y 6.95333e-310
Wall clock 36.8889
Average time per cell 7.81777e-08
Step time per cell    7.9244e-08
 Step 5 time 0.00125545 control sound timestep  0.000273822 1,1 x 0 y 6.95333e-310
Wall clock 46.1523
Average time per cell 7.82476e-08
Step time per cell    7.85112e-08
 Step 6 time 0.00152927 control sound timestep  0.000254102 1,1 x 0 y 6.95333e-310
Wall clock 55.4037
Average time per cell 7.82772e-08
Step time per cell    7.84101e-08
 Step 7 time 0.00178337 control sound timestep  0.000254963 1,1 x 0 y 6.95333e-310
Wall clock 64.6779
Average time per cell 7.83259e-08
Step time per cell    7.86011e-08
 Step 8 time 0.00203833 control sound timestep  0.0002589 1,1 x 0 y 6.95333e-310
Wall clock 73.963
Average time per cell 7.8374e-08
Step time per cell    7.86911e-08
 Step 9 time 0.00229723 control sound timestep  0.000260092 1,1 x 0 y 6.95333e-310
Wall clock 83.1851
Average time per cell 7.83521e-08
Step time per cell    7.81353e-08
 Step 10 time 0.00255732 control sound timestep  0.000261706 1,1 x 0 y 6.95333e-310
Wall clock 92.9744
Average time per cell 7.88154e-08
Step time per cell    8.29684e-08
 Step 11 time 0.00281903 control sound timestep  0.000262084 1,1 x 0 y 6.95333e-310
Wall clock 102.221
Average time per cell 7.87764e-08
Step time per cell    7.83866e-08
 Step 12 time 0.00308111 control sound timestep  0.000265907 1,1 x 0 y 6.95333e-310
Wall clock 111.25
Average time per cell 7.85897e-08
Step time per cell    7.6518e-08
 Step 13 time 0.00334702 control sound timestep  0.000270221 1,1 x 0 y 6.95333e-310
Wall clock 120.456
Average time per cell 7.85477e-08
Step time per cell    7.80269e-08
 Step 14 time 0.00361724 control sound timestep  0.000272782 1,1 x 0 y 6.95333e-310
Wall clock 129.819
Average time per cell 7.86062e-08
Step time per cell    7.93519e-08
 Step 15 time 0.00389002 control sound timestep  0.00027247 1,1 x 0 y 6.95333e-310
Wall clock 139.081
Average time per cell 7.86002e-08
Step time per cell    7.84974e-08
 Step 16 time 0.00416249 control sound timestep  0.000271585 1,1 x 0 y 6.95333e-310
Wall clock 148.343
Average time per cell 7.85949e-08
Step time per cell    7.8501e-08
 Step 17 time 0.00443408 control sound timestep  0.000271711 1,1 x 0 y 6.95333e-310
Wall clock 157.536
Average time per cell 7.85559e-08
Step time per cell    7.79169e-08
 Step 18 time 0.00470579 control sound timestep  0.000272424 1,1 x 0 y 6.95333e-310
Wall clock 166.872
Average time per cell 7.85886e-08
Step time per cell    7.9129e-08
 Step 19 time 0.00497821 control sound timestep  0.000273667 1,1 x 0 y 6.95333e-310
Wall clock 176.08
Average time per cell 7.85604e-08
Step time per cell    7.804e-08
 Step 20 time 0.00525188 control sound timestep  0.000274535 1,1 x 0 y 6.95333e-310
Wall clock 185.856
Average time per cell 7.8776e-08
Step time per cell    8.28601e-08
 Step 21 time 0.00552642 control sound timestep  0.000273697 1,1 x 0 y 6.95333e-310
Wall clock 195.088
Average time per cell 7.87513e-08
Step time per cell    7.82574e-08
 Step 22 time 0.00580011 control sound timestep  0.000273014 1,1 x 0 y 6.95333e-310
Wall clock 204.379
Average time per cell 7.87518e-08
Step time per cell    7.87453e-08
 Step 23 time 0.00607313 control sound timestep  0.000272848 1,1 x 0 y 6.95333e-310
Wall clock 213.663
Average time per cell 7.87496e-08
Step time per cell    7.86862e-08
 Step 24 time 0.00634597 control sound timestep  0.00027299 1,1 x 0 y 6.95333e-310
Wall clock 222.964
Average time per cell 7.87539e-08
Step time per cell    7.88349e-08
 Step 25 time 0.00661896 control sound timestep  0.000273599 1,1 x 0 y 6.95333e-310
Wall clock 232.211
Average time per cell 7.87391e-08
Step time per cell    7.83666e-08
 Step 26 time 0.00689256 control sound timestep  0.000274187 1,1 x 0 y 6.95333e-310
Wall clock 241.459
Average time per cell 7.8726e-08
Step time per cell    7.83835e-08
 Step 27 time 0.00716675 control sound timestep  0.000273881 1,1 x 0 y 6.95333e-310
Wall clock 250.737
Average time per cell 7.8723e-08
Step time per cell    7.86316e-08
 Step 28 time 0.00744063 control sound timestep  0.000273445 1,1 x 0 y 6.95333e-310
Wall clock 259.951
Average time per cell 7.87012e-08
Step time per cell    7.80971e-08
 Step 29 time 0.00771408 control sound timestep  0.000273269 1,1 x 0 y 6.95333e-310
Wall clock 269.166
Average time per cell 7.86808e-08
Step time per cell    7.80955e-08
 Step 30 time 0.00798735 control sound timestep  0.000273254 1,1 x 0 y 6.95333e-310
Wall clock 278.851
Average time per cell 7.87949e-08
Step time per cell    8.20866e-08
 Step 31 time 0.0082606 control sound timestep  0.00027349 1,1 x 0 y 6.95333e-310
Wall clock 288.117
Average time per cell 7.87871e-08
Step time per cell    7.85529e-08
 Step 32 time 0.00853409 control sound timestep  0.000273823 1,1 x 0 y 6.95333e-310
Wall clock 297.375
Average time per cell 7.87775e-08
Step time per cell    7.84664e-08
 Step 33 time 0.00880791 control sound timestep  0.000273834 1,1 x 0 y 6.95333e-310
Wall clock 306.638
Average time per cell 7.87697e-08
Step time per cell    7.85016e-08
 Step 34 time 0.00908175 control sound timestep  0.00027356 1,1 x 0 y 6.95333e-310
Wall clock 315.852
Average time per cell 7.87504e-08
Step time per cell    7.80975e-08
 Step 35 time 0.00935531 control sound timestep  0.000273428 1,1 x 0 y 6.95333e-310
Wall clock 325.039
Average time per cell 7.87255e-08
Step time per cell    7.78627e-08
 Step 36 time 0.00962873 control sound timestep  0.000273413 1,1 x 0 y 6.95333e-310
Wall clock 334.34
Average time per cell 7.87288e-08
Step time per cell    7.88291e-08
 Step 37 time 0.00990215 control sound timestep  0.000273532 1,1 x 0 y 6.95333e-310
Wall clock 343.438
Average time per cell 7.86854e-08
Step time per cell    7.71056e-08
 Step 38 time 0.0101757 control sound timestep  0.00027374 1,1 x 0 y 6.95333e-310
Wall clock 352.819
Average time per cell 7.87074e-08
Step time per cell    7.95057e-08
 Step 39 time 0.0104494 control sound timestep  0.000273779 1,1 x 0 y 6.95333e-310
Wall clock 362.097
Average time per cell 7.87061e-08
Step time per cell    7.86371e-08
 Step 40 time 0.0107232 control sound timestep  0.000273602 1,1 x 0 y 6.95333e-310
Wall clock 371.877
Average time per cell 7.88111e-08
Step time per cell    8.28891e-08
 Step 41 time 0.0109968 control sound timestep  0.00027351 1,1 x 0 y 6.95333e-310
Wall clock 381.01
Average time per cell 7.87771e-08
Step time per cell    7.7418e-08
 Step 42 time 0.0112703 control sound timestep  0.000273496 1,1 x 0 y 6.95333e-310
Wall clock 390.319
Average time per cell 7.87803e-08
Step time per cell    7.88966e-08
 Step 43 time 0.0115438 control sound timestep  0.000273575 1,1 x 0 y 6.95333e-310
Wall clock 399.466
Average time per cell 7.87515e-08
Step time per cell    7.7523e-08
 Step 44 time 0.0118174 control sound timestep  0.000273713 1,1 x 0 y 6.95333e-310
Wall clock 408.73
Average time per cell 7.87466e-08
Step time per cell    7.85206e-08
 Step 45 time 0.0120911 control sound timestep  0.000273733 1,1 x 0 y 6.95333e-310
Wall clock 418.004
Average time per cell 7.87436e-08
Step time per cell    7.85961e-08
 Step 46 time 0.0123648 control sound timestep  0.000273612 1,1 x 0 y 6.95333e-310
Wall clock 427.269
Average time per cell 7.87393e-08
Step time per cell    7.85295e-08
 Step 47 time 0.0126384 control sound timestep  0.000273542 1,1 x 0 y 6.95333e-310
Wall clock 436.61
Average time per cell 7.87487e-08
Step time per cell    7.91629e-08
 Step 48 time 0.012912 control sound timestep  0.000273531 1,1 x 0 y 6.95333e-310
Wall clock 445.849
Average time per cell 7.87397e-08
Step time per cell    7.83039e-08
 Step 49 time 0.0131855 control sound timestep  0.000273603 1,1 x 0 y 6.95333e-310
Wall clock 455.157
Average time per cell 7.87431e-08
Step time per cell    7.8883e-08
 Step 50 time 0.0134591 control sound timestep  0.000273697 1,1 x 0 y 6.95333e-310
Wall clock 464.912
Average time per cell 7.88222e-08
Step time per cell    8.26822e-08
 Step 51 time 0.0137328 control sound timestep  0.000273715 1,1 x 0 y 6.95333e-310
Wall clock 474.076
Average time per cell 7.87998e-08
Step time per cell    7.76526e-08
 Step 52 time 0.0140065 control sound timestep  0.000273613 1,1 x 0 y 6.95333e-310
Wall clock 483.315
Average time per cell 7.87906e-08
Step time per cell    7.82993e-08
 Step 53 time 0.0142801 control sound timestep  0.00027356 1,1 x 0 y 6.95333e-310
Wall clock 492.538
Average time per cell 7.87791e-08
Step time per cell    7.81606e-08
 Step 54 time 0.0145537 control sound timestep  0.000273555 1,1 x 0 y 6.95333e-310
Wall clock 501.853
Average time per cell 7.87826e-08
Step time per cell    7.89385e-08
 Step 55 time 0.0148273 control sound timestep  0.000273614 1,1 x 0 y 6.95333e-310
Wall clock 511.157
Average time per cell 7.87842e-08
Step time per cell    7.88468e-08
 Step 56 time 0.0151009 control sound timestep  0.00027369 1,1 x 0 y 6.95333e-310
Wall clock 520.486
Average time per cell 7.87896e-08
Step time per cell    7.90617e-08
 Step 57 time 0.0153746 control sound timestep  0.000273698 1,1 x 0 y 6.95333e-310
Wall clock 529.709
Average time per cell 7.87789e-08
Step time per cell    7.81549e-08
 Step 58 time 0.0156483 control sound timestep  0.000273615 1,1 x 0 y 6.95333e-310
Wall clock 538.981
Average time per cell 7.87758e-08
Step time per cell    7.85804e-08
 Step 59 time 0.0159219 control sound timestep  0.00027357 1,1 x 0 y 6.95333e-310
Wall clock 548.264
Average time per cell 7.87744e-08
Step time per cell    7.86748e-08
 Step 60 time 0.0161954 control sound timestep  0.000273569 1,1 x 0 y 6.95333e-310
Wall clock 557.958
Average time per cell 7.88312e-08
Step time per cell    8.21591e-08
 Step 61 time 0.016469 control sound timestep  0.000273616 1,1 x 0 y 6.95333e-310
Wall clock 567.124
Average time per cell 7.88126e-08
Step time per cell    7.76995e-08
 Step 62 time 0.0167426 control sound timestep  0.000273681 1,1 x 0 y 6.95333e-310
Wall clock 576.358
Average time per cell 7.88039e-08
Step time per cell    7.82508e-08
 Step 63 time 0.0170163 control sound timestep  0.00027369 1,1 x 0 y 6.95333e-310
Wall clock 585.585
Average time per cell 7.87947e-08
Step time per cell    7.8196e-08
 Step 64 time 0.01729 control sound timestep  0.000273626 1,1 x 0 y 6.95333e-310
Wall clock 594.816
Average time per cell 7.87862e-08
Step time per cell    7.8225e-08
 Step 65 time 0.0175636 control sound timestep  0.000273585 1,1 x 0 y 6.95333e-310
Wall clock 604.046
Average time per cell 7.87778e-08
Step time per cell    7.82217e-08
 Step 66 time 0.0178372 control sound timestep  0.000273589 1,1 x 0 y 6.95333e-310
Wall clock 613.422
Average time per cell 7.87886e-08
Step time per cell    7.94661e-08
 Step 67 time 0.0181108 control sound timestep  0.000273623 1,1 x 0 y 6.95333e-310
Wall clock 622.702
Average time per cell 7.87867e-08
Step time per cell    7.86429e-08
 Step 68 time 0.0183844 control sound timestep  0.000273678 1,1 x 0 y 6.95333e-310
Wall clock 631.927
Average time per cell 7.87781e-08
Step time per cell    7.81884e-08
 Step 69 time 0.0186581 control sound timestep  0.000273673 1,1 x 0 y 6.95333e-310
Wall clock 641.207
Average time per cell 7.87764e-08
Step time per cell    7.8643e-08
 Step 70 time 0.0189318 control sound timestep  0.000273625 1,1 x 0 y 6.95333e-310
Wall clock 650.907
Average time per cell 7.88258e-08
Step time per cell    8.22141e-08
 Step 71 time 0.0192054 control sound timestep  0.000273591 1,1 x 0 y 6.95333e-310
Wall clock 660.173
Average time per cell 7.88219e-08
Step time per cell    7.8547e-08
 Step 72 time 0.019479 control sound timestep  0.000273594 1,1 x 0 y 6.95333e-310
Wall clock 669.404
Average time per cell 7.88139e-08
Step time per cell    7.82056e-08
 Step 73 time 0.0197526 control sound timestep  0.000273619 1,1 x 0 y 6.95333e-310
Wall clock 678.766
Average time per cell 7.88215e-08
Step time per cell    7.93498e-08
 Step 74 time 0.0200262 control sound timestep  0.00027367 1,1 x 0 y 6.95333e-310
Wall clock 688.156
Average time per cell 7.8832e-08
Step time per cell    7.95781e-08
 Step 75 time 0.0202999 control sound timestep  0.000273662 1,1 x 0 y 6.95333e-310
Wall clock 697.477
Average time per cell 7.88345e-08
Step time per cell    7.90058e-08
 Step 76 time 0.0205735 control sound timestep  0.000273614 1,1 x 0 y 6.95333e-310
Wall clock 706.821
Average time per cell 7.88395e-08
Step time per cell    7.91704e-08
 Step 77 time 0.0208471 control sound timestep  0.000273587 1,1 x 0 y 6.95333e-310
Wall clock 716.152
Average time per cell 7.88428e-08
Step time per cell    7.90949e-08
 Step 78 time 0.0211207 control sound timestep  0.000273593 1,1 x 0 y 6.95333e-310
Wall clock 725.539
Average time per cell 7.88522e-08
Step time per cell    7.9577e-08
 Step 79 time 0.0213943 control sound timestep  0.00027362 1,1 x 0 y 6.95333e-310
Wall clock 734.833
Average time per cell 7.88514e-08
Step time per cell    7.87856e-08
 Step 80 time 0.0216679 control sound timestep  0.000273668 1,1 x 0 y 6.95333e-310
Wall clock 744.67
Average time per cell 7.89081e-08
Step time per cell    8.33826e-08
 Step 81 time 0.0219416 control sound timestep  0.000273665 1,1 x 0 y 6.95333e-310
Wall clock 753.935
Average time per cell 7.89035e-08
Step time per cell    7.85394e-08
 Step 82 time 0.0222153 control sound timestep  0.000273617 1,1 x 0 y 6.95333e-310
Wall clock 763.287
Average time per cell 7.89081e-08
Step time per cell    7.92785e-08
 Step 83 time 0.0224889 control sound timestep  0.000273596 1,1 x 0 y 6.95333e-310
Wall clock 772.566
Average time per cell 7.89051e-08
Step time per cell    7.86551e-08
 Step 84 time 0.0227625 control sound timestep  0.0002736 1,1 x 0 y 6.95333e-310
Wall clock 781.857
Average time per cell 7.89034e-08
Step time per cell    7.87645e-08
 Step 85 time 0.0230361 control sound timestep  0.000273621 1,1 x 0 y 6.95333e-310
Wall clock 791.202
Average time per cell 7.89071e-08
Step time per cell    7.92182e-08
 Step 86 time 0.0233097 control sound timestep  0.000273662 1,1 x 0 y 6.95333e-310
Wall clock 800.602
Average time per cell 7.89161e-08
Step time per cell    7.96757e-08
 Step 87 time 0.0235834 control sound timestep  0.000273655 1,1 x 0 y 6.95333e-310
Wall clock 810.449
First step overhead 0
Node name: r207n10, rank: 0, local_rank: 0, device_energy_consumption [J]: 7035.87
Node name: r207n10, rank: 2, local_rank: 2, device_energy_consumption [J]: 7033.33
Node name: r207n10, rank: 1, local_rank: 1, device_energy_consumption [J]: 7028
Node name: r207n10, rank: 3, local_rank: 3, device_energy_consumption [J]: 7032.4
Done
Done
Done
Done
