
Clover Version 1.300
Kokkos Version
Task Count 8

Output file clover.out opened. All output will go there.
Detected SYCL devices:
Detected SYCL devices:
Detected SYCL devices:
Detected SYCL devices:
Detected SYCL devices:
Detected SYCL devices:
  0. Tesla V100-SXM2-16GB(gpu)
Detected SYCL devices:
Detected SYCL devices:
  0. Tesla V100-SXM2-16GB(gpu)
  0. Tesla V100-SXM2-16GB(gpu)
  0. Tesla V100-SXM2-16GB(gpu)
  0. Tesla V100-SXM2-16GB(gpu)
  0. Tesla V100-SXM2-16GB(gpu)
  0. Tesla V100-SXM2-16GB(gpu)
  0. Tesla V100-SXM2-16GB(gpu)
  1. Tesla V100-SXM2-16GB(gpu)
  1. Tesla V100-SXM2-16GB(gpu)
  1. Tesla V100-SXM2-16GB(gpu)
  1. Tesla V100-SXM2-16GB(gpu)
  1. Tesla V100-SXM2-16GB(gpu)
  1. Tesla V100-SXM2-16GB(gpu)
  1. Tesla V100-SXM2-16GB(gpu)
  2. Tesla V100-SXM2-16GB(gpu)
  1. Tesla V100-SXM2-16GB(gpu)
  2. Tesla V100-SXM2-16GB(gpu)
  2. Tesla V100-SXM2-16GB(gpu)
  2. Tesla V100-SXM2-16GB(gpu)
  2. Tesla V100-SXM2-16GB(gpu)
  2. Tesla V100-SXM2-16GB(gpu)
  2. Tesla V100-SXM2-16GB(gpu)
  2. Tesla V100-SXM2-16GB(gpu)
  3. Tesla V100-SXM2-16GB(gpu)
  4. SYCL host device(host)
  3. Tesla V100-SXM2-16GB(gpu)
  4. SYCL host device(host)
  3. Tesla V100-SXM2-16GB(gpu)
  4. SYCL host device(host)
  3. Tesla V100-SXM2-16GB(gpu)
  4. SYCL host device(host)
  3. Tesla V100-SXM2-16GB(gpu)
  4. SYCL host device(host)
  3. Tesla V100-SXM2-16GB(gpu)
  4. SYCL host device(host)
  3. Tesla V100-SXM2-16GB(gpu)
  4. SYCL host device(host)
Using SYCL device: Tesla V100-SXM2-16GB(gpu)
  3. Tesla V100-SXM2-16GB(gpu)
  4. SYCL host device(host)
Using SYCL device: Tesla V100-SXM2-16GB(gpu)
Using SYCL device: Tesla V100-SXM2-16GB(gpu)
Using SYCL device: Tesla V100-SXM2-16GB(gpu)
Using SYCL device: Tesla V100-SXM2-16GB(gpu)
Using SYCL device: Tesla V100-SXM2-16GB(gpu)
Using SYCL device: Tesla V100-SXM2-16GB(gpu)
Using SYCL device: Tesla V100-SXM2-16GB(gpu)









































































































Launching hydro
Launching hydro
Launching hydro
Launching hydro
Launching hydro
Launching hydro
Launching hydro
Launching hydro
 Step 1 time 0 control sound timestep  0.000385161 1,1 x 1.73837e-310 y 6.95334e-310
Wall clock 9.91498
Average time per cell 4.20252e-08
Step time per cell    4.20252e-08
 Step 2 time 0.000385161 control sound timestep  0.000235418 1,1 x 0 y 6.95334e-310
Wall clock 19.1659
Average time per cell 4.06179e-08
Step time per cell    3.9199e-08
 Step 3 time 0.00062058 control sound timestep  0.000282498 1,1 x 0 y 6.95334e-310
Wall clock 29.1784
Average time per cell 4.12247e-08
Step time per cell    4.24284e-08
 Step 4 time 0.000903077 control sound timestep  0.000256588 1,1 x 0 y 6.95334e-310
Wall clock 38.7438
Average time per cell 4.10544e-08
Step time per cell    4.05336e-08
 Step 5 time 0.00115967 control sound timestep  0.00027389 1,1 x 0 y 6.95334e-310
Wall clock 48.4722
Average time per cell 4.10904e-08
Step time per cell    4.12232e-08
 Step 6 time 0.00143356 control sound timestep  0.000256016 1,1 x 0 y 6.95334e-310
Wall clock 58.0058
Average time per cell 4.09768e-08
Step time per cell    4.03967e-08
 Step 7 time 0.00168957 control sound timestep  0.000259456 1,1 x 0 y 6.95334e-310
Wall clock 67.8369
Average time per cell 4.10757e-08
Step time per cell    4.16603e-08
 Step 8 time 0.00194903 control sound timestep  0.000259078 1,1 x 0 y 6.95334e-310
Wall clock 77.4085
Average time per cell 4.10125e-08
Step time per cell    4.05602e-08
 Step 9 time 0.00220811 control sound timestep  0.00025843 1,1 x 0 y 6.95334e-310
Wall clock 86.9625
Average time per cell 4.0955e-08
Step time per cell    4.04859e-08
 Step 10 time 0.00246654 control sound timestep  0.000256908 1,1 x 0 y 6.95334e-310
Wall clock 97.7187
Average time per cell 4.14186e-08
Step time per cell    4.55814e-08
 Step 11 time 0.00272344 control sound timestep  0.000260648 1,1 x 0 y 6.95334e-310
Wall clock 107.296
Average time per cell 4.13437e-08
Step time per cell    4.05947e-08
 Step 12 time 0.00298409 control sound timestep  0.000265051 1,1 x 0 y 6.95334e-310
Wall clock 116.923
Average time per cell 4.12986e-08
Step time per cell    4.07921e-08
 Step 13 time 0.00324914 control sound timestep  0.00026782 1,1 x 0 y 6.95334e-310
Wall clock 127.2
Average time per cell 4.14725e-08
Step time per cell    4.35476e-08
 Step 14 time 0.00351696 control sound timestep  0.000270543 1,1 x 0 y 6.95334e-310
Wall clock 136.925
Average time per cell 4.14545e-08
Step time per cell    4.12136e-08
 Step 15 time 0.00378751 control sound timestep  0.000273385 1,1 x 0 y 6.95334e-310
Wall clock 146.412
Average time per cell 4.13718e-08
Step time per cell    4.02034e-08
 Step 16 time 0.00406089 control sound timestep  0.000272241 1,1 x 0 y 6.95334e-310
Wall clock 155.954
Average time per cell 4.13136e-08
Step time per cell    4.04342e-08
 Step 17 time 0.00433313 control sound timestep  0.000271783 1,1 x 0 y 6.95334e-310
Wall clock 165.801
Average time per cell 4.13386e-08
Step time per cell    4.17306e-08
 Step 18 time 0.00460491 control sound timestep  0.000272317 1,1 x 0 y 6.95334e-310
Wall clock 175.533
Average time per cell 4.13336e-08
Step time per cell    4.12422e-08
 Step 19 time 0.00487723 control sound timestep  0.000273632 1,1 x 0 y 6.95334e-310
Wall clock 185.236
Average time per cell 4.13229e-08
Step time per cell    4.11219e-08
 Step 20 time 0.00515086 control sound timestep  0.000275245 1,1 x 0 y 6.95334e-310
Wall clock 195.395
Average time per cell 4.14096e-08
Step time per cell    4.30511e-08
 Step 21 time 0.00542611 control sound timestep  0.000274273 1,1 x 0 y 6.95334e-310
Wall clock 204.86
Average time per cell 4.13482e-08
Step time per cell    4.01186e-08
 Step 22 time 0.00570038 control sound timestep  0.000273474 1,1 x 0 y 6.95334e-310
Wall clock 214.56
Average time per cell 4.13375e-08
Step time per cell    4.11037e-08
 Step 23 time 0.00597385 control sound timestep  0.000273069 1,1 x 0 y 6.95334e-310
Wall clock 224.247
Average time per cell 4.13253e-08
Step time per cell    4.10467e-08
 Step 24 time 0.00624692 control sound timestep  0.000273166 1,1 x 0 y 6.95334e-310
Wall clock 233.893
Average time per cell 4.1307e-08
Step time per cell    4.08799e-08
 Step 25 time 0.00652009 control sound timestep  0.000273656 1,1 x 0 y 6.95334e-310
Wall clock 243.449
Average time per cell 4.12748e-08
Step time per cell    4.04932e-08
 Step 26 time 0.00679375 control sound timestep  0.000274302 1,1 x 0 y 6.95334e-310
Wall clock 253.163
Average time per cell 4.1271e-08
Step time per cell    4.11675e-08
 Step 27 time 0.00706805 control sound timestep  0.000274192 1,1 x 0 y 6.95334e-310
Wall clock 262.822
Average time per cell 4.12587e-08
Step time per cell    4.09311e-08
 Step 28 time 0.00734224 control sound timestep  0.000273729 1,1 x 0 y 6.95334e-310
Wall clock 272.24
Average time per cell 4.12108e-08
Step time per cell    3.99104e-08
 Step 29 time 0.00761597 control sound timestep  0.000273498 1,1 x 0 y 6.95334e-310
Wall clock 282.396
Average time per cell 4.12741e-08
Step time per cell    4.30378e-08
 Step 30 time 0.00788947 control sound timestep  0.00027349 1,1 x 0 y 6.95334e-310
Wall clock 292.443
Average time per cell 4.13179e-08
Step time per cell    4.25783e-08
 Step 31 time 0.00816296 control sound timestep  0.000273656 1,1 x 0 y 6.95334e-310
Wall clock 301.871
Average time per cell 4.12741e-08
Step time per cell    3.99604e-08
 Step 32 time 0.00843661 control sound timestep  0.000273961 1,1 x 0 y 6.95334e-310
Wall clock 311.763
Average time per cell 4.12945e-08
Step time per cell    4.19191e-08
 Step 33 time 0.00871057 control sound timestep  0.000274016 1,1 x 0 y 6.95334e-310
Wall clock 321.525
Average time per cell 4.1297e-08
Step time per cell    4.13712e-08
 Step 34 time 0.00898459 control sound timestep  0.000273731 1,1 x 0 y 6.95334e-310
Wall clock 331.164
Average time per cell 4.1284e-08
Step time per cell    4.08461e-08
 Step 35 time 0.00925832 control sound timestep  0.000273583 1,1 x 0 y 6.95334e-310
Wall clock 341.056
Average time per cell 4.13024e-08
Step time per cell    4.19214e-08
 Step 36 time 0.0095319 control sound timestep  0.000273575 1,1 x 0 y 6.95334e-310
Wall clock 350.587
Average time per cell 4.12773e-08
Step time per cell    4.03903e-08
 Step 37 time 0.00980548 control sound timestep  0.000273663 1,1 x 0 y 6.95334e-310
Wall clock 360.343
Average time per cell 4.12792e-08
Step time per cell    4.13413e-08
 Step 38 time 0.0100791 control sound timestep  0.000273856 1,1 x 0 y 6.95334e-310
Wall clock 370.018
Average time per cell 4.12722e-08
Step time per cell    4.10028e-08
 Step 39 time 0.010353 control sound timestep  0.000273923 1,1 x 0 y 6.95334e-310
Wall clock 379.856
Average time per cell 4.1283e-08
Step time per cell    4.16847e-08
 Step 40 time 0.0106269 control sound timestep  0.00027374 1,1 x 0 y 6.95334e-310
Wall clock 390.153
Average time per cell 4.13421e-08
Step time per cell    4.36398e-08
 Step 41 time 0.0109007 control sound timestep  0.00027364 1,1 x 0 y 6.95334e-310
Wall clock 399.653
Average time per cell 4.13158e-08
Step time per cell    4.02637e-08
 Step 42 time 0.0111743 control sound timestep  0.00027363 1,1 x 0 y 6.95334e-310
Wall clock 409.259
Average time per cell 4.13016e-08
Step time per cell    4.0708e-08
 Step 43 time 0.0114479 control sound timestep  0.000273692 1,1 x 0 y 6.95334e-310
Wall clock 418.959
Average time per cell 4.12972e-08
Step time per cell    4.11066e-08
 Step 44 time 0.0117216 control sound timestep  0.000273825 1,1 x 0 y 6.95334e-310
Wall clock 428.648
Average time per cell 4.1292e-08
Step time per cell    4.10605e-08
 Step 45 time 0.0119954 control sound timestep  0.000273862 1,1 x 0 y 6.95334e-310
Wall clock 438.333
Average time per cell 4.12866e-08
Step time per cell    4.10458e-08
 Step 46 time 0.0122693 control sound timestep  0.000273729 1,1 x 0 y 6.95334e-310
Wall clock 447.921
Average time per cell 4.12726e-08
Step time per cell    4.06336e-08
 Step 47 time 0.012543 control sound timestep  0.000273664 1,1 x 0 y 6.95334e-310
Wall clock 457.592
Average time per cell 4.12666e-08
Step time per cell    4.09826e-08
 Step 48 time 0.0128167 control sound timestep  0.000273658 1,1 x 0 y 6.95334e-310
Wall clock 467.579
Average time per cell 4.12887e-08
Step time per cell    4.23114e-08
 Step 49 time 0.0130904 control sound timestep  0.000273712 1,1 x 0 y 6.95334e-310
Wall clock 477.205
Average time per cell 4.12787e-08
Step time per cell    4.07932e-08
 Step 50 time 0.0133641 control sound timestep  0.000273812 1,1 x 0 y 6.95334e-310
Wall clock 487.364
Average time per cell 4.13144e-08
Step time per cell    4.30531e-08
 Step 51 time 0.0136379 control sound timestep  0.000273827 1,1 x 0 y 6.95334e-310
Wall clock 497.111
Average time per cell 4.13143e-08
Step time per cell    4.13135e-08
 Step 52 time 0.0139117 control sound timestep  0.000273719 1,1 x 0 y 6.95334e-310
Wall clock 506.596
Average time per cell 4.1293e-08
Step time per cell    4.01946e-08
 Step 53 time 0.0141854 control sound timestep  0.000273671 1,1 x 0 y 6.95334e-310
Wall clock 516.342
Average time per cell 4.12933e-08
Step time per cell    4.13026e-08
 Step 54 time 0.0144591 control sound timestep  0.000273665 1,1 x 0 y 6.95334e-310
Wall clock 526.234
Average time per cell 4.1305e-08
Step time per cell    4.19176e-08
 Step 55 time 0.0147328 control sound timestep  0.000273709 1,1 x 0 y 6.95334e-310
Wall clock 535.947
Average time per cell 4.13025e-08
Step time per cell    4.11626e-08
 Step 56 time 0.0150065 control sound timestep  0.000273785 1,1 x 0 y 6.95334e-310
Wall clock 545.654
Average time per cell 4.12997e-08
Step time per cell    4.11336e-08
 Step 57 time 0.0152803 control sound timestep  0.000273803 1,1 x 0 y 6.95334e-310
Wall clock 555.159
Average time per cell 4.12819e-08
Step time per cell    4.02791e-08
 Step 58 time 0.0155541 control sound timestep  0.000273716 1,1 x 0 y 6.95334e-310
Wall clock 564.698
Average time per cell 4.12673e-08
Step time per cell    4.04249e-08
 Step 59 time 0.0158278 control sound timestep  0.000273674 1,1 x 0 y 6.95334e-310
Wall clock 574.225
Average time per cell 4.12522e-08
Step time per cell    4.03724e-08
 Step 60 time 0.0161015 control sound timestep  0.000273667 1,1 x 0 y 6.95334e-310
Wall clock 584.416
Average time per cell 4.12847e-08
Step time per cell    4.31892e-08
 Step 61 time 0.0163751 control sound timestep  0.000273705 1,1 x 0 y 6.95334e-310
Wall clock 593.84
Average time per cell 4.12627e-08
Step time per cell    3.99418e-08
 Step 62 time 0.0166488 control sound timestep  0.000273771 1,1 x 0 y 6.95334e-310
Wall clock 603.481
Average time per cell 4.12563e-08
Step time per cell    4.08596e-08
 Step 63 time 0.0169226 control sound timestep  0.000273793 1,1 x 0 y 6.95334e-310
Wall clock 613.258
Average time per cell 4.12591e-08
Step time per cell    4.14315e-08
 Step 64 time 0.0171964 control sound timestep  0.000273721 1,1 x 0 y 6.95334e-310
Wall clock 622.814
Average time per cell 4.12474e-08
Step time per cell    4.0498e-08
 Step 65 time 0.0174701 control sound timestep  0.000273687 1,1 x 0 y 6.95334e-310
Wall clock 632.454
Average time per cell 4.12414e-08
Step time per cell    4.08513e-08
 Step 66 time 0.0177438 control sound timestep  0.000273677 1,1 x 0 y 6.95334e-310
Wall clock 642.06
Average time per cell 4.12334e-08
Step time per cell    4.06852e-08
 Step 67 time 0.0180175 control sound timestep  0.000273708 1,1 x 0 y 6.95334e-310
Wall clock 651.974
Average time per cell 4.12452e-08
Step time per cell    4.20124e-08
 Step 68 time 0.0182912 control sound timestep  0.000273762 1,1 x 0 y 6.95334e-310
Wall clock 661.631
Average time per cell 4.12405e-08
Step time per cell    4.09201e-08
 Step 69 time 0.0185649 control sound timestep  0.000273775 1,1 x 0 y 6.95334e-310
Wall clock 671.152
Average time per cell 4.12277e-08
Step time per cell    4.03461e-08
 Step 70 time 0.0188387 control sound timestep  0.000273719 1,1 x 0 y 6.95334e-310
Wall clock 681.48
Average time per cell 4.12641e-08
Step time per cell    4.3769e-08
 Step 71 time 0.0191124 control sound timestep  0.000273689 1,1 x 0 y 6.95334e-310
Wall clock 690.992
Average time per cell 4.12508e-08
Step time per cell    4.03195e-08
 Step 72 time 0.0193861 control sound timestep  0.000273682 1,1 x 0 y 6.95334e-310
Wall clock 700.466
Average time per cell 4.12356e-08
Step time per cell    4.01467e-08
 Step 73 time 0.0196598 control sound timestep  0.000273708 1,1 x 0 y 6.95334e-310
Wall clock 710.173
Average time per cell 4.12343e-08
Step time per cell    4.1137e-08
 Step 74 time 0.0199335 control sound timestep  0.000273757 1,1 x 0 y 6.95334e-310
Wall clock 719.799
Average time per cell 4.12285e-08
Step time per cell    4.07944e-08
 Step 75 time 0.0202073 control sound timestep  0.000273759 1,1 x 0 y 6.95334e-310
Wall clock 729.46
Average time per cell 4.12247e-08
Step time per cell    4.0938e-08
 Step 76 time 0.020481 control sound timestep  0.000273708 1,1 x 0 y 6.95334e-310
Wall clock 738.947
Average time per cell 4.12114e-08
Step time per cell    4.02043e-08
 Step 77 time 0.0207547 control sound timestep  0.000273679 1,1 x 0 y 6.95334e-310
Wall clock 748.511
Average time per cell 4.12026e-08
Step time per cell    4.05305e-08
 Step 78 time 0.0210284 control sound timestep  0.000273677 1,1 x 0 y 6.95334e-310
Wall clock 758.355
Average time per cell 4.12093e-08
Step time per cell    4.17155e-08
 Step 79 time 0.0213021 control sound timestep  0.000273709 1,1 x 0 y 6.95334e-310
Wall clock 768.086
Average time per cell 4.12098e-08
Step time per cell    4.1238e-08
 Step 80 time 0.0215758 control sound timestep  0.000273748 1,1 x 0 y 6.95334e-310
Wall clock 778.386
Average time per cell 4.12404e-08
Step time per cell    4.36535e-08
 Step 81 time 0.0218496 control sound timestep  0.000273766 1,1 x 0 y 6.95334e-310
Wall clock 787.955
Average time per cell 4.1232e-08
Step time per cell    4.05572e-08
 Step 82 time 0.0221233 control sound timestep  0.000273718 1,1 x 0 y 6.95334e-310
Wall clock 797.543
Average time per cell 4.12247e-08
Step time per cell    4.06259e-08
 Step 83 time 0.022397 control sound timestep  0.000273687 1,1 x 0 y 6.95334e-310
Wall clock 807.234
Average time per cell 4.1223e-08
Step time per cell    4.10678e-08
 Step 84 time 0.0226707 control sound timestep  0.000273685 1,1 x 0 y 6.95334e-310
Wall clock 817.108
Average time per cell 4.12304e-08
Step time per cell    4.18391e-08
 Step 85 time 0.0229444 control sound timestep  0.000273711 1,1 x 0 y 6.95334e-310
Wall clock 826.782
Average time per cell 4.12277e-08
Step time per cell    4.09925e-08
 Step 86 time 0.0232181 control sound timestep  0.000273743 1,1 x 0 y 6.95334e-310
Wall clock 836.434
Average time per cell 4.1224e-08
Step time per cell    4.08991e-08
 Step 87 time 0.0234919 control sound timestep  0.000273754 1,1 x 0 y 6.95334e-310
Wall clock 846.615
First step overhead 0
Node name: r248n04, rank: 3, local_rank: 3, device_energy_consumption [J]: 7296.41
Node name: r248n04, rank: 1, local_rank: 1, device_energy_consumption [J]: 8274.54
Node name: r248n04, rank: 0, local_rank: 0, device_energy_consumption [J]: 8276.57
Node name: r248n04, rank: 2, local_rank: 2, device_energy_consumption [J]: 7298.65
Node name: r248n10, rank: 5, local_rank: 1, device_energy_consumption [J]: 7558.5
Node name: r248n10, rank: 6, local_rank: 2, device_energy_consumption [J]: 8449.13
Node name: r248n10, rank: 7, local_rank: 3, device_energy_consumption [J]: 8442.65
Node name: r248n10, rank: 4, local_rank: 0, device_energy_consumption [J]: 7563.47
Done
Done
Done
Done
Done
Done
Done
Done
