
Clover Version 1.300
Kokkos Version
Task Count 4

Output file clover.out opened. All output will go there.
Detected SYCL devices:
Detected SYCL devices:
Detected SYCL devices:
Detected SYCL devices:
  0. Tesla V100-SXM2-16GB(gpu)
  0. Tesla V100-SXM2-16GB(gpu)
  0. Tesla V100-SXM2-16GB(gpu)
  0. Tesla V100-SXM2-16GB(gpu)
  1. Tesla V100-SXM2-16GB(gpu)
  1. Tesla V100-SXM2-16GB(gpu)
  1. Tesla V100-SXM2-16GB(gpu)
  1. Tesla V100-SXM2-16GB(gpu)
  2. Tesla V100-SXM2-16GB(gpu)
  2. Tesla V100-SXM2-16GB(gpu)
  2. Tesla V100-SXM2-16GB(gpu)
  2. Tesla V100-SXM2-16GB(gpu)
  3. Tesla V100-SXM2-16GB(gpu)
  4. SYCL host device(host)
  3. Tesla V100-SXM2-16GB(gpu)
  4. SYCL host device(host)
  3. Tesla V100-SXM2-16GB(gpu)
  4. SYCL host device(host)
  3. Tesla V100-SXM2-16GB(gpu)
  4. SYCL host device(host)
Using SYCL device: Tesla V100-SXM2-16GB(gpu)
Using SYCL device: Tesla V100-SXM2-16GB(gpu)
Using SYCL device: Tesla V100-SXM2-16GB(gpu)
Using SYCL device: Tesla V100-SXM2-16GB(gpu)













































Launching hydro
Launching hydro
Launching hydro
Launching hydro
 Step 1 time 0 control sound timestep  0.000385161 1,1 x 1.73837e-310 y 6.95331e-310
Wall clock 9.06986
Average time per cell 7.68862e-08
Step time per cell    7.68862e-08
 Step 2 time 0.000385161 control sound timestep  0.000329734 1,1 x 0 y 6.95331e-310
Wall clock 18.3048
Average time per cell 7.7586e-08
Step time per cell    7.82622e-08
 Step 3 time 0.000714895 control sound timestep  0.000282456 1,1 x 0 y 6.95331e-310
Wall clock 27.5237
Average time per cell 7.77737e-08
Step time per cell    7.81328e-08
 Step 4 time 0.000997351 control sound timestep  0.000258095 1,1 x 0 y 6.95331e-310
Wall clock 36.6621
Average time per cell 7.76972e-08
Step time per cell    7.74528e-08
 Step 5 time 0.00125545 control sound timestep  0.000273822 1,1 x 0 y 6.95331e-310
Wall clock 45.8983
Average time per cell 7.7817e-08
Step time per cell    7.82819e-08
 Step 6 time 0.00152927 control sound timestep  0.000254102 1,1 x 0 y 6.95331e-310
Wall clock 55.1488
Average time per cell 7.7917e-08
Step time per cell    7.84026e-08
 Step 7 time 0.00178337 control sound timestep  0.000254963 1,1 x 0 y 6.95331e-310
Wall clock 64.3003
Average time per cell 7.78687e-08
Step time per cell    7.75652e-08
 Step 8 time 0.00203833 control sound timestep  0.0002589 1,1 x 0 y 6.95331e-310
Wall clock 73.4347
Average time per cell 7.78142e-08
Step time per cell    7.74198e-08
 Step 9 time 0.00229723 control sound timestep  0.000260092 1,1 x 0 y 6.95331e-310
Wall clock 82.6072
Average time per cell 7.78078e-08
Step time per cell    7.77395e-08
 Step 10 time 0.00255732 control sound timestep  0.000261706 1,1 x 0 y 6.95331e-310
Wall clock 92.1247
Average time per cell 7.8095e-08
Step time per cell    8.0664e-08
 Step 11 time 0.00281903 control sound timestep  0.000262084 1,1 x 0 y 6.95331e-310
Wall clock 101.359
Average time per cell 7.81119e-08
Step time per cell    7.82806e-08
 Step 12 time 0.00308111 control sound timestep  0.000265907 1,1 x 0 y 6.95331e-310
Wall clock 110.563
Average time per cell 7.81043e-08
Step time per cell    7.80047e-08
 Step 13 time 0.00334702 control sound timestep  0.000270221 1,1 x 0 y 6.95331e-310
Wall clock 119.77
Average time per cell 7.81004e-08
Step time per cell    7.80389e-08
 Step 14 time 0.00361724 control sound timestep  0.000272782 1,1 x 0 y 6.95331e-310
Wall clock 128.915
Average time per cell 7.80592e-08
Step time per cell    7.74982e-08
 Step 15 time 0.00389002 control sound timestep  0.00027247 1,1 x 0 y 6.95331e-310
Wall clock 138.091
Average time per cell 7.80407e-08
Step time per cell    7.7767e-08
 Step 16 time 0.00416249 control sound timestep  0.000271585 1,1 x 0 y 6.95331e-310
Wall clock 147.28
Average time per cell 7.80317e-08
Step time per cell    7.78649e-08
 Step 17 time 0.00443408 control sound timestep  0.000271711 1,1 x 0 y 6.95331e-310
Wall clock 156.462
Average time per cell 7.80204e-08
Step time per cell    7.78243e-08
 Step 18 time 0.00470579 control sound timestep  0.000272424 1,1 x 0 y 6.95331e-310
Wall clock 165.687
Average time per cell 7.80301e-08
Step time per cell    7.81821e-08
 Step 19 time 0.00497821 control sound timestep  0.000273667 1,1 x 0 y 6.95331e-310
Wall clock 174.991
Average time per cell 7.80747e-08
Step time per cell    7.88606e-08
 Step 20 time 0.00525188 control sound timestep  0.000274535 1,1 x 0 y 6.95331e-310
Wall clock 184.662
Average time per cell 7.82701e-08
Step time per cell    8.19696e-08
 Step 21 time 0.00552642 control sound timestep  0.000273697 1,1 x 0 y 6.95331e-310
Wall clock 193.724
Average time per cell 7.82009e-08
Step time per cell    7.68158e-08
 Step 22 time 0.00580011 control sound timestep  0.000273014 1,1 x 0 y 6.95331e-310
Wall clock 202.935
Average time per cell 7.81954e-08
Step time per cell    7.80649e-08
 Step 23 time 0.00607313 control sound timestep  0.000272848 1,1 x 0 y 6.95331e-310
Wall clock 212.108
Average time per cell 7.81765e-08
Step time per cell    7.77457e-08
 Step 24 time 0.00634597 control sound timestep  0.00027299 1,1 x 0 y 6.95331e-310
Wall clock 221.303
Average time per cell 7.81672e-08
Step time per cell    7.79365e-08
 Step 25 time 0.00661896 control sound timestep  0.000273599 1,1 x 0 y 6.95331e-310
Wall clock 230.442
Average time per cell 7.81393e-08
Step time per cell    7.74542e-08
 Step 26 time 0.00689256 control sound timestep  0.000274187 1,1 x 0 y 6.95331e-310
Wall clock 239.709
Average time per cell 7.81553e-08
Step time per cell    7.85408e-08
 Step 27 time 0.00716675 control sound timestep  0.000273881 1,1 x 0 y 6.95331e-310
Wall clock 248.894
Average time per cell 7.81445e-08
Step time per cell    7.78194e-08
 Step 28 time 0.00744063 control sound timestep  0.000273445 1,1 x 0 y 6.95331e-310
Wall clock 258.047
Average time per cell 7.81247e-08
Step time per cell    7.75741e-08
 Step 29 time 0.00771408 control sound timestep  0.000273269 1,1 x 0 y 6.95331e-310
Wall clock 267.251
Average time per cell 7.81212e-08
Step time per cell    7.80071e-08
 Step 30 time 0.00798735 control sound timestep  0.000273254 1,1 x 0 y 6.95331e-310
Wall clock 277.048
Average time per cell 7.82856e-08
Step time per cell    8.30378e-08
 Step 31 time 0.0082606 control sound timestep  0.00027349 1,1 x 0 y 6.95331e-310
Wall clock 286.179
Average time per cell 7.82572e-08
Step time per cell    7.74034e-08
 Step 32 time 0.00853409 control sound timestep  0.000273823 1,1 x 0 y 6.95331e-310
Wall clock 295.428
Average time per cell 7.82616e-08
Step time per cell    7.83647e-08
 Step 33 time 0.00880791 control sound timestep  0.000273834 1,1 x 0 y 6.95331e-310
Wall clock 304.628
Average time per cell 7.82533e-08
Step time per cell    7.79714e-08
 Step 34 time 0.00908175 control sound timestep  0.00027356 1,1 x 0 y 6.95331e-310
Wall clock 313.896
Average time per cell 7.82625e-08
Step time per cell    7.85509e-08
 Step 35 time 0.00935531 control sound timestep  0.000273428 1,1 x 0 y 6.95331e-310
Wall clock 323.07
Average time per cell 7.82485e-08
Step time per cell    7.77559e-08
 Step 36 time 0.00962873 control sound timestep  0.000273413 1,1 x 0 y 6.95331e-310
Wall clock 332.352
Average time per cell 7.82606e-08
Step time per cell    7.86655e-08
 Step 37 time 0.00990215 control sound timestep  0.000273532 1,1 x 0 y 6.95331e-310
Wall clock 341.49
Average time per cell 7.82391e-08
Step time per cell    7.74497e-08
 Step 38 time 0.0101757 control sound timestep  0.00027374 1,1 x 0 y 6.95331e-310
Wall clock 350.663
Average time per cell 7.82265e-08
Step time per cell    7.77467e-08
 Step 39 time 0.0104494 control sound timestep  0.000273779 1,1 x 0 y 6.95331e-310
Wall clock 359.878
Average time per cell 7.82236e-08
Step time per cell    7.81008e-08
 Step 40 time 0.0107232 control sound timestep  0.000273602 1,1 x 0 y 6.95331e-310
Wall clock 369.532
Average time per cell 7.8314e-08
Step time per cell    8.18262e-08
 Step 41 time 0.0109968 control sound timestep  0.00027351 1,1 x 0 y 6.95331e-310
Wall clock 378.747
Average time per cell 7.83093e-08
Step time per cell    7.81203e-08
 Step 42 time 0.0112703 control sound timestep  0.000273496 1,1 x 0 y 6.95331e-310
Wall clock 388.061
Average time per cell 7.83245e-08
Step time per cell    7.89346e-08
 Step 43 time 0.0115438 control sound timestep  0.000273575 1,1 x 0 y 6.95331e-310
Wall clock 397.353
Average time per cell 7.8335e-08
Step time per cell    7.8758e-08
 Step 44 time 0.0118174 control sound timestep  0.000273713 1,1 x 0 y 6.95331e-310
Wall clock 406.547
Average time per cell 7.8326e-08
Step time per cell    7.79267e-08
 Step 45 time 0.0120911 control sound timestep  0.000273733 1,1 x 0 y 6.95331e-310
Wall clock 415.686
Average time per cell 7.8307e-08
Step time per cell    7.74565e-08
 Step 46 time 0.0123648 control sound timestep  0.000273612 1,1 x 0 y 6.95331e-310
Wall clock 424.869
Average time per cell 7.8297e-08
Step time per cell    7.78323e-08
 Step 47 time 0.0126384 control sound timestep  0.000273542 1,1 x 0 y 6.95331e-310
Wall clock 434.019
Average time per cell 7.82813e-08
Step time per cell    7.7544e-08
 Step 48 time 0.012912 control sound timestep  0.000273531 1,1 x 0 y 6.95331e-310
Wall clock 443.188
Average time per cell 7.82698e-08
Step time per cell    7.77135e-08
 Step 49 time 0.0131855 control sound timestep  0.000273603 1,1 x 0 y 6.95331e-310
Wall clock 452.376
Average time per cell 7.82621e-08
Step time per cell    7.78741e-08
 Step 50 time 0.0134591 control sound timestep  0.000273697 1,1 x 0 y 6.95331e-310
Wall clock 462.138
Average time per cell 7.83519e-08
Step time per cell    8.27366e-08
 Step 51 time 0.0137328 control sound timestep  0.000273715 1,1 x 0 y 6.95331e-310
Wall clock 471.296
Average time per cell 7.83378e-08
Step time per cell    7.7632e-08
 Step 52 time 0.0140065 control sound timestep  0.000273613 1,1 x 0 y 6.95331e-310
Wall clock 480.6
Average time per cell 7.83479e-08
Step time per cell    7.88532e-08
 Step 53 time 0.0142801 control sound timestep  0.00027356 1,1 x 0 y 6.95331e-310
Wall clock 489.845
Average time per cell 7.83484e-08
Step time per cell    7.83597e-08
 Step 54 time 0.0145537 control sound timestep  0.000273555 1,1 x 0 y 6.95331e-310
Wall clock 498.965
Average time per cell 7.83293e-08
Step time per cell    7.72969e-08
 Step 55 time 0.0148273 control sound timestep  0.000273614 1,1 x 0 y 6.95331e-310
Wall clock 508.152
Average time per cell 7.8321e-08
Step time per cell    7.78597e-08
 Step 56 time 0.0151009 control sound timestep  0.00027369 1,1 x 0 y 6.95331e-310
Wall clock 517.294
Average time per cell 7.83063e-08
Step time per cell    7.74837e-08
 Step 57 time 0.0153746 control sound timestep  0.000273698 1,1 x 0 y 6.95331e-310
Wall clock 526.495
Average time per cell 7.8301e-08
Step time per cell    7.79816e-08
 Step 58 time 0.0156483 control sound timestep  0.000273615 1,1 x 0 y 6.95331e-310
Wall clock 535.763
Average time per cell 7.83055e-08
Step time per cell    7.85488e-08
 Step 59 time 0.0159219 control sound timestep  0.00027357 1,1 x 0 y 6.95331e-310
Wall clock 544.933
Average time per cell 7.82958e-08
Step time per cell    7.77165e-08
 Step 60 time 0.0161954 control sound timestep  0.000273569 1,1 x 0 y 6.95331e-310
Wall clock 554.639
Average time per cell 7.83623e-08
Step time per cell    8.2271e-08
 Step 61 time 0.016469 control sound timestep  0.000273616 1,1 x 0 y 6.95331e-310
Wall clock 563.8
Average time per cell 7.83507e-08
Step time per cell    7.76523e-08
 Step 62 time 0.0167426 control sound timestep  0.000273681 1,1 x 0 y 6.95331e-310
Wall clock 573.013
Average time per cell 7.83467e-08
Step time per cell    7.80909e-08
 Step 63 time 0.0170163 control sound timestep  0.00027369 1,1 x 0 y 6.95331e-310
Wall clock 582.223
Average time per cell 7.83423e-08
Step time per cell    7.80567e-08
 Step 64 time 0.01729 control sound timestep  0.000273626 1,1 x 0 y 6.95331e-310
Wall clock 591.331
Average time per cell 7.83245e-08
Step time per cell    7.71916e-08
 Step 65 time 0.0175636 control sound timestep  0.000273585 1,1 x 0 y 6.95331e-310
Wall clock 600.595
Average time per cell 7.83278e-08
Step time per cell    7.85066e-08
 Step 66 time 0.0178372 control sound timestep  0.000273589 1,1 x 0 y 6.95331e-310
Wall clock 609.845
Average time per cell 7.8329e-08
Step time per cell    7.83872e-08
 Step 67 time 0.0181108 control sound timestep  0.000273623 1,1 x 0 y 6.95331e-310
Wall clock 619.033
Average time per cell 7.83226e-08
Step time per cell    7.7869e-08
 Step 68 time 0.0183844 control sound timestep  0.000273678 1,1 x 0 y 6.95331e-310
Wall clock 628.106
Average time per cell 7.83018e-08
Step time per cell    7.68873e-08
 Step 69 time 0.0186581 control sound timestep  0.000273673 1,1 x 0 y 6.95331e-310
Wall clock 637.273
Average time per cell 7.82932e-08
Step time per cell    7.76944e-08
 Step 70 time 0.0189318 control sound timestep  0.000273625 1,1 x 0 y 6.95331e-310
Wall clock 646.959
Average time per cell 7.83477e-08
Step time per cell    8.2084e-08
 Step 71 time 0.0192054 control sound timestep  0.000273591 1,1 x 0 y 6.95331e-310
Wall clock 656.137
Average time per cell 7.83401e-08
Step time per cell    7.78069e-08
 Step 72 time 0.019479 control sound timestep  0.000273594 1,1 x 0 y 6.95331e-310
Wall clock 665.381
Average time per cell 7.83403e-08
Step time per cell    7.83371e-08
 Step 73 time 0.0197526 control sound timestep  0.000273619 1,1 x 0 y 6.95331e-310
Wall clock 674.615
Average time per cell 7.83394e-08
Step time per cell    7.82475e-08
 Step 74 time 0.0200262 control sound timestep  0.00027367 1,1 x 0 y 6.95331e-310
Wall clock 683.821
Average time per cell 7.83354e-08
Step time per cell    7.80232e-08
 Step 75 time 0.0202999 control sound timestep  0.000273662 1,1 x 0 y 6.95331e-310
Wall clock 693.028
Average time per cell 7.83317e-08
Step time per cell    7.80297e-08
 Step 76 time 0.0205735 control sound timestep  0.000273614 1,1 x 0 y 6.95331e-310
Wall clock 702.129
Average time per cell 7.8316e-08
Step time per cell    7.71232e-08
 Step 77 time 0.0208471 control sound timestep  0.000273587 1,1 x 0 y 6.95331e-310
Wall clock 711.207
Average time per cell 7.82984e-08
Step time per cell    7.69375e-08
 Step 78 time 0.0211207 control sound timestep  0.000273593 1,1 x 0 y 6.95331e-310
Wall clock 720.398
Average time per cell 7.82934e-08
Step time per cell    7.78912e-08
 Step 79 time 0.0213943 control sound timestep  0.00027362 1,1 x 0 y 6.95331e-310
Wall clock 729.572
Average time per cell 7.82868e-08
Step time per cell    7.7743e-08
 Step 80 time 0.0216679 control sound timestep  0.000273668 1,1 x 0 y 6.95331e-310
Wall clock 739.198
Average time per cell 7.83282e-08
Step time per cell    8.15729e-08
 Step 81 time 0.0219416 control sound timestep  0.000273665 1,1 x 0 y 6.95331e-310
Wall clock 748.315
Average time per cell 7.83154e-08
Step time per cell    7.72841e-08
 Step 82 time 0.0222153 control sound timestep  0.000273617 1,1 x 0 y 6.95331e-310
Wall clock 757.621
Average time per cell 7.83223e-08
Step time per cell    7.88668e-08
 Step 83 time 0.0224889 control sound timestep  0.000273596 1,1 x 0 y 6.95331e-310
Wall clock 766.887
Average time per cell 7.83251e-08
Step time per cell    7.85319e-08
 Step 84 time 0.0227625 control sound timestep  0.0002736 1,1 x 0 y 6.95331e-310
Wall clock 776.004
Average time per cell 7.83127e-08
Step time per cell    7.72743e-08
 Step 85 time 0.0230361 control sound timestep  0.000273621 1,1 x 0 y 6.95331e-310
Wall clock 785.264
Average time per cell 7.83149e-08
Step time per cell    7.8475e-08
 Step 86 time 0.0233097 control sound timestep  0.000273662 1,1 x 0 y 6.95331e-310
Wall clock 794.472
Average time per cell 7.83119e-08
Step time per cell    7.80332e-08
 Step 87 time 0.0235834 control sound timestep  0.000273655 1,1 x 0 y 6.95331e-310
Wall clock 804.062
First step overhead 0
Node name: r206n18, rank: 0, local_rank: 0, device_energy_consumption [J]: 7466.03
Node name: r206n18, rank: 2, local_rank: 2, device_energy_consumption [J]: 7467.26
Node name: r206n18, rank: 3, local_rank: 3, device_energy_consumption [J]: 7468.97
Node name: r206n18, rank: 1, local_rank: 1, device_energy_consumption [J]: 7473.1
Done
Done
Done
Done
