********** Results for ArithLocalMixed_8_1_1_1_1_1_1_0**********
problem-size: 65536
local-size: 256
num-iters: 20000
core-freq: 1597
memory-freq: 1107
device-name: Tesla V100S-PCIE-32GB
sycl-implementation: LLVM CUDA (Intel DPC++)
throughput-metric: N/A
kernel-time-mean: N/A
kernel-time-stddev: N/A
kernel-time-median: N/A
kernel-time-min: N/A
kernel-time-samples: N/A
kernel-time-throughput: N/A
run-time-mean: 0.214728 [s]
run-time-stddev: 0.006876 [s]
run-time-median: 0.215510 [s]
run-time-min: 0.206736 [s]
run-time-samples: "0.206736 0.208831 0.215510 0.219865 0.222696"
run-time-throughput: N/A
kernel-energy-mean: 22.188794 [J]
kernel-energy-stddev: 0.326618 [J]
kernel-energy-median: 22.280305 [J]
kernel-energy-min: 21.726020 [J]
kernel-energy-max: 22.603050 [J]
kernel-energy-samples: "21.726020 22.041500 22.280305 22.293095 22.603050"
Verification: PASS
********** Results for ArithLocalMixed_16_1_1_1_1_1_1_0**********
problem-size: 65536
local-size: 256
num-iters: 20000
core-freq: 1597
memory-freq: 1107
device-name: Tesla V100S-PCIE-32GB
sycl-implementation: LLVM CUDA (Intel DPC++)
throughput-metric: N/A
kernel-time-mean: N/A
kernel-time-stddev: N/A
kernel-time-median: N/A
kernel-time-min: N/A
kernel-time-samples: N/A
kernel-time-throughput: N/A
run-time-mean: 0.398233 [s]
run-time-stddev: 0.005193 [s]
run-time-median: 0.396886 [s]
run-time-min: 0.393114 [s]
run-time-samples: "0.393114 0.394586 0.396886 0.400514 0.406067"
run-time-throughput: N/A
kernel-energy-mean: 33.475960 [J]
kernel-energy-stddev: 2.543254 [J]
kernel-energy-median: 34.170705 [J]
kernel-energy-min: 29.118590 [J]
kernel-energy-max: 35.714495 [J]
kernel-energy-samples: "29.118590 33.753170 34.170705 34.622840 35.714495"
Verification: PASS
********** Results for ArithLocalMixed_32_1_1_1_1_1_1_0**********
problem-size: 65536
local-size: 256
num-iters: 20000
core-freq: 1597
memory-freq: 1107
device-name: Tesla V100S-PCIE-32GB
sycl-implementation: LLVM CUDA (Intel DPC++)
throughput-metric: N/A
kernel-time-mean: N/A
kernel-time-stddev: N/A
kernel-time-median: N/A
kernel-time-min: N/A
kernel-time-samples: N/A
kernel-time-throughput: N/A
run-time-mean: 0.639330 [s]
run-time-stddev: 0.008598 [s]
run-time-median: 0.636441 [s]
run-time-min: 0.632551 [s]
run-time-samples: "0.632551 0.635013 0.636441 0.638418 0.654226"
run-time-throughput: N/A
kernel-energy-mean: 54.737746 [J]
kernel-energy-stddev: 1.594360 [J]
kernel-energy-median: 55.376850 [J]
kernel-energy-min: 51.971095 [J]
kernel-energy-max: 55.817925 [J]
kernel-energy-samples: "51.971095 54.819930 55.376850 55.702930 55.817925"
Verification: PASS
********** Results for ArithLocalMixed_8_3_3_3_1_1_1_0**********
problem-size: 65536
local-size: 256
num-iters: 20000
core-freq: 1597
memory-freq: 1107
device-name: Tesla V100S-PCIE-32GB
sycl-implementation: LLVM CUDA (Intel DPC++)
throughput-metric: N/A
kernel-time-mean: N/A
kernel-time-stddev: N/A
kernel-time-median: N/A
kernel-time-min: N/A
kernel-time-samples: N/A
kernel-time-throughput: N/A
run-time-mean: 0.961181 [s]
run-time-stddev: 0.001479 [s]
run-time-median: 0.961528 [s]
run-time-min: 0.959607 [s]
run-time-samples: "0.959607 0.959778 0.961528 0.961896 0.963099"
run-time-throughput: N/A
kernel-energy-mean: 88.611021 [J]
kernel-energy-stddev: 0.206819 [J]
kernel-energy-median: 88.502195 [J]
kernel-energy-min: 88.412865 [J]
kernel-energy-max: 88.850990 [J]
kernel-energy-samples: "88.412865 88.471095 88.502195 88.817960 88.850990"
Verification: PASS
********** Results for ArithLocalMixed_16_3_3_3_1_1_1_0**********
problem-size: 65536
local-size: 256
num-iters: 20000
core-freq: 1597
memory-freq: 1107
device-name: Tesla V100S-PCIE-32GB
sycl-implementation: LLVM CUDA (Intel DPC++)
throughput-metric: N/A
kernel-time-mean: N/A
kernel-time-stddev: N/A
kernel-time-median: N/A
kernel-time-min: N/A
kernel-time-samples: N/A
kernel-time-throughput: N/A
run-time-mean: 1.051355 [s]
run-time-stddev: 0.004268 [s]
run-time-median: 1.052157 [s]
run-time-min: 1.044811 [s]
run-time-samples: "1.044811 1.050630 1.052157 1.052595 1.056582"
run-time-throughput: N/A
kernel-energy-mean: 108.606902 [J]
kernel-energy-stddev: 0.294180 [J]
kernel-energy-median: 108.653345 [J]
kernel-energy-min: 108.300015 [J]
kernel-energy-max: 108.991425 [J]
kernel-energy-samples: "108.300015 108.327750 108.653345 108.761975 108.991425"
Verification: PASS
********** Results for ArithLocalMixed_32_3_3_3_1_1_1_0**********
problem-size: 65536
local-size: 256
num-iters: 20000
core-freq: 1597
memory-freq: 1107
device-name: Tesla V100S-PCIE-32GB
sycl-implementation: LLVM CUDA (Intel DPC++)
throughput-metric: N/A
kernel-time-mean: N/A
kernel-time-stddev: N/A
kernel-time-median: N/A
kernel-time-min: N/A
kernel-time-samples: N/A
kernel-time-throughput: N/A
run-time-mean: 1.342433 [s]
run-time-stddev: 0.006242 [s]
run-time-median: 1.341766 [s]
run-time-min: 1.336157 [s]
run-time-samples: "1.336157 1.336583 1.341766 1.348826 1.348831"
run-time-throughput: N/A
kernel-energy-mean: 142.646898 [J]
kernel-energy-stddev: 0.797479 [J]
kernel-energy-median: 142.620445 [J]
kernel-energy-min: 141.610410 [J]
kernel-energy-max: 143.453940 [J]
kernel-energy-samples: "141.610410 142.148420 142.620445 143.401275 143.453940"
Verification: PASS
********** Results for ArithLocalMixed_8_1_1_1_3_3_3_0**********
problem-size: 65536
local-size: 256
num-iters: 20000
core-freq: 1597
memory-freq: 1107
device-name: Tesla V100S-PCIE-32GB
sycl-implementation: LLVM CUDA (Intel DPC++)
throughput-metric: N/A
kernel-time-mean: N/A
kernel-time-stddev: N/A
kernel-time-median: N/A
kernel-time-min: N/A
kernel-time-samples: N/A
kernel-time-throughput: N/A
run-time-mean: 0.305694 [s]
run-time-stddev: 0.005811 [s]
run-time-median: 0.304225 [s]
run-time-min: 0.300552 [s]
run-time-samples: "0.300552 0.302348 0.304225 0.305890 0.315454"
run-time-throughput: N/A
kernel-energy-mean: 27.177327 [J]
kernel-energy-stddev: 0.455777 [J]
kernel-energy-median: 27.213590 [J]
kernel-energy-min: 26.450105 [J]
kernel-energy-max: 27.695415 [J]
kernel-energy-samples: "26.450105 27.170475 27.213590 27.357050 27.695415"
Verification: PASS
********** Results for ArithLocalMixed_16_1_1_1_3_3_3_0**********
problem-size: 65536
local-size: 256
num-iters: 20000
core-freq: 1597
memory-freq: 1107
device-name: Tesla V100S-PCIE-32GB
sycl-implementation: LLVM CUDA (Intel DPC++)
throughput-metric: N/A
kernel-time-mean: N/A
kernel-time-stddev: N/A
kernel-time-median: N/A
kernel-time-min: N/A
kernel-time-samples: N/A
kernel-time-throughput: N/A
run-time-mean: 0.731510 [s]
run-time-stddev: 0.007990 [s]
run-time-median: 0.727068 [s]
run-time-min: 0.725424 [s]
run-time-samples: "0.725424 0.726727 0.727068 0.733754 0.744574"
run-time-throughput: N/A
kernel-energy-mean: 72.671436 [J]
kernel-energy-stddev: 0.583161 [J]
kernel-energy-median: 72.632445 [J]
kernel-energy-min: 71.776930 [J]
kernel-energy-max: 73.216905 [J]
kernel-energy-samples: "71.776930 72.560635 72.632445 73.170265 73.216905"
Verification: PASS
********** Results for ArithLocalMixed_32_1_1_1_3_3_3_0**********
problem-size: 65536
local-size: 256
num-iters: 20000
core-freq: 1597
memory-freq: 1107
device-name: Tesla V100S-PCIE-32GB
sycl-implementation: LLVM CUDA (Intel DPC++)
throughput-metric: N/A
kernel-time-mean: N/A
kernel-time-stddev: N/A
kernel-time-median: N/A
kernel-time-min: N/A
kernel-time-samples: N/A
kernel-time-throughput: N/A
run-time-mean: 2.480371 [s]
run-time-stddev: 0.010758 [s]
run-time-median: 2.483687 [s]
run-time-min: 2.468726 [s]
run-time-samples: "2.468726 2.469511 2.483687 2.487294 2.492636"
run-time-throughput: N/A
kernel-energy-mean: 254.741969 [J]
kernel-energy-stddev: 3.668998 [J]
kernel-energy-median: 255.171810 [J]
kernel-energy-min: 250.559570 [J]
kernel-energy-max: 259.295500 [J]
kernel-energy-samples: "250.559570 251.592525 255.171810 257.090440 259.295500"
Verification: PASS
********** Results for ArithLocalMixed_8_1_1_1_1_1_1_1**********
problem-size: 65536
local-size: 256
num-iters: 20000
core-freq: 1597
memory-freq: 1107
device-name: Tesla V100S-PCIE-32GB
sycl-implementation: LLVM CUDA (Intel DPC++)
throughput-metric: N/A
kernel-time-mean: N/A
kernel-time-stddev: N/A
kernel-time-median: N/A
kernel-time-min: N/A
kernel-time-samples: N/A
kernel-time-throughput: N/A
run-time-mean: 2.160557 [s]
run-time-stddev: 0.003000 [s]
run-time-median: 2.161156 [s]
run-time-min: 2.156966 [s]
run-time-samples: "2.156966 2.158274 2.161156 2.161848 2.164542"
run-time-throughput: N/A
kernel-energy-mean: 200.395622 [J]
kernel-energy-stddev: 0.383046 [J]
kernel-energy-median: 200.342685 [J]
kernel-energy-min: 199.899285 [J]
kernel-energy-max: 200.910945 [J]
kernel-energy-samples: "199.899285 200.223375 200.342685 200.601820 200.910945"
Verification: PASS
********** Results for ArithLocalMixed_16_1_1_1_1_1_1_1**********
problem-size: 65536
local-size: 256
num-iters: 20000
core-freq: 1597
memory-freq: 1107
device-name: Tesla V100S-PCIE-32GB
sycl-implementation: LLVM CUDA (Intel DPC++)
throughput-metric: N/A
kernel-time-mean: N/A
kernel-time-stddev: N/A
kernel-time-median: N/A
kernel-time-min: N/A
kernel-time-samples: N/A
kernel-time-throughput: N/A
run-time-mean: 2.639265 [s]
run-time-stddev: 0.011929 [s]
run-time-median: 2.635682 [s]
run-time-min: 2.627902 [s]
run-time-samples: "2.627902 2.628911 2.635682 2.651790 2.652040"
run-time-throughput: N/A
kernel-energy-mean: 255.042928 [J]
kernel-energy-stddev: 2.069024 [J]
kernel-energy-median: 255.728115 [J]
kernel-energy-min: 251.425020 [J]
kernel-energy-max: 256.445325 [J]
kernel-energy-samples: "251.425020 255.346010 255.728115 256.270170 256.445325"
Verification: PASS
********** Results for ArithLocalMixed_32_1_1_1_1_1_1_1**********
problem-size: 65536
local-size: 256
num-iters: 20000
core-freq: 1597
memory-freq: 1107
device-name: Tesla V100S-PCIE-32GB
sycl-implementation: LLVM CUDA (Intel DPC++)
throughput-metric: N/A
kernel-time-mean: N/A
kernel-time-stddev: N/A
kernel-time-median: N/A
kernel-time-min: N/A
kernel-time-samples: N/A
kernel-time-throughput: N/A
run-time-mean: 3.691220 [s]
run-time-stddev: 0.008903 [s]
run-time-median: 3.688153 [s]
run-time-min: 3.682012 [s]
run-time-samples: "3.682012 3.688071 3.688153 3.692073 3.705789"
run-time-throughput: N/A
kernel-energy-mean: 332.984805 [J]
kernel-energy-stddev: 6.673777 [J]
kernel-energy-median: 331.808105 [J]
kernel-energy-min: 326.405885 [J]
kernel-energy-max: 341.305585 [J]
kernel-energy-samples: "326.405885 327.041160 331.808105 338.363290 341.305585"
Verification: PASS
********** Results for ArithLocalMixed_8_3_3_3_1_1_1_1**********
problem-size: 65536
local-size: 256
num-iters: 20000
core-freq: 1597
memory-freq: 1107
device-name: Tesla V100S-PCIE-32GB
sycl-implementation: LLVM CUDA (Intel DPC++)
throughput-metric: N/A
kernel-time-mean: N/A
kernel-time-stddev: N/A
kernel-time-median: N/A
kernel-time-min: N/A
kernel-time-samples: N/A
kernel-time-throughput: N/A
run-time-mean: 2.875491 [s]
run-time-stddev: 0.006230 [s]
run-time-median: 2.873043 [s]
run-time-min: 2.869699 [s]
run-time-samples: "2.869699 2.870902 2.873043 2.879421 2.884391"
run-time-throughput: N/A
kernel-energy-mean: 255.333295 [J]
kernel-energy-stddev: 1.850191 [J]
kernel-energy-median: 254.352460 [J]
kernel-energy-min: 253.500215 [J]
kernel-energy-max: 257.633150 [J]
kernel-energy-samples: "253.500215 254.185130 254.352460 256.995520 257.633150"
Verification: PASS
********** Results for ArithLocalMixed_16_3_3_3_1_1_1_1**********
problem-size: 65536
local-size: 256
num-iters: 20000
core-freq: 1597
memory-freq: 1107
device-name: Tesla V100S-PCIE-32GB
sycl-implementation: LLVM CUDA (Intel DPC++)
throughput-metric: N/A
kernel-time-mean: N/A
kernel-time-stddev: N/A
kernel-time-median: N/A
kernel-time-min: N/A
kernel-time-samples: N/A
kernel-time-throughput: N/A
run-time-mean: 3.628355 [s]
run-time-stddev: 0.006294 [s]
run-time-median: 3.627810 [s]
run-time-min: 3.619902 [s]
run-time-samples: "3.619902 3.625789 3.627810 3.631562 3.636711"
run-time-throughput: N/A
kernel-energy-mean: 325.829849 [J]
kernel-energy-stddev: 0.676936 [J]
kernel-energy-median: 326.028260 [J]
kernel-energy-min: 324.943790 [J]
kernel-energy-max: 326.632565 [J]
kernel-energy-samples: "324.943790 325.349510 326.028260 326.195120 326.632565"
Verification: PASS
********** Results for ArithLocalMixed_32_3_3_3_1_1_1_1**********
problem-size: 65536
local-size: 256
num-iters: 20000
core-freq: 1597
memory-freq: 1107
device-name: Tesla V100S-PCIE-32GB
sycl-implementation: LLVM CUDA (Intel DPC++)
throughput-metric: N/A
kernel-time-mean: N/A
kernel-time-stddev: N/A
kernel-time-median: N/A
kernel-time-min: N/A
kernel-time-samples: N/A
kernel-time-throughput: N/A
run-time-mean: 3.285595 [s]
run-time-stddev: 0.010196 [s]
run-time-median: 3.281393 [s]
run-time-min: 3.279082 [s]
run-time-samples: "3.279082 3.280320 3.281393 3.283588 3.303591"
run-time-throughput: N/A
kernel-energy-mean: 365.280268 [J]
kernel-energy-stddev: 0.466793 [J]
kernel-energy-median: 365.157165 [J]
kernel-energy-min: 364.811570 [J]
kernel-energy-max: 366.037860 [J]
kernel-energy-samples: "364.811570 365.040750 365.157165 365.353995 366.037860"
Verification: PASS
********** Results for ArithLocalMixed_8_1_1_1_3_3_3_1**********
problem-size: 65536
local-size: 256
num-iters: 20000
core-freq: 1597
memory-freq: 1107
device-name: Tesla V100S-PCIE-32GB
sycl-implementation: LLVM CUDA (Intel DPC++)
throughput-metric: N/A
kernel-time-mean: N/A
kernel-time-stddev: N/A
kernel-time-median: N/A
kernel-time-min: N/A
kernel-time-samples: N/A
kernel-time-throughput: N/A
run-time-mean: 3.763899 [s]
run-time-stddev: 0.044153 [s]
run-time-median: 3.751280 [s]
run-time-min: 3.732910 [s]
run-time-samples: "3.732910 3.738869 3.751280 3.755231 3.841208"
run-time-throughput: N/A
kernel-energy-mean: 313.869416 [J]
kernel-energy-stddev: 3.741557 [J]
kernel-energy-median: 313.885125 [J]
kernel-energy-min: 308.774845 [J]
kernel-energy-max: 318.741930 [J]
kernel-energy-samples: "308.774845 312.200670 313.885125 315.744510 318.741930"
Verification: PASS
********** Results for ArithLocalMixed_16_1_1_1_3_3_3_1**********
problem-size: 65536
local-size: 256
num-iters: 20000
core-freq: 1597
memory-freq: 1107
device-name: Tesla V100S-PCIE-32GB
sycl-implementation: LLVM CUDA (Intel DPC++)
