********** Results for Bit Compression**********
problem-size: 524288
local-size: 256
num-iters: 100000
core-freq: 1050
memory-freq: 877
device-name: Tesla V100-SXM2-16GB
sycl-implementation: LLVM CUDA (Intel DPC++)
throughput-metric: N/A
kernel-time-mean: 0.218236 [s]
kernel-time-stddev: 0.000271 [s]
kernel-time-median: 0.218259 [s]
kernel-time-min: 0.217928 [s]
kernel-time-samples: "0.217928 0.217995 0.218259 0.218455 0.218541"
kernel-time-throughput: N/A
run-time-mean: 0.228903 [s]
run-time-stddev: 0.003797 [s]
run-time-median: 0.227783 [s]
run-time-min: 0.225802 [s]
run-time-samples: "0.225802 0.226936 0.227783 0.228548 0.235446"
run-time-throughput: N/A
kernel-energy-mean: 22.432543 [J]
kernel-energy-stddev: 0.331608 [J]
kernel-energy-median: 22.385820 [J]
kernel-energy-min: 22.104220 [J]
kernel-energy-max: 22.862530 [J]
kernel-energy-samples: "22.104220 22.137230 22.385820 22.672915 22.862530"
Verification: PASS
