********** Results for Bit Compression**********
problem-size: 524288
local-size: 256
num-iters: 100000
core-freq: 1455
memory-freq: 877
device-name: Tesla V100-SXM2-16GB
sycl-implementation: LLVM CUDA (Intel DPC++)
throughput-metric: N/A
kernel-time-mean: 0.158805 [s]
kernel-time-stddev: 0.000267 [s]
kernel-time-median: 0.158899 [s]
kernel-time-min: 0.158417 [s]
kernel-time-samples: "0.158417 0.158649 0.158899 0.158998 0.159060"
kernel-time-throughput: N/A
run-time-mean: 0.172363 [s]
run-time-stddev: 0.001086 [s]
run-time-median: 0.171846 [s]
run-time-min: 0.171581 [s]
run-time-samples: "0.171581 0.171816 0.171846 0.172329 0.174245"
run-time-throughput: N/A
kernel-energy-mean: 32.355617 [J]
kernel-energy-stddev: 4.306077 [J]
kernel-energy-median: 34.527435 [J]
kernel-energy-min: 24.753785 [J]
kernel-energy-max: 34.881110 [J]
kernel-energy-samples: "24.753785 33.077015 34.527435 34.538740 34.881110"
Verification: PASS
