********** Results for Bit Compression**********
problem-size: 524288
local-size: 256
num-iters: 100000
core-freq: 195
memory-freq: 877
device-name: Tesla V100-SXM2-16GB
sycl-implementation: LLVM CUDA (Intel DPC++)
throughput-metric: N/A
kernel-time-mean: 2.348322 [s]
kernel-time-stddev: 0.000952 [s]
kernel-time-median: 2.348478 [s]
kernel-time-min: 2.347357 [s]
kernel-time-samples: "2.347357 2.347519 2.348478 2.348529 2.349729"
kernel-time-throughput: N/A
run-time-mean: 2.357890 [s]
run-time-stddev: 0.000698 [s]
run-time-median: 2.357585 [s]
run-time-min: 2.357212 [s]
run-time-samples: "2.357212 2.357578 2.357585 2.358059 2.359016"
run-time-throughput: N/A
kernel-energy-mean: 34.306890 [J]
kernel-energy-stddev: 0.110796 [J]
kernel-energy-median: 34.263215 [J]
kernel-energy-min: 34.224400 [J]
kernel-energy-max: 34.501180 [J]
kernel-energy-samples: "34.224400 34.260135 34.263215 34.285520 34.501180"
Verification: PASS
