********** Results for Bit Compression**********
problem-size: 524288
local-size: 256
num-iters: 100000
core-freq: 1162
memory-freq: 877
device-name: Tesla V100-SXM2-16GB
sycl-implementation: LLVM CUDA (Intel DPC++)
throughput-metric: N/A
kernel-time-mean: 0.198205 [s]
kernel-time-stddev: 0.000006 [s]
kernel-time-median: 0.198203 [s]
kernel-time-min: 0.198199 [s]
kernel-time-samples: "0.198199 0.198200 0.198203 0.198212 0.198213"
kernel-time-throughput: N/A
run-time-mean: 0.209607 [s]
run-time-stddev: 0.002410 [s]
run-time-median: 0.208604 [s]
run-time-min: 0.207655 [s]
run-time-samples: "0.207655 0.207819 0.208604 0.210574 0.213385"
run-time-throughput: N/A
kernel-energy-mean: 24.522782 [J]
kernel-energy-stddev: 0.413601 [J]
kernel-energy-median: 24.492360 [J]
kernel-energy-min: 24.074715 [J]
kernel-energy-max: 25.110185 [J]
kernel-energy-samples: "24.074715 24.211810 24.492360 24.724840 25.110185"
Verification: PASS
