********** Results for Bit Compression**********
problem-size: 524288
local-size: 256
num-iters: 100000
core-freq: 922
memory-freq: 877
device-name: Tesla V100-SXM2-16GB
sycl-implementation: LLVM CUDA (Intel DPC++)
throughput-metric: N/A
kernel-time-mean: 0.249760 [s]
kernel-time-stddev: 0.000006 [s]
kernel-time-median: 0.249763 [s]
kernel-time-min: 0.249753 [s]
kernel-time-samples: "0.249753 0.249753 0.249763 0.249765 0.249766"
kernel-time-throughput: N/A
run-time-mean: 0.260925 [s]
run-time-stddev: 0.001425 [s]
run-time-median: 0.260619 [s]
run-time-min: 0.258979 [s]
run-time-samples: "0.258979 0.260449 0.260619 0.261896 0.262679"
run-time-throughput: N/A
kernel-energy-mean: 22.313553 [J]
kernel-energy-stddev: 0.110269 [J]
kernel-energy-median: 22.330270 [J]
kernel-energy-min: 22.167830 [J]
kernel-energy-max: 22.467680 [J]
kernel-energy-samples: "22.167830 22.261930 22.330270 22.340055 22.467680"
Verification: PASS
