********** Results for Bit Compression**********
problem-size: 524288
local-size: 256
num-iters: 100000
core-freq: 307
memory-freq: 877
device-name: Tesla V100-SXM2-16GB
sycl-implementation: LLVM CUDA (Intel DPC++)
throughput-metric: N/A
kernel-time-mean: 1.196826 [s]
kernel-time-stddev: 0.000120 [s]
kernel-time-median: 1.196867 [s]
kernel-time-min: 1.196621 [s]
kernel-time-samples: "1.196621 1.196836 1.196867 1.196871 1.196934"
kernel-time-throughput: N/A
run-time-mean: 1.206728 [s]
run-time-stddev: 0.003069 [s]
run-time-median: 1.205714 [s]
run-time-min: 1.203637 [s]
run-time-samples: "1.203637 1.205207 1.205714 1.207429 1.211655"
run-time-throughput: N/A
kernel-energy-mean: 35.567120 [J]
kernel-energy-stddev: 0.171424 [J]
kernel-energy-median: 35.584990 [J]
kernel-energy-min: 35.380690 [J]
kernel-energy-max: 35.810865 [J]
kernel-energy-samples: "35.380690 35.428950 35.584990 35.630105 35.810865"
Verification: PASS
