********** Results for Bit Compression**********
problem-size: 524288
local-size: 256
num-iters: 100000
core-freq: 292
memory-freq: 877
device-name: Tesla V100-SXM2-16GB
sycl-implementation: LLVM CUDA (Intel DPC++)
throughput-metric: N/A
kernel-time-mean: 1.174502 [s]
kernel-time-stddev: 0.001075 [s]
kernel-time-median: 1.173895 [s]
kernel-time-min: 1.173700 [s]
kernel-time-samples: "1.173700 1.173701 1.173895 1.175095 1.176121"
kernel-time-throughput: N/A
run-time-mean: 1.185246 [s]
run-time-stddev: 0.003732 [s]
run-time-median: 1.185610 [s]
run-time-min: 1.180645 [s]
run-time-samples: "1.180645 1.182476 1.185610 1.187704 1.189797"
run-time-throughput: N/A
kernel-energy-mean: 36.173562 [J]
kernel-energy-stddev: 0.129667 [J]
kernel-energy-median: 36.235450 [J]
kernel-energy-min: 36.014890 [J]
kernel-energy-max: 36.282545 [J]
kernel-energy-samples: "36.014890 36.052800 36.235450 36.282125 36.282545"
Verification: PASS
