********** Results for Bit Compression**********
problem-size: 524288
local-size: 256
num-iters: 100000
core-freq: 442
memory-freq: 877
device-name: Tesla V100-SXM2-16GB
sycl-implementation: LLVM CUDA (Intel DPC++)
throughput-metric: N/A
kernel-time-mean: 1.181542 [s]
kernel-time-stddev: 0.000111 [s]
kernel-time-median: 1.181575 [s]
kernel-time-min: 1.181393 [s]
kernel-time-samples: "1.181393 1.181470 1.181575 1.181598 1.181675"
kernel-time-throughput: N/A
run-time-mean: 1.195720 [s]
run-time-stddev: 0.003529 [s]
run-time-median: 1.195246 [s]
run-time-min: 1.191709 [s]
run-time-samples: "1.191709 1.193030 1.195246 1.198789 1.199824"
run-time-throughput: N/A
kernel-energy-mean: 36.233710 [J]
kernel-energy-stddev: 0.110759 [J]
kernel-energy-median: 36.304915 [J]
kernel-energy-min: 36.071710 [J]
kernel-energy-max: 36.317215 [J]
kernel-energy-samples: "36.071710 36.164020 36.304915 36.310690 36.317215"
Verification: PASS
