********** Results for Bit Compression**********
problem-size: 524288
local-size: 256
num-iters: 100000
core-freq: 180
memory-freq: 877
device-name: Tesla V100-SXM2-16GB
sycl-implementation: LLVM CUDA (Intel DPC++)
throughput-metric: N/A
kernel-time-mean: 2.394759 [s]
kernel-time-stddev: 0.001032 [s]
kernel-time-median: 2.394477 [s]
kernel-time-min: 2.393821 [s]
kernel-time-samples: "2.393821 2.394324 2.394477 2.394654 2.396519"
kernel-time-throughput: N/A
run-time-mean: 2.406937 [s]
run-time-stddev: 0.003256 [s]
run-time-median: 2.406713 [s]
run-time-min: 2.402479 [s]
run-time-samples: "2.402479 2.405709 2.406713 2.408572 2.411214"
run-time-throughput: N/A
kernel-energy-mean: 33.843069 [J]
kernel-energy-stddev: 0.153988 [J]
kernel-energy-median: 33.838430 [J]
kernel-energy-min: 33.624855 [J]
kernel-energy-max: 34.059260 [J]
kernel-energy-samples: "33.624855 33.831405 33.838430 33.861395 34.059260"
Verification: PASS
