********** Results for Bit Compression**********
problem-size: 524288
local-size: 256
num-iters: 100000
core-freq: 1387
memory-freq: 877
device-name: Tesla V100-SXM2-16GB
sycl-implementation: LLVM CUDA (Intel DPC++)
throughput-metric: N/A
kernel-time-mean: 0.179124 [s]
kernel-time-stddev: 0.011915 [s]
kernel-time-median: 0.187811 [s]
kernel-time-min: 0.166066 [s]
kernel-time-samples: "0.166066 0.166077 0.187811 0.187818 0.187850"
kernel-time-throughput: N/A
run-time-mean: 0.193176 [s]
run-time-stddev: 0.011452 [s]
run-time-median: 0.198271 [s]
run-time-min: 0.179242 [s]
run-time-samples: "0.179242 0.182516 0.198271 0.202325 0.203525"
run-time-throughput: N/A
kernel-energy-mean: 33.090204 [J]
kernel-energy-stddev: 1.689433 [J]
kernel-energy-median: 34.077400 [J]
kernel-energy-min: 30.740920 [J]
kernel-energy-max: 34.648400 [J]
kernel-energy-samples: "30.740920 31.879530 34.077400 34.104770 34.648400"
Verification: PASS
