********** Results for Bit Compression**********
problem-size: 524288
local-size: 256
num-iters: 100000
core-freq: 1192
memory-freq: 877
device-name: Tesla V100-SXM2-16GB
sycl-implementation: LLVM CUDA (Intel DPC++)
throughput-metric: N/A
kernel-time-mean: 0.198289 [s]
kernel-time-stddev: 0.011327 [s]
kernel-time-median: 0.193227 [s]
kernel-time-min: 0.193213 [s]
kernel-time-samples: "0.193213 0.193220 0.193227 0.193234 0.218552"
kernel-time-throughput: N/A
run-time-mean: 0.211718 [s]
run-time-stddev: 0.009841 [s]
run-time-median: 0.206999 [s]
run-time-min: 0.203371 [s]
run-time-samples: "0.203371 0.205685 0.206999 0.215078 0.227457"
run-time-throughput: N/A
kernel-energy-mean: 25.630821 [J]
kernel-energy-stddev: 0.332446 [J]
kernel-energy-median: 25.651845 [J]
kernel-energy-min: 25.212080 [J]
kernel-energy-max: 26.018070 [J]
kernel-energy-samples: "25.212080 25.394935 25.651845 25.877175 26.018070"
Verification: PASS
