********** Results for Bit Compression**********
problem-size: 524288
local-size: 256
num-iters: 100000
core-freq: 532
memory-freq: 877
device-name: Tesla V100-SXM2-16GB
sycl-implementation: LLVM CUDA (Intel DPC++)
throughput-metric: N/A
kernel-time-mean: 0.489707 [s]
kernel-time-stddev: 0.000039 [s]
kernel-time-median: 0.489704 [s]
kernel-time-min: 0.489649 [s]
kernel-time-samples: "0.489649 0.489704 0.489704 0.489719 0.489759"
kernel-time-throughput: N/A
run-time-mean: 0.501719 [s]
run-time-stddev: 0.003401 [s]
run-time-median: 0.500666 [s]
run-time-min: 0.498984 [s]
run-time-samples: "0.498984 0.499435 0.500666 0.502110 0.507403"
run-time-throughput: N/A
kernel-energy-mean: 27.814178 [J]
kernel-energy-stddev: 0.386270 [J]
kernel-energy-median: 27.758330 [J]
kernel-energy-min: 27.241645 [J]
kernel-energy-max: 28.229620 [J]
kernel-energy-samples: "27.241645 27.732710 27.758330 28.108585 28.229620"
Verification: PASS
