********** Results for Bit Compression**********
problem-size: 524288
local-size: 256
num-iters: 100000
core-freq: 705
memory-freq: 877
device-name: Tesla V100-SXM2-16GB
sycl-implementation: LLVM CUDA (Intel DPC++)
throughput-metric: N/A
kernel-time-mean: 0.369990 [s]
kernel-time-stddev: 0.000075 [s]
kernel-time-median: 0.370005 [s]
kernel-time-min: 0.369885 [s]
kernel-time-samples: "0.369885 0.369948 0.370005 0.370036 0.370077"
kernel-time-throughput: N/A
run-time-mean: 0.379583 [s]
run-time-stddev: 0.002134 [s]
run-time-median: 0.378699 [s]
run-time-min: 0.378259 [s]
run-time-samples: "0.378259 0.378317 0.378699 0.379312 0.383326"
run-time-throughput: N/A
kernel-energy-mean: 25.826664 [J]
kernel-energy-stddev: 0.111765 [J]
kernel-energy-median: 25.817915 [J]
kernel-energy-min: 25.710235 [J]
kernel-energy-max: 25.990660 [J]
kernel-energy-samples: "25.710235 25.741355 25.817915 25.873155 25.990660"
Verification: PASS
