********** Results for Bit Compression**********
problem-size: 524288
local-size: 256
num-iters: 100000
core-freq: 330
memory-freq: 877
device-name: Tesla V100-SXM2-16GB
sycl-implementation: LLVM CUDA (Intel DPC++)
throughput-metric: N/A
kernel-time-mean: 1.163236 [s]
kernel-time-stddev: 0.000534 [s]
kernel-time-median: 1.163117 [s]
kernel-time-min: 1.162744 [s]
kernel-time-samples: "1.162744 1.162969 1.163117 1.163211 1.164138"
kernel-time-throughput: N/A
run-time-mean: 1.174343 [s]
run-time-stddev: 0.002565 [s]
run-time-median: 1.174194 [s]
run-time-min: 1.171577 [s]
run-time-samples: "1.171577 1.173135 1.174194 1.174322 1.178487"
run-time-throughput: N/A
kernel-energy-mean: 33.967476 [J]
kernel-energy-stddev: 1.906068 [J]
kernel-energy-median: 34.800825 [J]
kernel-energy-min: 30.558415 [J]
kernel-energy-max: 34.881840 [J]
kernel-energy-samples: "30.558415 34.790390 34.800825 34.805910 34.881840"
Verification: PASS
