********** Results for Bit Compression**********
problem-size: 524288
local-size: 256
num-iters: 100000
core-freq: 382
memory-freq: 877
device-name: Tesla V100-SXM2-16GB
sycl-implementation: LLVM CUDA (Intel DPC++)
throughput-metric: N/A
kernel-time-mean: 1.196105 [s]
kernel-time-stddev: 0.000151 [s]
kernel-time-median: 1.196074 [s]
kernel-time-min: 1.195931 [s]
kernel-time-samples: "1.195931 1.196001 1.196074 1.196244 1.196278"
kernel-time-throughput: N/A
run-time-mean: 1.207574 [s]
run-time-stddev: 0.002221 [s]
run-time-median: 1.208645 [s]
run-time-min: 1.204972 [s]
run-time-samples: "1.204972 1.205372 1.208645 1.209404 1.209476"
run-time-throughput: N/A
kernel-energy-mean: 35.535441 [J]
kernel-energy-stddev: 0.333759 [J]
kernel-energy-median: 35.718265 [J]
kernel-energy-min: 34.969385 [J]
kernel-energy-max: 35.771250 [J]
kernel-energy-samples: "34.969385 35.496760 35.718265 35.721545 35.771250"
Verification: PASS
