********** Results for Bit Compression**********
problem-size: 524288
local-size: 256
num-iters: 100000
core-freq: 652
memory-freq: 877
device-name: Tesla V100-SXM2-16GB
sycl-implementation: LLVM CUDA (Intel DPC++)
throughput-metric: N/A
kernel-time-mean: 0.353162 [s]
kernel-time-stddev: 0.000019 [s]
kernel-time-median: 0.353155 [s]
kernel-time-min: 0.353141 [s]
kernel-time-samples: "0.353141 0.353151 0.353155 0.353180 0.353186"
kernel-time-throughput: N/A
run-time-mean: 0.366328 [s]
run-time-stddev: 0.006553 [s]
run-time-median: 0.364543 [s]
run-time-min: 0.360702 [s]
run-time-samples: "0.360702 0.361164 0.364543 0.368668 0.376564"
run-time-throughput: N/A
kernel-energy-mean: 24.506771 [J]
kernel-energy-stddev: 0.369471 [J]
kernel-energy-median: 24.480575 [J]
kernel-energy-min: 24.089695 [J]
kernel-energy-max: 25.065050 [J]
kernel-energy-samples: "24.089695 24.286315 24.480575 24.612220 25.065050"
Verification: PASS
