********** Results for Bit Compression**********
problem-size: 524288
local-size: 256
num-iters: 100000
core-freq: 1342
memory-freq: 877
device-name: Tesla V100-SXM2-16GB
sycl-implementation: LLVM CUDA (Intel DPC++)
throughput-metric: N/A
kernel-time-mean: 0.171619 [s]
kernel-time-stddev: 0.000004 [s]
kernel-time-median: 0.171618 [s]
kernel-time-min: 0.171612 [s]
kernel-time-samples: "0.171612 0.171618 0.171618 0.171622 0.171623"
kernel-time-throughput: N/A
run-time-mean: 0.183778 [s]
run-time-stddev: 0.002821 [s]
run-time-median: 0.182629 [s]
run-time-min: 0.181521 [s]
run-time-samples: "0.181521 0.181725 0.182629 0.184734 0.188283"
run-time-throughput: N/A
kernel-energy-mean: 29.576069 [J]
kernel-energy-stddev: 1.405529 [J]
kernel-energy-median: 29.830120 [J]
kernel-energy-min: 27.245940 [J]
kernel-energy-max: 30.891545 [J]
kernel-energy-samples: "27.245940 29.515760 29.830120 30.396980 30.891545"
Verification: PASS
