********** Results for Bit Compression**********
problem-size: 524288
local-size: 256
num-iters: 100000
core-freq: 1132
memory-freq: 877
device-name: Tesla V100-SXM2-16GB
sycl-implementation: LLVM CUDA (Intel DPC++)
throughput-metric: N/A
kernel-time-mean: 0.203484 [s]
kernel-time-stddev: 0.000019 [s]
kernel-time-median: 0.203477 [s]
kernel-time-min: 0.203467 [s]
kernel-time-samples: "0.203467 0.203474 0.203477 0.203486 0.203515"
kernel-time-throughput: N/A
run-time-mean: 0.215298 [s]
run-time-stddev: 0.002797 [s]
run-time-median: 0.213769 [s]
run-time-min: 0.213662 [s]
run-time-samples: "0.213662 0.213717 0.213769 0.215171 0.220173"
run-time-throughput: N/A
kernel-energy-mean: 23.173111 [J]
kernel-energy-stddev: 2.100001 [J]
kernel-energy-median: 23.943680 [J]
kernel-energy-min: 19.476820 [J]
kernel-energy-max: 24.481805 [J]
kernel-energy-samples: "19.476820 23.555240 23.943680 24.408010 24.481805"
Verification: PASS
