********** Results for Bit Compression**********
problem-size: 524288
local-size: 256
num-iters: 100000
core-freq: 360
memory-freq: 877
device-name: Tesla V100-SXM2-16GB
sycl-implementation: LLVM CUDA (Intel DPC++)
throughput-metric: N/A
kernel-time-mean: 1.165873 [s]
kernel-time-stddev: 0.000068 [s]
kernel-time-median: 1.165844 [s]
kernel-time-min: 1.165797 [s]
kernel-time-samples: "1.165797 1.165837 1.165844 1.165935 1.165954"
kernel-time-throughput: N/A
run-time-mean: 1.178254 [s]
run-time-stddev: 0.002125 [s]
run-time-median: 1.178164 [s]
run-time-min: 1.175444 [s]
run-time-samples: "1.175444 1.177059 1.178164 1.179889 1.180715"
run-time-throughput: N/A
kernel-energy-mean: 35.239660 [J]
kernel-energy-stddev: 0.203158 [J]
kernel-energy-median: 35.196780 [J]
kernel-energy-min: 34.959610 [J]
kernel-energy-max: 35.493470 [J]
kernel-energy-samples: "34.959610 35.179305 35.196780 35.369135 35.493470"
Verification: PASS
