********** Results for Bit Compression**********
problem-size: 524288
local-size: 256
num-iters: 100000
core-freq: 1522
memory-freq: 877
device-name: Tesla V100-SXM2-16GB
sycl-implementation: LLVM CUDA (Intel DPC++)
throughput-metric: N/A
kernel-time-mean: 0.153134 [s]
kernel-time-stddev: 0.000086 [s]
kernel-time-median: 0.153091 [s]
kernel-time-min: 0.153064 [s]
kernel-time-samples: "0.153064 0.153068 0.153091 0.153187 0.153259"
kernel-time-throughput: N/A
run-time-mean: 0.165337 [s]
run-time-stddev: 0.002025 [s]
run-time-median: 0.165569 [s]
run-time-min: 0.162529 [s]
run-time-samples: "0.162529 0.164736 0.165569 0.165688 0.168160"
run-time-throughput: N/A
kernel-energy-mean: 33.734908 [J]
kernel-energy-stddev: 1.959528 [J]
kernel-energy-median: 34.601500 [J]
kernel-energy-min: 30.313720 [J]
kernel-energy-max: 35.043450 [J]
kernel-energy-samples: "30.313720 33.902475 34.601500 34.813395 35.043450"
Verification: PASS
