********** Results for Bit Compression**********
problem-size: 524288
local-size: 256
num-iters: 100000
core-freq: 472
memory-freq: 877
device-name: Tesla V100-SXM2-16GB
sycl-implementation: LLVM CUDA (Intel DPC++)
throughput-metric: N/A
kernel-time-mean: 0.552439 [s]
kernel-time-stddev: 0.000043 [s]
kernel-time-median: 0.552429 [s]
kernel-time-min: 0.552389 [s]
kernel-time-samples: "0.552389 0.552423 0.552429 0.552451 0.552504"
kernel-time-throughput: N/A
run-time-mean: 0.564149 [s]
run-time-stddev: 0.004419 [s]
run-time-median: 0.562062 [s]
run-time-min: 0.560915 [s]
run-time-samples: "0.560915 0.561404 0.562062 0.564772 0.571592"
run-time-throughput: N/A
kernel-energy-mean: 25.089630 [J]
kernel-energy-stddev: 0.442777 [J]
kernel-energy-median: 25.206860 [J]
kernel-energy-min: 24.469010 [J]
kernel-energy-max: 25.620505 [J]
kernel-energy-samples: "24.469010 24.848855 25.206860 25.302920 25.620505"
Verification: PASS
