********** Results for Bit Compression**********
problem-size: 524288
local-size: 256
num-iters: 100000
core-freq: 157
memory-freq: 877
device-name: Tesla V100-SXM2-16GB
sycl-implementation: LLVM CUDA (Intel DPC++)
throughput-metric: N/A
kernel-time-mean: 2.395933 [s]
kernel-time-stddev: 0.000426 [s]
kernel-time-median: 2.395870 [s]
kernel-time-min: 2.395465 [s]
kernel-time-samples: "2.395465 2.395589 2.395870 2.396368 2.396375"
kernel-time-throughput: N/A
run-time-mean: 2.408738 [s]
run-time-stddev: 0.003576 [s]
run-time-median: 2.406999 [s]
run-time-min: 2.405721 [s]
run-time-samples: "2.405721 2.406866 2.406999 2.409445 2.414657"
run-time-throughput: N/A
kernel-energy-mean: 33.798785 [J]
kernel-energy-stddev: 0.079258 [J]
kernel-energy-median: 33.777375 [J]
kernel-energy-min: 33.727460 [J]
kernel-energy-max: 33.935165 [J]
kernel-energy-samples: "33.727460 33.773120 33.777375 33.780805 33.935165"
Verification: PASS
