********** Results for Bit Compression**********
problem-size: 524288
local-size: 256
num-iters: 100000
core-freq: 1290
memory-freq: 877
device-name: Tesla V100-SXM2-16GB
sycl-implementation: LLVM CUDA (Intel DPC++)
throughput-metric: N/A
kernel-time-mean: 0.177856 [s]
kernel-time-stddev: 0.000177 [s]
kernel-time-median: 0.177855 [s]
kernel-time-min: 0.177679 [s]
kernel-time-samples: "0.177679 0.177699 0.177855 0.177945 0.178103"
kernel-time-throughput: N/A
run-time-mean: 0.189702 [s]
run-time-stddev: 0.002526 [s]
run-time-median: 0.189896 [s]
run-time-min: 0.185985 [s]
run-time-samples: "0.185985 0.188913 0.189896 0.190920 0.192795"
run-time-throughput: N/A
kernel-energy-mean: 29.341231 [J]
kernel-energy-stddev: 0.456857 [J]
kernel-energy-median: 29.068140 [J]
kernel-energy-min: 28.940670 [J]
kernel-energy-max: 29.903335 [J]
kernel-energy-samples: "28.940670 29.024405 29.068140 29.769605 29.903335"
Verification: PASS
