********** Results for Bit Compression**********
problem-size: 524288
local-size: 256
num-iters: 100000
core-freq: 1365
memory-freq: 877
device-name: Tesla V100-SXM2-16GB
sycl-implementation: LLVM CUDA (Intel DPC++)
throughput-metric: N/A
kernel-time-mean: 0.181672 [s]
kernel-time-stddev: 0.012070 [s]
kernel-time-median: 0.190220 [s]
kernel-time-min: 0.168378 [s]
kernel-time-samples: "0.168378 0.168526 0.190220 0.190490 0.190748"
kernel-time-throughput: N/A
run-time-mean: 0.195452 [s]
run-time-stddev: 0.010852 [s]
run-time-median: 0.198267 [s]
run-time-min: 0.183704 [s]
run-time-samples: "0.183704 0.184370 0.198267 0.204435 0.206482"
run-time-throughput: N/A
kernel-energy-mean: 32.029405 [J]
kernel-energy-stddev: 2.165429 [J]
kernel-energy-median: 32.443835 [J]
kernel-energy-min: 28.854385 [J]
kernel-energy-max: 34.081920 [J]
kernel-energy-samples: "28.854385 30.962120 32.443835 33.804765 34.081920"
Verification: PASS
