********** Results for Bit Compression**********
problem-size: 524288
local-size: 256
num-iters: 100000
core-freq: 1492
memory-freq: 877
device-name: Tesla V100-SXM2-16GB
sycl-implementation: LLVM CUDA (Intel DPC++)
throughput-metric: N/A
kernel-time-mean: 0.154560 [s]
kernel-time-stddev: 0.000128 [s]
kernel-time-median: 0.154608 [s]
kernel-time-min: 0.154362 [s]
kernel-time-samples: "0.154362 0.154516 0.154608 0.154614 0.154697"
kernel-time-throughput: N/A
run-time-mean: 0.165266 [s]
run-time-stddev: 0.001311 [s]
run-time-median: 0.165920 [s]
run-time-min: 0.163802 [s]
run-time-samples: "0.163802 0.163901 0.165920 0.166167 0.166541"
run-time-throughput: N/A
kernel-energy-mean: 35.184121 [J]
kernel-energy-stddev: 0.447730 [J]
kernel-energy-median: 35.273080 [J]
kernel-energy-min: 34.624655 [J]
kernel-energy-max: 35.794905 [J]
kernel-energy-samples: "34.624655 34.892580 35.273080 35.335385 35.794905"
Verification: PASS
