********** Results for Bit Compression**********
problem-size: 524288
local-size: 256
num-iters: 100000
core-freq: 615
memory-freq: 877
device-name: Tesla V100-SXM2-16GB
sycl-implementation: LLVM CUDA (Intel DPC++)
throughput-metric: N/A
kernel-time-mean: 0.423822 [s]
kernel-time-stddev: 0.000032 [s]
kernel-time-median: 0.423830 [s]
kernel-time-min: 0.423777 [s]
kernel-time-samples: "0.423777 0.423803 0.423830 0.423846 0.423853"
kernel-time-throughput: N/A
run-time-mean: 0.435845 [s]
run-time-stddev: 0.002251 [s]
run-time-median: 0.435898 [s]
run-time-min: 0.433399 [s]
run-time-samples: "0.433399 0.433795 0.435898 0.437730 0.438401"
run-time-throughput: N/A
kernel-energy-mean: 27.246136 [J]
kernel-energy-stddev: 0.232047 [J]
kernel-energy-median: 27.304920 [J]
kernel-energy-min: 26.881775 [J]
kernel-energy-max: 27.506710 [J]
kernel-energy-samples: "26.881775 27.197020 27.304920 27.340255 27.506710"
Verification: PASS
