********** Results for Bit Compression**********
problem-size: 524288
local-size: 256
num-iters: 100000
core-freq: 1432
memory-freq: 877
device-name: Tesla V100-SXM2-16GB
sycl-implementation: LLVM CUDA (Intel DPC++)
throughput-metric: N/A
kernel-time-mean: 0.160859 [s]
kernel-time-stddev: 0.000012 [s]
kernel-time-median: 0.160857 [s]
kernel-time-min: 0.160850 [s]
kernel-time-samples: "0.160850 0.160851 0.160857 0.160859 0.160879"
kernel-time-throughput: N/A
run-time-mean: 0.174525 [s]
run-time-stddev: 0.002981 [s]
run-time-median: 0.174014 [s]
run-time-min: 0.172062 [s]
run-time-samples: "0.172062 0.172133 0.174014 0.175072 0.179341"
run-time-throughput: N/A
kernel-energy-mean: 32.529673 [J]
kernel-energy-stddev: 1.059544 [J]
kernel-energy-median: 32.910085 [J]
kernel-energy-min: 30.845060 [J]
kernel-energy-max: 33.424375 [J]
kernel-energy-samples: "30.845060 32.176050 32.910085 33.292795 33.424375"
Verification: PASS
