********** Results for Bit Compression**********
problem-size: 524288
local-size: 256
num-iters: 100000
core-freq: 1470
memory-freq: 877
device-name: Tesla V100-SXM2-16GB
sycl-implementation: LLVM CUDA (Intel DPC++)
throughput-metric: N/A
kernel-time-mean: 0.156235 [s]
kernel-time-stddev: 0.000186 [s]
kernel-time-median: 0.156291 [s]
kernel-time-min: 0.155984 [s]
kernel-time-samples: "0.155984 0.156106 0.156291 0.156361 0.156436"
kernel-time-throughput: N/A
run-time-mean: 0.168546 [s]
run-time-stddev: 0.000792 [s]
run-time-median: 0.168485 [s]
run-time-min: 0.167297 [s]
run-time-samples: "0.167297 0.168484 0.168485 0.169207 0.169256"
run-time-throughput: N/A
kernel-energy-mean: 34.996226 [J]
kernel-energy-stddev: 0.998967 [J]
kernel-energy-median: 35.245790 [J]
kernel-energy-min: 33.256720 [J]
kernel-energy-max: 35.764855 [J]
kernel-energy-samples: "33.256720 35.194650 35.245790 35.519115 35.764855"
Verification: PASS
