********** Results for Bit Compression**********
problem-size: 524288
local-size: 256
num-iters: 100000
core-freq: 487
memory-freq: 877
device-name: Tesla V100-SXM2-16GB
sycl-implementation: LLVM CUDA (Intel DPC++)
throughput-metric: N/A
kernel-time-mean: 0.534725 [s]
kernel-time-stddev: 0.000043 [s]
kernel-time-median: 0.534706 [s]
kernel-time-min: 0.534686 [s]
kernel-time-samples: "0.534686 0.534705 0.534706 0.534732 0.534796"
kernel-time-throughput: N/A
run-time-mean: 0.545604 [s]
run-time-stddev: 0.001531 [s]
run-time-median: 0.544953 [s]
run-time-min: 0.544048 [s]
run-time-samples: "0.544048 0.544823 0.544953 0.546244 0.547951"
run-time-throughput: N/A
kernel-energy-mean: 25.313421 [J]
kernel-energy-stddev: 0.520291 [J]
kernel-energy-median: 24.960265 [J]
kernel-energy-min: 24.896890 [J]
kernel-energy-max: 25.960450 [J]
kernel-energy-samples: "24.896890 24.951415 24.960265 25.798085 25.960450"
Verification: PASS
