********** Results for Bit Compression**********
problem-size: 524288
local-size: 256
num-iters: 100000
core-freq: 1320
memory-freq: 877
device-name: Tesla V100-SXM2-16GB
sycl-implementation: LLVM CUDA (Intel DPC++)
throughput-metric: N/A
kernel-time-mean: 0.173740 [s]
kernel-time-stddev: 0.000136 [s]
kernel-time-median: 0.173781 [s]
kernel-time-min: 0.173594 [s]
kernel-time-samples: "0.173594 0.173617 0.173781 0.173784 0.173925"
kernel-time-throughput: N/A
run-time-mean: 0.186508 [s]
run-time-stddev: 0.003669 [s]
run-time-median: 0.186170 [s]
run-time-min: 0.181599 [s]
run-time-samples: "0.181599 0.185925 0.186170 0.186940 0.191904"
run-time-throughput: N/A
kernel-energy-mean: 30.064214 [J]
kernel-energy-stddev: 0.394723 [J]
kernel-energy-median: 29.971415 [J]
kernel-energy-min: 29.596095 [J]
kernel-energy-max: 30.512000 [J]
kernel-energy-samples: "29.596095 29.813725 29.971415 30.427835 30.512000"
Verification: PASS
