********** Results for Bit Compression**********
problem-size: 524288
local-size: 256
num-iters: 100000
core-freq: 570
memory-freq: 877
device-name: Tesla V100-SXM2-16GB
sycl-implementation: LLVM CUDA (Intel DPC++)
throughput-metric: N/A
kernel-time-mean: 0.457395 [s]
kernel-time-stddev: 0.000027 [s]
kernel-time-median: 0.457384 [s]
kernel-time-min: 0.457363 [s]
kernel-time-samples: "0.457363 0.457382 0.457384 0.457412 0.457432"
kernel-time-throughput: N/A
run-time-mean: 0.469815 [s]
run-time-stddev: 0.005431 [s]
run-time-median: 0.467549 [s]
run-time-min: 0.467129 [s]
run-time-samples: "0.467129 0.467204 0.467549 0.467670 0.479522"
run-time-throughput: N/A
kernel-energy-mean: 28.115101 [J]
kernel-energy-stddev: 0.069908 [J]
kernel-energy-median: 28.137045 [J]
kernel-energy-min: 27.998280 [J]
kernel-energy-max: 28.184375 [J]
kernel-energy-samples: "27.998280 28.115790 28.137045 28.140015 28.184375"
Verification: PASS
