********** Results for Bit Compression**********
problem-size: 524288
local-size: 256
num-iters: 100000
core-freq: 1170
memory-freq: 877
device-name: Tesla V100-SXM2-16GB
sycl-implementation: LLVM CUDA (Intel DPC++)
throughput-metric: N/A
kernel-time-mean: 0.196038 [s]
kernel-time-stddev: 0.000364 [s]
kernel-time-median: 0.195833 [s]
kernel-time-min: 0.195793 [s]
kernel-time-samples: "0.195793 0.195804 0.195833 0.196119 0.196644"
kernel-time-throughput: N/A
run-time-mean: 0.207764 [s]
run-time-stddev: 0.000525 [s]
run-time-median: 0.207866 [s]
run-time-min: 0.207020 [s]
run-time-samples: "0.207020 0.207573 0.207866 0.207904 0.208459"
run-time-throughput: N/A
kernel-energy-mean: 24.887584 [J]
kernel-energy-stddev: 0.420900 [J]
kernel-energy-median: 24.769140 [J]
kernel-energy-min: 24.580995 [J]
kernel-energy-max: 25.625110 [J]
kernel-energy-samples: "24.580995 24.668760 24.769140 24.793915 25.625110"
Verification: PASS
