********** Results for Bit Compression**********
problem-size: 524288
local-size: 256
num-iters: 100000
core-freq: 1530
memory-freq: 877
device-name: Tesla V100-SXM2-16GB
sycl-implementation: LLVM CUDA (Intel DPC++)
throughput-metric: N/A
kernel-time-mean: 0.152683 [s]
kernel-time-stddev: 0.000137 [s]
kernel-time-median: 0.152636 [s]
kernel-time-min: 0.152518 [s]
kernel-time-samples: "0.152518 0.152616 0.152636 0.152794 0.152853"
kernel-time-throughput: N/A
run-time-mean: 0.168579 [s]
run-time-stddev: 0.004109 [s]
run-time-median: 0.168786 [s]
run-time-min: 0.162884 [s]
run-time-samples: "0.162884 0.166325 0.168786 0.172403 0.172497"
run-time-throughput: N/A
kernel-energy-mean: 34.164975 [J]
kernel-energy-stddev: 1.307515 [J]
kernel-energy-median: 34.376290 [J]
kernel-energy-min: 32.128760 [J]
kernel-energy-max: 35.660340 [J]
kernel-energy-samples: "32.128760 33.907165 34.376290 34.752320 35.660340"
Verification: PASS
