********** Results for Bit Compression**********
problem-size: 524288
local-size: 256
num-iters: 100000
core-freq: 375
memory-freq: 877
device-name: Tesla V100-SXM2-16GB
sycl-implementation: LLVM CUDA (Intel DPC++)
throughput-metric: N/A
kernel-time-mean: 1.058456 [s]
kernel-time-stddev: 0.000110 [s]
kernel-time-median: 1.058441 [s]
kernel-time-min: 1.058305 [s]
kernel-time-samples: "1.058305 1.058422 1.058441 1.058511 1.058600"
kernel-time-throughput: N/A
run-time-mean: 1.068570 [s]
run-time-stddev: 0.004775 [s]
run-time-median: 1.066362 [s]
run-time-min: 1.066017 [s]
run-time-samples: "1.066017 1.066209 1.066362 1.067188 1.077074"
run-time-throughput: N/A
kernel-energy-mean: 36.530886 [J]
kernel-energy-stddev: 0.098331 [J]
kernel-energy-median: 36.553040 [J]
kernel-energy-min: 36.363585 [J]
kernel-energy-max: 36.624035 [J]
kernel-energy-samples: "36.363585 36.547760 36.553040 36.566010 36.624035"
Verification: PASS
