********** Results for Bit Compression**********
problem-size: 524288
local-size: 256
num-iters: 100000
core-freq: 630
memory-freq: 877
device-name: Tesla V100-SXM2-16GB
sycl-implementation: LLVM CUDA (Intel DPC++)
throughput-metric: N/A
kernel-time-mean: 0.413915 [s]
kernel-time-stddev: 0.000028 [s]
kernel-time-median: 0.413909 [s]
kernel-time-min: 0.413892 [s]
kernel-time-samples: "0.413892 0.413892 0.413909 0.413923 0.413958"
kernel-time-throughput: N/A
run-time-mean: 0.427563 [s]
run-time-stddev: 0.003059 [s]
run-time-median: 0.426776 [s]
run-time-min: 0.424377 [s]
run-time-samples: "0.424377 0.425109 0.426776 0.430774 0.430777"
run-time-throughput: N/A
kernel-energy-mean: 26.948525 [J]
kernel-energy-stddev: 0.562268 [J]
kernel-energy-median: 27.199680 [J]
kernel-energy-min: 26.304055 [J]
kernel-energy-max: 27.488590 [J]
kernel-energy-samples: "26.304055 26.383355 27.199680 27.366945 27.488590"
Verification: PASS
