********** Results for Bit Compression**********
problem-size: 524288
local-size: 256
num-iters: 100000
core-freq: 900
memory-freq: 877
device-name: Tesla V100-SXM2-16GB
sycl-implementation: LLVM CUDA (Intel DPC++)
throughput-metric: N/A
kernel-time-mean: 0.269477 [s]
kernel-time-stddev: 0.018371 [s]
kernel-time-median: 0.256078 [s]
kernel-time-min: 0.256047 [s]
kernel-time-samples: "0.256047 0.256056 0.256078 0.289602 0.289602"
kernel-time-throughput: N/A
run-time-mean: 0.282030 [s]
run-time-stddev: 0.016148 [s]
run-time-median: 0.275392 [s]
run-time-min: 0.267929 [s]
run-time-samples: "0.267929 0.268047 0.275392 0.298459 0.300325"
run-time-throughput: N/A
kernel-energy-mean: 25.914401 [J]
kernel-energy-stddev: 1.189153 [J]
kernel-energy-median: 25.097725 [J]
kernel-energy-min: 24.980095 [J]
kernel-energy-max: 27.356515 [J]
kernel-energy-samples: "24.980095 25.071575 25.097725 27.066095 27.356515"
Verification: PASS
