********** Results for Bit Compression**********
problem-size: 524288
local-size: 256
num-iters: 100000
core-freq: 217
memory-freq: 877
device-name: Tesla V100-SXM2-16GB
sycl-implementation: LLVM CUDA (Intel DPC++)
throughput-metric: N/A
kernel-time-mean: 2.374273 [s]
kernel-time-stddev: 0.001158 [s]
kernel-time-median: 2.373743 [s]
kernel-time-min: 2.373632 [s]
kernel-time-samples: "2.373632 2.373632 2.373743 2.374033 2.376324"
kernel-time-throughput: N/A
run-time-mean: 2.387484 [s]
run-time-stddev: 0.003339 [s]
run-time-median: 2.386217 [s]
run-time-min: 2.383649 [s]
run-time-samples: "2.383649 2.385654 2.386217 2.390279 2.391622"
run-time-throughput: N/A
kernel-energy-mean: 38.048894 [J]
kernel-energy-stddev: 0.122191 [J]
kernel-energy-median: 37.990825 [J]
kernel-energy-min: 37.939375 [J]
kernel-energy-max: 38.194590 [J]
kernel-energy-samples: "37.939375 37.952860 37.990825 38.166820 38.194590"
Verification: PASS
