********** Results for Bit Compression**********
problem-size: 524288
local-size: 256
num-iters: 100000
core-freq: 870
memory-freq: 877
device-name: Tesla V100-SXM2-16GB
sycl-implementation: LLVM CUDA (Intel DPC++)
throughput-metric: N/A
kernel-time-mean: 0.271836 [s]
kernel-time-stddev: 0.015517 [s]
kernel-time-median: 0.264911 [s]
kernel-time-min: 0.264876 [s]
kernel-time-samples: "0.264876 0.264889 0.264911 0.264911 0.299594"
kernel-time-throughput: N/A
run-time-mean: 0.282850 [s]
run-time-stddev: 0.016338 [s]
run-time-median: 0.276058 [s]
run-time-min: 0.273846 [s]
run-time-samples: "0.273846 0.275249 0.276058 0.277097 0.312000"
run-time-throughput: N/A
kernel-energy-mean: 22.607687 [J]
kernel-energy-stddev: 1.843418 [J]
kernel-energy-median: 22.944435 [J]
kernel-energy-min: 19.554820 [J]
kernel-energy-max: 24.576180 [J]
kernel-energy-samples: "19.554820 22.931870 22.944435 23.031130 24.576180"
Verification: PASS
