********** Results for Bit Compression**********
problem-size: 524288
local-size: 256
num-iters: 100000
core-freq: 412
memory-freq: 877
device-name: Tesla V100-SXM2-16GB
sycl-implementation: LLVM CUDA (Intel DPC++)
throughput-metric: N/A
kernel-time-mean: 1.173400 [s]
kernel-time-stddev: 0.000101 [s]
kernel-time-median: 1.173372 [s]
kernel-time-min: 1.173301 [s]
kernel-time-samples: "1.173301 1.173353 1.173372 1.173409 1.173568"
kernel-time-throughput: N/A
run-time-mean: 1.183661 [s]
run-time-stddev: 0.002535 [s]
run-time-median: 1.183402 [s]
run-time-min: 1.180872 [s]
run-time-samples: "1.180872 1.181561 1.183402 1.185923 1.186548"
run-time-throughput: N/A
kernel-energy-mean: 36.098032 [J]
kernel-energy-stddev: 0.084760 [J]
kernel-energy-median: 36.073040 [J]
kernel-energy-min: 36.018365 [J]
kernel-energy-max: 36.242450 [J]
kernel-energy-samples: "36.018365 36.070450 36.073040 36.085855 36.242450"
Verification: PASS
