********** Results for Bit Compression**********
problem-size: 524288
local-size: 256
num-iters: 100000
core-freq: 1117
memory-freq: 877
device-name: Tesla V100-SXM2-16GB
sycl-implementation: LLVM CUDA (Intel DPC++)
throughput-metric: N/A
kernel-time-mean: 0.206197 [s]
kernel-time-stddev: 0.000003 [s]
kernel-time-median: 0.206197 [s]
kernel-time-min: 0.206195 [s]
kernel-time-samples: "0.206195 0.206196 0.206197 0.206198 0.206202"
kernel-time-throughput: N/A
run-time-mean: 0.216071 [s]
run-time-stddev: 0.001417 [s]
run-time-median: 0.215572 [s]
run-time-min: 0.214820 [s]
run-time-samples: "0.214820 0.215315 0.215572 0.216203 0.218444"
run-time-throughput: N/A
kernel-energy-mean: 23.921897 [J]
kernel-energy-stddev: 0.326086 [J]
kernel-energy-median: 23.862690 [J]
kernel-energy-min: 23.663310 [J]
kernel-energy-max: 24.468750 [J]
kernel-energy-samples: "23.663310 23.685560 23.862690 23.929175 24.468750"
Verification: PASS
