********** Results for Bit Compression**********
problem-size: 524288
local-size: 256
num-iters: 100000
core-freq: 502
memory-freq: 877
device-name: Tesla V100-SXM2-16GB
sycl-implementation: LLVM CUDA (Intel DPC++)
throughput-metric: N/A
kernel-time-mean: 0.518749 [s]
kernel-time-stddev: 0.000038 [s]
kernel-time-median: 0.518739 [s]
kernel-time-min: 0.518711 [s]
kernel-time-samples: "0.518711 0.518719 0.518739 0.518775 0.518799"
kernel-time-throughput: N/A
run-time-mean: 0.533734 [s]
run-time-stddev: 0.008383 [s]
run-time-median: 0.531196 [s]
run-time-min: 0.526859 [s]
run-time-samples: "0.526859 0.529846 0.531196 0.532518 0.548252"
run-time-throughput: N/A
kernel-energy-mean: 30.096031 [J]
kernel-energy-stddev: 0.962805 [J]
kernel-energy-median: 29.791470 [J]
kernel-energy-min: 28.857610 [J]
kernel-energy-max: 31.104630 [J]
kernel-energy-samples: "28.857610 29.684445 29.791470 31.042000 31.104630"
Verification: PASS
