********** Results for Bit Compression**********
problem-size: 524288
local-size: 256
num-iters: 100000
core-freq: 420
memory-freq: 877
device-name: Tesla V100-SXM2-16GB
sycl-implementation: LLVM CUDA (Intel DPC++)
throughput-metric: N/A
kernel-time-mean: 1.196806 [s]
kernel-time-stddev: 0.000666 [s]
kernel-time-median: 1.196479 [s]
kernel-time-min: 1.196380 [s]
kernel-time-samples: "1.196380 1.196425 1.196479 1.196784 1.197963"
kernel-time-throughput: N/A
run-time-mean: 1.209385 [s]
run-time-stddev: 0.003323 [s]
run-time-median: 1.208230 [s]
run-time-min: 1.206455 [s]
run-time-samples: "1.206455 1.206725 1.208230 1.211275 1.214243"
run-time-throughput: N/A
kernel-energy-mean: 35.714432 [J]
kernel-energy-stddev: 0.254771 [J]
kernel-energy-median: 35.714315 [J]
kernel-energy-min: 35.342085 [J]
kernel-energy-max: 35.961695 [J]
kernel-energy-samples: "35.342085 35.615765 35.714315 35.938300 35.961695"
Verification: PASS
