********** Results for Bit Compression**********
problem-size: 524288
local-size: 256
num-iters: 100000
core-freq: 877
memory-freq: 877
device-name: Tesla V100-SXM2-16GB
sycl-implementation: LLVM CUDA (Intel DPC++)
throughput-metric: N/A
kernel-time-mean: 0.262588 [s]
kernel-time-stddev: 0.000009 [s]
kernel-time-median: 0.262589 [s]
kernel-time-min: 0.262578 [s]
kernel-time-samples: "0.262578 0.262581 0.262589 0.262592 0.262599"
kernel-time-throughput: N/A
run-time-mean: 0.272692 [s]
run-time-stddev: 0.003443 [s]
run-time-median: 0.271914 [s]
run-time-min: 0.270285 [s]
run-time-samples: "0.270285 0.270356 0.271914 0.272263 0.278640"
run-time-throughput: N/A
kernel-energy-mean: 22.773751 [J]
kernel-energy-stddev: 0.235240 [J]
kernel-energy-median: 22.860545 [J]
kernel-energy-min: 22.383750 [J]
kernel-energy-max: 22.948275 [J]
kernel-energy-samples: "22.383750 22.730905 22.860545 22.945280 22.948275"
Verification: PASS
