********** Results for Bit Compression**********
problem-size: 524288
local-size: 256
num-iters: 100000
core-freq: 660
memory-freq: 877
device-name: Tesla V100-SXM2-16GB
sycl-implementation: LLVM CUDA (Intel DPC++)
throughput-metric: N/A
kernel-time-mean: 0.394984 [s]
kernel-time-stddev: 0.000045 [s]
kernel-time-median: 0.394978 [s]
kernel-time-min: 0.394940 [s]
kernel-time-samples: "0.394940 0.394953 0.394978 0.394997 0.395054"
kernel-time-throughput: N/A
run-time-mean: 0.405456 [s]
run-time-stddev: 0.003721 [s]
run-time-median: 0.403546 [s]
run-time-min: 0.403113 [s]
run-time-samples: "0.403113 0.403453 0.403546 0.405215 0.411951"
run-time-throughput: N/A
kernel-energy-mean: 26.642916 [J]
kernel-energy-stddev: 0.116175 [J]
kernel-energy-median: 26.569635 [J]
kernel-energy-min: 26.552385 [J]
kernel-energy-max: 26.775270 [J]
kernel-energy-samples: "26.552385 26.552795 26.569635 26.764495 26.775270"
Verification: PASS
