********** Results for Bit Compression**********
problem-size: 524288
local-size: 256
num-iters: 100000
core-freq: 547
memory-freq: 877
device-name: Tesla V100-SXM2-16GB
sycl-implementation: LLVM CUDA (Intel DPC++)
throughput-metric: N/A
kernel-time-mean: 0.476909 [s]
kernel-time-stddev: 0.000032 [s]
kernel-time-median: 0.476902 [s]
kernel-time-min: 0.476869 [s]
kernel-time-samples: "0.476869 0.476896 0.476902 0.476924 0.476953"
kernel-time-throughput: N/A
run-time-mean: 0.488744 [s]
run-time-stddev: 0.002957 [s]
run-time-median: 0.488175 [s]
run-time-min: 0.486489 [s]
run-time-samples: "0.486489 0.486796 0.488175 0.488449 0.493811"
run-time-throughput: N/A
kernel-energy-mean: 27.122604 [J]
kernel-energy-stddev: 0.853036 [J]
kernel-energy-median: 27.295725 [J]
kernel-energy-min: 25.670235 [J]
kernel-energy-max: 27.926080 [J]
kernel-energy-samples: "25.670235 27.281170 27.295725 27.439810 27.926080"
Verification: PASS
