********** Results for Black Scholes**********
problem-size: 524288
local-size: 256
num-iters: 100000
core-freq: 1042
memory-freq: 877
device-name: Tesla V100-SXM2-16GB
sycl-implementation: LLVM CUDA (Intel DPC++)
throughput-metric: N/A
kernel-time-mean: 1.270815 [s]
kernel-time-stddev: 0.039757 [s]
kernel-time-median: 1.253052 [s]
kernel-time-min: 1.253003 [s]
kernel-time-samples: "1.253003 1.253012 1.253052 1.253073 1.341934"
kernel-time-throughput: N/A
run-time-mean: 1.280151 [s]
run-time-stddev: 0.039762 [s]
run-time-median: 1.262986 [s]
run-time-min: 1.260591 [s]
run-time-samples: "1.260591 1.260815 1.262986 1.265162 1.351203"
run-time-throughput: N/A
kernel-energy-mean: 138.334331 [J]
kernel-energy-stddev: 1.282247 [J]
kernel-energy-median: 138.446235 [J]
kernel-energy-min: 136.933360 [J]
kernel-energy-max: 140.221745 [J]
kernel-energy-samples: "136.933360 137.379395 138.446235 138.690920 140.221745"
Verification: PASS
