********** Results for Black Scholes**********
problem-size: 524288
local-size: 256
num-iters: 100000
core-freq: 345
memory-freq: 877
device-name: Tesla V100-SXM2-16GB
sycl-implementation: LLVM CUDA (Intel DPC++)
throughput-metric: N/A
kernel-time-mean: 6.422277 [s]
kernel-time-stddev: 0.001172 [s]
kernel-time-median: 6.422561 [s]
kernel-time-min: 6.420641 [s]
kernel-time-samples: "6.420641 6.421543 6.422561 6.423223 6.423419"
kernel-time-throughput: N/A
run-time-mean: 6.432318 [s]
run-time-stddev: 0.002212 [s]
run-time-median: 6.431567 [s]
run-time-min: 6.429587 [s]
run-time-samples: "6.429587 6.431263 6.431567 6.434324 6.434849"
run-time-throughput: N/A
kernel-energy-mean: 181.672475 [J]
kernel-energy-stddev: 0.558465 [J]
kernel-energy-median: 181.780140 [J]
kernel-energy-min: 180.752460 [J]
kernel-energy-max: 182.209315 [J]
kernel-energy-samples: "180.752460 181.632235 181.780140 181.988225 182.209315"
Verification: PASS
