********** Results for Black Scholes**********
problem-size: 524288
local-size: 256
num-iters: 100000
core-freq: 652
memory-freq: 877
device-name: Tesla V100-SXM2-16GB
sycl-implementation: LLVM CUDA (Intel DPC++)
throughput-metric: N/A
kernel-time-mean: 2.144004 [s]
kernel-time-stddev: 0.000108 [s]
kernel-time-median: 2.143951 [s]
kernel-time-min: 2.143907 [s]
kernel-time-samples: "2.143907 2.143921 2.143951 2.144101 2.144140"
kernel-time-throughput: N/A
run-time-mean: 2.153707 [s]
run-time-stddev: 0.001845 [s]
run-time-median: 2.153794 [s]
run-time-min: 2.151026 [s]
run-time-samples: "2.151026 2.152912 2.153794 2.155255 2.155547"
run-time-throughput: N/A
kernel-energy-mean: 132.126213 [J]
kernel-energy-stddev: 1.014948 [J]
kernel-energy-median: 132.510480 [J]
kernel-energy-min: 130.315725 [J]
kernel-energy-max: 132.666960 [J]
kernel-energy-samples: "130.315725 132.496460 132.510480 132.641440 132.666960"
Verification: PASS
