********** Results for Black Scholes**********
problem-size: 524288
local-size: 256
num-iters: 100000
core-freq: 232
memory-freq: 877
device-name: Tesla V100-SXM2-16GB
sycl-implementation: LLVM CUDA (Intel DPC++)
throughput-metric: N/A
kernel-time-mean: 12.604078 [s]
kernel-time-stddev: 0.002317 [s]
kernel-time-median: 12.604336 [s]
kernel-time-min: 12.600546 [s]
kernel-time-samples: "12.600546 12.603332 12.604336 12.605703 12.606473"
kernel-time-throughput: N/A
run-time-mean: 12.612636 [s]
run-time-stddev: 0.002557 [s]
run-time-median: 12.612890 [s]
run-time-min: 12.609248 [s]
run-time-samples: "12.609248 12.611223 12.612890 12.613841 12.615977"
run-time-throughput: N/A
kernel-energy-mean: 308.102894 [J]
kernel-energy-stddev: 2.806460 [J]
kernel-energy-median: 308.292440 [J]
kernel-energy-min: 303.922930 [J]
kernel-energy-max: 311.825845 [J]
kernel-energy-samples: "303.922930 308.012215 308.292440 308.461040 311.825845"
Verification: PASS
