********** Results for Black Scholes**********
problem-size: 524288
local-size: 256
num-iters: 100000
core-freq: 157
memory-freq: 877
device-name: Tesla V100-SXM2-16GB
sycl-implementation: LLVM CUDA (Intel DPC++)
throughput-metric: N/A
kernel-time-mean: 12.859174 [s]
kernel-time-stddev: 0.003009 [s]
kernel-time-median: 12.858242 [s]
kernel-time-min: 12.856162 [s]
kernel-time-samples: "12.856162 12.856867 12.858242 12.861453 12.863143"
kernel-time-throughput: N/A
run-time-mean: 12.872002 [s]
run-time-stddev: 0.004656 [s]
run-time-median: 12.872627 [s]
run-time-min: 12.867240 [s]
run-time-samples: "12.867240 12.867860 12.872627 12.873670 12.878612"
run-time-throughput: N/A
kernel-energy-mean: 293.111642 [J]
kernel-energy-stddev: 8.508716 [J]
kernel-energy-median: 291.285825 [J]
kernel-energy-min: 285.469775 [J]
kernel-energy-max: 306.471395 [J]
kernel-energy-samples: "285.469775 286.593730 291.285825 295.737485 306.471395"
Verification: PASS
