********** Results for Black Scholes**********
problem-size: 524288
local-size: 256
num-iters: 100000
core-freq: 315
memory-freq: 877
device-name: Tesla V100-SXM2-16GB
sycl-implementation: LLVM CUDA (Intel DPC++)
throughput-metric: N/A
kernel-time-mean: 6.298394 [s]
kernel-time-stddev: 0.001468 [s]
kernel-time-median: 6.297550 [s]
kernel-time-min: 6.297420 [s]
kernel-time-samples: "6.297420 6.297440 6.297550 6.298730 6.300829"
kernel-time-throughput: N/A
run-time-mean: 6.308610 [s]
run-time-stddev: 0.002378 [s]
run-time-median: 6.308732 [s]
run-time-min: 6.305791 [s]
run-time-samples: "6.305791 6.307057 6.308732 6.309469 6.312003"
run-time-throughput: N/A
kernel-energy-mean: 184.805165 [J]
kernel-energy-stddev: 1.445448 [J]
kernel-energy-median: 185.051230 [J]
kernel-energy-min: 182.512770 [J]
kernel-energy-max: 186.017220 [J]
kernel-energy-samples: "182.512770 184.439815 185.051230 186.004790 186.017220"
Verification: PASS
