********** Results for Black Scholes**********
problem-size: 524288
local-size: 256
num-iters: 100000
core-freq: 780
memory-freq: 877
device-name: Tesla V100-SXM2-16GB
sycl-implementation: LLVM CUDA (Intel DPC++)
throughput-metric: N/A
kernel-time-mean: 1.722622 [s]
kernel-time-stddev: 0.065049 [s]
kernel-time-median: 1.675149 [s]
kernel-time-min: 1.675061 [s]
kernel-time-samples: "1.675061 1.675140 1.675149 1.793831 1.793927"
kernel-time-throughput: N/A
run-time-mean: 1.732094 [s]
run-time-stddev: 0.063877 [s]
run-time-median: 1.687285 [s]
run-time-min: 1.683601 [s]
run-time-samples: "1.683601 1.685477 1.687285 1.801755 1.802351"
run-time-throughput: N/A
kernel-energy-mean: 120.992528 [J]
kernel-energy-stddev: 4.687195 [J]
kernel-energy-median: 120.632265 [J]
kernel-energy-min: 113.652255 [J]
kernel-energy-max: 125.176845 [J]
kernel-energy-samples: "113.652255 120.494605 120.632265 125.006670 125.176845"
Verification: PASS
