********** Results for Black Scholes**********
problem-size: 524288
local-size: 256
num-iters: 100000
core-freq: 1252
memory-freq: 877
device-name: Tesla V100-SXM2-16GB
sycl-implementation: LLVM CUDA (Intel DPC++)
throughput-metric: N/A
kernel-time-mean: 1.117125 [s]
kernel-time-stddev: 0.000249 [s]
kernel-time-median: 1.117018 [s]
kernel-time-min: 1.116976 [s]
kernel-time-samples: "1.116976 1.116979 1.117018 1.117090 1.117563"
kernel-time-throughput: N/A
run-time-mean: 1.128027 [s]
run-time-stddev: 0.003009 [s]
run-time-median: 1.126447 [s]
run-time-min: 1.125521 [s]
run-time-samples: "1.125521 1.126038 1.126447 1.129477 1.132651"
run-time-throughput: N/A
kernel-energy-mean: 152.245618 [J]
kernel-energy-stddev: 0.314172 [J]
kernel-energy-median: 152.428870 [J]
kernel-energy-min: 151.800335 [J]
kernel-energy-max: 152.511605 [J]
kernel-energy-samples: "151.800335 152.028930 152.428870 152.458350 152.511605"
Verification: PASS
