********** Results for Black Scholes**********
problem-size: 524288
local-size: 256
num-iters: 100000
core-freq: 667
memory-freq: 877
device-name: Tesla V100-SXM2-16GB
sycl-implementation: LLVM CUDA (Intel DPC++)
throughput-metric: N/A
kernel-time-mean: 2.096350 [s]
kernel-time-stddev: 0.000361 [s]
kernel-time-median: 2.096194 [s]
kernel-time-min: 2.096157 [s]
kernel-time-samples: "2.096157 2.096181 2.096194 2.096223 2.096994"
kernel-time-throughput: N/A
run-time-mean: 2.106656 [s]
run-time-stddev: 0.000361 [s]
run-time-median: 2.106740 [s]
run-time-min: 2.106110 [s]
run-time-samples: "2.106110 2.106514 2.106740 2.106877 2.107038"
run-time-throughput: N/A
kernel-energy-mean: 138.373046 [J]
kernel-energy-stddev: 1.599408 [J]
kernel-energy-median: 139.114165 [J]
kernel-energy-min: 135.544840 [J]
kernel-energy-max: 139.355575 [J]
kernel-energy-samples: "135.544840 138.691840 139.114165 139.158810 139.355575"
Verification: PASS
