********** Results for Black Scholes**********
problem-size: 524288
local-size: 256
num-iters: 100000
core-freq: 1455
memory-freq: 877
device-name: Tesla V100-SXM2-16GB
sycl-implementation: LLVM CUDA (Intel DPC++)
throughput-metric: N/A
kernel-time-mean: 0.894132 [s]
kernel-time-stddev: 0.000246 [s]
kernel-time-median: 0.894254 [s]
kernel-time-min: 0.893780 [s]
kernel-time-samples: "0.893780 0.893982 0.894254 0.894255 0.894387"
kernel-time-throughput: N/A
run-time-mean: 0.908770 [s]
run-time-stddev: 0.004537 [s]
run-time-median: 0.907506 [s]
run-time-min: 0.902847 [s]
run-time-samples: "0.902847 0.906897 0.907506 0.912559 0.914042"
run-time-throughput: N/A
kernel-energy-mean: 187.498076 [J]
kernel-energy-stddev: 2.831045 [J]
kernel-energy-median: 188.200580 [J]
kernel-energy-min: 183.266025 [J]
kernel-energy-max: 191.006670 [J]
kernel-energy-samples: "183.266025 186.688475 188.200580 188.328630 191.006670"
Verification: PASS
