********** Results for Black Scholes**********
problem-size: 524288
local-size: 256
num-iters: 100000
core-freq: 757
memory-freq: 877
device-name: Tesla V100-SXM2-16GB
sycl-implementation: LLVM CUDA (Intel DPC++)
throughput-metric: N/A
kernel-time-mean: 1.847606 [s]
kernel-time-stddev: 0.000387 [s]
kernel-time-median: 1.847376 [s]
kernel-time-min: 1.847286 [s]
kernel-time-samples: "1.847286 1.847316 1.847376 1.847986 1.848068"
kernel-time-throughput: N/A
run-time-mean: 1.859559 [s]
run-time-stddev: 0.001967 [s]
run-time-median: 1.858421 [s]
run-time-min: 1.858128 [s]
run-time-samples: "1.858128 1.858155 1.858421 1.860480 1.862612"
run-time-throughput: N/A
kernel-energy-mean: 131.292954 [J]
kernel-energy-stddev: 0.391553 [J]
kernel-energy-median: 131.321605 [J]
kernel-energy-min: 130.816535 [J]
kernel-energy-max: 131.781860 [J]
kernel-energy-samples: "130.816535 131.002585 131.321605 131.542185 131.781860"
Verification: PASS
