********** Results for Black Scholes**********
problem-size: 524288
local-size: 256
num-iters: 100000
core-freq: 1177
memory-freq: 877
device-name: Tesla V100-SXM2-16GB
sycl-implementation: LLVM CUDA (Intel DPC++)
throughput-metric: N/A
kernel-time-mean: 1.140997 [s]
kernel-time-stddev: 0.042939 [s]
kernel-time-median: 1.110059 [s]
kernel-time-min: 1.109400 [s]
kernel-time-samples: "1.109400 1.109460 1.110059 1.188006 1.188060"
kernel-time-throughput: N/A
run-time-mean: 1.151256 [s]
run-time-stddev: 0.042482 [s]
run-time-median: 1.120808 [s]
run-time-min: 1.119822 [s]
run-time-samples: "1.119822 1.120087 1.120808 1.196545 1.199016"
run-time-throughput: N/A
kernel-energy-mean: 139.927798 [J]
kernel-energy-stddev: 3.258151 [J]
kernel-energy-median: 140.793255 [J]
kernel-energy-min: 134.364740 [J]
kernel-energy-max: 142.990735 [J]
kernel-energy-samples: "134.364740 140.590340 140.793255 140.899920 142.990735"
Verification: PASS
