********** Results for Black Scholes**********
problem-size: 524288
local-size: 256
num-iters: 100000
core-freq: 697
memory-freq: 877
device-name: Tesla V100-SXM2-16GB
sycl-implementation: LLVM CUDA (Intel DPC++)
throughput-metric: N/A
kernel-time-mean: 1.873171 [s]
kernel-time-stddev: 0.000344 [s]
kernel-time-median: 1.873033 [s]
kernel-time-min: 1.872994 [s]
kernel-time-samples: "1.872994 1.872995 1.873033 1.873048 1.873785"
kernel-time-throughput: N/A
run-time-mean: 1.884093 [s]
run-time-stddev: 0.001463 [s]
run-time-median: 1.884198 [s]
run-time-min: 1.882236 [s]
run-time-samples: "1.882236 1.883146 1.884198 1.884915 1.885971"
run-time-throughput: N/A
kernel-energy-mean: 130.217184 [J]
kernel-energy-stddev: 1.086629 [J]
kernel-energy-median: 130.655805 [J]
kernel-energy-min: 128.283925 [J]
kernel-energy-max: 130.876165 [J]
kernel-energy-samples: "128.283925 130.565175 130.655805 130.704850 130.876165"
Verification: PASS
