********** Results for Black Scholes**********
problem-size: 524288
local-size: 256
num-iters: 100000
core-freq: 1500
memory-freq: 877
device-name: Tesla V100-SXM2-16GB
sycl-implementation: LLVM CUDA (Intel DPC++)
throughput-metric: N/A
kernel-time-mean: 0.866860 [s]
kernel-time-stddev: 0.000179 [s]
kernel-time-median: 0.866965 [s]
kernel-time-min: 0.866622 [s]
kernel-time-samples: "0.866622 0.866713 0.866965 0.866999 0.867002"
kernel-time-throughput: N/A
run-time-mean: 0.879896 [s]
run-time-stddev: 0.003828 [s]
run-time-median: 0.878321 [s]
run-time-min: 0.876618 [s]
run-time-samples: "0.876618 0.877798 0.878321 0.880471 0.886271"
run-time-throughput: N/A
kernel-energy-mean: 186.248666 [J]
kernel-energy-stddev: 3.306732 [J]
kernel-energy-median: 187.405255 [J]
kernel-energy-min: 181.508850 [J]
kernel-energy-max: 189.106205 [J]
kernel-energy-samples: "181.508850 184.213020 187.405255 189.010000 189.106205"
Verification: PASS
