********** Results for Black Scholes**********
problem-size: 524288
local-size: 256
num-iters: 100000
core-freq: 1312
memory-freq: 877
device-name: Tesla V100-SXM2-16GB
sycl-implementation: LLVM CUDA (Intel DPC++)
throughput-metric: N/A
kernel-time-mean: 0.995300 [s]
kernel-time-stddev: 0.000029 [s]
kernel-time-median: 0.995291 [s]
kernel-time-min: 0.995280 [s]
kernel-time-samples: "0.995280 0.995284 0.995291 0.995295 0.995351"
kernel-time-throughput: N/A
run-time-mean: 1.011090 [s]
run-time-stddev: 0.004879 [s]
run-time-median: 1.011549 [s]
run-time-min: 1.004950 [s]
run-time-samples: "1.004950 1.007493 1.011549 1.014916 1.016544"
run-time-throughput: N/A
kernel-energy-mean: 155.609757 [J]
kernel-energy-stddev: 3.632530 [J]
kernel-energy-median: 155.477295 [J]
kernel-energy-min: 150.467175 [J]
kernel-energy-max: 160.700330 [J]
kernel-energy-samples: "150.467175 155.262425 155.477295 156.141560 160.700330"
Verification: PASS
