********** Results for Black Scholes**********
problem-size: 524288
local-size: 256
num-iters: 100000
core-freq: 885
memory-freq: 877
device-name: Tesla V100-SXM2-16GB
sycl-implementation: LLVM CUDA (Intel DPC++)
throughput-metric: N/A
kernel-time-mean: 1.518464 [s]
kernel-time-stddev: 0.057482 [s]
kernel-time-median: 1.476909 [s]
kernel-time-min: 1.476262 [s]
kernel-time-samples: "1.476262 1.476286 1.476909 1.581363 1.581500"
kernel-time-throughput: N/A
run-time-mean: 1.530448 [s]
run-time-stddev: 0.056361 [s]
run-time-median: 1.491176 [s]
run-time-min: 1.486093 [s]
run-time-samples: "1.486093 1.490738 1.491176 1.589473 1.594758"
run-time-throughput: N/A
kernel-energy-mean: 120.533364 [J]
kernel-energy-stddev: 2.627373 [J]
kernel-energy-median: 119.565175 [J]
kernel-energy-min: 117.812700 [J]
kernel-energy-max: 123.403265 [J]
kernel-energy-samples: "117.812700 118.629695 119.565175 123.255985 123.403265"
Verification: PASS
