********** Results for Black Scholes**********
problem-size: 524288
local-size: 256
num-iters: 100000
core-freq: 187
memory-freq: 877
device-name: Tesla V100-SXM2-16GB
sycl-implementation: LLVM CUDA (Intel DPC++)
throughput-metric: N/A
kernel-time-mean: 12.746137 [s]
kernel-time-stddev: 0.002255 [s]
kernel-time-median: 12.745705 [s]
kernel-time-min: 12.743794 [s]
kernel-time-samples: "12.743794 12.744749 12.745705 12.746793 12.749645"
kernel-time-throughput: N/A
run-time-mean: 12.757210 [s]
run-time-stddev: 0.005952 [s]
run-time-median: 12.753879 [s]
run-time-min: 12.752514 [s]
run-time-samples: "12.752514 12.753093 12.753879 12.760294 12.766271"
run-time-throughput: N/A
kernel-energy-mean: 271.523871 [J]
kernel-energy-stddev: 8.046208 [J]
kernel-energy-median: 270.284930 [J]
kernel-energy-min: 263.996030 [J]
kernel-energy-max: 284.547730 [J]
kernel-energy-samples: "263.996030 266.072665 270.284930 272.718000 284.547730"
Verification: PASS
