********** Results for Black Scholes**********
problem-size: 524288
local-size: 256
num-iters: 100000
core-freq: 1432
memory-freq: 877
device-name: Tesla V100-SXM2-16GB
sycl-implementation: LLVM CUDA (Intel DPC++)
throughput-metric: N/A
kernel-time-mean: 0.912084 [s]
kernel-time-stddev: 0.000325 [s]
kernel-time-median: 0.911930 [s]
kernel-time-min: 0.911896 [s]
kernel-time-samples: "0.911896 0.911926 0.911930 0.912006 0.912661"
kernel-time-throughput: N/A
run-time-mean: 0.926706 [s]
run-time-stddev: 0.004215 [s]
run-time-median: 0.925514 [s]
run-time-min: 0.921499 [s]
run-time-samples: "0.921499 0.925100 0.925514 0.928720 0.932698"
run-time-throughput: N/A
kernel-energy-mean: 174.622380 [J]
kernel-energy-stddev: 3.011778 [J]
kernel-energy-median: 174.504485 [J]
kernel-energy-min: 169.989700 [J]
kernel-energy-max: 177.710210 [J]
kernel-energy-samples: "169.989700 174.059020 174.504485 176.848485 177.710210"
Verification: PASS
