********** Results for Black Scholes**********
problem-size: 524288
local-size: 256
num-iters: 100000
core-freq: 1372
memory-freq: 877
device-name: Tesla V100-SXM2-16GB
sycl-implementation: LLVM CUDA (Intel DPC++)
throughput-metric: N/A
kernel-time-mean: 0.951734 [s]
kernel-time-stddev: 0.000022 [s]
kernel-time-median: 0.951735 [s]
kernel-time-min: 0.951701 [s]
kernel-time-samples: "0.951701 0.951729 0.951735 0.951743 0.951760"
kernel-time-throughput: N/A
run-time-mean: 0.963251 [s]
run-time-stddev: 0.002328 [s]
run-time-median: 0.962706 [s]
run-time-min: 0.960990 [s]
run-time-samples: "0.960990 0.961213 0.962706 0.965242 0.966105"
run-time-throughput: N/A
kernel-energy-mean: 166.459706 [J]
kernel-energy-stddev: 3.058702 [J]
kernel-energy-median: 168.059985 [J]
kernel-energy-min: 161.130465 [J]
kernel-energy-max: 168.273110 [J]
kernel-energy-samples: "161.130465 166.599620 168.059985 168.235350 168.273110"
Verification: PASS
