********** Results for Black Scholes**********
problem-size: 524288
local-size: 256
num-iters: 100000
core-freq: 1380
memory-freq: 877
device-name: Tesla V100-SXM2-16GB
sycl-implementation: LLVM CUDA (Intel DPC++)
throughput-metric: N/A
kernel-time-mean: 0.941643 [s]
kernel-time-stddev: 0.000202 [s]
kernel-time-median: 0.941611 [s]
kernel-time-min: 0.941411 [s]
kernel-time-samples: "0.941411 0.941507 0.941611 0.941772 0.941913"
kernel-time-throughput: N/A
run-time-mean: 0.956130 [s]
run-time-stddev: 0.005523 [s]
run-time-median: 0.958365 [s]
run-time-min: 0.950066 [s]
run-time-samples: "0.950066 0.950375 0.958365 0.960145 0.961701"
run-time-throughput: N/A
kernel-energy-mean: 176.377729 [J]
kernel-energy-stddev: 2.484865 [J]
kernel-energy-median: 177.817895 [J]
kernel-energy-min: 172.567415 [J]
kernel-energy-max: 178.487795 [J]
kernel-energy-samples: "172.567415 175.162510 177.817895 177.853030 178.487795"
Verification: PASS
