********** Results for Black Scholes**********
problem-size: 524288
local-size: 256
num-iters: 100000
core-freq: 1462
memory-freq: 877
device-name: Tesla V100-SXM2-16GB
sycl-implementation: LLVM CUDA (Intel DPC++)
throughput-metric: N/A
kernel-time-mean: 0.893730 [s]
kernel-time-stddev: 0.000512 [s]
kernel-time-median: 0.893814 [s]
kernel-time-min: 0.893189 [s]
kernel-time-samples: "0.893189 0.893210 0.893814 0.894203 0.894235"
kernel-time-throughput: N/A
run-time-mean: 0.906131 [s]
run-time-stddev: 0.002132 [s]
run-time-median: 0.906669 [s]
run-time-min: 0.902809 [s]
run-time-samples: "0.902809 0.905658 0.906669 0.906940 0.908577"
run-time-throughput: N/A
kernel-energy-mean: 177.813744 [J]
kernel-energy-stddev: 1.503964 [J]
kernel-energy-median: 178.748260 [J]
kernel-energy-min: 175.797495 [J]
kernel-energy-max: 179.069475 [J]
kernel-energy-samples: "175.797495 176.604905 178.748260 178.848585 179.069475"
Verification: PASS
