********** Results for Black Scholes**********
problem-size: 524288
local-size: 256
num-iters: 100000
core-freq: 772
memory-freq: 877
device-name: Tesla V100-SXM2-16GB
sycl-implementation: LLVM CUDA (Intel DPC++)
throughput-metric: N/A
kernel-time-mean: 1.691609 [s]
kernel-time-stddev: 0.000478 [s]
kernel-time-median: 1.691292 [s]
kernel-time-min: 1.691245 [s]
kernel-time-samples: "1.691245 1.691281 1.691292 1.691935 1.692291"
kernel-time-throughput: N/A
run-time-mean: 1.701724 [s]
run-time-stddev: 0.001837 [s]
run-time-median: 1.701822 [s]
run-time-min: 1.699391 [s]
run-time-samples: "1.699391 1.700406 1.701822 1.703499 1.703502"
run-time-throughput: N/A
kernel-energy-mean: 126.171188 [J]
kernel-energy-stddev: 0.277132 [J]
kernel-energy-median: 126.106700 [J]
kernel-energy-min: 125.843385 [J]
kernel-energy-max: 126.583535 [J]
kernel-energy-samples: "125.843385 126.048545 126.106700 126.273775 126.583535"
Verification: PASS
