********** Results for Black Scholes**********
problem-size: 524288
local-size: 256
num-iters: 100000
core-freq: 1222
memory-freq: 877
device-name: Tesla V100-SXM2-16GB
sycl-implementation: LLVM CUDA (Intel DPC++)
throughput-metric: N/A
kernel-time-mean: 1.084062 [s]
kernel-time-stddev: 0.034182 [s]
kernel-time-median: 1.068783 [s]
kernel-time-min: 1.068738 [s]
kernel-time-samples: "1.068738 1.068780 1.068783 1.068800 1.145208"
kernel-time-throughput: N/A
run-time-mean: 1.096484 [s]
run-time-stddev: 0.033341 [s]
run-time-median: 1.080758 [s]
run-time-min: 1.078124 [s]
run-time-samples: "1.078124 1.078694 1.080758 1.089257 1.155588"
run-time-throughput: N/A
kernel-energy-mean: 145.488201 [J]
kernel-energy-stddev: 2.037385 [J]
kernel-energy-median: 144.866360 [J]
kernel-energy-min: 143.724820 [J]
kernel-energy-max: 149.011625 [J]
kernel-energy-samples: "143.724820 144.768635 144.866360 145.069565 149.011625"
Verification: PASS
