********** Results for Black Scholes**********
problem-size: 524288
local-size: 256
num-iters: 100000
core-freq: 1012
memory-freq: 877
device-name: Tesla V100-SXM2-16GB
sycl-implementation: LLVM CUDA (Intel DPC++)
throughput-metric: N/A
kernel-time-mean: 1.381973 [s]
kernel-time-stddev: 0.000333 [s]
kernel-time-median: 1.381761 [s]
kernel-time-min: 1.381709 [s]
kernel-time-samples: "1.381709 1.381723 1.381761 1.382295 1.382375"
kernel-time-throughput: N/A
run-time-mean: 1.392814 [s]
run-time-stddev: 0.001248 [s]
run-time-median: 1.392420 [s]
run-time-min: 1.391243 [s]
run-time-samples: "1.391243 1.392317 1.392420 1.393643 1.394448"
run-time-throughput: N/A
kernel-energy-mean: 132.470568 [J]
kernel-energy-stddev: 6.876288 [J]
kernel-energy-median: 135.510875 [J]
kernel-energy-min: 120.282730 [J]
kernel-energy-max: 136.722750 [J]
kernel-energy-samples: "120.282730 134.117235 135.510875 135.719250 136.722750"
Verification: PASS
