********** Results for Black Scholes**********
problem-size: 524288
local-size: 256
num-iters: 100000
core-freq: 1095
memory-freq: 877
device-name: Tesla V100-SXM2-16GB
sycl-implementation: LLVM CUDA (Intel DPC++)
throughput-metric: N/A
kernel-time-mean: 1.185149 [s]
kernel-time-stddev: 0.000222 [s]
kernel-time-median: 1.185256 [s]
kernel-time-min: 1.184860 [s]
kernel-time-samples: "1.184860 1.184972 1.185256 1.185269 1.185386"
kernel-time-throughput: N/A
run-time-mean: 1.196846 [s]
run-time-stddev: 0.004809 [s]
run-time-median: 1.195994 [s]
run-time-min: 1.193161 [s]
run-time-samples: "1.193161 1.193919 1.195994 1.196006 1.205150"
run-time-throughput: N/A
kernel-energy-mean: 133.043399 [J]
kernel-energy-stddev: 2.009759 [J]
kernel-energy-median: 133.964635 [J]
kernel-energy-min: 130.537540 [J]
kernel-energy-max: 134.954270 [J]
kernel-energy-samples: "130.537540 131.248730 133.964635 134.511820 134.954270"
Verification: PASS
