********** Results for Black Scholes**********
problem-size: 524288
local-size: 256
num-iters: 100000
core-freq: 195
memory-freq: 877
device-name: Tesla V100-SXM2-16GB
sycl-implementation: LLVM CUDA (Intel DPC++)
throughput-metric: N/A
kernel-time-mean: 12.602906 [s]
kernel-time-stddev: 0.003077 [s]
kernel-time-median: 12.601041 [s]
kernel-time-min: 12.600129 [s]
kernel-time-samples: "12.600129 12.600861 12.601041 12.605977 12.606521"
kernel-time-throughput: N/A
run-time-mean: 12.612928 [s]
run-time-stddev: 0.002604 [s]
run-time-median: 12.613164 [s]
run-time-min: 12.609049 [s]
run-time-samples: "12.609049 12.612256 12.613164 12.614025 12.616147"
run-time-throughput: N/A
kernel-energy-mean: 309.118920 [J]
kernel-energy-stddev: 1.651513 [J]
kernel-energy-median: 308.851030 [J]
kernel-energy-min: 306.835120 [J]
kernel-energy-max: 311.358175 [J]
kernel-energy-samples: "306.835120 308.746270 308.851030 309.804005 311.358175"
Verification: PASS
