********** Results for Black Scholes**********
problem-size: 524288
local-size: 256
num-iters: 100000
core-freq: 967
memory-freq: 877
device-name: Tesla V100-SXM2-16GB
sycl-implementation: LLVM CUDA (Intel DPC++)
throughput-metric: N/A
kernel-time-mean: 1.370021 [s]
kernel-time-stddev: 0.042949 [s]
kernel-time-median: 1.350921 [s]
kernel-time-min: 1.350591 [s]
kernel-time-samples: "1.350591 1.350783 1.350921 1.350958 1.446850"
kernel-time-throughput: N/A
run-time-mean: 1.381190 [s]
run-time-stddev: 0.042193 [s]
run-time-median: 1.363581 [s]
run-time-min: 1.358808 [s]
run-time-samples: "1.358808 1.361528 1.363581 1.365495 1.456536"
run-time-throughput: N/A
kernel-energy-mean: 125.705460 [J]
kernel-energy-stddev: 0.603134 [J]
kernel-energy-median: 125.651325 [J]
kernel-energy-min: 125.122895 [J]
kernel-energy-max: 126.612025 [J]
kernel-energy-samples: "125.122895 125.213810 125.651325 125.927245 126.612025"
Verification: PASS
