********** Results for Black Scholes**********
problem-size: 524288
local-size: 256
num-iters: 100000
core-freq: 465
memory-freq: 877
device-name: Tesla V100-SXM2-16GB
sycl-implementation: LLVM CUDA (Intel DPC++)
throughput-metric: N/A
kernel-time-mean: 6.018319 [s]
kernel-time-stddev: 0.001420 [s]
kernel-time-median: 6.017468 [s]
kernel-time-min: 6.017385 [s]
kernel-time-samples: "6.017385 6.017437 6.017468 6.018624 6.020684"
kernel-time-throughput: N/A
run-time-mean: 6.030864 [s]
run-time-stddev: 0.003981 [s]
run-time-median: 6.029956 [s]
run-time-min: 6.027196 [s]
run-time-samples: "6.027196 6.029058 6.029956 6.030486 6.037624"
run-time-throughput: N/A
kernel-energy-mean: 181.613227 [J]
kernel-energy-stddev: 1.133987 [J]
kernel-energy-median: 182.041615 [J]
kernel-energy-min: 179.780635 [J]
kernel-energy-max: 182.492510 [J]
kernel-energy-samples: "179.780635 181.287945 182.041615 182.463430 182.492510"
Verification: PASS
