********** Results for Black Scholes**********
problem-size: 524288
local-size: 256
num-iters: 100000
core-freq: 1080
memory-freq: 877
device-name: Tesla V100-SXM2-16GB
sycl-implementation: LLVM CUDA (Intel DPC++)
throughput-metric: N/A
kernel-time-mean: 1.201561 [s]
kernel-time-stddev: 0.000198 [s]
kernel-time-median: 1.201527 [s]
kernel-time-min: 1.201280 [s]
kernel-time-samples: "1.201280 1.201505 1.201527 1.201697 1.201795"
kernel-time-throughput: N/A
run-time-mean: 1.212407 [s]
run-time-stddev: 0.002855 [s]
run-time-median: 1.213021 [s]
run-time-min: 1.209240 [s]
run-time-samples: "1.209240 1.209978 1.213021 1.213499 1.216294"
run-time-throughput: N/A
kernel-energy-mean: 134.830579 [J]
kernel-energy-stddev: 1.966772 [J]
kernel-energy-median: 133.782680 [J]
kernel-energy-min: 133.106865 [J]
kernel-energy-max: 136.997195 [J]
kernel-energy-samples: "133.106865 133.326665 133.782680 136.939490 136.997195"
Verification: PASS
