********** Results for Black Scholes**********
problem-size: 524288
local-size: 256
num-iters: 100000
core-freq: 1357
memory-freq: 877
device-name: Tesla V100-SXM2-16GB
sycl-implementation: LLVM CUDA (Intel DPC++)
throughput-metric: N/A
kernel-time-mean: 0.962283 [s]
kernel-time-stddev: 0.000055 [s]
kernel-time-median: 0.962255 [s]
kernel-time-min: 0.962234 [s]
kernel-time-samples: "0.962234 0.962248 0.962255 0.962310 0.962367"
kernel-time-throughput: N/A
run-time-mean: 0.973221 [s]
run-time-stddev: 0.001824 [s]
run-time-median: 0.973550 [s]
run-time-min: 0.970682 [s]
run-time-samples: "0.970682 0.972218 0.973550 0.974281 0.975373"
run-time-throughput: N/A
kernel-energy-mean: 160.639584 [J]
kernel-energy-stddev: 3.283504 [J]
kernel-energy-median: 162.388655 [J]
kernel-energy-min: 155.662485 [J]
kernel-energy-max: 163.256170 [J]
kernel-energy-samples: "155.662485 158.912895 162.388655 162.977715 163.256170"
Verification: PASS
