********** Results for Black Scholes**********
problem-size: 524288
local-size: 256
num-iters: 100000
core-freq: 1282
memory-freq: 877
device-name: Tesla V100-SXM2-16GB
sycl-implementation: LLVM CUDA (Intel DPC++)
throughput-metric: N/A
kernel-time-mean: 1.018748 [s]
kernel-time-stddev: 0.000396 [s]
kernel-time-median: 1.018575 [s]
kernel-time-min: 1.018549 [s]
kernel-time-samples: "1.018549 1.018562 1.018575 1.018596 1.019456"
kernel-time-throughput: N/A
run-time-mean: 1.033846 [s]
run-time-stddev: 0.004986 [s]
run-time-median: 1.031308 [s]
run-time-min: 1.029681 [s]
run-time-samples: "1.029681 1.030626 1.031308 1.035974 1.041641"
run-time-throughput: N/A
kernel-energy-mean: 151.926752 [J]
kernel-energy-stddev: 1.378241 [J]
kernel-energy-median: 152.732800 [J]
kernel-energy-min: 150.386615 [J]
kernel-energy-max: 153.288130 [J]
kernel-energy-samples: "150.386615 150.489195 152.732800 152.737020 153.288130"
Verification: PASS
