********** Results for Black Scholes**********
problem-size: 524288
local-size: 256
num-iters: 100000
core-freq: 990
memory-freq: 877
device-name: Tesla V100-SXM2-16GB
sycl-implementation: LLVM CUDA (Intel DPC++)
throughput-metric: N/A
kernel-time-mean: 1.386159 [s]
kernel-time-stddev: 0.042077 [s]
kernel-time-median: 1.404468 [s]
kernel-time-min: 1.310927 [s]
kernel-time-samples: "1.310927 1.403707 1.404468 1.404524 1.407169"
kernel-time-throughput: N/A
run-time-mean: 1.396341 [s]
run-time-stddev: 0.042257 [s]
run-time-median: 1.413751 [s]
run-time-min: 1.320847 [s]
run-time-samples: "1.320847 1.413045 1.413751 1.415440 1.418622"
run-time-throughput: N/A
kernel-energy-mean: 115.415662 [J]
kernel-energy-stddev: 3.711349 [J]
kernel-energy-median: 115.917300 [J]
kernel-energy-min: 109.411440 [J]
kernel-energy-max: 118.688055 [J]
kernel-energy-samples: "109.411440 114.857635 115.917300 118.203880 118.688055"
Verification: PASS
