********** Results for Black Scholes**********
problem-size: 524288
local-size: 256
num-iters: 100000
core-freq: 832
memory-freq: 877
device-name: Tesla V100-SXM2-16GB
sycl-implementation: LLVM CUDA (Intel DPC++)
throughput-metric: N/A
kernel-time-mean: 1.591972 [s]
kernel-time-stddev: 0.050140 [s]
kernel-time-median: 1.569400 [s]
kernel-time-min: 1.569340 [s]
kernel-time-samples: "1.569340 1.569364 1.569400 1.570092 1.681663"
kernel-time-throughput: N/A
run-time-mean: 1.601627 [s]
run-time-stddev: 0.051048 [s]
run-time-median: 1.579760 [s]
run-time-min: 1.577478 [s]
run-time-samples: "1.577478 1.577962 1.579760 1.580010 1.692924"
run-time-throughput: N/A
kernel-energy-mean: 127.471188 [J]
kernel-energy-stddev: 1.228955 [J]
kernel-energy-median: 127.689575 [J]
kernel-energy-min: 125.400405 [J]
kernel-energy-max: 128.589360 [J]
kernel-energy-samples: "125.400405 127.533640 127.689575 128.142960 128.589360"
Verification: PASS
