********** Results for Black Scholes**********
problem-size: 524288
local-size: 256
num-iters: 100000
core-freq: 285
memory-freq: 877
device-name: Tesla V100-SXM2-16GB
sycl-implementation: LLVM CUDA (Intel DPC++)
throughput-metric: N/A
kernel-time-mean: 6.428270 [s]
kernel-time-stddev: 0.005521 [s]
kernel-time-median: 6.426950 [s]
kernel-time-min: 6.424621 [s]
kernel-time-samples: "6.424621 6.424828 6.426950 6.427012 6.437938"
kernel-time-throughput: N/A
run-time-mean: 6.443799 [s]
run-time-stddev: 0.004178 [s]
run-time-median: 6.442564 [s]
run-time-min: 6.440651 [s]
run-time-samples: "6.440651 6.440999 6.442564 6.443874 6.450909"
run-time-throughput: N/A
kernel-energy-mean: 181.660990 [J]
kernel-energy-stddev: 0.473850 [J]
kernel-energy-median: 181.827470 [J]
kernel-energy-min: 181.016060 [J]
kernel-energy-max: 182.086560 [J]
kernel-energy-samples: "181.016060 181.318665 181.827470 182.056195 182.086560"
Verification: PASS
