********** Results for Black Scholes**********
problem-size: 524288
local-size: 256
num-iters: 100000
core-freq: 1200
memory-freq: 877
device-name: Tesla V100-SXM2-16GB
sycl-implementation: LLVM CUDA (Intel DPC++)
throughput-metric: N/A
kernel-time-mean: 1.159334 [s]
kernel-time-stddev: 0.000372 [s]
kernel-time-median: 1.159303 [s]
kernel-time-min: 1.158960 [s]
kernel-time-samples: "1.158960 1.159012 1.159303 1.159543 1.159850"
kernel-time-throughput: N/A
run-time-mean: 1.169655 [s]
run-time-stddev: 0.001284 [s]
run-time-median: 1.169603 [s]
run-time-min: 1.168164 [s]
run-time-samples: "1.168164 1.168810 1.169603 1.170217 1.171482"
run-time-throughput: N/A
kernel-energy-mean: 150.743417 [J]
kernel-energy-stddev: 0.261752 [J]
kernel-energy-median: 150.819850 [J]
kernel-energy-min: 150.402490 [J]
kernel-energy-max: 151.073450 [J]
kernel-energy-samples: "150.402490 150.567620 150.819850 150.853675 151.073450"
Verification: PASS
