********** Results for Black Scholes**********
problem-size: 524288
local-size: 256
num-iters: 100000
core-freq: 637
memory-freq: 877
device-name: Tesla V100-SXM2-16GB
sycl-implementation: LLVM CUDA (Intel DPC++)
throughput-metric: N/A
kernel-time-mean: 2.049481 [s]
kernel-time-stddev: 0.000315 [s]
kernel-time-median: 2.049352 [s]
kernel-time-min: 2.049316 [s]
kernel-time-samples: "2.049316 2.049322 2.049352 2.049372 2.050044"
kernel-time-throughput: N/A
run-time-mean: 2.065611 [s]
run-time-stddev: 0.011642 [s]
run-time-median: 2.061843 [s]
run-time-min: 2.057421 [s]
run-time-samples: "2.057421 2.058342 2.061843 2.064661 2.085788"
run-time-throughput: N/A
kernel-energy-mean: 134.135236 [J]
kernel-energy-stddev: 2.146375 [J]
kernel-energy-median: 135.045485 [J]
kernel-energy-min: 130.330665 [J]
kernel-energy-max: 135.481225 [J]
kernel-energy-samples: "130.330665 134.670625 135.045485 135.148180 135.481225"
Verification: PASS
