********** Results for Black Scholes**********
problem-size: 524288
local-size: 256
num-iters: 100000
core-freq: 645
memory-freq: 877
device-name: Tesla V100-SXM2-16GB
sycl-implementation: LLVM CUDA (Intel DPC++)
throughput-metric: N/A
kernel-time-mean: 2.025661 [s]
kernel-time-stddev: 0.000369 [s]
kernel-time-median: 2.025537 [s]
kernel-time-min: 2.025385 [s]
kernel-time-samples: "2.025385 2.025507 2.025537 2.025566 2.026308"
kernel-time-throughput: N/A
run-time-mean: 2.035540 [s]
run-time-stddev: 0.002660 [s]
run-time-median: 2.033828 [s]
run-time-min: 2.033385 [s]
run-time-samples: "2.033385 2.033631 2.033828 2.037987 2.038870"
run-time-throughput: N/A
kernel-energy-mean: 128.141349 [J]
kernel-energy-stddev: 0.790934 [J]
kernel-energy-median: 128.420105 [J]
kernel-energy-min: 126.748320 [J]
kernel-energy-max: 128.715985 [J]
kernel-energy-samples: "126.748320 128.346910 128.420105 128.475425 128.715985"
Verification: PASS
