********** Results for Black Scholes**********
problem-size: 524288
local-size: 256
num-iters: 100000
core-freq: 487
memory-freq: 877
device-name: Tesla V100-SXM2-16GB
sycl-implementation: LLVM CUDA (Intel DPC++)
throughput-metric: N/A
kernel-time-mean: 2.870002 [s]
kernel-time-stddev: 0.000740 [s]
kernel-time-median: 2.869561 [s]
kernel-time-min: 2.869469 [s]
kernel-time-samples: "2.869469 2.869507 2.869561 2.870296 2.871177"
kernel-time-throughput: N/A
run-time-mean: 2.880906 [s]
run-time-stddev: 0.001507 [s]
run-time-median: 2.880887 [s]
run-time-min: 2.878902 [s]
run-time-samples: "2.878902 2.880584 2.880887 2.881025 2.883131"
run-time-throughput: N/A
kernel-energy-mean: 151.928171 [J]
kernel-energy-stddev: 2.298690 [J]
kernel-energy-median: 153.030095 [J]
kernel-energy-min: 147.948935 [J]
kernel-energy-max: 153.595330 [J]
kernel-energy-samples: "147.948935 151.996735 153.030095 153.069760 153.595330"
Verification: PASS
