********** Results for Black Scholes**********
problem-size: 524288
local-size: 256
num-iters: 100000
core-freq: 615
memory-freq: 877
device-name: Tesla V100-SXM2-16GB
sycl-implementation: LLVM CUDA (Intel DPC++)
throughput-metric: N/A
kernel-time-mean: 2.274862 [s]
kernel-time-stddev: 0.000015 [s]
kernel-time-median: 2.274858 [s]
kernel-time-min: 2.274849 [s]
kernel-time-samples: "2.274849 2.274850 2.274858 2.274865 2.274886"
kernel-time-throughput: N/A
run-time-mean: 2.287758 [s]
run-time-stddev: 0.003583 [s]
run-time-median: 2.288228 [s]
run-time-min: 2.282250 [s]
run-time-samples: "2.282250 2.286572 2.288228 2.290841 2.290901"
run-time-throughput: N/A
kernel-energy-mean: 136.045182 [J]
kernel-energy-stddev: 1.050231 [J]
kernel-energy-median: 136.436755 [J]
kernel-energy-min: 134.179075 [J]
kernel-energy-max: 136.702155 [J]
kernel-energy-samples: "134.179075 136.381725 136.436755 136.526200 136.702155"
Verification: PASS
