********** Results for Black Scholes**********
problem-size: 524288
local-size: 256
num-iters: 100000
core-freq: 300
memory-freq: 877
device-name: Tesla V100-SXM2-16GB
sycl-implementation: LLVM CUDA (Intel DPC++)
throughput-metric: N/A
kernel-time-mean: 6.254244 [s]
kernel-time-stddev: 0.000910 [s]
kernel-time-median: 6.254072 [s]
kernel-time-min: 6.253131 [s]
kernel-time-samples: "6.253131 6.253811 6.254072 6.254672 6.255537"
kernel-time-throughput: N/A
run-time-mean: 6.264463 [s]
run-time-stddev: 0.003604 [s]
run-time-median: 6.264023 [s]
run-time-min: 6.260927 [s]
run-time-samples: "6.260927 6.262411 6.264023 6.264569 6.270383"
run-time-throughput: N/A
kernel-energy-mean: 181.177912 [J]
kernel-energy-stddev: 1.836166 [J]
kernel-energy-median: 182.085995 [J]
kernel-energy-min: 177.943715 [J]
kernel-energy-max: 182.277310 [J]
kernel-energy-samples: "177.943715 181.444655 182.085995 182.137885 182.277310"
Verification: PASS
