********** Results for Black Scholes**********
problem-size: 524288
local-size: 256
num-iters: 100000
core-freq: 1087
memory-freq: 877
device-name: Tesla V100-SXM2-16GB
sycl-implementation: LLVM CUDA (Intel DPC++)
throughput-metric: N/A
kernel-time-mean: 1.201304 [s]
kernel-time-stddev: 0.000298 [s]
kernel-time-median: 1.201166 [s]
kernel-time-min: 1.201150 [s]
kernel-time-samples: "1.201150 1.201160 1.201166 1.201208 1.201836"
kernel-time-throughput: N/A
run-time-mean: 1.214995 [s]
run-time-stddev: 0.005996 [s]
run-time-median: 1.214559 [s]
run-time-min: 1.209191 [s]
run-time-samples: "1.209191 1.209482 1.214559 1.218589 1.223156"
run-time-throughput: N/A
kernel-energy-mean: 132.725507 [J]
kernel-energy-stddev: 0.342023 [J]
kernel-energy-median: 132.865745 [J]
kernel-energy-min: 132.135180 [J]
kernel-energy-max: 132.984925 [J]
kernel-energy-samples: "132.135180 132.736310 132.865745 132.905375 132.984925"
Verification: PASS
