********** Results for BoxBlur**********
problem-size: 3072
local-size: 256
num-iters: 200
core-freq: 1372
memory-freq: 877
device-name: Tesla V100-SXM2-16GB
sycl-implementation: LLVM CUDA (Intel DPC++)
throughput-metric: N/A
kernel-time-mean: 0.189152 [s]
kernel-time-stddev: 0.000041 [s]
kernel-time-median: 0.189157 [s]
kernel-time-min: 0.189092 [s]
kernel-time-samples: "0.189092 0.189133 0.189157 0.189183 0.189195"
kernel-time-throughput: N/A
run-time-mean: 0.200893 [s]
run-time-stddev: 0.002357 [s]
run-time-median: 0.200440 [s]
run-time-min: 0.198335 [s]
run-time-samples: "0.198335 0.199334 0.200440 0.202036 0.204318"
run-time-throughput: N/A
kernel-energy-mean: 33.648860 [J]
kernel-energy-stddev: 0.396917 [J]
kernel-energy-median: 33.863885 [J]
kernel-energy-min: 33.080395 [J]
kernel-energy-max: 33.982785 [J]
kernel-energy-samples: "33.080395 33.385590 33.863885 33.931645 33.982785"
Verification: PASS
