********** Results for BoxBlur**********
problem-size: 3072
local-size: 256
num-iters: 200
core-freq: 937
memory-freq: 877
device-name: Tesla V100-SXM2-16GB
sycl-implementation: LLVM CUDA (Intel DPC++)
throughput-metric: N/A
kernel-time-mean: 0.276810 [s]
kernel-time-stddev: 0.000025 [s]
kernel-time-median: 0.276818 [s]
kernel-time-min: 0.276771 [s]
kernel-time-samples: "0.276771 0.276802 0.276818 0.276828 0.276830"
kernel-time-throughput: N/A
run-time-mean: 0.288081 [s]
run-time-stddev: 0.003162 [s]
run-time-median: 0.287235 [s]
run-time-min: 0.284844 [s]
run-time-samples: "0.284844 0.286527 0.287235 0.288612 0.293189"
run-time-throughput: N/A
kernel-energy-mean: 24.698769 [J]
kernel-energy-stddev: 0.503671 [J]
kernel-energy-median: 24.900980 [J]
kernel-energy-min: 23.883260 [J]
kernel-energy-max: 25.098400 [J]
kernel-energy-samples: "23.883260 24.554345 24.900980 25.056860 25.098400"
Verification: PASS
