********** Results for BoxBlur**********
problem-size: 3072
local-size: 256
num-iters: 200
core-freq: 420
memory-freq: 877
device-name: Tesla V100-SXM2-16GB
sycl-implementation: LLVM CUDA (Intel DPC++)
throughput-metric: N/A
kernel-time-mean: 1.197504 [s]
kernel-time-stddev: 0.000708 [s]
kernel-time-median: 1.197311 [s]
kernel-time-min: 1.196974 [s]
kernel-time-samples: "1.196974 1.197073 1.197311 1.197436 1.198727"
kernel-time-throughput: N/A
run-time-mean: 1.214836 [s]
run-time-stddev: 0.003139 [s]
run-time-median: 1.213720 [s]
run-time-min: 1.211708 [s]
run-time-samples: "1.211708 1.212618 1.213720 1.216932 1.219203"
run-time-throughput: N/A
kernel-energy-mean: 33.271759 [J]
kernel-energy-stddev: 0.139618 [J]
kernel-energy-median: 33.198060 [J]
kernel-energy-min: 33.128650 [J]
kernel-energy-max: 33.430360 [J]
kernel-energy-samples: "33.128650 33.188585 33.198060 33.413140 33.430360"
Verification: PASS
