********** Results for BoxBlur**********
problem-size: 3072
local-size: 256
num-iters: 200
core-freq: 1515
memory-freq: 877
device-name: Tesla V100-SXM2-16GB
sycl-implementation: LLVM CUDA (Intel DPC++)
throughput-metric: N/A
kernel-time-mean: 0.171612 [s]
kernel-time-stddev: 0.000049 [s]
kernel-time-median: 0.171598 [s]
kernel-time-min: 0.171551 [s]
kernel-time-samples: "0.171551 0.171592 0.171598 0.171640 0.171680"
kernel-time-throughput: N/A
run-time-mean: 0.186703 [s]
run-time-stddev: 0.002864 [s]
run-time-median: 0.186715 [s]
run-time-min: 0.182217 [s]
run-time-samples: "0.182217 0.186402 0.186715 0.188319 0.189862"
run-time-throughput: N/A
kernel-energy-mean: 40.171046 [J]
kernel-energy-stddev: 2.050759 [J]
kernel-energy-median: 40.304245 [J]
kernel-energy-min: 37.257880 [J]
kernel-energy-max: 42.083010 [J]
kernel-energy-samples: "37.257880 39.141175 40.304245 42.068920 42.083010"
Verification: PASS
