********** Results for BoxBlur**********
problem-size: 3072
local-size: 256
num-iters: 200
core-freq: 1455
memory-freq: 877
device-name: Tesla V100-SXM2-16GB
sycl-implementation: LLVM CUDA (Intel DPC++)
throughput-metric: N/A
kernel-time-mean: 0.177945 [s]
kernel-time-stddev: 0.000066 [s]
kernel-time-median: 0.177903 [s]
kernel-time-min: 0.177894 [s]
kernel-time-samples: "0.177894 0.177900 0.177903 0.177987 0.178041"
kernel-time-throughput: N/A
run-time-mean: 0.191334 [s]
run-time-stddev: 0.002806 [s]
run-time-median: 0.190882 [s]
run-time-min: 0.187735 [s]
run-time-samples: "0.187735 0.189810 0.190882 0.193644 0.194600"
run-time-throughput: N/A
kernel-energy-mean: 38.518534 [J]
kernel-energy-stddev: 0.439946 [J]
kernel-energy-median: 38.402395 [J]
kernel-energy-min: 38.001760 [J]
kernel-energy-max: 39.062070 [J]
kernel-energy-samples: "38.001760 38.251580 38.402395 38.874865 39.062070"
Verification: PASS
