********** Results for BoxBlur**********
problem-size: 3072
local-size: 256
num-iters: 200
core-freq: 1387
memory-freq: 877
device-name: Tesla V100-SXM2-16GB
sycl-implementation: LLVM CUDA (Intel DPC++)
throughput-metric: N/A
kernel-time-mean: 0.187130 [s]
kernel-time-stddev: 0.000240 [s]
kernel-time-median: 0.187013 [s]
kernel-time-min: 0.186987 [s]
kernel-time-samples: "0.186987 0.187008 0.187013 0.187088 0.187555"
kernel-time-throughput: N/A
run-time-mean: 0.203519 [s]
run-time-stddev: 0.009146 [s]
run-time-median: 0.200281 [s]
run-time-min: 0.197716 [s]
run-time-samples: "0.197716 0.197837 0.200281 0.202224 0.219535"
run-time-throughput: N/A
kernel-energy-mean: 34.581067 [J]
kernel-energy-stddev: 2.400339 [J]
kernel-energy-median: 36.078570 [J]
kernel-energy-min: 31.050170 [J]
kernel-energy-max: 36.561295 [J]
kernel-energy-samples: "31.050170 33.122045 36.078570 36.093255 36.561295"
Verification: PASS
