********** Results for BoxBlur**********
problem-size: 3072
local-size: 256
num-iters: 200
core-freq: 607
memory-freq: 877
device-name: Tesla V100-SXM2-16GB
sycl-implementation: LLVM CUDA (Intel DPC++)
throughput-metric: N/A
kernel-time-mean: 0.428106 [s]
kernel-time-stddev: 0.000336 [s]
kernel-time-median: 0.427960 [s]
kernel-time-min: 0.427916 [s]
kernel-time-samples: "0.427916 0.427916 0.427960 0.428039 0.428701"
kernel-time-throughput: N/A
run-time-mean: 0.439794 [s]
run-time-stddev: 0.006265 [s]
run-time-median: 0.437040 [s]
run-time-min: 0.435249 [s]
run-time-samples: "0.435249 0.435738 0.437040 0.440579 0.450363"
run-time-throughput: N/A
kernel-energy-mean: 27.119314 [J]
kernel-energy-stddev: 2.684105 [J]
kernel-energy-median: 28.258630 [J]
kernel-energy-min: 22.330780 [J]
kernel-energy-max: 28.636955 [J]
kernel-energy-samples: "22.330780 28.099840 28.258630 28.270365 28.636955"
Verification: PASS
