********** Results for BoxBlur**********
problem-size: 3072
local-size: 256
num-iters: 200
core-freq: 847
memory-freq: 877
device-name: Tesla V100-SXM2-16GB
sycl-implementation: LLVM CUDA (Intel DPC++)
throughput-metric: N/A
kernel-time-mean: 0.306212 [s]
kernel-time-stddev: 0.000056 [s]
kernel-time-median: 0.306188 [s]
kernel-time-min: 0.306158 [s]
kernel-time-samples: "0.306158 0.306176 0.306188 0.306244 0.306295"
kernel-time-throughput: N/A
run-time-mean: 0.317836 [s]
run-time-stddev: 0.002594 [s]
run-time-median: 0.317775 [s]
run-time-min: 0.313791 [s]
run-time-samples: "0.313791 0.317620 0.317775 0.319231 0.320760"
run-time-throughput: N/A
kernel-energy-mean: 25.100018 [J]
kernel-energy-stddev: 0.219158 [J]
kernel-energy-median: 25.180010 [J]
kernel-energy-min: 24.724470 [J]
kernel-energy-max: 25.283780 [J]
kernel-energy-samples: "24.724470 25.107600 25.180010 25.204230 25.283780"
Verification: PASS
