********** Results for BoxBlur**********
problem-size: 3072
local-size: 256
num-iters: 200
core-freq: 1170
memory-freq: 877
device-name: Tesla V100-SXM2-16GB
sycl-implementation: LLVM CUDA (Intel DPC++)
throughput-metric: N/A
kernel-time-mean: 0.220830 [s]
kernel-time-stddev: 0.000108 [s]
kernel-time-median: 0.220846 [s]
kernel-time-min: 0.220662 [s]
kernel-time-samples: "0.220662 0.220800 0.220846 0.220901 0.220941"
kernel-time-throughput: N/A
run-time-mean: 0.233306 [s]
run-time-stddev: 0.003848 [s]
run-time-median: 0.232070 [s]
run-time-min: 0.230811 [s]
run-time-samples: "0.230811 0.231109 0.232070 0.232455 0.240083"
run-time-throughput: N/A
kernel-energy-mean: 29.450963 [J]
kernel-energy-stddev: 0.372417 [J]
kernel-energy-median: 29.603115 [J]
kernel-energy-min: 28.800690 [J]
kernel-energy-max: 29.712620 [J]
kernel-energy-samples: "28.800690 29.490610 29.603115 29.647780 29.712620"
Verification: PASS
