********** Results for BoxBlur**********
problem-size: 3072
local-size: 256
num-iters: 200
core-freq: 1417
memory-freq: 877
device-name: Tesla V100-SXM2-16GB
sycl-implementation: LLVM CUDA (Intel DPC++)
throughput-metric: N/A
kernel-time-mean: 0.183095 [s]
kernel-time-stddev: 0.000032 [s]
kernel-time-median: 0.183088 [s]
kernel-time-min: 0.183058 [s]
kernel-time-samples: "0.183058 0.183082 0.183088 0.183104 0.183145"
kernel-time-throughput: N/A
run-time-mean: 0.195562 [s]
run-time-stddev: 0.002443 [s]
run-time-median: 0.195889 [s]
run-time-min: 0.192051 [s]
run-time-samples: "0.192051 0.194485 0.195889 0.196919 0.198467"
run-time-throughput: N/A
kernel-energy-mean: 32.870158 [J]
kernel-energy-stddev: 1.822343 [J]
kernel-energy-median: 33.343970 [J]
kernel-energy-min: 30.925840 [J]
kernel-energy-max: 34.557600 [J]
kernel-energy-samples: "30.925840 30.971735 33.343970 34.551645 34.557600"
Verification: PASS
