********** Results for BoxBlur**********
problem-size: 3072
local-size: 256
num-iters: 200
core-freq: 840
memory-freq: 877
device-name: Tesla V100-SXM2-16GB
sycl-implementation: LLVM CUDA (Intel DPC++)
throughput-metric: N/A
kernel-time-mean: 0.308931 [s]
kernel-time-stddev: 0.000072 [s]
kernel-time-median: 0.308917 [s]
kernel-time-min: 0.308848 [s]
kernel-time-samples: "0.308848 0.308894 0.308917 0.308957 0.309037"
kernel-time-throughput: N/A
run-time-mean: 0.321002 [s]
run-time-stddev: 0.002569 [s]
run-time-median: 0.321244 [s]
run-time-min: 0.317701 [s]
run-time-samples: "0.317701 0.319612 0.321244 0.321884 0.324571"
run-time-throughput: N/A
kernel-energy-mean: 24.888714 [J]
kernel-energy-stddev: 0.186003 [J]
kernel-energy-median: 24.944095 [J]
kernel-energy-min: 24.563240 [J]
kernel-energy-max: 25.031035 [J]
kernel-energy-samples: "24.563240 24.930570 24.944095 24.974630 25.031035"
Verification: PASS
