********** Results for BoxBlur**********
problem-size: 3072
local-size: 256
num-iters: 200
core-freq: 352
memory-freq: 877
device-name: Tesla V100-SXM2-16GB
sycl-implementation: LLVM CUDA (Intel DPC++)
throughput-metric: N/A
kernel-time-mean: 1.173947 [s]
kernel-time-stddev: 0.000149 [s]
kernel-time-median: 1.173919 [s]
kernel-time-min: 1.173752 [s]
kernel-time-samples: "1.173752 1.173909 1.173919 1.173990 1.174164"
kernel-time-throughput: N/A
run-time-mean: 1.186694 [s]
run-time-stddev: 0.004173 [s]
run-time-median: 1.186943 [s]
run-time-min: 1.182049 [s]
run-time-samples: "1.182049 1.183542 1.186943 1.188278 1.192658"
run-time-throughput: N/A
kernel-energy-mean: 46.731351 [J]
kernel-energy-stddev: 0.782791 [J]
kernel-energy-median: 47.045305 [J]
kernel-energy-min: 45.376965 [J]
kernel-energy-max: 47.324275 [J]
kernel-energy-samples: "45.376965 46.772860 47.045305 47.137350 47.324275"
Verification: PASS
