********** Results for BoxBlur**********
problem-size: 3072
local-size: 256
num-iters: 200
core-freq: 397
memory-freq: 877
device-name: Tesla V100-SXM2-16GB
sycl-implementation: LLVM CUDA (Intel DPC++)
throughput-metric: N/A
kernel-time-mean: 1.206748 [s]
kernel-time-stddev: 0.000328 [s]
kernel-time-median: 1.206705 [s]
kernel-time-min: 1.206457 [s]
kernel-time-samples: "1.206457 1.206470 1.206705 1.206857 1.207252"
kernel-time-throughput: N/A
run-time-mean: 1.216829 [s]
run-time-stddev: 0.001413 [s]
run-time-median: 1.215915 [s]
run-time-min: 1.215726 [s]
run-time-samples: "1.215726 1.215843 1.215915 1.217854 1.218805"
run-time-throughput: N/A
kernel-energy-mean: 34.702984 [J]
kernel-energy-stddev: 0.150047 [J]
kernel-energy-median: 34.745115 [J]
kernel-energy-min: 34.453390 [J]
kernel-energy-max: 34.843060 [J]
kernel-energy-samples: "34.453390 34.691445 34.745115 34.781910 34.843060"
Verification: PASS
