********** Results for BoxBlur**********
problem-size: 3072
local-size: 256
num-iters: 200
core-freq: 825
memory-freq: 877
device-name: Tesla V100-SXM2-16GB
sycl-implementation: LLVM CUDA (Intel DPC++)
throughput-metric: N/A
kernel-time-mean: 0.314614 [s]
kernel-time-stddev: 0.000059 [s]
kernel-time-median: 0.314603 [s]
kernel-time-min: 0.314547 [s]
kernel-time-samples: "0.314547 0.314580 0.314603 0.314646 0.314697"
kernel-time-throughput: N/A
run-time-mean: 0.326369 [s]
run-time-stddev: 0.002545 [s]
run-time-median: 0.325529 [s]
run-time-min: 0.324069 [s]
run-time-samples: "0.324069 0.324179 0.325529 0.328369 0.329702"
run-time-throughput: N/A
kernel-energy-mean: 25.340387 [J]
kernel-energy-stddev: 0.913241 [J]
kernel-energy-median: 25.415115 [J]
kernel-energy-min: 23.808930 [J]
kernel-energy-max: 26.050730 [J]
kernel-energy-samples: "23.808930 25.395805 25.415115 26.031355 26.050730"
Verification: PASS
