********** Results for BoxBlur**********
problem-size: 3072
local-size: 256
num-iters: 200
core-freq: 427
memory-freq: 877
device-name: Tesla V100-SXM2-16GB
sycl-implementation: LLVM CUDA (Intel DPC++)
throughput-metric: N/A
kernel-time-mean: 1.204549 [s]
kernel-time-stddev: 0.000564 [s]
kernel-time-median: 1.204383 [s]
kernel-time-min: 1.204013 [s]
kernel-time-samples: "1.204013 1.204335 1.204383 1.204511 1.205504"
kernel-time-throughput: N/A
run-time-mean: 1.220145 [s]
run-time-stddev: 0.007082 [s]
run-time-median: 1.215405 [s]
run-time-min: 1.214403 [s]
run-time-samples: "1.214403 1.215152 1.215405 1.227374 1.228392"
run-time-throughput: N/A
kernel-energy-mean: 33.625753 [J]
kernel-energy-stddev: 0.176867 [J]
kernel-energy-median: 33.562320 [J]
kernel-energy-min: 33.452075 [J]
kernel-energy-max: 33.855230 [J]
kernel-energy-samples: "33.452075 33.491275 33.562320 33.767865 33.855230"
Verification: PASS
