********** Results for BoxBlur**********
problem-size: 3072
local-size: 256
num-iters: 200
core-freq: 1507
memory-freq: 877
device-name: Tesla V100-SXM2-16GB
sycl-implementation: LLVM CUDA (Intel DPC++)
throughput-metric: N/A
kernel-time-mean: 0.172119 [s]
kernel-time-stddev: 0.000036 [s]
kernel-time-median: 0.172117 [s]
kernel-time-min: 0.172064 [s]
kernel-time-samples: "0.172064 0.172115 0.172117 0.172135 0.172162"
kernel-time-throughput: N/A
run-time-mean: 0.186663 [s]
run-time-stddev: 0.002863 [s]
run-time-median: 0.186337 [s]
run-time-min: 0.183145 [s]
run-time-samples: "0.183145 0.186268 0.186337 0.186418 0.191145"
run-time-throughput: N/A
kernel-energy-mean: 41.020362 [J]
kernel-energy-stddev: 0.805685 [J]
kernel-energy-median: 41.304670 [J]
kernel-energy-min: 39.616290 [J]
kernel-energy-max: 41.549205 [J]
kernel-energy-samples: "39.616290 41.103695 41.304670 41.527950 41.549205"
Verification: PASS
