********** Results for BoxBlur**********
problem-size: 3072
local-size: 256
num-iters: 200
core-freq: 652
memory-freq: 877
device-name: Tesla V100-SXM2-16GB
sycl-implementation: LLVM CUDA (Intel DPC++)
throughput-metric: N/A
kernel-time-mean: 0.397924 [s]
kernel-time-stddev: 0.000069 [s]
kernel-time-median: 0.397904 [s]
kernel-time-min: 0.397867 [s]
kernel-time-samples: "0.397867 0.397886 0.397904 0.397918 0.398043"
kernel-time-throughput: N/A
run-time-mean: 0.410046 [s]
run-time-stddev: 0.000845 [s]
run-time-median: 0.410087 [s]
run-time-min: 0.408856 [s]
run-time-samples: "0.408856 0.409776 0.410087 0.410333 0.411178"
run-time-throughput: N/A
kernel-energy-mean: 27.265977 [J]
kernel-energy-stddev: 0.146912 [J]
kernel-energy-median: 27.315825 [J]
kernel-energy-min: 27.018660 [J]
kernel-energy-max: 27.379630 [J]
kernel-energy-samples: "27.018660 27.251970 27.315825 27.363800 27.379630"
Verification: PASS
