********** Results for BoxBlur**********
problem-size: 3072
local-size: 256
num-iters: 200
core-freq: 1102
memory-freq: 877
device-name: Tesla V100-SXM2-16GB
sycl-implementation: LLVM CUDA (Intel DPC++)
throughput-metric: N/A
kernel-time-mean: 0.235587 [s]
kernel-time-stddev: 0.000114 [s]
kernel-time-median: 0.235527 [s]
kernel-time-min: 0.235489 [s]
kernel-time-samples: "0.235489 0.235498 0.235527 0.235691 0.235729"
kernel-time-throughput: N/A
run-time-mean: 0.246867 [s]
run-time-stddev: 0.001973 [s]
run-time-median: 0.247868 [s]
run-time-min: 0.243780 [s]
run-time-samples: "0.243780 0.246037 0.247868 0.248121 0.248531"
run-time-throughput: N/A
kernel-energy-mean: 26.895648 [J]
kernel-energy-stddev: 0.519072 [J]
kernel-energy-median: 26.956690 [J]
kernel-energy-min: 26.198215 [J]
kernel-energy-max: 27.630400 [J]
kernel-energy-samples: "26.198215 26.700000 26.956690 26.992935 27.630400"
Verification: PASS
