********** Results for BoxBlur**********
problem-size: 3072
local-size: 256
num-iters: 200
core-freq: 1065
memory-freq: 877
device-name: Tesla V100-SXM2-16GB
sycl-implementation: LLVM CUDA (Intel DPC++)
throughput-metric: N/A
kernel-time-mean: 0.242192 [s]
kernel-time-stddev: 0.000254 [s]
kernel-time-median: 0.242071 [s]
kernel-time-min: 0.241926 [s]
kernel-time-samples: "0.241926 0.242042 0.242071 0.242415 0.242508"
kernel-time-throughput: N/A
run-time-mean: 0.253069 [s]
run-time-stddev: 0.001876 [s]
run-time-median: 0.254372 [s]
run-time-min: 0.250849 [s]
run-time-samples: "0.250849 0.251188 0.254372 0.254443 0.254495"
run-time-throughput: N/A
kernel-energy-mean: 26.181080 [J]
kernel-energy-stddev: 0.429259 [J]
kernel-energy-median: 26.419010 [J]
kernel-energy-min: 25.679810 [J]
kernel-energy-max: 26.600925 [J]
kernel-energy-samples: "25.679810 25.755945 26.419010 26.449710 26.600925"
Verification: PASS
