********** Results for BoxBlur**********
problem-size: 3072
local-size: 256
num-iters: 200
core-freq: 1177
memory-freq: 877
device-name: Tesla V100-SXM2-16GB
sycl-implementation: LLVM CUDA (Intel DPC++)
throughput-metric: N/A
kernel-time-mean: 0.220317 [s]
kernel-time-stddev: 0.000029 [s]
kernel-time-median: 0.220309 [s]
kernel-time-min: 0.220289 [s]
kernel-time-samples: "0.220289 0.220309 0.220309 0.220312 0.220365"
kernel-time-throughput: N/A
run-time-mean: 0.231310 [s]
run-time-stddev: 0.000528 [s]
run-time-median: 0.231361 [s]
run-time-min: 0.230602 [s]
run-time-samples: "0.230602 0.230978 0.231361 0.231737 0.231874"
run-time-throughput: N/A
kernel-energy-mean: 28.551832 [J]
kernel-energy-stddev: 0.151413 [J]
kernel-energy-median: 28.505510 [J]
kernel-energy-min: 28.417875 [J]
kernel-energy-max: 28.808115 [J]
kernel-energy-samples: "28.417875 28.474815 28.505510 28.552845 28.808115"
Verification: PASS
