********** Results for BoxBlur**********
problem-size: 3072
local-size: 256
num-iters: 200
core-freq: 435
memory-freq: 877
device-name: Tesla V100-SXM2-16GB
sycl-implementation: LLVM CUDA (Intel DPC++)
throughput-metric: N/A
kernel-time-mean: 1.165217 [s]
kernel-time-stddev: 0.000372 [s]
kernel-time-median: 1.165123 [s]
kernel-time-min: 1.164843 [s]
kernel-time-samples: "1.164843 1.165063 1.165123 1.165225 1.165833"
kernel-time-throughput: N/A
run-time-mean: 1.178155 [s]
run-time-stddev: 0.003720 [s]
run-time-median: 1.177059 [s]
run-time-min: 1.173285 [s]
run-time-samples: "1.173285 1.176720 1.177059 1.181158 1.182555"
run-time-throughput: N/A
kernel-energy-mean: 32.906324 [J]
kernel-energy-stddev: 0.211074 [J]
kernel-energy-median: 32.852415 [J]
kernel-energy-min: 32.608890 [J]
kernel-energy-max: 33.111625 [J]
kernel-energy-samples: "32.608890 32.848915 32.852415 33.109775 33.111625"
Verification: PASS
