********** Results for BoxBlur**********
problem-size: 3072
local-size: 256
num-iters: 200
core-freq: 1095
memory-freq: 877
device-name: Tesla V100-SXM2-16GB
sycl-implementation: LLVM CUDA (Intel DPC++)
throughput-metric: N/A
kernel-time-mean: 0.235760 [s]
kernel-time-stddev: 0.000302 [s]
kernel-time-median: 0.235703 [s]
kernel-time-min: 0.235529 [s]
kernel-time-samples: "0.235529 0.235573 0.235703 0.235715 0.236282"
kernel-time-throughput: N/A
run-time-mean: 0.246598 [s]
run-time-stddev: 0.001520 [s]
run-time-median: 0.246545 [s]
run-time-min: 0.244656 [s]
run-time-samples: "0.244656 0.246258 0.246545 0.246620 0.248912"
run-time-throughput: N/A
kernel-energy-mean: 27.851936 [J]
kernel-energy-stddev: 0.303974 [J]
kernel-energy-median: 28.003590 [J]
kernel-energy-min: 27.505765 [J]
kernel-energy-max: 28.123285 [J]
kernel-energy-samples: "27.505765 27.539490 28.003590 28.087550 28.123285"
Verification: PASS
