********** Results for BoxBlur**********
problem-size: 3072
local-size: 256
num-iters: 200
core-freq: 577
memory-freq: 877
device-name: Tesla V100-SXM2-16GB
sycl-implementation: LLVM CUDA (Intel DPC++)
throughput-metric: N/A
kernel-time-mean: 0.450290 [s]
kernel-time-stddev: 0.000045 [s]
kernel-time-median: 0.450287 [s]
kernel-time-min: 0.450244 [s]
kernel-time-samples: "0.450244 0.450252 0.450287 0.450318 0.450350"
kernel-time-throughput: N/A
run-time-mean: 0.459098 [s]
run-time-stddev: 0.001287 [s]
run-time-median: 0.458600 [s]
run-time-min: 0.458057 [s]
run-time-samples: "0.458057 0.458522 0.458600 0.458990 0.461323"
run-time-throughput: N/A
kernel-energy-mean: 28.324057 [J]
kernel-energy-stddev: 0.210050 [J]
kernel-energy-median: 28.421905 [J]
kernel-energy-min: 27.966445 [J]
kernel-energy-max: 28.492190 [J]
kernel-energy-samples: "27.966445 28.312615 28.421905 28.427130 28.492190"
Verification: PASS
