********** Results for BoxBlur**********
problem-size: 3072
local-size: 256
num-iters: 200
core-freq: 757
memory-freq: 877
device-name: Tesla V100-SXM2-16GB
sycl-implementation: LLVM CUDA (Intel DPC++)
throughput-metric: N/A
kernel-time-mean: 0.342726 [s]
kernel-time-stddev: 0.000046 [s]
kernel-time-median: 0.342732 [s]
kernel-time-min: 0.342669 [s]
kernel-time-samples: "0.342669 0.342700 0.342732 0.342739 0.342791"
kernel-time-throughput: N/A
run-time-mean: 0.355469 [s]
run-time-stddev: 0.004441 [s]
run-time-median: 0.354447 [s]
run-time-min: 0.350737 [s]
run-time-samples: "0.350737 0.354025 0.354447 0.355363 0.362773"
run-time-throughput: N/A
kernel-energy-mean: 25.396663 [J]
kernel-energy-stddev: 0.129575 [J]
kernel-energy-median: 25.382205 [J]
kernel-energy-min: 25.255530 [J]
kernel-energy-max: 25.582910 [J]
kernel-energy-samples: "25.255530 25.304285 25.382205 25.458385 25.582910"
Verification: PASS
