********** Results for BoxBlur**********
problem-size: 3072
local-size: 256
num-iters: 200
core-freq: 480
memory-freq: 877
device-name: Tesla V100-SXM2-16GB
sycl-implementation: LLVM CUDA (Intel DPC++)
throughput-metric: N/A
kernel-time-mean: 0.542176 [s]
kernel-time-stddev: 0.000147 [s]
kernel-time-median: 0.542180 [s]
kernel-time-min: 0.541984 [s]
kernel-time-samples: "0.541984 0.542107 0.542180 0.542227 0.542383"
kernel-time-throughput: N/A
run-time-mean: 0.557609 [s]
run-time-stddev: 0.006843 [s]
run-time-median: 0.554873 [s]
run-time-min: 0.553107 [s]
run-time-samples: "0.553107 0.553866 0.554873 0.556570 0.569629"
run-time-throughput: N/A
kernel-energy-mean: 30.808728 [J]
kernel-energy-stddev: 0.283797 [J]
kernel-energy-median: 30.864980 [J]
kernel-energy-min: 30.528345 [J]
kernel-energy-max: 31.210660 [J]
kernel-energy-samples: "30.528345 30.542305 30.864980 30.897350 31.210660"
Verification: PASS
