********** Results for BoxBlur**********
problem-size: 3072
local-size: 256
num-iters: 200
core-freq: 900
memory-freq: 877
device-name: Tesla V100-SXM2-16GB
sycl-implementation: LLVM CUDA (Intel DPC++)
throughput-metric: N/A
kernel-time-mean: 0.288264 [s]
kernel-time-stddev: 0.000035 [s]
kernel-time-median: 0.288268 [s]
kernel-time-min: 0.288210 [s]
kernel-time-samples: "0.288210 0.288258 0.288268 0.288283 0.288303"
kernel-time-throughput: N/A
run-time-mean: 0.301671 [s]
run-time-stddev: 0.002688 [s]
run-time-median: 0.300867 [s]
run-time-min: 0.299856 [s]
run-time-samples: "0.299856 0.299933 0.300867 0.301357 0.306344"
run-time-throughput: N/A
kernel-energy-mean: 24.535582 [J]
kernel-energy-stddev: 0.079250 [J]
kernel-energy-median: 24.548345 [J]
kernel-energy-min: 24.447130 [J]
kernel-energy-max: 24.651865 [J]
kernel-energy-samples: "24.447130 24.477935 24.548345 24.552635 24.651865"
Verification: PASS
