********** Results for BoxBlur**********
problem-size: 3072
local-size: 256
num-iters: 200
core-freq: 765
memory-freq: 877
device-name: Tesla V100-SXM2-16GB
sycl-implementation: LLVM CUDA (Intel DPC++)
throughput-metric: N/A
kernel-time-mean: 0.339393 [s]
kernel-time-stddev: 0.000047 [s]
kernel-time-median: 0.339373 [s]
kernel-time-min: 0.339353 [s]
kernel-time-samples: "0.339353 0.339360 0.339373 0.339415 0.339465"
kernel-time-throughput: N/A
run-time-mean: 0.353301 [s]
run-time-stddev: 0.005560 [s]
run-time-median: 0.351345 [s]
run-time-min: 0.348123 [s]
run-time-samples: "0.348123 0.348557 0.351345 0.359138 0.359340"
run-time-throughput: N/A
kernel-energy-mean: 25.905292 [J]
kernel-energy-stddev: 0.264563 [J]
kernel-energy-median: 25.961570 [J]
kernel-energy-min: 25.601110 [J]
kernel-energy-max: 26.239540 [J]
kernel-energy-samples: "25.601110 25.676605 25.961570 26.047635 26.239540"
Verification: PASS
