********** Results for BoxBlur**********
problem-size: 3072
local-size: 256
num-iters: 200
core-freq: 270
memory-freq: 877
device-name: Tesla V100-SXM2-16GB
sycl-implementation: LLVM CUDA (Intel DPC++)
throughput-metric: N/A
kernel-time-mean: 1.194441 [s]
kernel-time-stddev: 0.000306 [s]
kernel-time-median: 1.194275 [s]
kernel-time-min: 1.194204 [s]
kernel-time-samples: "1.194204 1.194219 1.194275 1.194602 1.194906"
kernel-time-throughput: N/A
run-time-mean: 1.212235 [s]
run-time-stddev: 0.005718 [s]
run-time-median: 1.215195 [s]
run-time-min: 1.202569 [s]
run-time-samples: "1.202569 1.211494 1.215195 1.215557 1.216358"
run-time-throughput: N/A
kernel-energy-mean: 33.836431 [J]
kernel-energy-stddev: 0.279675 [J]
kernel-energy-median: 33.943305 [J]
kernel-energy-min: 33.350715 [J]
kernel-energy-max: 34.064725 [J]
kernel-energy-samples: "33.350715 33.879460 33.943305 33.943950 34.064725"
Verification: PASS
