********** Results for BoxBlur**********
problem-size: 3072
local-size: 256
num-iters: 200
core-freq: 225
memory-freq: 877
device-name: Tesla V100-SXM2-16GB
sycl-implementation: LLVM CUDA (Intel DPC++)
throughput-metric: N/A
kernel-time-mean: 2.379967 [s]
kernel-time-stddev: 0.000875 [s]
kernel-time-median: 2.379583 [s]
kernel-time-min: 2.379225 [s]
kernel-time-samples: "2.379225 2.379519 2.379583 2.380075 2.381434"
kernel-time-throughput: N/A
run-time-mean: 2.400598 [s]
run-time-stddev: 0.004203 [s]
run-time-median: 2.398483 [s]
run-time-min: 2.396027 [s]
run-time-samples: "2.396027 2.398350 2.398483 2.404654 2.405475"
run-time-throughput: N/A
kernel-energy-mean: 28.898663 [J]
kernel-energy-stddev: 0.115235 [J]
kernel-energy-median: 28.963975 [J]
kernel-energy-min: 28.768220 [J]
kernel-energy-max: 29.008395 [J]
kernel-energy-samples: "28.768220 28.779410 28.963975 28.973315 29.008395"
Verification: PASS
