********** Results for BoxBlur**********
problem-size: 3072
local-size: 256
num-iters: 200
core-freq: 367
memory-freq: 877
device-name: Tesla V100-SXM2-16GB
sycl-implementation: LLVM CUDA (Intel DPC++)
throughput-metric: N/A
kernel-time-mean: 1.165383 [s]
kernel-time-stddev: 0.000456 [s]
kernel-time-median: 1.165217 [s]
kernel-time-min: 1.165062 [s]
kernel-time-samples: "1.165062 1.165121 1.165217 1.165336 1.166177"
kernel-time-throughput: N/A
run-time-mean: 1.174957 [s]
run-time-stddev: 0.001425 [s]
run-time-median: 1.175562 [s]
run-time-min: 1.173315 [s]
run-time-samples: "1.173315 1.173564 1.175562 1.175882 1.176464"
run-time-throughput: N/A
kernel-energy-mean: 32.837233 [J]
kernel-energy-stddev: 0.039929 [J]
kernel-energy-median: 32.825380 [J]
kernel-energy-min: 32.798015 [J]
kernel-energy-max: 32.902375 [J]
kernel-energy-samples: "32.798015 32.816850 32.825380 32.843545 32.902375"
Verification: PASS
