********** Results for BoxBlur**********
problem-size: 3072
local-size: 256
num-iters: 200
core-freq: 337
memory-freq: 877
device-name: Tesla V100-SXM2-16GB
sycl-implementation: LLVM CUDA (Intel DPC++)
throughput-metric: N/A
kernel-time-mean: 1.156103 [s]
kernel-time-stddev: 0.000303 [s]
kernel-time-median: 1.156019 [s]
kernel-time-min: 1.155715 [s]
kernel-time-samples: "1.155715 1.155962 1.156019 1.156379 1.156441"
kernel-time-throughput: N/A
run-time-mean: 1.165447 [s]
run-time-stddev: 0.003471 [s]
run-time-median: 1.163934 [s]
run-time-min: 1.162933 [s]
run-time-samples: "1.162933 1.163384 1.163934 1.165597 1.171388"
run-time-throughput: N/A
kernel-energy-mean: 45.918063 [J]
kernel-energy-stddev: 1.897651 [J]
kernel-energy-median: 45.310670 [J]
kernel-energy-min: 44.353230 [J]
kernel-energy-max: 49.102810 [J]
kernel-energy-samples: "44.353230 44.729350 45.310670 46.094255 49.102810"
Verification: PASS
