********** Results for BoxBlur**********
problem-size: 3072
local-size: 256
num-iters: 200
core-freq: 1185
memory-freq: 877
device-name: Tesla V100-SXM2-16GB
sycl-implementation: LLVM CUDA (Intel DPC++)
throughput-metric: N/A
kernel-time-mean: 0.218219 [s]
kernel-time-stddev: 0.000121 [s]
kernel-time-median: 0.218277 [s]
kernel-time-min: 0.218064 [s]
kernel-time-samples: "0.218064 0.218117 0.218277 0.218289 0.218346"
kernel-time-throughput: N/A
run-time-mean: 0.232879 [s]
run-time-stddev: 0.004960 [s]
run-time-median: 0.231164 [s]
run-time-min: 0.228485 [s]
run-time-samples: "0.228485 0.229318 0.231164 0.234822 0.240606"
run-time-throughput: N/A
kernel-energy-mean: 27.444963 [J]
kernel-energy-stddev: 3.214398 [J]
kernel-energy-median: 28.705225 [J]
kernel-energy-min: 21.722785 [J]
kernel-energy-max: 29.258360 [J]
kernel-energy-samples: "21.722785 28.451330 28.705225 29.087115 29.258360"
Verification: PASS
