********** Results for BoxBlur**********
problem-size: 3072
local-size: 256
num-iters: 200
core-freq: 990
memory-freq: 877
device-name: Tesla V100-SXM2-16GB
sycl-implementation: LLVM CUDA (Intel DPC++)
throughput-metric: N/A
kernel-time-mean: 0.262168 [s]
kernel-time-stddev: 0.000225 [s]
kernel-time-median: 0.262075 [s]
kernel-time-min: 0.262038 [s]
kernel-time-samples: "0.262038 0.262049 0.262075 0.262111 0.262568"
kernel-time-throughput: N/A
run-time-mean: 0.276818 [s]
run-time-stddev: 0.009012 [s]
run-time-median: 0.271889 [s]
run-time-min: 0.270492 [s]
run-time-samples: "0.270492 0.271396 0.271889 0.278369 0.291942"
run-time-throughput: N/A
kernel-energy-mean: 22.679629 [J]
kernel-energy-stddev: 3.462454 [J]
kernel-energy-median: 24.212220 [J]
kernel-energy-min: 16.486205 [J]
kernel-energy-max: 24.292170 [J]
kernel-energy-samples: "16.486205 24.185110 24.212220 24.222440 24.292170"
Verification: PASS
