********** Results for BoxBlur**********
problem-size: 3072
local-size: 256
num-iters: 200
core-freq: 390
memory-freq: 877
device-name: Tesla V100-SXM2-16GB
sycl-implementation: LLVM CUDA (Intel DPC++)
throughput-metric: N/A
kernel-time-mean: 1.189651 [s]
kernel-time-stddev: 0.000557 [s]
kernel-time-median: 1.189447 [s]
kernel-time-min: 1.189168 [s]
kernel-time-samples: "1.189168 1.189389 1.189447 1.189652 1.190600"
kernel-time-throughput: N/A
run-time-mean: 1.203215 [s]
run-time-stddev: 0.006724 [s]
run-time-median: 1.200105 [s]
run-time-min: 1.197036 [s]
run-time-samples: "1.197036 1.199892 1.200105 1.204914 1.214126"
run-time-throughput: N/A
kernel-energy-mean: 33.975052 [J]
kernel-energy-stddev: 0.109826 [J]
kernel-energy-median: 33.966355 [J]
kernel-energy-min: 33.810855 [J]
kernel-energy-max: 34.110070 [J]
kernel-energy-samples: "33.810855 33.960350 33.966355 34.027630 34.110070"
Verification: PASS
