********** Results for BoxBlur**********
problem-size: 3072
local-size: 256
num-iters: 200
core-freq: 1020
memory-freq: 877
device-name: Tesla V100-SXM2-16GB
sycl-implementation: LLVM CUDA (Intel DPC++)
throughput-metric: N/A
kernel-time-mean: 0.253224 [s]
kernel-time-stddev: 0.000390 [s]
kernel-time-median: 0.253039 [s]
kernel-time-min: 0.252877 [s]
kernel-time-samples: "0.252877 0.252922 0.253039 0.253564 0.253720"
kernel-time-throughput: N/A
run-time-mean: 0.265242 [s]
run-time-stddev: 0.001360 [s]
run-time-median: 0.266020 [s]
run-time-min: 0.263463 [s]
run-time-samples: "0.263463 0.264106 0.266020 0.266157 0.266466"
run-time-throughput: N/A
kernel-energy-mean: 26.202091 [J]
kernel-energy-stddev: 0.643236 [J]
kernel-energy-median: 25.804860 [J]
kernel-energy-min: 25.666570 [J]
kernel-energy-max: 26.923095 [J]
kernel-energy-samples: "25.666570 25.729965 25.804860 26.885965 26.923095"
Verification: PASS
