********** Results for BoxBlur**********
problem-size: 3072
local-size: 256
num-iters: 200
core-freq: 1440
memory-freq: 877
device-name: Tesla V100-SXM2-16GB
sycl-implementation: LLVM CUDA (Intel DPC++)
throughput-metric: N/A
kernel-time-mean: 0.179553 [s]
kernel-time-stddev: 0.000225 [s]
kernel-time-median: 0.179473 [s]
kernel-time-min: 0.179388 [s]
kernel-time-samples: "0.179388 0.179431 0.179473 0.179529 0.179945"
kernel-time-throughput: N/A
run-time-mean: 0.193415 [s]
run-time-stddev: 0.004182 [s]
run-time-median: 0.191980 [s]
run-time-min: 0.190927 [s]
run-time-samples: "0.190927 0.191192 0.191980 0.192134 0.200840"
run-time-throughput: N/A
kernel-energy-mean: 35.195446 [J]
kernel-energy-stddev: 0.082667 [J]
kernel-energy-median: 35.151050 [J]
kernel-energy-min: 35.129975 [J]
kernel-energy-max: 35.324820 [J]
kernel-energy-samples: "35.129975 35.140140 35.151050 35.231245 35.324820"
Verification: PASS
