********** Results for Ftle**********
problem-size: 1048576
local-size: 256
num-iters: 500000
core-freq: 1522
memory-freq: 877
device-name: Tesla V100-SXM2-16GB
sycl-implementation: LLVM CUDA (Intel DPC++)
throughput-metric: N/A
kernel-time-mean: 0.411447 [s]
kernel-time-stddev: 0.000005 [s]
kernel-time-median: 0.411448 [s]
kernel-time-min: 0.411438 [s]
kernel-time-samples: "0.411438 0.411446 0.411448 0.411449 0.411452"
kernel-time-throughput: N/A
run-time-mean: 0.425270 [s]
run-time-stddev: 0.004337 [s]
run-time-median: 0.423872 [s]
run-time-min: 0.421260 [s]
run-time-samples: "0.421260 0.423509 0.423872 0.425085 0.432623"
run-time-throughput: N/A
kernel-energy-mean: 58.749849 [J]
kernel-energy-stddev: 0.144555 [J]
kernel-energy-median: 58.672080 [J]
kernel-energy-min: 58.601425 [J]
kernel-energy-max: 58.930055 [J]
kernel-energy-samples: "58.601425 58.668020 58.672080 58.877665 58.930055"
Verification: PASS
