********** Results for Ftle**********
problem-size: 1048576
local-size: 256
num-iters: 500000
core-freq: 1290
memory-freq: 877
device-name: Tesla V100-SXM2-16GB
sycl-implementation: LLVM CUDA (Intel DPC++)
throughput-metric: N/A
kernel-time-mean: 0.483236 [s]
kernel-time-stddev: 0.000149 [s]
kernel-time-median: 0.483253 [s]
kernel-time-min: 0.483029 [s]
kernel-time-samples: "0.483029 0.483155 0.483253 0.483343 0.483401"
kernel-time-throughput: N/A
run-time-mean: 0.494320 [s]
run-time-stddev: 0.000538 [s]
run-time-median: 0.494369 [s]
run-time-min: 0.493738 [s]
run-time-samples: "0.493738 0.493815 0.494369 0.494728 0.494948"
run-time-throughput: N/A
kernel-energy-mean: 48.188359 [J]
kernel-energy-stddev: 0.031734 [J]
kernel-energy-median: 48.204930 [J]
kernel-energy-min: 48.133515 [J]
kernel-energy-max: 48.207785 [J]
kernel-energy-samples: "48.133515 48.188015 48.204930 48.207550 48.207785"
Verification: PASS
