********** Results for Ftle**********
problem-size: 1048576
local-size: 256
num-iters: 500000
core-freq: 1102
memory-freq: 877
device-name: Tesla V100-SXM2-16GB
sycl-implementation: LLVM CUDA (Intel DPC++)
throughput-metric: N/A
kernel-time-mean: 0.590048 [s]
kernel-time-stddev: 0.000054 [s]
kernel-time-median: 0.590044 [s]
kernel-time-min: 0.589975 [s]
kernel-time-samples: "0.589975 0.590035 0.590044 0.590061 0.590126"
kernel-time-throughput: N/A
run-time-mean: 0.600863 [s]
run-time-stddev: 0.001921 [s]
run-time-median: 0.601930 [s]
run-time-min: 0.598597 [s]
run-time-samples: "0.598597 0.598965 0.601930 0.602210 0.602615"
run-time-throughput: N/A
kernel-energy-mean: 45.743634 [J]
kernel-energy-stddev: 0.125666 [J]
kernel-energy-median: 45.728995 [J]
kernel-energy-min: 45.568345 [J]
kernel-energy-max: 45.919995 [J]
kernel-energy-samples: "45.568345 45.727705 45.728995 45.773130 45.919995"
Verification: PASS
