********** Results for Ftle**********
problem-size: 1048576
local-size: 256
num-iters: 500000
core-freq: 1207
memory-freq: 877
device-name: Tesla V100-SXM2-16GB
sycl-implementation: LLVM CUDA (Intel DPC++)
throughput-metric: N/A
kernel-time-mean: 0.518826 [s]
kernel-time-stddev: 0.000022 [s]
kernel-time-median: 0.518812 [s]
kernel-time-min: 0.518809 [s]
kernel-time-samples: "0.518809 0.518810 0.518812 0.518842 0.518857"
kernel-time-throughput: N/A
run-time-mean: 0.531682 [s]
run-time-stddev: 0.003768 [s]
run-time-median: 0.533262 [s]
run-time-min: 0.527288 [s]
run-time-samples: "0.527288 0.528189 0.533262 0.533631 0.536039"
run-time-throughput: N/A
kernel-energy-mean: 48.861431 [J]
kernel-energy-stddev: 0.223596 [J]
kernel-energy-median: 48.757690 [J]
kernel-energy-min: 48.717820 [J]
kernel-energy-max: 49.254220 [J]
kernel-energy-samples: "48.717820 48.745495 48.757690 48.831930 49.254220"
Verification: PASS
