********** Results for Ftle**********
problem-size: 1048576
local-size: 256
num-iters: 500000
core-freq: 937
memory-freq: 877
device-name: Tesla V100-SXM2-16GB
sycl-implementation: LLVM CUDA (Intel DPC++)
throughput-metric: N/A
kernel-time-mean: 0.668227 [s]
kernel-time-stddev: 0.000039 [s]
kernel-time-median: 0.668209 [s]
kernel-time-min: 0.668194 [s]
kernel-time-samples: "0.668194 0.668198 0.668209 0.668250 0.668285"
kernel-time-throughput: N/A
run-time-mean: 0.679856 [s]
run-time-stddev: 0.003250 [s]
run-time-median: 0.678479 [s]
run-time-min: 0.677780 [s]
run-time-samples: "0.677780 0.677932 0.678479 0.679557 0.685535"
run-time-throughput: N/A
kernel-energy-mean: 45.286534 [J]
kernel-energy-stddev: 0.061119 [J]
kernel-energy-median: 45.286475 [J]
kernel-energy-min: 45.216505 [J]
kernel-energy-max: 45.360265 [J]
kernel-energy-samples: "45.216505 45.236780 45.286475 45.332645 45.360265"
Verification: PASS
