********** Results for Ftle**********
problem-size: 1048576
local-size: 256
num-iters: 500000
core-freq: 1012
memory-freq: 877
device-name: Tesla V100-SXM2-16GB
sycl-implementation: LLVM CUDA (Intel DPC++)
throughput-metric: N/A
kernel-time-mean: 0.642463 [s]
kernel-time-stddev: 0.000076 [s]
kernel-time-median: 0.642496 [s]
kernel-time-min: 0.642365 [s]
kernel-time-samples: "0.642365 0.642399 0.642496 0.642514 0.642541"
kernel-time-throughput: N/A
run-time-mean: 0.653161 [s]
run-time-stddev: 0.001221 [s]
run-time-median: 0.652975 [s]
run-time-min: 0.652011 [s]
run-time-samples: "0.652011 0.652097 0.652975 0.653813 0.654908"
run-time-throughput: N/A
kernel-energy-mean: 46.629532 [J]
kernel-energy-stddev: 0.053779 [J]
kernel-energy-median: 46.635285 [J]
kernel-energy-min: 46.557425 [J]
kernel-energy-max: 46.688675 [J]
kernel-energy-samples: "46.557425 46.595640 46.635285 46.670635 46.688675"
Verification: PASS
