********** Results for Ftle**********
problem-size: 1048576
local-size: 256
num-iters: 500000
core-freq: 757
memory-freq: 877
device-name: Tesla V100-SXM2-16GB
sycl-implementation: LLVM CUDA (Intel DPC++)
throughput-metric: N/A
kernel-time-mean: 0.858589 [s]
kernel-time-stddev: 0.000031 [s]
kernel-time-median: 0.858589 [s]
kernel-time-min: 0.858552 [s]
kernel-time-samples: "0.858552 0.858571 0.858589 0.858599 0.858633"
kernel-time-throughput: N/A
run-time-mean: 0.870810 [s]
run-time-stddev: 0.002308 [s]
run-time-median: 0.870628 [s]
run-time-min: 0.868156 [s]
run-time-samples: "0.868156 0.869020 0.870628 0.872722 0.873524"
run-time-throughput: N/A
kernel-energy-mean: 53.455882 [J]
kernel-energy-stddev: 0.492230 [J]
kernel-energy-median: 53.693965 [J]
kernel-energy-min: 52.619900 [J]
kernel-energy-max: 53.840540 [J]
kernel-energy-samples: "52.619900 53.416020 53.693965 53.708985 53.840540"
Verification: PASS
