********** Results for Ftle**********
problem-size: 1048576
local-size: 256
num-iters: 500000
core-freq: 990
memory-freq: 877
device-name: Tesla V100-SXM2-16GB
sycl-implementation: LLVM CUDA (Intel DPC++)
throughput-metric: N/A
kernel-time-mean: 0.653584 [s]
kernel-time-stddev: 0.000264 [s]
kernel-time-median: 0.653592 [s]
kernel-time-min: 0.653288 [s]
kernel-time-samples: "0.653288 0.653352 0.653592 0.653833 0.653857"
kernel-time-throughput: N/A
run-time-mean: 0.665335 [s]
run-time-stddev: 0.001994 [s]
run-time-median: 0.665381 [s]
run-time-min: 0.662258 [s]
run-time-samples: "0.662258 0.665310 0.665381 0.665929 0.667800"
run-time-throughput: N/A
kernel-energy-mean: 46.124813 [J]
kernel-energy-stddev: 0.136124 [J]
kernel-energy-median: 46.144940 [J]
kernel-energy-min: 45.919035 [J]
kernel-energy-max: 46.284680 [J]
kernel-energy-samples: "45.919035 46.085365 46.144940 46.190045 46.284680"
Verification: PASS
