********** Results for Ftle**********
problem-size: 1048576
local-size: 256
num-iters: 500000
core-freq: 1380
memory-freq: 877
device-name: Tesla V100-SXM2-16GB
sycl-implementation: LLVM CUDA (Intel DPC++)
throughput-metric: N/A
kernel-time-mean: 0.451791 [s]
kernel-time-stddev: 0.000160 [s]
kernel-time-median: 0.451744 [s]
kernel-time-min: 0.451575 [s]
kernel-time-samples: "0.451575 0.451738 0.451744 0.451940 0.451961"
kernel-time-throughput: N/A
run-time-mean: 0.463789 [s]
run-time-stddev: 0.002624 [s]
run-time-median: 0.462347 [s]
run-time-min: 0.461454 [s]
run-time-samples: "0.461454 0.462255 0.462347 0.465114 0.467778"
run-time-throughput: N/A
kernel-energy-mean: 54.571374 [J]
kernel-energy-stddev: 1.581878 [J]
kernel-energy-median: 54.889180 [J]
kernel-energy-min: 51.990290 [J]
kernel-energy-max: 56.332935 [J]
kernel-energy-samples: "51.990290 54.728970 54.889180 54.915495 56.332935"
Verification: PASS
