********** Results for Ftle**********
problem-size: 1048576
local-size: 256
num-iters: 500000
core-freq: 532
memory-freq: 877
device-name: Tesla V100-SXM2-16GB
sycl-implementation: LLVM CUDA (Intel DPC++)
throughput-metric: N/A
kernel-time-mean: 1.223547 [s]
kernel-time-stddev: 0.000335 [s]
kernel-time-median: 1.223471 [s]
kernel-time-min: 1.223271 [s]
kernel-time-samples: "1.223271 1.223340 1.223471 1.223538 1.224115"
kernel-time-throughput: N/A
run-time-mean: 1.236068 [s]
run-time-stddev: 0.006562 [s]
run-time-median: 1.234321 [s]
run-time-min: 1.231611 [s]
run-time-samples: "1.231611 1.232003 1.234321 1.234875 1.247529"
run-time-throughput: N/A
kernel-energy-mean: 62.142193 [J]
kernel-energy-stddev: 1.802299 [J]
kernel-energy-median: 62.795860 [J]
kernel-energy-min: 59.060530 [J]
kernel-energy-max: 63.532300 [J]
kernel-energy-samples: "59.060530 62.114240 62.795860 63.208035 63.532300"
Verification: PASS
