********** Results for Ftle**********
problem-size: 1048576
local-size: 256
num-iters: 500000
core-freq: 427
memory-freq: 877
device-name: Tesla V100-SXM2-16GB
sycl-implementation: LLVM CUDA (Intel DPC++)
throughput-metric: N/A
kernel-time-mean: 2.938298 [s]
kernel-time-stddev: 0.000430 [s]
kernel-time-median: 2.938364 [s]
kernel-time-min: 2.937649 [s]
kernel-time-samples: "2.937649 2.938184 2.938364 2.938475 2.938816"
kernel-time-throughput: N/A
run-time-mean: 2.949485 [s]
run-time-stddev: 0.003968 [s]
run-time-median: 2.948435 [s]
run-time-min: 2.946092 [s]
run-time-samples: "2.946092 2.947860 2.948435 2.948693 2.956347"
run-time-throughput: N/A
kernel-energy-mean: 104.669763 [J]
kernel-energy-stddev: 0.503340 [J]
kernel-energy-median: 104.844970 [J]
kernel-energy-min: 103.919345 [J]
kernel-energy-max: 105.091215 [J]
kernel-energy-samples: "103.919345 104.407425 104.844970 105.085860 105.091215"
Verification: PASS
