********** Results for Ftle**********
problem-size: 1048576
local-size: 256
num-iters: 500000
core-freq: 742
memory-freq: 877
device-name: Tesla V100-SXM2-16GB
sycl-implementation: LLVM CUDA (Intel DPC++)
throughput-metric: N/A
kernel-time-mean: 0.876209 [s]
kernel-time-stddev: 0.000709 [s]
kernel-time-median: 0.875902 [s]
kernel-time-min: 0.875871 [s]
kernel-time-samples: "0.875871 0.875886 0.875902 0.875909 0.877478"
kernel-time-throughput: N/A
run-time-mean: 0.887086 [s]
run-time-stddev: 0.002864 [s]
run-time-median: 0.887945 [s]
run-time-min: 0.883734 [s]
run-time-samples: "0.883734 0.884553 0.887945 0.888652 0.890544"
run-time-throughput: N/A
kernel-energy-mean: 53.637364 [J]
kernel-energy-stddev: 0.156892 [J]
kernel-energy-median: 53.545935 [J]
kernel-energy-min: 53.499325 [J]
kernel-energy-max: 53.829255 [J]
kernel-energy-samples: "53.499325 53.526695 53.545935 53.785610 53.829255"
Verification: PASS
