********** Results for Ftle**********
problem-size: 1048576
local-size: 256
num-iters: 500000
core-freq: 712
memory-freq: 877
device-name: Tesla V100-SXM2-16GB
sycl-implementation: LLVM CUDA (Intel DPC++)
throughput-metric: N/A
kernel-time-mean: 0.912792 [s]
kernel-time-stddev: 0.000012 [s]
kernel-time-median: 0.912797 [s]
kernel-time-min: 0.912772 [s]
kernel-time-samples: "0.912772 0.912790 0.912797 0.912798 0.912803"
kernel-time-throughput: N/A
run-time-mean: 0.924398 [s]
run-time-stddev: 0.002551 [s]
run-time-median: 0.924895 [s]
run-time-min: 0.920528 [s]
run-time-samples: "0.920528 0.923651 0.924895 0.925515 0.927400"
run-time-throughput: N/A
kernel-energy-mean: 52.598440 [J]
kernel-energy-stddev: 0.500213 [J]
kernel-energy-median: 52.578835 [J]
kernel-energy-min: 52.049470 [J]
kernel-energy-max: 53.134505 [J]
kernel-energy-samples: "52.049470 52.161260 52.578835 53.068130 53.134505"
Verification: PASS
