********** Results for Ftle**********
problem-size: 1048576
local-size: 256
num-iters: 500000
core-freq: 165
memory-freq: 877
device-name: Tesla V100-SXM2-16GB
sycl-implementation: LLVM CUDA (Intel DPC++)
throughput-metric: N/A
kernel-time-mean: 5.971892 [s]
kernel-time-stddev: 0.009016 [s]
kernel-time-median: 5.968715 [s]
kernel-time-min: 5.966125 [s]
kernel-time-samples: "5.966125 5.967678 5.968715 5.969052 5.987891"
kernel-time-throughput: N/A
run-time-mean: 5.985545 [s]
run-time-stddev: 0.010036 [s]
run-time-median: 5.981690 [s]
run-time-min: 5.978614 [s]
run-time-samples: "5.978614 5.980951 5.981690 5.983219 6.003251"
run-time-throughput: N/A
kernel-energy-mean: 144.788921 [J]
kernel-energy-stddev: 3.560333 [J]
kernel-energy-median: 145.047745 [J]
kernel-energy-min: 141.113835 [J]
kernel-energy-max: 149.750380 [J]
kernel-energy-samples: "141.113835 141.637170 145.047745 146.395475 149.750380"
Verification: PASS
