********** Results for Ftle**********
problem-size: 1048576
local-size: 256
num-iters: 500000
core-freq: 682
memory-freq: 877
device-name: Tesla V100-SXM2-16GB
sycl-implementation: LLVM CUDA (Intel DPC++)
throughput-metric: N/A
kernel-time-mean: 0.953841 [s]
kernel-time-stddev: 0.000028 [s]
kernel-time-median: 0.953840 [s]
kernel-time-min: 0.953813 [s]
kernel-time-samples: "0.953813 0.953816 0.953840 0.953853 0.953881"
kernel-time-throughput: N/A
run-time-mean: 0.963855 [s]
run-time-stddev: 0.002575 [s]
run-time-median: 0.962914 [s]
run-time-min: 0.961763 [s]
run-time-samples: "0.961763 0.962826 0.962914 0.963444 0.968330"
run-time-throughput: N/A
kernel-energy-mean: 53.645227 [J]
kernel-energy-stddev: 0.170033 [J]
kernel-energy-median: 53.702735 [J]
kernel-energy-min: 53.345930 [J]
kernel-energy-max: 53.753315 [J]
kernel-energy-samples: "53.345930 53.679385 53.702735 53.744770 53.753315"
Verification: PASS
