********** Results for Ftle**********
problem-size: 1048576
local-size: 256
num-iters: 500000
core-freq: 810
memory-freq: 877
device-name: Tesla V100-SXM2-16GB
sycl-implementation: LLVM CUDA (Intel DPC++)
throughput-metric: N/A
kernel-time-mean: 0.803148 [s]
kernel-time-stddev: 0.000295 [s]
kernel-time-median: 0.803086 [s]
kernel-time-min: 0.802933 [s]
kernel-time-samples: "0.802933 0.802942 0.803086 0.803129 0.803652"
kernel-time-throughput: N/A
run-time-mean: 0.814603 [s]
run-time-stddev: 0.001385 [s]
run-time-median: 0.815187 [s]
run-time-min: 0.812311 [s]
run-time-samples: "0.812311 0.814415 0.815187 0.815198 0.815903"
run-time-throughput: N/A
kernel-energy-mean: 49.326405 [J]
kernel-energy-stddev: 0.044529 [J]
kernel-energy-median: 49.322705 [J]
kernel-energy-min: 49.277525 [J]
kernel-energy-max: 49.394405 [J]
kernel-energy-samples: "49.277525 49.298875 49.322705 49.338515 49.394405"
Verification: PASS
