********** Results for Ftle**********
problem-size: 1048576
local-size: 256
num-iters: 500000
core-freq: 540
memory-freq: 877
device-name: Tesla V100-SXM2-16GB
sycl-implementation: LLVM CUDA (Intel DPC++)
throughput-metric: N/A
kernel-time-mean: 1.207446 [s]
kernel-time-stddev: 0.000092 [s]
kernel-time-median: 1.207485 [s]
kernel-time-min: 1.207337 [s]
kernel-time-samples: "1.207337 1.207358 1.207485 1.207517 1.207534"
kernel-time-throughput: N/A
run-time-mean: 1.215394 [s]
run-time-stddev: 0.000669 [s]
run-time-median: 1.215193 [s]
run-time-min: 1.214671 [s]
run-time-samples: "1.214671 1.214910 1.215193 1.216053 1.216141"
run-time-throughput: N/A
kernel-energy-mean: 60.853882 [J]
kernel-energy-stddev: 0.017070 [J]
kernel-energy-median: 60.857435 [J]
kernel-energy-min: 60.836440 [J]
kernel-energy-max: 60.878705 [J]
kernel-energy-samples: "60.836440 60.839120 60.857435 60.857710 60.878705"
Verification: PASS
