********** Results for Ftle**********
problem-size: 1048576
local-size: 256
num-iters: 500000
core-freq: 697
memory-freq: 877
device-name: Tesla V100-SXM2-16GB
sycl-implementation: LLVM CUDA (Intel DPC++)
throughput-metric: N/A
kernel-time-mean: 0.918721 [s]
kernel-time-stddev: 0.018592 [s]
kernel-time-median: 0.932209 [s]
kernel-time-min: 0.898345 [s]
kernel-time-samples: "0.898345 0.898364 0.932209 0.932331 0.932356"
kernel-time-throughput: N/A
run-time-mean: 0.932935 [s]
run-time-stddev: 0.023556 [s]
run-time-median: 0.945512 [s]
run-time-min: 0.906112 [s]
run-time-samples: "0.906112 0.908681 0.945512 0.949690 0.954682"
run-time-throughput: N/A
kernel-energy-mean: 54.507254 [J]
kernel-energy-stddev: 1.594968 [J]
kernel-energy-median: 55.170095 [J]
kernel-energy-min: 52.177775 [J]
kernel-energy-max: 55.818535 [J]
kernel-energy-samples: "52.177775 53.560820 55.170095 55.809045 55.818535"
Verification: PASS
