********** Results for Ftle**********
problem-size: 1048576
local-size: 256
num-iters: 500000
core-freq: 922
memory-freq: 877
device-name: Tesla V100-SXM2-16GB
sycl-implementation: LLVM CUDA (Intel DPC++)
throughput-metric: N/A
kernel-time-mean: 0.679074 [s]
kernel-time-stddev: 0.000027 [s]
kernel-time-median: 0.679087 [s]
kernel-time-min: 0.679028 [s]
kernel-time-samples: "0.679028 0.679069 0.679087 0.679090 0.679096"
kernel-time-throughput: N/A
run-time-mean: 0.689174 [s]
run-time-stddev: 0.002359 [s]
run-time-median: 0.687953 [s]
run-time-min: 0.687220 [s]
run-time-samples: "0.687220 0.687301 0.687953 0.691102 0.692292"
run-time-throughput: N/A
kernel-energy-mean: 45.762768 [J]
kernel-energy-stddev: 0.186232 [J]
kernel-energy-median: 45.708855 [J]
kernel-energy-min: 45.591695 [J]
kernel-energy-max: 45.979230 [J]
kernel-energy-samples: "45.591695 45.594310 45.708855 45.939750 45.979230"
Verification: PASS
