********** Results for Ftle**********
problem-size: 1048576
local-size: 256
num-iters: 500000
core-freq: 525
memory-freq: 877
device-name: Tesla V100-SXM2-16GB
sycl-implementation: LLVM CUDA (Intel DPC++)
throughput-metric: N/A
kernel-time-mean: 1.238924 [s]
kernel-time-stddev: 0.000414 [s]
kernel-time-median: 1.238750 [s]
kernel-time-min: 1.238699 [s]
kernel-time-samples: "1.238699 1.238707 1.238750 1.238802 1.239662"
kernel-time-throughput: N/A
run-time-mean: 1.256134 [s]
run-time-stddev: 0.003672 [s]
run-time-median: 1.257438 [s]
run-time-min: 1.249858 [s]
run-time-samples: "1.249858 1.256075 1.257438 1.258321 1.258976"
run-time-throughput: N/A
kernel-energy-mean: 64.729245 [J]
kernel-energy-stddev: 1.712246 [J]
kernel-energy-median: 65.742135 [J]
kernel-energy-min: 62.013310 [J]
kernel-energy-max: 66.037710 [J]
kernel-energy-samples: "62.013310 64.050475 65.742135 65.802595 66.037710"
Verification: PASS
