********** Results for Ftle**********
problem-size: 1048576
local-size: 256
num-iters: 500000
core-freq: 1500
memory-freq: 877
device-name: Tesla V100-SXM2-16GB
sycl-implementation: LLVM CUDA (Intel DPC++)
throughput-metric: N/A
kernel-time-mean: 0.432134 [s]
kernel-time-stddev: 0.000047 [s]
kernel-time-median: 0.432114 [s]
kernel-time-min: 0.432091 [s]
kernel-time-samples: "0.432091 0.432114 0.432114 0.432141 0.432212"
kernel-time-throughput: N/A
run-time-mean: 0.442690 [s]
run-time-stddev: 0.003487 [s]
run-time-median: 0.440602 [s]
run-time-min: 0.440401 [s]
run-time-samples: "0.440401 0.440543 0.440602 0.443390 0.448516"
run-time-throughput: N/A
kernel-energy-mean: 58.759490 [J]
kernel-energy-stddev: 0.471068 [J]
kernel-energy-median: 58.621690 [J]
kernel-energy-min: 58.440220 [J]
kernel-energy-max: 59.576890 [J]
kernel-energy-samples: "58.440220 58.449640 58.621690 58.709010 59.576890"
Verification: PASS
