********** Results for Ftle**********
problem-size: 1048576
local-size: 256
num-iters: 500000
core-freq: 1035
memory-freq: 877
device-name: Tesla V100-SXM2-16GB
sycl-implementation: LLVM CUDA (Intel DPC++)
throughput-metric: N/A
kernel-time-mean: 0.605264 [s]
kernel-time-stddev: 0.000005 [s]
kernel-time-median: 0.605266 [s]
kernel-time-min: 0.605257 [s]
kernel-time-samples: "0.605257 0.605261 0.605266 0.605266 0.605270"
kernel-time-throughput: N/A
run-time-mean: 0.615471 [s]
run-time-stddev: 0.002337 [s]
run-time-median: 0.614352 [s]
run-time-min: 0.613968 [s]
run-time-samples: "0.613968 0.614030 0.614352 0.615503 0.619504"
run-time-throughput: N/A
kernel-energy-mean: 47.126505 [J]
kernel-energy-stddev: 0.226733 [J]
kernel-energy-median: 47.012710 [J]
kernel-energy-min: 46.893335 [J]
kernel-energy-max: 47.374645 [J]
kernel-energy-samples: "46.893335 46.986370 47.012710 47.365465 47.374645"
Verification: PASS
