********** Results for Ftle**********
problem-size: 1048576
local-size: 256
num-iters: 500000
core-freq: 315
memory-freq: 877
device-name: Tesla V100-SXM2-16GB
sycl-implementation: LLVM CUDA (Intel DPC++)
throughput-metric: N/A
kernel-time-mean: 2.990012 [s]
kernel-time-stddev: 0.000209 [s]
kernel-time-median: 2.990023 [s]
kernel-time-min: 2.989713 [s]
kernel-time-samples: "2.989713 2.989917 2.990023 2.990170 2.990237"
kernel-time-throughput: N/A
run-time-mean: 3.001346 [s]
run-time-stddev: 0.001907 [s]
run-time-median: 3.001715 [s]
run-time-min: 2.999107 [s]
run-time-samples: "2.999107 2.999694 3.001715 3.002623 3.003590"
run-time-throughput: N/A
kernel-energy-mean: 108.823879 [J]
kernel-energy-stddev: 0.128130 [J]
kernel-energy-median: 108.741600 [J]
kernel-energy-min: 108.719220 [J]
kernel-energy-max: 108.980275 [J]
kernel-energy-samples: "108.719220 108.731865 108.741600 108.946435 108.980275"
Verification: PASS
