********** Results for Ftle**********
problem-size: 1048576
local-size: 256
num-iters: 500000
core-freq: 1425
memory-freq: 877
device-name: Tesla V100-SXM2-16GB
sycl-implementation: LLVM CUDA (Intel DPC++)
throughput-metric: N/A
kernel-time-mean: 0.447738 [s]
kernel-time-stddev: 0.009164 [s]
kernel-time-median: 0.454190 [s]
kernel-time-min: 0.437550 [s]
kernel-time-samples: "0.437550 0.437854 0.454190 0.454501 0.454595"
kernel-time-throughput: N/A
run-time-mean: 0.458774 [s]
run-time-stddev: 0.008576 [s]
run-time-median: 0.463008 [s]
run-time-min: 0.449008 [s]
run-time-samples: "0.449008 0.450334 0.463008 0.463305 0.468216"
run-time-throughput: N/A
kernel-energy-mean: 55.291365 [J]
kernel-energy-stddev: 0.455228 [J]
kernel-energy-median: 55.215925 [J]
kernel-energy-min: 54.766940 [J]
kernel-energy-max: 55.812520 [J]
kernel-energy-samples: "54.766940 54.960910 55.215925 55.700530 55.812520"
Verification: PASS
