********** Results for Ftle**********
problem-size: 1048576
local-size: 256
num-iters: 500000
core-freq: 435
memory-freq: 877
device-name: Tesla V100-SXM2-16GB
sycl-implementation: LLVM CUDA (Intel DPC++)
throughput-metric: N/A
kernel-time-mean: 2.989222 [s]
kernel-time-stddev: 0.000163 [s]
kernel-time-median: 2.989217 [s]
kernel-time-min: 2.989009 [s]
kernel-time-samples: "2.989009 2.989146 2.989217 2.989292 2.989445"
kernel-time-throughput: N/A
run-time-mean: 2.999091 [s]
run-time-stddev: 0.000529 [s]
run-time-median: 2.999185 [s]
run-time-min: 2.998468 [s]
run-time-samples: "2.998468 2.998698 2.999185 2.999283 2.999821"
run-time-throughput: N/A
kernel-energy-mean: 107.733360 [J]
kernel-energy-stddev: 2.154332 [J]
kernel-energy-median: 108.695510 [J]
kernel-energy-min: 103.879580 [J]
kernel-energy-max: 108.702290 [J]
kernel-energy-samples: "103.879580 108.690960 108.695510 108.698460 108.702290"
Verification: PASS
