********** Results for Ftle**********
problem-size: 1048576
local-size: 256
num-iters: 500000
core-freq: 577
memory-freq: 877
device-name: Tesla V100-SXM2-16GB
sycl-implementation: LLVM CUDA (Intel DPC++)
throughput-metric: N/A
kernel-time-mean: 1.127544 [s]
kernel-time-stddev: 0.000382 [s]
kernel-time-median: 1.127365 [s]
kernel-time-min: 1.127345 [s]
kernel-time-samples: "1.127345 1.127356 1.127365 1.127430 1.128226"
kernel-time-throughput: N/A
run-time-mean: 1.139882 [s]
run-time-stddev: 0.004846 [s]
run-time-median: 1.136775 [s]
run-time-min: 1.135609 [s]
run-time-samples: "1.135609 1.136697 1.136775 1.145011 1.145320"
run-time-throughput: N/A
kernel-energy-mean: 58.896309 [J]
kernel-energy-stddev: 0.094008 [J]
kernel-energy-median: 58.926820 [J]
kernel-energy-min: 58.730930 [J]
kernel-energy-max: 58.955215 [J]
kernel-energy-samples: "58.730930 58.915395 58.926820 58.953185 58.955215"
Verification: PASS
