********** Results for Ftle**********
problem-size: 1048576
local-size: 256
num-iters: 500000
core-freq: 825
memory-freq: 877
device-name: Tesla V100-SXM2-16GB
sycl-implementation: LLVM CUDA (Intel DPC++)
throughput-metric: N/A
kernel-time-mean: 0.759444 [s]
kernel-time-stddev: 0.000018 [s]
kernel-time-median: 0.759447 [s]
kernel-time-min: 0.759415 [s]
kernel-time-samples: "0.759415 0.759444 0.759447 0.759452 0.759464"
kernel-time-throughput: N/A
run-time-mean: 0.771061 [s]
run-time-stddev: 0.002545 [s]
run-time-median: 0.770470 [s]
run-time-min: 0.768820 [s]
run-time-samples: "0.768820 0.769467 0.770470 0.771246 0.775300"
run-time-throughput: N/A
kernel-energy-mean: 47.232505 [J]
kernel-energy-stddev: 0.153233 [J]
kernel-energy-median: 47.194330 [J]
kernel-energy-min: 47.107780 [J]
kernel-energy-max: 47.495235 [J]
kernel-energy-samples: "47.107780 47.144530 47.194330 47.220650 47.495235"
Verification: PASS
