********** Results for Ftle**********
problem-size: 1048576
local-size: 256
num-iters: 500000
core-freq: 277
memory-freq: 877
device-name: Tesla V100-SXM2-16GB
sycl-implementation: LLVM CUDA (Intel DPC++)
throughput-metric: N/A
kernel-time-mean: 2.989658 [s]
kernel-time-stddev: 0.000774 [s]
kernel-time-median: 2.989531 [s]
kernel-time-min: 2.988896 [s]
kernel-time-samples: "2.988896 2.988950 2.989531 2.990356 2.990558"
kernel-time-throughput: N/A
run-time-mean: 3.002210 [s]
run-time-stddev: 0.001551 [s]
run-time-median: 3.002607 [s]
run-time-min: 2.999613 [s]
run-time-samples: "2.999613 3.002092 3.002607 3.003318 3.003422"
run-time-throughput: N/A
kernel-energy-mean: 111.999408 [J]
kernel-energy-stddev: 0.499169 [J]
kernel-energy-median: 111.975705 [J]
kernel-energy-min: 111.255450 [J]
kernel-energy-max: 112.646595 [J]
kernel-energy-samples: "111.255450 111.968720 111.975705 112.150570 112.646595"
Verification: PASS
