********** Results for Ftle**********
problem-size: 1048576
local-size: 256
num-iters: 500000
core-freq: 967
memory-freq: 877
device-name: Tesla V100-SXM2-16GB
sycl-implementation: LLVM CUDA (Intel DPC++)
throughput-metric: N/A
kernel-time-mean: 0.662471 [s]
kernel-time-stddev: 0.013204 [s]
kernel-time-median: 0.672080 [s]
kernel-time-min: 0.647638 [s]
kernel-time-samples: "0.647638 0.648380 0.672080 0.672121 0.672136"
kernel-time-throughput: N/A
run-time-mean: 0.675808 [s]
run-time-stddev: 0.015307 [s]
run-time-median: 0.682941 [s]
run-time-min: 0.658657 [s]
run-time-samples: "0.658657 0.659930 0.682941 0.687227 0.690288"
run-time-throughput: N/A
kernel-energy-mean: 44.490625 [J]
kernel-energy-stddev: 0.590492 [J]
kernel-energy-median: 44.864910 [J]
kernel-energy-min: 43.817290 [J]
kernel-energy-max: 45.005235 [J]
kernel-energy-samples: "43.817290 43.876290 44.864910 44.889400 45.005235"
Verification: PASS
