********** Results for Ftle**********
problem-size: 1048576
local-size: 256
num-iters: 500000
core-freq: 360
memory-freq: 877
device-name: Tesla V100-SXM2-16GB
sycl-implementation: LLVM CUDA (Intel DPC++)
throughput-metric: N/A
kernel-time-mean: 2.937781 [s]
kernel-time-stddev: 0.000773 [s]
kernel-time-median: 2.937811 [s]
kernel-time-min: 2.936820 [s]
kernel-time-samples: "2.936820 2.937309 2.937811 2.938125 2.938841"
kernel-time-throughput: N/A
run-time-mean: 2.951328 [s]
run-time-stddev: 0.004052 [s]
run-time-median: 2.950091 [s]
run-time-min: 2.948267 [s]
run-time-samples: "2.948267 2.948589 2.950091 2.951491 2.958202"
run-time-throughput: N/A
kernel-energy-mean: 104.537802 [J]
kernel-energy-stddev: 0.804208 [J]
kernel-energy-median: 105.108240 [J]
kernel-energy-min: 103.433975 [J]
kernel-energy-max: 105.113895 [J]
kernel-energy-samples: "103.433975 103.920475 105.108240 105.112425 105.113895"
Verification: PASS
