********** Results for Ftle**********
problem-size: 1048576
local-size: 256
num-iters: 500000
core-freq: 307
memory-freq: 877
device-name: Tesla V100-SXM2-16GB
sycl-implementation: LLVM CUDA (Intel DPC++)
throughput-metric: N/A
kernel-time-mean: 3.032533 [s]
kernel-time-stddev: 0.001052 [s]
kernel-time-median: 3.032242 [s]
kernel-time-min: 3.031645 [s]
kernel-time-samples: "3.031645 3.031648 3.032242 3.033000 3.034131"
kernel-time-throughput: N/A
run-time-mean: 3.040614 [s]
run-time-stddev: 0.001666 [s]
run-time-median: 3.040209 [s]
run-time-min: 3.039475 [s]
run-time-samples: "3.039475 3.039544 3.040209 3.040328 3.043514"
run-time-throughput: N/A
kernel-energy-mean: 106.679994 [J]
kernel-energy-stddev: 0.531558 [J]
kernel-energy-median: 107.029430 [J]
kernel-energy-min: 105.844975 [J]
kernel-energy-max: 107.042335 [J]
kernel-energy-samples: "105.844975 106.448385 107.029430 107.034845 107.042335"
Verification: PASS
