********** Results for Ftle**********
problem-size: 1048576
local-size: 256
num-iters: 500000
core-freq: 457
memory-freq: 877
device-name: Tesla V100-SXM2-16GB
sycl-implementation: LLVM CUDA (Intel DPC++)
throughput-metric: N/A
kernel-time-mean: 1.427355 [s]
kernel-time-stddev: 0.000022 [s]
kernel-time-median: 1.427362 [s]
kernel-time-min: 1.427323 [s]
kernel-time-samples: "1.427323 1.427343 1.427362 1.427371 1.427376"
kernel-time-throughput: N/A
run-time-mean: 1.437552 [s]
run-time-stddev: 0.001577 [s]
run-time-median: 1.436862 [s]
run-time-min: 1.436277 [s]
run-time-samples: "1.436277 1.436399 1.436862 1.438205 1.440019"
run-time-throughput: N/A
kernel-energy-mean: 70.927477 [J]
kernel-energy-stddev: 0.899131 [J]
kernel-energy-median: 71.390165 [J]
kernel-energy-min: 69.574630 [J]
kernel-energy-max: 71.629875 [J]
kernel-energy-samples: "69.574630 70.438915 71.390165 71.603800 71.629875"
Verification: PASS
