********** Results for Ftle**********
problem-size: 1048576
local-size: 256
num-iters: 500000
core-freq: 772
memory-freq: 877
device-name: Tesla V100-SXM2-16GB
sycl-implementation: LLVM CUDA (Intel DPC++)
throughput-metric: N/A
kernel-time-mean: 0.841905 [s]
kernel-time-stddev: 0.000034 [s]
kernel-time-median: 0.841911 [s]
kernel-time-min: 0.841863 [s]
kernel-time-samples: "0.841863 0.841879 0.841911 0.841928 0.841944"
kernel-time-throughput: N/A
run-time-mean: 0.854307 [s]
run-time-stddev: 0.004950 [s]
run-time-median: 0.853417 [s]
run-time-min: 0.849697 [s]
run-time-samples: "0.849697 0.851414 0.853417 0.854482 0.862527"
run-time-throughput: N/A
kernel-energy-mean: 52.625347 [J]
kernel-energy-stddev: 0.152256 [J]
kernel-energy-median: 52.680710 [J]
kernel-energy-min: 52.354240 [J]
kernel-energy-max: 52.714245 [J]
kernel-energy-samples: "52.354240 52.678395 52.680710 52.699145 52.714245"
Verification: PASS
