********** Results for Ftle**********
problem-size: 1048576
local-size: 256
num-iters: 500000
core-freq: 397
memory-freq: 877
device-name: Tesla V100-SXM2-16GB
sycl-implementation: LLVM CUDA (Intel DPC++)
throughput-metric: N/A
kernel-time-mean: 3.069784 [s]
kernel-time-stddev: 0.001047 [s]
kernel-time-median: 3.069611 [s]
kernel-time-min: 3.068588 [s]
kernel-time-samples: "3.068588 3.069526 3.069611 3.069718 3.071474"
kernel-time-throughput: N/A
run-time-mean: 3.080932 [s]
run-time-stddev: 0.001984 [s]
run-time-median: 3.081693 [s]
run-time-min: 3.077966 [s]
run-time-samples: "3.077966 3.079898 3.081693 3.082388 3.082715"
run-time-throughput: N/A
kernel-energy-mean: 100.917593 [J]
kernel-energy-stddev: 1.775538 [J]
kernel-energy-median: 100.334645 [J]
kernel-energy-min: 99.693010 [J]
kernel-energy-max: 104.024155 [J]
kernel-energy-samples: "99.693010 99.896435 100.334645 100.639720 104.024155"
Verification: PASS
