********** Results for Ftle**********
problem-size: 1048576
local-size: 256
num-iters: 500000
core-freq: 202
memory-freq: 877
device-name: Tesla V100-SXM2-16GB
sycl-implementation: LLVM CUDA (Intel DPC++)
throughput-metric: N/A
kernel-time-mean: 5.875425 [s]
kernel-time-stddev: 0.001841 [s]
kernel-time-median: 5.875687 [s]
kernel-time-min: 5.873043 [s]
kernel-time-samples: "5.873043 5.874305 5.875687 5.876238 5.877854"
kernel-time-throughput: N/A
run-time-mean: 5.885619 [s]
run-time-stddev: 0.004056 [s]
run-time-median: 5.885372 [s]
run-time-min: 5.879918 [s]
run-time-samples: "5.879918 5.884908 5.885372 5.886650 5.891246"
run-time-throughput: N/A
kernel-energy-mean: 151.083295 [J]
kernel-energy-stddev: 2.252958 [J]
kernel-energy-median: 150.476285 [J]
kernel-energy-min: 148.956475 [J]
kernel-energy-max: 154.525670 [J]
kernel-energy-samples: "148.956475 149.442460 150.476285 152.015585 154.525670"
Verification: PASS
