********** Results for Ftle**********
problem-size: 1048576
local-size: 256
num-iters: 500000
core-freq: 600
memory-freq: 877
device-name: Tesla V100-SXM2-16GB
sycl-implementation: LLVM CUDA (Intel DPC++)
throughput-metric: N/A
kernel-time-mean: 1.084051 [s]
kernel-time-stddev: 0.000083 [s]
kernel-time-median: 1.084025 [s]
kernel-time-min: 1.083962 [s]
kernel-time-samples: "1.083962 1.084020 1.084025 1.084064 1.084184"
kernel-time-throughput: N/A
run-time-mean: 1.095662 [s]
run-time-stddev: 0.002462 [s]
run-time-median: 1.094481 [s]
run-time-min: 1.093746 [s]
run-time-samples: "1.093746 1.094330 1.094481 1.095924 1.099826"
run-time-throughput: N/A
kernel-energy-mean: 60.448328 [J]
kernel-energy-stddev: 0.739584 [J]
kernel-energy-median: 60.735480 [J]
kernel-energy-min: 59.131220 [J]
kernel-energy-max: 60.852050 [J]
kernel-energy-samples: "59.131220 60.685180 60.735480 60.837710 60.852050"
Verification: PASS
