********** Results for Ftle**********
problem-size: 1048576
local-size: 256
num-iters: 500000
core-freq: 892
memory-freq: 877
device-name: Tesla V100-SXM2-16GB
sycl-implementation: LLVM CUDA (Intel DPC++)
throughput-metric: N/A
kernel-time-mean: 0.702104 [s]
kernel-time-stddev: 0.000036 [s]
kernel-time-median: 0.702109 [s]
kernel-time-min: 0.702068 [s]
kernel-time-samples: "0.702068 0.702071 0.702109 0.702115 0.702155"
kernel-time-throughput: N/A
run-time-mean: 0.712876 [s]
run-time-stddev: 0.000360 [s]
run-time-median: 0.712839 [s]
run-time-min: 0.712480 [s]
run-time-samples: "0.712480 0.712609 0.712839 0.713076 0.713375"
run-time-throughput: N/A
kernel-energy-mean: 45.892493 [J]
kernel-energy-stddev: 0.028203 [J]
kernel-energy-median: 45.892075 [J]
kernel-energy-min: 45.863310 [J]
kernel-energy-max: 45.924390 [J]
kernel-energy-samples: "45.863310 45.865755 45.892075 45.916935 45.924390"
Verification: PASS
