********** Results for Ftle**********
problem-size: 1048576
local-size: 256
num-iters: 500000
core-freq: 1140
memory-freq: 877
device-name: Tesla V100-SXM2-16GB
sycl-implementation: LLVM CUDA (Intel DPC++)
throughput-metric: N/A
kernel-time-mean: 0.546339 [s]
kernel-time-stddev: 0.000258 [s]
kernel-time-median: 0.546299 [s]
kernel-time-min: 0.546080 [s]
kernel-time-samples: "0.546080 0.546164 0.546299 0.546413 0.546740"
kernel-time-throughput: N/A
run-time-mean: 0.561130 [s]
run-time-stddev: 0.003530 [s]
run-time-median: 0.560111 [s]
run-time-min: 0.557548 [s]
run-time-samples: "0.557548 0.558499 0.560111 0.563543 0.565949"
run-time-throughput: N/A
kernel-energy-mean: 47.746865 [J]
kernel-energy-stddev: 0.473162 [J]
kernel-energy-median: 47.710865 [J]
kernel-energy-min: 47.257315 [J]
kernel-energy-max: 48.249340 [J]
kernel-energy-samples: "47.257315 47.310170 47.710865 48.206635 48.249340"
Verification: PASS
