********** Results for Ftle**********
problem-size: 1048576
local-size: 256
num-iters: 500000
core-freq: 1192
memory-freq: 877
device-name: Tesla V100-SXM2-16GB
sycl-implementation: LLVM CUDA (Intel DPC++)
throughput-metric: N/A
kernel-time-mean: 0.541454 [s]
kernel-time-stddev: 0.008949 [s]
kernel-time-median: 0.545296 [s]
kernel-time-min: 0.525454 [s]
kernel-time-samples: "0.525454 0.545260 0.545296 0.545312 0.545949"
kernel-time-throughput: N/A
run-time-mean: 0.554023 [s]
run-time-stddev: 0.006673 [s]
run-time-median: 0.556463 [s]
run-time-min: 0.542430 [s]
run-time-samples: "0.542430 0.555148 0.556463 0.556574 0.559498"
run-time-throughput: N/A
kernel-energy-mean: 46.685237 [J]
kernel-energy-stddev: 0.760629 [J]
kernel-energy-median: 46.953945 [J]
kernel-energy-min: 45.332305 [J]
kernel-energy-max: 47.122620 [J]
kernel-energy-samples: "45.332305 46.934185 46.953945 47.083130 47.122620"
Verification: PASS
