********** Results for Geometric mean**********
problem-size: 16384
local-size: 256
num-iters: 200000
core-freq: 982
memory-freq: 877
device-name: Tesla V100-SXM2-16GB
sycl-implementation: LLVM CUDA (Intel DPC++)
Host mean is 36768.804688
Device mean is 36738.941406
Host mean is 36768.804688
Device mean is 36738.941406
Host mean is 36768.804688
Device mean is 36738.941406
Host mean is 36768.804688
Device mean is 36738.941406
Host mean is 36768.804688
Device mean is 36738.941406
throughput-metric: N/A
kernel-time-mean: 0.511824 [s]
kernel-time-stddev: 0.000277 [s]
kernel-time-median: 0.511931 [s]
kernel-time-min: 0.511450 [s]
kernel-time-samples: "0.511450 0.511630 0.511931 0.511981 0.512128"
kernel-time-throughput: N/A
run-time-mean: 0.522151 [s]
run-time-stddev: 0.001481 [s]
run-time-median: 0.522310 [s]
run-time-min: 0.520342 [s]
run-time-samples: "0.520342 0.520958 0.522310 0.523507 0.523638"
run-time-throughput: N/A
kernel-energy-mean: 34.310991 [J]
kernel-energy-stddev: 0.167621 [J]
kernel-energy-median: 34.211360 [J]
kernel-energy-min: 34.170920 [J]
kernel-energy-max: 34.521075 [J]
kernel-energy-samples: "34.170920 34.187475 34.211360 34.464125 34.521075"
Verification: PASS
