********** Results for Geometric mean**********
problem-size: 16384
local-size: 256
num-iters: 200000
core-freq: 1095
memory-freq: 877
device-name: Tesla V100-SXM2-16GB
sycl-implementation: LLVM CUDA (Intel DPC++)
Host mean is 36768.804688
Device mean is 36738.941406
Host mean is 36768.804688
Device mean is 36738.941406
Host mean is 36768.804688
Device mean is 36738.941406
Host mean is 36768.804688
Device mean is 36738.941406
Host mean is 36768.804688
Device mean is 36738.941406
throughput-metric: N/A
kernel-time-mean: 0.455913 [s]
kernel-time-stddev: 0.000056 [s]
kernel-time-median: 0.455897 [s]
kernel-time-min: 0.455862 [s]
kernel-time-samples: "0.455862 0.455866 0.455897 0.455944 0.455995"
kernel-time-throughput: N/A
run-time-mean: 0.466703 [s]
run-time-stddev: 0.003367 [s]
run-time-median: 0.465664 [s]
run-time-min: 0.463866 [s]
run-time-samples: "0.463866 0.464131 0.465664 0.467827 0.472027"
run-time-throughput: N/A
kernel-energy-mean: 35.110499 [J]
kernel-energy-stddev: 0.070512 [J]
kernel-energy-median: 35.124400 [J]
kernel-energy-min: 35.018945 [J]
kernel-energy-max: 35.183200 [J]
kernel-energy-samples: "35.018945 35.058135 35.124400 35.167815 35.183200"
Verification: PASS
