********** Results for Geometric mean**********
problem-size: 16384
local-size: 256
num-iters: 200000
core-freq: 765
memory-freq: 877
device-name: Tesla V100-SXM2-16GB
sycl-implementation: LLVM CUDA (Intel DPC++)
Host mean is 36768.804688
Device mean is 36738.941406
Host mean is 36768.804688
Device mean is 36738.941406
Host mean is 36768.804688
Device mean is 36738.941406
Host mean is 36768.804688
Device mean is 36738.941406
Host mean is 36768.804688
Device mean is 36738.941406
throughput-metric: N/A
kernel-time-mean: 0.657037 [s]
kernel-time-stddev: 0.000045 [s]
kernel-time-median: 0.657045 [s]
kernel-time-min: 0.656970 [s]
kernel-time-samples: "0.656970 0.657031 0.657045 0.657045 0.657095"
kernel-time-throughput: N/A
run-time-mean: 0.666403 [s]
run-time-stddev: 0.001922 [s]
run-time-median: 0.665643 [s]
run-time-min: 0.664832 [s]
run-time-samples: "0.664832 0.665078 0.665643 0.666951 0.669513"
run-time-throughput: N/A
kernel-energy-mean: 37.322906 [J]
kernel-energy-stddev: 0.136219 [J]
kernel-energy-median: 37.232465 [J]
kernel-energy-min: 37.220265 [J]
kernel-energy-max: 37.507235 [J]
kernel-energy-samples: "37.220265 37.223620 37.232465 37.430945 37.507235"
Verification: PASS
