********** Results for Geometric mean**********
problem-size: 16384
local-size: 256
num-iters: 200000
core-freq: 1117
memory-freq: 877
device-name: Tesla V100-SXM2-16GB
sycl-implementation: LLVM CUDA (Intel DPC++)
Host mean is 36768.804688
Device mean is 36738.941406
Host mean is 36768.804688
Device mean is 36738.941406
Host mean is 36768.804688
Device mean is 36738.941406
Host mean is 36768.804688
Device mean is 36738.941406
Host mean is 36768.804688
Device mean is 36738.941406
throughput-metric: N/A
kernel-time-mean: 0.449819 [s]
kernel-time-stddev: 0.000072 [s]
kernel-time-median: 0.449798 [s]
kernel-time-min: 0.449758 [s]
kernel-time-samples: "0.449758 0.449771 0.449798 0.449830 0.449937"
kernel-time-throughput: N/A
run-time-mean: 0.460403 [s]
run-time-stddev: 0.001580 [s]
run-time-median: 0.459942 [s]
run-time-min: 0.458561 [s]
run-time-samples: "0.458561 0.459417 0.459942 0.461990 0.462103"
run-time-throughput: N/A
kernel-energy-mean: 33.495764 [J]
kernel-energy-stddev: 0.020241 [J]
kernel-energy-median: 33.494805 [J]
kernel-energy-min: 33.468645 [J]
kernel-energy-max: 33.518175 [J]
kernel-energy-samples: "33.468645 33.484740 33.494805 33.512455 33.518175"
Verification: PASS
