********** Results for Geometric mean**********
problem-size: 16384
local-size: 256
num-iters: 200000
core-freq: 697
memory-freq: 877
device-name: Tesla V100-SXM2-16GB
sycl-implementation: LLVM CUDA (Intel DPC++)
Host mean is 36768.804688
Device mean is 36738.941406
Host mean is 36768.804688
Device mean is 36738.941406
Host mean is 36768.804688
Device mean is 36738.941406
Host mean is 36768.804688
Device mean is 36738.941406
Host mean is 36768.804688
Device mean is 36738.941406
throughput-metric: N/A
kernel-time-mean: 0.720736 [s]
kernel-time-stddev: 0.000038 [s]
kernel-time-median: 0.720750 [s]
kernel-time-min: 0.720677 [s]
kernel-time-samples: "0.720677 0.720721 0.720750 0.720763 0.720768"
kernel-time-throughput: N/A
run-time-mean: 0.733844 [s]
run-time-stddev: 0.004652 [s]
run-time-median: 0.732324 [s]
run-time-min: 0.729885 [s]
run-time-samples: "0.729885 0.730533 0.732324 0.735154 0.741321"
run-time-throughput: N/A
kernel-energy-mean: 41.346011 [J]
kernel-energy-stddev: 0.441445 [J]
kernel-energy-median: 41.194810 [J]
kernel-energy-min: 41.011160 [J]
kernel-energy-max: 42.120245 [J]
kernel-energy-samples: "41.011160 41.159810 41.194810 41.244030 42.120245"
Verification: PASS
