********** Results for Geometric mean**********
problem-size: 16384
local-size: 256
num-iters: 200000
core-freq: 562
memory-freq: 877
device-name: Tesla V100-SXM2-16GB
sycl-implementation: LLVM CUDA (Intel DPC++)
Host mean is 36768.804688
Device mean is 36738.941406
Host mean is 36768.804688
Device mean is 36738.941406
Host mean is 36768.804688
Device mean is 36738.941406
Host mean is 36768.804688
Device mean is 36738.941406
Host mean is 36768.804688
Device mean is 36738.941406
throughput-metric: N/A
kernel-time-mean: 0.895110 [s]
kernel-time-stddev: 0.000312 [s]
kernel-time-median: 0.894976 [s]
kernel-time-min: 0.894916 [s]
kernel-time-samples: "0.894916 0.894920 0.894976 0.895083 0.895654"
kernel-time-throughput: N/A
run-time-mean: 0.907353 [s]
run-time-stddev: 0.003054 [s]
run-time-median: 0.906866 [s]
run-time-min: 0.905008 [s]
run-time-samples: "0.905008 0.905076 0.906866 0.907323 0.912489"
run-time-throughput: N/A
kernel-energy-mean: 46.242819 [J]
kernel-energy-stddev: 1.430210 [J]
kernel-energy-median: 47.023415 [J]
kernel-energy-min: 43.855750 [J]
kernel-energy-max: 47.240925 [J]
kernel-energy-samples: "43.855750 45.958230 47.023415 47.135775 47.240925"
Verification: PASS
