********** Results for Geometric mean**********
problem-size: 16384
local-size: 256
num-iters: 200000
core-freq: 1372
memory-freq: 877
device-name: Tesla V100-SXM2-16GB
sycl-implementation: LLVM CUDA (Intel DPC++)
Host mean is 36768.804688
Device mean is 36738.941406
Host mean is 36768.804688
Device mean is 36738.941406
Host mean is 36768.804688
Device mean is 36738.941406
Host mean is 36768.804688
Device mean is 36738.941406
Host mean is 36768.804688
Device mean is 36738.941406
throughput-metric: N/A
kernel-time-mean: 0.365778 [s]
kernel-time-stddev: 0.000032 [s]
kernel-time-median: 0.365775 [s]
kernel-time-min: 0.365734 [s]
kernel-time-samples: "0.365734 0.365768 0.365775 0.365792 0.365820"
kernel-time-throughput: N/A
run-time-mean: 0.377317 [s]
run-time-stddev: 0.002649 [s]
run-time-median: 0.376758 [s]
run-time-min: 0.374974 [s]
run-time-samples: "0.374974 0.375745 0.376758 0.377341 0.381766"
run-time-throughput: N/A
kernel-energy-mean: 38.835926 [J]
kernel-energy-stddev: 0.736016 [J]
kernel-energy-median: 39.192725 [J]
kernel-energy-min: 38.024180 [J]
kernel-energy-max: 39.461810 [J]
kernel-energy-samples: "38.024180 38.052495 39.192725 39.448420 39.461810"
Verification: PASS
