********** Results for Geometric mean**********
problem-size: 16384
local-size: 256
num-iters: 200000
core-freq: 465
memory-freq: 877
device-name: Tesla V100-SXM2-16GB
sycl-implementation: LLVM CUDA (Intel DPC++)
Host mean is 36768.804688
Device mean is 36738.941406
Host mean is 36768.804688
Device mean is 36738.941406
Host mean is 36768.804688
Device mean is 36738.941406
Host mean is 36768.804688
Device mean is 36738.941406
Host mean is 36768.804688
Device mean is 36738.941406
throughput-metric: N/A
kernel-time-mean: 2.169527 [s]
kernel-time-stddev: 0.000286 [s]
kernel-time-median: 2.169387 [s]
kernel-time-min: 2.169333 [s]
kernel-time-samples: "2.169333 2.169369 2.169387 2.169524 2.170022"
kernel-time-throughput: N/A
run-time-mean: 2.180661 [s]
run-time-stddev: 0.002529 [s]
run-time-median: 2.182087 [s]
run-time-min: 2.177506 [s]
run-time-samples: "2.177506 2.178340 2.182087 2.182664 2.182709"
run-time-throughput: N/A
kernel-energy-mean: 77.623796 [J]
kernel-energy-stddev: 1.743249 [J]
kernel-energy-median: 78.458000 [J]
kernel-energy-min: 74.584240 [J]
kernel-energy-max: 78.681010 [J]
kernel-energy-samples: "74.584240 77.726665 78.458000 78.669065 78.681010"
Verification: PASS
