********** Results for Geometric mean**********
problem-size: 16384
local-size: 256
num-iters: 200000
core-freq: 360
memory-freq: 877
device-name: Tesla V100-SXM2-16GB
sycl-implementation: LLVM CUDA (Intel DPC++)
Host mean is 36768.804688
Device mean is 36738.941406
Host mean is 36768.804688
Device mean is 36738.941406
Host mean is 36768.804688
Device mean is 36738.941406
Host mean is 36768.804688
Device mean is 36738.941406
Host mean is 36768.804688
Device mean is 36738.941406
throughput-metric: N/A
kernel-time-mean: 2.332459 [s]
kernel-time-stddev: 0.000988 [s]
kernel-time-median: 2.332263 [s]
kernel-time-min: 2.331527 [s]
kernel-time-samples: "2.331527 2.331811 2.332263 2.332640 2.334053"
kernel-time-throughput: N/A
run-time-mean: 2.342444 [s]
run-time-stddev: 0.001779 [s]
run-time-median: 2.341585 [s]
run-time-min: 2.340554 [s]
run-time-samples: "2.340554 2.341472 2.341585 2.343811 2.344796"
run-time-throughput: N/A
kernel-energy-mean: 81.989822 [J]
kernel-energy-stddev: 0.099136 [J]
kernel-energy-median: 82.026855 [J]
kernel-energy-min: 81.813695 [J]
kernel-energy-max: 82.047205 [J]
kernel-energy-samples: "81.813695 82.018675 82.026855 82.042680 82.047205"
Verification: PASS
