********** Results for Geometric mean**********
problem-size: 16384
local-size: 256
num-iters: 200000
core-freq: 1380
memory-freq: 877
device-name: Tesla V100-SXM2-16GB
sycl-implementation: LLVM CUDA (Intel DPC++)
Host mean is 36768.804688
Device mean is 36738.941406
Host mean is 36768.804688
Device mean is 36738.941406
Host mean is 36768.804688
Device mean is 36738.941406
Host mean is 36768.804688
Device mean is 36738.941406
Host mean is 36768.804688
Device mean is 36738.941406
throughput-metric: N/A
kernel-time-mean: 0.362273 [s]
kernel-time-stddev: 0.000188 [s]
kernel-time-median: 0.362223 [s]
kernel-time-min: 0.362096 [s]
kernel-time-samples: "0.362096 0.362104 0.362223 0.362449 0.362492"
kernel-time-throughput: N/A
run-time-mean: 0.374507 [s]
run-time-stddev: 0.000938 [s]
run-time-median: 0.374316 [s]
run-time-min: 0.373632 [s]
run-time-samples: "0.373632 0.374053 0.374316 0.374443 0.376090"
run-time-throughput: N/A
kernel-energy-mean: 40.982572 [J]
kernel-energy-stddev: 0.276762 [J]
kernel-energy-median: 40.802305 [J]
kernel-energy-min: 40.746560 [J]
kernel-energy-max: 41.299395 [J]
kernel-energy-samples: "40.746560 40.794740 40.802305 41.269860 41.299395"
Verification: PASS
