********** Results for Geometric mean**********
problem-size: 16384
local-size: 256
num-iters: 200000
core-freq: 1200
memory-freq: 877
device-name: Tesla V100-SXM2-16GB
sycl-implementation: LLVM CUDA (Intel DPC++)
Host mean is 36768.804688
Device mean is 36738.941406
Host mean is 36768.804688
Device mean is 36738.941406
Host mean is 36768.804688
Device mean is 36738.941406
Host mean is 36768.804688
Device mean is 36738.941406
Host mean is 36768.804688
Device mean is 36738.941406
throughput-metric: N/A
kernel-time-mean: 0.418435 [s]
kernel-time-stddev: 0.000045 [s]
kernel-time-median: 0.418446 [s]
kernel-time-min: 0.418367 [s]
kernel-time-samples: "0.418367 0.418420 0.418446 0.418450 0.418490"
kernel-time-throughput: N/A
run-time-mean: 0.430271 [s]
run-time-stddev: 0.000778 [s]
run-time-median: 0.430449 [s]
run-time-min: 0.429446 [s]
run-time-samples: "0.429446 0.429555 0.430449 0.430585 0.431318"
run-time-throughput: N/A
kernel-energy-mean: 35.809170 [J]
kernel-energy-stddev: 1.366997 [J]
kernel-energy-median: 36.426800 [J]
kernel-energy-min: 33.364885 [J]
kernel-energy-max: 36.453285 [J]
kernel-energy-samples: "33.364885 36.352245 36.426800 36.448635 36.453285"
Verification: PASS
