********** Results for Geometric mean**********
problem-size: 16384
local-size: 256
num-iters: 200000
core-freq: 802
memory-freq: 877
device-name: Tesla V100-SXM2-16GB
sycl-implementation: LLVM CUDA (Intel DPC++)
Host mean is 36768.804688
Device mean is 36738.941406
Host mean is 36768.804688
Device mean is 36738.941406
Host mean is 36768.804688
Device mean is 36738.941406
Host mean is 36768.804688
Device mean is 36738.941406
Host mean is 36768.804688
Device mean is 36738.941406
throughput-metric: N/A
kernel-time-mean: 0.625946 [s]
kernel-time-stddev: 0.000041 [s]
kernel-time-median: 0.625928 [s]
kernel-time-min: 0.625917 [s]
kernel-time-samples: "0.625917 0.625928 0.625928 0.625941 0.626018"
kernel-time-throughput: N/A
run-time-mean: 0.636796 [s]
run-time-stddev: 0.001642 [s]
run-time-median: 0.635874 [s]
run-time-min: 0.635573 [s]
run-time-samples: "0.635573 0.635700 0.635874 0.637419 0.639412"
run-time-throughput: N/A
kernel-energy-mean: 36.602077 [J]
kernel-energy-stddev: 0.931939 [J]
kernel-energy-median: 37.012750 [J]
kernel-energy-min: 34.936820 [J]
kernel-energy-max: 37.066600 [J]
kernel-energy-samples: "34.936820 36.950045 37.012750 37.044170 37.066600"
Verification: PASS
