********** Results for Geometric mean**********
problem-size: 16384
local-size: 256
num-iters: 200000
core-freq: 1125
memory-freq: 877
device-name: Tesla V100-SXM2-16GB
sycl-implementation: LLVM CUDA (Intel DPC++)
Host mean is 36768.804688
Device mean is 36738.941406
Host mean is 36768.804688
Device mean is 36738.941406
Host mean is 36768.804688
Device mean is 36738.941406
Host mean is 36768.804688
Device mean is 36738.941406
Host mean is 36768.804688
Device mean is 36738.941406
throughput-metric: N/A
kernel-time-mean: 0.446296 [s]
kernel-time-stddev: 0.000261 [s]
kernel-time-median: 0.446220 [s]
kernel-time-min: 0.446066 [s]
kernel-time-samples: "0.446066 0.446218 0.446220 0.446231 0.446748"
kernel-time-throughput: N/A
run-time-mean: 0.457910 [s]
run-time-stddev: 0.003419 [s]
run-time-median: 0.457191 [s]
run-time-min: 0.455040 [s]
run-time-samples: "0.455040 0.455890 0.457191 0.457700 0.463731"
run-time-throughput: N/A
kernel-energy-mean: 35.378285 [J]
kernel-energy-stddev: 0.221234 [J]
kernel-energy-median: 35.471205 [J]
kernel-energy-min: 35.107885 [J]
kernel-energy-max: 35.628815 [J]
kernel-energy-samples: "35.107885 35.185885 35.471205 35.497635 35.628815"
Verification: PASS
