********** Results for Geometric mean**********
problem-size: 16384
local-size: 256
num-iters: 200000
core-freq: 1147
memory-freq: 877
device-name: Tesla V100-SXM2-16GB
sycl-implementation: LLVM CUDA (Intel DPC++)
Host mean is 36768.804688
Device mean is 36738.941406
Host mean is 36768.804688
Device mean is 36738.941406
Host mean is 36768.804688
Device mean is 36738.941406
Host mean is 36768.804688
Device mean is 36738.941406
Host mean is 36768.804688
Device mean is 36738.941406
throughput-metric: N/A
kernel-time-mean: 0.438688 [s]
kernel-time-stddev: 0.000426 [s]
kernel-time-median: 0.438648 [s]
kernel-time-min: 0.438216 [s]
kernel-time-samples: "0.438216 0.438348 0.438648 0.439010 0.439218"
kernel-time-throughput: N/A
run-time-mean: 0.449441 [s]
run-time-stddev: 0.002252 [s]
run-time-median: 0.448788 [s]
run-time-min: 0.447250 [s]
run-time-samples: "0.447250 0.448593 0.448788 0.449345 0.453226"
run-time-throughput: N/A
kernel-energy-mean: 33.576124 [J]
kernel-energy-stddev: 0.054883 [J]
kernel-energy-median: 33.579300 [J]
kernel-energy-min: 33.514025 [J]
kernel-energy-max: 33.649840 [J]
kernel-energy-samples: "33.514025 33.532405 33.579300 33.605050 33.649840"
Verification: PASS
