********** Results for Geometric mean**********
problem-size: 16384
local-size: 256
num-iters: 200000
core-freq: 1402
memory-freq: 877
device-name: Tesla V100-SXM2-16GB
sycl-implementation: LLVM CUDA (Intel DPC++)
Host mean is 36768.804688
Device mean is 36738.941406
Host mean is 36768.804688
Device mean is 36738.941406
Host mean is 36768.804688
Device mean is 36738.941406
Host mean is 36768.804688
Device mean is 36738.941406
Host mean is 36768.804688
Device mean is 36738.941406
throughput-metric: N/A
kernel-time-mean: 0.358677 [s]
kernel-time-stddev: 0.000065 [s]
kernel-time-median: 0.358691 [s]
kernel-time-min: 0.358604 [s]
kernel-time-samples: "0.358604 0.358617 0.358691 0.358718 0.358755"
kernel-time-throughput: N/A
run-time-mean: 0.372277 [s]
run-time-stddev: 0.001168 [s]
run-time-median: 0.372538 [s]
run-time-min: 0.370447 [s]
run-time-samples: "0.370447 0.372134 0.372538 0.372608 0.373658"
run-time-throughput: N/A
kernel-energy-mean: 39.394101 [J]
kernel-energy-stddev: 0.467324 [J]
kernel-energy-median: 39.448875 [J]
kernel-energy-min: 38.756190 [J]
kernel-energy-max: 40.055825 [J]
kernel-energy-samples: "38.756190 39.248345 39.448875 39.461270 40.055825"
Verification: PASS
