********** Results for Geometric mean**********
problem-size: 16384
local-size: 256
num-iters: 200000
core-freq: 532
memory-freq: 877
device-name: Tesla V100-SXM2-16GB
sycl-implementation: LLVM CUDA (Intel DPC++)
Host mean is 36768.804688
Device mean is 36738.941406
Host mean is 36768.804688
Device mean is 36738.941406
Host mean is 36768.804688
Device mean is 36738.941406
Host mean is 36768.804688
Device mean is 36738.941406
Host mean is 36768.804688
Device mean is 36738.941406
throughput-metric: N/A
kernel-time-mean: 0.948148 [s]
kernel-time-stddev: 0.000318 [s]
kernel-time-median: 0.948086 [s]
kernel-time-min: 0.947932 [s]
kernel-time-samples: "0.947932 0.947934 0.948086 0.948087 0.948700"
kernel-time-throughput: N/A
run-time-mean: 0.960365 [s]
run-time-stddev: 0.003624 [s]
run-time-median: 0.959212 [s]
run-time-min: 0.957734 [s]
run-time-samples: "0.957734 0.957956 0.959212 0.960356 0.966568"
run-time-throughput: N/A
kernel-energy-mean: 48.876305 [J]
kernel-energy-stddev: 0.015658 [J]
kernel-energy-median: 48.875305 [J]
kernel-energy-min: 48.858500 [J]
kernel-energy-max: 48.895775 [J]
kernel-energy-samples: "48.858500 48.864070 48.875305 48.887875 48.895775"
Verification: PASS
