********** Results for Geometric mean**********
problem-size: 16384
local-size: 256
num-iters: 200000
core-freq: 367
memory-freq: 877
device-name: Tesla V100-SXM2-16GB
sycl-implementation: LLVM CUDA (Intel DPC++)
Host mean is 36768.804688
Device mean is 36738.941406
Host mean is 36768.804688
Device mean is 36738.941406
Host mean is 36768.804688
Device mean is 36738.941406
Host mean is 36768.804688
Device mean is 36738.941406
Host mean is 36768.804688
Device mean is 36738.941406
throughput-metric: N/A
kernel-time-mean: 2.313035 [s]
kernel-time-stddev: 0.000173 [s]
kernel-time-median: 2.313011 [s]
kernel-time-min: 2.312858 [s]
kernel-time-samples: "2.312858 2.312928 2.313011 2.313070 2.313309"
kernel-time-throughput: N/A
run-time-mean: 2.322603 [s]
run-time-stddev: 0.002160 [s]
run-time-median: 2.322435 [s]
run-time-min: 2.319900 [s]
run-time-samples: "2.319900 2.321167 2.322435 2.324750 2.324761"
run-time-throughput: N/A
kernel-energy-mean: 80.209139 [J]
kernel-energy-stddev: 0.162518 [J]
kernel-energy-median: 80.208340 [J]
kernel-energy-min: 79.970360 [J]
kernel-energy-max: 80.428475 [J]
kernel-energy-samples: "79.970360 80.206630 80.208340 80.231890 80.428475"
Verification: PASS
