********** Results for Geometric mean**********
problem-size: 16384
local-size: 256
num-iters: 200000
core-freq: 307
memory-freq: 877
device-name: Tesla V100-SXM2-16GB
sycl-implementation: LLVM CUDA (Intel DPC++)
Host mean is 36768.804688
Device mean is 36738.941406
Host mean is 36768.804688
Device mean is 36738.941406
Host mean is 36768.804688
Device mean is 36738.941406
Host mean is 36768.804688
Device mean is 36738.941406
Host mean is 36768.804688
Device mean is 36738.941406
throughput-metric: N/A
kernel-time-mean: 2.389910 [s]
kernel-time-stddev: 0.000253 [s]
kernel-time-median: 2.389924 [s]
kernel-time-min: 2.389635 [s]
kernel-time-samples: "2.389635 2.389673 2.389924 2.390153 2.390167"
kernel-time-throughput: N/A
run-time-mean: 2.401785 [s]
run-time-stddev: 0.002417 [s]
run-time-median: 2.401796 [s]
run-time-min: 2.398302 [s]
run-time-samples: "2.398302 2.401608 2.401796 2.402103 2.405116"
run-time-throughput: N/A
kernel-energy-mean: 82.978693 [J]
kernel-energy-stddev: 0.093721 [J]
kernel-energy-median: 83.013650 [J]
kernel-energy-min: 82.811495 [J]
kernel-energy-max: 83.028575 [J]
kernel-energy-samples: "82.811495 83.013640 83.013650 83.026105 83.028575"
Verification: PASS
