********** Results for Geometric mean**********
problem-size: 16384
local-size: 256
num-iters: 200000
core-freq: 1065
memory-freq: 877
device-name: Tesla V100-SXM2-16GB
sycl-implementation: LLVM CUDA (Intel DPC++)
Host mean is 36768.804688
Device mean is 36738.941406
Host mean is 36768.804688
Device mean is 36738.941406
Host mean is 36768.804688
Device mean is 36738.941406
Host mean is 36768.804688
Device mean is 36738.941406
Host mean is 36768.804688
Device mean is 36738.941406
throughput-metric: N/A
kernel-time-mean: 0.470212 [s]
kernel-time-stddev: 0.000974 [s]
kernel-time-median: 0.470443 [s]
kernel-time-min: 0.469070 [s]
kernel-time-samples: "0.469070 0.469320 0.470443 0.471021 0.471205"
kernel-time-throughput: N/A
run-time-mean: 0.481711 [s]
run-time-stddev: 0.002317 [s]
run-time-median: 0.481144 [s]
run-time-min: 0.478824 [s]
run-time-samples: "0.478824 0.480465 0.481144 0.483739 0.484385"
run-time-throughput: N/A
kernel-energy-mean: 35.210577 [J]
kernel-energy-stddev: 0.194316 [J]
kernel-energy-median: 35.331940 [J]
kernel-energy-min: 34.980635 [J]
kernel-energy-max: 35.379600 [J]
kernel-energy-samples: "34.980635 35.017510 35.331940 35.343200 35.379600"
Verification: PASS
