********** Results for Geometric mean**********
problem-size: 16384
local-size: 256
num-iters: 200000
core-freq: 1500
memory-freq: 877
device-name: Tesla V100-SXM2-16GB
sycl-implementation: LLVM CUDA (Intel DPC++)
Host mean is 36768.804688
Device mean is 36738.941406
Host mean is 36768.804688
Device mean is 36738.941406
Host mean is 36768.804688
Device mean is 36738.941406
Host mean is 36768.804688
Device mean is 36738.941406
Host mean is 36768.804688
Device mean is 36738.941406
throughput-metric: N/A
kernel-time-mean: 0.334855 [s]
kernel-time-stddev: 0.000087 [s]
kernel-time-median: 0.334836 [s]
kernel-time-min: 0.334756 [s]
kernel-time-samples: "0.334756 0.334794 0.334836 0.334922 0.334966"
kernel-time-throughput: N/A
run-time-mean: 0.348068 [s]
run-time-stddev: 0.001378 [s]
run-time-median: 0.348379 [s]
run-time-min: 0.346434 [s]
run-time-samples: "0.346434 0.346994 0.348379 0.348634 0.349900"
run-time-throughput: N/A
kernel-energy-mean: 42.539650 [J]
kernel-energy-stddev: 0.660988 [J]
kernel-energy-median: 42.155865 [J]
kernel-energy-min: 42.037840 [J]
kernel-energy-max: 43.561290 [J]
kernel-energy-samples: "42.037840 42.087235 42.155865 42.856020 43.561290"
Verification: PASS
