********** Results for Geometric mean**********
problem-size: 16384
local-size: 256
num-iters: 200000
core-freq: 1162
memory-freq: 877
device-name: Tesla V100-SXM2-16GB
sycl-implementation: LLVM CUDA (Intel DPC++)
Host mean is 36768.804688
Device mean is 36738.941406
Host mean is 36768.804688
Device mean is 36738.941406
Host mean is 36768.804688
Device mean is 36738.941406
Host mean is 36768.804688
Device mean is 36738.941406
Host mean is 36768.804688
Device mean is 36738.941406
throughput-metric: N/A
kernel-time-mean: 0.432684 [s]
kernel-time-stddev: 0.000409 [s]
kernel-time-median: 0.432651 [s]
kernel-time-min: 0.432182 [s]
kernel-time-samples: "0.432182 0.432427 0.432651 0.432940 0.433219"
kernel-time-throughput: N/A
run-time-mean: 0.444003 [s]
run-time-stddev: 0.001459 [s]
run-time-median: 0.443754 [s]
run-time-min: 0.442097 [s]
run-time-samples: "0.442097 0.443497 0.443754 0.444620 0.446049"
run-time-throughput: N/A
kernel-energy-mean: 34.008859 [J]
kernel-energy-stddev: 0.211259 [J]
kernel-energy-median: 33.870005 [J]
kernel-energy-min: 33.832280 [J]
kernel-energy-max: 34.267855 [J]
kernel-energy-samples: "33.832280 33.864755 33.870005 34.209400 34.267855"
Verification: PASS
