********** Results for Geometric mean**********
problem-size: 16384
local-size: 256
num-iters: 200000
core-freq: 630
memory-freq: 877
device-name: Tesla V100-SXM2-16GB
sycl-implementation: LLVM CUDA (Intel DPC++)
Host mean is 36768.804688
Device mean is 36738.941406
Host mean is 36768.804688
Device mean is 36738.941406
Host mean is 36768.804688
Device mean is 36738.941406
Host mean is 36768.804688
Device mean is 36738.941406
Host mean is 36768.804688
Device mean is 36738.941406
throughput-metric: N/A
kernel-time-mean: 0.798873 [s]
kernel-time-stddev: 0.000098 [s]
kernel-time-median: 0.798855 [s]
kernel-time-min: 0.798781 [s]
kernel-time-samples: "0.798781 0.798797 0.798855 0.798908 0.799024"
kernel-time-throughput: N/A
run-time-mean: 0.809249 [s]
run-time-stddev: 0.000666 [s]
run-time-median: 0.809143 [s]
run-time-min: 0.808365 [s]
run-time-samples: "0.808365 0.808968 0.809143 0.809664 0.810103"
run-time-throughput: N/A
kernel-energy-mean: 43.824881 [J]
kernel-energy-stddev: 0.025580 [J]
kernel-energy-median: 43.825350 [J]
kernel-energy-min: 43.790780 [J]
kernel-energy-max: 43.857490 [J]
kernel-energy-samples: "43.790780 43.811420 43.825350 43.839365 43.857490"
Verification: PASS
