********** Results for Geometric mean**********
problem-size: 16384
local-size: 256
num-iters: 200000
core-freq: 1245
memory-freq: 877
device-name: Tesla V100-SXM2-16GB
sycl-implementation: LLVM CUDA (Intel DPC++)
Host mean is 36768.804688
Device mean is 36738.941406
Host mean is 36768.804688
Device mean is 36738.941406
Host mean is 36768.804688
Device mean is 36738.941406
Host mean is 36768.804688
Device mean is 36738.941406
Host mean is 36768.804688
Device mean is 36738.941406
throughput-metric: N/A
kernel-time-mean: 0.402240 [s]
kernel-time-stddev: 0.000343 [s]
kernel-time-median: 0.402016 [s]
kernel-time-min: 0.401965 [s]
kernel-time-samples: "0.401965 0.401992 0.402016 0.402553 0.402672"
kernel-time-throughput: N/A
run-time-mean: 0.415744 [s]
run-time-stddev: 0.002293 [s]
run-time-median: 0.414689 [s]
run-time-min: 0.413857 [s]
run-time-samples: "0.413857 0.414603 0.414689 0.415953 0.419619"
run-time-throughput: N/A
kernel-energy-mean: 35.673423 [J]
kernel-energy-stddev: 0.130202 [J]
kernel-energy-median: 35.744970 [J]
kernel-energy-min: 35.528155 [J]
kernel-energy-max: 35.791220 [J]
kernel-energy-samples: "35.528155 35.535755 35.744970 35.767015 35.791220"
Verification: PASS
