********** Results for Geometric mean**********
problem-size: 16384
local-size: 256
num-iters: 200000
core-freq: 690
memory-freq: 877
device-name: Tesla V100-SXM2-16GB
sycl-implementation: LLVM CUDA (Intel DPC++)
Host mean is 36768.804688
Device mean is 36738.941406
Host mean is 36768.804688
Device mean is 36738.941406
Host mean is 36768.804688
Device mean is 36738.941406
Host mean is 36768.804688
Device mean is 36738.941406
Host mean is 36768.804688
Device mean is 36738.941406
throughput-metric: N/A
kernel-time-mean: 0.728733 [s]
kernel-time-stddev: 0.000041 [s]
kernel-time-median: 0.728720 [s]
kernel-time-min: 0.728684 [s]
kernel-time-samples: "0.728684 0.728714 0.728720 0.728753 0.728792"
kernel-time-throughput: N/A
run-time-mean: 0.740913 [s]
run-time-stddev: 0.003530 [s]
run-time-median: 0.741200 [s]
run-time-min: 0.737807 [s]
run-time-samples: "0.737807 0.737873 0.741200 0.741224 0.746460"
run-time-throughput: N/A
kernel-energy-mean: 39.364994 [J]
kernel-energy-stddev: 0.026190 [J]
kernel-energy-median: 39.363010 [J]
kernel-energy-min: 39.328195 [J]
kernel-energy-max: 39.397230 [J]
kernel-energy-samples: "39.328195 39.355520 39.363010 39.381015 39.397230"
Verification: PASS
