********** Results for Geometric mean**********
problem-size: 16384
local-size: 256
num-iters: 200000
core-freq: 877
memory-freq: 877
device-name: Tesla V100-SXM2-16GB
sycl-implementation: LLVM CUDA (Intel DPC++)
Host mean is 36768.804688
Device mean is 36738.941406
Host mean is 36768.804688
Device mean is 36738.941406
Host mean is 36768.804688
Device mean is 36738.941406
Host mean is 36768.804688
Device mean is 36738.941406
Host mean is 36768.804688
Device mean is 36738.941406
throughput-metric: N/A
kernel-time-mean: 0.572198 [s]
kernel-time-stddev: 0.000226 [s]
kernel-time-median: 0.572098 [s]
kernel-time-min: 0.572055 [s]
kernel-time-samples: "0.572055 0.572081 0.572098 0.572159 0.572597"
kernel-time-throughput: N/A
run-time-mean: 0.583737 [s]
run-time-stddev: 0.004822 [s]
run-time-median: 0.581775 [s]
run-time-min: 0.579468 [s]
run-time-samples: "0.579468 0.581228 0.581775 0.584470 0.591743"
run-time-throughput: N/A
kernel-energy-mean: 35.714840 [J]
kernel-energy-stddev: 0.197340 [J]
kernel-energy-median: 35.816225 [J]
kernel-energy-min: 35.477540 [J]
kernel-energy-max: 35.898210 [J]
kernel-energy-samples: "35.477540 35.526140 35.816225 35.856085 35.898210"
Verification: PASS
