********** Results for Geometric mean**********
problem-size: 16384
local-size: 256
num-iters: 200000
core-freq: 427
memory-freq: 877
device-name: Tesla V100-SXM2-16GB
sycl-implementation: LLVM CUDA (Intel DPC++)
Host mean is 36768.804688
Device mean is 36738.941406
Host mean is 36768.804688
Device mean is 36738.941406
Host mean is 36768.804688
Device mean is 36738.941406
Host mean is 36768.804688
Device mean is 36738.941406
Host mean is 36768.804688
Device mean is 36738.941406
throughput-metric: N/A
kernel-time-mean: 2.335975 [s]
kernel-time-stddev: 0.004487 [s]
kernel-time-median: 2.333675 [s]
kernel-time-min: 2.333364 [s]
kernel-time-samples: "2.333364 2.333395 2.333675 2.335616 2.343827"
kernel-time-throughput: N/A
run-time-mean: 2.345791 [s]
run-time-stddev: 0.006776 [s]
run-time-median: 2.342716 [s]
run-time-min: 2.341773 [s]
run-time-samples: "2.341773 2.342041 2.342716 2.344685 2.357739"
run-time-throughput: N/A
kernel-energy-mean: 81.680009 [J]
kernel-energy-stddev: 0.997973 [J]
kernel-energy-median: 82.006965 [J]
kernel-energy-min: 79.927125 [J]
kernel-energy-max: 82.445440 [J]
kernel-energy-samples: "79.927125 81.998385 82.006965 82.022130 82.445440"
Verification: PASS
