********** Results for Geometric mean**********
problem-size: 16384
local-size: 256
num-iters: 200000
core-freq: 1155
memory-freq: 877
device-name: Tesla V100-SXM2-16GB
sycl-implementation: LLVM CUDA (Intel DPC++)
Host mean is 36768.804688
Device mean is 36738.941406
Host mean is 36768.804688
Device mean is 36738.941406
Host mean is 36768.804688
Device mean is 36738.941406
Host mean is 36768.804688
Device mean is 36738.941406
Host mean is 36768.804688
Device mean is 36738.941406
throughput-metric: N/A
kernel-time-mean: 0.432382 [s]
kernel-time-stddev: 0.000190 [s]
kernel-time-median: 0.432323 [s]
kernel-time-min: 0.432215 [s]
kernel-time-samples: "0.432215 0.432230 0.432323 0.432478 0.432666"
kernel-time-throughput: N/A
run-time-mean: 0.444592 [s]
run-time-stddev: 0.004203 [s]
run-time-median: 0.442582 [s]
run-time-min: 0.440798 [s]
run-time-samples: "0.440798 0.441314 0.442582 0.448763 0.449501"
run-time-throughput: N/A
kernel-energy-mean: 34.979383 [J]
kernel-energy-stddev: 1.285674 [J]
kernel-energy-median: 35.526755 [J]
kernel-energy-min: 32.681810 [J]
kernel-energy-max: 35.650470 [J]
kernel-energy-samples: "32.681810 35.499365 35.526755 35.538515 35.650470"
Verification: PASS
