********** Results for Geometric mean**********
problem-size: 16384
local-size: 256
num-iters: 200000
core-freq: 847
memory-freq: 877
device-name: Tesla V100-SXM2-16GB
sycl-implementation: LLVM CUDA (Intel DPC++)
Host mean is 36768.804688
Device mean is 36738.941406
Host mean is 36768.804688
Device mean is 36738.941406
Host mean is 36768.804688
Device mean is 36738.941406
Host mean is 36768.804688
Device mean is 36738.941406
Host mean is 36768.804688
Device mean is 36738.941406
throughput-metric: N/A
kernel-time-mean: 0.593394 [s]
kernel-time-stddev: 0.000050 [s]
kernel-time-median: 0.593421 [s]
kernel-time-min: 0.593331 [s]
kernel-time-samples: "0.593331 0.593351 0.593421 0.593430 0.593439"
kernel-time-throughput: N/A
run-time-mean: 0.603011 [s]
run-time-stddev: 0.001635 [s]
run-time-median: 0.602082 [s]
run-time-min: 0.601684 [s]
run-time-samples: "0.601684 0.601965 0.602082 0.603793 0.605533"
run-time-throughput: N/A
kernel-energy-mean: 39.383608 [J]
kernel-energy-stddev: 0.189980 [J]
kernel-energy-median: 39.297895 [J]
kernel-energy-min: 39.273890 [J]
kernel-energy-max: 39.721605 [J]
kernel-energy-samples: "39.273890 39.295300 39.297895 39.329350 39.721605"
Verification: PASS
