********** Results for Geometric mean**********
problem-size: 16384
local-size: 256
num-iters: 200000
core-freq: 787
memory-freq: 877
device-name: Tesla V100-SXM2-16GB
sycl-implementation: LLVM CUDA (Intel DPC++)
Host mean is 36768.804688
Device mean is 36738.941406
Host mean is 36768.804688
Device mean is 36738.941406
Host mean is 36768.804688
Device mean is 36738.941406
Host mean is 36768.804688
Device mean is 36738.941406
Host mean is 36768.804688
Device mean is 36738.941406
throughput-metric: N/A
kernel-time-mean: 0.638690 [s]
kernel-time-stddev: 0.000048 [s]
kernel-time-median: 0.638695 [s]
kernel-time-min: 0.638628 [s]
kernel-time-samples: "0.638628 0.638660 0.638695 0.638720 0.638749"
kernel-time-throughput: N/A
run-time-mean: 0.650182 [s]
run-time-stddev: 0.001686 [s]
run-time-median: 0.649809 [s]
run-time-min: 0.647821 [s]
run-time-samples: "0.647821 0.649710 0.649809 0.651399 0.652171"
run-time-throughput: N/A
kernel-energy-mean: 38.577292 [J]
kernel-energy-stddev: 0.161645 [J]
kernel-energy-median: 38.511930 [J]
kernel-energy-min: 38.478440 [J]
kernel-energy-max: 38.863260 [J]
kernel-energy-samples: "38.478440 38.491090 38.511930 38.541740 38.863260"
Verification: PASS
