********** Results for Geometric mean**********
problem-size: 16384
local-size: 256
num-iters: 200000
core-freq: 870
memory-freq: 877
device-name: Tesla V100-SXM2-16GB
sycl-implementation: LLVM CUDA (Intel DPC++)
Host mean is 36768.804688
Device mean is 36738.941406
Host mean is 36768.804688
Device mean is 36738.941406
Host mean is 36768.804688
Device mean is 36738.941406
Host mean is 36768.804688
Device mean is 36738.941406
Host mean is 36768.804688
Device mean is 36738.941406
throughput-metric: N/A
kernel-time-mean: 0.577391 [s]
kernel-time-stddev: 0.000033 [s]
kernel-time-median: 0.577390 [s]
kernel-time-min: 0.577350 [s]
kernel-time-samples: "0.577350 0.577373 0.577390 0.577403 0.577439"
kernel-time-throughput: N/A
run-time-mean: 0.589846 [s]
run-time-stddev: 0.005623 [s]
run-time-median: 0.587445 [s]
run-time-min: 0.585677 [s]
run-time-samples: "0.585677 0.586491 0.587445 0.590180 0.599436"
run-time-throughput: N/A
kernel-energy-mean: 35.633027 [J]
kernel-energy-stddev: 0.187732 [J]
kernel-energy-median: 35.719295 [J]
kernel-energy-min: 35.401760 [J]
kernel-energy-max: 35.803160 [J]
kernel-energy-samples: "35.401760 35.461110 35.719295 35.779810 35.803160"
Verification: PASS
