********** Results for Geometric mean**********
problem-size: 16384
local-size: 256
num-iters: 200000
core-freq: 1132
memory-freq: 877
device-name: Tesla V100-SXM2-16GB
sycl-implementation: LLVM CUDA (Intel DPC++)
Host mean is 36768.804688
Device mean is 36738.941406
Host mean is 36768.804688
Device mean is 36738.941406
Host mean is 36768.804688
Device mean is 36738.941406
Host mean is 36768.804688
Device mean is 36738.941406
Host mean is 36768.804688
Device mean is 36738.941406
throughput-metric: N/A
kernel-time-mean: 0.443846 [s]
kernel-time-stddev: 0.000275 [s]
kernel-time-median: 0.443667 [s]
kernel-time-min: 0.443608 [s]
kernel-time-samples: "0.443608 0.443663 0.443667 0.444118 0.444174"
kernel-time-throughput: N/A
run-time-mean: 0.454882 [s]
run-time-stddev: 0.001981 [s]
run-time-median: 0.453739 [s]
run-time-min: 0.453025 [s]
run-time-samples: "0.453025 0.453699 0.453739 0.456345 0.457604"
run-time-throughput: N/A
kernel-energy-mean: 33.892597 [J]
kernel-energy-stddev: 0.257314 [J]
kernel-energy-median: 33.798945 [J]
kernel-energy-min: 33.571585 [J]
kernel-energy-max: 34.196800 [J]
kernel-energy-samples: "33.571585 33.782930 33.798945 34.112725 34.196800"
Verification: PASS
