********** Results for Geometric mean**********
problem-size: 16384
local-size: 256
num-iters: 200000
core-freq: 615
memory-freq: 877
device-name: Tesla V100-SXM2-16GB
sycl-implementation: LLVM CUDA (Intel DPC++)
Host mean is 36768.804688
Device mean is 36738.941406
Host mean is 36768.804688
Device mean is 36738.941406
Host mean is 36768.804688
Device mean is 36738.941406
Host mean is 36768.804688
Device mean is 36738.941406
Host mean is 36768.804688
Device mean is 36738.941406
throughput-metric: N/A
kernel-time-mean: 0.819904 [s]
kernel-time-stddev: 0.000224 [s]
kernel-time-median: 0.819802 [s]
kernel-time-min: 0.819798 [s]
kernel-time-samples: "0.819798 0.819801 0.819802 0.819814 0.820305"
kernel-time-throughput: N/A
run-time-mean: 0.832338 [s]
run-time-stddev: 0.003443 [s]
run-time-median: 0.830375 [s]
run-time-min: 0.829899 [s]
run-time-samples: "0.829899 0.829908 0.830375 0.833708 0.837800"
run-time-throughput: N/A
kernel-energy-mean: 42.371873 [J]
kernel-energy-stddev: 0.025776 [J]
kernel-energy-median: 42.375980 [J]
kernel-energy-min: 42.334550 [J]
kernel-energy-max: 42.395780 [J]
kernel-energy-samples: "42.334550 42.358740 42.375980 42.394315 42.395780"
Verification: PASS
