********** Results for Geometric mean**********
problem-size: 16384
local-size: 256
num-iters: 200000
core-freq: 495
memory-freq: 877
device-name: Tesla V100-SXM2-16GB
sycl-implementation: LLVM CUDA (Intel DPC++)
Host mean is 36768.804688
Device mean is 36738.941406
Host mean is 36768.804688
Device mean is 36738.941406
Host mean is 36768.804688
Device mean is 36738.941406
Host mean is 36768.804688
Device mean is 36738.941406
Host mean is 36768.804688
Device mean is 36738.941406
throughput-metric: N/A
kernel-time-mean: 1.020178 [s]
kernel-time-stddev: 0.000064 [s]
kernel-time-median: 1.020162 [s]
kernel-time-min: 1.020107 [s]
kernel-time-samples: "1.020107 1.020161 1.020162 1.020177 1.020283"
kernel-time-throughput: N/A
run-time-mean: 1.033693 [s]
run-time-stddev: 0.002763 [s]
run-time-median: 1.033894 [s]
run-time-min: 1.030295 [s]
run-time-samples: "1.030295 1.031553 1.033894 1.036096 1.036627"
run-time-throughput: N/A
kernel-energy-mean: 52.548840 [J]
kernel-energy-stddev: 0.350877 [J]
kernel-energy-median: 52.653655 [J]
kernel-energy-min: 52.042590 [J]
kernel-energy-max: 52.977500 [J]
kernel-energy-samples: "52.042590 52.391940 52.653655 52.678515 52.977500"
Verification: PASS
