********** Results for Geometric mean**********
problem-size: 16384
local-size: 256
num-iters: 200000
core-freq: 622
memory-freq: 877
device-name: Tesla V100-SXM2-16GB
sycl-implementation: LLVM CUDA (Intel DPC++)
Host mean is 36768.804688
Device mean is 36738.941406
Host mean is 36768.804688
Device mean is 36738.941406
Host mean is 36768.804688
Device mean is 36738.941406
Host mean is 36768.804688
Device mean is 36738.941406
Host mean is 36768.804688
Device mean is 36738.941406
throughput-metric: N/A
kernel-time-mean: 0.808257 [s]
kernel-time-stddev: 0.000097 [s]
kernel-time-median: 0.808249 [s]
kernel-time-min: 0.808150 [s]
kernel-time-samples: "0.808150 0.808184 0.808249 0.808310 0.808390"
kernel-time-throughput: N/A
run-time-mean: 0.817113 [s]
run-time-stddev: 0.001997 [s]
run-time-median: 0.816396 [s]
run-time-min: 0.815675 [s]
run-time-samples: "0.815675 0.815937 0.816396 0.816984 0.820572"
run-time-throughput: N/A
kernel-energy-mean: 42.293357 [J]
kernel-energy-stddev: 0.357526 [J]
kernel-energy-median: 42.205225 [J]
kernel-energy-min: 41.888085 [J]
kernel-energy-max: 42.856205 [J]
kernel-energy-samples: "41.888085 42.158440 42.205225 42.358830 42.856205"
Verification: PASS
