********** Results for Geometric mean**********
problem-size: 16384
local-size: 256
num-iters: 200000
core-freq: 1012
memory-freq: 877
device-name: Tesla V100-SXM2-16GB
sycl-implementation: LLVM CUDA (Intel DPC++)
Host mean is 36768.804688
Device mean is 36738.941406
Host mean is 36768.804688
Device mean is 36738.941406
Host mean is 36768.804688
Device mean is 36738.941406
Host mean is 36768.804688
Device mean is 36738.941406
Host mean is 36768.804688
Device mean is 36738.941406
throughput-metric: N/A
kernel-time-mean: 0.497642 [s]
kernel-time-stddev: 0.001088 [s]
kernel-time-median: 0.498246 [s]
kernel-time-min: 0.496416 [s]
kernel-time-samples: "0.496416 0.496524 0.498246 0.498290 0.498736"
kernel-time-throughput: N/A
run-time-mean: 0.509918 [s]
run-time-stddev: 0.004103 [s]
run-time-median: 0.510495 [s]
run-time-min: 0.506028 [s]
run-time-samples: "0.506028 0.506369 0.510495 0.510543 0.516153"
run-time-throughput: N/A
kernel-energy-mean: 34.367256 [J]
kernel-energy-stddev: 0.074585 [J]
kernel-energy-median: 34.389350 [J]
kernel-energy-min: 34.274640 [J]
kernel-energy-max: 34.457980 [J]
kernel-energy-samples: "34.274640 34.308415 34.389350 34.405895 34.457980"
Verification: PASS
