********** Results for Geometric mean**********
problem-size: 16384
local-size: 256
num-iters: 200000
core-freq: 742
memory-freq: 877
device-name: Tesla V100-SXM2-16GB
sycl-implementation: LLVM CUDA (Intel DPC++)
Host mean is 36768.804688
Device mean is 36738.941406
Host mean is 36768.804688
Device mean is 36738.941406
Host mean is 36768.804688
Device mean is 36738.941406
Host mean is 36768.804688
Device mean is 36738.941406
Host mean is 36768.804688
Device mean is 36738.941406
throughput-metric: N/A
kernel-time-mean: 0.677282 [s]
kernel-time-stddev: 0.000041 [s]
kernel-time-median: 0.677296 [s]
kernel-time-min: 0.677213 [s]
kernel-time-samples: "0.677213 0.677277 0.677296 0.677310 0.677312"
kernel-time-throughput: N/A
run-time-mean: 0.689449 [s]
run-time-stddev: 0.002116 [s]
run-time-median: 0.689981 [s]
run-time-min: 0.685884 [s]
run-time-samples: "0.685884 0.689709 0.689981 0.690130 0.691542"
run-time-throughput: N/A
kernel-energy-mean: 38.783917 [J]
kernel-energy-stddev: 1.771716 [J]
kernel-energy-median: 39.797430 [J]
kernel-energy-min: 35.848320 [J]
kernel-energy-max: 39.967295 [J]
kernel-energy-samples: "35.848320 38.366585 39.797430 39.939955 39.967295"
Verification: PASS
