********** Results for Geometric mean**********
problem-size: 16384
local-size: 256
num-iters: 200000
core-freq: 772
memory-freq: 877
device-name: Tesla V100-SXM2-16GB
sycl-implementation: LLVM CUDA (Intel DPC++)
Host mean is 36768.804688
Device mean is 36738.941406
Host mean is 36768.804688
Device mean is 36738.941406
Host mean is 36768.804688
Device mean is 36738.941406
Host mean is 36768.804688
Device mean is 36738.941406
Host mean is 36768.804688
Device mean is 36738.941406
throughput-metric: N/A
kernel-time-mean: 0.650648 [s]
kernel-time-stddev: 0.000087 [s]
kernel-time-median: 0.650667 [s]
kernel-time-min: 0.650545 [s]
kernel-time-samples: "0.650545 0.650576 0.650667 0.650695 0.650756"
kernel-time-throughput: N/A
run-time-mean: 0.660902 [s]
run-time-stddev: 0.001688 [s]
run-time-median: 0.660785 [s]
run-time-min: 0.659107 [s]
run-time-samples: "0.659107 0.660050 0.660785 0.660940 0.663627"
run-time-throughput: N/A
kernel-energy-mean: 38.965833 [J]
kernel-energy-stddev: 0.027520 [J]
kernel-energy-median: 38.978420 [J]
kernel-energy-min: 38.917405 [J]
kernel-energy-max: 38.982720 [J]
kernel-energy-samples: "38.917405 38.969790 38.978420 38.980830 38.982720"
Verification: PASS
