********** Results for Geometric mean**********
problem-size: 16384
local-size: 256
num-iters: 200000
core-freq: 1267
memory-freq: 877
device-name: Tesla V100-SXM2-16GB
sycl-implementation: LLVM CUDA (Intel DPC++)
Host mean is 36768.804688
Device mean is 36738.941406
Host mean is 36768.804688
Device mean is 36738.941406
Host mean is 36768.804688
Device mean is 36738.941406
Host mean is 36768.804688
Device mean is 36738.941406
Host mean is 36768.804688
Device mean is 36738.941406
throughput-metric: N/A
kernel-time-mean: 0.396973 [s]
kernel-time-stddev: 0.000244 [s]
kernel-time-median: 0.396843 [s]
kernel-time-min: 0.396749 [s]
kernel-time-samples: "0.396749 0.396798 0.396843 0.397231 0.397246"
kernel-time-throughput: N/A
run-time-mean: 0.408573 [s]
run-time-stddev: 0.001983 [s]
run-time-median: 0.408301 [s]
run-time-min: 0.406057 [s]
run-time-samples: "0.406057 0.407442 0.408301 0.410101 0.410962"
run-time-throughput: N/A
kernel-energy-mean: 36.084700 [J]
kernel-energy-stddev: 0.268331 [J]
kernel-energy-median: 35.971065 [J]
kernel-energy-min: 35.831205 [J]
kernel-energy-max: 36.458050 [J]
kernel-energy-samples: "35.831205 35.892615 35.971065 36.270565 36.458050"
Verification: PASS
