********** Results for Geometric mean**********
problem-size: 16384
local-size: 256
num-iters: 200000
core-freq: 1290
memory-freq: 877
device-name: Tesla V100-SXM2-16GB
sycl-implementation: LLVM CUDA (Intel DPC++)
Host mean is 36768.804688
Device mean is 36738.941406
Host mean is 36768.804688
Device mean is 36738.941406
Host mean is 36768.804688
Device mean is 36738.941406
Host mean is 36768.804688
Device mean is 36738.941406
Host mean is 36768.804688
Device mean is 36738.941406
throughput-metric: N/A
kernel-time-mean: 0.388391 [s]
kernel-time-stddev: 0.001188 [s]
kernel-time-median: 0.387986 [s]
kernel-time-min: 0.387573 [s]
kernel-time-samples: "0.387573 0.387795 0.387986 0.388115 0.390485"
kernel-time-throughput: N/A
run-time-mean: 0.400506 [s]
run-time-stddev: 0.003238 [s]
run-time-median: 0.398324 [s]
run-time-min: 0.397881 [s]
run-time-samples: "0.397881 0.398230 0.398324 0.403982 0.404114"
run-time-throughput: N/A
kernel-energy-mean: 35.925931 [J]
kernel-energy-stddev: 0.131585 [J]
kernel-energy-median: 35.905690 [J]
kernel-energy-min: 35.746720 [J]
kernel-energy-max: 36.108455 [J]
kernel-energy-samples: "35.746720 35.893935 35.905690 35.974855 36.108455"
Verification: PASS
