********** Results for Geometric mean**********
problem-size: 16384
local-size: 256
num-iters: 200000
core-freq: 1170
memory-freq: 877
device-name: Tesla V100-SXM2-16GB
sycl-implementation: LLVM CUDA (Intel DPC++)
Host mean is 36768.804688
Device mean is 36738.941406
Host mean is 36768.804688
Device mean is 36738.941406
Host mean is 36768.804688
Device mean is 36738.941406
Host mean is 36768.804688
Device mean is 36738.941406
Host mean is 36768.804688
Device mean is 36738.941406
throughput-metric: N/A
kernel-time-mean: 0.427057 [s]
kernel-time-stddev: 0.000126 [s]
kernel-time-median: 0.427041 [s]
kernel-time-min: 0.426917 [s]
kernel-time-samples: "0.426917 0.426983 0.427041 0.427094 0.427248"
kernel-time-throughput: N/A
run-time-mean: 0.437753 [s]
run-time-stddev: 0.001709 [s]
run-time-median: 0.438604 [s]
run-time-min: 0.435525 [s]
run-time-samples: "0.435525 0.436367 0.438604 0.438772 0.439495"
run-time-throughput: N/A
kernel-energy-mean: 36.050090 [J]
kernel-energy-stddev: 0.301356 [J]
kernel-energy-median: 35.856435 [J]
kernel-energy-min: 35.810375 [J]
kernel-energy-max: 36.467020 [J]
kernel-energy-samples: "35.810375 35.841135 35.856435 36.275485 36.467020"
Verification: PASS
