********** Results for Kmeans_fp32**********
problem-size: 32768
local-size: 256
num-iters: 500000
core-freq: 885
memory-freq: 877
device-name: Tesla V100-SXM2-16GB
sycl-implementation: LLVM CUDA (Intel DPC++)
throughput-metric: N/A
kernel-time-mean: 0.602950 [s]
kernel-time-stddev: 0.000012 [s]
kernel-time-median: 0.602949 [s]
kernel-time-min: 0.602934 [s]
kernel-time-samples: "0.602934 0.602945 0.602949 0.602957 0.602967"
kernel-time-throughput: N/A
run-time-mean: 0.613417 [s]
run-time-stddev: 0.001371 [s]
run-time-median: 0.613342 [s]
run-time-min: 0.611639 [s]
run-time-samples: "0.611639 0.613138 0.613342 0.613481 0.615483"
run-time-throughput: N/A
kernel-energy-mean: 44.222563 [J]
kernel-energy-stddev: 0.173215 [J]
kernel-energy-median: 44.144025 [J]
kernel-energy-min: 44.133010 [J]
kernel-energy-max: 44.531695 [J]
kernel-energy-samples: "44.133010 44.139450 44.144025 44.164635 44.531695"
Verification: PASS
********** Results for Kmeans_fp64**********
problem-size: 32768
local-size: 256
num-iters: 500000
core-freq: 885
memory-freq: 877
device-name: Tesla V100-SXM2-16GB
sycl-implementation: LLVM CUDA (Intel DPC++)
throughput-metric: N/A
kernel-time-mean: 0.643516 [s]
kernel-time-stddev: 0.000026 [s]
kernel-time-median: 0.643507 [s]
kernel-time-min: 0.643496 [s]
kernel-time-samples: "0.643496 0.643505 0.643507 0.643513 0.643562"
kernel-time-throughput: N/A
run-time-mean: 0.653563 [s]
run-time-stddev: 0.001956 [s]
run-time-median: 0.653442 [s]
run-time-min: 0.651430 [s]
run-time-samples: "0.651430 0.651861 0.653442 0.655500 0.655585"
run-time-throughput: N/A
kernel-energy-mean: 49.113041 [J]
kernel-energy-stddev: 0.205122 [J]
kernel-energy-median: 49.047755 [J]
kernel-energy-min: 48.914340 [J]
kernel-energy-max: 49.359500 [J]
kernel-energy-samples: "48.914340 48.943395 49.047755 49.300215 49.359500"
Verification: PASS
