********** Results for Kmeans_fp32**********
problem-size: 32768
local-size: 256
num-iters: 500000
core-freq: 1117
memory-freq: 877
device-name: Tesla V100-SXM2-16GB
sycl-implementation: LLVM CUDA (Intel DPC++)
throughput-metric: N/A
kernel-time-mean: 0.477996 [s]
kernel-time-stddev: 0.000317 [s]
kernel-time-median: 0.478100 [s]
kernel-time-min: 0.477566 [s]
kernel-time-samples: "0.477566 0.477779 0.478100 0.478187 0.478347"
kernel-time-throughput: N/A
run-time-mean: 0.489744 [s]
run-time-stddev: 0.001696 [s]
run-time-median: 0.490119 [s]
run-time-min: 0.487734 [s]
run-time-samples: "0.487734 0.488462 0.490119 0.490354 0.492048"
run-time-throughput: N/A
kernel-energy-mean: 42.837658 [J]
kernel-energy-stddev: 0.527241 [J]
kernel-energy-median: 42.902865 [J]
kernel-energy-min: 42.280020 [J]
kernel-energy-max: 43.359530 [J]
kernel-energy-samples: "42.280020 42.311110 42.902865 43.334765 43.359530"
Verification: PASS
********** Results for Kmeans_fp64**********
problem-size: 32768
local-size: 256
num-iters: 500000
core-freq: 1117
memory-freq: 877
device-name: Tesla V100-SXM2-16GB
sycl-implementation: LLVM CUDA (Intel DPC++)
throughput-metric: N/A
kernel-time-mean: 0.510347 [s]
kernel-time-stddev: 0.000477 [s]
kernel-time-median: 0.510256 [s]
kernel-time-min: 0.509865 [s]
kernel-time-samples: "0.509865 0.510049 0.510256 0.510467 0.511099"
kernel-time-throughput: N/A
run-time-mean: 0.521480 [s]
run-time-stddev: 0.003074 [s]
run-time-median: 0.521872 [s]
run-time-min: 0.517973 [s]
run-time-samples: "0.517973 0.519015 0.521872 0.522909 0.525631"
run-time-throughput: N/A
kernel-energy-mean: 47.398013 [J]
kernel-energy-stddev: 0.514033 [J]
kernel-energy-median: 47.281910 [J]
kernel-energy-min: 46.885755 [J]
kernel-energy-max: 48.190590 [J]
kernel-energy-samples: "46.885755 47.051925 47.281910 47.579885 48.190590"
Verification: PASS
