********** Results for Kmeans_fp32**********
problem-size: 32768
local-size: 256
num-iters: 500000
core-freq: 945
memory-freq: 877
device-name: Tesla V100-SXM2-16GB
sycl-implementation: LLVM CUDA (Intel DPC++)
throughput-metric: N/A
kernel-time-mean: 0.564357 [s]
kernel-time-stddev: 0.000015 [s]
kernel-time-median: 0.564349 [s]
kernel-time-min: 0.564342 [s]
kernel-time-samples: "0.564342 0.564347 0.564349 0.564366 0.564379"
kernel-time-throughput: N/A
run-time-mean: 0.575680 [s]
run-time-stddev: 0.002245 [s]
run-time-median: 0.576611 [s]
run-time-min: 0.571987 [s]
run-time-samples: "0.571987 0.575168 0.576611 0.577181 0.577456"
run-time-throughput: N/A
kernel-energy-mean: 42.224222 [J]
kernel-energy-stddev: 0.218923 [J]
kernel-energy-median: 42.362145 [J]
kernel-energy-min: 41.940015 [J]
kernel-energy-max: 42.410310 [J]
kernel-energy-samples: "41.940015 42.036255 42.362145 42.372385 42.410310"
Verification: PASS
********** Results for Kmeans_fp64**********
problem-size: 32768
local-size: 256
num-iters: 500000
core-freq: 945
memory-freq: 877
device-name: Tesla V100-SXM2-16GB
sycl-implementation: LLVM CUDA (Intel DPC++)
throughput-metric: N/A
kernel-time-mean: 0.602345 [s]
kernel-time-stddev: 0.000017 [s]
kernel-time-median: 0.602351 [s]
kernel-time-min: 0.602318 [s]
kernel-time-samples: "0.602318 0.602337 0.602351 0.602356 0.602361"
kernel-time-throughput: N/A
run-time-mean: 0.614156 [s]
run-time-stddev: 0.004636 [s]
run-time-median: 0.611984 [s]
run-time-min: 0.610797 [s]
run-time-samples: "0.610797 0.611231 0.611984 0.614804 0.621966"
run-time-throughput: N/A
kernel-energy-mean: 46.994424 [J]
kernel-energy-stddev: 0.060315 [J]
kernel-energy-median: 47.013715 [J]
kernel-energy-min: 46.922240 [J]
kernel-energy-max: 47.070485 [J]
kernel-energy-samples: "46.922240 46.944660 47.013715 47.021020 47.070485"
Verification: PASS
