********** Results for Kmeans_fp32**********
problem-size: 32768
local-size: 256
num-iters: 500000
core-freq: 1185
memory-freq: 877
device-name: Tesla V100-SXM2-16GB
sycl-implementation: LLVM CUDA (Intel DPC++)
throughput-metric: N/A
kernel-time-mean: 0.450427 [s]
kernel-time-stddev: 0.000107 [s]
kernel-time-median: 0.450444 [s]
kernel-time-min: 0.450255 [s]
kernel-time-samples: "0.450255 0.450432 0.450444 0.450454 0.450550"
kernel-time-throughput: N/A
run-time-mean: 0.463441 [s]
run-time-stddev: 0.002691 [s]
run-time-median: 0.463830 [s]
run-time-min: 0.460177 [s]
run-time-samples: "0.460177 0.461559 0.463830 0.464534 0.467106"
run-time-throughput: N/A
kernel-energy-mean: 44.523131 [J]
kernel-energy-stddev: 1.231234 [J]
kernel-energy-median: 44.824280 [J]
kernel-energy-min: 42.411380 [J]
kernel-energy-max: 45.440860 [J]
kernel-energy-samples: "42.411380 44.600295 44.824280 45.338840 45.440860"
Verification: PASS
********** Results for Kmeans_fp64**********
problem-size: 32768
local-size: 256
num-iters: 500000
core-freq: 1185
memory-freq: 877
device-name: Tesla V100-SXM2-16GB
sycl-implementation: LLVM CUDA (Intel DPC++)
throughput-metric: N/A
kernel-time-mean: 0.480700 [s]
kernel-time-stddev: 0.000261 [s]
kernel-time-median: 0.480672 [s]
kernel-time-min: 0.480450 [s]
kernel-time-samples: "0.480450 0.480564 0.480672 0.480676 0.481136"
kernel-time-throughput: N/A
run-time-mean: 0.499642 [s]
run-time-stddev: 0.003041 [s]
run-time-median: 0.500667 [s]
run-time-min: 0.494640 [s]
run-time-samples: "0.494640 0.499037 0.500667 0.501762 0.502105"
run-time-throughput: N/A
kernel-energy-mean: 49.759646 [J]
kernel-energy-stddev: 1.330060 [J]
kernel-energy-median: 50.321135 [J]
kernel-energy-min: 47.384400 [J]
kernel-energy-max: 50.435725 [J]
kernel-energy-samples: "47.384400 50.242070 50.321135 50.414900 50.435725"
Verification: PASS
