********** Results for Kmeans_fp32**********
problem-size: 32768
local-size: 256
num-iters: 500000
core-freq: 1170
memory-freq: 877
device-name: Tesla V100-SXM2-16GB
sycl-implementation: LLVM CUDA (Intel DPC++)
throughput-metric: N/A
kernel-time-mean: 0.453455 [s]
kernel-time-stddev: 0.000246 [s]
kernel-time-median: 0.453416 [s]
kernel-time-min: 0.453210 [s]
kernel-time-samples: "0.453210 0.453232 0.453416 0.453679 0.453738"
kernel-time-throughput: N/A
run-time-mean: 0.466903 [s]
run-time-stddev: 0.003333 [s]
run-time-median: 0.464771 [s]
run-time-min: 0.464290 [s]
run-time-samples: "0.464290 0.464358 0.464771 0.470529 0.470569"
run-time-throughput: N/A
kernel-energy-mean: 44.870014 [J]
kernel-energy-stddev: 1.366273 [J]
kernel-energy-median: 45.231210 [J]
kernel-energy-min: 42.484530 [J]
kernel-energy-max: 45.957910 [J]
kernel-energy-samples: "42.484530 45.228945 45.231210 45.447475 45.957910"
Verification: PASS
********** Results for Kmeans_fp64**********
problem-size: 32768
local-size: 256
num-iters: 500000
core-freq: 1170
memory-freq: 877
device-name: Tesla V100-SXM2-16GB
sycl-implementation: LLVM CUDA (Intel DPC++)
throughput-metric: N/A
kernel-time-mean: 0.484056 [s]
kernel-time-stddev: 0.000298 [s]
kernel-time-median: 0.483964 [s]
kernel-time-min: 0.483747 [s]
kernel-time-samples: "0.483747 0.483907 0.483964 0.484136 0.484528"
kernel-time-throughput: N/A
run-time-mean: 0.498297 [s]
run-time-stddev: 0.002798 [s]
run-time-median: 0.499180 [s]
run-time-min: 0.494666 [s]
run-time-samples: "0.494666 0.496106 0.499180 0.500330 0.501200"
run-time-throughput: N/A
kernel-energy-mean: 50.295520 [J]
kernel-energy-stddev: 0.058468 [J]
kernel-energy-median: 50.265565 [J]
kernel-energy-min: 50.240165 [J]
kernel-energy-max: 50.369365 [J]
kernel-energy-samples: "50.240165 50.255460 50.265565 50.347045 50.369365"
Verification: PASS
