********** Results for Kmeans_fp32**********
problem-size: 32768
local-size: 256
num-iters: 500000
core-freq: 435
memory-freq: 877
device-name: Tesla V100-SXM2-16GB
sycl-implementation: LLVM CUDA (Intel DPC++)
throughput-metric: N/A
kernel-time-mean: 2.471566 [s]
kernel-time-stddev: 0.000074 [s]
kernel-time-median: 2.471557 [s]
kernel-time-min: 2.471469 [s]
kernel-time-samples: "2.471469 2.471525 2.471557 2.471629 2.471648"
kernel-time-throughput: N/A
run-time-mean: 2.482274 [s]
run-time-stddev: 0.000817 [s]
run-time-median: 2.482412 [s]
run-time-min: 2.481346 [s]
run-time-samples: "2.481346 2.481515 2.482412 2.482977 2.483120"
run-time-throughput: N/A
kernel-energy-mean: 91.916415 [J]
kernel-energy-stddev: 1.900720 [J]
kernel-energy-median: 92.854505 [J]
kernel-energy-min: 88.644000 [J]
kernel-energy-max: 93.117230 [J]
kernel-energy-samples: "88.644000 91.859530 92.854505 93.106810 93.117230"
Verification: PASS
********** Results for Kmeans_fp64**********
problem-size: 32768
local-size: 256
num-iters: 500000
core-freq: 435
memory-freq: 877
device-name: Tesla V100-SXM2-16GB
sycl-implementation: LLVM CUDA (Intel DPC++)
throughput-metric: N/A
kernel-time-mean: 2.638267 [s]
kernel-time-stddev: 0.000834 [s]
kernel-time-median: 2.637880 [s]
kernel-time-min: 2.637600 [s]
kernel-time-samples: "2.637600 2.637701 2.637880 2.638547 2.639605"
kernel-time-throughput: N/A
run-time-mean: 2.648599 [s]
run-time-stddev: 0.002020 [s]
run-time-median: 2.649400 [s]
run-time-min: 2.645036 [s]
run-time-samples: "2.645036 2.649051 2.649400 2.649518 2.649990"
run-time-throughput: N/A
kernel-energy-mean: 101.014971 [J]
kernel-energy-stddev: 0.275706 [J]
kernel-energy-median: 101.066175 [J]
kernel-energy-min: 100.722085 [J]
kernel-energy-max: 101.292240 [J]
kernel-energy-samples: "100.722085 100.734365 101.066175 101.259990 101.292240"
Verification: PASS
