********** Results for Kmeans_fp32**********
problem-size: 32768
local-size: 256
num-iters: 500000
core-freq: 727
memory-freq: 877
device-name: Tesla V100-SXM2-16GB
sycl-implementation: LLVM CUDA (Intel DPC++)
throughput-metric: N/A
kernel-time-mean: 0.734402 [s]
kernel-time-stddev: 0.000016 [s]
kernel-time-median: 0.734409 [s]
kernel-time-min: 0.734380 [s]
kernel-time-samples: "0.734380 0.734391 0.734409 0.734410 0.734420"
kernel-time-throughput: N/A
run-time-mean: 0.744187 [s]
run-time-stddev: 0.001575 [s]
run-time-median: 0.744078 [s]
run-time-min: 0.741956 [s]
run-time-samples: "0.741956 0.743544 0.744078 0.745475 0.745880"
run-time-throughput: N/A
kernel-energy-mean: 46.327790 [J]
kernel-energy-stddev: 0.149861 [J]
kernel-energy-median: 46.362205 [J]
kernel-energy-min: 46.076965 [J]
kernel-energy-max: 46.466825 [J]
kernel-energy-samples: "46.076965 46.325180 46.362205 46.407775 46.466825"
Verification: PASS
********** Results for Kmeans_fp64**********
problem-size: 32768
local-size: 256
num-iters: 500000
core-freq: 727
memory-freq: 877
device-name: Tesla V100-SXM2-16GB
sycl-implementation: LLVM CUDA (Intel DPC++)
throughput-metric: N/A
kernel-time-mean: 0.783957 [s]
kernel-time-stddev: 0.000428 [s]
kernel-time-median: 0.783761 [s]
kernel-time-min: 0.783742 [s]
kernel-time-samples: "0.783742 0.783746 0.783761 0.783815 0.784721"
kernel-time-throughput: N/A
run-time-mean: 0.793255 [s]
run-time-stddev: 0.001465 [s]
run-time-median: 0.792996 [s]
run-time-min: 0.791759 [s]
run-time-samples: "0.791759 0.792656 0.792996 0.793176 0.795686"
run-time-throughput: N/A
kernel-energy-mean: 51.308801 [J]
kernel-energy-stddev: 0.199416 [J]
kernel-energy-median: 51.213385 [J]
kernel-energy-min: 51.096050 [J]
kernel-energy-max: 51.565000 [J]
kernel-energy-samples: "51.096050 51.197470 51.213385 51.472100 51.565000"
Verification: PASS
