********** Results for Kmeans_fp32**********
problem-size: 32768
local-size: 256
num-iters: 500000
core-freq: 1192
memory-freq: 877
device-name: Tesla V100-SXM2-16GB
sycl-implementation: LLVM CUDA (Intel DPC++)
throughput-metric: N/A
kernel-time-mean: 0.447785 [s]
kernel-time-stddev: 0.000105 [s]
kernel-time-median: 0.447800 [s]
kernel-time-min: 0.447665 [s]
kernel-time-samples: "0.447665 0.447706 0.447800 0.447824 0.447931"
kernel-time-throughput: N/A
run-time-mean: 0.459764 [s]
run-time-stddev: 0.000936 [s]
run-time-median: 0.459579 [s]
run-time-min: 0.458580 [s]
run-time-samples: "0.458580 0.459309 0.459579 0.460363 0.460989"
run-time-throughput: N/A
kernel-energy-mean: 43.820670 [J]
kernel-energy-stddev: 0.056795 [J]
kernel-energy-median: 43.815035 [J]
kernel-energy-min: 43.748830 [J]
kernel-energy-max: 43.892240 [J]
kernel-energy-samples: "43.748830 43.787775 43.815035 43.859470 43.892240"
Verification: PASS
********** Results for Kmeans_fp64**********
problem-size: 32768
local-size: 256
num-iters: 500000
core-freq: 1192
memory-freq: 877
device-name: Tesla V100-SXM2-16GB
sycl-implementation: LLVM CUDA (Intel DPC++)
throughput-metric: N/A
kernel-time-mean: 0.477872 [s]
kernel-time-stddev: 0.000172 [s]
kernel-time-median: 0.477894 [s]
kernel-time-min: 0.477584 [s]
kernel-time-samples: "0.477584 0.477879 0.477894 0.477969 0.478032"
kernel-time-throughput: N/A
run-time-mean: 0.488266 [s]
run-time-stddev: 0.001700 [s]
run-time-median: 0.488144 [s]
run-time-min: 0.485950 [s]
run-time-samples: "0.485950 0.487423 0.488144 0.489708 0.490107"
run-time-throughput: N/A
kernel-energy-mean: 49.315773 [J]
kernel-energy-stddev: 0.488245 [J]
kernel-energy-median: 49.034575 [J]
kernel-energy-min: 48.984595 [J]
kernel-energy-max: 50.111965 [J]
kernel-energy-samples: "48.984595 48.985155 49.034575 49.462575 50.111965"
Verification: PASS
