********** Results for Kmeans_fp32**********
problem-size: 32768
local-size: 256
num-iters: 500000
core-freq: 772
memory-freq: 877
device-name: Tesla V100-SXM2-16GB
sycl-implementation: LLVM CUDA (Intel DPC++)
throughput-metric: N/A
kernel-time-mean: 0.691096 [s]
kernel-time-stddev: 0.000033 [s]
kernel-time-median: 0.691088 [s]
kernel-time-min: 0.691058 [s]
kernel-time-samples: "0.691058 0.691080 0.691088 0.691110 0.691146"
kernel-time-throughput: N/A
run-time-mean: 0.700708 [s]
run-time-stddev: 0.001704 [s]
run-time-median: 0.700277 [s]
run-time-min: 0.699052 [s]
run-time-samples: "0.699052 0.700197 0.700277 0.700415 0.703597"
run-time-throughput: N/A
kernel-energy-mean: 47.546051 [J]
kernel-energy-stddev: 0.167089 [J]
kernel-energy-median: 47.490545 [J]
kernel-energy-min: 47.444690 [J]
kernel-energy-max: 47.842225 [J]
kernel-energy-samples: "47.444690 47.455215 47.490545 47.497580 47.842225"
Verification: PASS
********** Results for Kmeans_fp64**********
problem-size: 32768
local-size: 256
num-iters: 500000
core-freq: 772
memory-freq: 877
device-name: Tesla V100-SXM2-16GB
sycl-implementation: LLVM CUDA (Intel DPC++)
throughput-metric: N/A
kernel-time-mean: 0.737459 [s]
kernel-time-stddev: 0.000038 [s]
kernel-time-median: 0.737439 [s]
kernel-time-min: 0.737420 [s]
kernel-time-samples: "0.737420 0.737438 0.737439 0.737486 0.737513"
kernel-time-throughput: N/A
run-time-mean: 0.747559 [s]
run-time-stddev: 0.001844 [s]
run-time-median: 0.747121 [s]
run-time-min: 0.745883 [s]
run-time-samples: "0.745883 0.746833 0.747121 0.747242 0.750716"
run-time-throughput: N/A
kernel-energy-mean: 50.745737 [J]
kernel-energy-stddev: 2.085050 [J]
kernel-energy-median: 50.538275 [J]
kernel-energy-min: 47.676465 [J]
kernel-energy-max: 52.738425 [J]
kernel-energy-samples: "47.676465 50.136545 50.538275 52.638975 52.738425"
Verification: PASS
