********** Results for Kmeans_fp32**********
problem-size: 32768
local-size: 256
num-iters: 500000
core-freq: 832
memory-freq: 877
device-name: Tesla V100-SXM2-16GB
sycl-implementation: LLVM CUDA (Intel DPC++)
throughput-metric: N/A
kernel-time-mean: 0.641567 [s]
kernel-time-stddev: 0.000020 [s]
kernel-time-median: 0.641561 [s]
kernel-time-min: 0.641550 [s]
kernel-time-samples: "0.641550 0.641554 0.641561 0.641568 0.641599"
kernel-time-throughput: N/A
run-time-mean: 0.652722 [s]
run-time-stddev: 0.002244 [s]
run-time-median: 0.653076 [s]
run-time-min: 0.649383 [s]
run-time-samples: "0.649383 0.651921 0.653076 0.653881 0.655347"
run-time-throughput: N/A
kernel-energy-mean: 43.055599 [J]
kernel-energy-stddev: 0.547295 [J]
kernel-energy-median: 43.370920 [J]
kernel-energy-min: 42.328000 [J]
kernel-energy-max: 43.514280 [J]
kernel-energy-samples: "42.328000 42.609410 43.370920 43.455385 43.514280"
Verification: PASS
********** Results for Kmeans_fp64**********
problem-size: 32768
local-size: 256
num-iters: 500000
core-freq: 832
memory-freq: 877
device-name: Tesla V100-SXM2-16GB
sycl-implementation: LLVM CUDA (Intel DPC++)
throughput-metric: N/A
kernel-time-mean: 0.684797 [s]
kernel-time-stddev: 0.000264 [s]
kernel-time-median: 0.684670 [s]
kernel-time-min: 0.684641 [s]
kernel-time-samples: "0.684641 0.684670 0.684670 0.684739 0.685264"
kernel-time-throughput: N/A
run-time-mean: 0.694653 [s]
run-time-stddev: 0.001885 [s]
run-time-median: 0.693696 [s]
run-time-min: 0.692698 [s]
run-time-samples: "0.692698 0.693574 0.693696 0.696239 0.697060"
run-time-throughput: N/A
kernel-energy-mean: 48.241715 [J]
kernel-energy-stddev: 0.448397 [J]
kernel-energy-median: 48.120280 [J]
kernel-energy-min: 47.848965 [J]
kernel-energy-max: 49.014000 [J]
kernel-energy-samples: "47.848965 48.060185 48.120280 48.165145 49.014000"
Verification: PASS
