********** Results for Kmeans_fp32**********
problem-size: 32768
local-size: 256
num-iters: 500000
core-freq: 300
memory-freq: 877
device-name: Tesla V100-SXM2-16GB
sycl-implementation: LLVM CUDA (Intel DPC++)
throughput-metric: N/A
kernel-time-mean: 2.477814 [s]
kernel-time-stddev: 0.001543 [s]
kernel-time-median: 2.477941 [s]
kernel-time-min: 2.476348 [s]
kernel-time-samples: "2.476348 2.476464 2.477941 2.478180 2.480137"
kernel-time-throughput: N/A
run-time-mean: 2.490028 [s]
run-time-stddev: 0.003248 [s]
run-time-median: 2.489961 [s]
run-time-min: 2.486768 [s]
run-time-samples: "2.486768 2.487366 2.489961 2.491212 2.494832"
run-time-throughput: N/A
kernel-energy-mean: 91.561905 [J]
kernel-energy-stddev: 0.486656 [J]
kernel-energy-median: 91.698155 [J]
kernel-energy-min: 90.764635 [J]
kernel-energy-max: 91.952370 [J]
kernel-energy-samples: "90.764635 91.469070 91.698155 91.925295 91.952370"
Verification: PASS
********** Results for Kmeans_fp64**********
problem-size: 32768
local-size: 256
num-iters: 500000
core-freq: 300
memory-freq: 877
device-name: Tesla V100-SXM2-16GB
sycl-implementation: LLVM CUDA (Intel DPC++)
throughput-metric: N/A
kernel-time-mean: 2.644377 [s]
kernel-time-stddev: 0.000468 [s]
kernel-time-median: 2.644386 [s]
kernel-time-min: 2.643879 [s]
kernel-time-samples: "2.643879 2.643980 2.644386 2.644621 2.645020"
kernel-time-throughput: N/A
run-time-mean: 2.654726 [s]
run-time-stddev: 0.002856 [s]
run-time-median: 2.654558 [s]
run-time-min: 2.651319 [s]
run-time-samples: "2.651319 2.653761 2.654558 2.654788 2.659204"
run-time-throughput: N/A
kernel-energy-mean: 98.762551 [J]
kernel-energy-stddev: 1.016383 [J]
kernel-energy-median: 99.196865 [J]
kernel-energy-min: 96.970055 [J]
kernel-energy-max: 99.456695 [J]
kernel-energy-samples: "96.970055 98.975910 99.196865 99.213230 99.456695"
Verification: PASS
