********** Results for Kmeans_fp32**********
problem-size: 32768
local-size: 256
num-iters: 500000
core-freq: 720
memory-freq: 877
device-name: Tesla V100-SXM2-16GB
sycl-implementation: LLVM CUDA (Intel DPC++)
throughput-metric: N/A
kernel-time-mean: 0.742075 [s]
kernel-time-stddev: 0.000293 [s]
kernel-time-median: 0.741933 [s]
kernel-time-min: 0.741919 [s]
kernel-time-samples: "0.741919 0.741926 0.741933 0.742002 0.742595"
kernel-time-throughput: N/A
run-time-mean: 0.753099 [s]
run-time-stddev: 0.001167 [s]
run-time-median: 0.753458 [s]
run-time-min: 0.751054 [s]
run-time-samples: "0.751054 0.753418 0.753458 0.753554 0.754009"
run-time-throughput: N/A
kernel-energy-mean: 49.145849 [J]
kernel-energy-stddev: 0.014351 [J]
kernel-energy-median: 49.147825 [J]
kernel-energy-min: 49.124185 [J]
kernel-energy-max: 49.162185 [J]
kernel-energy-samples: "49.124185 49.141275 49.147825 49.153775 49.162185"
Verification: PASS
********** Results for Kmeans_fp64**********
problem-size: 32768
local-size: 256
num-iters: 500000
core-freq: 720
memory-freq: 877
device-name: Tesla V100-SXM2-16GB
sycl-implementation: LLVM CUDA (Intel DPC++)
throughput-metric: N/A
kernel-time-mean: 0.791946 [s]
kernel-time-stddev: 0.000239 [s]
kernel-time-median: 0.791854 [s]
kernel-time-min: 0.791806 [s]
kernel-time-samples: "0.791806 0.791843 0.791854 0.791854 0.792372"
kernel-time-throughput: N/A
run-time-mean: 0.805315 [s]
run-time-stddev: 0.002031 [s]
run-time-median: 0.804796 [s]
run-time-min: 0.803414 [s]
run-time-samples: "0.803414 0.804189 0.804796 0.805498 0.808679"
run-time-throughput: N/A
kernel-energy-mean: 54.529066 [J]
kernel-energy-stddev: 0.034798 [J]
kernel-energy-median: 54.538375 [J]
kernel-energy-min: 54.470230 [J]
kernel-energy-max: 54.556050 [J]
kernel-energy-samples: "54.470230 54.527825 54.538375 54.552850 54.556050"
Verification: PASS
