********** Results for Kmeans_fp32**********
problem-size: 32768
local-size: 256
num-iters: 500000
core-freq: 742
memory-freq: 877
device-name: Tesla V100-SXM2-16GB
sycl-implementation: LLVM CUDA (Intel DPC++)
throughput-metric: N/A
kernel-time-mean: 0.719634 [s]
kernel-time-stddev: 0.000029 [s]
kernel-time-median: 0.719635 [s]
kernel-time-min: 0.719587 [s]
kernel-time-samples: "0.719587 0.719634 0.719635 0.719650 0.719666"
kernel-time-throughput: N/A
run-time-mean: 0.731160 [s]
run-time-stddev: 0.005074 [s]
run-time-median: 0.729846 [s]
run-time-min: 0.727588 [s]
run-time-samples: "0.727588 0.728395 0.729846 0.729906 0.740065"
run-time-throughput: N/A
kernel-energy-mean: 48.516002 [J]
kernel-energy-stddev: 0.168298 [J]
kernel-energy-median: 48.457755 [J]
kernel-energy-min: 48.362665 [J]
kernel-energy-max: 48.789280 [J]
kernel-energy-samples: "48.362665 48.415125 48.457755 48.555185 48.789280"
Verification: PASS
********** Results for Kmeans_fp64**********
problem-size: 32768
local-size: 256
num-iters: 500000
core-freq: 742
memory-freq: 877
device-name: Tesla V100-SXM2-16GB
sycl-implementation: LLVM CUDA (Intel DPC++)
throughput-metric: N/A
kernel-time-mean: 0.768143 [s]
kernel-time-stddev: 0.000279 [s]
kernel-time-median: 0.768005 [s]
kernel-time-min: 0.767993 [s]
kernel-time-samples: "0.767993 0.768004 0.768005 0.768074 0.768638"
kernel-time-throughput: N/A
run-time-mean: 0.781659 [s]
run-time-stddev: 0.004068 [s]
run-time-median: 0.781107 [s]
run-time-min: 0.776223 [s]
run-time-samples: "0.776223 0.780233 0.781107 0.783520 0.787213"
run-time-throughput: N/A
kernel-energy-mean: 53.839882 [J]
kernel-energy-stddev: 0.202149 [J]
kernel-energy-median: 53.893455 [J]
kernel-energy-min: 53.491325 [J]
kernel-energy-max: 54.012400 [J]
kernel-energy-samples: "53.491325 53.870840 53.893455 53.931390 54.012400"
Verification: PASS
