********** Results for Kmeans_fp32**********
problem-size: 32768
local-size: 256
num-iters: 500000
core-freq: 1237
memory-freq: 877
device-name: Tesla V100-SXM2-16GB
sycl-implementation: LLVM CUDA (Intel DPC++)
throughput-metric: N/A
kernel-time-mean: 0.431904 [s]
kernel-time-stddev: 0.000440 [s]
kernel-time-median: 0.431941 [s]
kernel-time-min: 0.431430 [s]
kernel-time-samples: "0.431430 0.431548 0.431941 0.432068 0.432534"
kernel-time-throughput: N/A
run-time-mean: 0.445709 [s]
run-time-stddev: 0.003839 [s]
run-time-median: 0.444833 [s]
run-time-min: 0.440822 [s]
run-time-samples: "0.440822 0.443959 0.444833 0.448241 0.450693"
run-time-throughput: N/A
kernel-energy-mean: 42.299071 [J]
kernel-energy-stddev: 1.229712 [J]
kernel-energy-median: 42.075900 [J]
kernel-energy-min: 41.380060 [J]
kernel-energy-max: 44.424815 [J]
kernel-energy-samples: "41.380060 41.531705 42.075900 42.082875 44.424815"
Verification: PASS
********** Results for Kmeans_fp64**********
problem-size: 32768
local-size: 256
num-iters: 500000
core-freq: 1237
memory-freq: 877
device-name: Tesla V100-SXM2-16GB
sycl-implementation: LLVM CUDA (Intel DPC++)
throughput-metric: N/A
kernel-time-mean: 0.461527 [s]
kernel-time-stddev: 0.000322 [s]
kernel-time-median: 0.461347 [s]
kernel-time-min: 0.461272 [s]
kernel-time-samples: "0.461272 0.461272 0.461347 0.461784 0.461959"
kernel-time-throughput: N/A
run-time-mean: 0.477849 [s]
run-time-stddev: 0.002665 [s]
run-time-median: 0.479689 [s]
run-time-min: 0.474515 [s]
run-time-samples: "0.474515 0.475385 0.479689 0.479779 0.479875"
run-time-throughput: N/A
kernel-energy-mean: 49.736100 [J]
kernel-energy-stddev: 0.532972 [J]
kernel-energy-median: 49.816265 [J]
kernel-energy-min: 48.964300 [J]
kernel-energy-max: 50.453860 [J]
kernel-energy-samples: "48.964300 49.626560 49.816265 49.819515 50.453860"
Verification: PASS
