********** Results for Kmeans_fp32**********
problem-size: 32768
local-size: 256
num-iters: 500000
core-freq: 1050
memory-freq: 877
device-name: Tesla V100-SXM2-16GB
sycl-implementation: LLVM CUDA (Intel DPC++)
throughput-metric: N/A
kernel-time-mean: 0.507220 [s]
kernel-time-stddev: 0.002406 [s]
kernel-time-median: 0.506396 [s]
kernel-time-min: 0.504867 [s]
kernel-time-samples: "0.504867 0.505273 0.506396 0.509683 0.509880"
kernel-time-throughput: N/A
run-time-mean: 0.519439 [s]
run-time-stddev: 0.002354 [s]
run-time-median: 0.518743 [s]
run-time-min: 0.517895 [s]
run-time-samples: "0.517895 0.517952 0.518743 0.519054 0.523553"
run-time-throughput: N/A
kernel-energy-mean: 41.802648 [J]
kernel-energy-stddev: 0.241012 [J]
kernel-energy-median: 41.945645 [J]
kernel-energy-min: 41.445095 [J]
kernel-energy-max: 41.987505 [J]
kernel-energy-samples: "41.445095 41.660270 41.945645 41.974725 41.987505"
Verification: PASS
********** Results for Kmeans_fp64**********
problem-size: 32768
local-size: 256
num-iters: 500000
core-freq: 1050
memory-freq: 877
device-name: Tesla V100-SXM2-16GB
sycl-implementation: LLVM CUDA (Intel DPC++)
throughput-metric: N/A
kernel-time-mean: 0.541733 [s]
kernel-time-stddev: 0.002685 [s]
kernel-time-median: 0.543676 [s]
kernel-time-min: 0.538538 [s]
kernel-time-samples: "0.538538 0.539061 0.543676 0.543692 0.543700"
kernel-time-throughput: N/A
run-time-mean: 0.554150 [s]
run-time-stddev: 0.003899 [s]
run-time-median: 0.554242 [s]
run-time-min: 0.549700 [s]
run-time-samples: "0.549700 0.551122 0.554242 0.556339 0.559349"
run-time-throughput: N/A
kernel-energy-mean: 46.816736 [J]
kernel-energy-stddev: 0.388024 [J]
kernel-energy-median: 46.904365 [J]
kernel-energy-min: 46.176610 [J]
kernel-energy-max: 47.172450 [J]
kernel-energy-samples: "46.176610 46.775635 46.904365 47.054620 47.172450"
Verification: PASS
