********** Results for Kmeans_fp32**********
problem-size: 32768
local-size: 256
num-iters: 500000
core-freq: 975
memory-freq: 877
device-name: Tesla V100-SXM2-16GB
sycl-implementation: LLVM CUDA (Intel DPC++)
throughput-metric: N/A
kernel-time-mean: 0.547174 [s]
kernel-time-stddev: 0.000018 [s]
kernel-time-median: 0.547184 [s]
kernel-time-min: 0.547143 [s]
kernel-time-samples: "0.547143 0.547174 0.547184 0.547185 0.547185"
kernel-time-throughput: N/A
run-time-mean: 0.558046 [s]
run-time-stddev: 0.001831 [s]
run-time-median: 0.557569 [s]
run-time-min: 0.555981 [s]
run-time-samples: "0.555981 0.557427 0.557569 0.558296 0.560957"
run-time-throughput: N/A
kernel-energy-mean: 40.580421 [J]
kernel-energy-stddev: 1.847718 [J]
kernel-energy-median: 40.457800 [J]
kernel-energy-min: 37.687185 [J]
kernel-energy-max: 42.207980 [J]
kernel-energy-samples: "37.687185 40.364140 40.457800 42.185000 42.207980"
Verification: PASS
********** Results for Kmeans_fp64**********
problem-size: 32768
local-size: 256
num-iters: 500000
core-freq: 975
memory-freq: 877
device-name: Tesla V100-SXM2-16GB
sycl-implementation: LLVM CUDA (Intel DPC++)
throughput-metric: N/A
kernel-time-mean: 0.583968 [s]
kernel-time-stddev: 0.000022 [s]
kernel-time-median: 0.583966 [s]
kernel-time-min: 0.583942 [s]
kernel-time-samples: "0.583942 0.583959 0.583966 0.583969 0.584003"
kernel-time-throughput: N/A
run-time-mean: 0.594432 [s]
run-time-stddev: 0.001968 [s]
run-time-median: 0.594735 [s]
run-time-min: 0.591570 [s]
run-time-samples: "0.591570 0.593474 0.594735 0.595968 0.596415"
run-time-throughput: N/A
kernel-energy-mean: 47.195852 [J]
kernel-energy-stddev: 0.258474 [J]
kernel-energy-median: 47.272340 [J]
kernel-energy-min: 46.739310 [J]
kernel-energy-max: 47.358430 [J]
kernel-energy-samples: "46.739310 47.266675 47.272340 47.342505 47.358430"
Verification: PASS
