********** Results for Kmeans_fp32**********
problem-size: 32768
local-size: 256
num-iters: 500000
core-freq: 1072
memory-freq: 877
device-name: Tesla V100-SXM2-16GB
sycl-implementation: LLVM CUDA (Intel DPC++)
throughput-metric: N/A
kernel-time-mean: 0.498551 [s]
kernel-time-stddev: 0.000481 [s]
kernel-time-median: 0.498663 [s]
kernel-time-min: 0.498048 [s]
kernel-time-samples: "0.498048 0.498128 0.498663 0.498684 0.499233"
kernel-time-throughput: N/A
run-time-mean: 0.508874 [s]
run-time-stddev: 0.001656 [s]
run-time-median: 0.508966 [s]
run-time-min: 0.506566 [s]
run-time-samples: "0.506566 0.507988 0.508966 0.510278 0.510573"
run-time-throughput: N/A
kernel-energy-mean: 41.351295 [J]
kernel-energy-stddev: 0.293745 [J]
kernel-energy-median: 41.455745 [J]
kernel-energy-min: 41.020715 [J]
kernel-energy-max: 41.639615 [J]
kernel-energy-samples: "41.020715 41.055730 41.455745 41.584670 41.639615"
Verification: PASS
********** Results for Kmeans_fp64**********
problem-size: 32768
local-size: 256
num-iters: 500000
core-freq: 1072
memory-freq: 877
device-name: Tesla V100-SXM2-16GB
sycl-implementation: LLVM CUDA (Intel DPC++)
throughput-metric: N/A
kernel-time-mean: 0.531995 [s]
kernel-time-stddev: 0.000522 [s]
kernel-time-median: 0.532036 [s]
kernel-time-min: 0.531419 [s]
kernel-time-samples: "0.531419 0.531619 0.532036 0.532132 0.532768"
kernel-time-throughput: N/A
run-time-mean: 0.545138 [s]
run-time-stddev: 0.004286 [s]
run-time-median: 0.544346 [s]
run-time-min: 0.540651 [s]
run-time-samples: "0.540651 0.543547 0.544346 0.544925 0.552220"
run-time-throughput: N/A
kernel-energy-mean: 46.359069 [J]
kernel-energy-stddev: 0.153104 [J]
kernel-energy-median: 46.408220 [J]
kernel-energy-min: 46.096630 [J]
kernel-energy-max: 46.476700 [J]
kernel-energy-samples: "46.096630 46.361835 46.408220 46.451960 46.476700"
Verification: PASS
