********** Results for Kmeans_fp32**********
problem-size: 32768
local-size: 256
num-iters: 500000
core-freq: 922
memory-freq: 877
device-name: Tesla V100-SXM2-16GB
sycl-implementation: LLVM CUDA (Intel DPC++)
throughput-metric: N/A
kernel-time-mean: 0.578471 [s]
kernel-time-stddev: 0.000033 [s]
kernel-time-median: 0.578460 [s]
kernel-time-min: 0.578439 [s]
kernel-time-samples: "0.578439 0.578452 0.578460 0.578483 0.578522"
kernel-time-throughput: N/A
run-time-mean: 0.588796 [s]
run-time-stddev: 0.002991 [s]
run-time-median: 0.589738 [s]
run-time-min: 0.585362 [s]
run-time-samples: "0.585362 0.585894 0.589738 0.591240 0.591747"
run-time-throughput: N/A
kernel-energy-mean: 42.454522 [J]
kernel-energy-stddev: 0.127048 [J]
kernel-energy-median: 42.474140 [J]
kernel-energy-min: 42.247350 [J]
kernel-energy-max: 42.581190 [J]
kernel-energy-samples: "42.247350 42.443970 42.474140 42.525960 42.581190"
Verification: PASS
********** Results for Kmeans_fp64**********
problem-size: 32768
local-size: 256
num-iters: 500000
core-freq: 922
memory-freq: 877
device-name: Tesla V100-SXM2-16GB
sycl-implementation: LLVM CUDA (Intel DPC++)
throughput-metric: N/A
kernel-time-mean: 0.617572 [s]
kernel-time-stddev: 0.000286 [s]
kernel-time-median: 0.617386 [s]
kernel-time-min: 0.617347 [s]
kernel-time-samples: "0.617347 0.617357 0.617386 0.617867 0.617904"
kernel-time-throughput: N/A
run-time-mean: 0.627033 [s]
run-time-stddev: 0.002026 [s]
run-time-median: 0.627781 [s]
run-time-min: 0.624845 [s]
run-time-samples: "0.624845 0.624954 0.627781 0.628265 0.629319"
run-time-throughput: N/A
kernel-energy-mean: 47.571337 [J]
kernel-energy-stddev: 0.360279 [J]
kernel-energy-median: 47.589225 [J]
kernel-energy-min: 47.163760 [J]
kernel-energy-max: 48.085965 [J]
kernel-energy-samples: "47.163760 47.308720 47.589225 47.709015 48.085965"
Verification: PASS
