********** Results for Kmeans_fp32**********
problem-size: 32768
local-size: 256
num-iters: 500000
core-freq: 397
memory-freq: 877
device-name: Tesla V100-SXM2-16GB
sycl-implementation: LLVM CUDA (Intel DPC++)
throughput-metric: N/A
kernel-time-mean: 2.552264 [s]
kernel-time-stddev: 0.000723 [s]
kernel-time-median: 2.551911 [s]
kernel-time-min: 2.551828 [s]
kernel-time-samples: "2.551828 2.551843 2.551911 2.552211 2.553527"
kernel-time-throughput: N/A
run-time-mean: 2.563026 [s]
run-time-stddev: 0.001132 [s]
run-time-median: 2.563045 [s]
run-time-min: 2.561798 [s]
run-time-samples: "2.561798 2.562316 2.563045 2.563185 2.564784"
run-time-throughput: N/A
kernel-energy-mean: 63.372246 [J]
kernel-energy-stddev: 0.740404 [J]
kernel-energy-median: 63.733300 [J]
kernel-energy-min: 62.062200 [J]
kernel-energy-max: 63.808775 [J]
kernel-energy-samples: "62.062200 63.518150 63.733300 63.738805 63.808775"
Verification: PASS
********** Results for Kmeans_fp64**********
problem-size: 32768
local-size: 256
num-iters: 500000
core-freq: 397
memory-freq: 877
device-name: Tesla V100-SXM2-16GB
sycl-implementation: LLVM CUDA (Intel DPC++)
throughput-metric: N/A
kernel-time-mean: 2.723824 [s]
kernel-time-stddev: 0.000586 [s]
kernel-time-median: 2.723637 [s]
kernel-time-min: 2.723217 [s]
kernel-time-samples: "2.723217 2.723607 2.723637 2.723873 2.724784"
kernel-time-throughput: N/A
run-time-mean: 2.734415 [s]
run-time-stddev: 0.002751 [s]
run-time-median: 2.733958 [s]
run-time-min: 2.731007 [s]
run-time-samples: "2.731007 2.732932 2.733958 2.736101 2.738077"
run-time-throughput: N/A
kernel-energy-mean: 68.877383 [J]
kernel-energy-stddev: 0.370888 [J]
kernel-energy-median: 68.987855 [J]
kernel-energy-min: 68.236065 [J]
kernel-energy-max: 69.201885 [J]
kernel-energy-samples: "68.236065 68.971930 68.987855 68.989180 69.201885"
Verification: PASS
