********** Results for Kmeans_fp32**********
problem-size: 32768
local-size: 256
num-iters: 500000
core-freq: 825
memory-freq: 877
device-name: Tesla V100-SXM2-16GB
sycl-implementation: LLVM CUDA (Intel DPC++)
throughput-metric: N/A
kernel-time-mean: 0.646905 [s]
kernel-time-stddev: 0.000280 [s]
kernel-time-median: 0.646789 [s]
kernel-time-min: 0.646742 [s]
kernel-time-samples: "0.646742 0.646770 0.646789 0.646823 0.647404"
kernel-time-throughput: N/A
run-time-mean: 0.656654 [s]
run-time-stddev: 0.000927 [s]
run-time-median: 0.656994 [s]
run-time-min: 0.655002 [s]
run-time-samples: "0.655002 0.656985 0.656994 0.657129 0.657159"
run-time-throughput: N/A
kernel-energy-mean: 44.292408 [J]
kernel-energy-stddev: 0.152955 [J]
kernel-energy-median: 44.350365 [J]
kernel-energy-min: 44.024635 [J]
kernel-energy-max: 44.410645 [J]
kernel-energy-samples: "44.024635 44.325030 44.350365 44.351365 44.410645"
Verification: PASS
********** Results for Kmeans_fp64**********
problem-size: 32768
local-size: 256
num-iters: 500000
core-freq: 825
memory-freq: 877
device-name: Tesla V100-SXM2-16GB
sycl-implementation: LLVM CUDA (Intel DPC++)
throughput-metric: N/A
kernel-time-mean: 0.690317 [s]
kernel-time-stddev: 0.000013 [s]
kernel-time-median: 0.690321 [s]
kernel-time-min: 0.690298 [s]
kernel-time-samples: "0.690298 0.690311 0.690321 0.690327 0.690330"
kernel-time-throughput: N/A
run-time-mean: 0.701201 [s]
run-time-stddev: 0.002104 [s]
run-time-median: 0.700827 [s]
run-time-min: 0.699238 [s]
run-time-samples: "0.699238 0.700237 0.700827 0.700935 0.704765"
run-time-throughput: N/A
kernel-energy-mean: 47.766800 [J]
kernel-energy-stddev: 2.957304 [J]
kernel-energy-median: 49.103295 [J]
kernel-energy-min: 42.478510 [J]
kernel-energy-max: 49.151090 [J]
kernel-energy-samples: "42.478510 48.955505 49.103295 49.145600 49.151090"
Verification: PASS
