********** Results for Kmeans_fp32**********
problem-size: 32768
local-size: 256
num-iters: 500000
core-freq: 1305
memory-freq: 877
device-name: Tesla V100-SXM2-16GB
sycl-implementation: LLVM CUDA (Intel DPC++)
throughput-metric: N/A
kernel-time-mean: 0.407694 [s]
kernel-time-stddev: 0.000293 [s]
kernel-time-median: 0.407537 [s]
kernel-time-min: 0.407440 [s]
kernel-time-samples: "0.407440 0.407478 0.407537 0.407933 0.408082"
kernel-time-throughput: N/A
run-time-mean: 0.421633 [s]
run-time-stddev: 0.002666 [s]
run-time-median: 0.420790 [s]
run-time-min: 0.419348 [s]
run-time-samples: "0.419348 0.419724 0.420790 0.422393 0.425909"
run-time-throughput: N/A
kernel-energy-mean: 47.587458 [J]
kernel-energy-stddev: 0.428214 [J]
kernel-energy-median: 47.537200 [J]
kernel-energy-min: 47.047150 [J]
kernel-energy-max: 48.223855 [J]
kernel-energy-samples: "47.047150 47.436170 47.537200 47.692915 48.223855"
Verification: PASS
********** Results for Kmeans_fp64**********
problem-size: 32768
local-size: 256
num-iters: 500000
core-freq: 1305
memory-freq: 877
device-name: Tesla V100-SXM2-16GB
sycl-implementation: LLVM CUDA (Intel DPC++)
throughput-metric: N/A
kernel-time-mean: 0.434783 [s]
kernel-time-stddev: 0.000391 [s]
kernel-time-median: 0.434702 [s]
kernel-time-min: 0.434435 [s]
kernel-time-samples: "0.434435 0.434436 0.434702 0.434996 0.435346"
kernel-time-throughput: N/A
run-time-mean: 0.446800 [s]
run-time-stddev: 0.003163 [s]
run-time-median: 0.446177 [s]
run-time-min: 0.443750 [s]
run-time-samples: "0.443750 0.444453 0.446177 0.447984 0.451638"
run-time-throughput: N/A
kernel-energy-mean: 53.692040 [J]
kernel-energy-stddev: 0.632880 [J]
kernel-energy-median: 53.652530 [J]
kernel-energy-min: 53.035015 [J]
kernel-energy-max: 54.515445 [J]
kernel-energy-samples: "53.035015 53.137250 53.652530 54.119960 54.515445"
Verification: PASS
