********** Results for Kmeans_fp32**********
problem-size: 32768
local-size: 256
num-iters: 500000
core-freq: 1462
memory-freq: 877
device-name: Tesla V100-SXM2-16GB
sycl-implementation: LLVM CUDA (Intel DPC++)
throughput-metric: N/A
kernel-time-mean: 0.364871 [s]
kernel-time-stddev: 0.000020 [s]
kernel-time-median: 0.364870 [s]
kernel-time-min: 0.364844 [s]
kernel-time-samples: "0.364844 0.364864 0.364870 0.364880 0.364899"
kernel-time-throughput: N/A
run-time-mean: 0.376237 [s]
run-time-stddev: 0.003062 [s]
run-time-median: 0.374743 [s]
run-time-min: 0.374182 [s]
run-time-samples: "0.374182 0.374656 0.374743 0.376029 0.381575"
run-time-throughput: N/A
kernel-energy-mean: 51.710423 [J]
kernel-energy-stddev: 0.509676 [J]
kernel-energy-median: 51.749685 [J]
kernel-energy-min: 50.923835 [J]
kernel-energy-max: 52.353015 [J]
kernel-energy-samples: "50.923835 51.748530 51.749685 51.777050 52.353015"
Verification: PASS
********** Results for Kmeans_fp64**********
problem-size: 32768
local-size: 256
num-iters: 500000
core-freq: 1462
memory-freq: 877
device-name: Tesla V100-SXM2-16GB
sycl-implementation: LLVM CUDA (Intel DPC++)
throughput-metric: N/A
kernel-time-mean: 0.389321 [s]
kernel-time-stddev: 0.000101 [s]
kernel-time-median: 0.389300 [s]
kernel-time-min: 0.389189 [s]
kernel-time-samples: "0.389189 0.389287 0.389300 0.389373 0.389458"
kernel-time-throughput: N/A
run-time-mean: 0.403556 [s]
run-time-stddev: 0.004524 [s]
run-time-median: 0.402152 [s]
run-time-min: 0.400101 [s]
run-time-samples: "0.400101 0.401493 0.402152 0.402559 0.411476"
run-time-throughput: N/A
kernel-energy-mean: 57.721139 [J]
kernel-energy-stddev: 0.410293 [J]
kernel-energy-median: 57.749460 [J]
kernel-energy-min: 57.268140 [J]
kernel-energy-max: 58.351010 [J]
kernel-energy-samples: "57.268140 57.461125 57.749460 57.775960 58.351010"
Verification: PASS
