********** Results for Kmeans_fp32**********
problem-size: 32768
local-size: 256
num-iters: 500000
core-freq: 1432
memory-freq: 877
device-name: Tesla V100-SXM2-16GB
sycl-implementation: LLVM CUDA (Intel DPC++)
throughput-metric: N/A
kernel-time-mean: 0.373055 [s]
kernel-time-stddev: 0.000385 [s]
kernel-time-median: 0.373005 [s]
kernel-time-min: 0.372648 [s]
kernel-time-samples: "0.372648 0.372825 0.373005 0.373136 0.373659"
kernel-time-throughput: N/A
run-time-mean: 0.385210 [s]
run-time-stddev: 0.002404 [s]
run-time-median: 0.386726 [s]
run-time-min: 0.382475 [s]
run-time-samples: "0.382475 0.382708 0.386726 0.386797 0.387344"
run-time-throughput: N/A
kernel-energy-mean: 52.275241 [J]
kernel-energy-stddev: 0.483626 [J]
kernel-energy-median: 52.542495 [J]
kernel-energy-min: 51.652525 [J]
kernel-energy-max: 52.675470 [J]
kernel-energy-samples: "51.652525 51.855875 52.542495 52.649840 52.675470"
Verification: PASS
********** Results for Kmeans_fp64**********
problem-size: 32768
local-size: 256
num-iters: 500000
core-freq: 1432
memory-freq: 877
device-name: Tesla V100-SXM2-16GB
sycl-implementation: LLVM CUDA (Intel DPC++)
throughput-metric: N/A
kernel-time-mean: 0.397899 [s]
kernel-time-stddev: 0.000278 [s]
kernel-time-median: 0.397894 [s]
kernel-time-min: 0.397537 [s]
kernel-time-samples: "0.397537 0.397741 0.397894 0.398072 0.398250"
kernel-time-throughput: N/A
run-time-mean: 0.409623 [s]
run-time-stddev: 0.000238 [s]
run-time-median: 0.409650 [s]
run-time-min: 0.409290 [s]
run-time-samples: "0.409290 0.409489 0.409650 0.409840 0.409846"
run-time-throughput: N/A
kernel-energy-mean: 59.057218 [J]
kernel-energy-stddev: 0.147210 [J]
kernel-energy-median: 59.122150 [J]
kernel-energy-min: 58.865780 [J]
kernel-energy-max: 59.217150 [J]
kernel-energy-samples: "58.865780 58.941305 59.122150 59.139705 59.217150"
Verification: PASS
