********** Results for Kmeans_fp32**********
problem-size: 32768
local-size: 256
num-iters: 500000
core-freq: 937
memory-freq: 877
device-name: Tesla V100-SXM2-16GB
sycl-implementation: LLVM CUDA (Intel DPC++)
throughput-metric: N/A
kernel-time-mean: 0.569176 [s]
kernel-time-stddev: 0.000017 [s]
kernel-time-median: 0.569173 [s]
kernel-time-min: 0.569161 [s]
kernel-time-samples: "0.569161 0.569168 0.569173 0.569174 0.569205"
kernel-time-throughput: N/A
run-time-mean: 0.582430 [s]
run-time-stddev: 0.002800 [s]
run-time-median: 0.582174 [s]
run-time-min: 0.579548 [s]
run-time-samples: "0.579548 0.580425 0.582174 0.583307 0.586697"
run-time-throughput: N/A
kernel-energy-mean: 42.639694 [J]
kernel-energy-stddev: 0.233676 [J]
kernel-energy-median: 42.757055 [J]
kernel-energy-min: 42.310930 [J]
kernel-energy-max: 42.857590 [J]
kernel-energy-samples: "42.310930 42.479830 42.757055 42.793065 42.857590"
Verification: PASS
********** Results for Kmeans_fp64**********
problem-size: 32768
local-size: 256
num-iters: 500000
core-freq: 937
memory-freq: 877
device-name: Tesla V100-SXM2-16GB
sycl-implementation: LLVM CUDA (Intel DPC++)
throughput-metric: N/A
kernel-time-mean: 0.607442 [s]
kernel-time-stddev: 0.000026 [s]
kernel-time-median: 0.607442 [s]
kernel-time-min: 0.607408 [s]
kernel-time-samples: "0.607408 0.607429 0.607442 0.607451 0.607478"
kernel-time-throughput: N/A
run-time-mean: 0.619580 [s]
run-time-stddev: 0.002566 [s]
run-time-median: 0.619678 [s]
run-time-min: 0.616004 [s]
run-time-samples: "0.616004 0.619067 0.619678 0.619946 0.623205"
run-time-throughput: N/A
kernel-energy-mean: 47.197067 [J]
kernel-energy-stddev: 0.235541 [J]
kernel-energy-median: 47.304185 [J]
kernel-energy-min: 46.794110 [J]
kernel-energy-max: 47.358465 [J]
kernel-energy-samples: "46.794110 47.183720 47.304185 47.344855 47.358465"
Verification: PASS
