********** Results for Kmeans_fp32**********
problem-size: 32768
local-size: 256
num-iters: 500000
core-freq: 495
memory-freq: 877
device-name: Tesla V100-SXM2-16GB
sycl-implementation: LLVM CUDA (Intel DPC++)
throughput-metric: N/A
kernel-time-mean: 1.083858 [s]
kernel-time-stddev: 0.000084 [s]
kernel-time-median: 1.083835 [s]
kernel-time-min: 1.083761 [s]
kernel-time-samples: "1.083761 1.083833 1.083835 1.083873 1.083990"
kernel-time-throughput: N/A
run-time-mean: 1.094321 [s]
run-time-stddev: 0.002240 [s]
run-time-median: 1.094324 [s]
run-time-min: 1.091385 [s]
run-time-samples: "1.091385 1.092923 1.094324 1.096253 1.096720"
run-time-throughput: N/A
kernel-energy-mean: 60.049356 [J]
kernel-energy-stddev: 0.771170 [J]
kernel-energy-median: 60.247800 [J]
kernel-energy-min: 58.734700 [J]
kernel-energy-max: 60.614620 [J]
kernel-energy-samples: "58.734700 60.060430 60.247800 60.589230 60.614620"
Verification: PASS
********** Results for Kmeans_fp64**********
problem-size: 32768
local-size: 256
num-iters: 500000
core-freq: 495
memory-freq: 877
device-name: Tesla V100-SXM2-16GB
sycl-implementation: LLVM CUDA (Intel DPC++)
throughput-metric: N/A
kernel-time-mean: 1.156677 [s]
kernel-time-stddev: 0.000041 [s]
kernel-time-median: 1.156665 [s]
kernel-time-min: 1.156631 [s]
kernel-time-samples: "1.156631 1.156652 1.156665 1.156706 1.156732"
kernel-time-throughput: N/A
run-time-mean: 1.166505 [s]
run-time-stddev: 0.003392 [s]
run-time-median: 1.164291 [s]
run-time-min: 1.164083 [s]
run-time-samples: "1.164083 1.164135 1.164291 1.168409 1.171605"
run-time-throughput: N/A
kernel-energy-mean: 57.698489 [J]
kernel-energy-stddev: 0.167866 [J]
kernel-energy-median: 57.756630 [J]
kernel-energy-min: 57.516280 [J]
kernel-energy-max: 57.871820 [J]
kernel-energy-samples: "57.516280 57.524060 57.756630 57.823655 57.871820"
Verification: PASS
