********** Results for Kmeans_fp32**********
problem-size: 32768
local-size: 256
num-iters: 500000
core-freq: 1245
memory-freq: 877
device-name: Tesla V100-SXM2-16GB
sycl-implementation: LLVM CUDA (Intel DPC++)
throughput-metric: N/A
kernel-time-mean: 0.426779 [s]
kernel-time-stddev: 0.000439 [s]
kernel-time-median: 0.426725 [s]
kernel-time-min: 0.426332 [s]
kernel-time-samples: "0.426332 0.426380 0.426725 0.427197 0.427262"
kernel-time-throughput: N/A
run-time-mean: 0.439530 [s]
run-time-stddev: 0.003338 [s]
run-time-median: 0.438334 [s]
run-time-min: 0.437166 [s]
run-time-samples: "0.437166 0.438199 0.438334 0.438527 0.445426"
run-time-throughput: N/A
kernel-energy-mean: 45.339070 [J]
kernel-energy-stddev: 0.048785 [J]
kernel-energy-median: 45.343685 [J]
kernel-energy-min: 45.281305 [J]
kernel-energy-max: 45.387020 [J]
kernel-energy-samples: "45.281305 45.297800 45.343685 45.385540 45.387020"
Verification: PASS
********** Results for Kmeans_fp64**********
problem-size: 32768
local-size: 256
num-iters: 500000
core-freq: 1245
memory-freq: 877
device-name: Tesla V100-SXM2-16GB
sycl-implementation: LLVM CUDA (Intel DPC++)
throughput-metric: N/A
kernel-time-mean: 0.455651 [s]
kernel-time-stddev: 0.000154 [s]
kernel-time-median: 0.455606 [s]
kernel-time-min: 0.455465 [s]
kernel-time-samples: "0.455465 0.455591 0.455606 0.455721 0.455874"
kernel-time-throughput: N/A
run-time-mean: 0.466301 [s]
run-time-stddev: 0.001494 [s]
run-time-median: 0.466022 [s]
run-time-min: 0.464683 [s]
run-time-samples: "0.464683 0.465126 0.466022 0.467576 0.468098"
run-time-throughput: N/A
kernel-energy-mean: 50.896252 [J]
kernel-energy-stddev: 0.090040 [J]
kernel-energy-median: 50.924215 [J]
kernel-energy-min: 50.772915 [J]
kernel-energy-max: 50.980680 [J]
kernel-energy-samples: "50.772915 50.833730 50.924215 50.969720 50.980680"
Verification: PASS
