********** Results for Kmeans_fp32**********
problem-size: 32768
local-size: 256
num-iters: 500000
core-freq: 1335
memory-freq: 877
device-name: Tesla V100-SXM2-16GB
sycl-implementation: LLVM CUDA (Intel DPC++)
throughput-metric: N/A
kernel-time-mean: 0.400108 [s]
kernel-time-stddev: 0.000696 [s]
kernel-time-median: 0.400174 [s]
kernel-time-min: 0.399327 [s]
kernel-time-samples: "0.399327 0.399472 0.400174 0.400742 0.400825"
kernel-time-throughput: N/A
run-time-mean: 0.410895 [s]
run-time-stddev: 0.002570 [s]
run-time-median: 0.409761 [s]
run-time-min: 0.408673 [s]
run-time-samples: "0.408673 0.408800 0.409761 0.412928 0.414311"
run-time-throughput: N/A
kernel-energy-mean: 45.793803 [J]
kernel-energy-stddev: 1.264113 [J]
kernel-energy-median: 46.167305 [J]
kernel-energy-min: 43.580430 [J]
kernel-energy-max: 46.649115 [J]
kernel-energy-samples: "43.580430 46.024200 46.167305 46.547965 46.649115"
Verification: PASS
********** Results for Kmeans_fp64**********
problem-size: 32768
local-size: 256
num-iters: 500000
core-freq: 1335
memory-freq: 877
device-name: Tesla V100-SXM2-16GB
sycl-implementation: LLVM CUDA (Intel DPC++)
throughput-metric: N/A
kernel-time-mean: 0.427240 [s]
kernel-time-stddev: 0.000561 [s]
kernel-time-median: 0.427335 [s]
kernel-time-min: 0.426274 [s]
kernel-time-samples: "0.426274 0.427329 0.427335 0.427611 0.427652"
kernel-time-throughput: N/A
run-time-mean: 0.437367 [s]
run-time-stddev: 0.001613 [s]
run-time-median: 0.437314 [s]
run-time-min: 0.435592 [s]
run-time-samples: "0.435592 0.436148 0.437314 0.438139 0.439640"
run-time-throughput: N/A
kernel-energy-mean: 51.815054 [J]
kernel-energy-stddev: 0.189986 [J]
kernel-energy-median: 51.824580 [J]
kernel-energy-min: 51.506645 [J]
kernel-energy-max: 52.019045 [J]
kernel-energy-samples: "51.506645 51.823405 51.824580 51.901595 52.019045"
Verification: PASS
