********** Results for Kmeans_fp32**********
problem-size: 32768
local-size: 256
num-iters: 500000
core-freq: 697
memory-freq: 877
device-name: Tesla V100-SXM2-16GB
sycl-implementation: LLVM CUDA (Intel DPC++)
throughput-metric: N/A
kernel-time-mean: 0.765935 [s]
kernel-time-stddev: 0.000276 [s]
kernel-time-median: 0.765850 [s]
kernel-time-min: 0.765750 [s]
kernel-time-samples: "0.765750 0.765800 0.765850 0.765851 0.766422"
kernel-time-throughput: N/A
run-time-mean: 0.774705 [s]
run-time-stddev: 0.000437 [s]
run-time-median: 0.774857 [s]
run-time-min: 0.774158 [s]
run-time-samples: "0.774158 0.774348 0.774857 0.774960 0.775204"
run-time-throughput: N/A
kernel-energy-mean: 49.741167 [J]
kernel-energy-stddev: 0.021762 [J]
kernel-energy-median: 49.750300 [J]
kernel-energy-min: 49.707165 [J]
kernel-energy-max: 49.762790 [J]
kernel-energy-samples: "49.707165 49.733250 49.750300 49.752330 49.762790"
Verification: PASS
********** Results for Kmeans_fp64**********
problem-size: 32768
local-size: 256
num-iters: 500000
core-freq: 697
memory-freq: 877
device-name: Tesla V100-SXM2-16GB
sycl-implementation: LLVM CUDA (Intel DPC++)
throughput-metric: N/A
kernel-time-mean: 0.817254 [s]
kernel-time-stddev: 0.000020 [s]
kernel-time-median: 0.817254 [s]
kernel-time-min: 0.817234 [s]
kernel-time-samples: "0.817234 0.817238 0.817254 0.817262 0.817283"
kernel-time-throughput: N/A
run-time-mean: 0.826999 [s]
run-time-stddev: 0.001948 [s]
run-time-median: 0.826810 [s]
run-time-min: 0.825256 [s]
run-time-samples: "0.825256 0.825461 0.826810 0.827372 0.830098"
run-time-throughput: N/A
kernel-energy-mean: 55.117336 [J]
kernel-energy-stddev: 0.037217 [J]
kernel-energy-median: 55.106515 [J]
kernel-energy-min: 55.073525 [J]
kernel-energy-max: 55.173665 [J]
kernel-energy-samples: "55.073525 55.103650 55.106515 55.129325 55.173665"
Verification: PASS
