********** Results for Kmeans_fp32**********
problem-size: 32768
local-size: 256
num-iters: 500000
core-freq: 247
memory-freq: 877
device-name: Tesla V100-SXM2-16GB
sycl-implementation: LLVM CUDA (Intel DPC++)
throughput-metric: N/A
kernel-time-mean: 2.521090 [s]
kernel-time-stddev: 0.000602 [s]
kernel-time-median: 2.520840 [s]
kernel-time-min: 2.520729 [s]
kernel-time-samples: "2.520729 2.520802 2.520840 2.520917 2.522160"
kernel-time-throughput: N/A
run-time-mean: 2.531729 [s]
run-time-stddev: 0.002143 [s]
run-time-median: 2.530725 [s]
run-time-min: 2.530481 [s]
run-time-samples: "2.530481 2.530489 2.530725 2.531454 2.535497"
run-time-throughput: N/A
kernel-energy-mean: 67.060910 [J]
kernel-energy-stddev: 0.172408 [J]
kernel-energy-median: 67.067250 [J]
kernel-energy-min: 66.808305 [J]
kernel-energy-max: 67.295340 [J]
kernel-energy-samples: "66.808305 67.063535 67.067250 67.070120 67.295340"
Verification: PASS
********** Results for Kmeans_fp64**********
problem-size: 32768
local-size: 256
num-iters: 500000
core-freq: 247
memory-freq: 877
device-name: Tesla V100-SXM2-16GB
sycl-implementation: LLVM CUDA (Intel DPC++)
throughput-metric: N/A
kernel-time-mean: 2.690136 [s]
kernel-time-stddev: 0.000537 [s]
kernel-time-median: 2.689910 [s]
kernel-time-min: 2.689646 [s]
kernel-time-samples: "2.689646 2.689797 2.689910 2.690350 2.690975"
kernel-time-throughput: N/A
run-time-mean: 2.699535 [s]
run-time-stddev: 0.000974 [s]
run-time-median: 2.699196 [s]
run-time-min: 2.698468 [s]
run-time-samples: "2.698468 2.699124 2.699196 2.699843 2.701044"
run-time-throughput: N/A
kernel-energy-mean: 71.743606 [J]
kernel-energy-stddev: 0.206126 [J]
kernel-energy-median: 71.635125 [J]
kernel-energy-min: 71.561715 [J]
kernel-energy-max: 72.071145 [J]
kernel-energy-samples: "71.561715 71.632485 71.635125 71.817560 72.071145"
Verification: PASS
