********** Results for Kmeans_fp32**********
problem-size: 32768
local-size: 256
num-iters: 500000
core-freq: 1312
memory-freq: 877
device-name: Tesla V100-SXM2-16GB
sycl-implementation: LLVM CUDA (Intel DPC++)
throughput-metric: N/A
kernel-time-mean: 0.407361 [s]
kernel-time-stddev: 0.000599 [s]
kernel-time-median: 0.407311 [s]
kernel-time-min: 0.406721 [s]
kernel-time-samples: "0.406721 0.406856 0.407311 0.407789 0.408125"
kernel-time-throughput: N/A
run-time-mean: 0.421690 [s]
run-time-stddev: 0.003103 [s]
run-time-median: 0.419989 [s]
run-time-min: 0.419794 [s]
run-time-samples: "0.419794 0.419984 0.419989 0.421600 0.427085"
run-time-throughput: N/A
kernel-energy-mean: 48.268342 [J]
kernel-energy-stddev: 1.554407 [J]
kernel-energy-median: 48.777355 [J]
kernel-energy-min: 45.604190 [J]
kernel-energy-max: 49.632530 [J]
kernel-energy-samples: "45.604190 48.404860 48.777355 48.922775 49.632530"
Verification: PASS
********** Results for Kmeans_fp64**********
problem-size: 32768
local-size: 256
num-iters: 500000
core-freq: 1312
memory-freq: 877
device-name: Tesla V100-SXM2-16GB
sycl-implementation: LLVM CUDA (Intel DPC++)
throughput-metric: N/A
kernel-time-mean: 0.434488 [s]
kernel-time-stddev: 0.000511 [s]
kernel-time-median: 0.434312 [s]
kernel-time-min: 0.434053 [s]
kernel-time-samples: "0.434053 0.434213 0.434312 0.434505 0.435354"
kernel-time-throughput: N/A
run-time-mean: 0.447785 [s]
run-time-stddev: 0.002666 [s]
run-time-median: 0.447143 [s]
run-time-min: 0.444566 [s]
run-time-samples: "0.444566 0.446165 0.447143 0.450496 0.450557"
run-time-throughput: N/A
kernel-energy-mean: 54.407427 [J]
kernel-energy-stddev: 0.443810 [J]
kernel-energy-median: 54.281135 [J]
kernel-energy-min: 54.005420 [J]
kernel-energy-max: 55.046905 [J]
kernel-energy-samples: "54.005420 54.039430 54.281135 54.664245 55.046905"
Verification: PASS
