********** Results for Knn**********
problem-size: 8192
local-size: 256
num-iters: 200
core-freq: 360
memory-freq: 877
device-name: Tesla V100-SXM2-16GB
sycl-implementation: LLVM CUDA (Intel DPC++)
throughput-metric: N/A
kernel-time-mean: 5.936292 [s]
kernel-time-stddev: 0.001166 [s]
kernel-time-median: 5.936800 [s]
kernel-time-min: 5.934965 [s]
kernel-time-samples: "5.934965 5.935110 5.936800 5.937191 5.937395"
kernel-time-throughput: N/A
run-time-mean: 5.945244 [s]
run-time-stddev: 0.002160 [s]
run-time-median: 5.944691 [s]
run-time-min: 5.942888 [s]
run-time-samples: "5.942888 5.943891 5.944691 5.946403 5.948348"
run-time-throughput: N/A
kernel-energy-mean: 216.577410 [J]
kernel-energy-stddev: 1.134749 [J]
kernel-energy-median: 217.320970 [J]
kernel-energy-min: 215.238140 [J]
kernel-energy-max: 217.518810 [J]
kernel-energy-samples: "215.238140 215.440690 217.320970 217.368440 217.518810"
Verification: PASS
