********** Results for Knn**********
problem-size: 8192
local-size: 256
num-iters: 200
core-freq: 885
memory-freq: 877
device-name: Tesla V100-SXM2-16GB
sycl-implementation: LLVM CUDA (Intel DPC++)
throughput-metric: N/A
kernel-time-mean: 1.525017 [s]
kernel-time-stddev: 0.000030 [s]
kernel-time-median: 1.525031 [s]
kernel-time-min: 1.524966 [s]
kernel-time-samples: "1.524966 1.525014 1.525031 1.525032 1.525041"
kernel-time-throughput: N/A
run-time-mean: 1.535138 [s]
run-time-stddev: 0.001162 [s]
run-time-median: 1.535521 [s]
run-time-min: 1.533183 [s]
run-time-samples: "1.533183 1.535190 1.535521 1.535528 1.536267"
run-time-throughput: N/A
kernel-energy-mean: 68.907545 [J]
kernel-energy-stddev: 0.250478 [J]
kernel-energy-median: 69.034700 [J]
kernel-energy-min: 68.577175 [J]
kernel-energy-max: 69.116405 [J]
kernel-energy-samples: "68.577175 68.702230 69.034700 69.107215 69.116405"
Verification: PASS
