********** Results for Knn**********
problem-size: 8192
local-size: 256
num-iters: 200
core-freq: 262
memory-freq: 877
device-name: Tesla V100-SXM2-16GB
sycl-implementation: LLVM CUDA (Intel DPC++)
throughput-metric: N/A
kernel-time-mean: 5.987398 [s]
kernel-time-stddev: 0.001099 [s]
kernel-time-median: 5.986996 [s]
kernel-time-min: 5.986321 [s]
kernel-time-samples: "5.986321 5.986541 5.986996 5.988418 5.988715"
kernel-time-throughput: N/A
run-time-mean: 5.996866 [s]
run-time-stddev: 0.002119 [s]
run-time-median: 5.995820 [s]
run-time-min: 5.994966 [s]
run-time-samples: "5.994966 5.995434 5.995820 5.998159 5.999952"
run-time-throughput: N/A
kernel-energy-mean: 220.693519 [J]
kernel-energy-stddev: 1.518560 [J]
kernel-energy-median: 221.569295 [J]
kernel-energy-min: 218.183970 [J]
kernel-energy-max: 221.788500 [J]
kernel-energy-samples: "218.183970 220.324500 221.569295 221.601330 221.788500"
Verification: PASS
