********** Results for Knn**********
problem-size: 8192
local-size: 256
num-iters: 200
core-freq: 420
memory-freq: 877
device-name: Tesla V100-SXM2-16GB
sycl-implementation: LLVM CUDA (Intel DPC++)
throughput-metric: N/A
kernel-time-mean: 6.074943 [s]
kernel-time-stddev: 0.001062 [s]
kernel-time-median: 6.075354 [s]
kernel-time-min: 6.073494 [s]
kernel-time-samples: "6.073494 6.074192 6.075354 6.075641 6.076034"
kernel-time-throughput: N/A
run-time-mean: 6.087306 [s]
run-time-stddev: 0.002441 [s]
run-time-median: 6.087505 [s]
run-time-min: 6.083949 [s]
run-time-samples: "6.083949 6.086036 6.087505 6.088777 6.090264"
run-time-throughput: N/A
kernel-energy-mean: 188.590973 [J]
kernel-energy-stddev: 1.248951 [J]
kernel-energy-median: 189.154865 [J]
kernel-energy-min: 186.785025 [J]
kernel-energy-max: 189.926780 [J]
kernel-energy-samples: "186.785025 187.884055 189.154865 189.204140 189.926780"
Verification: PASS
