********** Results for Knn**********
problem-size: 8192
local-size: 256
num-iters: 200
core-freq: 1162
memory-freq: 877
device-name: Tesla V100-SXM2-16GB
sycl-implementation: LLVM CUDA (Intel DPC++)
throughput-metric: N/A
kernel-time-mean: 1.159920 [s]
kernel-time-stddev: 0.000210 [s]
kernel-time-median: 1.159837 [s]
kernel-time-min: 1.159779 [s]
kernel-time-samples: "1.159779 1.159818 1.159837 1.159874 1.160290"
kernel-time-throughput: N/A
run-time-mean: 1.170287 [s]
run-time-stddev: 0.002199 [s]
run-time-median: 1.169610 [s]
run-time-min: 1.168234 [s]
run-time-samples: "1.168234 1.168691 1.169610 1.171274 1.173626"
run-time-throughput: N/A
kernel-energy-mean: 58.159722 [J]
kernel-energy-stddev: 0.300789 [J]
kernel-energy-median: 58.187160 [J]
kernel-energy-min: 57.823455 [J]
kernel-energy-max: 58.548120 [J]
kernel-energy-samples: "57.823455 57.903085 58.187160 58.336790 58.548120"
Verification: PASS
