********** Results for Knn**********
problem-size: 8192
local-size: 256
num-iters: 200
core-freq: 502
memory-freq: 877
device-name: Tesla V100-SXM2-16GB
sycl-implementation: LLVM CUDA (Intel DPC++)
throughput-metric: N/A
kernel-time-mean: 2.671773 [s]
kernel-time-stddev: 0.000365 [s]
kernel-time-median: 2.671698 [s]
kernel-time-min: 2.671335 [s]
kernel-time-samples: "2.671335 2.671602 2.671698 2.671922 2.672307"
kernel-time-throughput: N/A
run-time-mean: 2.682121 [s]
run-time-stddev: 0.002132 [s]
run-time-median: 2.680960 [s]
run-time-min: 2.680158 [s]
run-time-samples: "2.680158 2.680909 2.680960 2.683260 2.685317"
run-time-throughput: N/A
kernel-energy-mean: 105.318396 [J]
kernel-energy-stddev: 0.905990 [J]
kernel-energy-median: 105.926125 [J]
kernel-energy-min: 104.324545 [J]
kernel-energy-max: 106.018395 [J]
kernel-energy-samples: "104.324545 104.328710 105.926125 105.994205 106.018395"
Verification: PASS
