********** Results for Knn**********
problem-size: 8192
local-size: 256
num-iters: 200
core-freq: 1267
memory-freq: 877
device-name: Tesla V100-SXM2-16GB
sycl-implementation: LLVM CUDA (Intel DPC++)
throughput-metric: N/A
kernel-time-mean: 1.064119 [s]
kernel-time-stddev: 0.000276 [s]
kernel-time-median: 1.064003 [s]
kernel-time-min: 1.063983 [s]
kernel-time-samples: "1.063983 1.063991 1.064003 1.064005 1.064612"
kernel-time-throughput: N/A
run-time-mean: 1.076294 [s]
run-time-stddev: 0.001225 [s]
run-time-median: 1.076245 [s]
run-time-min: 1.074365 [s]
run-time-samples: "1.074365 1.076197 1.076245 1.077085 1.077578"
run-time-throughput: N/A
kernel-energy-mean: 60.119305 [J]
kernel-energy-stddev: 0.250597 [J]
kernel-energy-median: 60.122115 [J]
kernel-energy-min: 59.736730 [J]
kernel-energy-max: 60.430890 [J]
kernel-energy-samples: "59.736730 60.101365 60.122115 60.205425 60.430890"
Verification: PASS
