********** Results for Knn**********
problem-size: 8192
local-size: 256
num-iters: 200
core-freq: 225
memory-freq: 877
device-name: Tesla V100-SXM2-16GB
sycl-implementation: LLVM CUDA (Intel DPC++)
throughput-metric: N/A
kernel-time-mean: 11.937267 [s]
kernel-time-stddev: 0.008704 [s]
kernel-time-median: 11.934418 [s]
kernel-time-min: 11.927971 [s]
kernel-time-samples: "11.927971 11.931104 11.934418 11.945232 11.947613"
kernel-time-throughput: N/A
run-time-mean: 11.945681 [s]
run-time-stddev: 0.008939 [s]
run-time-median: 11.944680 [s]
run-time-min: 11.935880 [s]
run-time-samples: "11.935880 11.938235 11.944680 11.954274 11.955338"
run-time-throughput: N/A
kernel-energy-mean: 409.498953 [J]
kernel-energy-stddev: 3.449496 [J]
kernel-energy-median: 410.154375 [J]
kernel-energy-min: 404.893220 [J]
kernel-energy-max: 412.769230 [J]
kernel-energy-samples: "404.893220 407.097820 410.154375 412.580120 412.769230"
Verification: PASS
