********** Results for Knn**********
problem-size: 8192
local-size: 256
num-iters: 200
core-freq: 952
memory-freq: 877
device-name: Tesla V100-SXM2-16GB
sycl-implementation: LLVM CUDA (Intel DPC++)
throughput-metric: N/A
kernel-time-mean: 1.414114 [s]
kernel-time-stddev: 0.000248 [s]
kernel-time-median: 1.414013 [s]
kernel-time-min: 1.413955 [s]
kernel-time-samples: "1.413955 1.413993 1.414013 1.414056 1.414553"
kernel-time-throughput: N/A
run-time-mean: 1.426042 [s]
run-time-stddev: 0.000690 [s]
run-time-median: 1.426408 [s]
run-time-min: 1.424970 [s]
run-time-samples: "1.424970 1.425742 1.426408 1.426438 1.426653"
run-time-throughput: N/A
kernel-energy-mean: 64.147955 [J]
kernel-energy-stddev: 0.064302 [J]
kernel-energy-median: 64.177275 [J]
kernel-energy-min: 64.033015 [J]
kernel-energy-max: 64.179155 [J]
kernel-energy-samples: "64.033015 64.172535 64.177275 64.177795 64.179155"
Verification: PASS
