********** Results for Knn**********
problem-size: 8192
local-size: 256
num-iters: 200
core-freq: 1087
memory-freq: 877
device-name: Tesla V100-SXM2-16GB
sycl-implementation: LLVM CUDA (Intel DPC++)
throughput-metric: N/A
kernel-time-mean: 1.240557 [s]
kernel-time-stddev: 0.000236 [s]
kernel-time-median: 1.240458 [s]
kernel-time-min: 1.240434 [s]
kernel-time-samples: "1.240434 1.240454 1.240458 1.240460 1.240979"
kernel-time-throughput: N/A
run-time-mean: 1.252583 [s]
run-time-stddev: 0.001430 [s]
run-time-median: 1.253365 [s]
run-time-min: 1.250465 [s]
run-time-samples: "1.250465 1.251744 1.253365 1.253657 1.253687"
run-time-throughput: N/A
kernel-energy-mean: 57.346090 [J]
kernel-energy-stddev: 1.691628 [J]
kernel-energy-median: 58.180915 [J]
kernel-energy-min: 54.489235 [J]
kernel-energy-max: 58.486790 [J]
kernel-energy-samples: "54.489235 57.116570 58.180915 58.456940 58.486790"
Verification: PASS
