********** Results for Knn**********
problem-size: 8192
local-size: 256
num-iters: 200
core-freq: 1365
memory-freq: 877
device-name: Tesla V100-SXM2-16GB
sycl-implementation: LLVM CUDA (Intel DPC++)
throughput-metric: N/A
kernel-time-mean: 0.987921 [s]
kernel-time-stddev: 0.000248 [s]
kernel-time-median: 0.987824 [s]
kernel-time-min: 0.987772 [s]
kernel-time-samples: "0.987772 0.987782 0.987824 0.987865 0.988359"
kernel-time-throughput: N/A
run-time-mean: 0.999067 [s]
run-time-stddev: 0.001447 [s]
run-time-median: 0.999434 [s]
run-time-min: 0.997210 [s]
run-time-samples: "0.997210 0.998186 0.999434 0.999478 1.001028"
run-time-throughput: N/A
kernel-energy-mean: 63.212263 [J]
kernel-energy-stddev: 0.130344 [J]
kernel-energy-median: 63.257445 [J]
kernel-energy-min: 62.993160 [J]
kernel-energy-max: 63.323925 [J]
kernel-energy-samples: "62.993160 63.201535 63.257445 63.285250 63.323925"
Verification: PASS
