********** Results for Knn**********
problem-size: 8192
local-size: 256
num-iters: 200
core-freq: 1305
memory-freq: 877
device-name: Tesla V100-SXM2-16GB
sycl-implementation: LLVM CUDA (Intel DPC++)
throughput-metric: N/A
kernel-time-mean: 1.028408 [s]
kernel-time-stddev: 0.001080 [s]
kernel-time-median: 1.027932 [s]
kernel-time-min: 1.027703 [s]
kernel-time-samples: "1.027703 1.027918 1.027932 1.028169 1.030316"
kernel-time-throughput: N/A
run-time-mean: 1.038722 [s]
run-time-stddev: 0.001191 [s]
run-time-median: 1.039210 [s]
run-time-min: 1.036993 [s]
run-time-samples: "1.036993 1.038037 1.039210 1.039435 1.039935"
run-time-throughput: N/A
kernel-energy-mean: 61.368071 [J]
kernel-energy-stddev: 1.555466 [J]
kernel-energy-median: 62.142965 [J]
kernel-energy-min: 58.665560 [J]
kernel-energy-max: 62.347895 [J]
kernel-energy-samples: "58.665560 61.414965 62.142965 62.268970 62.347895"
Verification: PASS
