********** Results for Knn**********
problem-size: 8192
local-size: 256
num-iters: 200
core-freq: 172
memory-freq: 877
device-name: Tesla V100-SXM2-16GB
sycl-implementation: LLVM CUDA (Intel DPC++)
throughput-metric: N/A
kernel-time-mean: 11.757083 [s]
kernel-time-stddev: 0.008708 [s]
kernel-time-median: 11.758168 [s]
kernel-time-min: 11.747285 [s]
kernel-time-samples: "11.747285 11.749070 11.758168 11.764441 11.766451"
kernel-time-throughput: N/A
run-time-mean: 11.767648 [s]
run-time-stddev: 0.006497 [s]
run-time-median: 11.768512 [s]
run-time-min: 11.761039 [s]
run-time-samples: "11.761039 11.761069 11.768512 11.772203 11.775418"
run-time-throughput: N/A
kernel-energy-mean: 415.623762 [J]
kernel-energy-stddev: 2.393439 [J]
kernel-energy-median: 415.397125 [J]
kernel-energy-min: 412.979190 [J]
kernel-energy-max: 419.296665 [J]
kernel-energy-samples: "412.979190 414.208640 415.397125 416.237190 419.296665"
Verification: PASS
