********** Results for Knn**********
problem-size: 8192
local-size: 256
num-iters: 200
core-freq: 937
memory-freq: 877
device-name: Tesla V100-SXM2-16GB
sycl-implementation: LLVM CUDA (Intel DPC++)
throughput-metric: N/A
kernel-time-mean: 1.437873 [s]
kernel-time-stddev: 0.000262 [s]
kernel-time-median: 1.437698 [s]
kernel-time-min: 1.437677 [s]
kernel-time-samples: "1.437677 1.437679 1.437698 1.438101 1.438212"
kernel-time-throughput: N/A
run-time-mean: 1.448621 [s]
run-time-stddev: 0.002098 [s]
run-time-median: 1.449015 [s]
run-time-min: 1.445981 [s]
run-time-samples: "1.445981 1.446953 1.449015 1.450429 1.450727"
run-time-throughput: N/A
kernel-energy-mean: 63.463073 [J]
kernel-energy-stddev: 1.650645 [J]
kernel-energy-median: 64.336345 [J]
kernel-energy-min: 60.735965 [J]
kernel-energy-max: 64.597625 [J]
kernel-energy-samples: "60.735965 63.063470 64.336345 64.581960 64.597625"
Verification: PASS
