********** Results for Knn**********
problem-size: 8192
local-size: 256
num-iters: 200
core-freq: 1192
memory-freq: 877
device-name: Tesla V100-SXM2-16GB
sycl-implementation: LLVM CUDA (Intel DPC++)
throughput-metric: N/A
kernel-time-mean: 1.129644 [s]
kernel-time-stddev: 0.000032 [s]
kernel-time-median: 1.129640 [s]
kernel-time-min: 1.129603 [s]
kernel-time-samples: "1.129603 1.129637 1.129640 1.129646 1.129692"
kernel-time-throughput: N/A
run-time-mean: 1.144163 [s]
run-time-stddev: 0.005121 [s]
run-time-median: 1.141271 [s]
run-time-min: 1.139621 [s]
run-time-samples: "1.139621 1.140526 1.141271 1.148856 1.150540"
run-time-throughput: N/A
kernel-energy-mean: 57.521463 [J]
kernel-energy-stddev: 0.912067 [J]
kernel-energy-median: 57.813210 [J]
kernel-energy-min: 56.439020 [J]
kernel-energy-max: 58.659510 [J]
kernel-energy-samples: "56.439020 56.749795 57.813210 57.945780 58.659510"
Verification: PASS
