********** Results for Knn**********
problem-size: 8192
local-size: 256
num-iters: 200
core-freq: 1207
memory-freq: 877
device-name: Tesla V100-SXM2-16GB
sycl-implementation: LLVM CUDA (Intel DPC++)
throughput-metric: N/A
kernel-time-mean: 1.117010 [s]
kernel-time-stddev: 0.000206 [s]
kernel-time-median: 1.116926 [s]
kernel-time-min: 1.116891 [s]
kernel-time-samples: "1.116891 1.116916 1.116926 1.116938 1.117377"
kernel-time-throughput: N/A
run-time-mean: 1.133704 [s]
run-time-stddev: 0.005816 [s]
run-time-median: 1.137157 [s]
run-time-min: 1.125554 [s]
run-time-samples: "1.125554 1.129565 1.137157 1.137501 1.138743"
run-time-throughput: N/A
kernel-energy-mean: 63.201689 [J]
kernel-energy-stddev: 0.512182 [J]
kernel-energy-median: 62.979725 [J]
kernel-energy-min: 62.646490 [J]
kernel-energy-max: 63.893590 [J]
kernel-energy-samples: "62.646490 62.920710 62.979725 63.567930 63.893590"
Verification: PASS
