********** Results for Knn**********
problem-size: 8192
local-size: 256
num-iters: 200
core-freq: 1492
memory-freq: 877
device-name: Tesla V100-SXM2-16GB
sycl-implementation: LLVM CUDA (Intel DPC++)
throughput-metric: N/A
kernel-time-mean: 0.902893 [s]
kernel-time-stddev: 0.000022 [s]
kernel-time-median: 0.902892 [s]
kernel-time-min: 0.902869 [s]
kernel-time-samples: "0.902869 0.902873 0.902892 0.902912 0.902918"
kernel-time-throughput: N/A
run-time-mean: 0.915848 [s]
run-time-stddev: 0.003775 [s]
run-time-median: 0.915019 [s]
run-time-min: 0.912856 [s]
run-time-samples: "0.912856 0.913726 0.915019 0.915269 0.922370"
run-time-throughput: N/A
kernel-energy-mean: 68.322242 [J]
kernel-energy-stddev: 0.409888 [J]
kernel-energy-median: 68.550370 [J]
kernel-energy-min: 67.667345 [J]
kernel-energy-max: 68.627495 [J]
kernel-energy-samples: "67.667345 68.170235 68.550370 68.595765 68.627495"
Verification: PASS
