********** Results for Knn**********
problem-size: 8192
local-size: 256
num-iters: 200
core-freq: 975
memory-freq: 877
device-name: Tesla V100-SXM2-16GB
sycl-implementation: LLVM CUDA (Intel DPC++)
throughput-metric: N/A
kernel-time-mean: 1.383806 [s]
kernel-time-stddev: 0.000035 [s]
kernel-time-median: 1.383802 [s]
kernel-time-min: 1.383776 [s]
kernel-time-samples: "1.383776 1.383785 1.383802 1.383802 1.383866"
kernel-time-throughput: N/A
run-time-mean: 1.392571 [s]
run-time-stddev: 0.001228 [s]
run-time-median: 1.392087 [s]
run-time-min: 1.391371 [s]
run-time-samples: "1.391371 1.391670 1.392087 1.393542 1.394184"
run-time-throughput: N/A
kernel-energy-mean: 64.227863 [J]
kernel-energy-stddev: 0.193350 [J]
kernel-energy-median: 64.251190 [J]
kernel-energy-min: 63.927020 [J]
kernel-energy-max: 64.441350 [J]
kernel-energy-samples: "63.927020 64.186190 64.251190 64.333565 64.441350"
Verification: PASS
