********** Results for Knn**********
problem-size: 8192
local-size: 256
num-iters: 200
core-freq: 630
memory-freq: 877
device-name: Tesla V100-SXM2-16GB
sycl-implementation: LLVM CUDA (Intel DPC++)
throughput-metric: N/A
kernel-time-mean: 2.145341 [s]
kernel-time-stddev: 0.000354 [s]
kernel-time-median: 2.145160 [s]
kernel-time-min: 2.145110 [s]
kernel-time-samples: "2.145110 2.145154 2.145160 2.145325 2.145958"
kernel-time-throughput: N/A
run-time-mean: 2.156355 [s]
run-time-stddev: 0.004668 [s]
run-time-median: 2.153847 [s]
run-time-min: 2.152798 [s]
run-time-samples: "2.152798 2.153023 2.153847 2.158511 2.163599"
run-time-throughput: N/A
kernel-energy-mean: 88.777883 [J]
kernel-energy-stddev: 0.134159 [J]
kernel-energy-median: 88.704150 [J]
kernel-energy-min: 88.650970 [J]
kernel-energy-max: 88.948610 [J]
kernel-energy-samples: "88.650970 88.690725 88.704150 88.894960 88.948610"
Verification: PASS
