********** Results for Knn**********
problem-size: 8192
local-size: 256
num-iters: 200
core-freq: 465
memory-freq: 877
device-name: Tesla V100-SXM2-16GB
sycl-implementation: LLVM CUDA (Intel DPC++)
throughput-metric: N/A
kernel-time-mean: 5.536386 [s]
kernel-time-stddev: 0.000489 [s]
kernel-time-median: 5.536289 [s]
kernel-time-min: 5.535729 [s]
kernel-time-samples: "5.535729 5.536252 5.536289 5.536602 5.537058"
kernel-time-throughput: N/A
run-time-mean: 5.545666 [s]
run-time-stddev: 0.001638 [s]
run-time-median: 5.545682 [s]
run-time-min: 5.543467 [s]
run-time-samples: "5.543467 5.544709 5.545682 5.547099 5.547375"
run-time-throughput: N/A
kernel-energy-mean: 206.519343 [J]
kernel-energy-stddev: 2.174049 [J]
kernel-energy-median: 207.387610 [J]
kernel-energy-min: 202.634985 [J]
kernel-energy-max: 207.602075 [J]
kernel-energy-samples: "202.634985 207.379770 207.387610 207.592275 207.602075"
Verification: PASS
