********** Results for Knn**********
problem-size: 8192
local-size: 256
num-iters: 200
core-freq: 817
memory-freq: 877
device-name: Tesla V100-SXM2-16GB
sycl-implementation: LLVM CUDA (Intel DPC++)
throughput-metric: N/A
kernel-time-mean: 1.650814 [s]
kernel-time-stddev: 0.006244 [s]
kernel-time-median: 1.647942 [s]
kernel-time-min: 1.647850 [s]
kernel-time-samples: "1.647850 1.647932 1.647942 1.648367 1.661977"
kernel-time-throughput: N/A
run-time-mean: 1.662632 [s]
run-time-stddev: 0.006506 [s]
run-time-median: 1.659847 [s]
run-time-min: 1.655756 [s]
run-time-samples: "1.655756 1.659463 1.659847 1.665734 1.672358"
run-time-throughput: N/A
kernel-energy-mean: 70.175111 [J]
kernel-energy-stddev: 0.825921 [J]
kernel-energy-median: 70.465055 [J]
kernel-energy-min: 68.771840 [J]
kernel-energy-max: 70.937360 [J]
kernel-energy-samples: "68.771840 70.222790 70.465055 70.478510 70.937360"
Verification: PASS
