********** Results for Knn**********
problem-size: 8192
local-size: 256
num-iters: 200
core-freq: 1042
memory-freq: 877
device-name: Tesla V100-SXM2-16GB
sycl-implementation: LLVM CUDA (Intel DPC++)
throughput-metric: N/A
kernel-time-mean: 1.292979 [s]
kernel-time-stddev: 0.000418 [s]
kernel-time-median: 1.292816 [s]
kernel-time-min: 1.292747 [s]
kernel-time-samples: "1.292747 1.292758 1.292816 1.292850 1.293723"
kernel-time-throughput: N/A
run-time-mean: 1.305246 [s]
run-time-stddev: 0.000870 [s]
run-time-median: 1.305126 [s]
run-time-min: 1.304170 [s]
run-time-samples: "1.304170 1.304848 1.305126 1.305578 1.306506"
run-time-throughput: N/A
kernel-energy-mean: 65.200196 [J]
kernel-energy-stddev: 0.423532 [J]
kernel-energy-median: 65.428715 [J]
kernel-energy-min: 64.690785 [J]
kernel-energy-max: 65.621400 [J]
kernel-energy-samples: "64.690785 64.799480 65.428715 65.460600 65.621400"
Verification: PASS
