********** Results for Knn**********
problem-size: 8192
local-size: 256
num-iters: 200
core-freq: 960
memory-freq: 877
device-name: Tesla V100-SXM2-16GB
sycl-implementation: LLVM CUDA (Intel DPC++)
throughput-metric: N/A
kernel-time-mean: 1.406247 [s]
kernel-time-stddev: 0.000050 [s]
kernel-time-median: 1.406253 [s]
kernel-time-min: 1.406179 [s]
kernel-time-samples: "1.406179 1.406222 1.406253 1.406266 1.406313"
kernel-time-throughput: N/A
run-time-mean: 1.415783 [s]
run-time-stddev: 0.001144 [s]
run-time-median: 1.416088 [s]
run-time-min: 1.414448 [s]
run-time-samples: "1.414448 1.414736 1.416088 1.416594 1.417051"
run-time-throughput: N/A
kernel-energy-mean: 68.104529 [J]
kernel-energy-stddev: 0.223686 [J]
kernel-energy-median: 68.080390 [J]
kernel-energy-min: 67.891915 [J]
kernel-energy-max: 68.445130 [J]
kernel-energy-samples: "67.891915 67.924245 68.080390 68.180965 68.445130"
Verification: PASS
