********** Results for Knn**********
problem-size: 8192
local-size: 256
num-iters: 200
core-freq: 660
memory-freq: 877
device-name: Tesla V100-SXM2-16GB
sycl-implementation: LLVM CUDA (Intel DPC++)
throughput-metric: N/A
kernel-time-mean: 2.043901 [s]
kernel-time-stddev: 0.000225 [s]
kernel-time-median: 2.043809 [s]
kernel-time-min: 2.043782 [s]
kernel-time-samples: "2.043782 2.043796 2.043809 2.043818 2.044302"
kernel-time-throughput: N/A
run-time-mean: 2.054244 [s]
run-time-stddev: 0.001534 [s]
run-time-median: 2.054438 [s]
run-time-min: 2.052795 [s]
run-time-samples: "2.052795 2.052939 2.054438 2.054450 2.056596"
run-time-throughput: N/A
kernel-energy-mean: 80.023960 [J]
kernel-energy-stddev: 1.598449 [J]
kernel-energy-median: 80.810520 [J]
kernel-energy-min: 77.195175 [J]
kernel-energy-max: 80.949975 [J]
kernel-energy-samples: "77.195175 80.338150 80.810520 80.825980 80.949975"
Verification: PASS
