********** Results for Knn**********
problem-size: 8192
local-size: 256
num-iters: 200
core-freq: 1372
memory-freq: 877
device-name: Tesla V100-SXM2-16GB
sycl-implementation: LLVM CUDA (Intel DPC++)
throughput-metric: N/A
kernel-time-mean: 0.982703 [s]
kernel-time-stddev: 0.000222 [s]
kernel-time-median: 0.982602 [s]
kernel-time-min: 0.982584 [s]
kernel-time-samples: "0.982584 0.982599 0.982602 0.982633 0.983099"
kernel-time-throughput: N/A
run-time-mean: 0.998954 [s]
run-time-stddev: 0.003648 [s]
run-time-median: 0.998171 [s]
run-time-min: 0.994732 [s]
run-time-samples: "0.994732 0.996428 0.998171 1.002577 1.002862"
run-time-throughput: N/A
kernel-energy-mean: 63.441985 [J]
kernel-energy-stddev: 0.199504 [J]
kernel-energy-median: 63.307965 [J]
kernel-energy-min: 63.295505 [J]
kernel-energy-max: 63.727400 [J]
kernel-energy-samples: "63.295505 63.301115 63.307965 63.577940 63.727400"
Verification: PASS
