********** Results for Knn**********
problem-size: 8192
local-size: 256
num-iters: 200
core-freq: 195
memory-freq: 877
device-name: Tesla V100-SXM2-16GB
sycl-implementation: LLVM CUDA (Intel DPC++)
throughput-metric: N/A
kernel-time-mean: 11.753966 [s]
kernel-time-stddev: 0.010031 [s]
kernel-time-median: 11.753957 [s]
kernel-time-min: 11.744518 [s]
kernel-time-samples: "11.744518 11.744951 11.753957 11.757668 11.768738"
kernel-time-throughput: N/A
run-time-mean: 11.764444 [s]
run-time-stddev: 0.010622 [s]
run-time-median: 11.763405 [s]
run-time-min: 11.753641 [s]
run-time-samples: "11.753641 11.755088 11.763405 11.771778 11.778307"
run-time-throughput: N/A
kernel-energy-mean: 415.666676 [J]
kernel-energy-stddev: 4.200456 [J]
kernel-energy-median: 415.337880 [J]
kernel-energy-min: 411.085730 [J]
kernel-energy-max: 420.172790 [J]
kernel-energy-samples: "411.085730 412.054330 415.337880 419.682650 420.172790"
Verification: PASS
