********** Results for Knn**********
problem-size: 8192
local-size: 256
num-iters: 200
core-freq: 1155
memory-freq: 877
device-name: Tesla V100-SXM2-16GB
sycl-implementation: LLVM CUDA (Intel DPC++)
throughput-metric: N/A
kernel-time-mean: 1.160385 [s]
kernel-time-stddev: 0.000266 [s]
kernel-time-median: 1.160287 [s]
kernel-time-min: 1.160220 [s]
kernel-time-samples: "1.160220 1.160246 1.160287 1.160315 1.160856"
kernel-time-throughput: N/A
run-time-mean: 1.172748 [s]
run-time-stddev: 0.003265 [s]
run-time-median: 1.171878 [s]
run-time-min: 1.170393 [s]
run-time-samples: "1.170393 1.170426 1.171878 1.172733 1.178311"
run-time-throughput: N/A
kernel-energy-mean: 63.194902 [J]
kernel-energy-stddev: 0.327101 [J]
kernel-energy-median: 63.174935 [J]
kernel-energy-min: 62.838745 [J]
kernel-energy-max: 63.590035 [J]
kernel-energy-samples: "62.838745 62.916675 63.174935 63.454120 63.590035"
Verification: PASS
