********** Results for Knn**********
problem-size: 8192
local-size: 256
num-iters: 200
core-freq: 1215
memory-freq: 877
device-name: Tesla V100-SXM2-16GB
sycl-implementation: LLVM CUDA (Intel DPC++)
throughput-metric: N/A
kernel-time-mean: 1.109780 [s]
kernel-time-stddev: 0.000232 [s]
kernel-time-median: 1.109691 [s]
kernel-time-min: 1.109606 [s]
kernel-time-samples: "1.109606 1.109689 1.109691 1.109727 1.110188"
kernel-time-throughput: N/A
run-time-mean: 1.121833 [s]
run-time-stddev: 0.001086 [s]
run-time-median: 1.121815 [s]
run-time-min: 1.120364 [s]
run-time-samples: "1.120364 1.121538 1.121815 1.122058 1.123390"
run-time-throughput: N/A
kernel-energy-mean: 62.930735 [J]
kernel-energy-stddev: 0.965722 [J]
kernel-energy-median: 63.232595 [J]
kernel-energy-min: 61.320150 [J]
kernel-energy-max: 63.885500 [J]
kernel-energy-samples: "61.320150 62.919100 63.232595 63.296330 63.885500"
Verification: PASS
