********** Results for Knn**********
problem-size: 8192
local-size: 256
num-iters: 200
core-freq: 922
memory-freq: 877
device-name: Tesla V100-SXM2-16GB
sycl-implementation: LLVM CUDA (Intel DPC++)
throughput-metric: N/A
kernel-time-mean: 1.462996 [s]
kernel-time-stddev: 0.000030 [s]
kernel-time-median: 1.463007 [s]
kernel-time-min: 1.462951 [s]
kernel-time-samples: "1.462951 1.462980 1.463007 1.463011 1.463030"
kernel-time-throughput: N/A
run-time-mean: 1.471686 [s]
run-time-stddev: 0.001754 [s]
run-time-median: 1.471238 [s]
run-time-min: 1.470063 [s]
run-time-samples: "1.470063 1.470669 1.471238 1.471879 1.474584"
run-time-throughput: N/A
kernel-energy-mean: 66.801607 [J]
kernel-energy-stddev: 0.481356 [J]
kernel-energy-median: 66.854340 [J]
kernel-energy-min: 66.195745 [J]
kernel-energy-max: 67.476065 [J]
kernel-energy-samples: "66.195745 66.523330 66.854340 66.958555 67.476065"
Verification: PASS
