********** Results for Knn**********
problem-size: 8192
local-size: 256
num-iters: 200
core-freq: 637
memory-freq: 877
device-name: Tesla V100-SXM2-16GB
sycl-implementation: LLVM CUDA (Intel DPC++)
throughput-metric: N/A
kernel-time-mean: 2.114740 [s]
kernel-time-stddev: 0.000229 [s]
kernel-time-median: 2.114720 [s]
kernel-time-min: 2.114424 [s]
kernel-time-samples: "2.114424 2.114692 2.114720 2.114805 2.115061"
kernel-time-throughput: N/A
run-time-mean: 2.125861 [s]
run-time-stddev: 0.001886 [s]
run-time-median: 2.126465 [s]
run-time-min: 2.122560 [s]
run-time-samples: "2.122560 2.126172 2.126465 2.126943 2.127165"
run-time-throughput: N/A
kernel-energy-mean: 87.019883 [J]
kernel-energy-stddev: 0.112105 [J]
kernel-energy-median: 87.071735 [J]
kernel-energy-min: 86.819955 [J]
kernel-energy-max: 87.079300 [J]
kernel-energy-samples: "86.819955 87.055565 87.071735 87.072860 87.079300"
Verification: PASS
