********** Results for Knn**********
problem-size: 8192
local-size: 256
num-iters: 200
core-freq: 555
memory-freq: 877
device-name: Tesla V100-SXM2-16GB
sycl-implementation: LLVM CUDA (Intel DPC++)
throughput-metric: N/A
kernel-time-mean: 2.427100 [s]
kernel-time-stddev: 0.000340 [s]
kernel-time-median: 2.426961 [s]
kernel-time-min: 2.426888 [s]
kernel-time-samples: "2.426888 2.426922 2.426961 2.427031 2.427700"
kernel-time-throughput: N/A
run-time-mean: 2.438304 [s]
run-time-stddev: 0.003261 [s]
run-time-median: 2.437117 [s]
run-time-min: 2.436067 [s]
run-time-samples: "2.436067 2.436716 2.437117 2.437565 2.444053"
run-time-throughput: N/A
kernel-energy-mean: 98.668231 [J]
kernel-energy-stddev: 0.417470 [J]
kernel-energy-median: 98.620945 [J]
kernel-energy-min: 98.156200 [J]
kernel-energy-max: 99.095785 [J]
kernel-energy-samples: "98.156200 98.386815 98.620945 99.081410 99.095785"
Verification: PASS
