********** Results for Knn**********
problem-size: 8192
local-size: 256
num-iters: 200
core-freq: 997
memory-freq: 877
device-name: Tesla V100-SXM2-16GB
sycl-implementation: LLVM CUDA (Intel DPC++)
throughput-metric: N/A
kernel-time-mean: 1.351682 [s]
kernel-time-stddev: 0.000019 [s]
kernel-time-median: 1.351677 [s]
kernel-time-min: 1.351659 [s]
kernel-time-samples: "1.351659 1.351674 1.351677 1.351693 1.351708"
kernel-time-throughput: N/A
run-time-mean: 1.362782 [s]
run-time-stddev: 0.002136 [s]
run-time-median: 1.363803 [s]
run-time-min: 1.359503 [s]
run-time-samples: "1.359503 1.361813 1.363803 1.364009 1.364784"
run-time-throughput: N/A
kernel-energy-mean: 66.608358 [J]
kernel-energy-stddev: 0.284640 [J]
kernel-energy-median: 66.636170 [J]
kernel-energy-min: 66.312335 [J]
kernel-energy-max: 66.895515 [J]
kernel-energy-samples: "66.312335 66.322265 66.636170 66.875505 66.895515"
Verification: PASS
