********** Results for Knn**********
problem-size: 8192
local-size: 256
num-iters: 200
core-freq: 487
memory-freq: 877
device-name: Tesla V100-SXM2-16GB
sycl-implementation: LLVM CUDA (Intel DPC++)
throughput-metric: N/A
kernel-time-mean: 2.750364 [s]
kernel-time-stddev: 0.000366 [s]
kernel-time-median: 2.750260 [s]
kernel-time-min: 2.750040 [s]
kernel-time-samples: "2.750040 2.750102 2.750260 2.750471 2.750947"
kernel-time-throughput: N/A
run-time-mean: 2.762582 [s]
run-time-stddev: 0.003268 [s]
run-time-median: 2.762809 [s]
run-time-min: 2.757908 [s]
run-time-samples: "2.757908 2.761069 2.762809 2.764944 2.766180"
run-time-throughput: N/A
kernel-energy-mean: 108.784856 [J]
kernel-energy-stddev: 0.494112 [J]
kernel-energy-median: 109.047475 [J]
kernel-energy-min: 107.918270 [J]
kernel-energy-max: 109.064900 [J]
kernel-energy-samples: "107.918270 108.833330 109.047475 109.060305 109.064900"
Verification: PASS
