********** Results for Knn**********
problem-size: 8192
local-size: 256
num-iters: 200
core-freq: 1500
memory-freq: 877
device-name: Tesla V100-SXM2-16GB
sycl-implementation: LLVM CUDA (Intel DPC++)
throughput-metric: N/A
kernel-time-mean: 0.898565 [s]
kernel-time-stddev: 0.000223 [s]
kernel-time-median: 0.898438 [s]
kernel-time-min: 0.898398 [s]
kernel-time-samples: "0.898398 0.898430 0.898438 0.898631 0.898929"
kernel-time-throughput: N/A
run-time-mean: 0.911353 [s]
run-time-stddev: 0.003698 [s]
run-time-median: 0.910856 [s]
run-time-min: 0.907557 [s]
run-time-samples: "0.907557 0.909675 0.910856 0.911225 0.917453"
run-time-throughput: N/A
kernel-energy-mean: 67.651763 [J]
kernel-energy-stddev: 0.436973 [J]
kernel-energy-median: 67.381270 [J]
kernel-energy-min: 67.293710 [J]
kernel-energy-max: 68.139155 [J]
kernel-energy-samples: "67.293710 67.325540 67.381270 68.119140 68.139155"
Verification: PASS
