********** Results for Knn**********
problem-size: 8192
local-size: 256
num-iters: 200
core-freq: 382
memory-freq: 877
device-name: Tesla V100-SXM2-16GB
sycl-implementation: LLVM CUDA (Intel DPC++)
throughput-metric: N/A
kernel-time-mean: 6.073784 [s]
kernel-time-stddev: 0.001289 [s]
kernel-time-median: 6.074072 [s]
kernel-time-min: 6.071716 [s]
kernel-time-samples: "6.071716 6.073473 6.074072 6.074763 6.074896"
kernel-time-throughput: N/A
run-time-mean: 6.085994 [s]
run-time-stddev: 0.004508 [s]
run-time-median: 6.086094 [s]
run-time-min: 6.080048 [s]
run-time-samples: "6.080048 6.083441 6.086094 6.088756 6.091631"
run-time-throughput: N/A
kernel-energy-mean: 221.832505 [J]
kernel-energy-stddev: 0.532046 [J]
kernel-energy-median: 221.982235 [J]
kernel-energy-min: 220.895015 [J]
kernel-energy-max: 222.164465 [J]
kernel-energy-samples: "220.895015 221.968450 221.982235 222.152360 222.164465"
Verification: PASS
