********** Results for Knn**********
problem-size: 8192
local-size: 256
num-iters: 200
core-freq: 405
memory-freq: 877
device-name: Tesla V100-SXM2-16GB
sycl-implementation: LLVM CUDA (Intel DPC++)
throughput-metric: N/A
kernel-time-mean: 5.936163 [s]
kernel-time-stddev: 0.000787 [s]
kernel-time-median: 5.936020 [s]
kernel-time-min: 5.935181 [s]
kernel-time-samples: "5.935181 5.935856 5.936020 5.936445 5.937311"
kernel-time-throughput: N/A
run-time-mean: 5.945158 [s]
run-time-stddev: 0.002170 [s]
run-time-median: 5.944179 [s]
run-time-min: 5.943312 [s]
run-time-samples: "5.943312 5.943736 5.944179 5.945975 5.948590"
run-time-throughput: N/A
kernel-energy-mean: 216.737072 [J]
kernel-energy-stddev: 1.304350 [J]
kernel-energy-median: 217.511400 [J]
kernel-energy-min: 215.233970 [J]
kernel-energy-max: 217.954795 [J]
kernel-energy-samples: "215.233970 215.410000 217.511400 217.575195 217.954795"
Verification: PASS
