********** Results for Knn**********
problem-size: 8192
local-size: 256
num-iters: 200
core-freq: 930
memory-freq: 877
device-name: Tesla V100-SXM2-16GB
sycl-implementation: LLVM CUDA (Intel DPC++)
throughput-metric: N/A
kernel-time-mean: 1.449630 [s]
kernel-time-stddev: 0.000054 [s]
kernel-time-median: 1.449613 [s]
kernel-time-min: 1.449566 [s]
kernel-time-samples: "1.449566 1.449605 1.449613 1.449658 1.449707"
kernel-time-throughput: N/A
run-time-mean: 1.458943 [s]
run-time-stddev: 0.001391 [s]
run-time-median: 1.459237 [s]
run-time-min: 1.456935 [s]
run-time-samples: "1.456935 1.458379 1.459237 1.459484 1.460678"
run-time-throughput: N/A
kernel-energy-mean: 66.496442 [J]
kernel-energy-stddev: 0.138758 [J]
kernel-energy-median: 66.398020 [J]
kernel-energy-min: 66.393540 [J]
kernel-energy-max: 66.653615 [J]
kernel-energy-samples: "66.393540 66.393895 66.398020 66.643140 66.653615"
Verification: PASS
