********** Results for Knn**********
problem-size: 8192
local-size: 256
num-iters: 200
core-freq: 1072
memory-freq: 877
device-name: Tesla V100-SXM2-16GB
sycl-implementation: LLVM CUDA (Intel DPC++)
throughput-metric: N/A
kernel-time-mean: 1.257891 [s]
kernel-time-stddev: 0.000215 [s]
kernel-time-median: 1.257792 [s]
kernel-time-min: 1.257770 [s]
kernel-time-samples: "1.257770 1.257773 1.257792 1.257851 1.258271"
kernel-time-throughput: N/A
run-time-mean: 1.269810 [s]
run-time-stddev: 0.001315 [s]
run-time-median: 1.269640 [s]
run-time-min: 1.268204 [s]
run-time-samples: "1.268204 1.269564 1.269640 1.269768 1.271872"
run-time-throughput: N/A
kernel-energy-mean: 57.136735 [J]
kernel-energy-stddev: 2.243925 [J]
kernel-energy-median: 57.943070 [J]
kernel-energy-min: 53.139075 [J]
kernel-energy-max: 58.378715 [J]
kernel-energy-samples: "53.139075 57.928595 57.943070 58.294220 58.378715"
Verification: PASS
