********** Results for Knn**********
problem-size: 8192
local-size: 256
num-iters: 200
core-freq: 517
memory-freq: 877
device-name: Tesla V100-SXM2-16GB
sycl-implementation: LLVM CUDA (Intel DPC++)
throughput-metric: N/A
kernel-time-mean: 2.598573 [s]
kernel-time-stddev: 0.000555 [s]
kernel-time-median: 2.598327 [s]
kernel-time-min: 2.598127 [s]
kernel-time-samples: "2.598127 2.598152 2.598327 2.598833 2.599426"
kernel-time-throughput: N/A
run-time-mean: 2.609298 [s]
run-time-stddev: 0.002114 [s]
run-time-median: 2.608374 [s]
run-time-min: 2.606971 [s]
run-time-samples: "2.606971 2.608135 2.608374 2.610995 2.612013"
run-time-throughput: N/A
kernel-energy-mean: 103.181954 [J]
kernel-energy-stddev: 0.875865 [J]
kernel-energy-median: 103.569060 [J]
kernel-energy-min: 101.689490 [J]
kernel-energy-max: 103.892550 [J]
kernel-energy-samples: "101.689490 103.146535 103.569060 103.612135 103.892550"
Verification: PASS
