********** Results for LinearRegression_fp32**********
problem-size: 3072
local-size: 256
num-iters: 2000
core-freq: 915
memory-freq: 877
device-name: Tesla V100-SXM2-16GB
sycl-implementation: LLVM CUDA (Intel DPC++)
throughput-metric: N/A
kernel-time-mean: 0.683981 [s]
kernel-time-stddev: 0.000244 [s]
kernel-time-median: 0.683875 [s]
kernel-time-min: 0.683861 [s]
kernel-time-samples: "0.683861 0.683874 0.683875 0.683876 0.684417"
kernel-time-throughput: N/A
run-time-mean: 0.694171 [s]
run-time-stddev: 0.001036 [s]
run-time-median: 0.693981 [s]
run-time-min: 0.693264 [s]
run-time-samples: "0.693264 0.693421 0.693981 0.694330 0.695858"
run-time-throughput: N/A
kernel-energy-mean: 27.415506 [J]
kernel-energy-stddev: 0.099002 [J]
kernel-energy-median: 27.458285 [J]
kernel-energy-min: 27.238640 [J]
kernel-energy-max: 27.468030 [J]
kernel-energy-samples: "27.238640 27.454180 27.458285 27.458395 27.468030"
Verification: PASS
********** Results for LinearRegression_fp64**********
problem-size: 3072
local-size: 256
num-iters: 2000
core-freq: 915
memory-freq: 877
device-name: Tesla V100-SXM2-16GB
sycl-implementation: LLVM CUDA (Intel DPC++)
throughput-metric: N/A
kernel-time-mean: 0.657584 [s]
kernel-time-stddev: 0.000203 [s]
kernel-time-median: 0.657503 [s]
kernel-time-min: 0.657473 [s]
kernel-time-samples: "0.657473 0.657493 0.657503 0.657503 0.657947"
kernel-time-throughput: N/A
run-time-mean: 0.670938 [s]
run-time-stddev: 0.004802 [s]
run-time-median: 0.668072 [s]
run-time-min: 0.666936 [s]
run-time-samples: "0.666936 0.667880 0.668072 0.673731 0.678069"
run-time-throughput: N/A
kernel-energy-mean: 27.203374 [J]
kernel-energy-stddev: 0.461793 [J]
kernel-energy-median: 27.396460 [J]
kernel-energy-min: 26.439270 [J]
kernel-energy-max: 27.640425 [J]
kernel-energy-samples: "26.439270 27.144090 27.396460 27.396625 27.640425"
Verification: PASS
