********** Results for LinearRegression_fp32**********
problem-size: 3072
local-size: 256
num-iters: 2000
core-freq: 1267
memory-freq: 877
device-name: Tesla V100-SXM2-16GB
sycl-implementation: LLVM CUDA (Intel DPC++)
throughput-metric: N/A
kernel-time-mean: 0.494010 [s]
kernel-time-stddev: 0.000135 [s]
kernel-time-median: 0.494073 [s]
kernel-time-min: 0.493848 [s]
kernel-time-samples: "0.493848 0.493887 0.494073 0.494076 0.494164"
kernel-time-throughput: N/A
run-time-mean: 0.504401 [s]
run-time-stddev: 0.000919 [s]
run-time-median: 0.504405 [s]
run-time-min: 0.503364 [s]
run-time-samples: "0.503364 0.503891 0.504405 0.504516 0.505827"
run-time-throughput: N/A
kernel-energy-mean: 23.839696 [J]
kernel-energy-stddev: 0.128278 [J]
kernel-energy-median: 23.781275 [J]
kernel-energy-min: 23.778765 [J]
kernel-energy-max: 24.069070 [J]
kernel-energy-samples: "23.778765 23.780785 23.781275 23.788585 24.069070"
Verification: PASS
********** Results for LinearRegression_fp64**********
problem-size: 3072
local-size: 256
num-iters: 2000
core-freq: 1267
memory-freq: 877
device-name: Tesla V100-SXM2-16GB
sycl-implementation: LLVM CUDA (Intel DPC++)
throughput-metric: N/A
kernel-time-mean: 0.475222 [s]
kernel-time-stddev: 0.000113 [s]
kernel-time-median: 0.475250 [s]
kernel-time-min: 0.475068 [s]
kernel-time-samples: "0.475068 0.475161 0.475250 0.475262 0.475368"
kernel-time-throughput: N/A
run-time-mean: 0.486239 [s]
run-time-stddev: 0.002033 [s]
run-time-median: 0.486708 [s]
run-time-min: 0.483727 [s]
run-time-samples: "0.483727 0.484724 0.486708 0.487190 0.488848"
run-time-throughput: N/A
kernel-energy-mean: 23.918102 [J]
kernel-energy-stddev: 0.120566 [J]
kernel-energy-median: 23.971730 [J]
kernel-energy-min: 23.702580 [J]
kernel-energy-max: 23.976885 [J]
kernel-energy-samples: "23.702580 23.964775 23.971730 23.974540 23.976885"
Verification: PASS
