********** Results for LinearRegression_fp32**********
problem-size: 3072
local-size: 256
num-iters: 2000
core-freq: 450
memory-freq: 877
device-name: Tesla V100-SXM2-16GB
sycl-implementation: LLVM CUDA (Intel DPC++)
throughput-metric: N/A
kernel-time-mean: 2.794160 [s]
kernel-time-stddev: 0.000141 [s]
kernel-time-median: 2.794092 [s]
kernel-time-min: 2.794025 [s]
kernel-time-samples: "2.794025 2.794061 2.794092 2.794310 2.794315"
kernel-time-throughput: N/A
run-time-mean: 2.805755 [s]
run-time-stddev: 0.001000 [s]
run-time-median: 2.805662 [s]
run-time-min: 2.804507 [s]
run-time-samples: "2.804507 2.805120 2.805662 2.806547 2.806940"
run-time-throughput: N/A
kernel-energy-mean: 97.093281 [J]
kernel-energy-stddev: 1.924444 [J]
kernel-energy-median: 97.916900 [J]
kernel-energy-min: 93.672550 [J]
kernel-energy-max: 98.271370 [J]
kernel-energy-samples: "93.672550 97.662275 97.916900 97.943310 98.271370"
Verification: PASS
********** Results for LinearRegression_fp64**********
problem-size: 3072
local-size: 256
num-iters: 2000
core-freq: 450
memory-freq: 877
device-name: Tesla V100-SXM2-16GB
sycl-implementation: LLVM CUDA (Intel DPC++)
throughput-metric: N/A
kernel-time-mean: 2.686432 [s]
kernel-time-stddev: 0.000455 [s]
kernel-time-median: 2.686685 [s]
kernel-time-min: 2.685793 [s]
kernel-time-samples: "2.685793 2.686111 2.686685 2.686734 2.686836"
kernel-time-throughput: N/A
run-time-mean: 2.698322 [s]
run-time-stddev: 0.002576 [s]
run-time-median: 2.697598 [s]
run-time-min: 2.696543 [s]
run-time-samples: "2.696543 2.696780 2.697598 2.697866 2.702824"
run-time-throughput: N/A
kernel-energy-mean: 94.692355 [J]
kernel-energy-stddev: 0.015060 [J]
kernel-energy-median: 94.685800 [J]
kernel-energy-min: 94.678450 [J]
kernel-energy-max: 94.713195 [J]
kernel-energy-samples: "94.678450 94.681290 94.685800 94.703040 94.713195"
Verification: PASS
