********** Results for LinearRegression_fp32**********
problem-size: 3072
local-size: 256
num-iters: 2000
core-freq: 1245
memory-freq: 877
device-name: Tesla V100-SXM2-16GB
sycl-implementation: LLVM CUDA (Intel DPC++)
throughput-metric: N/A
kernel-time-mean: 0.502260 [s]
kernel-time-stddev: 0.000150 [s]
kernel-time-median: 0.502233 [s]
kernel-time-min: 0.502075 [s]
kernel-time-samples: "0.502075 0.502195 0.502233 0.502322 0.502476"
kernel-time-throughput: N/A
run-time-mean: 0.513051 [s]
run-time-stddev: 0.001825 [s]
run-time-median: 0.513055 [s]
run-time-min: 0.511183 [s]
run-time-samples: "0.511183 0.511627 0.513055 0.513601 0.515791"
run-time-throughput: N/A
kernel-energy-mean: 24.715718 [J]
kernel-energy-stddev: 0.122841 [J]
kernel-energy-median: 24.661010 [J]
kernel-energy-min: 24.655290 [J]
kernel-energy-max: 24.935290 [J]
kernel-energy-samples: "24.655290 24.658520 24.661010 24.668480 24.935290"
Verification: PASS
********** Results for LinearRegression_fp64**********
problem-size: 3072
local-size: 256
num-iters: 2000
core-freq: 1245
memory-freq: 877
device-name: Tesla V100-SXM2-16GB
sycl-implementation: LLVM CUDA (Intel DPC++)
throughput-metric: N/A
kernel-time-mean: 0.483342 [s]
kernel-time-stddev: 0.000317 [s]
kernel-time-median: 0.483271 [s]
kernel-time-min: 0.482960 [s]
kernel-time-samples: "0.482960 0.483198 0.483271 0.483479 0.483803"
kernel-time-throughput: N/A
run-time-mean: 0.494769 [s]
run-time-stddev: 0.000440 [s]
run-time-median: 0.494973 [s]
run-time-min: 0.494212 [s]
run-time-samples: "0.494212 0.494395 0.494973 0.495041 0.495224"
run-time-throughput: N/A
kernel-energy-mean: 24.906833 [J]
kernel-energy-stddev: 0.026259 [J]
kernel-energy-median: 24.903005 [J]
kernel-energy-min: 24.872395 [J]
kernel-energy-max: 24.945305 [J]
kernel-energy-samples: "24.872395 24.900510 24.903005 24.912950 24.945305"
Verification: PASS
