********** Results for LinearRegression_fp32**********
problem-size: 3072
local-size: 256
num-iters: 2000
core-freq: 397
memory-freq: 877
device-name: Tesla V100-SXM2-16GB
sycl-implementation: LLVM CUDA (Intel DPC++)
throughput-metric: N/A
kernel-time-mean: 2.983211 [s]
kernel-time-stddev: 0.001036 [s]
kernel-time-median: 2.982729 [s]
kernel-time-min: 2.982072 [s]
kernel-time-samples: "2.982072 2.982654 2.982729 2.984095 2.984506"
kernel-time-throughput: N/A
run-time-mean: 2.991473 [s]
run-time-stddev: 0.001263 [s]
run-time-median: 2.991124 [s]
run-time-min: 2.990594 [s]
run-time-samples: "2.990594 2.990814 2.991124 2.991139 2.993695"
run-time-throughput: N/A
kernel-energy-mean: 109.326075 [J]
kernel-energy-stddev: 0.189541 [J]
kernel-energy-median: 109.206925 [J]
kernel-energy-min: 109.182025 [J]
kernel-energy-max: 109.615490 [J]
kernel-energy-samples: "109.182025 109.201945 109.206925 109.423990 109.615490"
Verification: PASS
********** Results for LinearRegression_fp64**********
problem-size: 3072
local-size: 256
num-iters: 2000
core-freq: 397
memory-freq: 877
device-name: Tesla V100-SXM2-16GB
sycl-implementation: LLVM CUDA (Intel DPC++)
throughput-metric: N/A
kernel-time-mean: 2.867694 [s]
kernel-time-stddev: 0.000199 [s]
kernel-time-median: 2.867635 [s]
kernel-time-min: 2.867545 [s]
kernel-time-samples: "2.867545 2.867606 2.867635 2.867639 2.868043"
kernel-time-throughput: N/A
run-time-mean: 2.878089 [s]
run-time-stddev: 0.002130 [s]
run-time-median: 2.878573 [s]
run-time-min: 2.875686 [s]
run-time-samples: "2.875686 2.876062 2.878573 2.879711 2.880413"
run-time-throughput: N/A
kernel-energy-mean: 106.063572 [J]
kernel-energy-stddev: 0.266458 [J]
kernel-energy-median: 106.074515 [J]
kernel-energy-min: 105.710110 [J]
kernel-energy-max: 106.412060 [J]
kernel-energy-samples: "105.710110 105.923690 106.074515 106.197485 106.412060"
Verification: PASS
