********** Results for LinearRegression_fp32**********
problem-size: 3072
local-size: 256
num-iters: 2000
core-freq: 742
memory-freq: 877
device-name: Tesla V100-SXM2-16GB
sycl-implementation: LLVM CUDA (Intel DPC++)
throughput-metric: N/A
kernel-time-mean: 0.844099 [s]
kernel-time-stddev: 0.000271 [s]
kernel-time-median: 0.843983 [s]
kernel-time-min: 0.843961 [s]
kernel-time-samples: "0.843961 0.843975 0.843983 0.843992 0.844584"
kernel-time-throughput: N/A
run-time-mean: 0.856000 [s]
run-time-stddev: 0.002858 [s]
run-time-median: 0.855128 [s]
run-time-min: 0.852367 [s]
run-time-samples: "0.852367 0.854942 0.855128 0.857748 0.859813"
run-time-throughput: N/A
kernel-energy-mean: 33.874809 [J]
kernel-energy-stddev: 0.006670 [J]
kernel-energy-median: 33.876745 [J]
kernel-energy-min: 33.863795 [J]
kernel-energy-max: 33.880825 [J]
kernel-energy-samples: "33.863795 33.873890 33.876745 33.878790 33.880825"
Verification: PASS
********** Results for LinearRegression_fp64**********
problem-size: 3072
local-size: 256
num-iters: 2000
core-freq: 742
memory-freq: 877
device-name: Tesla V100-SXM2-16GB
sycl-implementation: LLVM CUDA (Intel DPC++)
throughput-metric: N/A
kernel-time-mean: 0.811255 [s]
kernel-time-stddev: 0.000010 [s]
kernel-time-median: 0.811255 [s]
kernel-time-min: 0.811244 [s]
kernel-time-samples: "0.811244 0.811248 0.811255 0.811259 0.811269"
kernel-time-throughput: N/A
run-time-mean: 0.821951 [s]
run-time-stddev: 0.002780 [s]
run-time-median: 0.822584 [s]
run-time-min: 0.818894 [s]
run-time-samples: "0.818894 0.819335 0.822584 0.823571 0.825371"
run-time-throughput: N/A
kernel-energy-mean: 33.343885 [J]
kernel-energy-stddev: 0.109622 [J]
kernel-energy-median: 33.291475 [J]
kernel-energy-min: 33.279710 [J]
kernel-energy-max: 33.538190 [J]
kernel-energy-samples: "33.279710 33.290395 33.291475 33.319655 33.538190"
Verification: PASS
