********** Results for LinearRegression_fp32**********
problem-size: 3072
local-size: 256
num-iters: 2000
core-freq: 1297
memory-freq: 877
device-name: Tesla V100-SXM2-16GB
sycl-implementation: LLVM CUDA (Intel DPC++)
throughput-metric: N/A
kernel-time-mean: 0.482197 [s]
kernel-time-stddev: 0.000149 [s]
kernel-time-median: 0.482180 [s]
kernel-time-min: 0.482062 [s]
kernel-time-samples: "0.482062 0.482066 0.482180 0.482258 0.482420"
kernel-time-throughput: N/A
run-time-mean: 0.492477 [s]
run-time-stddev: 0.003044 [s]
run-time-median: 0.491298 [s]
run-time-min: 0.490744 [s]
run-time-samples: "0.490744 0.491131 0.491298 0.491306 0.497907"
run-time-throughput: N/A
kernel-energy-mean: 24.945719 [J]
kernel-energy-stddev: 0.248369 [J]
kernel-energy-median: 24.910410 [J]
kernel-energy-min: 24.581385 [J]
kernel-energy-max: 25.193910 [J]
kernel-energy-samples: "24.581385 24.880565 24.910410 25.162325 25.193910"
Verification: PASS
********** Results for LinearRegression_fp64**********
problem-size: 3072
local-size: 256
num-iters: 2000
core-freq: 1297
memory-freq: 877
device-name: Tesla V100-SXM2-16GB
sycl-implementation: LLVM CUDA (Intel DPC++)
throughput-metric: N/A
kernel-time-mean: 0.464627 [s]
kernel-time-stddev: 0.001840 [s]
kernel-time-median: 0.463813 [s]
kernel-time-min: 0.463521 [s]
kernel-time-samples: "0.463521 0.463764 0.463813 0.464143 0.467895"
kernel-time-throughput: N/A
run-time-mean: 0.479645 [s]
run-time-stddev: 0.006222 [s]
run-time-median: 0.480207 [s]
run-time-min: 0.473288 [s]
run-time-samples: "0.473288 0.474590 0.480207 0.481215 0.488924"
run-time-throughput: N/A
kernel-energy-mean: 25.289828 [J]
kernel-energy-stddev: 0.271855 [J]
kernel-energy-median: 25.454195 [J]
kernel-energy-min: 24.872315 [J]
kernel-energy-max: 25.489495 [J]
kernel-energy-samples: "24.872315 25.153795 25.454195 25.479340 25.489495"
Verification: PASS
