********** Results for LinearRegression_fp32**********
problem-size: 3072
local-size: 256
num-iters: 2000
core-freq: 1320
memory-freq: 877
device-name: Tesla V100-SXM2-16GB
sycl-implementation: LLVM CUDA (Intel DPC++)
throughput-metric: N/A
kernel-time-mean: 0.473212 [s]
kernel-time-stddev: 0.000089 [s]
kernel-time-median: 0.473216 [s]
kernel-time-min: 0.473093 [s]
kernel-time-samples: "0.473093 0.473158 0.473216 0.473283 0.473308"
kernel-time-throughput: N/A
run-time-mean: 0.483023 [s]
run-time-stddev: 0.001183 [s]
run-time-median: 0.482913 [s]
run-time-min: 0.481491 [s]
run-time-samples: "0.481491 0.482329 0.482913 0.484060 0.484320"
run-time-throughput: N/A
kernel-energy-mean: 23.694411 [J]
kernel-energy-stddev: 0.005642 [J]
kernel-energy-median: 23.695510 [J]
kernel-energy-min: 23.685635 [J]
kernel-energy-max: 23.699950 [J]
kernel-energy-samples: "23.685635 23.692640 23.695510 23.698320 23.699950"
Verification: PASS
********** Results for LinearRegression_fp64**********
problem-size: 3072
local-size: 256
num-iters: 2000
core-freq: 1320
memory-freq: 877
device-name: Tesla V100-SXM2-16GB
sycl-implementation: LLVM CUDA (Intel DPC++)
throughput-metric: N/A
kernel-time-mean: 0.455375 [s]
kernel-time-stddev: 0.000029 [s]
kernel-time-median: 0.455387 [s]
kernel-time-min: 0.455330 [s]
kernel-time-samples: "0.455330 0.455366 0.455387 0.455388 0.455404"
kernel-time-throughput: N/A
run-time-mean: 0.467760 [s]
run-time-stddev: 0.003175 [s]
run-time-median: 0.466955 [s]
run-time-min: 0.464979 [s]
run-time-samples: "0.464979 0.465682 0.466955 0.468186 0.472999"
run-time-throughput: N/A
kernel-energy-mean: 24.279323 [J]
kernel-energy-stddev: 0.215930 [J]
kernel-energy-median: 24.285225 [J]
kernel-energy-min: 23.977115 [J]
kernel-energy-max: 24.587040 [J]
kernel-energy-samples: "23.977115 24.259770 24.285225 24.287465 24.587040"
Verification: PASS
