********** Results for LinearRegression_fp32**********
problem-size: 3072
local-size: 256
num-iters: 2000
core-freq: 735
memory-freq: 877
device-name: Tesla V100-SXM2-16GB
sycl-implementation: LLVM CUDA (Intel DPC++)
throughput-metric: N/A
kernel-time-mean: 0.852356 [s]
kernel-time-stddev: 0.000019 [s]
kernel-time-median: 0.852358 [s]
kernel-time-min: 0.852329 [s]
kernel-time-samples: "0.852329 0.852349 0.852358 0.852360 0.852383"
kernel-time-throughput: N/A
run-time-mean: 0.863678 [s]
run-time-stddev: 0.002992 [s]
run-time-median: 0.863510 [s]
run-time-min: 0.860340 [s]
run-time-samples: "0.860340 0.861862 0.863510 0.864443 0.868233"
run-time-throughput: N/A
kernel-energy-mean: 32.374524 [J]
kernel-energy-stddev: 0.116834 [J]
kernel-energy-median: 32.294215 [J]
kernel-energy-min: 32.284265 [J]
kernel-energy-max: 32.503690 [J]
kernel-energy-samples: "32.284265 32.289245 32.294215 32.501205 32.503690"
Verification: PASS
********** Results for LinearRegression_fp64**********
problem-size: 3072
local-size: 256
num-iters: 2000
core-freq: 735
memory-freq: 877
device-name: Tesla V100-SXM2-16GB
sycl-implementation: LLVM CUDA (Intel DPC++)
throughput-metric: N/A
kernel-time-mean: 0.819435 [s]
kernel-time-stddev: 0.000285 [s]
kernel-time-median: 0.819305 [s]
kernel-time-min: 0.819297 [s]
kernel-time-samples: "0.819297 0.819298 0.819305 0.819329 0.819943"
kernel-time-throughput: N/A
run-time-mean: 0.830844 [s]
run-time-stddev: 0.001209 [s]
run-time-median: 0.831440 [s]
run-time-min: 0.829170 [s]
run-time-samples: "0.829170 0.829997 0.831440 0.831561 0.832051"
run-time-throughput: N/A
kernel-energy-mean: 32.230018 [J]
kernel-energy-stddev: 0.011478 [J]
kernel-energy-median: 32.226540 [J]
kernel-energy-min: 32.219075 [J]
kernel-energy-max: 32.248915 [J]
kernel-energy-samples: "32.219075 32.224040 32.226540 32.231520 32.248915"
Verification: PASS
