********** Results for LinearRegression_fp32**********
problem-size: 3072
local-size: 256
num-iters: 2000
core-freq: 1410
memory-freq: 877
device-name: Tesla V100-SXM2-16GB
sycl-implementation: LLVM CUDA (Intel DPC++)
throughput-metric: N/A
kernel-time-mean: 0.442007 [s]
kernel-time-stddev: 0.000221 [s]
kernel-time-median: 0.442015 [s]
kernel-time-min: 0.441752 [s]
kernel-time-samples: "0.441752 0.441818 0.442015 0.442204 0.442244"
kernel-time-throughput: N/A
run-time-mean: 0.452531 [s]
run-time-stddev: 0.001302 [s]
run-time-median: 0.452307 [s]
run-time-min: 0.450653 [s]
run-time-samples: "0.450653 0.452241 0.452307 0.453371 0.454084"
run-time-throughput: N/A
kernel-energy-mean: 25.279781 [J]
kernel-energy-stddev: 0.239104 [J]
kernel-energy-median: 25.285290 [J]
kernel-energy-min: 24.943460 [J]
kernel-energy-max: 25.616925 [J]
kernel-energy-samples: "24.943460 25.246170 25.285290 25.307060 25.616925"
Verification: PASS
********** Results for LinearRegression_fp64**********
problem-size: 3072
local-size: 256
num-iters: 2000
core-freq: 1410
memory-freq: 877
device-name: Tesla V100-SXM2-16GB
sycl-implementation: LLVM CUDA (Intel DPC++)
throughput-metric: N/A
kernel-time-mean: 0.425972 [s]
kernel-time-stddev: 0.000287 [s]
kernel-time-median: 0.426023 [s]
kernel-time-min: 0.425511 [s]
kernel-time-samples: "0.425511 0.425930 0.426023 0.426127 0.426271"
kernel-time-throughput: N/A
run-time-mean: 0.438262 [s]
run-time-stddev: 0.001315 [s]
run-time-median: 0.438626 [s]
run-time-min: 0.436073 [s]
run-time-samples: "0.436073 0.438158 0.438626 0.438985 0.439470"
run-time-throughput: N/A
kernel-energy-mean: 25.496992 [J]
kernel-energy-stddev: 0.177976 [J]
kernel-energy-median: 25.412955 [J]
kernel-energy-min: 25.318870 [J]
kernel-energy-max: 25.717770 [J]
kernel-energy-samples: "25.318870 25.379275 25.412955 25.656090 25.717770"
Verification: PASS
