********** Results for LinearRegression_fp32**********
problem-size: 3072
local-size: 256
num-iters: 2000
core-freq: 307
memory-freq: 877
device-name: Tesla V100-SXM2-16GB
sycl-implementation: LLVM CUDA (Intel DPC++)
throughput-metric: N/A
kernel-time-mean: 2.919111 [s]
kernel-time-stddev: 0.000754 [s]
kernel-time-median: 2.918747 [s]
kernel-time-min: 2.918534 [s]
kernel-time-samples: "2.918534 2.918594 2.918747 2.919349 2.920331"
kernel-time-throughput: N/A
run-time-mean: 2.930285 [s]
run-time-stddev: 0.003000 [s]
run-time-median: 2.930766 [s]
run-time-min: 2.926863 [s]
run-time-samples: "2.926863 2.927523 2.930766 2.932844 2.933429"
run-time-throughput: N/A
kernel-energy-mean: 100.847494 [J]
kernel-energy-stddev: 1.732151 [J]
kernel-energy-median: 101.502260 [J]
kernel-energy-min: 97.756210 [J]
kernel-energy-max: 101.747160 [J]
kernel-energy-samples: "97.756210 101.501310 101.502260 101.730530 101.747160"
Verification: PASS
********** Results for LinearRegression_fp64**********
problem-size: 3072
local-size: 256
num-iters: 2000
core-freq: 307
memory-freq: 877
device-name: Tesla V100-SXM2-16GB
sycl-implementation: LLVM CUDA (Intel DPC++)
throughput-metric: N/A
kernel-time-mean: 2.805625 [s]
kernel-time-stddev: 0.000116 [s]
kernel-time-median: 2.805592 [s]
kernel-time-min: 2.805523 [s]
kernel-time-samples: "2.805523 2.805568 2.805592 2.805619 2.805822"
kernel-time-throughput: N/A
run-time-mean: 2.819260 [s]
run-time-stddev: 0.005986 [s]
run-time-median: 2.817471 [s]
run-time-min: 2.813638 [s]
run-time-samples: "2.813638 2.813984 2.817471 2.825284 2.825924"
run-time-throughput: N/A
kernel-energy-mean: 99.001133 [J]
kernel-energy-stddev: 0.143229 [J]
kernel-energy-median: 98.928120 [J]
kernel-energy-min: 98.894630 [J]
kernel-energy-max: 99.240855 [J]
kernel-energy-samples: "98.894630 98.915780 98.928120 99.026280 99.240855"
Verification: PASS
