********** Results for LinearRegression_fp32**********
problem-size: 3072
local-size: 256
num-iters: 2000
core-freq: 1515
memory-freq: 877
device-name: Tesla V100-SXM2-16GB
sycl-implementation: LLVM CUDA (Intel DPC++)
throughput-metric: N/A
kernel-time-mean: 0.412782 [s]
kernel-time-stddev: 0.000029 [s]
kernel-time-median: 0.412770 [s]
kernel-time-min: 0.412758 [s]
kernel-time-samples: "0.412758 0.412767 0.412770 0.412782 0.412832"
kernel-time-throughput: N/A
run-time-mean: 0.428333 [s]
run-time-stddev: 0.003431 [s]
run-time-median: 0.425967 [s]
run-time-min: 0.425772 [s]
run-time-samples: "0.425772 0.425804 0.425967 0.431443 0.432677"
run-time-throughput: N/A
kernel-energy-mean: 26.383951 [J]
kernel-energy-stddev: 0.013286 [J]
kernel-energy-median: 26.388730 [J]
kernel-energy-min: 26.365650 [J]
kernel-energy-max: 26.396170 [J]
kernel-energy-samples: "26.365650 26.374650 26.388730 26.394555 26.396170"
Verification: PASS
********** Results for LinearRegression_fp64**********
problem-size: 3072
local-size: 256
num-iters: 2000
core-freq: 1515
memory-freq: 877
device-name: Tesla V100-SXM2-16GB
sycl-implementation: LLVM CUDA (Intel DPC++)
throughput-metric: N/A
kernel-time-mean: 0.396746 [s]
kernel-time-stddev: 0.000018 [s]
kernel-time-median: 0.396741 [s]
kernel-time-min: 0.396727 [s]
kernel-time-samples: "0.396727 0.396732 0.396741 0.396761 0.396768"
kernel-time-throughput: N/A
run-time-mean: 0.410913 [s]
run-time-stddev: 0.003997 [s]
run-time-median: 0.409200 [s]
run-time-min: 0.407752 [s]
run-time-samples: "0.407752 0.408983 0.409200 0.410846 0.417786"
run-time-throughput: N/A
kernel-energy-mean: 27.030841 [J]
kernel-energy-stddev: 0.175406 [J]
kernel-energy-median: 26.955765 [J]
kernel-energy-min: 26.931190 [J]
kernel-energy-max: 27.343280 [J]
kernel-energy-samples: "26.931190 26.947810 26.955765 26.976160 27.343280"
Verification: PASS
