********** Results for LinearRegression_fp32**********
problem-size: 3072
local-size: 256
num-iters: 2000
core-freq: 330
memory-freq: 877
device-name: Tesla V100-SXM2-16GB
sycl-implementation: LLVM CUDA (Intel DPC++)
throughput-metric: N/A
kernel-time-mean: 2.988540 [s]
kernel-time-stddev: 0.000646 [s]
kernel-time-median: 2.988140 [s]
kernel-time-min: 2.988020 [s]
kernel-time-samples: "2.988020 2.988074 2.988140 2.989063 2.989406"
kernel-time-throughput: N/A
run-time-mean: 2.998850 [s]
run-time-stddev: 0.002010 [s]
run-time-median: 2.999422 [s]
run-time-min: 2.995916 [s]
run-time-samples: "2.995916 2.997925 2.999422 2.999795 3.001192"
run-time-throughput: N/A
kernel-energy-mean: 103.615182 [J]
kernel-energy-stddev: 0.968664 [J]
kernel-energy-median: 103.182170 [J]
kernel-energy-min: 103.181670 [J]
kernel-energy-max: 105.347980 [J]
kernel-energy-samples: "103.181670 103.181670 103.182170 103.182420 105.347980"
Verification: PASS
********** Results for LinearRegression_fp64**********
problem-size: 3072
local-size: 256
num-iters: 2000
core-freq: 330
memory-freq: 877
device-name: Tesla V100-SXM2-16GB
sycl-implementation: LLVM CUDA (Intel DPC++)
throughput-metric: N/A
kernel-time-mean: 2.872322 [s]
kernel-time-stddev: 0.000476 [s]
kernel-time-median: 2.872152 [s]
kernel-time-min: 2.871874 [s]
kernel-time-samples: "2.871874 2.872111 2.872152 2.872354 2.873117"
kernel-time-throughput: N/A
run-time-mean: 2.883376 [s]
run-time-stddev: 0.003786 [s]
run-time-median: 2.882779 [s]
run-time-min: 2.878967 [s]
run-time-samples: "2.878967 2.881416 2.882779 2.884687 2.889030"
run-time-throughput: N/A
kernel-energy-mean: 99.528376 [J]
kernel-energy-stddev: 0.942739 [J]
kernel-energy-median: 99.449690 [J]
kernel-energy-min: 98.051030 [J]
kernel-energy-max: 100.447210 [J]
kernel-energy-samples: "98.051030 99.447590 99.449690 100.246360 100.447210"
Verification: PASS
