********** Results for LinearRegression_fp32**********
problem-size: 3072
local-size: 256
num-iters: 2000
core-freq: 772
memory-freq: 877
device-name: Tesla V100-SXM2-16GB
sycl-implementation: LLVM CUDA (Intel DPC++)
throughput-metric: N/A
kernel-time-mean: 0.810861 [s]
kernel-time-stddev: 0.000014 [s]
kernel-time-median: 0.810859 [s]
kernel-time-min: 0.810846 [s]
kernel-time-samples: "0.810846 0.810854 0.810859 0.810860 0.810885"
kernel-time-throughput: N/A
run-time-mean: 0.820765 [s]
run-time-stddev: 0.001752 [s]
run-time-median: 0.820477 [s]
run-time-min: 0.818899 [s]
run-time-samples: "0.818899 0.819400 0.820477 0.821953 0.823096"
run-time-throughput: N/A
kernel-energy-mean: 33.701192 [J]
kernel-energy-stddev: 0.133288 [J]
kernel-energy-median: 33.608890 [J]
kernel-energy-min: 33.596455 [J]
kernel-energy-max: 33.848350 [J]
kernel-energy-samples: "33.596455 33.606395 33.608890 33.845870 33.848350"
Verification: PASS
********** Results for LinearRegression_fp64**********
problem-size: 3072
local-size: 256
num-iters: 2000
core-freq: 772
memory-freq: 877
device-name: Tesla V100-SXM2-16GB
sycl-implementation: LLVM CUDA (Intel DPC++)
throughput-metric: N/A
kernel-time-mean: 0.779422 [s]
kernel-time-stddev: 0.000032 [s]
kernel-time-median: 0.779431 [s]
kernel-time-min: 0.779368 [s]
kernel-time-samples: "0.779368 0.779429 0.779431 0.779431 0.779452"
kernel-time-throughput: N/A
run-time-mean: 0.788518 [s]
run-time-stddev: 0.002191 [s]
run-time-median: 0.787414 [s]
run-time-min: 0.786442 [s]
run-time-samples: "0.786442 0.787373 0.787414 0.789453 0.791909"
run-time-throughput: N/A
kernel-energy-mean: 33.107691 [J]
kernel-energy-stddev: 0.765781 [J]
kernel-energy-median: 33.363075 [J]
kernel-energy-min: 31.893930 [J]
kernel-energy-max: 33.822130 [J]
kernel-energy-samples: "31.893930 32.864235 33.363075 33.595085 33.822130"
Verification: PASS
