********** Results for LinearRegression_fp32**********
problem-size: 3072
local-size: 256
num-iters: 2000
core-freq: 412
memory-freq: 877
device-name: Tesla V100-SXM2-16GB
sycl-implementation: LLVM CUDA (Intel DPC++)
throughput-metric: N/A
kernel-time-mean: 2.842007 [s]
kernel-time-stddev: 0.000635 [s]
kernel-time-median: 2.841674 [s]
kernel-time-min: 2.841525 [s]
kernel-time-samples: "2.841525 2.841530 2.841674 2.842327 2.842977"
kernel-time-throughput: N/A
run-time-mean: 2.851950 [s]
run-time-stddev: 0.002158 [s]
run-time-median: 2.852045 [s]
run-time-min: 2.848786 [s]
run-time-samples: "2.848786 2.851343 2.852045 2.852928 2.854650"
run-time-throughput: N/A
kernel-energy-mean: 109.267903 [J]
kernel-energy-stddev: 0.168657 [J]
kernel-energy-median: 109.262375 [J]
kernel-energy-min: 109.037680 [J]
kernel-energy-max: 109.514150 [J]
kernel-energy-samples: "109.037680 109.257385 109.262375 109.267925 109.514150"
Verification: PASS
********** Results for LinearRegression_fp64**********
problem-size: 3072
local-size: 256
num-iters: 2000
core-freq: 412
memory-freq: 877
device-name: Tesla V100-SXM2-16GB
sycl-implementation: LLVM CUDA (Intel DPC++)
throughput-metric: N/A
kernel-time-mean: 2.731462 [s]
kernel-time-stddev: 0.000341 [s]
kernel-time-median: 2.731316 [s]
kernel-time-min: 2.731123 [s]
kernel-time-samples: "2.731123 2.731311 2.731316 2.731551 2.732008"
kernel-time-throughput: N/A
run-time-mean: 2.740781 [s]
run-time-stddev: 0.001625 [s]
run-time-median: 2.740974 [s]
run-time-min: 2.739097 [s]
run-time-samples: "2.739097 2.739322 2.740974 2.741475 2.743035"
run-time-throughput: N/A
kernel-energy-mean: 105.922270 [J]
kernel-energy-stddev: 0.587075 [J]
kernel-energy-median: 106.232240 [J]
kernel-energy-min: 104.886030 [J]
kernel-energy-max: 106.243650 [J]
kernel-energy-samples: "104.886030 106.016320 106.232240 106.233110 106.243650"
Verification: PASS
