********** Results for LinearRegression_fp32**********
problem-size: 3072
local-size: 256
num-iters: 2000
core-freq: 240
memory-freq: 877
device-name: Tesla V100-SXM2-16GB
sycl-implementation: LLVM CUDA (Intel DPC++)
throughput-metric: N/A
kernel-time-mean: 2.988907 [s]
kernel-time-stddev: 0.000544 [s]
kernel-time-median: 2.988701 [s]
kernel-time-min: 2.988329 [s]
kernel-time-samples: "2.988329 2.988534 2.988701 2.989483 2.989485"
kernel-time-throughput: N/A
run-time-mean: 2.998066 [s]
run-time-stddev: 0.002609 [s]
run-time-median: 2.998007 [s]
run-time-min: 2.994930 [s]
run-time-samples: "2.994930 2.996078 2.998007 3.000621 3.000694"
run-time-throughput: N/A
kernel-energy-mean: 103.141389 [J]
kernel-energy-stddev: 0.087090 [J]
kernel-energy-median: 103.180055 [J]
kernel-energy-min: 102.985620 [J]
kernel-energy-max: 103.182545 [J]
kernel-energy-samples: "102.985620 103.178430 103.180055 103.180295 103.182545"
Verification: PASS
********** Results for LinearRegression_fp64**********
problem-size: 3072
local-size: 256
num-iters: 2000
core-freq: 240
memory-freq: 877
device-name: Tesla V100-SXM2-16GB
sycl-implementation: LLVM CUDA (Intel DPC++)
throughput-metric: N/A
kernel-time-mean: 2.872836 [s]
kernel-time-stddev: 0.000584 [s]
kernel-time-median: 2.872972 [s]
kernel-time-min: 2.872018 [s]
kernel-time-samples: "2.872018 2.872479 2.872972 2.873293 2.873418"
kernel-time-throughput: N/A
run-time-mean: 2.882304 [s]
run-time-stddev: 0.001678 [s]
run-time-median: 2.882299 [s]
run-time-min: 2.879736 [s]
run-time-samples: "2.879736 2.881969 2.882299 2.883355 2.884161"
run-time-throughput: N/A
kernel-energy-mean: 99.684521 [J]
kernel-energy-stddev: 0.926753 [J]
kernel-energy-median: 100.239280 [J]
kernel-energy-min: 98.248590 [J]
kernel-energy-max: 100.434685 [J]
kernel-energy-samples: "98.248590 99.252780 100.239280 100.247270 100.434685"
Verification: PASS
