********** Results for LinearRegression_fp32**********
problem-size: 3072
local-size: 256
num-iters: 2000
core-freq: 1200
memory-freq: 877
device-name: Tesla V100-SXM2-16GB
sycl-implementation: LLVM CUDA (Intel DPC++)
throughput-metric: N/A
kernel-time-mean: 0.520949 [s]
kernel-time-stddev: 0.000299 [s]
kernel-time-median: 0.520995 [s]
kernel-time-min: 0.520650 [s]
kernel-time-samples: "0.520650 0.520688 0.520995 0.521025 0.521388"
kernel-time-throughput: N/A
run-time-mean: 0.531753 [s]
run-time-stddev: 0.002953 [s]
run-time-median: 0.529840 [s]
run-time-min: 0.529533 [s]
run-time-samples: "0.529533 0.529808 0.529840 0.533370 0.536214"
run-time-throughput: N/A
kernel-energy-mean: 23.573137 [J]
kernel-energy-stddev: 0.124431 [J]
kernel-energy-median: 23.513550 [J]
kernel-energy-min: 23.505550 [J]
kernel-energy-max: 23.794625 [J]
kernel-energy-samples: "23.505550 23.513550 23.513550 23.538410 23.794625"
Verification: PASS
********** Results for LinearRegression_fp64**********
problem-size: 3072
local-size: 256
num-iters: 2000
core-freq: 1200
memory-freq: 877
device-name: Tesla V100-SXM2-16GB
sycl-implementation: LLVM CUDA (Intel DPC++)
throughput-metric: N/A
kernel-time-mean: 0.500543 [s]
kernel-time-stddev: 0.000245 [s]
kernel-time-median: 0.500481 [s]
kernel-time-min: 0.500263 [s]
kernel-time-samples: "0.500263 0.500405 0.500481 0.500667 0.500895"
kernel-time-throughput: N/A
run-time-mean: 0.511552 [s]
run-time-stddev: 0.000937 [s]
run-time-median: 0.511502 [s]
run-time-min: 0.510222 [s]
run-time-samples: "0.510222 0.511169 0.511502 0.512282 0.512583"
run-time-throughput: N/A
kernel-energy-mean: 23.688169 [J]
kernel-energy-stddev: 0.608103 [J]
kernel-energy-median: 23.952940 [J]
kernel-energy-min: 22.601160 [J]
kernel-energy-max: 23.987940 [J]
kernel-energy-samples: "22.601160 23.925790 23.952940 23.973015 23.987940"
Verification: PASS
