********** Results for LinearRegression_fp32**********
problem-size: 3072
local-size: 256
num-iters: 2000
core-freq: 1350
memory-freq: 877
device-name: Tesla V100-SXM2-16GB
sycl-implementation: LLVM CUDA (Intel DPC++)
throughput-metric: N/A
kernel-time-mean: 0.462764 [s]
kernel-time-stddev: 0.000363 [s]
kernel-time-median: 0.462804 [s]
kernel-time-min: 0.462300 [s]
kernel-time-samples: "0.462300 0.462497 0.462804 0.463092 0.463125"
kernel-time-throughput: N/A
run-time-mean: 0.475252 [s]
run-time-stddev: 0.003231 [s]
run-time-median: 0.474411 [s]
run-time-min: 0.471960 [s]
run-time-samples: "0.471960 0.472912 0.474411 0.477111 0.479864"
run-time-throughput: N/A
kernel-energy-mean: 24.741782 [J]
kernel-energy-stddev: 0.147497 [J]
kernel-energy-median: 24.684200 [J]
kernel-energy-min: 24.664110 [J]
kernel-energy-max: 25.004955 [J]
kernel-energy-samples: "24.664110 24.667085 24.684200 24.688560 25.004955"
Verification: PASS
********** Results for LinearRegression_fp64**********
problem-size: 3072
local-size: 256
num-iters: 2000
core-freq: 1350
memory-freq: 877
device-name: Tesla V100-SXM2-16GB
sycl-implementation: LLVM CUDA (Intel DPC++)
throughput-metric: N/A
kernel-time-mean: 0.444830 [s]
kernel-time-stddev: 0.000314 [s]
kernel-time-median: 0.444827 [s]
kernel-time-min: 0.444503 [s]
kernel-time-samples: "0.444503 0.444569 0.444827 0.444980 0.445273"
kernel-time-throughput: N/A
run-time-mean: 0.455018 [s]
run-time-stddev: 0.000604 [s]
run-time-median: 0.454937 [s]
run-time-min: 0.454414 [s]
run-time-samples: "0.454414 0.454482 0.454937 0.455460 0.455795"
run-time-throughput: N/A
kernel-energy-mean: 25.209764 [J]
kernel-energy-stddev: 0.018948 [J]
kernel-energy-median: 25.208220 [J]
kernel-energy-min: 25.186200 [J]
kernel-energy-max: 25.235135 [J]
kernel-energy-samples: "25.186200 25.198800 25.208220 25.220465 25.235135"
Verification: PASS
