********** Results for LinearRegression_fp32**********
problem-size: 3072
local-size: 256
num-iters: 2000
core-freq: 922
memory-freq: 877
device-name: Tesla V100-SXM2-16GB
sycl-implementation: LLVM CUDA (Intel DPC++)
throughput-metric: N/A
kernel-time-mean: 0.678209 [s]
kernel-time-stddev: 0.000009 [s]
kernel-time-median: 0.678212 [s]
kernel-time-min: 0.678195 [s]
kernel-time-samples: "0.678195 0.678209 0.678212 0.678213 0.678218"
kernel-time-throughput: N/A
run-time-mean: 0.687865 [s]
run-time-stddev: 0.002119 [s]
run-time-median: 0.687644 [s]
run-time-min: 0.685915 [s]
run-time-samples: "0.685915 0.686617 0.687644 0.687742 0.691405"
run-time-throughput: N/A
kernel-energy-mean: 26.938276 [J]
kernel-energy-stddev: 0.296825 [J]
kernel-energy-median: 26.759660 [J]
kernel-energy-min: 26.751610 [J]
kernel-energy-max: 27.438270 [J]
kernel-energy-samples: "26.751610 26.755585 26.759660 26.986255 27.438270"
Verification: PASS
********** Results for LinearRegression_fp64**********
problem-size: 3072
local-size: 256
num-iters: 2000
core-freq: 922
memory-freq: 877
device-name: Tesla V100-SXM2-16GB
sycl-implementation: LLVM CUDA (Intel DPC++)
throughput-metric: N/A
kernel-time-mean: 0.651922 [s]
kernel-time-stddev: 0.000022 [s]
kernel-time-median: 0.651927 [s]
kernel-time-min: 0.651894 [s]
kernel-time-samples: "0.651894 0.651903 0.651927 0.651942 0.651943"
kernel-time-throughput: N/A
run-time-mean: 0.661327 [s]
run-time-stddev: 0.001001 [s]
run-time-median: 0.661482 [s]
run-time-min: 0.659639 [s]
run-time-samples: "0.659639 0.661363 0.661482 0.662011 0.662141"
run-time-throughput: N/A
kernel-energy-mean: 26.812713 [J]
kernel-energy-stddev: 0.214212 [J]
kernel-energy-median: 26.674650 [J]
kernel-energy-min: 26.665785 [J]
kernel-energy-max: 27.147485 [J]
kernel-energy-samples: "26.665785 26.666195 26.674650 26.909450 27.147485"
Verification: PASS
