********** Results for LinearRegression_fp32**********
problem-size: 3072
local-size: 256
num-iters: 2000
core-freq: 1522
memory-freq: 877
device-name: Tesla V100-SXM2-16GB
sycl-implementation: LLVM CUDA (Intel DPC++)
throughput-metric: N/A
kernel-time-mean: 0.410780 [s]
kernel-time-stddev: 0.000021 [s]
kernel-time-median: 0.410773 [s]
kernel-time-min: 0.410764 [s]
kernel-time-samples: "0.410764 0.410771 0.410773 0.410775 0.410816"
kernel-time-throughput: N/A
run-time-mean: 0.422967 [s]
run-time-stddev: 0.002398 [s]
run-time-median: 0.423023 [s]
run-time-min: 0.419599 [s]
run-time-samples: "0.419599 0.421821 0.423023 0.424748 0.425643"
run-time-throughput: N/A
kernel-energy-mean: 26.460798 [J]
kernel-energy-stddev: 0.207554 [J]
kernel-energy-median: 26.602400 [J]
kernel-energy-min: 26.232625 [J]
kernel-energy-max: 26.629295 [J]
kernel-energy-samples: "26.232625 26.234830 26.602400 26.604840 26.629295"
Verification: PASS
********** Results for LinearRegression_fp64**********
problem-size: 3072
local-size: 256
num-iters: 2000
core-freq: 1522
memory-freq: 877
device-name: Tesla V100-SXM2-16GB
sycl-implementation: LLVM CUDA (Intel DPC++)
throughput-metric: N/A
kernel-time-mean: 0.394862 [s]
kernel-time-stddev: 0.000034 [s]
kernel-time-median: 0.394866 [s]
kernel-time-min: 0.394820 [s]
kernel-time-samples: "0.394820 0.394839 0.394866 0.394874 0.394910"
kernel-time-throughput: N/A
run-time-mean: 0.409619 [s]
run-time-stddev: 0.003084 [s]
run-time-median: 0.408709 [s]
run-time-min: 0.406730 [s]
run-time-samples: "0.406730 0.407435 0.408709 0.410852 0.414370"
run-time-throughput: N/A
kernel-energy-mean: 27.333878 [J]
kernel-energy-stddev: 0.214477 [J]
kernel-energy-median: 27.199020 [J]
kernel-energy-min: 27.152610 [J]
kernel-energy-max: 27.584740 [J]
kernel-energy-samples: "27.152610 27.182260 27.199020 27.550760 27.584740"
Verification: PASS
