********** Results for LinearRegression_fp32**********
problem-size: 3072
local-size: 256
num-iters: 2000
core-freq: 825
memory-freq: 877
device-name: Tesla V100-SXM2-16GB
sycl-implementation: LLVM CUDA (Intel DPC++)
throughput-metric: N/A
kernel-time-mean: 0.758884 [s]
kernel-time-stddev: 0.000016 [s]
kernel-time-median: 0.758889 [s]
kernel-time-min: 0.758860 [s]
kernel-time-samples: "0.758860 0.758877 0.758889 0.758889 0.758902"
kernel-time-throughput: N/A
run-time-mean: 0.773050 [s]
run-time-stddev: 0.004363 [s]
run-time-median: 0.775517 [s]
run-time-min: 0.766969 [s]
run-time-samples: "0.766969 0.769891 0.775517 0.776167 0.776707"
run-time-throughput: N/A
kernel-energy-mean: 30.861950 [J]
kernel-energy-stddev: 0.127394 [J]
kernel-energy-median: 30.773470 [J]
kernel-energy-min: 30.763605 [J]
kernel-energy-max: 31.004430 [J]
kernel-energy-samples: "30.763605 30.769815 30.773470 30.998430 31.004430"
Verification: PASS
********** Results for LinearRegression_fp64**********
problem-size: 3072
local-size: 256
num-iters: 2000
core-freq: 825
memory-freq: 877
device-name: Tesla V100-SXM2-16GB
sycl-implementation: LLVM CUDA (Intel DPC++)
throughput-metric: N/A
kernel-time-mean: 0.729531 [s]
kernel-time-stddev: 0.000255 [s]
kernel-time-median: 0.729423 [s]
kernel-time-min: 0.729399 [s]
kernel-time-samples: "0.729399 0.729412 0.729423 0.729434 0.729987"
kernel-time-throughput: N/A
run-time-mean: 0.743520 [s]
run-time-stddev: 0.003363 [s]
run-time-median: 0.744361 [s]
run-time-min: 0.739730 [s]
run-time-samples: "0.739730 0.740830 0.744361 0.744466 0.748215"
run-time-throughput: N/A
kernel-energy-mean: 30.533990 [J]
kernel-energy-stddev: 0.032045 [J]
kernel-energy-median: 30.530530 [J]
kernel-energy-min: 30.506700 [J]
kernel-energy-max: 30.588095 [J]
kernel-energy-samples: "30.506700 30.513630 30.530530 30.530995 30.588095"
Verification: PASS
