********** Results for LinearRegression_fp32**********
problem-size: 3072
local-size: 256
num-iters: 2000
core-freq: 585
memory-freq: 877
device-name: Tesla V100-SXM2-16GB
sycl-implementation: LLVM CUDA (Intel DPC++)
throughput-metric: N/A
kernel-time-mean: 1.071605 [s]
kernel-time-stddev: 0.000036 [s]
kernel-time-median: 1.071614 [s]
kernel-time-min: 1.071548 [s]
kernel-time-samples: "1.071548 1.071595 1.071614 1.071631 1.071635"
kernel-time-throughput: N/A
run-time-mean: 1.083175 [s]
run-time-stddev: 0.001236 [s]
run-time-median: 1.083578 [s]
run-time-min: 1.081035 [s]
run-time-samples: "1.081035 1.083305 1.083578 1.083795 1.084160"
run-time-throughput: N/A
kernel-energy-mean: 41.666732 [J]
kernel-energy-stddev: 0.095130 [J]
kernel-energy-median: 41.634710 [J]
kernel-energy-min: 41.606330 [J]
kernel-energy-max: 41.835080 [J]
kernel-energy-samples: "41.606330 41.616490 41.634710 41.641050 41.835080"
Verification: PASS
********** Results for LinearRegression_fp64**********
problem-size: 3072
local-size: 256
num-iters: 2000
core-freq: 585
memory-freq: 877
device-name: Tesla V100-SXM2-16GB
sycl-implementation: LLVM CUDA (Intel DPC++)
throughput-metric: N/A
kernel-time-mean: 1.030161 [s]
kernel-time-stddev: 0.000293 [s]
kernel-time-median: 1.030053 [s]
kernel-time-min: 1.029973 [s]
kernel-time-samples: "1.029973 1.030015 1.030053 1.030085 1.030681"
kernel-time-throughput: N/A
run-time-mean: 1.039947 [s]
run-time-stddev: 0.001938 [s]
run-time-median: 1.038981 [s]
run-time-min: 1.038109 [s]
run-time-samples: "1.038109 1.038828 1.038981 1.040964 1.042851"
run-time-throughput: N/A
kernel-energy-mean: 40.829056 [J]
kernel-energy-stddev: 0.110799 [J]
kernel-energy-median: 40.754385 [J]
kernel-energy-min: 40.741865 [J]
kernel-energy-max: 40.962490 [J]
kernel-energy-samples: "40.741865 40.749145 40.754385 40.937395 40.962490"
Verification: PASS
