********** Results for LinearRegression_fp32**********
problem-size: 3072
local-size: 256
num-iters: 2000
core-freq: 930
memory-freq: 877
device-name: Tesla V100-SXM2-16GB
sycl-implementation: LLVM CUDA (Intel DPC++)
throughput-metric: N/A
kernel-time-mean: 0.672757 [s]
kernel-time-stddev: 0.000014 [s]
kernel-time-median: 0.672757 [s]
kernel-time-min: 0.672735 [s]
kernel-time-samples: "0.672735 0.672756 0.672757 0.672766 0.672770"
kernel-time-throughput: N/A
run-time-mean: 0.683283 [s]
run-time-stddev: 0.000994 [s]
run-time-median: 0.683120 [s]
run-time-min: 0.681951 [s]
run-time-samples: "0.681951 0.682831 0.683120 0.684090 0.684422"
run-time-throughput: N/A
kernel-energy-mean: 28.161786 [J]
kernel-energy-stddev: 0.139751 [J]
kernel-energy-median: 28.079090 [J]
kernel-energy-min: 28.039590 [J]
kernel-energy-max: 28.324170 [J]
kernel-energy-samples: "28.039590 28.062460 28.079090 28.303620 28.324170"
Verification: PASS
********** Results for LinearRegression_fp64**********
problem-size: 3072
local-size: 256
num-iters: 2000
core-freq: 930
memory-freq: 877
device-name: Tesla V100-SXM2-16GB
sycl-implementation: LLVM CUDA (Intel DPC++)
throughput-metric: N/A
kernel-time-mean: 0.646726 [s]
kernel-time-stddev: 0.000029 [s]
kernel-time-median: 0.646716 [s]
kernel-time-min: 0.646691 [s]
kernel-time-samples: "0.646691 0.646714 0.646716 0.646741 0.646767"
kernel-time-throughput: N/A
run-time-mean: 0.656390 [s]
run-time-stddev: 0.001742 [s]
run-time-median: 0.656643 [s]
run-time-min: 0.654213 [s]
run-time-samples: "0.654213 0.655016 0.656643 0.658012 0.658068"
run-time-throughput: N/A
kernel-energy-mean: 27.970651 [J]
kernel-energy-stddev: 0.137301 [J]
kernel-energy-median: 28.058025 [J]
kernel-energy-min: 27.811350 [J]
kernel-energy-max: 28.082355 [J]
kernel-energy-samples: "27.811350 27.830085 28.058025 28.071440 28.082355"
Verification: PASS
