********** Results for LinearRegression_fp32**********
problem-size: 3072
local-size: 256
num-iters: 2000
core-freq: 1342
memory-freq: 877
device-name: Tesla V100-SXM2-16GB
sycl-implementation: LLVM CUDA (Intel DPC++)
throughput-metric: N/A
kernel-time-mean: 0.466873 [s]
kernel-time-stddev: 0.000233 [s]
kernel-time-median: 0.466832 [s]
kernel-time-min: 0.466627 [s]
kernel-time-samples: "0.466627 0.466794 0.466832 0.466856 0.467258"
kernel-time-throughput: N/A
run-time-mean: 0.481835 [s]
run-time-stddev: 0.002401 [s]
run-time-median: 0.480988 [s]
run-time-min: 0.479899 [s]
run-time-samples: "0.479899 0.480028 0.480988 0.482584 0.485677"
run-time-throughput: N/A
kernel-energy-mean: 23.704557 [J]
kernel-energy-stddev: 0.286417 [J]
kernel-energy-median: 23.702630 [J]
kernel-energy-min: 23.411660 [J]
kernel-energy-max: 23.996555 [J]
kernel-energy-samples: "23.411660 23.425720 23.702630 23.986220 23.996555"
Verification: PASS
********** Results for LinearRegression_fp64**********
problem-size: 3072
local-size: 256
num-iters: 2000
core-freq: 1342
memory-freq: 877
device-name: Tesla V100-SXM2-16GB
sycl-implementation: LLVM CUDA (Intel DPC++)
throughput-metric: N/A
kernel-time-mean: 0.448678 [s]
kernel-time-stddev: 0.000047 [s]
kernel-time-median: 0.448684 [s]
kernel-time-min: 0.448604 [s]
kernel-time-samples: "0.448604 0.448682 0.448684 0.448685 0.448735"
kernel-time-throughput: N/A
run-time-mean: 0.461891 [s]
run-time-stddev: 0.005899 [s]
run-time-median: 0.458451 [s]
run-time-min: 0.457061 [s]
run-time-samples: "0.457061 0.457425 0.458451 0.467032 0.469486"
run-time-throughput: N/A
kernel-energy-mean: 23.803629 [J]
kernel-energy-stddev: 0.251663 [J]
kernel-energy-median: 23.857160 [J]
kernel-energy-min: 23.542490 [J]
kernel-energy-max: 24.154335 [J]
kernel-energy-samples: "23.542490 23.575485 23.857160 23.888675 24.154335"
Verification: PASS
