********** Results for LinearRegression_fp32**********
problem-size: 3072
local-size: 256
num-iters: 2000
core-freq: 1327
memory-freq: 877
device-name: Tesla V100-SXM2-16GB
sycl-implementation: LLVM CUDA (Intel DPC++)
throughput-metric: N/A
kernel-time-mean: 0.471414 [s]
kernel-time-stddev: 0.000081 [s]
kernel-time-median: 0.471432 [s]
kernel-time-min: 0.471277 [s]
kernel-time-samples: "0.471277 0.471415 0.471432 0.471463 0.471484"
kernel-time-throughput: N/A
run-time-mean: 0.484138 [s]
run-time-stddev: 0.001371 [s]
run-time-median: 0.483767 [s]
run-time-min: 0.482782 [s]
run-time-samples: "0.482782 0.483700 0.483767 0.483997 0.486445"
run-time-throughput: N/A
kernel-energy-mean: 23.931801 [J]
kernel-energy-stddev: 0.246724 [J]
kernel-energy-median: 23.981675 [J]
kernel-energy-min: 23.694955 [J]
kernel-energy-max: 24.283355 [J]
kernel-energy-samples: "23.694955 23.694955 23.981675 24.004065 24.283355"
Verification: PASS
********** Results for LinearRegression_fp64**********
problem-size: 3072
local-size: 256
num-iters: 2000
core-freq: 1327
memory-freq: 877
device-name: Tesla V100-SXM2-16GB
sycl-implementation: LLVM CUDA (Intel DPC++)
throughput-metric: N/A
kernel-time-mean: 0.453985 [s]
kernel-time-stddev: 0.000080 [s]
kernel-time-median: 0.453953 [s]
kernel-time-min: 0.453930 [s]
kernel-time-samples: "0.453930 0.453934 0.453953 0.453987 0.454122"
kernel-time-throughput: N/A
run-time-mean: 0.468302 [s]
run-time-stddev: 0.004114 [s]
run-time-median: 0.467401 [s]
run-time-min: 0.464004 [s]
run-time-samples: "0.464004 0.466296 0.467401 0.468868 0.474940"
run-time-throughput: N/A
kernel-energy-mean: 24.232661 [J]
kernel-energy-stddev: 0.142251 [J]
kernel-energy-median: 24.298760 [J]
kernel-energy-min: 23.978720 [J]
kernel-energy-max: 24.303390 [J]
kernel-energy-samples: "23.978720 24.280585 24.298760 24.301850 24.303390"
Verification: PASS
