********** Results for LinearRegression_fp32**********
problem-size: 3072
local-size: 256
num-iters: 2000
core-freq: 1507
memory-freq: 877
device-name: Tesla V100-SXM2-16GB
sycl-implementation: LLVM CUDA (Intel DPC++)
throughput-metric: N/A
kernel-time-mean: 0.414963 [s]
kernel-time-stddev: 0.000039 [s]
kernel-time-median: 0.414971 [s]
kernel-time-min: 0.414902 [s]
kernel-time-samples: "0.414902 0.414949 0.414971 0.414992 0.414999"
kernel-time-throughput: N/A
run-time-mean: 0.428712 [s]
run-time-stddev: 0.002024 [s]
run-time-median: 0.428064 [s]
run-time-min: 0.426622 [s]
run-time-samples: "0.426622 0.427162 0.428064 0.430823 0.430890"
run-time-throughput: N/A
kernel-energy-mean: 26.027870 [J]
kernel-energy-stddev: 0.438913 [J]
kernel-energy-median: 26.048265 [J]
kernel-energy-min: 25.306065 [J]
kernel-energy-max: 26.382060 [J]
kernel-energy-samples: "25.306065 26.023395 26.048265 26.379565 26.382060"
Verification: PASS
********** Results for LinearRegression_fp64**********
problem-size: 3072
local-size: 256
num-iters: 2000
core-freq: 1507
memory-freq: 877
device-name: Tesla V100-SXM2-16GB
sycl-implementation: LLVM CUDA (Intel DPC++)
throughput-metric: N/A
kernel-time-mean: 0.398936 [s]
kernel-time-stddev: 0.000170 [s]
kernel-time-median: 0.398844 [s]
kernel-time-min: 0.398800 [s]
kernel-time-samples: "0.398800 0.398802 0.398844 0.399064 0.399168"
kernel-time-throughput: N/A
run-time-mean: 0.410693 [s]
run-time-stddev: 0.001957 [s]
run-time-median: 0.410945 [s]
run-time-min: 0.407894 [s]
run-time-samples: "0.407894 0.409675 0.410945 0.412330 0.412620"
run-time-throughput: N/A
kernel-energy-mean: 26.294016 [J]
kernel-energy-stddev: 0.500957 [J]
kernel-energy-median: 26.213305 [J]
kernel-energy-min: 25.830175 [J]
kernel-energy-max: 26.981485 [J]
kernel-energy-samples: "25.830175 25.835685 26.213305 26.609430 26.981485"
Verification: PASS
