********** Results for Matrix_transpose**********
problem-size: 4096
local-size: 256
num-iters: 20000
core-freq: 210
memory-freq: 877
device-name: Tesla V100-SXM2-16GB
sycl-implementation: LLVM CUDA (Intel DPC++)
throughput-metric: N/A
kernel-time-mean: 10.132192 [s]
kernel-time-stddev: 0.005454 [s]
kernel-time-median: 10.129658 [s]
kernel-time-min: 10.127268 [s]
kernel-time-samples: "10.127268 10.128367 10.129658 10.135592 10.140074"
kernel-time-throughput: N/A
run-time-mean: 10.146809 [s]
run-time-stddev: 0.004391 [s]
run-time-median: 10.146334 [s]
run-time-min: 10.140396 [s]
run-time-samples: "10.140396 10.146308 10.146334 10.148474 10.152532"
run-time-throughput: N/A
kernel-energy-mean: 222.604227 [J]
kernel-energy-stddev: 0.293728 [J]
kernel-energy-median: 222.501930 [J]
kernel-energy-min: 222.244200 [J]
kernel-energy-max: 222.918390 [J]
kernel-energy-samples: "222.244200 222.459965 222.501930 222.896650 222.918390"
Verification: PASS
