********** Results for Matrix_mul**********
problem-size: 5000
local-size: 256
num-iters: 1
core-freq: 270
memory-freq: 877
device-name: Tesla V100-SXM2-16GB
sycl-implementation: LLVM CUDA (Intel DPC++)
throughput-metric: N/A
kernel-time-mean: 2.766349 [s]
kernel-time-stddev: 0.000965 [s]
kernel-time-median: 2.765785 [s]
kernel-time-min: 2.765503 [s]
kernel-time-samples: "2.765503 2.765664 2.765785 2.767276 2.767518"
kernel-time-throughput: N/A
run-time-mean: 2.776388 [s]
run-time-stddev: 0.003692 [s]
run-time-median: 2.775184 [s]
run-time-min: 2.773423 [s]
run-time-samples: "2.773423 2.774574 2.775184 2.775979 2.782778"
run-time-throughput: N/A
kernel-energy-mean: 88.118491 [J]
kernel-energy-stddev: 1.282101 [J]
kernel-energy-median: 88.586690 [J]
kernel-energy-min: 85.856255 [J]
kernel-energy-max: 88.984715 [J]
kernel-energy-samples: "85.856255 88.412910 88.586690 88.751885 88.984715"
Verification: PASS
