********** Results for Matrix_mul**********
problem-size: 5000
local-size: 256
num-iters: 1
core-freq: 487
memory-freq: 877
device-name: Tesla V100-SXM2-16GB
sycl-implementation: LLVM CUDA (Intel DPC++)
throughput-metric: N/A
kernel-time-mean: 1.546301 [s]
kernel-time-stddev: 0.002583 [s]
kernel-time-median: 1.546968 [s]
kernel-time-min: 1.542110 [s]
kernel-time-samples: "1.542110 1.545898 1.546968 1.547633 1.548896"
kernel-time-throughput: N/A
run-time-mean: 1.558837 [s]
run-time-stddev: 0.003723 [s]
run-time-median: 1.560517 [s]
run-time-min: 1.552387 [s]
run-time-samples: "1.552387 1.559050 1.560517 1.560575 1.561656"
run-time-throughput: N/A
kernel-energy-mean: 94.304056 [J]
kernel-energy-stddev: 0.222266 [J]
kernel-energy-median: 94.434030 [J]
kernel-energy-min: 94.044520 [J]
kernel-energy-max: 94.489130 [J]
kernel-energy-samples: "94.044520 94.079370 94.434030 94.473230 94.489130"
Verification: PASS
