********** Results for Matrix_mul**********
problem-size: 5000
local-size: 256
num-iters: 1
core-freq: 1312
memory-freq: 877
device-name: Tesla V100-SXM2-16GB
sycl-implementation: LLVM CUDA (Intel DPC++)
throughput-metric: N/A
kernel-time-mean: 0.710266 [s]
kernel-time-stddev: 0.000883 [s]
kernel-time-median: 0.710687 [s]
kernel-time-min: 0.709090 [s]
kernel-time-samples: "0.709090 0.709572 0.710687 0.710873 0.711106"
kernel-time-throughput: N/A
run-time-mean: 0.723084 [s]
run-time-stddev: 0.002046 [s]
run-time-median: 0.723113 [s]
run-time-min: 0.720176 [s]
run-time-samples: "0.720176 0.722267 0.723113 0.724309 0.725557"
run-time-throughput: N/A
kernel-energy-mean: 96.489844 [J]
kernel-energy-stddev: 0.362219 [J]
kernel-energy-median: 96.607150 [J]
kernel-energy-min: 95.855245 [J]
kernel-energy-max: 96.774840 [J]
kernel-energy-samples: "95.855245 96.597920 96.607150 96.614065 96.774840"
Verification: PASS
