********** Results for Matrix_mul**********
problem-size: 5000
local-size: 256
num-iters: 1
core-freq: 1072
memory-freq: 877
device-name: Tesla V100-SXM2-16GB
sycl-implementation: LLVM CUDA (Intel DPC++)
throughput-metric: N/A
kernel-time-mean: 0.723567 [s]
kernel-time-stddev: 0.000974 [s]
kernel-time-median: 0.723785 [s]
kernel-time-min: 0.722477 [s]
kernel-time-samples: "0.722477 0.722619 0.723785 0.724435 0.724521"
kernel-time-throughput: N/A
run-time-mean: 0.734528 [s]
run-time-stddev: 0.000841 [s]
run-time-median: 0.734339 [s]
run-time-min: 0.733674 [s]
run-time-samples: "0.733674 0.733852 0.734339 0.735132 0.735642"
run-time-throughput: N/A
kernel-energy-mean: 76.892867 [J]
kernel-energy-stddev: 2.077498 [J]
kernel-energy-median: 78.083575 [J]
kernel-energy-min: 74.261705 [J]
kernel-energy-max: 78.864895 [J]
kernel-energy-samples: "74.261705 75.062950 78.083575 78.191210 78.864895"
Verification: PASS
