********** Results for Matrix_mul**********
problem-size: 5000
local-size: 256
num-iters: 1
core-freq: 1147
memory-freq: 877
device-name: Tesla V100-SXM2-16GB
sycl-implementation: LLVM CUDA (Intel DPC++)
throughput-metric: N/A
kernel-time-mean: 0.717882 [s]
kernel-time-stddev: 0.001261 [s]
kernel-time-median: 0.718003 [s]
kernel-time-min: 0.716509 [s]
kernel-time-samples: "0.716509 0.716973 0.718003 0.718159 0.719767"
kernel-time-throughput: N/A
run-time-mean: 0.732683 [s]
run-time-stddev: 0.006125 [s]
run-time-median: 0.729689 [s]
run-time-min: 0.727420 [s]
run-time-samples: "0.727420 0.729425 0.729689 0.734168 0.742713"
run-time-throughput: N/A
kernel-energy-mean: 83.540936 [J]
kernel-energy-stddev: 0.755757 [J]
kernel-energy-median: 83.772275 [J]
kernel-energy-min: 82.367390 [J]
kernel-energy-max: 84.318315 [J]
kernel-energy-samples: "82.367390 83.279805 83.772275 83.966895 84.318315"
Verification: PASS
