********** Results for Matrix_transpose**********
problem-size: 4096
local-size: 256
num-iters: 20000
core-freq: 990
memory-freq: 877
device-name: Tesla V100-SXM2-16GB
sycl-implementation: LLVM CUDA (Intel DPC++)
throughput-metric: N/A
kernel-time-mean: 1.146779 [s]
kernel-time-stddev: 0.001299 [s]
kernel-time-median: 1.147380 [s]
kernel-time-min: 1.144656 [s]
kernel-time-samples: "1.144656 1.146463 1.147380 1.147480 1.147916"
kernel-time-throughput: N/A
run-time-mean: 1.156377 [s]
run-time-stddev: 0.002368 [s]
run-time-median: 1.156064 [s]
run-time-min: 1.153684 [s]
run-time-samples: "1.153684 1.155170 1.156064 1.156940 1.160026"
run-time-throughput: N/A
kernel-energy-mean: 84.330256 [J]
kernel-energy-stddev: 1.265395 [J]
kernel-energy-median: 84.895505 [J]
kernel-energy-min: 82.319035 [J]
kernel-energy-max: 85.571455 [J]
kernel-energy-samples: "82.319035 83.943335 84.895505 84.921950 85.571455"
Verification: PASS
