********** Results for Matrix_mul**********
problem-size: 5000
local-size: 256
num-iters: 1
core-freq: 540
memory-freq: 877
device-name: Tesla V100-SXM2-16GB
sycl-implementation: LLVM CUDA (Intel DPC++)
throughput-metric: N/A
kernel-time-mean: 1.498460 [s]
kernel-time-stddev: 0.001652 [s]
kernel-time-median: 1.497968 [s]
kernel-time-min: 1.497483 [s]
kernel-time-samples: "1.497483 1.497495 1.497968 1.497972 1.501384"
kernel-time-throughput: N/A
run-time-mean: 1.509481 [s]
run-time-stddev: 0.002463 [s]
run-time-median: 1.509423 [s]
run-time-min: 1.506403 [s]
run-time-samples: "1.506403 1.508742 1.509423 1.509582 1.513254"
run-time-throughput: N/A
kernel-energy-mean: 92.464774 [J]
kernel-energy-stddev: 2.247845 [J]
kernel-energy-median: 93.434850 [J]
kernel-energy-min: 88.473495 [J]
kernel-energy-max: 93.834105 [J]
kernel-energy-samples: "88.473495 93.066575 93.434850 93.514845 93.834105"
Verification: PASS
