********** Results for Matrix_transpose**********
problem-size: 4096
local-size: 256
num-iters: 20000
core-freq: 780
memory-freq: 877
device-name: Tesla V100-SXM2-16GB
sycl-implementation: LLVM CUDA (Intel DPC++)
throughput-metric: N/A
kernel-time-mean: 1.455534 [s]
kernel-time-stddev: 0.001873 [s]
kernel-time-median: 1.455146 [s]
kernel-time-min: 1.453196 [s]
kernel-time-samples: "1.453196 1.454454 1.455146 1.457377 1.457496"
kernel-time-throughput: N/A
run-time-mean: 1.466535 [s]
run-time-stddev: 0.001787 [s]
run-time-median: 1.467150 [s]
run-time-min: 1.464238 [s]
run-time-samples: "1.464238 1.465079 1.467150 1.467919 1.468289"
run-time-throughput: N/A
kernel-energy-mean: 96.537203 [J]
kernel-energy-stddev: 0.139471 [J]
kernel-energy-median: 96.567660 [J]
kernel-energy-min: 96.340750 [J]
kernel-energy-max: 96.693510 [J]
kernel-energy-samples: "96.340750 96.458955 96.567660 96.625140 96.693510"
Verification: PASS
