********** Results for Matrix_mul**********
problem-size: 5000
local-size: 256
num-iters: 1
core-freq: 660
memory-freq: 877
device-name: Tesla V100-SXM2-16GB
sycl-implementation: LLVM CUDA (Intel DPC++)
throughput-metric: N/A
kernel-time-mean: 1.168890 [s]
kernel-time-stddev: 0.002914 [s]
kernel-time-median: 1.167400 [s]
kernel-time-min: 1.165858 [s]
kernel-time-samples: "1.165858 1.167174 1.167400 1.171711 1.172304"
kernel-time-throughput: N/A
run-time-mean: 1.178976 [s]
run-time-stddev: 0.004486 [s]
run-time-median: 1.176516 [s]
run-time-min: 1.175109 [s]
run-time-samples: "1.175109 1.176168 1.176516 1.181317 1.185768"
run-time-throughput: N/A
kernel-energy-mean: 79.965945 [J]
kernel-energy-stddev: 0.427196 [J]
kernel-energy-median: 79.968130 [J]
kernel-energy-min: 79.533135 [J]
kernel-energy-max: 80.414685 [J]
kernel-energy-samples: "79.533135 79.543895 79.968130 80.369880 80.414685"
Verification: PASS
