********** Results for Matrix_transpose**********
problem-size: 4096
local-size: 256
num-iters: 20000
core-freq: 187
memory-freq: 877
device-name: Tesla V100-SXM2-16GB
sycl-implementation: LLVM CUDA (Intel DPC++)
throughput-metric: N/A
kernel-time-mean: 10.573577 [s]
kernel-time-stddev: 0.019578 [s]
kernel-time-median: 10.579730 [s]
kernel-time-min: 10.541027 [s]
kernel-time-samples: "10.541027 10.573141 10.579730 10.580846 10.593143"
kernel-time-throughput: N/A
run-time-mean: 10.582364 [s]
run-time-stddev: 0.020077 [s]
run-time-median: 10.588250 [s]
run-time-min: 10.549424 [s]
run-time-samples: "10.549424 10.580690 10.588250 10.590519 10.602938"
run-time-throughput: N/A
kernel-energy-mean: 208.782440 [J]
kernel-energy-stddev: 13.313643 [J]
kernel-energy-median: 199.956850 [J]
kernel-energy-min: 198.561610 [J]
kernel-energy-max: 226.369510 [J]
kernel-energy-samples: "198.561610 199.112930 199.956850 219.911300 226.369510"
Verification: PASS
