********** Results for Matrix_mul**********
problem-size: 5000
local-size: 256
num-iters: 1
core-freq: 862
memory-freq: 877
device-name: Tesla V100-SXM2-16GB
sycl-implementation: LLVM CUDA (Intel DPC++)
throughput-metric: N/A
kernel-time-mean: 0.798647 [s]
kernel-time-stddev: 0.001359 [s]
kernel-time-median: 0.799045 [s]
kernel-time-min: 0.796894 [s]
kernel-time-samples: "0.796894 0.797698 0.799045 0.799251 0.800348"
kernel-time-throughput: N/A
run-time-mean: 0.810250 [s]
run-time-stddev: 0.003581 [s]
run-time-median: 0.810517 [s]
run-time-min: 0.806089 [s]
run-time-samples: "0.806089 0.808110 0.810517 0.810911 0.815624"
run-time-throughput: N/A
kernel-energy-mean: 68.480523 [J]
kernel-energy-stddev: 1.134555 [J]
kernel-energy-median: 68.844035 [J]
kernel-energy-min: 66.478405 [J]
kernel-energy-max: 69.292755 [J]
kernel-energy-samples: "66.478405 68.834215 68.844035 68.953205 69.292755"
Verification: PASS
