********** Results for Matrix_mul**********
problem-size: 5000
local-size: 256
num-iters: 1
core-freq: 1132
memory-freq: 877
device-name: Tesla V100-SXM2-16GB
sycl-implementation: LLVM CUDA (Intel DPC++)
throughput-metric: N/A
kernel-time-mean: 0.717973 [s]
kernel-time-stddev: 0.001844 [s]
kernel-time-median: 0.718418 [s]
kernel-time-min: 0.715386 [s]
kernel-time-samples: "0.715386 0.716830 0.718418 0.719567 0.719665"
kernel-time-throughput: N/A
run-time-mean: 0.729899 [s]
run-time-stddev: 0.003895 [s]
run-time-median: 0.729602 [s]
run-time-min: 0.723838 [s]
run-time-samples: "0.723838 0.729411 0.729602 0.733039 0.733607"
run-time-throughput: N/A
kernel-energy-mean: 81.610696 [J]
kernel-energy-stddev: 0.189378 [J]
kernel-energy-median: 81.641080 [J]
kernel-energy-min: 81.287055 [J]
kernel-energy-max: 81.773445 [J]
kernel-energy-samples: "81.287055 81.638630 81.641080 81.713270 81.773445"
Verification: PASS
