********** Results for Matrix_transpose**********
problem-size: 4096
local-size: 256
num-iters: 20000
core-freq: 465
memory-freq: 877
device-name: Tesla V100-SXM2-16GB
sycl-implementation: LLVM CUDA (Intel DPC++)
throughput-metric: N/A
kernel-time-mean: 4.899205 [s]
kernel-time-stddev: 0.005641 [s]
kernel-time-median: 4.897248 [s]
kernel-time-min: 4.893068 [s]
kernel-time-samples: "4.893068 4.895373 4.897248 4.905158 4.905177"
kernel-time-throughput: N/A
run-time-mean: 4.909524 [s]
run-time-stddev: 0.006305 [s]
run-time-median: 4.910183 [s]
run-time-min: 4.902665 [s]
run-time-samples: "4.902665 4.903490 4.910183 4.915258 4.916024"
run-time-throughput: N/A
kernel-energy-mean: 175.162352 [J]
kernel-energy-stddev: 1.782378 [J]
kernel-energy-median: 175.710100 [J]
kernel-energy-min: 172.344635 [J]
kernel-energy-max: 176.771735 [J]
kernel-energy-samples: "172.344635 174.581705 175.710100 176.403585 176.771735"
Verification: PASS
