********** Results for Matrix_mul**********
problem-size: 5000
local-size: 256
num-iters: 1
core-freq: 1447
memory-freq: 877
device-name: Tesla V100-SXM2-16GB
sycl-implementation: LLVM CUDA (Intel DPC++)
throughput-metric: N/A
kernel-time-mean: 0.704759 [s]
kernel-time-stddev: 0.000976 [s]
kernel-time-median: 0.704861 [s]
kernel-time-min: 0.703321 [s]
kernel-time-samples: "0.703321 0.704331 0.704861 0.705614 0.705665"
kernel-time-throughput: N/A
run-time-mean: 0.716851 [s]
run-time-stddev: 0.001570 [s]
run-time-median: 0.716440 [s]
run-time-min: 0.715380 [s]
run-time-samples: "0.715380 0.715730 0.716440 0.717416 0.719290"
run-time-throughput: N/A
kernel-energy-mean: 104.489267 [J]
kernel-energy-stddev: 0.519958 [J]
kernel-energy-median: 104.311045 [J]
kernel-energy-min: 104.015700 [J]
kernel-energy-max: 105.372220 [J]
kernel-energy-samples: "104.015700 104.276030 104.311045 104.471340 105.372220"
Verification: PASS
