********** Results for Matrix_mul**********
problem-size: 5000
local-size: 256
num-iters: 1
core-freq: 472
memory-freq: 877
device-name: Tesla V100-SXM2-16GB
sycl-implementation: LLVM CUDA (Intel DPC++)
throughput-metric: N/A
kernel-time-mean: 2.568326 [s]
kernel-time-stddev: 0.000368 [s]
kernel-time-median: 2.568202 [s]
kernel-time-min: 2.567848 [s]
kernel-time-samples: "2.567848 2.568191 2.568202 2.568630 2.568760"
kernel-time-throughput: N/A
run-time-mean: 2.582591 [s]
run-time-stddev: 0.003515 [s]
run-time-median: 2.583480 [s]
run-time-min: 2.577704 [s]
run-time-samples: "2.577704 2.580504 2.583480 2.584660 2.586605"
run-time-throughput: N/A
kernel-energy-mean: 91.249399 [J]
kernel-energy-stddev: 0.203974 [J]
kernel-energy-median: 91.288615 [J]
kernel-energy-min: 90.905800 [J]
kernel-energy-max: 91.423510 [J]
kernel-energy-samples: "90.905800 91.251200 91.288615 91.377870 91.423510"
Verification: PASS
