********** Results for Matrix_mul**********
problem-size: 5000
local-size: 256
num-iters: 1
core-freq: 757
memory-freq: 877
device-name: Tesla V100-SXM2-16GB
sycl-implementation: LLVM CUDA (Intel DPC++)
throughput-metric: N/A
kernel-time-mean: 0.923055 [s]
kernel-time-stddev: 0.000299 [s]
kernel-time-median: 0.923243 [s]
kernel-time-min: 0.922700 [s]
kernel-time-samples: "0.922700 0.922759 0.923243 0.923262 0.923312"
kernel-time-throughput: N/A
run-time-mean: 0.937142 [s]
run-time-stddev: 0.003256 [s]
run-time-median: 0.936092 [s]
run-time-min: 0.934578 [s]
run-time-samples: "0.934578 0.935976 0.936092 0.936216 0.942845"
run-time-throughput: N/A
kernel-energy-mean: 71.254367 [J]
kernel-energy-stddev: 0.029521 [J]
kernel-energy-median: 71.257475 [J]
kernel-energy-min: 71.217980 [J]
kernel-energy-max: 71.285440 [J]
kernel-energy-samples: "71.217980 71.231135 71.257475 71.279805 71.285440"
Verification: PASS
