********** Results for Matrix_transpose**********
problem-size: 4096
local-size: 256
num-iters: 20000
core-freq: 202
memory-freq: 877
device-name: Tesla V100-SXM2-16GB
sycl-implementation: LLVM CUDA (Intel DPC++)
throughput-metric: N/A
kernel-time-mean: 10.255725 [s]
kernel-time-stddev: 0.005486 [s]
kernel-time-median: 10.252595 [s]
kernel-time-min: 10.252066 [s]
kernel-time-samples: "10.252066 10.252259 10.252595 10.256816 10.264891"
kernel-time-throughput: N/A
run-time-mean: 10.266961 [s]
run-time-stddev: 0.005020 [s]
run-time-median: 10.264937 [s]
run-time-min: 10.262055 [s]
run-time-samples: "10.262055 10.263182 10.264937 10.271611 10.273021"
run-time-throughput: N/A
kernel-energy-mean: 221.996334 [J]
kernel-energy-stddev: 0.980528 [J]
kernel-energy-median: 222.018055 [J]
kernel-energy-min: 220.480205 [J]
kernel-energy-max: 223.052850 [J]
kernel-energy-samples: "220.480205 221.806305 222.018055 222.624255 223.052850"
Verification: PASS
