********** Results for Matrix_transpose**********
problem-size: 4096
local-size: 256
num-iters: 20000
core-freq: 945
memory-freq: 877
device-name: Tesla V100-SXM2-16GB
sycl-implementation: LLVM CUDA (Intel DPC++)
throughput-metric: N/A
kernel-time-mean: 1.200728 [s]
kernel-time-stddev: 0.002666 [s]
kernel-time-median: 1.199207 [s]
kernel-time-min: 1.198820 [s]
kernel-time-samples: "1.198820 1.199131 1.199207 1.201327 1.205153"
kernel-time-throughput: N/A
run-time-mean: 1.212791 [s]
run-time-stddev: 0.002848 [s]
run-time-median: 1.212445 [s]
run-time-min: 1.209947 [s]
run-time-samples: "1.209947 1.211446 1.212445 1.212594 1.217522"
run-time-throughput: N/A
kernel-energy-mean: 83.639260 [J]
kernel-energy-stddev: 0.283800 [J]
kernel-energy-median: 83.541675 [J]
kernel-energy-min: 83.342445 [J]
kernel-energy-max: 84.040890 [J]
kernel-energy-samples: "83.342445 83.457860 83.541675 83.813430 84.040890"
Verification: PASS
