********** Results for Matrix_mul**********
problem-size: 5000
local-size: 256
num-iters: 1
core-freq: 382
memory-freq: 877
device-name: Tesla V100-SXM2-16GB
sycl-implementation: LLVM CUDA (Intel DPC++)
throughput-metric: N/A
kernel-time-mean: 2.757555 [s]
kernel-time-stddev: 0.000753 [s]
kernel-time-median: 2.757355 [s]
kernel-time-min: 2.756858 [s]
kernel-time-samples: "2.756858 2.757134 2.757355 2.757626 2.758803"
kernel-time-throughput: N/A
run-time-mean: 2.768621 [s]
run-time-stddev: 0.002921 [s]
run-time-median: 2.769287 [s]
run-time-min: 2.765358 [s]
run-time-samples: "2.765358 2.765781 2.769287 2.771020 2.771657"
run-time-throughput: N/A
kernel-energy-mean: 90.109536 [J]
kernel-energy-stddev: 0.335960 [J]
kernel-energy-median: 90.145810 [J]
kernel-energy-min: 89.554815 [J]
kernel-energy-max: 90.457320 [J]
kernel-energy-samples: "89.554815 90.136005 90.145810 90.253730 90.457320"
Verification: PASS
