********** Results for Matrix_transpose**********
problem-size: 4096
local-size: 256
num-iters: 20000
core-freq: 487
memory-freq: 877
device-name: Tesla V100-SXM2-16GB
sycl-implementation: LLVM CUDA (Intel DPC++)
throughput-metric: N/A
kernel-time-mean: 2.340162 [s]
kernel-time-stddev: 0.002256 [s]
kernel-time-median: 2.338645 [s]
kernel-time-min: 2.338383 [s]
kernel-time-samples: "2.338383 2.338556 2.338645 2.342234 2.342994"
kernel-time-throughput: N/A
run-time-mean: 2.352083 [s]
run-time-stddev: 0.005531 [s]
run-time-median: 2.349611 [s]
run-time-min: 2.347521 [s]
run-time-samples: "2.347521 2.348886 2.349611 2.353144 2.361253"
run-time-throughput: N/A
kernel-energy-mean: 124.735238 [J]
kernel-energy-stddev: 0.438169 [J]
kernel-energy-median: 124.922580 [J]
kernel-energy-min: 124.054590 [J]
kernel-energy-max: 125.194530 [J]
kernel-energy-samples: "124.054590 124.581860 124.922580 124.922630 125.194530"
Verification: PASS
