********** Results for Matrix_mul**********
problem-size: 5000
local-size: 256
num-iters: 1
core-freq: 1522
memory-freq: 877
device-name: Tesla V100-SXM2-16GB
sycl-implementation: LLVM CUDA (Intel DPC++)
throughput-metric: N/A
kernel-time-mean: 0.701825 [s]
kernel-time-stddev: 0.000510 [s]
kernel-time-median: 0.701825 [s]
kernel-time-min: 0.701157 [s]
kernel-time-samples: "0.701157 0.701641 0.701825 0.701941 0.702563"
kernel-time-throughput: N/A
run-time-mean: 0.714565 [s]
run-time-stddev: 0.001982 [s]
run-time-median: 0.714010 [s]
run-time-min: 0.712278 [s]
run-time-samples: "0.712278 0.713325 0.714010 0.716224 0.716990"
run-time-throughput: N/A
kernel-energy-mean: 116.202135 [J]
kernel-energy-stddev: 0.927545 [J]
kernel-energy-median: 116.158360 [J]
kernel-energy-min: 115.372395 [J]
kernel-energy-max: 117.646090 [J]
kernel-energy-samples: "115.372395 115.415285 116.158360 116.418545 117.646090"
Verification: PASS
