********** Results for Matrix_transpose**********
problem-size: 4096
local-size: 256
num-iters: 20000
core-freq: 307
memory-freq: 877
device-name: Tesla V100-SXM2-16GB
sycl-implementation: LLVM CUDA (Intel DPC++)
throughput-metric: N/A
kernel-time-mean: 5.234340 [s]
kernel-time-stddev: 0.006551 [s]
kernel-time-median: 5.238538 [s]
kernel-time-min: 5.224256 [s]
kernel-time-samples: "5.224256 5.231091 5.238538 5.238708 5.239107"
kernel-time-throughput: N/A
run-time-mean: 5.247645 [s]
run-time-stddev: 0.008980 [s]
run-time-median: 5.250917 [s]
run-time-min: 5.235339 [s]
run-time-samples: "5.235339 5.242035 5.250917 5.251668 5.258264"
run-time-throughput: N/A
kernel-energy-mean: 127.275756 [J]
kernel-energy-stddev: 1.250266 [J]
kernel-energy-median: 127.546585 [J]
kernel-energy-min: 125.113130 [J]
kernel-energy-max: 128.142995 [J]
kernel-energy-samples: "125.113130 127.452330 127.546585 128.123740 128.142995"
Verification: PASS
