********** Results for Matrix_mul**********
problem-size: 5000
local-size: 256
num-iters: 1
core-freq: 982
memory-freq: 877
device-name: Tesla V100-SXM2-16GB
sycl-implementation: LLVM CUDA (Intel DPC++)
throughput-metric: N/A
kernel-time-mean: 0.732867 [s]
kernel-time-stddev: 0.000608 [s]
kernel-time-median: 0.732805 [s]
kernel-time-min: 0.732072 [s]
kernel-time-samples: "0.732072 0.732784 0.732805 0.732893 0.733782"
kernel-time-throughput: N/A
run-time-mean: 0.744685 [s]
run-time-stddev: 0.004721 [s]
run-time-median: 0.744552 [s]
run-time-min: 0.740507 [s]
run-time-samples: "0.740507 0.740793 0.744552 0.745403 0.752168"
run-time-throughput: N/A
kernel-energy-mean: 78.725179 [J]
kernel-energy-stddev: 0.704974 [J]
kernel-energy-median: 78.850180 [J]
kernel-energy-min: 77.564910 [J]
kernel-energy-max: 79.493420 [J]
kernel-energy-samples: "77.564910 78.847335 78.850180 78.870050 79.493420"
Verification: PASS
