********** Results for Matrix_mul**********
problem-size: 5000
local-size: 256
num-iters: 1
core-freq: 825
memory-freq: 877
device-name: Tesla V100-SXM2-16GB
sycl-implementation: LLVM CUDA (Intel DPC++)
throughput-metric: N/A
kernel-time-mean: 0.826482 [s]
kernel-time-stddev: 0.001178 [s]
kernel-time-median: 0.826160 [s]
kernel-time-min: 0.825429 [s]
kernel-time-samples: "0.825429 0.825688 0.826160 0.826744 0.828390"
kernel-time-throughput: N/A
run-time-mean: 0.838290 [s]
run-time-stddev: 0.001029 [s]
run-time-median: 0.838223 [s]
run-time-min: 0.837156 [s]
run-time-samples: "0.837156 0.837744 0.838223 0.838418 0.839911"
run-time-throughput: N/A
kernel-energy-mean: 68.513518 [J]
kernel-energy-stddev: 3.548945 [J]
kernel-energy-median: 70.584100 [J]
kernel-energy-min: 62.407935 [J]
kernel-energy-max: 70.629775 [J]
kernel-energy-samples: "62.407935 68.355915 70.584100 70.589865 70.629775"
Verification: PASS
