********** Results for Matrix_mul**********
problem-size: 5000
local-size: 256
num-iters: 1
core-freq: 1035
memory-freq: 877
device-name: Tesla V100-SXM2-16GB
sycl-implementation: LLVM CUDA (Intel DPC++)
throughput-metric: N/A
kernel-time-mean: 0.725927 [s]
kernel-time-stddev: 0.000756 [s]
kernel-time-median: 0.725861 [s]
kernel-time-min: 0.724873 [s]
kernel-time-samples: "0.724873 0.725661 0.725861 0.726358 0.726882"
kernel-time-throughput: N/A
run-time-mean: 0.738055 [s]
run-time-stddev: 0.002743 [s]
run-time-median: 0.739736 [s]
run-time-min: 0.734628 [s]
run-time-samples: "0.734628 0.735564 0.739736 0.739767 0.740583"
run-time-throughput: N/A
kernel-energy-mean: 76.059199 [J]
kernel-energy-stddev: 1.384105 [J]
kernel-energy-median: 76.902945 [J]
kernel-energy-min: 73.966810 [J]
kernel-energy-max: 77.071235 [J]
kernel-energy-samples: "73.966810 75.305500 76.902945 77.049505 77.071235"
Verification: PASS
