********** Results for Matrix_mul**********
problem-size: 5000
local-size: 256
num-iters: 1
core-freq: 435
memory-freq: 877
device-name: Tesla V100-SXM2-16GB
sycl-implementation: LLVM CUDA (Intel DPC++)
throughput-metric: N/A
kernel-time-mean: 2.697462 [s]
kernel-time-stddev: 0.000756 [s]
kernel-time-median: 2.697731 [s]
kernel-time-min: 2.696356 [s]
kernel-time-samples: "2.696356 2.697085 2.697731 2.697825 2.698311"
kernel-time-throughput: N/A
run-time-mean: 2.715361 [s]
run-time-stddev: 0.002938 [s]
run-time-median: 2.716498 [s]
run-time-min: 2.710120 [s]
run-time-samples: "2.710120 2.716450 2.716498 2.716766 2.716974"
run-time-throughput: N/A
kernel-energy-mean: 86.926127 [J]
kernel-energy-stddev: 0.443345 [J]
kernel-energy-median: 87.161555 [J]
kernel-energy-min: 86.167475 [J]
kernel-energy-max: 87.218380 [J]
kernel-energy-samples: "86.167475 86.894720 87.161555 87.188505 87.218380"
Verification: PASS
