********** Results for Matrix_transpose**********
problem-size: 4096
local-size: 256
num-iters: 20000
core-freq: 502
memory-freq: 877
device-name: Tesla V100-SXM2-16GB
sycl-implementation: LLVM CUDA (Intel DPC++)
throughput-metric: N/A
kernel-time-mean: 2.271040 [s]
kernel-time-stddev: 0.006357 [s]
kernel-time-median: 2.269002 [s]
kernel-time-min: 2.265432 [s]
kernel-time-samples: "2.265432 2.265999 2.269002 2.274210 2.280558"
kernel-time-throughput: N/A
run-time-mean: 2.280857 [s]
run-time-stddev: 0.007820 [s]
run-time-median: 2.276594 [s]
run-time-min: 2.273350 [s]
run-time-samples: "2.273350 2.275692 2.276594 2.289162 2.289485"
run-time-throughput: N/A
kernel-energy-mean: 113.610454 [J]
kernel-energy-stddev: 2.803228 [J]
kernel-energy-median: 113.853375 [J]
kernel-energy-min: 110.833850 [J]
kernel-energy-max: 117.441245 [J]
kernel-energy-samples: "110.833850 110.943535 113.853375 114.980265 117.441245"
Verification: PASS
