********** Results for Matrix_mul**********
problem-size: 5000
local-size: 256
num-iters: 1
core-freq: 532
memory-freq: 877
device-name: Tesla V100-SXM2-16GB
sycl-implementation: LLVM CUDA (Intel DPC++)
throughput-metric: N/A
kernel-time-mean: 1.506443 [s]
kernel-time-stddev: 0.005577 [s]
kernel-time-median: 1.504759 [s]
kernel-time-min: 1.502182 [s]
kernel-time-samples: "1.502182 1.503602 1.504759 1.505509 1.516161"
kernel-time-throughput: N/A
run-time-mean: 1.516878 [s]
run-time-stddev: 0.004328 [s]
run-time-median: 1.515587 [s]
run-time-min: 1.512826 [s]
run-time-samples: "1.512826 1.514477 1.515587 1.517501 1.523997"
run-time-throughput: N/A
kernel-energy-mean: 93.181901 [J]
kernel-energy-stddev: 0.718195 [J]
kernel-energy-median: 93.235395 [J]
kernel-energy-min: 91.985525 [J]
kernel-energy-max: 93.792810 [J]
kernel-energy-samples: "91.985525 93.208795 93.235395 93.686980 93.792810"
Verification: PASS
