********** Results for Matrix_mul**********
problem-size: 5000
local-size: 256
num-iters: 1
core-freq: 397
memory-freq: 877
device-name: Tesla V100-SXM2-16GB
sycl-implementation: LLVM CUDA (Intel DPC++)
throughput-metric: N/A
kernel-time-mean: 2.794732 [s]
kernel-time-stddev: 0.000823 [s]
kernel-time-median: 2.794604 [s]
kernel-time-min: 2.793746 [s]
kernel-time-samples: "2.793746 2.794332 2.794604 2.795033 2.795945"
kernel-time-throughput: N/A
run-time-mean: 2.807646 [s]
run-time-stddev: 0.003723 [s]
run-time-median: 2.808065 [s]
run-time-min: 2.802561 [s]
run-time-samples: "2.802561 2.805742 2.808065 2.809482 2.812381"
run-time-throughput: N/A
kernel-energy-mean: 92.934747 [J]
kernel-energy-stddev: 0.186182 [J]
kernel-energy-median: 92.976580 [J]
kernel-energy-min: 92.712915 [J]
kernel-energy-max: 93.136380 [J]
kernel-energy-samples: "92.712915 92.770950 92.976580 93.076910 93.136380"
Verification: PASS
