********** Results for Matrix_transpose**********
problem-size: 4096
local-size: 256
num-iters: 20000
core-freq: 1065
memory-freq: 877
device-name: Tesla V100-SXM2-16GB
sycl-implementation: LLVM CUDA (Intel DPC++)
throughput-metric: N/A
kernel-time-mean: 1.058354 [s]
kernel-time-stddev: 0.001412 [s]
kernel-time-median: 1.058431 [s]
kernel-time-min: 1.056907 [s]
kernel-time-samples: "1.056907 1.057381 1.058431 1.058481 1.060570"
kernel-time-throughput: N/A
run-time-mean: 1.072578 [s]
run-time-stddev: 0.002997 [s]
run-time-median: 1.072393 [s]
run-time-min: 1.069539 [s]
run-time-samples: "1.069539 1.070459 1.072393 1.073261 1.077236"
run-time-throughput: N/A
kernel-energy-mean: 89.051744 [J]
kernel-energy-stddev: 3.509441 [J]
kernel-energy-median: 90.573035 [J]
kernel-energy-min: 82.794555 [J]
kernel-energy-max: 90.992960 [J]
kernel-energy-samples: "82.794555 90.199555 90.573035 90.698615 90.992960"
Verification: PASS
