********** Results for Matrix_transpose**********
problem-size: 4096
local-size: 256
num-iters: 20000
core-freq: 292
memory-freq: 877
device-name: Tesla V100-SXM2-16GB
sycl-implementation: LLVM CUDA (Intel DPC++)
throughput-metric: N/A
kernel-time-mean: 5.062252 [s]
kernel-time-stddev: 0.002369 [s]
kernel-time-median: 5.061744 [s]
kernel-time-min: 5.060006 [s]
kernel-time-samples: "5.060006 5.060771 5.061744 5.062637 5.066101"
kernel-time-throughput: N/A
run-time-mean: 5.073879 [s]
run-time-stddev: 0.002969 [s]
run-time-median: 5.072881 [s]
run-time-min: 5.071310 [s]
run-time-samples: "5.071310 5.071594 5.072881 5.075178 5.078434"
run-time-throughput: N/A
kernel-energy-mean: 175.782057 [J]
kernel-energy-stddev: 7.008381 [J]
kernel-energy-median: 177.087515 [J]
kernel-energy-min: 165.012130 [J]
kernel-energy-max: 182.287370 [J]
kernel-energy-samples: "165.012130 173.256845 177.087515 181.266425 182.287370"
Verification: PASS
