********** Results for Matrix_transpose**********
problem-size: 4096
local-size: 256
num-iters: 20000
core-freq: 495
memory-freq: 877
device-name: Tesla V100-SXM2-16GB
sycl-implementation: LLVM CUDA (Intel DPC++)
throughput-metric: N/A
kernel-time-mean: 2.305537 [s]
kernel-time-stddev: 0.000424 [s]
kernel-time-median: 2.305573 [s]
kernel-time-min: 2.305112 [s]
kernel-time-samples: "2.305112 2.305168 2.305573 2.305679 2.306155"
kernel-time-throughput: N/A
run-time-mean: 2.315669 [s]
run-time-stddev: 0.001973 [s]
run-time-median: 2.315774 [s]
run-time-min: 2.313674 [s]
run-time-samples: "2.313674 2.313675 2.315774 2.317440 2.317782"
run-time-throughput: N/A
kernel-energy-mean: 105.653712 [J]
kernel-energy-stddev: 2.267903 [J]
kernel-energy-median: 106.615680 [J]
kernel-energy-min: 101.602415 [J]
kernel-energy-max: 106.866270 [J]
kernel-energy-samples: "101.602415 106.548980 106.615680 106.635215 106.866270"
Verification: PASS
