********** Results for Matrix_transpose**********
problem-size: 4096
local-size: 256
num-iters: 20000
core-freq: 270
memory-freq: 877
device-name: Tesla V100-SXM2-16GB
sycl-implementation: LLVM CUDA (Intel DPC++)
throughput-metric: N/A
kernel-time-mean: 5.235000 [s]
kernel-time-stddev: 0.001811 [s]
kernel-time-median: 5.234227 [s]
kernel-time-min: 5.233400 [s]
kernel-time-samples: "5.233400 5.233477 5.234227 5.236785 5.237112"
kernel-time-throughput: N/A
run-time-mean: 5.244023 [s]
run-time-stddev: 0.002210 [s]
run-time-median: 5.244754 [s]
run-time-min: 5.241003 [s]
run-time-samples: "5.241003 5.242681 5.244754 5.244973 5.246704"
run-time-throughput: N/A
kernel-energy-mean: 185.870759 [J]
kernel-energy-stddev: 1.494881 [J]
kernel-energy-median: 186.149830 [J]
kernel-energy-min: 183.497360 [J]
kernel-energy-max: 187.304905 [J]
kernel-energy-samples: "183.497360 185.510530 186.149830 186.891170 187.304905"
Verification: PASS
