********** Results for Matrix_mul**********
problem-size: 5000
local-size: 256
num-iters: 1
core-freq: 607
memory-freq: 877
device-name: Tesla V100-SXM2-16GB
sycl-implementation: LLVM CUDA (Intel DPC++)
throughput-metric: N/A
kernel-time-mean: 1.367214 [s]
kernel-time-stddev: 0.001958 [s]
kernel-time-median: 1.366665 [s]
kernel-time-min: 1.365001 [s]
kernel-time-samples: "1.365001 1.365946 1.366665 1.368773 1.369685"
kernel-time-throughput: N/A
run-time-mean: 1.382247 [s]
run-time-stddev: 0.009540 [s]
run-time-median: 1.378611 [s]
run-time-min: 1.373850 [s]
run-time-samples: "1.373850 1.375060 1.378611 1.387168 1.396547"
run-time-throughput: N/A
kernel-energy-mean: 88.686755 [J]
kernel-energy-stddev: 0.548109 [J]
kernel-energy-median: 88.857395 [J]
kernel-energy-min: 87.818850 [J]
kernel-energy-max: 89.300880 [J]
kernel-energy-samples: "87.818850 88.589200 88.857395 88.867450 89.300880"
Verification: PASS
