********** Results for Matrix_transpose**********
problem-size: 4096
local-size: 256
num-iters: 20000
core-freq: 1110
memory-freq: 877
device-name: Tesla V100-SXM2-16GB
sycl-implementation: LLVM CUDA (Intel DPC++)
throughput-metric: N/A
kernel-time-mean: 1.022203 [s]
kernel-time-stddev: 0.001531 [s]
kernel-time-median: 1.022822 [s]
kernel-time-min: 1.020542 [s]
kernel-time-samples: "1.020542 1.020583 1.022822 1.023344 1.023722"
kernel-time-throughput: N/A
run-time-mean: 1.035195 [s]
run-time-stddev: 0.003866 [s]
run-time-median: 1.034073 [s]
run-time-min: 1.031706 [s]
run-time-samples: "1.031706 1.032219 1.034073 1.036898 1.041078"
run-time-throughput: N/A
kernel-energy-mean: 84.301847 [J]
kernel-energy-stddev: 0.993475 [J]
kernel-energy-median: 84.704450 [J]
kernel-energy-min: 82.542595 [J]
kernel-energy-max: 84.965800 [J]
kernel-energy-samples: "82.542595 84.576890 84.704450 84.719500 84.965800"
Verification: PASS
