********** Results for Matrix_mul**********
problem-size: 5000
local-size: 256
num-iters: 1
core-freq: 412
memory-freq: 877
device-name: Tesla V100-SXM2-16GB
sycl-implementation: LLVM CUDA (Intel DPC++)
throughput-metric: N/A
kernel-time-mean: 2.679200 [s]
kernel-time-stddev: 0.000829 [s]
kernel-time-median: 2.679396 [s]
kernel-time-min: 2.677758 [s]
kernel-time-samples: "2.677758 2.679342 2.679396 2.679719 2.679782"
kernel-time-throughput: N/A
run-time-mean: 2.688860 [s]
run-time-stddev: 0.002447 [s]
run-time-median: 2.688650 [s]
run-time-min: 2.685159 [s]
run-time-samples: "2.685159 2.688347 2.688650 2.690780 2.691362"
run-time-throughput: N/A
kernel-energy-mean: 93.112970 [J]
kernel-energy-stddev: 0.338929 [J]
kernel-energy-median: 93.305195 [J]
kernel-energy-min: 92.578075 [J]
kernel-energy-max: 93.378190 [J]
kernel-energy-samples: "92.578075 92.974090 93.305195 93.329300 93.378190"
Verification: PASS
