********** Results for Matrix_mul**********
problem-size: 5000
local-size: 256
num-iters: 1
core-freq: 1297
memory-freq: 877
device-name: Tesla V100-SXM2-16GB
sycl-implementation: LLVM CUDA (Intel DPC++)
throughput-metric: N/A
kernel-time-mean: 0.709950 [s]
kernel-time-stddev: 0.001199 [s]
kernel-time-median: 0.710527 [s]
kernel-time-min: 0.708350 [s]
kernel-time-samples: "0.708350 0.709037 0.710527 0.710644 0.711192"
kernel-time-throughput: N/A
run-time-mean: 0.729683 [s]
run-time-stddev: 0.010963 [s]
run-time-median: 0.728985 [s]
run-time-min: 0.719372 [s]
run-time-samples: "0.719372 0.721858 0.728985 0.730870 0.747328"
run-time-throughput: N/A
kernel-energy-mean: 89.648371 [J]
kernel-energy-stddev: 4.085429 [J]
kernel-energy-median: 91.554980 [J]
kernel-energy-min: 82.351020 [J]
kernel-energy-max: 91.630740 [J]
kernel-energy-samples: "82.351020 91.089755 91.554980 91.615360 91.630740"
Verification: PASS
