********** Results for Matrix_transpose**********
problem-size: 4096
local-size: 256
num-iters: 20000
core-freq: 795
memory-freq: 877
device-name: Tesla V100-SXM2-16GB
sycl-implementation: LLVM CUDA (Intel DPC++)
throughput-metric: N/A
kernel-time-mean: 1.430352 [s]
kernel-time-stddev: 0.001600 [s]
kernel-time-median: 1.430401 [s]
kernel-time-min: 1.427869 [s]
kernel-time-samples: "1.427869 1.430030 1.430401 1.431435 1.432024"
kernel-time-throughput: N/A
run-time-mean: 1.439729 [s]
run-time-stddev: 0.001152 [s]
run-time-median: 1.439628 [s]
run-time-min: 1.438047 [s]
run-time-samples: "1.438047 1.439360 1.439628 1.440706 1.440902"
run-time-throughput: N/A
kernel-energy-mean: 92.532747 [J]
kernel-energy-stddev: 0.135944 [J]
kernel-energy-median: 92.527720 [J]
kernel-energy-min: 92.332610 [J]
kernel-energy-max: 92.665770 [J]
kernel-energy-samples: "92.332610 92.486520 92.527720 92.651115 92.665770"
Verification: PASS
