********** Results for Matrix_mul**********
problem-size: 5000
local-size: 256
num-iters: 1
core-freq: 1177
memory-freq: 877
device-name: Tesla V100-SXM2-16GB
sycl-implementation: LLVM CUDA (Intel DPC++)
throughput-metric: N/A
kernel-time-mean: 0.715800 [s]
kernel-time-stddev: 0.001842 [s]
kernel-time-median: 0.716247 [s]
kernel-time-min: 0.712674 [s]
kernel-time-samples: "0.712674 0.715796 0.716247 0.717070 0.717212"
kernel-time-throughput: N/A
run-time-mean: 0.729176 [s]
run-time-stddev: 0.001697 [s]
run-time-median: 0.729313 [s]
run-time-min: 0.727390 [s]
run-time-samples: "0.727390 0.727969 0.729313 0.729426 0.731783"
run-time-throughput: N/A
kernel-energy-mean: 81.858743 [J]
kernel-energy-stddev: 0.723269 [J]
kernel-energy-median: 82.186215 [J]
kernel-energy-min: 80.656775 [J]
kernel-energy-max: 82.383730 [J]
kernel-energy-samples: "80.656775 81.714265 82.186215 82.352730 82.383730"
Verification: PASS
