********** Results for Matrix_transpose**********
problem-size: 4096
local-size: 256
num-iters: 20000
core-freq: 690
memory-freq: 877
device-name: Tesla V100-SXM2-16GB
sycl-implementation: LLVM CUDA (Intel DPC++)
throughput-metric: N/A
kernel-time-mean: 1.646773 [s]
kernel-time-stddev: 0.002133 [s]
kernel-time-median: 1.647228 [s]
kernel-time-min: 1.643636 [s]
kernel-time-samples: "1.643636 1.646005 1.647228 1.647599 1.649396"
kernel-time-throughput: N/A
run-time-mean: 1.655881 [s]
run-time-stddev: 0.002150 [s]
run-time-median: 1.656470 [s]
run-time-min: 1.652178 [s]
run-time-samples: "1.652178 1.656143 1.656470 1.656930 1.657685"
run-time-throughput: N/A
kernel-energy-mean: 102.806016 [J]
kernel-energy-stddev: 1.820749 [J]
kernel-energy-median: 103.238335 [J]
kernel-energy-min: 99.812290 [J]
kernel-energy-max: 104.576245 [J]
kernel-energy-samples: "99.812290 102.625185 103.238335 103.778025 104.576245"
Verification: PASS
