********** Results for Matrix_transpose**********
problem-size: 4096
local-size: 256
num-iters: 20000
core-freq: 172
memory-freq: 877
device-name: Tesla V100-SXM2-16GB
sycl-implementation: LLVM CUDA (Intel DPC++)
throughput-metric: N/A
kernel-time-mean: 10.153761 [s]
kernel-time-stddev: 0.014509 [s]
kernel-time-median: 10.154542 [s]
kernel-time-min: 10.140537 [s]
kernel-time-samples: "10.140537 10.141566 10.154542 10.155726 10.176434"
kernel-time-throughput: N/A
run-time-mean: 10.163821 [s]
run-time-stddev: 0.012778 [s]
run-time-median: 10.162749 [s]
run-time-min: 10.151145 [s]
run-time-samples: "10.151145 10.156497 10.162749 10.163975 10.184740"
run-time-throughput: N/A
kernel-energy-mean: 240.712943 [J]
kernel-energy-stddev: 0.675566 [J]
kernel-energy-median: 240.928025 [J]
kernel-energy-min: 239.754755 [J]
kernel-energy-max: 241.435510 [J]
kernel-energy-samples: "239.754755 240.311595 240.928025 241.134830 241.435510"
Verification: PASS
