********** Results for Matrix_mul**********
problem-size: 5000
local-size: 256
num-iters: 1
core-freq: 277
memory-freq: 877
device-name: Tesla V100-SXM2-16GB
sycl-implementation: LLVM CUDA (Intel DPC++)
throughput-metric: N/A
kernel-time-mean: 2.696858 [s]
kernel-time-stddev: 0.000350 [s]
kernel-time-median: 2.696893 [s]
kernel-time-min: 2.696337 [s]
kernel-time-samples: "2.696337 2.696828 2.696893 2.696915 2.697319"
kernel-time-throughput: N/A
run-time-mean: 2.709055 [s]
run-time-stddev: 0.005495 [s]
run-time-median: 2.706012 [s]
run-time-min: 2.704597 [s]
run-time-samples: "2.704597 2.705146 2.706012 2.712386 2.717134"
run-time-throughput: N/A
kernel-energy-mean: 86.821938 [J]
kernel-energy-stddev: 0.905671 [J]
kernel-energy-median: 87.014540 [J]
kernel-energy-min: 85.254025 [J]
kernel-energy-max: 87.494350 [J]
kernel-energy-samples: "85.254025 86.965610 87.014540 87.381165 87.494350"
Verification: PASS
