********** Results for Matrix_transpose**********
problem-size: 4096
local-size: 256
num-iters: 20000
core-freq: 180
memory-freq: 877
device-name: Tesla V100-SXM2-16GB
sycl-implementation: LLVM CUDA (Intel DPC++)
throughput-metric: N/A
kernel-time-mean: 10.420138 [s]
kernel-time-stddev: 0.007838 [s]
kernel-time-median: 10.416766 [s]
kernel-time-min: 10.415255 [s]
kernel-time-samples: "10.415255 10.416523 10.416766 10.418104 10.434043"
kernel-time-throughput: N/A
run-time-mean: 10.432746 [s]
run-time-stddev: 0.007189 [s]
run-time-median: 10.429606 [s]
run-time-min: 10.427570 [s]
run-time-samples: "10.427570 10.428547 10.429606 10.432914 10.445091"
run-time-throughput: N/A
kernel-energy-mean: 117.381811 [J]
kernel-energy-stddev: 0.700942 [J]
kernel-energy-median: 117.373340 [J]
kernel-energy-min: 116.504760 [J]
kernel-energy-max: 118.459760 [J]
kernel-energy-samples: "116.504760 117.197565 117.373340 117.373630 118.459760"
Verification: PASS
