********** Results for Matrix_transpose**********
problem-size: 4096
local-size: 256
num-iters: 20000
core-freq: 862
memory-freq: 877
device-name: Tesla V100-SXM2-16GB
sycl-implementation: LLVM CUDA (Intel DPC++)
throughput-metric: N/A
kernel-time-mean: 1.317169 [s]
kernel-time-stddev: 0.002373 [s]
kernel-time-median: 1.317765 [s]
kernel-time-min: 1.314133 [s]
kernel-time-samples: "1.314133 1.315336 1.317765 1.318827 1.319784"
kernel-time-throughput: N/A
run-time-mean: 1.329471 [s]
run-time-stddev: 0.005621 [s]
run-time-median: 1.330093 [s]
run-time-min: 1.323380 [s]
run-time-samples: "1.323380 1.325144 1.330093 1.331038 1.337700"
run-time-throughput: N/A
kernel-energy-mean: 92.048684 [J]
kernel-energy-stddev: 0.249333 [J]
kernel-energy-median: 92.056350 [J]
kernel-energy-min: 91.777005 [J]
kernel-energy-max: 92.420755 [J]
kernel-energy-samples: "91.777005 91.871115 92.056350 92.118195 92.420755"
Verification: PASS
