********** Results for Matrix_transpose**********
problem-size: 4096
local-size: 256
num-iters: 20000
core-freq: 390
memory-freq: 877
device-name: Tesla V100-SXM2-16GB
sycl-implementation: LLVM CUDA (Intel DPC++)
throughput-metric: N/A
kernel-time-mean: 5.257442 [s]
kernel-time-stddev: 0.003655 [s]
kernel-time-median: 5.257279 [s]
kernel-time-min: 5.253635 [s]
kernel-time-samples: "5.253635 5.254035 5.257279 5.260925 5.261337"
kernel-time-throughput: N/A
run-time-mean: 5.269199 [s]
run-time-stddev: 0.004347 [s]
run-time-median: 5.269579 [s]
run-time-min: 5.262801 [s]
run-time-samples: "5.262801 5.268040 5.269579 5.270864 5.274712"
run-time-throughput: N/A
kernel-energy-mean: 129.301481 [J]
kernel-energy-stddev: 0.979084 [J]
kernel-energy-median: 129.722780 [J]
kernel-energy-min: 127.580075 [J]
kernel-energy-max: 129.919795 [J]
kernel-energy-samples: "127.580075 129.443685 129.722780 129.841070 129.919795"
Verification: PASS
