********** Results for Matrix_mul**********
problem-size: 5000
local-size: 256
num-iters: 1
core-freq: 1185
memory-freq: 877
device-name: Tesla V100-SXM2-16GB
sycl-implementation: LLVM CUDA (Intel DPC++)
throughput-metric: N/A
kernel-time-mean: 0.716719 [s]
kernel-time-stddev: 0.001103 [s]
kernel-time-median: 0.717067 [s]
kernel-time-min: 0.715032 [s]
kernel-time-samples: "0.715032 0.716234 0.717067 0.717630 0.717633"
kernel-time-throughput: N/A
run-time-mean: 0.730193 [s]
run-time-stddev: 0.004085 [s]
run-time-median: 0.729269 [s]
run-time-min: 0.726450 [s]
run-time-samples: "0.726450 0.728239 0.729269 0.729885 0.737120"
run-time-throughput: N/A
kernel-energy-mean: 83.327290 [J]
kernel-energy-stddev: 0.676243 [J]
kernel-energy-median: 83.503835 [J]
kernel-energy-min: 82.430465 [J]
kernel-energy-max: 84.014895 [J]
kernel-energy-samples: "82.430465 82.833520 83.503835 83.853735 84.014895"
Verification: PASS
