********** Results for Matrix_transpose**********
problem-size: 4096
local-size: 256
num-iters: 20000
core-freq: 930
memory-freq: 877
device-name: Tesla V100-SXM2-16GB
sycl-implementation: LLVM CUDA (Intel DPC++)
throughput-metric: N/A
kernel-time-mean: 1.222087 [s]
kernel-time-stddev: 0.002048 [s]
kernel-time-median: 1.222632 [s]
kernel-time-min: 1.218649 [s]
kernel-time-samples: "1.218649 1.222353 1.222632 1.222642 1.224156"
kernel-time-throughput: N/A
run-time-mean: 1.233557 [s]
run-time-stddev: 0.002323 [s]
run-time-median: 1.233392 [s]
run-time-min: 1.230244 [s]
run-time-samples: "1.230244 1.232956 1.233392 1.234617 1.236573"
run-time-throughput: N/A
kernel-energy-mean: 86.061106 [J]
kernel-energy-stddev: 3.700043 [J]
kernel-energy-median: 87.569510 [J]
kernel-energy-min: 79.452025 [J]
kernel-energy-max: 87.967845 [J]
kernel-energy-samples: "79.452025 87.471300 87.569510 87.844850 87.967845"
Verification: PASS
