********** Results for Matrix_transpose**********
problem-size: 4096
local-size: 256
num-iters: 20000
core-freq: 997
memory-freq: 877
device-name: Tesla V100-SXM2-16GB
sycl-implementation: LLVM CUDA (Intel DPC++)
throughput-metric: N/A
kernel-time-mean: 1.137710 [s]
kernel-time-stddev: 0.001433 [s]
kernel-time-median: 1.136950 [s]
kernel-time-min: 1.136528 [s]
kernel-time-samples: "1.136528 1.136592 1.136950 1.138840 1.139637"
kernel-time-throughput: N/A
run-time-mean: 1.149379 [s]
run-time-stddev: 0.002615 [s]
run-time-median: 1.149303 [s]
run-time-min: 1.145886 [s]
run-time-samples: "1.145886 1.149134 1.149303 1.149307 1.153262"
run-time-throughput: N/A
kernel-energy-mean: 87.372452 [J]
kernel-energy-stddev: 0.702247 [J]
kernel-energy-median: 87.487250 [J]
kernel-energy-min: 86.638895 [J]
kernel-energy-max: 88.253575 [J]
kernel-energy-samples: "86.638895 86.688765 87.487250 87.793775 88.253575"
Verification: PASS
