********** Results for Matrix_transpose**********
problem-size: 4096
local-size: 256
num-iters: 20000
core-freq: 922
memory-freq: 877
device-name: Tesla V100-SXM2-16GB
sycl-implementation: LLVM CUDA (Intel DPC++)
throughput-metric: N/A
kernel-time-mean: 1.230747 [s]
kernel-time-stddev: 0.001609 [s]
kernel-time-median: 1.230068 [s]
kernel-time-min: 1.229076 [s]
kernel-time-samples: "1.229076 1.229814 1.230068 1.231741 1.233037"
kernel-time-throughput: N/A
run-time-mean: 1.240159 [s]
run-time-stddev: 0.001884 [s]
run-time-median: 1.240121 [s]
run-time-min: 1.238489 [s]
run-time-samples: "1.238489 1.238654 1.240121 1.240355 1.243176"
run-time-throughput: N/A
kernel-energy-mean: 85.022868 [J]
kernel-energy-stddev: 0.182089 [J]
kernel-energy-median: 84.970035 [J]
kernel-energy-min: 84.817740 [J]
kernel-energy-max: 85.220645 [J]
kernel-energy-samples: "84.817740 84.899940 84.970035 85.205980 85.220645"
Verification: PASS
