********** Results for Matrix_transpose**********
problem-size: 4096
local-size: 256
num-iters: 20000
core-freq: 1230
memory-freq: 877
device-name: Tesla V100-SXM2-16GB
sycl-implementation: LLVM CUDA (Intel DPC++)
throughput-metric: N/A
kernel-time-mean: 0.917441 [s]
kernel-time-stddev: 0.001193 [s]
kernel-time-median: 0.917107 [s]
kernel-time-min: 0.915911 [s]
kernel-time-samples: "0.915911 0.916891 0.917107 0.918541 0.918754"
kernel-time-throughput: N/A
run-time-mean: 0.929479 [s]
run-time-stddev: 0.001823 [s]
run-time-median: 0.929610 [s]
run-time-min: 0.926712 [s]
run-time-samples: "0.926712 0.928894 0.929610 0.930873 0.931306"
run-time-throughput: N/A
kernel-energy-mean: 89.407255 [J]
kernel-energy-stddev: 0.129380 [J]
kernel-energy-median: 89.425165 [J]
kernel-energy-min: 89.195920 [J]
kernel-energy-max: 89.536840 [J]
kernel-energy-samples: "89.195920 89.399530 89.425165 89.478820 89.536840"
Verification: PASS
