********** Results for Matrix_transpose**********
problem-size: 4096
local-size: 256
num-iters: 20000
core-freq: 765
memory-freq: 877
device-name: Tesla V100-SXM2-16GB
sycl-implementation: LLVM CUDA (Intel DPC++)
throughput-metric: N/A
kernel-time-mean: 1.485610 [s]
kernel-time-stddev: 0.002788 [s]
kernel-time-median: 1.484289 [s]
kernel-time-min: 1.483132 [s]
kernel-time-samples: "1.483132 1.483618 1.484289 1.487398 1.489614"
kernel-time-throughput: N/A
run-time-mean: 1.495820 [s]
run-time-stddev: 0.004348 [s]
run-time-median: 1.493848 [s]
run-time-min: 1.491852 [s]
run-time-samples: "1.491852 1.493483 1.493848 1.497104 1.502811"
run-time-throughput: N/A
kernel-energy-mean: 96.483573 [J]
kernel-energy-stddev: 0.306291 [J]
kernel-energy-median: 96.416430 [J]
kernel-energy-min: 96.095635 [J]
kernel-energy-max: 96.894275 [J]
kernel-energy-samples: "96.095635 96.346715 96.416430 96.664810 96.894275"
Verification: PASS
