********** Results for Matrix_mul**********
problem-size: 5000
local-size: 256
num-iters: 1
core-freq: 1410
memory-freq: 877
device-name: Tesla V100-SXM2-16GB
sycl-implementation: LLVM CUDA (Intel DPC++)
throughput-metric: N/A
kernel-time-mean: 0.706220 [s]
kernel-time-stddev: 0.002855 [s]
kernel-time-median: 0.704900 [s]
kernel-time-min: 0.704387 [s]
kernel-time-samples: "0.704387 0.704850 0.704900 0.705706 0.711255"
kernel-time-throughput: N/A
run-time-mean: 0.719454 [s]
run-time-stddev: 0.004928 [s]
run-time-median: 0.720880 [s]
run-time-min: 0.714199 [s]
run-time-samples: "0.714199 0.714271 0.720880 0.723854 0.724064"
run-time-throughput: N/A
kernel-energy-mean: 100.483844 [J]
kernel-energy-stddev: 1.187873 [J]
kernel-energy-median: 100.717475 [J]
kernel-energy-min: 99.159075 [J]
kernel-energy-max: 102.078065 [J]
kernel-energy-samples: "99.159075 99.468600 100.717475 100.996005 102.078065"
Verification: PASS
