********** Results for Matrix_transpose**********
problem-size: 4096
local-size: 256
num-iters: 20000
core-freq: 135
memory-freq: 877
device-name: Tesla V100-SXM2-16GB
sycl-implementation: LLVM CUDA (Intel DPC++)
throughput-metric: N/A
kernel-time-mean: 10.576359 [s]
kernel-time-stddev: 0.004984 [s]
kernel-time-median: 10.578211 [s]
kernel-time-min: 10.569590 [s]
kernel-time-samples: "10.569590 10.572760 10.578211 10.579945 10.581289"
kernel-time-throughput: N/A
run-time-mean: 10.592299 [s]
run-time-stddev: 0.007413 [s]
run-time-median: 10.590989 [s]
run-time-min: 10.581953 [s]
run-time-samples: "10.581953 10.589609 10.590989 10.598795 10.600149"
run-time-throughput: N/A
kernel-energy-mean: 173.522733 [J]
kernel-energy-stddev: 9.786888 [J]
kernel-energy-median: 173.222840 [J]
kernel-energy-min: 164.089630 [J]
kernel-energy-max: 186.479615 [J]
kernel-energy-samples: "164.089630 164.133200 173.222840 179.688380 186.479615"
Verification: PASS
