********** Results for Matrix_mul**********
problem-size: 5000
local-size: 256
num-iters: 1
core-freq: 847
memory-freq: 877
device-name: Tesla V100-SXM2-16GB
sycl-implementation: LLVM CUDA (Intel DPC++)
throughput-metric: N/A
kernel-time-mean: 0.815191 [s]
kernel-time-stddev: 0.001034 [s]
kernel-time-median: 0.814802 [s]
kernel-time-min: 0.813907 [s]
kernel-time-samples: "0.813907 0.814742 0.814802 0.816137 0.816365"
kernel-time-throughput: N/A
run-time-mean: 0.827168 [s]
run-time-stddev: 0.002900 [s]
run-time-median: 0.826268 [s]
run-time-min: 0.824703 [s]
run-time-samples: "0.824703 0.825437 0.826268 0.827395 0.832038"
run-time-throughput: N/A
kernel-energy-mean: 69.039527 [J]
kernel-energy-stddev: 0.109175 [J]
kernel-energy-median: 68.987135 [J]
kernel-energy-min: 68.916720 [J]
kernel-energy-max: 69.166135 [J]
kernel-energy-samples: "68.916720 68.984325 68.987135 69.143320 69.166135"
Verification: PASS
