********** Results for Matrix_transpose**********
problem-size: 4096
local-size: 256
num-iters: 20000
core-freq: 1492
memory-freq: 877
device-name: Tesla V100-SXM2-16GB
sycl-implementation: LLVM CUDA (Intel DPC++)
throughput-metric: N/A
kernel-time-mean: 0.759813 [s]
kernel-time-stddev: 0.000494 [s]
kernel-time-median: 0.760032 [s]
kernel-time-min: 0.759143 [s]
kernel-time-samples: "0.759143 0.759454 0.760032 0.760116 0.760320"
kernel-time-throughput: N/A
run-time-mean: 0.771597 [s]
run-time-stddev: 0.001554 [s]
run-time-median: 0.771794 [s]
run-time-min: 0.769888 [s]
run-time-samples: "0.769888 0.770303 0.771794 0.772263 0.773737"
run-time-throughput: N/A
kernel-energy-mean: 105.601736 [J]
kernel-energy-stddev: 3.527788 [J]
kernel-energy-median: 107.613485 [J]
kernel-energy-min: 99.664930 [J]
kernel-energy-max: 107.905240 [J]
kernel-energy-samples: "99.664930 105.021920 107.613485 107.803105 107.905240"
Verification: PASS
