********** Results for Matrix_mul**********
problem-size: 5000
local-size: 256
num-iters: 1
core-freq: 577
memory-freq: 877
device-name: Tesla V100-SXM2-16GB
sycl-implementation: LLVM CUDA (Intel DPC++)
throughput-metric: N/A
kernel-time-mean: 1.380133 [s]
kernel-time-stddev: 0.001647 [s]
kernel-time-median: 1.379974 [s]
kernel-time-min: 1.378231 [s]
kernel-time-samples: "1.378231 1.378881 1.379974 1.381525 1.382056"
kernel-time-throughput: N/A
run-time-mean: 1.393633 [s]
run-time-stddev: 0.003637 [s]
run-time-median: 1.394810 [s]
run-time-min: 1.387650 [s]
run-time-samples: "1.387650 1.393320 1.394810 1.395067 1.397316"
run-time-throughput: N/A
kernel-energy-mean: 86.782945 [J]
kernel-energy-stddev: 0.272828 [J]
kernel-energy-median: 86.775220 [J]
kernel-energy-min: 86.390275 [J]
kernel-energy-max: 87.158490 [J]
kernel-energy-samples: "86.390275 86.762595 86.775220 86.828145 87.158490"
Verification: PASS
