********** Results for Matrix_mul**********
problem-size: 5000
local-size: 256
num-iters: 1
core-freq: 727
memory-freq: 877
device-name: Tesla V100-SXM2-16GB
sycl-implementation: LLVM CUDA (Intel DPC++)
throughput-metric: N/A
kernel-time-mean: 0.969068 [s]
kernel-time-stddev: 0.000750 [s]
kernel-time-median: 0.968833 [s]
kernel-time-min: 0.968366 [s]
kernel-time-samples: "0.968366 0.968638 0.968833 0.969209 0.970292"
kernel-time-throughput: N/A
run-time-mean: 0.981003 [s]
run-time-stddev: 0.003883 [s]
run-time-median: 0.980738 [s]
run-time-min: 0.977339 [s]
run-time-samples: "0.977339 0.977492 0.980738 0.982879 0.986568"
run-time-throughput: N/A
kernel-energy-mean: 73.648031 [J]
kernel-energy-stddev: 0.275845 [J]
kernel-energy-median: 73.806915 [J]
kernel-energy-min: 73.267755 [J]
kernel-energy-max: 73.902040 [J]
kernel-energy-samples: "73.267755 73.445370 73.806915 73.818075 73.902040"
Verification: PASS
