********** Results for Matrix_transpose**********
problem-size: 4096
local-size: 256
num-iters: 20000
core-freq: 772
memory-freq: 877
device-name: Tesla V100-SXM2-16GB
sycl-implementation: LLVM CUDA (Intel DPC++)
throughput-metric: N/A
kernel-time-mean: 1.474342 [s]
kernel-time-stddev: 0.002834 [s]
kernel-time-median: 1.473496 [s]
kernel-time-min: 1.471686 [s]
kernel-time-samples: "1.471686 1.473406 1.473496 1.473952 1.479171"
kernel-time-throughput: N/A
run-time-mean: 1.484275 [s]
run-time-stddev: 0.003491 [s]
run-time-median: 1.484345 [s]
run-time-min: 1.480234 [s]
run-time-samples: "1.480234 1.481980 1.484345 1.485470 1.489345"
run-time-throughput: N/A
kernel-energy-mean: 95.608419 [J]
kernel-energy-stddev: 3.007139 [J]
kernel-energy-median: 96.891510 [J]
kernel-energy-min: 90.639505 [J]
kernel-energy-max: 97.998520 [J]
kernel-energy-samples: "90.639505 94.975055 96.891510 97.537505 97.998520"
Verification: PASS
