********** Results for Matrix_mul**********
problem-size: 5000
local-size: 256
num-iters: 1
core-freq: 180
memory-freq: 877
device-name: Tesla V100-SXM2-16GB
sycl-implementation: LLVM CUDA (Intel DPC++)
throughput-metric: N/A
kernel-time-mean: 5.439530 [s]
kernel-time-stddev: 0.001845 [s]
kernel-time-median: 5.440600 [s]
kernel-time-min: 5.437411 [s]
kernel-time-samples: "5.437411 5.437668 5.440600 5.440612 5.441357"
kernel-time-throughput: N/A
run-time-mean: 5.457087 [s]
run-time-stddev: 0.005620 [s]
run-time-median: 5.456903 [s]
run-time-min: 5.450386 [s]
run-time-samples: "5.450386 5.452806 5.456903 5.462060 5.463281"
run-time-throughput: N/A
kernel-energy-mean: 74.454027 [J]
kernel-energy-stddev: 0.627545 [J]
kernel-energy-median: 74.720745 [J]
kernel-energy-min: 73.379510 [J]
kernel-energy-max: 74.974845 [J]
kernel-energy-samples: "73.379510 74.461325 74.720745 74.733710 74.974845"
Verification: PASS
