********** Results for Matrix_transpose**********
problem-size: 4096
local-size: 256
num-iters: 20000
core-freq: 1417
memory-freq: 877
device-name: Tesla V100-SXM2-16GB
sycl-implementation: LLVM CUDA (Intel DPC++)
throughput-metric: N/A
kernel-time-mean: 0.800598 [s]
kernel-time-stddev: 0.000806 [s]
kernel-time-median: 0.800484 [s]
kernel-time-min: 0.799708 [s]
kernel-time-samples: "0.799708 0.800367 0.800484 0.800515 0.801914"
kernel-time-throughput: N/A
run-time-mean: 0.816043 [s]
run-time-stddev: 0.004020 [s]
run-time-median: 0.815101 [s]
run-time-min: 0.811589 [s]
run-time-samples: "0.811589 0.814355 0.815101 0.816760 0.822411"
run-time-throughput: N/A
kernel-energy-mean: 98.325373 [J]
kernel-energy-stddev: 3.519649 [J]
kernel-energy-median: 100.072325 [J]
kernel-energy-min: 92.058485 [J]
kernel-energy-max: 100.102025 [J]
kernel-energy-samples: "92.058485 99.305420 100.072325 100.088610 100.102025"
Verification: PASS
