********** Results for Matrix_mul**********
problem-size: 5000
local-size: 256
num-iters: 1
core-freq: 832
memory-freq: 877
device-name: Tesla V100-SXM2-16GB
sycl-implementation: LLVM CUDA (Intel DPC++)
throughput-metric: N/A
kernel-time-mean: 0.818505 [s]
kernel-time-stddev: 0.000852 [s]
kernel-time-median: 0.818533 [s]
kernel-time-min: 0.817214 [s]
kernel-time-samples: "0.817214 0.818531 0.818533 0.818642 0.819607"
kernel-time-throughput: N/A
run-time-mean: 0.835572 [s]
run-time-stddev: 0.005873 [s]
run-time-median: 0.831852 [s]
run-time-min: 0.830921 [s]
run-time-samples: "0.830921 0.831105 0.831852 0.841751 0.842233"
run-time-throughput: N/A
kernel-energy-mean: 66.805590 [J]
kernel-energy-stddev: 1.253256 [J]
kernel-energy-median: 67.222010 [J]
kernel-energy-min: 64.582995 [J]
kernel-energy-max: 67.525540 [J]
kernel-energy-samples: "64.582995 67.174065 67.222010 67.523340 67.525540"
Verification: PASS
