********** Results for Matrix_transpose**********
problem-size: 4096
local-size: 256
num-iters: 20000
core-freq: 1267
memory-freq: 877
device-name: Tesla V100-SXM2-16GB
sycl-implementation: LLVM CUDA (Intel DPC++)
throughput-metric: N/A
kernel-time-mean: 0.895328 [s]
kernel-time-stddev: 0.001072 [s]
kernel-time-median: 0.895118 [s]
kernel-time-min: 0.894189 [s]
kernel-time-samples: "0.894189 0.894579 0.895118 0.895881 0.896872"
kernel-time-throughput: N/A
run-time-mean: 0.907036 [s]
run-time-stddev: 0.003207 [s]
run-time-median: 0.907782 [s]
run-time-min: 0.903546 [s]
run-time-samples: "0.903546 0.903844 0.907782 0.909458 0.910551"
run-time-throughput: N/A
kernel-energy-mean: 89.692196 [J]
kernel-energy-stddev: 0.966428 [J]
kernel-energy-median: 90.005825 [J]
kernel-energy-min: 88.008950 [J]
kernel-energy-max: 90.486775 [J]
kernel-energy-samples: "88.008950 89.918240 90.005825 90.041190 90.486775"
Verification: PASS
