********** Results for Matrix_transpose**********
problem-size: 4096
local-size: 256
num-iters: 20000
core-freq: 277
memory-freq: 877
device-name: Tesla V100-SXM2-16GB
sycl-implementation: LLVM CUDA (Intel DPC++)
throughput-metric: N/A
kernel-time-mean: 5.112923 [s]
kernel-time-stddev: 0.008782 [s]
kernel-time-median: 5.111385 [s]
kernel-time-min: 5.102470 [s]
kernel-time-samples: "5.102470 5.108136 5.111385 5.117238 5.125387"
kernel-time-throughput: N/A
run-time-mean: 5.122810 [s]
run-time-stddev: 0.009630 [s]
run-time-median: 5.122475 [s]
run-time-min: 5.111599 [s]
run-time-samples: "5.111599 5.116042 5.122475 5.127995 5.135942"
run-time-throughput: N/A
kernel-energy-mean: 170.648721 [J]
kernel-energy-stddev: 5.273808 [J]
kernel-energy-median: 168.936000 [J]
kernel-energy-min: 165.573985 [J]
kernel-energy-max: 178.985765 [J]
kernel-energy-samples: "165.573985 167.438880 168.936000 172.308975 178.985765"
Verification: PASS
