********** Results for Matrix_mul**********
problem-size: 5000
local-size: 256
num-iters: 1
core-freq: 1020
memory-freq: 877
device-name: Tesla V100-SXM2-16GB
sycl-implementation: LLVM CUDA (Intel DPC++)
throughput-metric: N/A
kernel-time-mean: 0.727932 [s]
kernel-time-stddev: 0.001565 [s]
kernel-time-median: 0.727366 [s]
kernel-time-min: 0.726843 [s]
kernel-time-samples: "0.726843 0.727193 0.727366 0.727570 0.730691"
kernel-time-throughput: N/A
run-time-mean: 0.738225 [s]
run-time-stddev: 0.002640 [s]
run-time-median: 0.736910 [s]
run-time-min: 0.735660 [s]
run-time-samples: "0.735660 0.736414 0.736910 0.740835 0.741303"
run-time-throughput: N/A
kernel-energy-mean: 75.901101 [J]
kernel-energy-stddev: 0.247342 [J]
kernel-energy-median: 75.807060 [J]
kernel-energy-min: 75.612845 [J]
kernel-energy-max: 76.164900 [J]
kernel-energy-samples: "75.612845 75.765200 75.807060 76.155500 76.164900"
Verification: PASS
