********** Results for Matrix_mul**********
problem-size: 5000
local-size: 256
num-iters: 1
core-freq: 1207
memory-freq: 877
device-name: Tesla V100-SXM2-16GB
sycl-implementation: LLVM CUDA (Intel DPC++)
throughput-metric: N/A
kernel-time-mean: 0.714328 [s]
kernel-time-stddev: 0.001334 [s]
kernel-time-median: 0.714458 [s]
kernel-time-min: 0.712373 [s]
kernel-time-samples: "0.712373 0.713738 0.714458 0.715453 0.715617"
kernel-time-throughput: N/A
run-time-mean: 0.725205 [s]
run-time-stddev: 0.002040 [s]
run-time-median: 0.724974 [s]
run-time-min: 0.722584 [s]
run-time-samples: "0.722584 0.724037 0.724974 0.726837 0.727593"
run-time-throughput: N/A
kernel-energy-mean: 89.590719 [J]
kernel-energy-stddev: 0.351360 [J]
kernel-energy-median: 89.401390 [J]
kernel-energy-min: 89.257060 [J]
kernel-energy-max: 90.012175 [J]
kernel-energy-samples: "89.257060 89.355250 89.401390 89.927720 90.012175"
Verification: PASS
