********** Results for Matrix_transpose**********
problem-size: 4096
local-size: 256
num-iters: 20000
core-freq: 1357
memory-freq: 877
device-name: Tesla V100-SXM2-16GB
sycl-implementation: LLVM CUDA (Intel DPC++)
throughput-metric: N/A
kernel-time-mean: 0.835497 [s]
kernel-time-stddev: 0.000565 [s]
kernel-time-median: 0.835542 [s]
kernel-time-min: 0.834740 [s]
kernel-time-samples: "0.834740 0.835239 0.835542 0.835696 0.836269"
kernel-time-throughput: N/A
run-time-mean: 0.845984 [s]
run-time-stddev: 0.001678 [s]
run-time-median: 0.845193 [s]
run-time-min: 0.844213 [s]
run-time-samples: "0.844213 0.844969 0.845193 0.847585 0.847961"
run-time-throughput: N/A
kernel-energy-mean: 95.753204 [J]
kernel-energy-stddev: 1.781456 [J]
kernel-energy-median: 96.595335 [J]
kernel-energy-min: 92.687795 [J]
kernel-energy-max: 97.054295 [J]
kernel-energy-samples: "92.687795 95.729340 96.595335 96.699255 97.054295"
Verification: PASS
