********** Results for Matrix_mul**********
problem-size: 5000
local-size: 256
num-iters: 1
core-freq: 1087
memory-freq: 877
device-name: Tesla V100-SXM2-16GB
sycl-implementation: LLVM CUDA (Intel DPC++)
throughput-metric: N/A
kernel-time-mean: 0.721911 [s]
kernel-time-stddev: 0.001212 [s]
kernel-time-median: 0.722271 [s]
kernel-time-min: 0.719913 [s]
kernel-time-samples: "0.719913 0.721730 0.722271 0.722641 0.723001"
kernel-time-throughput: N/A
run-time-mean: 0.733638 [s]
run-time-stddev: 0.003271 [s]
run-time-median: 0.733567 [s]
run-time-min: 0.728959 [s]
run-time-samples: "0.728959 0.732832 0.733567 0.734862 0.737970"
run-time-throughput: N/A
kernel-energy-mean: 79.884661 [J]
kernel-energy-stddev: 0.242261 [J]
kernel-energy-median: 79.946525 [J]
kernel-energy-min: 79.467075 [J]
kernel-energy-max: 80.056450 [J]
kernel-energy-samples: "79.467075 79.905460 79.946525 80.047795 80.056450"
Verification: PASS
