********** Results for Matrix_transpose**********
problem-size: 4096
local-size: 256
num-iters: 20000
core-freq: 240
memory-freq: 877
device-name: Tesla V100-SXM2-16GB
sycl-implementation: LLVM CUDA (Intel DPC++)
throughput-metric: N/A
kernel-time-mean: 5.393022 [s]
kernel-time-stddev: 0.009740 [s]
kernel-time-median: 5.394034 [s]
kernel-time-min: 5.378898 [s]
kernel-time-samples: "5.378898 5.388411 5.394034 5.401312 5.402455"
kernel-time-throughput: N/A
run-time-mean: 5.404854 [s]
run-time-stddev: 0.009218 [s]
run-time-median: 5.407270 [s]
run-time-min: 5.392052 [s]
run-time-samples: "5.392052 5.399218 5.407270 5.410619 5.415109"
run-time-throughput: N/A
kernel-energy-mean: 175.391091 [J]
kernel-energy-stddev: 9.074647 [J]
kernel-energy-median: 180.940495 [J]
kernel-energy-min: 163.107550 [J]
kernel-energy-max: 182.477515 [J]
kernel-energy-samples: "163.107550 168.235115 180.940495 182.194780 182.477515"
Verification: PASS
