********** Results for Matrix_transpose**********
problem-size: 4096
local-size: 256
num-iters: 20000
core-freq: 892
memory-freq: 877
device-name: Tesla V100-SXM2-16GB
sycl-implementation: LLVM CUDA (Intel DPC++)
throughput-metric: N/A
kernel-time-mean: 1.270993 [s]
kernel-time-stddev: 0.001693 [s]
kernel-time-median: 1.271034 [s]
kernel-time-min: 1.269331 [s]
kernel-time-samples: "1.269331 1.269566 1.271034 1.271511 1.273521"
kernel-time-throughput: N/A
run-time-mean: 1.282095 [s]
run-time-stddev: 0.002706 [s]
run-time-median: 1.282004 [s]
run-time-min: 1.279263 [s]
run-time-samples: "1.279263 1.279911 1.282004 1.283333 1.285962"
run-time-throughput: N/A
kernel-energy-mean: 86.965896 [J]
kernel-energy-stddev: 2.682852 [J]
kernel-energy-median: 88.291490 [J]
kernel-energy-min: 82.407675 [J]
kernel-energy-max: 88.828485 [J]
kernel-energy-samples: "82.407675 86.689545 88.291490 88.612285 88.828485"
Verification: PASS
