********** Results for Matrix_mul**********
problem-size: 5000
local-size: 256
num-iters: 1
core-freq: 885
memory-freq: 877
device-name: Tesla V100-SXM2-16GB
sycl-implementation: LLVM CUDA (Intel DPC++)
throughput-metric: N/A
kernel-time-mean: 0.770846 [s]
kernel-time-stddev: 0.001354 [s]
kernel-time-median: 0.771277 [s]
kernel-time-min: 0.768927 [s]
kernel-time-samples: "0.768927 0.769994 0.771277 0.771948 0.772082"
kernel-time-throughput: N/A
run-time-mean: 0.784754 [s]
run-time-stddev: 0.005024 [s]
run-time-median: 0.786313 [s]
run-time-min: 0.779378 [s]
run-time-samples: "0.779378 0.779925 0.786313 0.786967 0.791189"
run-time-throughput: N/A
kernel-energy-mean: 70.116970 [J]
kernel-energy-stddev: 0.252410 [J]
kernel-energy-median: 70.001480 [J]
kernel-energy-min: 69.969725 [J]
kernel-energy-max: 70.564125 [J]
kernel-energy-samples: "69.969725 69.986870 70.001480 70.062650 70.564125"
Verification: PASS
