********** Results for Matrix_transpose**********
problem-size: 4096
local-size: 256
num-iters: 20000
core-freq: 1095
memory-freq: 877
device-name: Tesla V100-SXM2-16GB
sycl-implementation: LLVM CUDA (Intel DPC++)
throughput-metric: N/A
kernel-time-mean: 1.034119 [s]
kernel-time-stddev: 0.002981 [s]
kernel-time-median: 1.033413 [s]
kernel-time-min: 1.030202 [s]
kernel-time-samples: "1.030202 1.032906 1.033413 1.036260 1.037812"
kernel-time-throughput: N/A
run-time-mean: 1.047216 [s]
run-time-stddev: 0.004075 [s]
run-time-median: 1.045445 [s]
run-time-min: 1.043337 [s]
run-time-samples: "1.043337 1.044096 1.045445 1.051436 1.051765"
run-time-throughput: N/A
kernel-energy-mean: 88.328367 [J]
kernel-energy-stddev: 0.267315 [J]
kernel-energy-median: 88.297420 [J]
kernel-energy-min: 87.954000 [J]
kernel-energy-max: 88.622695 [J]
kernel-energy-samples: "87.954000 88.222720 88.297420 88.545000 88.622695"
Verification: PASS
