********** Results for Matrix_transpose**********
problem-size: 4096
local-size: 256
num-iters: 20000
core-freq: 810
memory-freq: 877
device-name: Tesla V100-SXM2-16GB
sycl-implementation: LLVM CUDA (Intel DPC++)
throughput-metric: N/A
kernel-time-mean: 1.402425 [s]
kernel-time-stddev: 0.001720 [s]
kernel-time-median: 1.401765 [s]
kernel-time-min: 1.400925 [s]
kernel-time-samples: "1.400925 1.401219 1.401765 1.403105 1.405113"
kernel-time-throughput: N/A
run-time-mean: 1.416162 [s]
run-time-stddev: 0.004075 [s]
run-time-median: 1.416652 [s]
run-time-min: 1.409752 [s]
run-time-samples: "1.409752 1.415855 1.416652 1.417603 1.420949"
run-time-throughput: N/A
kernel-energy-mean: 91.544552 [J]
kernel-energy-stddev: 2.470471 [J]
kernel-energy-median: 92.582450 [J]
kernel-energy-min: 87.127345 [J]
kernel-energy-max: 92.748775 [J]
kernel-energy-samples: "87.127345 92.567650 92.582450 92.696540 92.748775"
Verification: PASS
