********** Results for Matrix_transpose**********
problem-size: 4096
local-size: 256
num-iters: 20000
core-freq: 442
memory-freq: 877
device-name: Tesla V100-SXM2-16GB
sycl-implementation: LLVM CUDA (Intel DPC++)
throughput-metric: N/A
kernel-time-mean: 5.098583 [s]
kernel-time-stddev: 0.001193 [s]
kernel-time-median: 5.098531 [s]
kernel-time-min: 5.097211 [s]
kernel-time-samples: "5.097211 5.097722 5.098531 5.099248 5.100202"
kernel-time-throughput: N/A
run-time-mean: 5.109135 [s]
run-time-stddev: 0.002550 [s]
run-time-median: 5.108047 [s]
run-time-min: 5.106591 [s]
run-time-samples: "5.106591 5.107388 5.108047 5.111176 5.112473"
run-time-throughput: N/A
kernel-energy-mean: 174.063101 [J]
kernel-energy-stddev: 3.023918 [J]
kernel-energy-median: 173.296795 [J]
kernel-energy-min: 171.752080 [J]
kernel-energy-max: 179.194895 [J]
kernel-energy-samples: "171.752080 171.986450 173.296795 174.085285 179.194895"
Verification: PASS
