********** Results for Matrix_transpose**********
problem-size: 4096
local-size: 256
num-iters: 20000
core-freq: 345
memory-freq: 877
device-name: Tesla V100-SXM2-16GB
sycl-implementation: LLVM CUDA (Intel DPC++)
throughput-metric: N/A
kernel-time-mean: 5.264460 [s]
kernel-time-stddev: 0.006850 [s]
kernel-time-median: 5.262291 [s]
kernel-time-min: 5.259633 [s]
kernel-time-samples: "5.259633 5.260715 5.262291 5.263198 5.276462"
kernel-time-throughput: N/A
run-time-mean: 5.273960 [s]
run-time-stddev: 0.008318 [s]
run-time-median: 5.271199 [s]
run-time-min: 5.267985 [s]
run-time-samples: "5.267985 5.270156 5.271199 5.271854 5.288607"
run-time-throughput: N/A
kernel-energy-mean: 159.447750 [J]
kernel-energy-stddev: 4.449667 [J]
kernel-energy-median: 158.752755 [J]
kernel-energy-min: 155.176285 [J]
kernel-energy-max: 166.191880 [J]
kernel-energy-samples: "155.176285 155.969865 158.752755 161.147965 166.191880"
Verification: PASS
