********** Results for Matrix_transpose**********
problem-size: 4096
local-size: 256
num-iters: 20000
core-freq: 1215
memory-freq: 877
device-name: Tesla V100-SXM2-16GB
sycl-implementation: LLVM CUDA (Intel DPC++)
throughput-metric: N/A
kernel-time-mean: 0.930970 [s]
kernel-time-stddev: 0.001824 [s]
kernel-time-median: 0.931438 [s]
kernel-time-min: 0.928339 [s]
kernel-time-samples: "0.928339 0.930231 0.931438 0.931576 0.933264"
kernel-time-throughput: N/A
run-time-mean: 0.945217 [s]
run-time-stddev: 0.004024 [s]
run-time-median: 0.944650 [s]
run-time-min: 0.940353 [s]
run-time-samples: "0.940353 0.942883 0.944650 0.947489 0.950711"
run-time-throughput: N/A
kernel-energy-mean: 87.567268 [J]
kernel-energy-stddev: 1.225346 [J]
kernel-energy-median: 87.913635 [J]
kernel-energy-min: 85.413960 [J]
kernel-energy-max: 88.432340 [J]
kernel-energy-samples: "85.413960 87.868975 87.913635 88.207430 88.432340"
Verification: PASS
