********** Results for MedianFilter**********
problem-size: 3072
local-size: 256
num-iters: 2000
core-freq: 750
memory-freq: 877
device-name: Tesla V100-SXM2-16GB
sycl-implementation: LLVM CUDA (Intel DPC++)
throughput-metric: N/A
kernel-time-mean: 1.012367 [s]
kernel-time-stddev: 0.003953 [s]
kernel-time-median: 1.013958 [s]
kernel-time-min: 1.005316 [s]
kernel-time-samples: "1.005316 1.013949 1.013958 1.013958 1.014653"
kernel-time-throughput: N/A
run-time-mean: 1.023530 [s]
run-time-stddev: 0.005424 [s]
run-time-median: 1.025318 [s]
run-time-min: 1.014070 [s]
run-time-samples: "1.014070 1.024294 1.025318 1.026465 1.027503"
run-time-throughput: N/A
kernel-energy-mean: 72.916079 [J]
kernel-energy-stddev: 0.188346 [J]
kernel-energy-median: 72.846350 [J]
kernel-energy-min: 72.769250 [J]
kernel-energy-max: 73.236225 [J]
kernel-energy-samples: "72.769250 72.802570 72.846350 72.926000 73.236225"
Verification: PASS
