********** Results for MedianFilter**********
problem-size: 3072
local-size: 256
num-iters: 2000
core-freq: 1170
memory-freq: 877
device-name: Tesla V100-SXM2-16GB
sycl-implementation: LLVM CUDA (Intel DPC++)
throughput-metric: N/A
kernel-time-mean: 0.646577 [s]
kernel-time-stddev: 0.000329 [s]
kernel-time-median: 0.646627 [s]
kernel-time-min: 0.646137 [s]
kernel-time-samples: "0.646137 0.646442 0.646627 0.646639 0.647040"
kernel-time-throughput: N/A
run-time-mean: 0.657740 [s]
run-time-stddev: 0.001516 [s]
run-time-median: 0.658030 [s]
run-time-min: 0.655793 [s]
run-time-samples: "0.655793 0.656652 0.658030 0.658690 0.659536"
run-time-throughput: N/A
kernel-energy-mean: 79.046280 [J]
kernel-energy-stddev: 0.209671 [J]
kernel-energy-median: 78.993900 [J]
kernel-energy-min: 78.773790 [J]
kernel-energy-max: 79.340670 [J]
kernel-energy-samples: "78.773790 78.984960 78.993900 79.138080 79.340670"
Verification: PASS
