********** Results for MedianFilter**********
problem-size: 3072
local-size: 256
num-iters: 2000
core-freq: 1432
memory-freq: 877
device-name: Tesla V100-SXM2-16GB
sycl-implementation: LLVM CUDA (Intel DPC++)
throughput-metric: N/A
kernel-time-mean: 0.530895 [s]
kernel-time-stddev: 0.000005 [s]
kernel-time-median: 0.530896 [s]
kernel-time-min: 0.530888 [s]
kernel-time-samples: "0.530888 0.530893 0.530896 0.530897 0.530901"
kernel-time-throughput: N/A
run-time-mean: 0.542047 [s]
run-time-stddev: 0.001841 [s]
run-time-median: 0.542432 [s]
run-time-min: 0.540079 [s]
run-time-samples: "0.540079 0.540344 0.542432 0.542904 0.544477"
run-time-throughput: N/A
kernel-energy-mean: 89.942575 [J]
kernel-energy-stddev: 7.534999 [J]
kernel-energy-median: 93.284510 [J]
kernel-energy-min: 76.819210 [J]
kernel-energy-max: 94.742045 [J]
kernel-energy-samples: "76.819210 90.400245 93.284510 94.466865 94.742045"
Verification: PASS
