********** Results for MedianFilter**********
problem-size: 3072
local-size: 256
num-iters: 2000
core-freq: 1117
memory-freq: 877
device-name: Tesla V100-SXM2-16GB
sycl-implementation: LLVM CUDA (Intel DPC++)
throughput-metric: N/A
kernel-time-mean: 0.680525 [s]
kernel-time-stddev: 0.000003 [s]
kernel-time-median: 0.680525 [s]
kernel-time-min: 0.680520 [s]
kernel-time-samples: "0.680520 0.680524 0.680525 0.680526 0.680529"
kernel-time-throughput: N/A
run-time-mean: 0.691463 [s]
run-time-stddev: 0.000996 [s]
run-time-median: 0.691780 [s]
run-time-min: 0.689698 [s]
run-time-samples: "0.689698 0.691759 0.691780 0.691988 0.692091"
run-time-throughput: N/A
kernel-energy-mean: 83.937274 [J]
kernel-energy-stddev: 1.069577 [J]
kernel-energy-median: 84.446785 [J]
kernel-energy-min: 82.046345 [J]
kernel-energy-max: 84.537105 [J]
kernel-energy-samples: "82.046345 84.133740 84.446785 84.522395 84.537105"
Verification: PASS
