********** Results for MedianFilter**********
problem-size: 3072
local-size: 256
num-iters: 2000
core-freq: 472
memory-freq: 877
device-name: Tesla V100-SXM2-16GB
sycl-implementation: LLVM CUDA (Intel DPC++)
throughput-metric: N/A
kernel-time-mean: 1.609829 [s]
kernel-time-stddev: 0.000030 [s]
kernel-time-median: 1.609822 [s]
kernel-time-min: 1.609787 [s]
kernel-time-samples: "1.609787 1.609820 1.609822 1.609858 1.609859"
kernel-time-throughput: N/A
run-time-mean: 1.621679 [s]
run-time-stddev: 0.003857 [s]
run-time-median: 1.620819 [s]
run-time-min: 1.617128 [s]
run-time-samples: "1.617128 1.619146 1.620819 1.625486 1.625818"
run-time-throughput: N/A
kernel-energy-mean: 85.456279 [J]
kernel-energy-stddev: 0.767927 [J]
kernel-energy-median: 85.580685 [J]
kernel-energy-min: 84.135440 [J]
kernel-energy-max: 85.999245 [J]
kernel-energy-samples: "84.135440 85.570370 85.580685 85.995655 85.999245"
Verification: PASS
