********** Results for MedianFilter**********
problem-size: 3072
local-size: 256
num-iters: 2000
core-freq: 952
memory-freq: 877
device-name: Tesla V100-SXM2-16GB
sycl-implementation: LLVM CUDA (Intel DPC++)
throughput-metric: N/A
kernel-time-mean: 0.798446 [s]
kernel-time-stddev: 0.000012 [s]
kernel-time-median: 0.798442 [s]
kernel-time-min: 0.798429 [s]
kernel-time-samples: "0.798429 0.798442 0.798442 0.798456 0.798459"
kernel-time-throughput: N/A
run-time-mean: 0.810699 [s]
run-time-stddev: 0.001195 [s]
run-time-median: 0.810754 [s]
run-time-min: 0.808896 [s]
run-time-samples: "0.808896 0.810598 0.810754 0.811016 0.812230"
run-time-throughput: N/A
kernel-energy-mean: 76.104225 [J]
kernel-energy-stddev: 0.551778 [J]
kernel-energy-median: 76.004490 [J]
kernel-energy-min: 75.477815 [J]
kernel-energy-max: 76.992780 [J]
kernel-energy-samples: "75.477815 75.943075 76.004490 76.102965 76.992780"
Verification: PASS
