********** Results for MedianFilter**********
problem-size: 3072
local-size: 256
num-iters: 2000
core-freq: 660
memory-freq: 877
device-name: Tesla V100-SXM2-16GB
sycl-implementation: LLVM CUDA (Intel DPC++)
throughput-metric: N/A
kernel-time-mean: 1.150083 [s]
kernel-time-stddev: 0.005142 [s]
kernel-time-median: 1.152220 [s]
kernel-time-min: 1.140897 [s]
kernel-time-samples: "1.140897 1.152218 1.152220 1.152227 1.152852"
kernel-time-throughput: N/A
run-time-mean: 1.160969 [s]
run-time-stddev: 0.006876 [s]
run-time-median: 1.162677 [s]
run-time-min: 1.149617 [s]
run-time-samples: "1.149617 1.160417 1.162677 1.164474 1.167659"
run-time-throughput: N/A
kernel-energy-mean: 76.787886 [J]
kernel-energy-stddev: 0.730778 [J]
kernel-energy-median: 76.458300 [J]
kernel-energy-min: 76.190540 [J]
kernel-energy-max: 78.033235 [J]
kernel-energy-samples: "76.190540 76.442790 76.458300 76.814565 78.033235"
Verification: PASS
