********** Results for MedianFilter**********
problem-size: 3072
local-size: 256
num-iters: 2000
core-freq: 1057
memory-freq: 877
device-name: Tesla V100-SXM2-16GB
sycl-implementation: LLVM CUDA (Intel DPC++)
throughput-metric: N/A
kernel-time-mean: 0.719327 [s]
kernel-time-stddev: 0.000145 [s]
kernel-time-median: 0.719365 [s]
kernel-time-min: 0.719171 [s]
kernel-time-samples: "0.719171 0.719179 0.719365 0.719435 0.719485"
kernel-time-throughput: N/A
run-time-mean: 0.730897 [s]
run-time-stddev: 0.002972 [s]
run-time-median: 0.729199 [s]
run-time-min: 0.728684 [s]
run-time-samples: "0.728684 0.729188 0.729199 0.731609 0.735808"
run-time-throughput: N/A
kernel-energy-mean: 74.728391 [J]
kernel-energy-stddev: 0.786602 [J]
kernel-energy-median: 74.196765 [J]
kernel-energy-min: 74.122150 [J]
kernel-energy-max: 75.832285 [J]
kernel-energy-samples: "74.122150 74.195080 74.196765 75.295675 75.832285"
Verification: PASS
