********** Results for MedianFilter**********
problem-size: 3072
local-size: 256
num-iters: 2000
core-freq: 1365
memory-freq: 877
device-name: Tesla V100-SXM2-16GB
sycl-implementation: LLVM CUDA (Intel DPC++)
throughput-metric: N/A
kernel-time-mean: 0.554605 [s]
kernel-time-stddev: 0.000458 [s]
kernel-time-median: 0.554498 [s]
kernel-time-min: 0.554190 [s]
kernel-time-samples: "0.554190 0.554325 0.554498 0.554651 0.555363"
kernel-time-throughput: N/A
run-time-mean: 0.566391 [s]
run-time-stddev: 0.002333 [s]
run-time-median: 0.567703 [s]
run-time-min: 0.563051 [s]
run-time-samples: "0.563051 0.564834 0.567703 0.568013 0.568351"
run-time-throughput: N/A
kernel-energy-mean: 96.531827 [J]
kernel-energy-stddev: 1.788252 [J]
kernel-energy-median: 96.769255 [J]
kernel-energy-min: 93.485565 [J]
kernel-energy-max: 97.876140 [J]
kernel-energy-samples: "93.485565 96.727570 96.769255 97.800605 97.876140"
Verification: PASS
