********** Results for MedianFilter**********
problem-size: 3072
local-size: 256
num-iters: 2000
core-freq: 210
memory-freq: 877
device-name: Tesla V100-SXM2-16GB
sycl-implementation: LLVM CUDA (Intel DPC++)
throughput-metric: N/A
kernel-time-mean: 7.221368 [s]
kernel-time-stddev: 0.000689 [s]
kernel-time-median: 7.221438 [s]
kernel-time-min: 7.220393 [s]
kernel-time-samples: "7.220393 7.221008 7.221438 7.221916 7.222086"
kernel-time-throughput: N/A
run-time-mean: 7.233459 [s]
run-time-stddev: 0.003590 [s]
run-time-median: 7.231529 [s]
run-time-min: 7.231014 [s]
run-time-samples: "7.231014 7.231291 7.231529 7.233925 7.239537"
run-time-throughput: N/A
kernel-energy-mean: 152.188825 [J]
kernel-energy-stddev: 6.474221 [J]
kernel-energy-median: 148.910000 [J]
kernel-energy-min: 146.380925 [J]
kernel-energy-max: 161.015585 [J]
kernel-energy-samples: "146.380925 147.563060 148.910000 157.074555 161.015585"
Verification: PASS
