********** Results for MedianFilter**********
problem-size: 3072
local-size: 256
num-iters: 2000
core-freq: 1215
memory-freq: 877
device-name: Tesla V100-SXM2-16GB
sycl-implementation: LLVM CUDA (Intel DPC++)
throughput-metric: N/A
kernel-time-mean: 0.622409 [s]
kernel-time-stddev: 0.000117 [s]
kernel-time-median: 0.622409 [s]
kernel-time-min: 0.622251 [s]
kernel-time-samples: "0.622251 0.622358 0.622409 0.622463 0.622563"
kernel-time-throughput: N/A
run-time-mean: 0.634505 [s]
run-time-stddev: 0.000950 [s]
run-time-median: 0.634315 [s]
run-time-min: 0.633312 [s]
run-time-samples: "0.633312 0.634159 0.634315 0.634853 0.635887"
run-time-throughput: N/A
kernel-energy-mean: 88.563753 [J]
kernel-energy-stddev: 4.128541 [J]
kernel-energy-median: 90.311815 [J]
kernel-energy-min: 81.185775 [J]
kernel-energy-max: 90.681985 [J]
kernel-energy-samples: "81.185775 90.184945 90.311815 90.454245 90.681985"
Verification: PASS
