********** Results for MedianFilter**********
problem-size: 3072
local-size: 256
num-iters: 2000
core-freq: 1132
memory-freq: 877
device-name: Tesla V100-SXM2-16GB
sycl-implementation: LLVM CUDA (Intel DPC++)
throughput-metric: N/A
kernel-time-mean: 0.671563 [s]
kernel-time-stddev: 0.000008 [s]
kernel-time-median: 0.671568 [s]
kernel-time-min: 0.671554 [s]
kernel-time-samples: "0.671554 0.671556 0.671568 0.671569 0.671570"
kernel-time-throughput: N/A
run-time-mean: 0.682823 [s]
run-time-stddev: 0.001447 [s]
run-time-median: 0.682684 [s]
run-time-min: 0.681403 [s]
run-time-samples: "0.681403 0.681655 0.682684 0.683395 0.684978"
run-time-throughput: N/A
kernel-energy-mean: 81.545835 [J]
kernel-energy-stddev: 0.114999 [J]
kernel-energy-median: 81.512165 [J]
kernel-energy-min: 81.415035 [J]
kernel-energy-max: 81.713760 [J]
kernel-energy-samples: "81.415035 81.487310 81.512165 81.600905 81.713760"
Verification: PASS
