********** Results for MedianFilter**********
problem-size: 3072
local-size: 256
num-iters: 2000
core-freq: 1012
memory-freq: 877
device-name: Tesla V100-SXM2-16GB
sycl-implementation: LLVM CUDA (Intel DPC++)
throughput-metric: N/A
kernel-time-mean: 0.751311 [s]
kernel-time-stddev: 0.000100 [s]
kernel-time-median: 0.751352 [s]
kernel-time-min: 0.751132 [s]
kernel-time-samples: "0.751132 0.751342 0.751352 0.751363 0.751365"
kernel-time-throughput: N/A
run-time-mean: 0.763621 [s]
run-time-stddev: 0.002903 [s]
run-time-median: 0.763032 [s]
run-time-min: 0.759503 [s]
run-time-samples: "0.759503 0.762823 0.763032 0.765822 0.766927"
run-time-throughput: N/A
kernel-energy-mean: 71.426674 [J]
kernel-energy-stddev: 1.325413 [J]
kernel-energy-median: 71.496820 [J]
kernel-energy-min: 69.249815 [J]
kernel-energy-max: 72.562200 [J]
kernel-energy-samples: "69.249815 71.401280 71.496820 72.423255 72.562200"
Verification: PASS
