********** Results for MedianFilter**********
problem-size: 3072
local-size: 256
num-iters: 2000
core-freq: 1320
memory-freq: 877
device-name: Tesla V100-SXM2-16GB
sycl-implementation: LLVM CUDA (Intel DPC++)
throughput-metric: N/A
kernel-time-mean: 0.573658 [s]
kernel-time-stddev: 0.000328 [s]
kernel-time-median: 0.573619 [s]
kernel-time-min: 0.573339 [s]
kernel-time-samples: "0.573339 0.573404 0.573619 0.573771 0.574157"
kernel-time-throughput: N/A
run-time-mean: 0.585736 [s]
run-time-stddev: 0.001304 [s]
run-time-median: 0.585183 [s]
run-time-min: 0.584706 [s]
run-time-samples: "0.584706 0.584979 0.585183 0.585875 0.587936"
run-time-throughput: N/A
kernel-energy-mean: 90.875980 [J]
kernel-energy-stddev: 1.792144 [J]
kernel-energy-median: 91.451265 [J]
kernel-energy-min: 87.774835 [J]
kernel-energy-max: 92.204515 [J]
kernel-energy-samples: "87.774835 91.017875 91.451265 91.931410 92.204515"
Verification: PASS
