********** Results for MedianFilter**********
problem-size: 3072
local-size: 256
num-iters: 2000
core-freq: 1297
memory-freq: 877
device-name: Tesla V100-SXM2-16GB
sycl-implementation: LLVM CUDA (Intel DPC++)
throughput-metric: N/A
kernel-time-mean: 0.586129 [s]
kernel-time-stddev: 0.000005 [s]
kernel-time-median: 0.586129 [s]
kernel-time-min: 0.586122 [s]
kernel-time-samples: "0.586122 0.586126 0.586129 0.586133 0.586135"
kernel-time-throughput: N/A
run-time-mean: 0.600278 [s]
run-time-stddev: 0.005556 [s]
run-time-median: 0.598958 [s]
run-time-min: 0.595215 [s]
run-time-samples: "0.595215 0.595504 0.598958 0.603501 0.608211"
run-time-throughput: N/A
kernel-energy-mean: 88.916853 [J]
kernel-energy-stddev: 1.897352 [J]
kernel-energy-median: 88.628945 [J]
kernel-energy-min: 86.704415 [J]
kernel-energy-max: 91.319175 [J]
kernel-energy-samples: "86.704415 87.615670 88.628945 90.316060 91.319175"
Verification: PASS
