********** Results for MedianFilter**********
problem-size: 3072
local-size: 256
num-iters: 2000
core-freq: 802
memory-freq: 877
device-name: Tesla V100-SXM2-16GB
sycl-implementation: LLVM CUDA (Intel DPC++)
throughput-metric: N/A
kernel-time-mean: 0.947773 [s]
kernel-time-stddev: 0.000018 [s]
kernel-time-median: 0.947778 [s]
kernel-time-min: 0.947745 [s]
kernel-time-samples: "0.947745 0.947766 0.947778 0.947783 0.947793"
kernel-time-throughput: N/A
run-time-mean: 0.958271 [s]
run-time-stddev: 0.001100 [s]
run-time-median: 0.958272 [s]
run-time-min: 0.956615 [s]
run-time-samples: "0.956615 0.958103 0.958272 0.958732 0.959633"
run-time-throughput: N/A
kernel-energy-mean: 79.462797 [J]
kernel-energy-stddev: 0.940047 [J]
kernel-energy-median: 79.644790 [J]
kernel-energy-min: 77.914370 [J]
kernel-energy-max: 80.315045 [J]
kernel-energy-samples: "77.914370 79.369545 79.644790 80.070235 80.315045"
Verification: PASS
