********** Results for MedianFilter**********
problem-size: 3072
local-size: 256
num-iters: 2000
core-freq: 637
memory-freq: 877
device-name: Tesla V100-SXM2-16GB
sycl-implementation: LLVM CUDA (Intel DPC++)
throughput-metric: N/A
kernel-time-mean: 1.195810 [s]
kernel-time-stddev: 0.000372 [s]
kernel-time-median: 1.195655 [s]
kernel-time-min: 1.195595 [s]
kernel-time-samples: "1.195595 1.195646 1.195655 1.195683 1.196472"
kernel-time-throughput: N/A
run-time-mean: 1.204521 [s]
run-time-stddev: 0.000485 [s]
run-time-median: 1.204355 [s]
run-time-min: 1.204147 [s]
run-time-samples: "1.204147 1.204225 1.204355 1.204528 1.205350"
run-time-throughput: N/A
kernel-energy-mean: 74.488861 [J]
kernel-energy-stddev: 0.199053 [J]
kernel-energy-median: 74.375985 [J]
kernel-energy-min: 74.313335 [J]
kernel-energy-max: 74.761205 [J]
kernel-energy-samples: "74.313335 74.354345 74.375985 74.639435 74.761205"
Verification: PASS
