********** Results for MedianFilter**********
problem-size: 3072
local-size: 256
num-iters: 2000
core-freq: 1477
memory-freq: 877
device-name: Tesla V100-SXM2-16GB
sycl-implementation: LLVM CUDA (Intel DPC++)
throughput-metric: N/A
kernel-time-mean: 0.514774 [s]
kernel-time-stddev: 0.000009 [s]
kernel-time-median: 0.514771 [s]
kernel-time-min: 0.514767 [s]
kernel-time-samples: "0.514767 0.514768 0.514771 0.514776 0.514790"
kernel-time-throughput: N/A
run-time-mean: 0.529285 [s]
run-time-stddev: 0.004181 [s]
run-time-median: 0.528047 [s]
run-time-min: 0.523919 [s]
run-time-samples: "0.523919 0.527552 0.528047 0.532492 0.534412"
run-time-throughput: N/A
kernel-energy-mean: 103.349859 [J]
kernel-energy-stddev: 2.618329 [J]
kernel-energy-median: 104.720875 [J]
kernel-energy-min: 99.583105 [J]
kernel-energy-max: 105.668710 [J]
kernel-energy-samples: "99.583105 101.659945 104.720875 105.116660 105.668710"
Verification: PASS
