********** Results for MedianFilter**********
problem-size: 3072
local-size: 256
num-iters: 2000
core-freq: 622
memory-freq: 877
device-name: Tesla V100-SXM2-16GB
sycl-implementation: LLVM CUDA (Intel DPC++)
throughput-metric: N/A
kernel-time-mean: 1.222462 [s]
kernel-time-stddev: 0.000328 [s]
kernel-time-median: 1.222325 [s]
kernel-time-min: 1.222270 [s]
kernel-time-samples: "1.222270 1.222314 1.222325 1.222353 1.223046"
kernel-time-throughput: N/A
run-time-mean: 1.233930 [s]
run-time-stddev: 0.002486 [s]
run-time-median: 1.235203 [s]
run-time-min: 1.230623 [s]
run-time-samples: "1.230623 1.231961 1.235203 1.235565 1.236298"
run-time-throughput: N/A
kernel-energy-mean: 75.328339 [J]
kernel-energy-stddev: 0.080851 [J]
kernel-energy-median: 75.350660 [J]
kernel-energy-min: 75.241140 [J]
kernel-energy-max: 75.413890 [J]
kernel-energy-samples: "75.241140 75.245500 75.350660 75.390505 75.413890"
Verification: PASS
