********** Results for MedianFilter**********
problem-size: 3072
local-size: 256
num-iters: 2000
core-freq: 1177
memory-freq: 877
device-name: Tesla V100-SXM2-16GB
sycl-implementation: LLVM CUDA (Intel DPC++)
throughput-metric: N/A
kernel-time-mean: 0.645929 [s]
kernel-time-stddev: 0.000014 [s]
kernel-time-median: 0.645925 [s]
kernel-time-min: 0.645915 [s]
kernel-time-samples: "0.645915 0.645917 0.645925 0.645941 0.645945"
kernel-time-throughput: N/A
run-time-mean: 0.657845 [s]
run-time-stddev: 0.002269 [s]
run-time-median: 0.659160 [s]
run-time-min: 0.655370 [s]
run-time-samples: "0.655370 0.655380 0.659160 0.659453 0.659863"
run-time-throughput: N/A
kernel-energy-mean: 83.451301 [J]
kernel-energy-stddev: 0.882003 [J]
kernel-energy-median: 83.073605 [J]
kernel-energy-min: 82.570400 [J]
kernel-energy-max: 84.397860 [J]
kernel-energy-samples: "82.570400 82.817250 83.073605 84.397390 84.397860"
Verification: PASS
