********** Results for MedianFilter**********
problem-size: 3072
local-size: 256
num-iters: 2000
core-freq: 502
memory-freq: 877
device-name: Tesla V100-SXM2-16GB
sycl-implementation: LLVM CUDA (Intel DPC++)
throughput-metric: N/A
kernel-time-mean: 1.517021 [s]
kernel-time-stddev: 0.001763 [s]
kernel-time-median: 1.517822 [s]
kernel-time-min: 1.513869 [s]
kernel-time-samples: "1.513869 1.517715 1.517822 1.517836 1.517863"
kernel-time-throughput: N/A
run-time-mean: 1.526272 [s]
run-time-stddev: 0.002187 [s]
run-time-median: 1.527040 [s]
run-time-min: 1.523085 [s]
run-time-samples: "1.523085 1.525049 1.527040 1.527741 1.528447"
run-time-throughput: N/A
kernel-energy-mean: 83.913054 [J]
kernel-energy-stddev: 0.425448 [J]
kernel-energy-median: 84.090995 [J]
kernel-energy-min: 83.153925 [J]
kernel-energy-max: 84.140710 [J]
kernel-energy-samples: "83.153925 84.060105 84.090995 84.119535 84.140710"
Verification: PASS
