********** Results for MedianFilter**********
problem-size: 3072
local-size: 256
num-iters: 2000
core-freq: 532
memory-freq: 877
device-name: Tesla V100-SXM2-16GB
sycl-implementation: LLVM CUDA (Intel DPC++)
throughput-metric: N/A
kernel-time-mean: 1.428933 [s]
kernel-time-stddev: 0.000603 [s]
kernel-time-median: 1.428505 [s]
kernel-time-min: 1.428498 [s]
kernel-time-samples: "1.428498 1.428501 1.428505 1.429415 1.429749"
kernel-time-throughput: N/A
run-time-mean: 1.440810 [s]
run-time-stddev: 0.004143 [s]
run-time-median: 1.439643 [s]
run-time-min: 1.436177 [s]
run-time-samples: "1.436177 1.438785 1.439643 1.442367 1.447080"
run-time-throughput: N/A
kernel-energy-mean: 80.967833 [J]
kernel-energy-stddev: 1.151367 [J]
kernel-energy-median: 80.771050 [J]
kernel-energy-min: 79.718575 [J]
kernel-energy-max: 82.863775 [J]
kernel-energy-samples: "79.718575 80.682015 80.771050 80.803750 82.863775"
Verification: PASS
