********** Results for MedianFilter**********
problem-size: 3072
local-size: 256
num-iters: 2000
core-freq: 945
memory-freq: 877
device-name: Tesla V100-SXM2-16GB
sycl-implementation: LLVM CUDA (Intel DPC++)
throughput-metric: N/A
kernel-time-mean: 0.804975 [s]
kernel-time-stddev: 0.000299 [s]
kernel-time-median: 0.804840 [s]
kernel-time-min: 0.804835 [s]
kernel-time-samples: "0.804835 0.804839 0.804840 0.804852 0.805509"
kernel-time-throughput: N/A
run-time-mean: 0.816037 [s]
run-time-stddev: 0.002759 [s]
run-time-median: 0.815369 [s]
run-time-min: 0.813998 [s]
run-time-samples: "0.813998 0.814346 0.815369 0.815657 0.820817"
run-time-throughput: N/A
kernel-energy-mean: 73.751670 [J]
kernel-energy-stddev: 0.118899 [J]
kernel-energy-median: 73.814635 [J]
kernel-energy-min: 73.565525 [J]
kernel-energy-max: 73.851995 [J]
kernel-energy-samples: "73.565525 73.701425 73.814635 73.824770 73.851995"
Verification: PASS
