********** Results for MedianFilter**********
problem-size: 3072
local-size: 256
num-iters: 2000
core-freq: 517
memory-freq: 877
device-name: Tesla V100-SXM2-16GB
sycl-implementation: LLVM CUDA (Intel DPC++)
throughput-metric: N/A
kernel-time-mean: 1.469809 [s]
kernel-time-stddev: 0.000719 [s]
kernel-time-median: 1.469489 [s]
kernel-time-min: 1.469481 [s]
kernel-time-samples: "1.469481 1.469485 1.469489 1.469492 1.471095"
kernel-time-throughput: N/A
run-time-mean: 1.480197 [s]
run-time-stddev: 0.001878 [s]
run-time-median: 1.480657 [s]
run-time-min: 1.477675 [s]
run-time-samples: "1.477675 1.479121 1.480657 1.480917 1.482617"
run-time-throughput: N/A
kernel-energy-mean: 78.919499 [J]
kernel-energy-stddev: 0.675522 [J]
kernel-energy-median: 79.163330 [J]
kernel-energy-min: 77.734415 [J]
kernel-energy-max: 79.437860 [J]
kernel-energy-samples: "77.734415 79.090155 79.163330 79.171735 79.437860"
Verification: PASS
