********** Results for MedianFilter**********
problem-size: 3072
local-size: 256
num-iters: 2000
core-freq: 847
memory-freq: 877
device-name: Tesla V100-SXM2-16GB
sycl-implementation: LLVM CUDA (Intel DPC++)
throughput-metric: N/A
kernel-time-mean: 0.897687 [s]
kernel-time-stddev: 0.000350 [s]
kernel-time-median: 0.897910 [s]
kernel-time-min: 0.897303 [s]
kernel-time-samples: "0.897303 0.897307 0.897910 0.897929 0.897986"
kernel-time-throughput: N/A
run-time-mean: 0.907710 [s]
run-time-stddev: 0.001678 [s]
run-time-median: 0.907556 [s]
run-time-min: 0.905689 [s]
run-time-samples: "0.905689 0.907160 0.907556 0.907819 0.910325"
run-time-throughput: N/A
kernel-energy-mean: 76.363442 [J]
kernel-energy-stddev: 0.660873 [J]
kernel-energy-median: 76.625630 [J]
kernel-energy-min: 75.249660 [J]
kernel-energy-max: 76.861330 [J]
kernel-energy-samples: "75.249660 76.287995 76.625630 76.792595 76.861330"
Verification: PASS
