********** Results for MedianFilter**********
problem-size: 3072
local-size: 256
num-iters: 2000
core-freq: 157
memory-freq: 877
device-name: Tesla V100-SXM2-16GB
sycl-implementation: LLVM CUDA (Intel DPC++)
throughput-metric: N/A
kernel-time-mean: 6.732988 [s]
kernel-time-stddev: 0.007792 [s]
kernel-time-median: 6.729645 [s]
kernel-time-min: 6.728916 [s]
kernel-time-samples: "6.728916 6.729543 6.729645 6.729927 6.746911"
kernel-time-throughput: N/A
run-time-mean: 6.749317 [s]
run-time-stddev: 0.009853 [s]
run-time-median: 6.746647 [s]
run-time-min: 6.740625 [s]
run-time-samples: "6.740625 6.746169 6.746647 6.746814 6.766330"
run-time-throughput: N/A
kernel-energy-mean: 159.163626 [J]
kernel-energy-stddev: 0.626688 [J]
kernel-energy-median: 159.292530 [J]
kernel-energy-min: 158.146120 [J]
kernel-energy-max: 159.779700 [J]
kernel-energy-samples: "158.146120 159.073690 159.292530 159.526090 159.779700"
Verification: PASS
