********** Results for MedianFilter**********
problem-size: 3072
local-size: 256
num-iters: 2000
core-freq: 1162
memory-freq: 877
device-name: Tesla V100-SXM2-16GB
sycl-implementation: LLVM CUDA (Intel DPC++)
throughput-metric: N/A
kernel-time-mean: 0.654297 [s]
kernel-time-stddev: 0.000263 [s]
kernel-time-median: 0.654183 [s]
kernel-time-min: 0.654170 [s]
kernel-time-samples: "0.654170 0.654173 0.654183 0.654188 0.654768"
kernel-time-throughput: N/A
run-time-mean: 0.666503 [s]
run-time-stddev: 0.000913 [s]
run-time-median: 0.666663 [s]
run-time-min: 0.665309 [s]
run-time-samples: "0.665309 0.665853 0.666663 0.667190 0.667499"
run-time-throughput: N/A
kernel-energy-mean: 83.572718 [J]
kernel-energy-stddev: 0.595667 [J]
kernel-energy-median: 83.479730 [J]
kernel-energy-min: 82.709335 [J]
kernel-energy-max: 84.171160 [J]
kernel-energy-samples: "82.709335 83.403105 83.479730 84.100260 84.171160"
Verification: PASS
