********** Results for MedianFilter**********
problem-size: 3072
local-size: 256
num-iters: 2000
core-freq: 345
memory-freq: 877
device-name: Tesla V100-SXM2-16GB
sycl-implementation: LLVM CUDA (Intel DPC++)
throughput-metric: N/A
kernel-time-mean: 3.451966 [s]
kernel-time-stddev: 0.000812 [s]
kernel-time-median: 3.452403 [s]
kernel-time-min: 3.450859 [s]
kernel-time-samples: "3.450859 3.451353 3.452403 3.452516 3.452701"
kernel-time-throughput: N/A
run-time-mean: 3.464708 [s]
run-time-stddev: 0.004949 [s]
run-time-median: 3.464441 [s]
run-time-min: 3.459622 [s]
run-time-samples: "3.459622 3.460484 3.464441 3.467455 3.471537"
run-time-throughput: N/A
kernel-energy-mean: 93.996359 [J]
kernel-energy-stddev: 0.151567 [J]
kernel-energy-median: 93.912855 [J]
kernel-energy-min: 93.860905 [J]
kernel-energy-max: 94.178300 [J]
kernel-energy-samples: "93.860905 93.886840 93.912855 94.142895 94.178300"
Verification: PASS
