********** Results for MedianFilter**********
problem-size: 3072
local-size: 256
num-iters: 2000
core-freq: 607
memory-freq: 877
device-name: Tesla V100-SXM2-16GB
sycl-implementation: LLVM CUDA (Intel DPC++)
throughput-metric: N/A
kernel-time-mean: 1.251959 [s]
kernel-time-stddev: 0.000367 [s]
kernel-time-median: 1.251806 [s]
kernel-time-min: 1.251781 [s]
kernel-time-samples: "1.251781 1.251783 1.251806 1.251811 1.252615"
kernel-time-throughput: N/A
run-time-mean: 1.262820 [s]
run-time-stddev: 0.002169 [s]
run-time-median: 1.261993 [s]
run-time-min: 1.261226 [s]
run-time-samples: "1.261226 1.261561 1.261993 1.262761 1.266561"
run-time-throughput: N/A
kernel-energy-mean: 76.149889 [J]
kernel-energy-stddev: 0.316472 [J]
kernel-energy-median: 76.045445 [J]
kernel-energy-min: 75.951630 [J]
kernel-energy-max: 76.710650 [J]
kernel-energy-samples: "75.951630 75.984435 76.045445 76.057285 76.710650"
Verification: PASS
