********** Results for MedianFilter**********
problem-size: 3072
local-size: 256
num-iters: 2000
core-freq: 930
memory-freq: 877
device-name: Tesla V100-SXM2-16GB
sycl-implementation: LLVM CUDA (Intel DPC++)
throughput-metric: N/A
kernel-time-mean: 0.816633 [s]
kernel-time-stddev: 0.002387 [s]
kernel-time-median: 0.817701 [s]
kernel-time-min: 0.812363 [s]
kernel-time-samples: "0.812363 0.817699 0.817701 0.817701 0.817701"
kernel-time-throughput: N/A
run-time-mean: 0.827620 [s]
run-time-stddev: 0.003325 [s]
run-time-median: 0.827444 [s]
run-time-min: 0.823298 [s]
run-time-samples: "0.823298 0.825906 0.827444 0.829449 0.832005"
run-time-throughput: N/A
kernel-energy-mean: 75.507280 [J]
kernel-energy-stddev: 1.342919 [J]
kernel-energy-median: 75.956890 [J]
kernel-energy-min: 73.136530 [J]
kernel-energy-max: 76.464175 [J]
kernel-energy-samples: "73.136530 75.916655 75.956890 76.062150 76.464175"
Verification: PASS
