********** Results for MedianFilter**********
problem-size: 3072
local-size: 256
num-iters: 2000
core-freq: 1357
memory-freq: 877
device-name: Tesla V100-SXM2-16GB
sycl-implementation: LLVM CUDA (Intel DPC++)
throughput-metric: N/A
kernel-time-mean: 0.560242 [s]
kernel-time-stddev: 0.000009 [s]
kernel-time-median: 0.560240 [s]
kernel-time-min: 0.560236 [s]
kernel-time-samples: "0.560236 0.560238 0.560240 0.560242 0.560257"
kernel-time-throughput: N/A
run-time-mean: 0.572201 [s]
run-time-stddev: 0.001972 [s]
run-time-median: 0.572760 [s]
run-time-min: 0.569366 [s]
run-time-samples: "0.569366 0.571105 0.572760 0.573493 0.574282"
run-time-throughput: N/A
kernel-energy-mean: 89.866783 [J]
kernel-energy-stddev: 0.958649 [J]
kernel-energy-median: 90.246405 [J]
kernel-energy-min: 88.159490 [J]
kernel-energy-max: 90.418970 [J]
kernel-energy-samples: "88.159490 90.178780 90.246405 90.330270 90.418970"
Verification: PASS
