********** Results for MedianFilter**********
problem-size: 3072
local-size: 256
num-iters: 2000
core-freq: 870
memory-freq: 877
device-name: Tesla V100-SXM2-16GB
sycl-implementation: LLVM CUDA (Intel DPC++)
throughput-metric: N/A
kernel-time-mean: 0.872957 [s]
kernel-time-stddev: 0.002767 [s]
kernel-time-median: 0.874188 [s]
kernel-time-min: 0.868007 [s]
kernel-time-samples: "0.868007 0.874174 0.874188 0.874206 0.874211"
kernel-time-throughput: N/A
run-time-mean: 0.886819 [s]
run-time-stddev: 0.002589 [s]
run-time-median: 0.885927 [s]
run-time-min: 0.884904 [s]
run-time-samples: "0.884904 0.885322 0.885927 0.886638 0.891301"
run-time-throughput: N/A
kernel-energy-mean: 68.928599 [J]
kernel-energy-stddev: 0.269081 [J]
kernel-energy-median: 68.889385 [J]
kernel-energy-min: 68.712560 [J]
kernel-energy-max: 69.385885 [J]
kernel-energy-samples: "68.712560 68.750480 68.889385 68.904685 69.385885"
Verification: PASS
