********** Results for MedianFilter**********
problem-size: 3072
local-size: 256
num-iters: 2000
core-freq: 907
memory-freq: 877
device-name: Tesla V100-SXM2-16GB
sycl-implementation: LLVM CUDA (Intel DPC++)
throughput-metric: N/A
kernel-time-mean: 0.838191 [s]
kernel-time-stddev: 0.000281 [s]
kernel-time-median: 0.838058 [s]
kernel-time-min: 0.838052 [s]
kernel-time-samples: "0.838052 0.838056 0.838058 0.838097 0.838693"
kernel-time-throughput: N/A
run-time-mean: 0.849395 [s]
run-time-stddev: 0.001923 [s]
run-time-median: 0.849386 [s]
run-time-min: 0.847048 [s]
run-time-samples: "0.847048 0.847966 0.849386 0.851072 0.851501"
run-time-throughput: N/A
kernel-energy-mean: 75.295058 [J]
kernel-energy-stddev: 1.089595 [J]
kernel-energy-median: 75.691120 [J]
kernel-energy-min: 73.442750 [J]
kernel-energy-max: 76.278130 [J]
kernel-energy-samples: "73.442750 75.328445 75.691120 75.734845 76.278130"
Verification: PASS
