********** Results for Merse Twister**********
problem-size: 524288
local-size: 256
num-iters: 50000
core-freq: 157
memory-freq: 877
device-name: Tesla V100-SXM2-16GB
sycl-implementation: LLVM CUDA (Intel DPC++)
throughput-metric: N/A
kernel-time-mean: 4.420047 [s]
kernel-time-stddev: 0.001594 [s]
kernel-time-median: 4.420483 [s]
kernel-time-min: 4.417693 [s]
kernel-time-samples: "4.417693 4.419348 4.420483 4.420844 4.421867"
kernel-time-throughput: N/A
run-time-mean: 4.432757 [s]
run-time-stddev: 0.004390 [s]
run-time-median: 4.431602 [s]
run-time-min: 4.428756 [s]
run-time-samples: "4.428756 4.429070 4.431602 4.435297 4.439058"
run-time-throughput: N/A
kernel-energy-mean: 63.053541 [J]
kernel-energy-stddev: 0.203230 [J]
kernel-energy-median: 63.185035 [J]
kernel-energy-min: 62.726690 [J]
kernel-energy-max: 63.187420 [J]
kernel-energy-samples: "62.726690 62.981145 63.185035 63.187415 63.187420"
Verification: PASS
