********** Results for Merse Twister**********
problem-size: 524288
local-size: 256
num-iters: 50000
core-freq: 900
memory-freq: 877
device-name: Tesla V100-SXM2-16GB
sycl-implementation: LLVM CUDA (Intel DPC++)
throughput-metric: N/A
kernel-time-mean: 0.534479 [s]
kernel-time-stddev: 0.000350 [s]
kernel-time-median: 0.534338 [s]
kernel-time-min: 0.534284 [s]
kernel-time-samples: "0.534284 0.534286 0.534338 0.534386 0.535099"
kernel-time-throughput: N/A
run-time-mean: 0.545309 [s]
run-time-stddev: 0.001910 [s]
run-time-median: 0.545262 [s]
run-time-min: 0.543344 [s]
run-time-samples: "0.543344 0.544128 0.545262 0.545451 0.548360"
run-time-throughput: N/A
kernel-energy-mean: 51.027911 [J]
kernel-energy-stddev: 1.572552 [J]
kernel-energy-median: 51.629730 [J]
kernel-energy-min: 48.302665 [J]
kernel-energy-max: 52.287280 [J]
kernel-energy-samples: "48.302665 51.192340 51.629730 51.727540 52.287280"
Verification: PASS
