********** Results for Merse Twister**********
problem-size: 524288
local-size: 256
num-iters: 50000
core-freq: 382
memory-freq: 877
device-name: Tesla V100-SXM2-16GB
sycl-implementation: LLVM CUDA (Intel DPC++)
throughput-metric: N/A
kernel-time-mean: 2.207502 [s]
kernel-time-stddev: 0.000872 [s]
kernel-time-median: 2.206902 [s]
kernel-time-min: 2.206801 [s]
kernel-time-samples: "2.206801 2.206897 2.206902 2.208398 2.208511"
kernel-time-throughput: N/A
run-time-mean: 2.219084 [s]
run-time-stddev: 0.003859 [s]
run-time-median: 2.218829 [s]
run-time-min: 2.214962 [s]
run-time-samples: "2.214962 2.216757 2.218829 2.219733 2.225138"
run-time-throughput: N/A
kernel-energy-mean: 67.246271 [J]
kernel-energy-stddev: 0.187051 [J]
kernel-energy-median: 67.314160 [J]
kernel-energy-min: 66.913970 [J]
kernel-energy-max: 67.364190 [J]
kernel-energy-samples: "66.913970 67.307590 67.314160 67.331445 67.364190"
Verification: PASS
