********** Results for Merse Twister**********
problem-size: 524288
local-size: 256
num-iters: 50000
core-freq: 1515
memory-freq: 877
device-name: Tesla V100-SXM2-16GB
sycl-implementation: LLVM CUDA (Intel DPC++)
throughput-metric: N/A
kernel-time-mean: 0.313165 [s]
kernel-time-stddev: 0.021601 [s]
kernel-time-median: 0.328075 [s]
kernel-time-min: 0.289073 [s]
kernel-time-samples: "0.289073 0.289953 0.328075 0.329032 0.329692"
kernel-time-throughput: N/A
run-time-mean: 0.326628 [s]
run-time-stddev: 0.020141 [s]
run-time-median: 0.337186 [s]
run-time-min: 0.304309 [s]
run-time-samples: "0.304309 0.305203 0.337186 0.341915 0.344527"
run-time-throughput: N/A
kernel-energy-mean: 63.254295 [J]
kernel-energy-stddev: 2.727007 [J]
kernel-energy-median: 62.616420 [J]
kernel-energy-min: 59.401570 [J]
kernel-energy-max: 66.374600 [J]
kernel-energy-samples: "59.401570 62.557280 62.616420 65.321605 66.374600"
Verification: PASS
