********** Results for Merse Twister**********
problem-size: 524288
local-size: 256
num-iters: 50000
core-freq: 637
memory-freq: 877
device-name: Tesla V100-SXM2-16GB
sycl-implementation: LLVM CUDA (Intel DPC++)
throughput-metric: N/A
kernel-time-mean: 0.679365 [s]
kernel-time-stddev: 0.041950 [s]
kernel-time-median: 0.660406 [s]
kernel-time-min: 0.660382 [s]
kernel-time-samples: "0.660382 0.660385 0.660406 0.661247 0.754405"
kernel-time-throughput: N/A
run-time-mean: 0.693139 [s]
run-time-stddev: 0.040721 [s]
run-time-median: 0.676531 [s]
run-time-min: 0.670840 [s]
run-time-samples: "0.670840 0.674539 0.676531 0.677958 0.765826"
run-time-throughput: N/A
kernel-energy-mean: 49.490148 [J]
kernel-energy-stddev: 2.228176 [J]
kernel-energy-median: 48.637890 [J]
kernel-energy-min: 47.882380 [J]
kernel-energy-max: 53.283560 [J]
kernel-energy-samples: "47.882380 48.026940 48.637890 49.619970 53.283560"
Verification: PASS
