********** Results for Merse Twister**********
problem-size: 524288
local-size: 256
num-iters: 50000
core-freq: 1350
memory-freq: 877
device-name: Tesla V100-SXM2-16GB
sycl-implementation: LLVM CUDA (Intel DPC++)
throughput-metric: N/A
kernel-time-mean: 0.354777 [s]
kernel-time-stddev: 0.000183 [s]
kernel-time-median: 0.354824 [s]
kernel-time-min: 0.354507 [s]
kernel-time-samples: "0.354507 0.354690 0.354824 0.354904 0.354962"
kernel-time-throughput: N/A
run-time-mean: 0.365131 [s]
run-time-stddev: 0.001598 [s]
run-time-median: 0.364393 [s]
run-time-min: 0.364309 [s]
run-time-samples: "0.364309 0.364319 0.364393 0.364658 0.367979"
run-time-throughput: N/A
kernel-energy-mean: 59.706438 [J]
kernel-energy-stddev: 2.566406 [J]
kernel-energy-median: 60.655430 [J]
kernel-energy-min: 55.218935 [J]
kernel-energy-max: 61.575035 [J]
kernel-energy-samples: "55.218935 60.082305 60.655430 61.000485 61.575035"
Verification: PASS
