********** Results for Merse Twister**********
problem-size: 524288
local-size: 256
num-iters: 50000
core-freq: 1275
memory-freq: 877
device-name: Tesla V100-SXM2-16GB
sycl-implementation: LLVM CUDA (Intel DPC++)
throughput-metric: N/A
kernel-time-mean: 0.365936 [s]
kernel-time-stddev: 0.020899 [s]
kernel-time-median: 0.375135 [s]
kernel-time-min: 0.328552 [s]
kernel-time-samples: "0.328552 0.375087 0.375135 0.375412 0.375496"
kernel-time-throughput: N/A
run-time-mean: 0.378376 [s]
run-time-stddev: 0.021804 [s]
run-time-median: 0.386187 [s]
run-time-min: 0.339709 [s]
run-time-samples: "0.339709 0.384330 0.386187 0.390680 0.390975"
run-time-throughput: N/A
kernel-energy-mean: 54.475782 [J]
kernel-energy-stddev: 1.924823 [J]
kernel-energy-median: 55.555345 [J]
kernel-energy-min: 52.158380 [J]
kernel-energy-max: 56.255340 [J]
kernel-energy-samples: "52.158380 52.628470 55.555345 55.781375 56.255340"
Verification: PASS
