********** Results for Merse Twister**********
problem-size: 524288
local-size: 256
num-iters: 50000
core-freq: 1230
memory-freq: 877
device-name: Tesla V100-SXM2-16GB
sycl-implementation: LLVM CUDA (Intel DPC++)
throughput-metric: N/A
kernel-time-mean: 0.359847 [s]
kernel-time-stddev: 0.026652 [s]
kernel-time-median: 0.340548 [s]
kernel-time-min: 0.340245 [s]
kernel-time-samples: "0.340245 0.340359 0.340548 0.388885 0.389199"
kernel-time-throughput: N/A
run-time-mean: 0.371338 [s]
run-time-stddev: 0.026715 [s]
run-time-median: 0.353865 [s]
run-time-min: 0.350502 [s]
run-time-samples: "0.350502 0.351183 0.353865 0.400444 0.400696"
run-time-throughput: N/A
kernel-energy-mean: 50.856443 [J]
kernel-energy-stddev: 1.724746 [J]
kernel-energy-median: 50.137235 [J]
kernel-energy-min: 49.935050 [J]
kernel-energy-max: 53.935370 [J]
kernel-energy-samples: "49.935050 50.040890 50.137235 50.233670 53.935370"
Verification: PASS
