********** Results for Merse Twister**********
problem-size: 524288
local-size: 256
num-iters: 50000
core-freq: 1365
memory-freq: 877
device-name: Tesla V100-SXM2-16GB
sycl-implementation: LLVM CUDA (Intel DPC++)
throughput-metric: N/A
kernel-time-mean: 0.351050 [s]
kernel-time-stddev: 0.000174 [s]
kernel-time-median: 0.351082 [s]
kernel-time-min: 0.350801 [s]
kernel-time-samples: "0.350801 0.350973 0.351082 0.351131 0.351264"
kernel-time-throughput: N/A
run-time-mean: 0.363206 [s]
run-time-stddev: 0.003709 [s]
run-time-median: 0.361569 [s]
run-time-min: 0.360406 [s]
run-time-samples: "0.360406 0.360806 0.361569 0.363851 0.369396"
run-time-throughput: N/A
kernel-energy-mean: 60.410988 [J]
kernel-energy-stddev: 0.504778 [J]
kernel-energy-median: 60.339915 [J]
kernel-energy-min: 59.761975 [J]
kernel-energy-max: 61.085010 [J]
kernel-energy-samples: "59.761975 60.171755 60.339915 60.696285 61.085010"
Verification: PASS
