********** Results for Merse Twister**********
problem-size: 524288
local-size: 256
num-iters: 50000
core-freq: 1050
memory-freq: 877
device-name: Tesla V100-SXM2-16GB
sycl-implementation: LLVM CUDA (Intel DPC++)
throughput-metric: N/A
kernel-time-mean: 0.432423 [s]
kernel-time-stddev: 0.031009 [s]
kernel-time-median: 0.455004 [s]
kernel-time-min: 0.398448 [s]
kernel-time-samples: "0.398448 0.398460 0.455004 0.455036 0.455167"
kernel-time-throughput: N/A
run-time-mean: 0.448846 [s]
run-time-stddev: 0.026704 [s]
run-time-median: 0.463570 [s]
run-time-min: 0.419938 [s]
run-time-samples: "0.419938 0.420082 0.463570 0.465298 0.475342"
run-time-throughput: N/A
kernel-energy-mean: 46.698005 [J]
kernel-energy-stddev: 1.776240 [J]
kernel-energy-median: 47.493030 [J]
kernel-energy-min: 44.733225 [J]
kernel-energy-max: 48.393980 [J]
kernel-energy-samples: "44.733225 44.836005 47.493030 48.033785 48.393980"
Verification: PASS
