********** Results for Merse Twister**********
problem-size: 524288
local-size: 256
num-iters: 50000
core-freq: 870
memory-freq: 877
device-name: Tesla V100-SXM2-16GB
sycl-implementation: LLVM CUDA (Intel DPC++)
throughput-metric: N/A
kernel-time-mean: 0.552698 [s]
kernel-time-stddev: 0.000013 [s]
kernel-time-median: 0.552705 [s]
kernel-time-min: 0.552682 [s]
kernel-time-samples: "0.552682 0.552686 0.552705 0.552706 0.552710"
kernel-time-throughput: N/A
run-time-mean: 0.567208 [s]
run-time-stddev: 0.003911 [s]
run-time-median: 0.565028 [s]
run-time-min: 0.563913 [s]
run-time-samples: "0.563913 0.564178 0.565028 0.571112 0.571807"
run-time-throughput: N/A
kernel-energy-mean: 47.956789 [J]
kernel-energy-stddev: 0.234290 [J]
kernel-energy-median: 47.989635 [J]
kernel-energy-min: 47.588510 [J]
kernel-energy-max: 48.241980 [J]
kernel-energy-samples: "47.588510 47.970450 47.989635 47.993370 48.241980"
Verification: PASS
