********** Results for Merse Twister**********
problem-size: 524288
local-size: 256
num-iters: 50000
core-freq: 420
memory-freq: 877
device-name: Tesla V100-SXM2-16GB
sycl-implementation: LLVM CUDA (Intel DPC++)
throughput-metric: N/A
kernel-time-mean: 2.208356 [s]
kernel-time-stddev: 0.000670 [s]
kernel-time-median: 2.208138 [s]
kernel-time-min: 2.207611 [s]
kernel-time-samples: "2.207611 2.207915 2.208138 2.208979 2.209138"
kernel-time-throughput: N/A
run-time-mean: 2.219646 [s]
run-time-stddev: 0.001917 [s]
run-time-median: 2.220182 [s]
run-time-min: 2.217042 [s]
run-time-samples: "2.217042 2.218607 2.220182 2.220269 2.222131"
run-time-throughput: N/A
kernel-energy-mean: 65.772225 [J]
kernel-energy-stddev: 2.038654 [J]
kernel-energy-median: 66.005815 [J]
kernel-energy-min: 63.417825 [J]
kernel-energy-max: 68.187990 [J]
kernel-energy-samples: "63.417825 64.020495 66.005815 67.229000 68.187990"
Verification: PASS
