********** Results for Merse Twister**********
problem-size: 524288
local-size: 256
num-iters: 50000
core-freq: 307
memory-freq: 877
device-name: Tesla V100-SXM2-16GB
sycl-implementation: LLVM CUDA (Intel DPC++)
throughput-metric: N/A
kernel-time-mean: 2.207867 [s]
kernel-time-stddev: 0.001076 [s]
kernel-time-median: 2.208257 [s]
kernel-time-min: 2.206597 [s]
kernel-time-samples: "2.206597 2.206845 2.208257 2.208746 2.208891"
kernel-time-throughput: N/A
run-time-mean: 2.223662 [s]
run-time-stddev: 0.003808 [s]
run-time-median: 2.223872 [s]
run-time-min: 2.218767 [s]
run-time-samples: "2.218767 2.221014 2.223872 2.227109 2.227547"
run-time-throughput: N/A
kernel-energy-mean: 67.273557 [J]
kernel-energy-stddev: 0.115621 [J]
kernel-energy-median: 67.287855 [J]
kernel-energy-min: 67.095155 [J]
kernel-energy-max: 67.409570 [J]
kernel-energy-samples: "67.095155 67.251915 67.287855 67.323290 67.409570"
Verification: PASS
