********** Results for Merse Twister**********
problem-size: 524288
local-size: 256
num-iters: 50000
core-freq: 990
memory-freq: 877
device-name: Tesla V100-SXM2-16GB
sycl-implementation: LLVM CUDA (Intel DPC++)
throughput-metric: N/A
kernel-time-mean: 0.484378 [s]
kernel-time-stddev: 0.001265 [s]
kernel-time-median: 0.483939 [s]
kernel-time-min: 0.483112 [s]
kernel-time-samples: "0.483112 0.483389 0.483939 0.485694 0.485754"
kernel-time-throughput: N/A
run-time-mean: 0.494644 [s]
run-time-stddev: 0.001721 [s]
run-time-median: 0.494532 [s]
run-time-min: 0.492732 [s]
run-time-samples: "0.492732 0.493872 0.494532 0.494686 0.497399"
run-time-throughput: N/A
kernel-energy-mean: 44.538032 [J]
kernel-energy-stddev: 4.362689 [J]
kernel-energy-median: 45.959150 [J]
kernel-energy-min: 36.907920 [J]
kernel-energy-max: 47.439190 [J]
kernel-energy-samples: "36.907920 45.190345 45.959150 47.193555 47.439190"
Verification: PASS
