********** Results for Merse Twister**********
problem-size: 524288
local-size: 256
num-iters: 50000
core-freq: 525
memory-freq: 877
device-name: Tesla V100-SXM2-16GB
sycl-implementation: LLVM CUDA (Intel DPC++)
throughput-metric: N/A
kernel-time-mean: 0.847575 [s]
kernel-time-stddev: 0.062493 [s]
kernel-time-median: 0.801952 [s]
kernel-time-min: 0.801914 [s]
kernel-time-samples: "0.801914 0.801943 0.801952 0.915960 0.916105"
kernel-time-throughput: N/A
run-time-mean: 0.859774 [s]
run-time-stddev: 0.060430 [s]
run-time-median: 0.821909 [s]
run-time-min: 0.812476 [s]
run-time-samples: "0.812476 0.812809 0.821909 0.924866 0.926809"
run-time-throughput: N/A
kernel-energy-mean: 41.748173 [J]
kernel-energy-stddev: 2.564055 [J]
kernel-energy-median: 39.967830 [J]
kernel-energy-min: 39.703625 [J]
kernel-energy-max: 44.565950 [J]
kernel-energy-samples: "39.703625 39.960365 39.967830 44.543095 44.565950"
Verification: PASS
