********** Results for Merse Twister**********
problem-size: 524288
local-size: 256
num-iters: 50000
core-freq: 1110
memory-freq: 877
device-name: Tesla V100-SXM2-16GB
sycl-implementation: LLVM CUDA (Intel DPC++)
throughput-metric: N/A
kernel-time-mean: 0.430545 [s]
kernel-time-stddev: 0.000254 [s]
kernel-time-median: 0.430450 [s]
kernel-time-min: 0.430345 [s]
kernel-time-samples: "0.430345 0.430418 0.430450 0.430529 0.430983"
kernel-time-throughput: N/A
run-time-mean: 0.445071 [s]
run-time-stddev: 0.004760 [s]
run-time-median: 0.442401 [s]
run-time-min: 0.441106 [s]
run-time-samples: "0.441106 0.441400 0.442401 0.449462 0.450987"
run-time-throughput: N/A
kernel-energy-mean: 50.373238 [J]
kernel-energy-stddev: 0.406610 [J]
kernel-energy-median: 50.253015 [J]
kernel-energy-min: 49.979985 [J]
kernel-energy-max: 50.891475 [J]
kernel-energy-samples: "49.979985 50.036460 50.253015 50.705255 50.891475"
Verification: PASS
