********** Results for Merse Twister**********
problem-size: 524288
local-size: 256
num-iters: 50000
core-freq: 1267
memory-freq: 877
device-name: Tesla V100-SXM2-16GB
sycl-implementation: LLVM CUDA (Intel DPC++)
throughput-metric: N/A
kernel-time-mean: 0.369977 [s]
kernel-time-stddev: 0.021073 [s]
kernel-time-median: 0.379361 [s]
kernel-time-min: 0.332280 [s]
kernel-time-samples: "0.332280 0.379359 0.379361 0.379393 0.379490"
kernel-time-throughput: N/A
run-time-mean: 0.379474 [s]
run-time-stddev: 0.021961 [s]
run-time-median: 0.387804 [s]
run-time-min: 0.340305 [s]
run-time-samples: "0.340305 0.387569 0.387804 0.390036 0.391658"
run-time-throughput: N/A
kernel-energy-mean: 53.931279 [J]
kernel-energy-stddev: 3.255963 [J]
kernel-energy-median: 54.947945 [J]
kernel-energy-min: 48.220610 [J]
kernel-energy-max: 56.315345 [J]
kernel-energy-samples: "48.220610 54.634505 54.947945 55.537990 56.315345"
Verification: PASS
