********** Results for Merse Twister**********
problem-size: 524288
local-size: 256
num-iters: 50000
core-freq: 367
memory-freq: 877
device-name: Tesla V100-SXM2-16GB
sycl-implementation: LLVM CUDA (Intel DPC++)
throughput-metric: N/A
kernel-time-mean: 2.146590 [s]
kernel-time-stddev: 0.000551 [s]
kernel-time-median: 2.146750 [s]
kernel-time-min: 2.145991 [s]
kernel-time-samples: "2.145991 2.146058 2.146750 2.146884 2.147269"
kernel-time-throughput: N/A
run-time-mean: 2.157159 [s]
run-time-stddev: 0.003714 [s]
run-time-median: 2.156742 [s]
run-time-min: 2.153828 [s]
run-time-samples: "2.153828 2.154684 2.156742 2.157236 2.163306"
run-time-throughput: N/A
kernel-energy-mean: 65.211017 [J]
kernel-energy-stddev: 1.990297 [J]
kernel-energy-median: 65.963190 [J]
kernel-energy-min: 61.661090 [J]
kernel-energy-max: 66.271900 [J]
kernel-energy-samples: "61.661090 65.931895 65.963190 66.227010 66.271900"
Verification: PASS
