********** Results for Merse Twister**********
problem-size: 524288
local-size: 256
num-iters: 50000
core-freq: 1425
memory-freq: 877
device-name: Tesla V100-SXM2-16GB
sycl-implementation: LLVM CUDA (Intel DPC++)
throughput-metric: N/A
kernel-time-mean: 0.335901 [s]
kernel-time-stddev: 0.000175 [s]
kernel-time-median: 0.335844 [s]
kernel-time-min: 0.335771 [s]
kernel-time-samples: "0.335771 0.335818 0.335844 0.335866 0.336207"
kernel-time-throughput: N/A
run-time-mean: 0.347752 [s]
run-time-stddev: 0.001375 [s]
run-time-median: 0.348053 [s]
run-time-min: 0.345421 [s]
run-time-samples: "0.345421 0.348025 0.348053 0.348174 0.349088"
run-time-throughput: N/A
kernel-energy-mean: 64.025465 [J]
kernel-energy-stddev: 2.448916 [J]
kernel-energy-median: 65.051075 [J]
kernel-energy-min: 59.649950 [J]
kernel-energy-max: 65.282725 [J]
kernel-energy-samples: "59.649950 64.968175 65.051075 65.175400 65.282725"
Verification: PASS
