********** Results for Merse Twister**********
problem-size: 524288
local-size: 256
num-iters: 50000
core-freq: 457
memory-freq: 877
device-name: Tesla V100-SXM2-16GB
sycl-implementation: LLVM CUDA (Intel DPC++)
throughput-metric: N/A
kernel-time-mean: 1.053835 [s]
kernel-time-stddev: 0.000370 [s]
kernel-time-median: 1.053741 [s]
kernel-time-min: 1.053490 [s]
kernel-time-samples: "1.053490 1.053614 1.053741 1.053887 1.054443"
kernel-time-throughput: N/A
run-time-mean: 1.062530 [s]
run-time-stddev: 0.001147 [s]
run-time-median: 1.062015 [s]
run-time-min: 1.061336 [s]
run-time-samples: "1.061336 1.061824 1.062015 1.063460 1.064016"
run-time-throughput: N/A
kernel-energy-mean: 46.403907 [J]
kernel-energy-stddev: 0.256334 [J]
kernel-energy-median: 46.472300 [J]
kernel-energy-min: 45.960190 [J]
kernel-energy-max: 46.611745 [J]
kernel-energy-samples: "45.960190 46.442690 46.472300 46.532610 46.611745"
Verification: PASS
