********** Results for Merse Twister**********
problem-size: 524288
local-size: 256
num-iters: 50000
core-freq: 765
memory-freq: 877
device-name: Tesla V100-SXM2-16GB
sycl-implementation: LLVM CUDA (Intel DPC++)
throughput-metric: N/A
kernel-time-mean: 0.628604 [s]
kernel-time-stddev: 0.000014 [s]
kernel-time-median: 0.628603 [s]
kernel-time-min: 0.628585 [s]
kernel-time-samples: "0.628585 0.628598 0.628603 0.628616 0.628618"
kernel-time-throughput: N/A
run-time-mean: 0.641193 [s]
run-time-stddev: 0.002849 [s]
run-time-median: 0.641114 [s]
run-time-min: 0.637493 [s]
run-time-samples: "0.637493 0.640690 0.641114 0.641169 0.645497"
run-time-throughput: N/A
kernel-energy-mean: 49.387545 [J]
kernel-energy-stddev: 0.205830 [J]
kernel-energy-median: 49.351520 [J]
kernel-energy-min: 49.175760 [J]
kernel-energy-max: 49.690910 [J]
kernel-energy-samples: "49.175760 49.237825 49.351520 49.481710 49.690910"
Verification: PASS
