********** Results for Merse Twister**********
problem-size: 524288
local-size: 256
num-iters: 50000
core-freq: 1132
memory-freq: 877
device-name: Tesla V100-SXM2-16GB
sycl-implementation: LLVM CUDA (Intel DPC++)
throughput-metric: N/A
kernel-time-mean: 0.424761 [s]
kernel-time-stddev: 0.000295 [s]
kernel-time-median: 0.424633 [s]
kernel-time-min: 0.424614 [s]
kernel-time-samples: "0.424614 0.424630 0.424633 0.424637 0.425288"
kernel-time-throughput: N/A
run-time-mean: 0.435740 [s]
run-time-stddev: 0.002274 [s]
run-time-median: 0.436263 [s]
run-time-min: 0.433504 [s]
run-time-samples: "0.433504 0.433537 0.436263 0.436500 0.438899"
run-time-throughput: N/A
kernel-energy-mean: 49.850555 [J]
kernel-energy-stddev: 0.817974 [J]
kernel-energy-median: 49.989585 [J]
kernel-energy-min: 48.772855 [J]
kernel-energy-max: 50.630620 [J]
kernel-energy-samples: "48.772855 49.268615 49.989585 50.591100 50.630620"
Verification: PASS
