********** Results for Merse Twister**********
problem-size: 524288
local-size: 256
num-iters: 50000
core-freq: 885
memory-freq: 877
device-name: Tesla V100-SXM2-16GB
sycl-implementation: LLVM CUDA (Intel DPC++)
throughput-metric: N/A
kernel-time-mean: 0.530063 [s]
kernel-time-stddev: 0.030385 [s]
kernel-time-median: 0.543488 [s]
kernel-time-min: 0.475711 [s]
kernel-time-samples: "0.475711 0.543439 0.543488 0.543496 0.544178"
kernel-time-throughput: N/A
run-time-mean: 0.540478 [s]
run-time-stddev: 0.031885 [s]
run-time-median: 0.554759 [s]
run-time-min: 0.483486 [s]
run-time-samples: "0.483486 0.552646 0.554759 0.555747 0.555752"
run-time-throughput: N/A
kernel-energy-mean: 47.536326 [J]
kernel-energy-stddev: 1.588317 [J]
kernel-energy-median: 48.177185 [J]
kernel-energy-min: 44.702270 [J]
kernel-energy-max: 48.375275 [J]
kernel-energy-samples: "44.702270 48.095985 48.177185 48.330915 48.375275"
Verification: PASS
