********** Results for Merse Twister**********
problem-size: 524288
local-size: 256
num-iters: 50000
core-freq: 750
memory-freq: 877
device-name: Tesla V100-SXM2-16GB
sycl-implementation: LLVM CUDA (Intel DPC++)
throughput-metric: N/A
kernel-time-mean: 0.641199 [s]
kernel-time-stddev: 0.000043 [s]
kernel-time-median: 0.641191 [s]
kernel-time-min: 0.641147 [s]
kernel-time-samples: "0.641147 0.641171 0.641191 0.641242 0.641243"
kernel-time-throughput: N/A
run-time-mean: 0.650721 [s]
run-time-stddev: 0.001055 [s]
run-time-median: 0.650193 [s]
run-time-min: 0.649777 [s]
run-time-samples: "0.649777 0.649912 0.650193 0.651745 0.651979"
run-time-throughput: N/A
kernel-energy-mean: 49.699152 [J]
kernel-energy-stddev: 0.252698 [J]
kernel-energy-median: 49.681030 [J]
kernel-energy-min: 49.448170 [J]
kernel-energy-max: 50.023575 [J]
kernel-energy-samples: "49.448170 49.464945 49.681030 49.878040 50.023575"
Verification: PASS
