********** Results for Merse Twister**********
problem-size: 524288
local-size: 256
num-iters: 50000
core-freq: 187
memory-freq: 877
device-name: Tesla V100-SXM2-16GB
sycl-implementation: LLVM CUDA (Intel DPC++)
throughput-metric: N/A
kernel-time-mean: 4.386368 [s]
kernel-time-stddev: 0.009726 [s]
kernel-time-median: 4.382000 [s]
kernel-time-min: 4.380486 [s]
kernel-time-samples: "4.380486 4.380744 4.382000 4.385165 4.403445"
kernel-time-throughput: N/A
run-time-mean: 4.400156 [s]
run-time-stddev: 0.009675 [s]
run-time-median: 4.398168 [s]
run-time-min: 4.390842 [s]
run-time-samples: "4.390842 4.395199 4.398168 4.400316 4.416254"
run-time-throughput: N/A
kernel-energy-mean: 71.042148 [J]
kernel-energy-stddev: 0.261183 [J]
kernel-energy-median: 71.107690 [J]
kernel-energy-min: 70.635800 [J]
kernel-energy-max: 71.349760 [J]
kernel-energy-samples: "70.635800 70.994415 71.107690 71.123075 71.349760"
Verification: PASS
