********** Results for Merse Twister**********
problem-size: 524288
local-size: 256
num-iters: 50000
core-freq: 1155
memory-freq: 877
device-name: Tesla V100-SXM2-16GB
sycl-implementation: LLVM CUDA (Intel DPC++)
throughput-metric: N/A
kernel-time-mean: 0.372808 [s]
kernel-time-stddev: 0.023079 [s]
kernel-time-median: 0.362554 [s]
kernel-time-min: 0.362285 [s]
kernel-time-samples: "0.362285 0.362416 0.362554 0.362693 0.414092"
kernel-time-throughput: N/A
run-time-mean: 0.384904 [s]
run-time-stddev: 0.023339 [s]
run-time-median: 0.373453 [s]
run-time-min: 0.372041 [s]
run-time-samples: "0.372041 0.372895 0.373453 0.379848 0.426286"
run-time-throughput: N/A
kernel-energy-mean: 49.679131 [J]
kernel-energy-stddev: 1.326873 [J]
kernel-energy-median: 49.354980 [J]
kernel-energy-min: 48.542045 [J]
kernel-energy-max: 51.974930 [J]
kernel-energy-samples: "48.542045 49.149190 49.354980 49.374510 51.974930"
Verification: PASS
