********** Results for Merse Twister**********
problem-size: 524288
local-size: 256
num-iters: 50000
core-freq: 1005
memory-freq: 877
device-name: Tesla V100-SXM2-16GB
sycl-implementation: LLVM CUDA (Intel DPC++)
throughput-metric: N/A
kernel-time-mean: 0.463559 [s]
kernel-time-stddev: 0.026492 [s]
kernel-time-median: 0.475406 [s]
kernel-time-min: 0.416170 [s]
kernel-time-samples: "0.416170 0.475164 0.475406 0.475443 0.475612"
kernel-time-throughput: N/A
run-time-mean: 0.475242 [s]
run-time-stddev: 0.027654 [s]
run-time-median: 0.484982 [s]
run-time-min: 0.426337 [s]
run-time-samples: "0.426337 0.483415 0.484982 0.487173 0.494302"
run-time-throughput: N/A
kernel-energy-mean: 46.868774 [J]
kernel-energy-stddev: 1.986726 [J]
kernel-energy-median: 47.589810 [J]
kernel-energy-min: 44.144685 [J]
kernel-energy-max: 48.780045 [J]
kernel-energy-samples: "44.144685 45.467150 47.589810 48.362180 48.780045"
Verification: PASS
