********** Results for Merse Twister**********
problem-size: 524288
local-size: 256
num-iters: 50000
core-freq: 952
memory-freq: 877
device-name: Tesla V100-SXM2-16GB
sycl-implementation: LLVM CUDA (Intel DPC++)
throughput-metric: N/A
kernel-time-mean: 0.479650 [s]
kernel-time-stddev: 0.034444 [s]
kernel-time-median: 0.504794 [s]
kernel-time-min: 0.441899 [s]
kernel-time-samples: "0.441899 0.441938 0.504794 0.504807 0.504809"
kernel-time-throughput: N/A
run-time-mean: 0.492553 [s]
run-time-stddev: 0.034097 [s]
run-time-median: 0.516091 [s]
run-time-min: 0.454330 [s]
run-time-samples: "0.454330 0.456139 0.516091 0.516689 0.519515"
run-time-throughput: N/A
kernel-energy-mean: 45.728837 [J]
kernel-energy-stddev: 1.592141 [J]
kernel-energy-median: 46.763905 [J]
kernel-energy-min: 43.948745 [J]
kernel-energy-max: 47.058600 [J]
kernel-energy-samples: "43.948745 44.029285 46.763905 46.843650 47.058600"
Verification: PASS
