********** Results for Merse Twister**********
problem-size: 524288
local-size: 256
num-iters: 50000
core-freq: 892
memory-freq: 877
device-name: Tesla V100-SXM2-16GB
sycl-implementation: LLVM CUDA (Intel DPC++)
throughput-metric: N/A
kernel-time-mean: 0.538796 [s]
kernel-time-stddev: 0.000011 [s]
kernel-time-median: 0.538802 [s]
kernel-time-min: 0.538781 [s]
kernel-time-samples: "0.538781 0.538788 0.538802 0.538805 0.538806"
kernel-time-throughput: N/A
run-time-mean: 0.550570 [s]
run-time-stddev: 0.002975 [s]
run-time-median: 0.550302 [s]
run-time-min: 0.547500 [s]
run-time-samples: "0.547500 0.548147 0.550302 0.552137 0.554763"
run-time-throughput: N/A
kernel-energy-mean: 47.414169 [J]
kernel-energy-stddev: 0.231131 [J]
kernel-energy-median: 47.513660 [J]
kernel-energy-min: 47.076525 [J]
kernel-energy-max: 47.641335 [J]
kernel-energy-samples: "47.076525 47.281605 47.513660 47.557720 47.641335"
Verification: PASS
