********** Results for Merse Twister**********
problem-size: 524288
local-size: 256
num-iters: 50000
core-freq: 1057
memory-freq: 877
device-name: Tesla V100-SXM2-16GB
sycl-implementation: LLVM CUDA (Intel DPC++)
throughput-metric: N/A
kernel-time-mean: 0.454738 [s]
kernel-time-stddev: 0.000036 [s]
kernel-time-median: 0.454744 [s]
kernel-time-min: 0.454691 [s]
kernel-time-samples: "0.454691 0.454711 0.454744 0.454764 0.454778"
kernel-time-throughput: N/A
run-time-mean: 0.464699 [s]
run-time-stddev: 0.001116 [s]
run-time-median: 0.464233 [s]
run-time-min: 0.463976 [s]
run-time-samples: "0.463976 0.464052 0.464233 0.464585 0.466650"
run-time-throughput: N/A
kernel-energy-mean: 48.127388 [J]
kernel-energy-stddev: 0.158778 [J]
kernel-energy-median: 48.180285 [J]
kernel-energy-min: 47.904210 [J]
kernel-energy-max: 48.316445 [J]
kernel-energy-samples: "47.904210 48.039525 48.180285 48.196475 48.316445"
Verification: PASS
