********** Results for Merse Twister**********
problem-size: 524288
local-size: 256
num-iters: 50000
core-freq: 270
memory-freq: 877
device-name: Tesla V100-SXM2-16GB
sycl-implementation: LLVM CUDA (Intel DPC++)
throughput-metric: N/A
kernel-time-mean: 2.149787 [s]
kernel-time-stddev: 0.001058 [s]
kernel-time-median: 2.149295 [s]
kernel-time-min: 2.149192 [s]
kernel-time-samples: "2.149192 2.149282 2.149295 2.149496 2.151670"
kernel-time-throughput: N/A
run-time-mean: 2.160246 [s]
run-time-stddev: 0.002279 [s]
run-time-median: 2.159454 [s]
run-time-min: 2.158054 [s]
run-time-samples: "2.158054 2.158393 2.159454 2.162339 2.162991"
run-time-throughput: N/A
kernel-energy-mean: 66.861191 [J]
kernel-energy-stddev: 0.129960 [J]
kernel-energy-median: 66.934960 [J]
kernel-energy-min: 66.716235 [J]
kernel-energy-max: 66.971125 [J]
kernel-energy-samples: "66.716235 66.722930 66.934960 66.960705 66.971125"
Verification: PASS
