********** Results for Merse Twister**********
problem-size: 524288
local-size: 256
num-iters: 50000
core-freq: 1530
memory-freq: 877
device-name: Tesla V100-SXM2-16GB
sycl-implementation: LLVM CUDA (Intel DPC++)
throughput-metric: N/A
kernel-time-mean: 0.295827 [s]
kernel-time-stddev: 0.017788 [s]
kernel-time-median: 0.288440 [s]
kernel-time-min: 0.286884 [s]
kernel-time-samples: "0.286884 0.287513 0.288440 0.288676 0.327622"
kernel-time-throughput: N/A
run-time-mean: 0.309491 [s]
run-time-stddev: 0.018085 [s]
run-time-median: 0.303177 [s]
run-time-min: 0.296459 [s]
run-time-samples: "0.296459 0.302083 0.303177 0.304353 0.341386"
run-time-throughput: N/A
kernel-energy-mean: 61.291254 [J]
kernel-energy-stddev: 4.947209 [J]
kernel-energy-median: 63.555700 [J]
kernel-energy-min: 54.796900 [J]
kernel-energy-max: 66.347465 [J]
kernel-energy-samples: "54.796900 57.364665 63.555700 64.391540 66.347465"
Verification: PASS
