********** Results for Merse Twister**********
problem-size: 524288
local-size: 256
num-iters: 50000
core-freq: 1215
memory-freq: 877
device-name: Tesla V100-SXM2-16GB
sycl-implementation: LLVM CUDA (Intel DPC++)
throughput-metric: N/A
kernel-time-mean: 0.393677 [s]
kernel-time-stddev: 0.000185 [s]
kernel-time-median: 0.393648 [s]
kernel-time-min: 0.393405 [s]
kernel-time-samples: "0.393405 0.393637 0.393648 0.393818 0.393879"
kernel-time-throughput: N/A
run-time-mean: 0.408182 [s]
run-time-stddev: 0.004215 [s]
run-time-median: 0.410046 [s]
run-time-min: 0.401707 [s]
run-time-samples: "0.401707 0.406237 0.410046 0.411008 0.411912"
run-time-throughput: N/A
kernel-energy-mean: 54.462123 [J]
kernel-energy-stddev: 0.348808 [J]
kernel-energy-median: 54.464100 [J]
kernel-energy-min: 53.986110 [J]
kernel-energy-max: 54.820710 [J]
kernel-energy-samples: "53.986110 54.270020 54.464100 54.769675 54.820710"
Verification: PASS
