********** Results for Merse Twister**********
problem-size: 524288
local-size: 256
num-iters: 50000
core-freq: 1027
memory-freq: 877
device-name: Tesla V100-SXM2-16GB
sycl-implementation: LLVM CUDA (Intel DPC++)
throughput-metric: N/A
kernel-time-mean: 0.456326 [s]
kernel-time-stddev: 0.026084 [s]
kernel-time-median: 0.467976 [s]
kernel-time-min: 0.409666 [s]
kernel-time-samples: "0.409666 0.467957 0.467976 0.468008 0.468025"
kernel-time-throughput: N/A
run-time-mean: 0.470065 [s]
run-time-stddev: 0.023626 [s]
run-time-median: 0.480728 [s]
run-time-min: 0.428006 [s]
run-time-samples: "0.428006 0.477122 0.480728 0.480804 0.483666"
run-time-throughput: N/A
kernel-energy-mean: 46.266470 [J]
kernel-energy-stddev: 1.907207 [J]
kernel-energy-median: 47.409475 [J]
kernel-energy-min: 43.813135 [J]
kernel-energy-max: 48.008160 [J]
kernel-energy-samples: "43.813135 44.619370 47.409475 47.482210 48.008160"
Verification: PASS
