********** Results for Merse Twister**********
problem-size: 524288
local-size: 256
num-iters: 50000
core-freq: 945
memory-freq: 877
device-name: Tesla V100-SXM2-16GB
sycl-implementation: LLVM CUDA (Intel DPC++)
throughput-metric: N/A
kernel-time-mean: 0.458237 [s]
kernel-time-stddev: 0.028268 [s]
kernel-time-median: 0.445450 [s]
kernel-time-min: 0.445402 [s]
kernel-time-samples: "0.445402 0.445406 0.445450 0.446124 0.508802"
kernel-time-throughput: N/A
run-time-mean: 0.471109 [s]
run-time-stddev: 0.026385 [s]
run-time-median: 0.462945 [s]
run-time-min: 0.453822 [s]
run-time-samples: "0.453822 0.456136 0.462945 0.465074 0.517570"
run-time-throughput: N/A
kernel-energy-mean: 44.645704 [J]
kernel-energy-stddev: 1.330178 [J]
kernel-energy-median: 44.063895 [J]
kernel-energy-min: 43.985395 [J]
kernel-energy-max: 47.022490 [J]
kernel-energy-samples: "43.985395 44.007195 44.063895 44.149545 47.022490"
Verification: PASS
