********** Results for Merse Twister**********
problem-size: 524288
local-size: 256
num-iters: 50000
core-freq: 405
memory-freq: 877
device-name: Tesla V100-SXM2-16GB
sycl-implementation: LLVM CUDA (Intel DPC++)
throughput-metric: N/A
kernel-time-mean: 2.150362 [s]
kernel-time-stddev: 0.000602 [s]
kernel-time-median: 2.150145 [s]
kernel-time-min: 2.149934 [s]
kernel-time-samples: "2.149934 2.149992 2.150145 2.150337 2.151401"
kernel-time-throughput: N/A
run-time-mean: 2.162844 [s]
run-time-stddev: 0.002574 [s]
run-time-median: 2.164381 [s]
run-time-min: 2.159585 [s]
run-time-samples: "2.159585 2.160534 2.164381 2.164718 2.165003"
run-time-throughput: N/A
kernel-energy-mean: 66.561142 [J]
kernel-energy-stddev: 0.611545 [J]
kernel-energy-median: 66.823245 [J]
kernel-energy-min: 65.502015 [J]
kernel-energy-max: 66.985200 [J]
kernel-energy-samples: "65.502015 66.580110 66.823245 66.915140 66.985200"
Verification: PASS
