********** Results for Merse Twister**********
problem-size: 524288
local-size: 256
num-iters: 50000
core-freq: 277
memory-freq: 877
device-name: Tesla V100-SXM2-16GB
sycl-implementation: LLVM CUDA (Intel DPC++)
throughput-metric: N/A
kernel-time-mean: 2.187935 [s]
kernel-time-stddev: 0.000803 [s]
kernel-time-median: 2.187474 [s]
kernel-time-min: 2.187216 [s]
kernel-time-samples: "2.187216 2.187374 2.187474 2.188710 2.188902"
kernel-time-throughput: N/A
run-time-mean: 2.198029 [s]
run-time-stddev: 0.001699 [s]
run-time-median: 2.198475 [s]
run-time-min: 2.195652 [s]
run-time-samples: "2.195652 2.197270 2.198475 2.198507 2.200240"
run-time-throughput: N/A
kernel-energy-mean: 71.127839 [J]
kernel-energy-stddev: 0.397047 [J]
kernel-energy-median: 71.027145 [J]
kernel-energy-min: 70.701530 [J]
kernel-energy-max: 71.766065 [J]
kernel-energy-samples: "70.701530 70.960000 71.027145 71.184455 71.766065"
Verification: PASS
