********** Results for Merse Twister**********
problem-size: 524288
local-size: 256
num-iters: 50000
core-freq: 1372
memory-freq: 877
device-name: Tesla V100-SXM2-16GB
sycl-implementation: LLVM CUDA (Intel DPC++)
throughput-metric: N/A
kernel-time-mean: 0.333015 [s]
kernel-time-stddev: 0.023742 [s]
kernel-time-median: 0.350336 [s]
kernel-time-min: 0.306681 [s]
kernel-time-samples: "0.306681 0.307337 0.350336 0.350347 0.350377"
kernel-time-throughput: N/A
run-time-mean: 0.346619 [s]
run-time-stddev: 0.024553 [s]
run-time-median: 0.360363 [s]
run-time-min: 0.316140 [s]
run-time-samples: "0.316140 0.324199 0.360363 0.362706 0.369685"
run-time-throughput: N/A
kernel-energy-mean: 61.268930 [J]
kernel-energy-stddev: 2.208620 [J]
kernel-energy-median: 62.268295 [J]
kernel-energy-min: 58.704565 [J]
kernel-energy-max: 63.323760 [J]
kernel-energy-samples: "58.704565 59.075295 62.268295 62.972735 63.323760"
Verification: PASS
