********** Results for Merse Twister**********
problem-size: 524288
local-size: 256
num-iters: 50000
core-freq: 1207
memory-freq: 877
device-name: Tesla V100-SXM2-16GB
sycl-implementation: LLVM CUDA (Intel DPC++)
throughput-metric: N/A
kernel-time-mean: 0.378377 [s]
kernel-time-stddev: 0.027188 [s]
kernel-time-median: 0.398206 [s]
kernel-time-min: 0.348592 [s]
kernel-time-samples: "0.348592 0.348595 0.398206 0.398208 0.398283"
kernel-time-throughput: N/A
run-time-mean: 0.391473 [s]
run-time-stddev: 0.027850 [s]
run-time-median: 0.407963 [s]
run-time-min: 0.361054 [s]
run-time-samples: "0.361054 0.361092 0.407963 0.413046 0.414207"
run-time-throughput: N/A
kernel-energy-mean: 52.086765 [J]
kernel-energy-stddev: 1.616183 [J]
kernel-energy-median: 51.655360 [J]
kernel-energy-min: 50.888255 [J]
kernel-energy-max: 54.919175 [J]
kernel-energy-samples: "50.888255 51.285380 51.655360 51.685655 54.919175"
Verification: PASS
