********** Results for Merse Twister**********
problem-size: 524288
local-size: 256
num-iters: 50000
core-freq: 1477
memory-freq: 877
device-name: Tesla V100-SXM2-16GB
sycl-implementation: LLVM CUDA (Intel DPC++)
throughput-metric: N/A
kernel-time-mean: 0.298548 [s]
kernel-time-stddev: 0.018521 [s]
kernel-time-median: 0.290890 [s]
kernel-time-min: 0.288993 [s]
kernel-time-samples: "0.288993 0.290161 0.290890 0.291047 0.331648"
kernel-time-throughput: N/A
run-time-mean: 0.309511 [s]
run-time-stddev: 0.018995 [s]
run-time-median: 0.303583 [s]
run-time-min: 0.298201 [s]
run-time-samples: "0.298201 0.298995 0.303583 0.303586 0.343193"
run-time-throughput: N/A
kernel-energy-mean: 62.517165 [J]
kernel-energy-stddev: 4.211260 [J]
kernel-energy-median: 62.932175 [J]
kernel-energy-min: 55.963605 [J]
kernel-energy-max: 67.568500 [J]
kernel-energy-samples: "55.963605 62.135990 62.932175 63.985555 67.568500"
Verification: PASS
