********** Results for Merse Twister**********
problem-size: 524288
local-size: 256
num-iters: 50000
core-freq: 1335
memory-freq: 877
device-name: Tesla V100-SXM2-16GB
sycl-implementation: LLVM CUDA (Intel DPC++)
throughput-metric: N/A
kernel-time-mean: 0.358484 [s]
kernel-time-stddev: 0.000200 [s]
kernel-time-median: 0.358477 [s]
kernel-time-min: 0.358220 [s]
kernel-time-samples: "0.358220 0.358371 0.358477 0.358633 0.358719"
kernel-time-throughput: N/A
run-time-mean: 0.372201 [s]
run-time-stddev: 0.003463 [s]
run-time-median: 0.371297 [s]
run-time-min: 0.368285 [s]
run-time-samples: "0.368285 0.369816 0.371297 0.375517 0.376089"
run-time-throughput: N/A
kernel-energy-mean: 59.107582 [J]
kernel-energy-stddev: 1.521641 [J]
kernel-energy-median: 58.901870 [J]
kernel-energy-min: 56.932890 [J]
kernel-energy-max: 60.914100 [J]
kernel-energy-samples: "56.932890 58.665900 58.901870 60.123150 60.914100"
Verification: PASS
