********** Results for Merse Twister**********
problem-size: 524288
local-size: 256
num-iters: 50000
core-freq: 960
memory-freq: 877
device-name: Tesla V100-SXM2-16GB
sycl-implementation: LLVM CUDA (Intel DPC++)
throughput-metric: N/A
kernel-time-mean: 0.500995 [s]
kernel-time-stddev: 0.000053 [s]
kernel-time-median: 0.501012 [s]
kernel-time-min: 0.500903 [s]
kernel-time-samples: "0.500903 0.501003 0.501012 0.501026 0.501033"
kernel-time-throughput: N/A
run-time-mean: 0.510051 [s]
run-time-stddev: 0.001012 [s]
run-time-median: 0.510039 [s]
run-time-min: 0.509050 [s]
run-time-samples: "0.509050 0.509149 0.510039 0.510540 0.511480"
run-time-throughput: N/A
kernel-energy-mean: 50.652344 [J]
kernel-energy-stddev: 0.217973 [J]
kernel-energy-median: 50.597600 [J]
kernel-energy-min: 50.454575 [J]
kernel-energy-max: 50.988355 [J]
kernel-energy-samples: "50.454575 50.484995 50.597600 50.736195 50.988355"
Verification: PASS
