********** Results for Merse Twister**********
problem-size: 524288
local-size: 256
num-iters: 50000
core-freq: 1117
memory-freq: 877
device-name: Tesla V100-SXM2-16GB
sycl-implementation: LLVM CUDA (Intel DPC++)
throughput-metric: N/A
kernel-time-mean: 0.419594 [s]
kernel-time-stddev: 0.023982 [s]
kernel-time-median: 0.430318 [s]
kernel-time-min: 0.376693 [s]
kernel-time-samples: "0.376693 0.430304 0.430318 0.430321 0.430333"
kernel-time-throughput: N/A
run-time-mean: 0.430876 [s]
run-time-stddev: 0.023174 [s]
run-time-median: 0.439528 [s]
run-time-min: 0.389622 [s]
run-time-samples: "0.389622 0.438361 0.439528 0.443411 0.443458"
run-time-throughput: N/A
kernel-energy-mean: 48.666670 [J]
kernel-energy-stddev: 2.000442 [J]
kernel-energy-median: 49.400310 [J]
kernel-energy-min: 45.109410 [J]
kernel-energy-max: 49.822285 [J]
kernel-energy-samples: "45.109410 49.290690 49.400310 49.710655 49.822285"
Verification: PASS
