********** Results for Merse Twister**********
problem-size: 524288
local-size: 256
num-iters: 50000
core-freq: 682
memory-freq: 877
device-name: Tesla V100-SXM2-16GB
sycl-implementation: LLVM CUDA (Intel DPC++)
throughput-metric: N/A
kernel-time-mean: 0.704535 [s]
kernel-time-stddev: 0.000025 [s]
kernel-time-median: 0.704537 [s]
kernel-time-min: 0.704507 [s]
kernel-time-samples: "0.704507 0.704514 0.704537 0.704549 0.704566"
kernel-time-throughput: N/A
run-time-mean: 0.714028 [s]
run-time-stddev: 0.001624 [s]
run-time-median: 0.714517 [s]
run-time-min: 0.712054 [s]
run-time-samples: "0.712054 0.712620 0.714517 0.715118 0.715830"
run-time-throughput: N/A
kernel-energy-mean: 50.466388 [J]
kernel-energy-stddev: 0.196261 [J]
kernel-energy-median: 50.423435 [J]
kernel-energy-min: 50.213105 [J]
kernel-energy-max: 50.742605 [J]
kernel-energy-samples: "50.213105 50.400305 50.423435 50.552490 50.742605"
Verification: PASS
