********** Results for Merse Twister**********
problem-size: 524288
local-size: 256
num-iters: 50000
core-freq: 1462
memory-freq: 877
device-name: Tesla V100-SXM2-16GB
sycl-implementation: LLVM CUDA (Intel DPC++)
throughput-metric: N/A
kernel-time-mean: 0.333009 [s]
kernel-time-stddev: 0.000618 [s]
kernel-time-median: 0.333228 [s]
kernel-time-min: 0.331920 [s]
kernel-time-samples: "0.331920 0.333147 0.333228 0.333325 0.333426"
kernel-time-throughput: N/A
run-time-mean: 0.342976 [s]
run-time-stddev: 0.000823 [s]
run-time-median: 0.342928 [s]
run-time-min: 0.341882 [s]
run-time-samples: "0.341882 0.342576 0.342928 0.343464 0.344030"
run-time-throughput: N/A
kernel-energy-mean: 64.880906 [J]
kernel-energy-stddev: 0.085075 [J]
kernel-energy-median: 64.894990 [J]
kernel-energy-min: 64.782780 [J]
kernel-energy-max: 65.004525 [J]
kernel-energy-samples: "64.782780 64.822010 64.894990 64.900225 65.004525"
Verification: PASS
