********** Results for Merse Twister**********
problem-size: 524288
local-size: 256
num-iters: 50000
core-freq: 540
memory-freq: 877
device-name: Tesla V100-SXM2-16GB
sycl-implementation: LLVM CUDA (Intel DPC++)
throughput-metric: N/A
kernel-time-mean: 0.890638 [s]
kernel-time-stddev: 0.000348 [s]
kernel-time-median: 0.890485 [s]
kernel-time-min: 0.890468 [s]
kernel-time-samples: "0.890468 0.890473 0.890485 0.890504 0.891261"
kernel-time-throughput: N/A
run-time-mean: 0.900012 [s]
run-time-stddev: 0.001329 [s]
run-time-median: 0.899392 [s]
run-time-min: 0.898931 [s]
run-time-samples: "0.898931 0.898948 0.899392 0.900867 0.901922"
run-time-throughput: N/A
kernel-energy-mean: 55.923138 [J]
kernel-energy-stddev: 0.299128 [J]
kernel-energy-median: 55.945510 [J]
kernel-energy-min: 55.457990 [J]
kernel-energy-max: 56.270455 [J]
kernel-energy-samples: "55.457990 55.881815 55.945510 56.059920 56.270455"
Verification: PASS
