********** Results for Merse Twister**********
problem-size: 524288
local-size: 256
num-iters: 50000
core-freq: 615
memory-freq: 877
device-name: Tesla V100-SXM2-16GB
sycl-implementation: LLVM CUDA (Intel DPC++)
throughput-metric: N/A
kernel-time-mean: 0.782068 [s]
kernel-time-stddev: 0.000388 [s]
kernel-time-median: 0.781906 [s]
kernel-time-min: 0.781872 [s]
kernel-time-samples: "0.781872 0.781872 0.781906 0.781932 0.782760"
kernel-time-throughput: N/A
run-time-mean: 0.793503 [s]
run-time-stddev: 0.003182 [s]
run-time-median: 0.794009 [s]
run-time-min: 0.789100 [s]
run-time-samples: "0.789100 0.792101 0.794009 0.794592 0.797711"
run-time-throughput: N/A
kernel-energy-mean: 52.681798 [J]
kernel-energy-stddev: 0.166452 [J]
kernel-energy-median: 52.700715 [J]
kernel-energy-min: 52.518765 [J]
kernel-energy-max: 52.910280 [J]
kernel-energy-samples: "52.518765 52.521030 52.700715 52.758200 52.910280"
Verification: PASS
