********** Results for MolecularDynamics**********
problem-size: 16384
local-size: 256
num-iters: 200000
core-freq: 907
memory-freq: 877
device-name: Tesla V100-SXM2-16GB
sycl-implementation: LLVM CUDA (Intel DPC++)
throughput-metric: N/A
kernel-time-mean: 1.296652 [s]
kernel-time-stddev: 0.000282 [s]
kernel-time-median: 1.296526 [s]
kernel-time-min: 1.296505 [s]
kernel-time-samples: "1.296505 1.296517 1.296526 1.296555 1.297156"
kernel-time-throughput: N/A
run-time-mean: 1.308715 [s]
run-time-stddev: 0.003384 [s]
run-time-median: 1.308882 [s]
run-time-min: 1.304925 [s]
run-time-samples: "1.304925 1.306450 1.308882 1.309545 1.313774"
run-time-throughput: N/A
kernel-energy-mean: 69.266935 [J]
kernel-energy-stddev: 0.183538 [J]
kernel-energy-median: 69.383450 [J]
kernel-energy-min: 68.996960 [J]
kernel-energy-max: 69.412875 [J]
kernel-energy-samples: "68.996960 69.154600 69.383450 69.386790 69.412875"
Verification: PASS
