********** Results for MolecularDynamics**********
problem-size: 16384
local-size: 256
num-iters: 200000
core-freq: 1357
memory-freq: 877
device-name: Tesla V100-SXM2-16GB
sycl-implementation: LLVM CUDA (Intel DPC++)
throughput-metric: N/A
kernel-time-mean: 0.867074 [s]
kernel-time-stddev: 0.001958 [s]
kernel-time-median: 0.866205 [s]
kernel-time-min: 0.866170 [s]
kernel-time-samples: "0.866170 0.866202 0.866205 0.866219 0.870576"
kernel-time-throughput: N/A
run-time-mean: 0.878650 [s]
run-time-stddev: 0.002830 [s]
run-time-median: 0.879495 [s]
run-time-min: 0.875130 [s]
run-time-samples: "0.875130 0.876298 0.879495 0.880545 0.881783"
run-time-throughput: N/A
kernel-energy-mean: 77.966832 [J]
kernel-energy-stddev: 0.465403 [J]
kernel-energy-median: 77.950230 [J]
kernel-energy-min: 77.496675 [J]
kernel-energy-max: 78.674325 [J]
kernel-energy-samples: "77.496675 77.611345 77.950230 78.101585 78.674325"
Verification: PASS
