********** Results for MolecularDynamics**********
problem-size: 16384
local-size: 256
num-iters: 200000
core-freq: 1440
memory-freq: 877
device-name: Tesla V100-SXM2-16GB
sycl-implementation: LLVM CUDA (Intel DPC++)
throughput-metric: N/A
kernel-time-mean: 0.813065 [s]
kernel-time-stddev: 0.000182 [s]
kernel-time-median: 0.812968 [s]
kernel-time-min: 0.812908 [s]
kernel-time-samples: "0.812908 0.812938 0.812968 0.813180 0.813329"
kernel-time-throughput: N/A
run-time-mean: 0.825056 [s]
run-time-stddev: 0.001722 [s]
run-time-median: 0.824475 [s]
run-time-min: 0.823322 [s]
run-time-samples: "0.823322 0.823879 0.824475 0.826080 0.827522"
run-time-throughput: N/A
kernel-energy-mean: 83.943417 [J]
kernel-energy-stddev: 0.439883 [J]
kernel-energy-median: 83.701010 [J]
kernel-energy-min: 83.528370 [J]
kernel-energy-max: 84.549450 [J]
kernel-energy-samples: "83.528370 83.673860 83.701010 84.264395 84.549450"
Verification: PASS
