********** Results for MolecularDynamics**********
problem-size: 16384
local-size: 256
num-iters: 200000
core-freq: 1425
memory-freq: 877
device-name: Tesla V100-SXM2-16GB
sycl-implementation: LLVM CUDA (Intel DPC++)
throughput-metric: N/A
kernel-time-mean: 0.821133 [s]
kernel-time-stddev: 0.000127 [s]
kernel-time-median: 0.821087 [s]
kernel-time-min: 0.820976 [s]
kernel-time-samples: "0.820976 0.821079 0.821087 0.821243 0.821282"
kernel-time-throughput: N/A
run-time-mean: 0.832397 [s]
run-time-stddev: 0.001211 [s]
run-time-median: 0.832400 [s]
run-time-min: 0.830520 [s]
run-time-samples: "0.830520 0.832203 0.832400 0.833144 0.833717"
run-time-throughput: N/A
kernel-energy-mean: 78.711193 [J]
kernel-energy-stddev: 0.331532 [J]
kernel-energy-median: 78.821710 [J]
kernel-energy-min: 78.125790 [J]
kernel-energy-max: 78.932675 [J]
kernel-energy-samples: "78.125790 78.795575 78.821710 78.880215 78.932675"
Verification: PASS
