********** Results for MolecularDynamics**********
problem-size: 16384
local-size: 256
num-iters: 200000
core-freq: 1192
memory-freq: 877
device-name: Tesla V100-SXM2-16GB
sycl-implementation: LLVM CUDA (Intel DPC++)
throughput-metric: N/A
kernel-time-mean: 0.986907 [s]
kernel-time-stddev: 0.000376 [s]
kernel-time-median: 0.986838 [s]
kernel-time-min: 0.986402 [s]
kernel-time-samples: "0.986402 0.986760 0.986838 0.987164 0.987373"
kernel-time-throughput: N/A
run-time-mean: 0.999727 [s]
run-time-stddev: 0.004219 [s]
run-time-median: 0.997991 [s]
run-time-min: 0.997507 [s]
run-time-samples: "0.997507 0.997774 0.997991 0.998099 1.007264"
run-time-throughput: N/A
kernel-energy-mean: 66.895491 [J]
kernel-energy-stddev: 1.701612 [J]
kernel-energy-median: 67.820840 [J]
kernel-energy-min: 64.291900 [J]
kernel-energy-max: 68.391540 [J]
kernel-energy-samples: "64.291900 66.066745 67.820840 67.906430 68.391540"
Verification: PASS
