********** Results for MolecularDynamics**********
problem-size: 16384
local-size: 256
num-iters: 200000
core-freq: 1230
memory-freq: 877
device-name: Tesla V100-SXM2-16GB
sycl-implementation: LLVM CUDA (Intel DPC++)
throughput-metric: N/A
kernel-time-mean: 0.951944 [s]
kernel-time-stddev: 0.000101 [s]
kernel-time-median: 0.951921 [s]
kernel-time-min: 0.951853 [s]
kernel-time-samples: "0.951853 0.951871 0.951921 0.951969 0.952106"
kernel-time-throughput: N/A
run-time-mean: 0.965229 [s]
run-time-stddev: 0.002293 [s]
run-time-median: 0.964884 [s]
run-time-min: 0.962829 [s]
run-time-samples: "0.962829 0.963717 0.964884 0.965978 0.968738"
run-time-throughput: N/A
kernel-energy-mean: 68.755924 [J]
kernel-energy-stddev: 0.122504 [J]
kernel-energy-median: 68.703480 [J]
kernel-energy-min: 68.653800 [J]
kernel-energy-max: 68.956365 [J]
kernel-energy-samples: "68.653800 68.679975 68.703480 68.786000 68.956365"
Verification: PASS
