********** Results for MolecularDynamics**********
problem-size: 16384
local-size: 256
num-iters: 200000
core-freq: 142
memory-freq: 877
device-name: Tesla V100-SXM2-16GB
sycl-implementation: LLVM CUDA (Intel DPC++)
throughput-metric: N/A
kernel-time-mean: 10.755019 [s]
kernel-time-stddev: 0.000512 [s]
kernel-time-median: 10.754903 [s]
kernel-time-min: 10.754386 [s]
kernel-time-samples: "10.754386 10.754736 10.754903 10.755439 10.755633"
kernel-time-throughput: N/A
run-time-mean: 10.766251 [s]
run-time-stddev: 0.002938 [s]
run-time-median: 10.764888 [s]
run-time-min: 10.764113 [s]
run-time-samples: "10.764113 10.764876 10.764888 10.766013 10.771364"
run-time-throughput: N/A
kernel-energy-mean: 226.976311 [J]
kernel-energy-stddev: 1.044017 [J]
kernel-energy-median: 227.037255 [J]
kernel-energy-min: 225.827040 [J]
kernel-energy-max: 228.269740 [J]
kernel-energy-samples: "225.827040 226.054810 227.037255 227.692710 228.269740"
Verification: PASS
