********** Results for MolecularDynamics**********
problem-size: 16384
local-size: 256
num-iters: 200000
core-freq: 337
memory-freq: 877
device-name: Tesla V100-SXM2-16GB
sycl-implementation: LLVM CUDA (Intel DPC++)
throughput-metric: N/A
kernel-time-mean: 4.849844 [s]
kernel-time-stddev: 0.001309 [s]
kernel-time-median: 4.849703 [s]
kernel-time-min: 4.848609 [s]
kernel-time-samples: "4.848609 4.848956 4.849703 4.849986 4.851966"
kernel-time-throughput: N/A
run-time-mean: 4.861095 [s]
run-time-stddev: 0.005699 [s]
run-time-median: 4.859052 [s]
run-time-min: 4.856821 [s]
run-time-samples: "4.856821 4.857668 4.859052 4.861054 4.870878"
run-time-throughput: N/A
kernel-energy-mean: 200.657032 [J]
kernel-energy-stddev: 2.487147 [J]
kernel-energy-median: 201.728190 [J]
kernel-energy-min: 196.210185 [J]
kernel-energy-max: 201.906380 [J]
kernel-energy-samples: "196.210185 201.709045 201.728190 201.731360 201.906380"
Verification: PASS
