********** Results for MolecularDynamics**********
problem-size: 16384
local-size: 256
num-iters: 200000
core-freq: 495
memory-freq: 877
device-name: Tesla V100-SXM2-16GB
sycl-implementation: LLVM CUDA (Intel DPC++)
throughput-metric: N/A
kernel-time-mean: 2.389946 [s]
kernel-time-stddev: 0.000608 [s]
kernel-time-median: 2.389616 [s]
kernel-time-min: 2.389445 [s]
kernel-time-samples: "2.389445 2.389565 2.389616 2.390204 2.390897"
kernel-time-throughput: N/A
run-time-mean: 2.400930 [s]
run-time-stddev: 0.001768 [s]
run-time-median: 2.400510 [s]
run-time-min: 2.399187 [s]
run-time-samples: "2.399187 2.400371 2.400510 2.400667 2.403915"
run-time-throughput: N/A
kernel-energy-mean: 110.102878 [J]
kernel-energy-stddev: 0.403412 [J]
kernel-energy-median: 110.255710 [J]
kernel-energy-min: 109.670725 [J]
kernel-energy-max: 110.526385 [J]
kernel-energy-samples: "109.670725 109.676455 110.255710 110.385115 110.526385"
Verification: PASS
