********** Results for MolecularDynamics**********
problem-size: 16384
local-size: 256
num-iters: 200000
core-freq: 1402
memory-freq: 877
device-name: Tesla V100-SXM2-16GB
sycl-implementation: LLVM CUDA (Intel DPC++)
throughput-metric: N/A
kernel-time-mean: 0.838564 [s]
kernel-time-stddev: 0.000042 [s]
kernel-time-median: 0.838553 [s]
kernel-time-min: 0.838531 [s]
kernel-time-samples: "0.838531 0.838533 0.838553 0.838566 0.838634"
kernel-time-throughput: N/A
run-time-mean: 0.852287 [s]
run-time-stddev: 0.004625 [s]
run-time-median: 0.850946 [s]
run-time-min: 0.848390 [s]
run-time-samples: "0.848390 0.849785 0.850946 0.852135 0.860179"
run-time-throughput: N/A
kernel-energy-mean: 76.729268 [J]
kernel-energy-stddev: 1.230519 [J]
kernel-energy-median: 76.789000 [J]
kernel-energy-min: 74.696255 [J]
kernel-energy-max: 77.747095 [J]
kernel-energy-samples: "74.696255 76.744620 76.789000 77.669370 77.747095"
Verification: PASS
