********** Results for MolecularDynamics**********
problem-size: 16384
local-size: 256
num-iters: 200000
core-freq: 1065
memory-freq: 877
device-name: Tesla V100-SXM2-16GB
sycl-implementation: LLVM CUDA (Intel DPC++)
throughput-metric: N/A
kernel-time-mean: 1.096902 [s]
kernel-time-stddev: 0.000367 [s]
kernel-time-median: 1.096849 [s]
kernel-time-min: 1.096504 [s]
kernel-time-samples: "1.096504 1.096598 1.096849 1.097267 1.097293"
kernel-time-throughput: N/A
run-time-mean: 1.109266 [s]
run-time-stddev: 0.003156 [s]
run-time-median: 1.108970 [s]
run-time-min: 1.104402 [s]
run-time-samples: "1.104402 1.108816 1.108970 1.111777 1.112364"
run-time-throughput: N/A
kernel-energy-mean: 70.210477 [J]
kernel-energy-stddev: 0.418899 [J]
kernel-energy-median: 70.238620 [J]
kernel-energy-min: 69.524870 [J]
kernel-energy-max: 70.554960 [J]
kernel-energy-samples: "69.524870 70.188910 70.238620 70.545025 70.554960"
Verification: PASS
