********** Results for MolecularDynamics**********
problem-size: 16384
local-size: 256
num-iters: 200000
core-freq: 1290
memory-freq: 877
device-name: Tesla V100-SXM2-16GB
sycl-implementation: LLVM CUDA (Intel DPC++)
throughput-metric: N/A
kernel-time-mean: 0.909996 [s]
kernel-time-stddev: 0.004077 [s]
kernel-time-median: 0.907086 [s]
kernel-time-min: 0.906889 [s]
kernel-time-samples: "0.906889 0.907085 0.907086 0.914352 0.914568"
kernel-time-throughput: N/A
run-time-mean: 0.926081 [s]
run-time-stddev: 0.003219 [s]
run-time-median: 0.927328 [s]
run-time-min: 0.920393 [s]
run-time-samples: "0.920393 0.926984 0.927328 0.927358 0.928341"
run-time-throughput: N/A
kernel-energy-mean: 71.051282 [J]
kernel-energy-stddev: 0.343941 [J]
kernel-energy-median: 71.289070 [J]
kernel-energy-min: 70.590605 [J]
kernel-energy-max: 71.312365 [J]
kernel-energy-samples: "70.590605 70.771875 71.289070 71.292495 71.312365"
Verification: PASS
