********** Results for MolecularDynamics**********
problem-size: 16384
local-size: 256
num-iters: 200000
core-freq: 870
memory-freq: 877
device-name: Tesla V100-SXM2-16GB
sycl-implementation: LLVM CUDA (Intel DPC++)
throughput-metric: N/A
kernel-time-mean: 1.353029 [s]
kernel-time-stddev: 0.000073 [s]
kernel-time-median: 1.353013 [s]
kernel-time-min: 1.352975 [s]
kernel-time-samples: "1.352975 1.352980 1.353013 1.353021 1.353155"
kernel-time-throughput: N/A
run-time-mean: 1.364344 [s]
run-time-stddev: 0.002485 [s]
run-time-median: 1.364740 [s]
run-time-min: 1.361170 [s]
run-time-samples: "1.361170 1.362763 1.364740 1.365412 1.367636"
run-time-throughput: N/A
kernel-energy-mean: 73.080094 [J]
kernel-energy-stddev: 0.082107 [J]
kernel-energy-median: 73.060375 [J]
kernel-energy-min: 73.014870 [J]
kernel-energy-max: 73.223110 [J]
kernel-energy-samples: "73.014870 73.041475 73.060375 73.060640 73.223110"
Verification: PASS
