********** Results for MolecularDynamics**********
problem-size: 16384
local-size: 256
num-iters: 200000
core-freq: 750
memory-freq: 877
device-name: Tesla V100-SXM2-16GB
sycl-implementation: LLVM CUDA (Intel DPC++)
throughput-metric: N/A
kernel-time-mean: 1.568300 [s]
kernel-time-stddev: 0.000477 [s]
kernel-time-median: 1.568073 [s]
kernel-time-min: 1.567922 [s]
kernel-time-samples: "1.567922 1.567953 1.568073 1.568513 1.569040"
kernel-time-throughput: N/A
run-time-mean: 1.579058 [s]
run-time-stddev: 0.002180 [s]
run-time-median: 1.578634 [s]
run-time-min: 1.576527 [s]
run-time-samples: "1.576527 1.577743 1.578634 1.580300 1.582085"
run-time-throughput: N/A
kernel-energy-mean: 76.757893 [J]
kernel-energy-stddev: 0.591318 [J]
kernel-energy-median: 76.945325 [J]
kernel-energy-min: 75.720525 [J]
kernel-energy-max: 77.134090 [J]
kernel-energy-samples: "75.720525 76.865095 76.945325 77.124430 77.134090"
Verification: PASS
