********** Results for MolecularDynamics**********
problem-size: 16384
local-size: 256
num-iters: 200000
core-freq: 1462
memory-freq: 877
device-name: Tesla V100-SXM2-16GB
sycl-implementation: LLVM CUDA (Intel DPC++)
throughput-metric: N/A
kernel-time-mean: 0.804255 [s]
kernel-time-stddev: 0.000127 [s]
kernel-time-median: 0.804257 [s]
kernel-time-min: 0.804121 [s]
kernel-time-samples: "0.804121 0.804153 0.804257 0.804305 0.804438"
kernel-time-throughput: N/A
run-time-mean: 0.816390 [s]
run-time-stddev: 0.004153 [s]
run-time-median: 0.815567 [s]
run-time-min: 0.812777 [s]
run-time-samples: "0.812777 0.814097 0.815567 0.816057 0.823452"
run-time-throughput: N/A
kernel-energy-mean: 76.961481 [J]
kernel-energy-stddev: 0.324303 [J]
kernel-energy-median: 76.897645 [J]
kernel-energy-min: 76.591070 [J]
kernel-energy-max: 77.476730 [J]
kernel-energy-samples: "76.591070 76.848015 76.897645 76.993945 77.476730"
Verification: PASS
