********** Results for MolecularDynamics**********
problem-size: 16384
local-size: 256
num-iters: 200000
core-freq: 705
memory-freq: 877
device-name: Tesla V100-SXM2-16GB
sycl-implementation: LLVM CUDA (Intel DPC++)
throughput-metric: N/A
kernel-time-mean: 1.669417 [s]
kernel-time-stddev: 0.000503 [s]
kernel-time-median: 1.669244 [s]
kernel-time-min: 1.669085 [s]
kernel-time-samples: "1.669085 1.669193 1.669244 1.669254 1.670308"
kernel-time-throughput: N/A
run-time-mean: 1.679914 [s]
run-time-stddev: 0.002275 [s]
run-time-median: 1.678985 [s]
run-time-min: 1.677363 [s]
run-time-samples: "1.677363 1.678764 1.678985 1.681426 1.683032"
run-time-throughput: N/A
kernel-energy-mean: 80.030899 [J]
kernel-energy-stddev: 0.093964 [J]
kernel-energy-median: 80.007515 [J]
kernel-energy-min: 79.957525 [J]
kernel-energy-max: 80.191975 [J]
kernel-energy-samples: "79.957525 79.972545 80.007515 80.024935 80.191975"
Verification: PASS
