********** Results for MolecularDynamics**********
problem-size: 16384
local-size: 256
num-iters: 200000
core-freq: 285
memory-freq: 877
device-name: Tesla V100-SXM2-16GB
sycl-implementation: LLVM CUDA (Intel DPC++)
throughput-metric: N/A
kernel-time-mean: 5.572918 [s]
kernel-time-stddev: 0.001015 [s]
kernel-time-median: 5.572811 [s]
kernel-time-min: 5.571825 [s]
kernel-time-samples: "5.571825 5.572242 5.572811 5.573266 5.574448"
kernel-time-throughput: N/A
run-time-mean: 5.583011 [s]
run-time-stddev: 0.001461 [s]
run-time-median: 5.583163 [s]
run-time-min: 5.581390 [s]
run-time-samples: "5.581390 5.581871 5.583163 5.583544 5.585087"
run-time-throughput: N/A
kernel-energy-mean: 184.986260 [J]
kernel-energy-stddev: 0.259905 [J]
kernel-energy-median: 185.039280 [J]
kernel-energy-min: 184.588745 [J]
kernel-energy-max: 185.297350 [J]
kernel-energy-samples: "184.588745 184.925380 185.039280 185.080545 185.297350"
Verification: PASS
