********** Results for MolecularDynamics**********
problem-size: 16384
local-size: 256
num-iters: 200000
core-freq: 510
memory-freq: 877
device-name: Tesla V100-SXM2-16GB
sycl-implementation: LLVM CUDA (Intel DPC++)
throughput-metric: N/A
kernel-time-mean: 2.315411 [s]
kernel-time-stddev: 0.000846 [s]
kernel-time-median: 2.315116 [s]
kernel-time-min: 2.314486 [s]
kernel-time-samples: "2.314486 2.314895 2.315116 2.316012 2.316546"
kernel-time-throughput: N/A
run-time-mean: 2.327354 [s]
run-time-stddev: 0.000967 [s]
run-time-median: 2.327272 [s]
run-time-min: 2.326105 [s]
run-time-samples: "2.326105 2.327033 2.327272 2.327587 2.328774"
run-time-throughput: N/A
kernel-energy-mean: 105.630282 [J]
kernel-energy-stddev: 1.222667 [J]
kernel-energy-median: 106.272095 [J]
kernel-energy-min: 103.655970 [J]
kernel-energy-max: 106.651795 [J]
kernel-energy-samples: "103.655970 105.248195 106.272095 106.323355 106.651795"
Verification: PASS
