********** Results for MolecularDynamics**********
problem-size: 16384
local-size: 256
num-iters: 200000
core-freq: 292
memory-freq: 877
device-name: Tesla V100-SXM2-16GB
sycl-implementation: LLVM CUDA (Intel DPC++)
throughput-metric: N/A
kernel-time-mean: 5.472736 [s]
kernel-time-stddev: 0.001467 [s]
kernel-time-median: 5.472143 [s]
kernel-time-min: 5.471616 [s]
kernel-time-samples: "5.471616 5.472055 5.472143 5.472576 5.475289"
kernel-time-throughput: N/A
run-time-mean: 5.484231 [s]
run-time-stddev: 0.004793 [s]
run-time-median: 5.484215 [s]
run-time-min: 5.479227 [s]
run-time-samples: "5.479227 5.481300 5.484215 5.484555 5.491856"
run-time-throughput: N/A
kernel-energy-mean: 185.470961 [J]
kernel-energy-stddev: 1.773569 [J]
kernel-energy-median: 185.939125 [J]
kernel-energy-min: 182.351200 [J]
kernel-energy-max: 186.647360 [J]
kernel-energy-samples: "182.351200 185.927415 185.939125 186.489705 186.647360"
Verification: PASS
