********** Results for MolecularDynamics**********
problem-size: 16384
local-size: 256
num-iters: 200000
core-freq: 840
memory-freq: 877
device-name: Tesla V100-SXM2-16GB
sycl-implementation: LLVM CUDA (Intel DPC++)
throughput-metric: N/A
kernel-time-mean: 1.400024 [s]
kernel-time-stddev: 0.000030 [s]
kernel-time-median: 1.400023 [s]
kernel-time-min: 1.399979 [s]
kernel-time-samples: "1.399979 1.400021 1.400023 1.400037 1.400062"
kernel-time-throughput: N/A
run-time-mean: 1.410365 [s]
run-time-stddev: 0.001905 [s]
run-time-median: 1.410287 [s]
run-time-min: 1.407635 [s]
run-time-samples: "1.407635 1.409860 1.410287 1.411211 1.412832"
run-time-throughput: N/A
kernel-energy-mean: 72.858010 [J]
kernel-energy-stddev: 0.086170 [J]
kernel-energy-median: 72.825765 [J]
kernel-energy-min: 72.786875 [J]
kernel-energy-max: 72.999115 [J]
kernel-energy-samples: "72.786875 72.800555 72.825765 72.877740 72.999115"
Verification: PASS
