********** Results for MolecularDynamics**********
problem-size: 16384
local-size: 256
num-iters: 200000
core-freq: 1530
memory-freq: 877
device-name: Tesla V100-SXM2-16GB
sycl-implementation: LLVM CUDA (Intel DPC++)
throughput-metric: N/A
kernel-time-mean: 0.765053 [s]
kernel-time-stddev: 0.000223 [s]
kernel-time-median: 0.764999 [s]
kernel-time-min: 0.764885 [s]
kernel-time-samples: "0.764885 0.764929 0.764999 0.765013 0.765441"
kernel-time-throughput: N/A
run-time-mean: 0.776440 [s]
run-time-stddev: 0.002005 [s]
run-time-median: 0.775192 [s]
run-time-min: 0.774868 [s]
run-time-samples: "0.774868 0.775120 0.775192 0.777580 0.779441"
run-time-throughput: N/A
kernel-energy-mean: 84.888707 [J]
kernel-energy-stddev: 0.619915 [J]
kernel-energy-median: 84.935710 [J]
kernel-energy-min: 84.230485 [J]
kernel-energy-max: 85.571485 [J]
kernel-energy-samples: "84.230485 84.290360 84.935710 85.415495 85.571485"
Verification: PASS
