********** Results for MolecularDynamics**********
problem-size: 16384
local-size: 256
num-iters: 200000
core-freq: 997
memory-freq: 877
device-name: Tesla V100-SXM2-16GB
sycl-implementation: LLVM CUDA (Intel DPC++)
throughput-metric: N/A
kernel-time-mean: 1.179933 [s]
kernel-time-stddev: 0.000238 [s]
kernel-time-median: 1.179827 [s]
kernel-time-min: 1.179808 [s]
kernel-time-samples: "1.179808 1.179815 1.179827 1.179857 1.180357"
kernel-time-throughput: N/A
run-time-mean: 1.191496 [s]
run-time-stddev: 0.003414 [s]
run-time-median: 1.190296 [s]
run-time-min: 1.187977 [s]
run-time-samples: "1.187977 1.189742 1.190296 1.192641 1.196826"
run-time-throughput: N/A
kernel-energy-mean: 73.167482 [J]
kernel-energy-stddev: 0.200640 [J]
kernel-energy-median: 73.110300 [J]
kernel-energy-min: 72.947220 [J]
kernel-energy-max: 73.488135 [J]
kernel-energy-samples: "72.947220 73.093490 73.110300 73.198265 73.488135"
Verification: PASS
