********** Results for MolecularDynamics**********
problem-size: 16384
local-size: 256
num-iters: 200000
core-freq: 1305
memory-freq: 877
device-name: Tesla V100-SXM2-16GB
sycl-implementation: LLVM CUDA (Intel DPC++)
throughput-metric: N/A
kernel-time-mean: 0.896181 [s]
kernel-time-stddev: 0.000176 [s]
kernel-time-median: 0.896194 [s]
kernel-time-min: 0.895954 [s]
kernel-time-samples: "0.895954 0.896062 0.896194 0.896314 0.896382"
kernel-time-throughput: N/A
run-time-mean: 0.907526 [s]
run-time-stddev: 0.003398 [s]
run-time-median: 0.906685 [s]
run-time-min: 0.904474 [s]
run-time-samples: "0.904474 0.904753 0.906685 0.909093 0.912628"
run-time-throughput: N/A
kernel-energy-mean: 72.807523 [J]
kernel-energy-stddev: 0.501274 [J]
kernel-energy-median: 72.529195 [J]
kernel-energy-min: 72.428615 [J]
kernel-energy-max: 73.610515 [J]
kernel-energy-samples: "72.428615 72.481025 72.529195 72.988265 73.610515"
Verification: PASS
