********** Results for MolecularDynamics**********
problem-size: 16384
local-size: 256
num-iters: 200000
core-freq: 345
memory-freq: 877
device-name: Tesla V100-SXM2-16GB
sycl-implementation: LLVM CUDA (Intel DPC++)
throughput-metric: N/A
kernel-time-mean: 5.571773 [s]
kernel-time-stddev: 0.000930 [s]
kernel-time-median: 5.571529 [s]
kernel-time-min: 5.571037 [s]
kernel-time-samples: "5.571037 5.571372 5.571529 5.571531 5.573398"
kernel-time-throughput: N/A
run-time-mean: 5.581557 [s]
run-time-stddev: 0.002278 [s]
run-time-median: 5.580945 [s]
run-time-min: 5.579472 [s]
run-time-samples: "5.579472 5.580862 5.580945 5.581040 5.585467"
run-time-throughput: N/A
kernel-energy-mean: 185.307348 [J]
kernel-energy-stddev: 0.357580 [J]
kernel-energy-median: 185.386190 [J]
kernel-energy-min: 184.689330 [J]
kernel-energy-max: 185.554765 [J]
kernel-energy-samples: "184.689330 185.354445 185.386190 185.552010 185.554765"
Verification: PASS
