********** Results for MolecularDynamics**********
problem-size: 16384
local-size: 256
num-iters: 200000
core-freq: 352
memory-freq: 877
device-name: Tesla V100-SXM2-16GB
sycl-implementation: LLVM CUDA (Intel DPC++)
throughput-metric: N/A
kernel-time-mean: 5.469601 [s]
kernel-time-stddev: 0.001110 [s]
kernel-time-median: 5.469227 [s]
kernel-time-min: 5.468790 [s]
kernel-time-samples: "5.468790 5.469141 5.469227 5.469292 5.471557"
kernel-time-throughput: N/A
run-time-mean: 5.479958 [s]
run-time-stddev: 0.002167 [s]
run-time-median: 5.480531 [s]
run-time-min: 5.476526 [s]
run-time-samples: "5.476526 5.479639 5.480531 5.480674 5.482418"
run-time-throughput: N/A
kernel-energy-mean: 185.641185 [J]
kernel-energy-stddev: 1.491233 [J]
kernel-energy-median: 186.297055 [J]
kernel-energy-min: 183.106770 [J]
kernel-energy-max: 186.748885 [J]
kernel-energy-samples: "183.106770 185.517895 186.297055 186.535320 186.748885"
Verification: PASS
