********** Results for MolecularDynamics**********
problem-size: 16384
local-size: 256
num-iters: 200000
core-freq: 1327
memory-freq: 877
device-name: Tesla V100-SXM2-16GB
sycl-implementation: LLVM CUDA (Intel DPC++)
throughput-metric: N/A
kernel-time-mean: 0.885915 [s]
kernel-time-stddev: 0.000226 [s]
kernel-time-median: 0.885831 [s]
kernel-time-min: 0.885768 [s]
kernel-time-samples: "0.885768 0.885826 0.885831 0.885834 0.886317"
kernel-time-throughput: N/A
run-time-mean: 0.898340 [s]
run-time-stddev: 0.002549 [s]
run-time-median: 0.898129 [s]
run-time-min: 0.895691 [s]
run-time-samples: "0.895691 0.896441 0.898129 0.899307 0.902132"
run-time-throughput: N/A
kernel-energy-mean: 77.245549 [J]
kernel-energy-stddev: 0.446887 [J]
kernel-energy-median: 77.268280 [J]
kernel-energy-min: 76.774260 [J]
kernel-energy-max: 77.873695 [J]
kernel-energy-samples: "76.774260 76.868085 77.268280 77.443425 77.873695"
Verification: PASS
