********** Results for MolecularDynamics**********
problem-size: 16384
local-size: 256
num-iters: 200000
core-freq: 1087
memory-freq: 877
device-name: Tesla V100-SXM2-16GB
sycl-implementation: LLVM CUDA (Intel DPC++)
throughput-metric: N/A
kernel-time-mean: 1.082050 [s]
kernel-time-stddev: 0.000419 [s]
kernel-time-median: 1.082039 [s]
kernel-time-min: 1.081459 [s]
kernel-time-samples: "1.081459 1.081856 1.082039 1.082424 1.082470"
kernel-time-throughput: N/A
run-time-mean: 1.094689 [s]
run-time-stddev: 0.004450 [s]
run-time-median: 1.094464 [s]
run-time-min: 1.091117 [s]
run-time-samples: "1.091117 1.091148 1.094464 1.094687 1.102029"
run-time-throughput: N/A
kernel-energy-mean: 66.067229 [J]
kernel-energy-stddev: 0.151057 [J]
kernel-energy-median: 66.101895 [J]
kernel-energy-min: 65.812930 [J]
kernel-energy-max: 66.207730 [J]
kernel-energy-samples: "65.812930 66.071220 66.101895 66.142370 66.207730"
Verification: PASS
