********** Results for MolecularDynamics**********
problem-size: 16384
local-size: 256
num-iters: 200000
core-freq: 795
memory-freq: 877
device-name: Tesla V100-SXM2-16GB
sycl-implementation: LLVM CUDA (Intel DPC++)
throughput-metric: N/A
kernel-time-mean: 1.479121 [s]
kernel-time-stddev: 0.000071 [s]
kernel-time-median: 1.479105 [s]
kernel-time-min: 1.479043 [s]
kernel-time-samples: "1.479043 1.479094 1.479105 1.479126 1.479237"
kernel-time-throughput: N/A
run-time-mean: 1.490276 [s]
run-time-stddev: 0.001462 [s]
run-time-median: 1.490692 [s]
run-time-min: 1.487955 [s]
run-time-samples: "1.487955 1.489861 1.490692 1.491183 1.491689"
run-time-throughput: N/A
kernel-energy-mean: 77.205731 [J]
kernel-energy-stddev: 0.129182 [J]
kernel-energy-median: 77.254310 [J]
kernel-energy-min: 76.976380 [J]
kernel-energy-max: 77.286895 [J]
kernel-energy-samples: "76.976380 77.244535 77.254310 77.266535 77.286895"
Verification: PASS
