********** Results for MolecularDynamics**********
problem-size: 16384
local-size: 256
num-iters: 200000
core-freq: 517
memory-freq: 877
device-name: Tesla V100-SXM2-16GB
sycl-implementation: LLVM CUDA (Intel DPC++)
throughput-metric: N/A
kernel-time-mean: 2.277715 [s]
kernel-time-stddev: 0.000184 [s]
kernel-time-median: 2.277662 [s]
kernel-time-min: 2.277552 [s]
kernel-time-samples: "2.277552 2.277657 2.277662 2.277674 2.278033"
kernel-time-throughput: N/A
run-time-mean: 2.292154 [s]
run-time-stddev: 0.005503 [s]
run-time-median: 2.288681 [s]
run-time-min: 2.287906 [s]
run-time-samples: "2.287906 2.288176 2.288681 2.296166 2.299842"
run-time-throughput: N/A
kernel-energy-mean: 104.749702 [J]
kernel-energy-stddev: 0.920787 [J]
kernel-energy-median: 104.638735 [J]
kernel-energy-min: 103.496980 [J]
kernel-energy-max: 106.037675 [J]
kernel-energy-samples: "103.496980 104.515505 104.638735 105.059615 106.037675"
Verification: PASS
