********** Results for MolecularDynamics**********
problem-size: 16384
local-size: 256
num-iters: 200000
core-freq: 1245
memory-freq: 877
device-name: Tesla V100-SXM2-16GB
sycl-implementation: LLVM CUDA (Intel DPC++)
throughput-metric: N/A
kernel-time-mean: 0.939397 [s]
kernel-time-stddev: 0.000225 [s]
kernel-time-median: 0.939392 [s]
kernel-time-min: 0.939097 [s]
kernel-time-samples: "0.939097 0.939296 0.939392 0.939499 0.939699"
kernel-time-throughput: N/A
run-time-mean: 0.949697 [s]
run-time-stddev: 0.002336 [s]
run-time-median: 0.948333 [s]
run-time-min: 0.947559 [s]
run-time-samples: "0.947559 0.948142 0.948333 0.951926 0.952526"
run-time-throughput: N/A
kernel-energy-mean: 70.488765 [J]
kernel-energy-stddev: 0.191238 [J]
kernel-energy-median: 70.474970 [J]
kernel-energy-min: 70.291630 [J]
kernel-energy-max: 70.721865 [J]
kernel-energy-samples: "70.291630 70.315425 70.474970 70.639935 70.721865"
Verification: PASS
