********** Results for MolecularDynamics**********
problem-size: 16384
local-size: 256
num-iters: 200000
core-freq: 832
memory-freq: 877
device-name: Tesla V100-SXM2-16GB
sycl-implementation: LLVM CUDA (Intel DPC++)
throughput-metric: N/A
kernel-time-mean: 1.412711 [s]
kernel-time-stddev: 0.000068 [s]
kernel-time-median: 1.412727 [s]
kernel-time-min: 1.412599 [s]
kernel-time-samples: "1.412599 1.412714 1.412727 1.412731 1.412784"
kernel-time-throughput: N/A
run-time-mean: 1.423407 [s]
run-time-stddev: 0.001476 [s]
run-time-median: 1.423308 [s]
run-time-min: 1.422057 [s]
run-time-samples: "1.422057 1.422191 1.423308 1.423779 1.425700"
run-time-throughput: N/A
kernel-energy-mean: 72.905012 [J]
kernel-energy-stddev: 0.048701 [J]
kernel-energy-median: 72.889350 [J]
kernel-energy-min: 72.849990 [J]
kernel-energy-max: 72.975260 [J]
kernel-energy-samples: "72.849990 72.879935 72.889350 72.930525 72.975260"
Verification: PASS
