********** Results for MolecularDynamics**********
problem-size: 16384
local-size: 256
num-iters: 200000
core-freq: 570
memory-freq: 877
device-name: Tesla V100-SXM2-16GB
sycl-implementation: LLVM CUDA (Intel DPC++)
throughput-metric: N/A
kernel-time-mean: 2.071576 [s]
kernel-time-stddev: 0.000537 [s]
kernel-time-median: 2.071259 [s]
kernel-time-min: 2.071120 [s]
kernel-time-samples: "2.071120 2.071219 2.071259 2.071945 2.072340"
kernel-time-throughput: N/A
run-time-mean: 2.080391 [s]
run-time-stddev: 0.001275 [s]
run-time-median: 2.080203 [s]
run-time-min: 2.078683 [s]
run-time-samples: "2.078683 2.079872 2.080203 2.081176 2.082022"
run-time-throughput: N/A
kernel-energy-mean: 92.417824 [J]
kernel-energy-stddev: 0.270943 [J]
kernel-energy-median: 92.297175 [J]
kernel-energy-min: 92.162990 [J]
kernel-energy-max: 92.826920 [J]
kernel-energy-samples: "92.162990 92.249000 92.297175 92.553035 92.826920"
Verification: PASS
