********** Results for MolecularDynamics**********
problem-size: 16384
local-size: 256
num-iters: 200000
core-freq: 1395
memory-freq: 877
device-name: Tesla V100-SXM2-16GB
sycl-implementation: LLVM CUDA (Intel DPC++)
throughput-metric: N/A
kernel-time-mean: 0.838659 [s]
kernel-time-stddev: 0.000213 [s]
kernel-time-median: 0.838605 [s]
kernel-time-min: 0.838424 [s]
kernel-time-samples: "0.838424 0.838503 0.838605 0.838865 0.838897"
kernel-time-throughput: N/A
run-time-mean: 0.852359 [s]
run-time-stddev: 0.002432 [s]
run-time-median: 0.851794 [s]
run-time-min: 0.849528 [s]
run-time-samples: "0.849528 0.850744 0.851794 0.854581 0.855147"
run-time-throughput: N/A
kernel-energy-mean: 75.867701 [J]
kernel-energy-stddev: 0.285911 [J]
kernel-energy-median: 75.725545 [J]
kernel-energy-min: 75.616380 [J]
kernel-energy-max: 76.265555 [J]
kernel-energy-samples: "75.616380 75.658980 75.725545 76.072045 76.265555"
Verification: PASS
