********** Results for MolecularDynamics**********
problem-size: 16384
local-size: 256
num-iters: 200000
core-freq: 1117
memory-freq: 877
device-name: Tesla V100-SXM2-16GB
sycl-implementation: LLVM CUDA (Intel DPC++)
throughput-metric: N/A
kernel-time-mean: 1.052852 [s]
kernel-time-stddev: 0.000203 [s]
kernel-time-median: 1.052826 [s]
kernel-time-min: 1.052691 [s]
kernel-time-samples: "1.052691 1.052705 1.052826 1.052846 1.053194"
kernel-time-throughput: N/A
run-time-mean: 1.064466 [s]
run-time-stddev: 0.003680 [s]
run-time-median: 1.064060 [s]
run-time-min: 1.060950 [s]
run-time-samples: "1.060950 1.061882 1.064060 1.065092 1.070347"
run-time-throughput: N/A
kernel-energy-mean: 66.863181 [J]
kernel-energy-stddev: 0.171629 [J]
kernel-energy-median: 66.887890 [J]
kernel-energy-min: 66.654150 [J]
kernel-energy-max: 67.069155 [J]
kernel-energy-samples: "66.654150 66.728135 66.887890 66.976575 67.069155"
Verification: PASS
