********** Results for MolecularDynamics**********
problem-size: 16384
local-size: 256
num-iters: 200000
core-freq: 405
memory-freq: 877
device-name: Tesla V100-SXM2-16GB
sycl-implementation: LLVM CUDA (Intel DPC++)
throughput-metric: N/A
kernel-time-mean: 5.437993 [s]
kernel-time-stddev: 0.000893 [s]
kernel-time-median: 5.438064 [s]
kernel-time-min: 5.437104 [s]
kernel-time-samples: "5.437104 5.437165 5.438064 5.438393 5.439237"
kernel-time-throughput: N/A
run-time-mean: 5.448298 [s]
run-time-stddev: 0.003050 [s]
run-time-median: 5.449563 [s]
run-time-min: 5.443916 [s]
run-time-samples: "5.443916 5.446603 5.449563 5.449718 5.451691"
run-time-throughput: N/A
kernel-energy-mean: 182.830457 [J]
kernel-energy-stddev: 1.296060 [J]
kernel-energy-median: 183.399535 [J]
kernel-energy-min: 180.529935 [J]
kernel-energy-max: 183.620295 [J]
kernel-energy-samples: "180.529935 183.167690 183.399535 183.434830 183.620295"
Verification: PASS
