********** Results for Nbody_local_mem**********
problem-size: 8192
local-size: 256
num-iters: 500
core-freq: 975
memory-freq: 877
device-name: Tesla V100-SXM2-16GB
sycl-implementation: LLVM CUDA (Intel DPC++)
throughput-metric: N/A
kernel-time-mean: 0.895931 [s]
kernel-time-stddev: 0.000045 [s]
kernel-time-median: 0.895924 [s]
kernel-time-min: 0.895893 [s]
kernel-time-samples: "0.895893 0.895893 0.895924 0.895946 0.896001"
kernel-time-throughput: N/A
run-time-mean: 0.905239 [s]
run-time-stddev: 0.001273 [s]
run-time-median: 0.905521 [s]
run-time-min: 0.903720 [s]
run-time-samples: "0.903720 0.904314 0.905521 0.905649 0.906992"
run-time-throughput: N/A
kernel-energy-mean: 44.881715 [J]
kernel-energy-stddev: 0.154656 [J]
kernel-energy-median: 44.770195 [J]
kernel-energy-min: 44.767340 [J]
kernel-energy-max: 45.066735 [J]
kernel-energy-samples: "44.767340 44.769700 44.770195 45.034605 45.066735"
Verification: PASS
