********** Results for Nbody_local_mem**********
problem-size: 8192
local-size: 256
num-iters: 500
core-freq: 1275
memory-freq: 877
device-name: Tesla V100-SXM2-16GB
sycl-implementation: LLVM CUDA (Intel DPC++)
throughput-metric: N/A
kernel-time-mean: 0.685311 [s]
kernel-time-stddev: 0.000424 [s]
kernel-time-median: 0.685182 [s]
kernel-time-min: 0.684813 [s]
kernel-time-samples: "0.684813 0.685179 0.685182 0.685413 0.685965"
kernel-time-throughput: N/A
run-time-mean: 0.697835 [s]
run-time-stddev: 0.003588 [s]
run-time-median: 0.696589 [s]
run-time-min: 0.694554 [s]
run-time-samples: "0.694554 0.696357 0.696589 0.697760 0.703916"
run-time-throughput: N/A
kernel-energy-mean: 48.382644 [J]
kernel-energy-stddev: 0.482050 [J]
kernel-energy-median: 48.360190 [J]
kernel-energy-min: 47.692035 [J]
kernel-energy-max: 48.954040 [J]
kernel-energy-samples: "47.692035 48.213150 48.360190 48.693805 48.954040"
Verification: PASS
