********** Results for Nbody_local_mem**********
problem-size: 8192
local-size: 256
num-iters: 500
core-freq: 1515
memory-freq: 877
device-name: Tesla V100-SXM2-16GB
sycl-implementation: LLVM CUDA (Intel DPC++)
throughput-metric: N/A
kernel-time-mean: 0.576583 [s]
kernel-time-stddev: 0.000108 [s]
kernel-time-median: 0.576604 [s]
kernel-time-min: 0.576442 [s]
kernel-time-samples: "0.576442 0.576508 0.576604 0.576651 0.576710"
kernel-time-throughput: N/A
run-time-mean: 0.592136 [s]
run-time-stddev: 0.002563 [s]
run-time-median: 0.592317 [s]
run-time-min: 0.589207 [s]
run-time-samples: "0.589207 0.589920 0.592317 0.594152 0.595084"
run-time-throughput: N/A
kernel-energy-mean: 52.915976 [J]
kernel-energy-stddev: 0.242863 [J]
kernel-energy-median: 52.941220 [J]
kernel-energy-min: 52.506020 [J]
kernel-energy-max: 53.115030 [J]
kernel-energy-samples: "52.506020 52.936790 52.941220 53.080820 53.115030"
Verification: PASS
