********** Results for Nbody_local_mem**********
problem-size: 8192
local-size: 256
num-iters: 500
core-freq: 622
memory-freq: 877
device-name: Tesla V100-SXM2-16GB
sycl-implementation: LLVM CUDA (Intel DPC++)
throughput-metric: N/A
kernel-time-mean: 1.405275 [s]
kernel-time-stddev: 0.000320 [s]
kernel-time-median: 1.405170 [s]
kernel-time-min: 1.404894 [s]
kernel-time-samples: "1.404894 1.405132 1.405170 1.405459 1.405720"
kernel-time-throughput: N/A
run-time-mean: 1.415975 [s]
run-time-stddev: 0.001496 [s]
run-time-median: 1.416475 [s]
run-time-min: 1.413531 [s]
run-time-samples: "1.413531 1.415698 1.416475 1.416784 1.417389"
run-time-throughput: N/A
kernel-energy-mean: 62.099920 [J]
kernel-energy-stddev: 0.116306 [J]
kernel-energy-median: 62.054210 [J]
kernel-energy-min: 62.027895 [J]
kernel-energy-max: 62.306625 [J]
kernel-energy-samples: "62.027895 62.046865 62.054210 62.064005 62.306625"
Verification: PASS
