********** Results for Nbody_local_mem**********
problem-size: 8192
local-size: 256
num-iters: 500
core-freq: 1530
memory-freq: 877
device-name: Tesla V100-SXM2-16GB
sycl-implementation: LLVM CUDA (Intel DPC++)
throughput-metric: N/A
kernel-time-mean: 0.571399 [s]
kernel-time-stddev: 0.000176 [s]
kernel-time-median: 0.571355 [s]
kernel-time-min: 0.571220 [s]
kernel-time-samples: "0.571220 0.571336 0.571355 0.571392 0.571691"
kernel-time-throughput: N/A
run-time-mean: 0.584366 [s]
run-time-stddev: 0.001535 [s]
run-time-median: 0.583608 [s]
run-time-min: 0.583189 [s]
run-time-samples: "0.583189 0.583428 0.583608 0.584692 0.586912"
run-time-throughput: N/A
kernel-energy-mean: 53.302335 [J]
kernel-energy-stddev: 0.797503 [J]
kernel-energy-median: 52.974300 [J]
kernel-energy-min: 52.535635 [J]
kernel-energy-max: 54.602680 [J]
kernel-energy-samples: "52.535635 52.938215 52.974300 53.460845 54.602680"
Verification: PASS
