********** Results for Nbody_local_mem**********
problem-size: 8192
local-size: 256
num-iters: 500
core-freq: 262
memory-freq: 877
device-name: Tesla V100-SXM2-16GB
sycl-implementation: LLVM CUDA (Intel DPC++)
throughput-metric: N/A
kernel-time-mean: 4.063401 [s]
kernel-time-stddev: 0.000854 [s]
kernel-time-median: 4.063424 [s]
kernel-time-min: 4.062638 [s]
kernel-time-samples: "4.062638 4.062672 4.063424 4.063535 4.064736"
kernel-time-throughput: N/A
run-time-mean: 4.073066 [s]
run-time-stddev: 0.002144 [s]
run-time-median: 4.072979 [s]
run-time-min: 4.070136 [s]
run-time-samples: "4.070136 4.072186 4.072979 4.074172 4.075857"
run-time-throughput: N/A
kernel-energy-mean: 154.197988 [J]
kernel-energy-stddev: 1.223902 [J]
kernel-energy-median: 153.620205 [J]
kernel-energy-min: 153.498730 [J]
kernel-energy-max: 156.357800 [J]
kernel-energy-samples: "153.498730 153.517310 153.620205 153.995895 156.357800"
Verification: PASS
