********** Results for Nbody_local_mem**********
problem-size: 8192
local-size: 256
num-iters: 500
core-freq: 225
memory-freq: 877
device-name: Tesla V100-SXM2-16GB
sycl-implementation: LLVM CUDA (Intel DPC++)
throughput-metric: N/A
kernel-time-mean: 8.117772 [s]
kernel-time-stddev: 0.001457 [s]
kernel-time-median: 8.117659 [s]
kernel-time-min: 8.115736 [s]
kernel-time-samples: "8.115736 8.117205 8.117659 8.118726 8.119535"
kernel-time-throughput: N/A
run-time-mean: 8.128584 [s]
run-time-stddev: 0.001739 [s]
run-time-median: 8.128361 [s]
run-time-min: 8.126376 [s]
run-time-samples: "8.126376 8.127537 8.128361 8.130193 8.130450"
run-time-throughput: N/A
kernel-energy-mean: 245.261699 [J]
kernel-energy-stddev: 1.671311 [J]
kernel-energy-median: 245.756790 [J]
kernel-energy-min: 242.308775 [J]
kernel-energy-max: 246.359440 [J]
kernel-energy-samples: "242.308775 245.743900 245.756790 246.139590 246.359440"
Verification: PASS
