********** Results for Nbody_local_mem**********
problem-size: 8192
local-size: 256
num-iters: 500
core-freq: 1020
memory-freq: 877
device-name: Tesla V100-SXM2-16GB
sycl-implementation: LLVM CUDA (Intel DPC++)
throughput-metric: N/A
kernel-time-mean: 0.851833 [s]
kernel-time-stddev: 0.000093 [s]
kernel-time-median: 0.851818 [s]
kernel-time-min: 0.851720 [s]
kernel-time-samples: "0.851720 0.851791 0.851818 0.851869 0.851968"
kernel-time-throughput: N/A
run-time-mean: 0.863684 [s]
run-time-stddev: 0.004541 [s]
run-time-median: 0.861697 [s]
run-time-min: 0.861292 [s]
run-time-samples: "0.861292 0.861540 0.861697 0.862098 0.871791"
run-time-throughput: N/A
kernel-energy-mean: 43.638621 [J]
kernel-energy-stddev: 0.153157 [J]
kernel-energy-median: 43.738265 [J]
kernel-energy-min: 43.459950 [J]
kernel-energy-max: 43.765445 [J]
kernel-energy-samples: "43.459950 43.482910 43.738265 43.746535 43.765445"
Verification: PASS
