********** Results for Nbody_local_mem**********
problem-size: 8192
local-size: 256
num-iters: 500
core-freq: 240
memory-freq: 877
device-name: Tesla V100-SXM2-16GB
sycl-implementation: LLVM CUDA (Intel DPC++)
throughput-metric: N/A
kernel-time-mean: 4.168369 [s]
kernel-time-stddev: 0.000627 [s]
kernel-time-median: 4.168503 [s]
kernel-time-min: 4.167408 [s]
kernel-time-samples: "4.167408 4.168201 4.168503 4.168634 4.169100"
kernel-time-throughput: N/A
run-time-mean: 4.179330 [s]
run-time-stddev: 0.004758 [s]
run-time-median: 4.177349 [s]
run-time-min: 4.176551 [s]
run-time-samples: "4.176551 4.177240 4.177349 4.177700 4.187809"
run-time-throughput: N/A
kernel-energy-mean: 144.221402 [J]
kernel-energy-stddev: 1.467796 [J]
kernel-energy-median: 144.861790 [J]
kernel-energy-min: 141.674705 [J]
kernel-energy-max: 145.343270 [J]
kernel-energy-samples: "141.674705 144.334630 144.861790 144.892615 145.343270"
Verification: PASS
