********** Results for Nbody_local_mem**********
problem-size: 8192
local-size: 256
num-iters: 500
core-freq: 135
memory-freq: 877
device-name: Tesla V100-SXM2-16GB
sycl-implementation: LLVM CUDA (Intel DPC++)
throughput-metric: N/A
kernel-time-mean: 8.336441 [s]
kernel-time-stddev: 0.002244 [s]
kernel-time-median: 8.335943 [s]
kernel-time-min: 8.333844 [s]
kernel-time-samples: "8.333844 8.334955 8.335943 8.338258 8.339205"
kernel-time-throughput: N/A
run-time-mean: 8.346025 [s]
run-time-stddev: 0.002683 [s]
run-time-median: 8.346585 [s]
run-time-min: 8.342274 [s]
run-time-samples: "8.342274 8.344538 8.346585 8.347570 8.349158"
run-time-throughput: N/A
kernel-energy-mean: 263.173123 [J]
kernel-energy-stddev: 0.525329 [J]
kernel-energy-median: 263.404065 [J]
kernel-energy-min: 262.412840 [J]
kernel-energy-max: 263.611625 [J]
kernel-energy-samples: "262.412840 262.846985 263.404065 263.590100 263.611625"
Verification: PASS
