********** Results for Nbody_local_mem**********
problem-size: 8192
local-size: 256
num-iters: 500
core-freq: 1387
memory-freq: 877
device-name: Tesla V100-SXM2-16GB
sycl-implementation: LLVM CUDA (Intel DPC++)
throughput-metric: N/A
kernel-time-mean: 0.630897 [s]
kernel-time-stddev: 0.000185 [s]
kernel-time-median: 0.630827 [s]
kernel-time-min: 0.630784 [s]
kernel-time-samples: "0.630784 0.630803 0.630827 0.630846 0.631226"
kernel-time-throughput: N/A
run-time-mean: 0.648878 [s]
run-time-stddev: 0.005493 [s]
run-time-median: 0.649135 [s]
run-time-min: 0.640675 [s]
run-time-samples: "0.640675 0.648387 0.649135 0.650136 0.656056"
run-time-throughput: N/A
kernel-energy-mean: 48.225616 [J]
kernel-energy-stddev: 0.373263 [J]
kernel-energy-median: 48.173850 [J]
kernel-energy-min: 47.686410 [J]
kernel-energy-max: 48.583030 [J]
kernel-energy-samples: "47.686410 48.109095 48.173850 48.575695 48.583030"
Verification: PASS
