********** Results for Nbody_local_mem**********
problem-size: 8192
local-size: 256
num-iters: 500
core-freq: 435
memory-freq: 877
device-name: Tesla V100-SXM2-16GB
sycl-implementation: LLVM CUDA (Intel DPC++)
throughput-metric: N/A
kernel-time-mean: 3.989942 [s]
kernel-time-stddev: 0.000822 [s]
kernel-time-median: 3.989528 [s]
kernel-time-min: 3.989293 [s]
kernel-time-samples: "3.989293 3.989425 3.989528 3.990188 3.991277"
kernel-time-throughput: N/A
run-time-mean: 4.000483 [s]
run-time-stddev: 0.001672 [s]
run-time-median: 3.999869 [s]
run-time-min: 3.998950 [s]
run-time-samples: "3.998950 3.999814 3.999869 4.000470 4.003313"
run-time-throughput: N/A
kernel-energy-mean: 147.420168 [J]
kernel-energy-stddev: 0.482287 [J]
kernel-energy-median: 147.630670 [J]
kernel-energy-min: 146.559195 [J]
kernel-energy-max: 147.681495 [J]
kernel-energy-samples: "146.559195 147.594645 147.630670 147.634835 147.681495"
Verification: PASS
