********** Results for Nbody_local_mem**********
problem-size: 8192
local-size: 256
num-iters: 500
core-freq: 1185
memory-freq: 877
device-name: Tesla V100-SXM2-16GB
sycl-implementation: LLVM CUDA (Intel DPC++)
throughput-metric: N/A
kernel-time-mean: 0.736581 [s]
kernel-time-stddev: 0.000643 [s]
kernel-time-median: 0.736488 [s]
kernel-time-min: 0.735825 [s]
kernel-time-samples: "0.735825 0.736120 0.736488 0.737214 0.737259"
kernel-time-throughput: N/A
run-time-mean: 0.748205 [s]
run-time-stddev: 0.002924 [s]
run-time-median: 0.747721 [s]
run-time-min: 0.745173 [s]
run-time-samples: "0.745173 0.745735 0.747721 0.750580 0.751815"
run-time-throughput: N/A
kernel-energy-mean: 43.343064 [J]
kernel-energy-stddev: 0.126534 [J]
kernel-energy-median: 43.323290 [J]
kernel-energy-min: 43.241845 [J]
kernel-energy-max: 43.556760 [J]
kernel-energy-samples: "43.241845 43.255215 43.323290 43.338210 43.556760"
Verification: PASS
