********** Results for Nbody_local_mem**********
problem-size: 8192
local-size: 256
num-iters: 500
core-freq: 810
memory-freq: 877
device-name: Tesla V100-SXM2-16GB
sycl-implementation: LLVM CUDA (Intel DPC++)
throughput-metric: N/A
kernel-time-mean: 1.079610 [s]
kernel-time-stddev: 0.000068 [s]
kernel-time-median: 1.079625 [s]
kernel-time-min: 1.079491 [s]
kernel-time-samples: "1.079491 1.079624 1.079625 1.079653 1.079658"
kernel-time-throughput: N/A
run-time-mean: 1.090842 [s]
run-time-stddev: 0.001700 [s]
run-time-median: 1.089986 [s]
run-time-min: 1.089456 [s]
run-time-samples: "1.089456 1.089543 1.089986 1.091921 1.093303"
run-time-throughput: N/A
kernel-energy-mean: 51.152138 [J]
kernel-energy-stddev: 0.108237 [J]
kernel-energy-median: 51.124895 [J]
kernel-energy-min: 51.037560 [J]
kernel-energy-max: 51.329855 [J]
kernel-energy-samples: "51.037560 51.114655 51.124895 51.153725 51.329855"
Verification: PASS
