********** Results for Nbody_local_mem**********
problem-size: 8192
local-size: 256
num-iters: 500
core-freq: 1252
memory-freq: 877
device-name: Tesla V100-SXM2-16GB
sycl-implementation: LLVM CUDA (Intel DPC++)
throughput-metric: N/A
kernel-time-mean: 0.697922 [s]
kernel-time-stddev: 0.000245 [s]
kernel-time-median: 0.697978 [s]
kernel-time-min: 0.697618 [s]
kernel-time-samples: "0.697618 0.697741 0.697978 0.698041 0.698235"
kernel-time-throughput: N/A
run-time-mean: 0.714481 [s]
run-time-stddev: 0.004305 [s]
run-time-median: 0.717042 [s]
run-time-min: 0.708861 [s]
run-time-samples: "0.708861 0.710826 0.717042 0.717632 0.718042"
run-time-throughput: N/A
kernel-energy-mean: 43.795864 [J]
kernel-energy-stddev: 0.431026 [J]
kernel-energy-median: 43.674210 [J]
kernel-energy-min: 43.236875 [J]
kernel-energy-max: 44.348730 [J]
kernel-energy-samples: "43.236875 43.633875 43.674210 44.085630 44.348730"
Verification: PASS
