********** Results for Nbody_local_mem**********
problem-size: 8192
local-size: 256
num-iters: 500
core-freq: 967
memory-freq: 877
device-name: Tesla V100-SXM2-16GB
sycl-implementation: LLVM CUDA (Intel DPC++)
throughput-metric: N/A
kernel-time-mean: 0.902744 [s]
kernel-time-stddev: 0.000122 [s]
kernel-time-median: 0.902665 [s]
kernel-time-min: 0.902647 [s]
kernel-time-samples: "0.902647 0.902654 0.902665 0.902858 0.902895"
kernel-time-throughput: N/A
run-time-mean: 0.913857 [s]
run-time-stddev: 0.003539 [s]
run-time-median: 0.912815 [s]
run-time-min: 0.911542 [s]
run-time-samples: "0.911542 0.911846 0.912815 0.912993 0.920090"
run-time-throughput: N/A
kernel-energy-mean: 46.937068 [J]
kernel-energy-stddev: 0.043518 [J]
kernel-energy-median: 46.940070 [J]
kernel-energy-min: 46.875475 [J]
kernel-energy-max: 46.983520 [J]
kernel-energy-samples: "46.875475 46.915380 46.940070 46.970895 46.983520"
Verification: PASS
