********** Results for Nbody_local_mem**********
problem-size: 8192
local-size: 256
num-iters: 500
core-freq: 1335
memory-freq: 877
device-name: Tesla V100-SXM2-16GB
sycl-implementation: LLVM CUDA (Intel DPC++)
throughput-metric: N/A
kernel-time-mean: 0.651455 [s]
kernel-time-stddev: 0.000080 [s]
kernel-time-median: 0.651499 [s]
kernel-time-min: 0.651355 [s]
kernel-time-samples: "0.651355 0.651382 0.651499 0.651513 0.651527"
kernel-time-throughput: N/A
run-time-mean: 0.663917 [s]
run-time-stddev: 0.002502 [s]
run-time-median: 0.664913 [s]
run-time-min: 0.659479 [s]
run-time-samples: "0.659479 0.664569 0.664913 0.665173 0.665448"
run-time-throughput: N/A
kernel-energy-mean: 47.083425 [J]
kernel-energy-stddev: 0.158509 [J]
kernel-energy-median: 47.035545 [J]
kernel-energy-min: 46.949055 [J]
kernel-energy-max: 47.351350 [J]
kernel-energy-samples: "46.949055 46.992120 47.035545 47.089055 47.351350"
Verification: PASS
