********** Results for Nbody_local_mem**********
problem-size: 8192
local-size: 256
num-iters: 500
core-freq: 165
memory-freq: 877
device-name: Tesla V100-SXM2-16GB
sycl-implementation: LLVM CUDA (Intel DPC++)
throughput-metric: N/A
kernel-time-mean: 8.345295 [s]
kernel-time-stddev: 0.018040 [s]
kernel-time-median: 8.337276 [s]
kernel-time-min: 8.336927 [s]
kernel-time-samples: "8.336927 8.337031 8.337276 8.337678 8.377562"
kernel-time-throughput: N/A
run-time-mean: 8.355631 [s]
run-time-stddev: 0.016187 [s]
run-time-median: 8.349838 [s]
run-time-min: 8.344291 [s]
run-time-samples: "8.344291 8.349320 8.349838 8.350451 8.384254"
run-time-throughput: N/A
kernel-energy-mean: 248.834715 [J]
kernel-energy-stddev: 1.495161 [J]
kernel-energy-median: 249.161295 [J]
kernel-energy-min: 246.395190 [J]
kernel-energy-max: 250.349700 [J]
kernel-energy-samples: "246.395190 248.680850 249.161295 249.586540 250.349700"
Verification: PASS
