********** Results for Nbody_local_mem**********
problem-size: 8192
local-size: 256
num-iters: 500
core-freq: 1087
memory-freq: 877
device-name: Tesla V100-SXM2-16GB
sycl-implementation: LLVM CUDA (Intel DPC++)
throughput-metric: N/A
kernel-time-mean: 0.804717 [s]
kernel-time-stddev: 0.000338 [s]
kernel-time-median: 0.804721 [s]
kernel-time-min: 0.804259 [s]
kernel-time-samples: "0.804259 0.804526 0.804721 0.805005 0.805073"
kernel-time-throughput: N/A
run-time-mean: 0.816469 [s]
run-time-stddev: 0.002023 [s]
run-time-median: 0.816334 [s]
run-time-min: 0.814754 [s]
run-time-samples: "0.814754 0.814892 0.816334 0.816594 0.819771"
run-time-throughput: N/A
kernel-energy-mean: 44.009214 [J]
kernel-energy-stddev: 0.123514 [J]
kernel-energy-median: 43.968735 [J]
kernel-energy-min: 43.933695 [J]
kernel-energy-max: 44.228500 [J]
kernel-energy-samples: "43.933695 43.946145 43.968735 43.968995 44.228500"
Verification: PASS
