********** Results for Nbody_local_mem**********
problem-size: 8192
local-size: 256
num-iters: 500
core-freq: 210
memory-freq: 877
device-name: Tesla V100-SXM2-16GB
sycl-implementation: LLVM CUDA (Intel DPC++)
throughput-metric: N/A
kernel-time-mean: 8.079675 [s]
kernel-time-stddev: 0.001813 [s]
kernel-time-median: 8.080011 [s]
kernel-time-min: 8.077604 [s]
kernel-time-samples: "8.077604 8.078014 8.080011 8.081054 8.081695"
kernel-time-throughput: N/A
run-time-mean: 8.089461 [s]
run-time-stddev: 0.003084 [s]
run-time-median: 8.090937 [s]
run-time-min: 8.085281 [s]
run-time-samples: "8.085281 8.087127 8.090937 8.091627 8.092333"
run-time-throughput: N/A
kernel-energy-mean: 247.462936 [J]
kernel-energy-stddev: 0.276932 [J]
kernel-energy-median: 247.581220 [J]
kernel-energy-min: 246.967780 [J]
kernel-energy-max: 247.600780 [J]
kernel-energy-samples: "246.967780 247.578775 247.581220 247.586125 247.600780"
Verification: PASS
