********** Results for Nbody_local_mem**********
problem-size: 8192
local-size: 256
num-iters: 500
core-freq: 667
memory-freq: 877
device-name: Tesla V100-SXM2-16GB
sycl-implementation: LLVM CUDA (Intel DPC++)
throughput-metric: N/A
kernel-time-mean: 1.310670 [s]
kernel-time-stddev: 0.000445 [s]
kernel-time-median: 1.310460 [s]
kernel-time-min: 1.310414 [s]
kernel-time-samples: "1.310414 1.310440 1.310460 1.310579 1.311457"
kernel-time-throughput: N/A
run-time-mean: 1.320872 [s]
run-time-stddev: 0.001968 [s]
run-time-median: 1.321056 [s]
run-time-min: 1.318499 [s]
run-time-samples: "1.318499 1.319262 1.321056 1.322689 1.322854"
run-time-throughput: N/A
kernel-energy-mean: 59.096668 [J]
kernel-energy-stddev: 2.020108 [J]
kernel-energy-median: 60.215195 [J]
kernel-energy-min: 55.662000 [J]
kernel-energy-max: 60.475520 [J]
kernel-energy-samples: "55.662000 58.881645 60.215195 60.248980 60.475520"
Verification: PASS
