********** Results for Nbody_local_mem**********
problem-size: 8192
local-size: 256
num-iters: 500
core-freq: 825
memory-freq: 877
device-name: Tesla V100-SXM2-16GB
sycl-implementation: LLVM CUDA (Intel DPC++)
throughput-metric: N/A
kernel-time-mean: 1.059665 [s]
kernel-time-stddev: 0.000307 [s]
kernel-time-median: 1.059534 [s]
kernel-time-min: 1.059500 [s]
kernel-time-samples: "1.059500 1.059531 1.059534 1.059547 1.060214"
kernel-time-throughput: N/A
run-time-mean: 1.070521 [s]
run-time-stddev: 0.001685 [s]
run-time-median: 1.070447 [s]
run-time-min: 1.068057 [s]
run-time-samples: "1.068057 1.070373 1.070447 1.070957 1.072772"
run-time-throughput: N/A
kernel-energy-mean: 51.739492 [J]
kernel-energy-stddev: 0.167554 [J]
kernel-energy-median: 51.776885 [J]
kernel-energy-min: 51.473570 [J]
kernel-energy-max: 51.922895 [J]
kernel-energy-samples: "51.473570 51.709470 51.776885 51.814640 51.922895"
Verification: PASS
