********** Results for Nbody_local_mem**********
problem-size: 8192
local-size: 256
num-iters: 500
core-freq: 937
memory-freq: 877
device-name: Tesla V100-SXM2-16GB
sycl-implementation: LLVM CUDA (Intel DPC++)
throughput-metric: N/A
kernel-time-mean: 0.932220 [s]
kernel-time-stddev: 0.000229 [s]
kernel-time-median: 0.932223 [s]
kernel-time-min: 0.932007 [s]
kernel-time-samples: "0.932007 0.932011 0.932223 0.932302 0.932557"
kernel-time-throughput: N/A
run-time-mean: 0.943345 [s]
run-time-stddev: 0.003288 [s]
run-time-median: 0.941814 [s]
run-time-min: 0.940207 [s]
run-time-samples: "0.940207 0.941561 0.941814 0.944693 0.948449"
run-time-throughput: N/A
kernel-energy-mean: 46.199656 [J]
kernel-energy-stddev: 0.156523 [J]
kernel-energy-median: 46.103885 [J]
kernel-energy-min: 46.060175 [J]
kernel-energy-max: 46.380910 [J]
kernel-energy-samples: "46.060175 46.094255 46.103885 46.359055 46.380910"
Verification: PASS
