********** Results for Nbody_local_mem**********
problem-size: 8192
local-size: 256
num-iters: 500
core-freq: 1005
memory-freq: 877
device-name: Tesla V100-SXM2-16GB
sycl-implementation: LLVM CUDA (Intel DPC++)
throughput-metric: N/A
kernel-time-mean: 0.864360 [s]
kernel-time-stddev: 0.000228 [s]
kernel-time-median: 0.864284 [s]
kernel-time-min: 0.864131 [s]
kernel-time-samples: "0.864131 0.864184 0.864284 0.864552 0.864647"
kernel-time-throughput: N/A
run-time-mean: 0.876885 [s]
run-time-stddev: 0.001599 [s]
run-time-median: 0.877602 [s]
run-time-min: 0.874290 [s]
run-time-samples: "0.874290 0.876481 0.877602 0.877697 0.878354"
run-time-throughput: N/A
kernel-energy-mean: 46.073978 [J]
kernel-energy-stddev: 0.134055 [J]
kernel-energy-median: 46.135950 [J]
kernel-energy-min: 45.839675 [J]
kernel-energy-max: 46.155500 [J]
kernel-energy-samples: "45.839675 46.084915 46.135950 46.153850 46.155500"
Verification: PASS
