********** Results for Nbody_local_mem**********
problem-size: 8192
local-size: 256
num-iters: 500
core-freq: 772
memory-freq: 877
device-name: Tesla V100-SXM2-16GB
sycl-implementation: LLVM CUDA (Intel DPC++)
throughput-metric: N/A
kernel-time-mean: 1.132633 [s]
kernel-time-stddev: 0.000452 [s]
kernel-time-median: 1.132491 [s]
kernel-time-min: 1.132335 [s]
kernel-time-samples: "1.132335 1.132375 1.132491 1.132538 1.133428"
kernel-time-throughput: N/A
run-time-mean: 1.141650 [s]
run-time-stddev: 0.001629 [s]
run-time-median: 1.141428 [s]
run-time-min: 1.139554 [s]
run-time-samples: "1.139554 1.140785 1.141428 1.142818 1.143666"
run-time-throughput: N/A
kernel-energy-mean: 54.816436 [J]
kernel-energy-stddev: 0.128388 [J]
kernel-energy-median: 54.742675 [J]
kernel-energy-min: 54.693615 [J]
kernel-energy-max: 54.973795 [J]
kernel-energy-samples: "54.693615 54.736355 54.742675 54.935740 54.973795"
Verification: PASS
