********** Results for Nbody_local_mem**********
problem-size: 8192
local-size: 256
num-iters: 500
core-freq: 982
memory-freq: 877
device-name: Tesla V100-SXM2-16GB
sycl-implementation: LLVM CUDA (Intel DPC++)
throughput-metric: N/A
kernel-time-mean: 0.888767 [s]
kernel-time-stddev: 0.000063 [s]
kernel-time-median: 0.888764 [s]
kernel-time-min: 0.888692 [s]
kernel-time-samples: "0.888692 0.888719 0.888764 0.888822 0.888837"
kernel-time-throughput: N/A
run-time-mean: 0.899991 [s]
run-time-stddev: 0.000988 [s]
run-time-median: 0.900475 [s]
run-time-min: 0.898803 [s]
run-time-samples: "0.898803 0.899049 0.900475 0.900716 0.900911"
run-time-throughput: N/A
kernel-energy-mean: 48.216816 [J]
kernel-energy-stddev: 1.012967 [J]
kernel-energy-median: 48.662950 [J]
kernel-energy-min: 46.451695 [J]
kernel-energy-max: 48.974820 [J]
kernel-energy-samples: "46.451695 48.327305 48.662950 48.667310 48.974820"
Verification: PASS
