********** Results for Nbody_local_mem**********
problem-size: 8192
local-size: 256
num-iters: 500
core-freq: 472
memory-freq: 877
device-name: Tesla V100-SXM2-16GB
sycl-implementation: LLVM CUDA (Intel DPC++)
throughput-metric: N/A
kernel-time-mean: 3.721323 [s]
kernel-time-stddev: 0.000649 [s]
kernel-time-median: 3.721436 [s]
kernel-time-min: 3.720656 [s]
kernel-time-samples: "3.720656 3.720792 3.721436 3.721441 3.722289"
kernel-time-throughput: N/A
run-time-mean: 3.730690 [s]
run-time-stddev: 0.001954 [s]
run-time-median: 3.731119 [s]
run-time-min: 3.728431 [s]
run-time-samples: "3.728431 3.728948 3.731119 3.731943 3.733009"
run-time-throughput: N/A
kernel-energy-mean: 153.151247 [J]
kernel-energy-stddev: 1.451742 [J]
kernel-energy-median: 152.549440 [J]
kernel-energy-min: 151.367550 [J]
kernel-energy-max: 154.652565 [J]
kernel-energy-samples: "151.367550 152.534655 152.549440 154.652025 154.652565"
Verification: PASS
