********** Results for Nbody_local_mem**********
problem-size: 8192
local-size: 256
num-iters: 500
core-freq: 427
memory-freq: 877
device-name: Tesla V100-SXM2-16GB
sycl-implementation: LLVM CUDA (Intel DPC++)
throughput-metric: N/A
kernel-time-mean: 4.110965 [s]
kernel-time-stddev: 0.000855 [s]
kernel-time-median: 4.110470 [s]
kernel-time-min: 4.110248 [s]
kernel-time-samples: "4.110248 4.110319 4.110470 4.111813 4.111978"
kernel-time-throughput: N/A
run-time-mean: 4.122103 [s]
run-time-stddev: 0.001137 [s]
run-time-median: 4.121874 [s]
run-time-min: 4.121181 [s]
run-time-samples: "4.121181 4.121261 4.121874 4.122213 4.123987"
run-time-throughput: N/A
kernel-energy-mean: 151.940662 [J]
kernel-energy-stddev: 0.543310 [J]
kernel-energy-median: 152.226480 [J]
kernel-energy-min: 150.984390 [J]
kernel-energy-max: 152.252035 [J]
kernel-energy-samples: "150.984390 152.012565 152.226480 152.227840 152.252035"
Verification: PASS
