********** Results for Nbody_local_mem**********
problem-size: 8192
local-size: 256
num-iters: 500
core-freq: 720
memory-freq: 877
device-name: Tesla V100-SXM2-16GB
sycl-implementation: LLVM CUDA (Intel DPC++)
throughput-metric: N/A
kernel-time-mean: 1.215790 [s]
kernel-time-stddev: 0.000322 [s]
kernel-time-median: 1.215634 [s]
kernel-time-min: 1.215591 [s]
kernel-time-samples: "1.215591 1.215622 1.215634 1.215746 1.216355"
kernel-time-throughput: N/A
run-time-mean: 1.224680 [s]
run-time-stddev: 0.002057 [s]
run-time-median: 1.224609 [s]
run-time-min: 1.222444 [s]
run-time-samples: "1.222444 1.222850 1.224609 1.226735 1.226763"
run-time-throughput: N/A
kernel-energy-mean: 60.053232 [J]
kernel-energy-stddev: 0.611675 [J]
kernel-energy-median: 59.895750 [J]
kernel-energy-min: 59.321140 [J]
kernel-energy-max: 61.002175 [J]
kernel-energy-samples: "59.321140 59.893985 59.895750 60.153110 61.002175"
Verification: PASS
