********** Results for Nbody_local_mem**********
problem-size: 8192
local-size: 256
num-iters: 500
core-freq: 900
memory-freq: 877
device-name: Tesla V100-SXM2-16GB
sycl-implementation: LLVM CUDA (Intel DPC++)
throughput-metric: N/A
kernel-time-mean: 0.970890 [s]
kernel-time-stddev: 0.000230 [s]
kernel-time-median: 0.970768 [s]
kernel-time-min: 0.970726 [s]
kernel-time-samples: "0.970726 0.970736 0.970768 0.970952 0.971267"
kernel-time-throughput: N/A
run-time-mean: 0.981724 [s]
run-time-stddev: 0.001858 [s]
run-time-median: 0.982396 [s]
run-time-min: 0.978931 [s]
run-time-samples: "0.978931 0.980791 0.982396 0.983122 0.983377"
run-time-throughput: N/A
kernel-energy-mean: 47.774526 [J]
kernel-energy-stddev: 0.387992 [J]
kernel-energy-median: 47.999250 [J]
kernel-energy-min: 47.124855 [J]
kernel-energy-max: 48.028390 [J]
kernel-energy-samples: "47.124855 47.701170 47.999250 48.018965 48.028390"
Verification: PASS
