********** Results for Nbody_local_mem**********
problem-size: 8192
local-size: 256
num-iters: 500
core-freq: 270
memory-freq: 877
device-name: Tesla V100-SXM2-16GB
sycl-implementation: LLVM CUDA (Intel DPC++)
throughput-metric: N/A
kernel-time-mean: 4.113782 [s]
kernel-time-stddev: 0.004577 [s]
kernel-time-median: 4.111887 [s]
kernel-time-min: 4.110924 [s]
kernel-time-samples: "4.110924 4.111459 4.111887 4.112761 4.121882"
kernel-time-throughput: N/A
run-time-mean: 4.122902 [s]
run-time-stddev: 0.004157 [s]
run-time-median: 4.123402 [s]
run-time-min: 4.117908 [s]
run-time-samples: "4.117908 4.120642 4.123402 4.123448 4.129108"
run-time-throughput: N/A
kernel-energy-mean: 152.014108 [J]
kernel-energy-stddev: 0.154841 [J]
kernel-energy-median: 152.029980 [J]
kernel-energy-min: 151.830445 [J]
kernel-energy-max: 152.243005 [J]
kernel-energy-samples: "151.830445 151.921675 152.029980 152.045435 152.243005"
Verification: PASS
