********** Results for Nbody_local_mem**********
problem-size: 8192
local-size: 256
num-iters: 500
core-freq: 292
memory-freq: 877
device-name: Tesla V100-SXM2-16GB
sycl-implementation: LLVM CUDA (Intel DPC++)
throughput-metric: N/A
kernel-time-mean: 4.038139 [s]
kernel-time-stddev: 0.000667 [s]
kernel-time-median: 4.038095 [s]
kernel-time-min: 4.037148 [s]
kernel-time-samples: "4.037148 4.038016 4.038095 4.038488 4.038951"
kernel-time-throughput: N/A
run-time-mean: 4.047088 [s]
run-time-stddev: 0.001380 [s]
run-time-median: 4.046620 [s]
run-time-min: 4.045413 [s]
run-time-samples: "4.045413 4.046612 4.046620 4.047713 4.049082"
run-time-throughput: N/A
kernel-energy-mean: 151.838469 [J]
kernel-energy-stddev: 0.089371 [J]
kernel-energy-median: 151.801265 [J]
kernel-energy-min: 151.789350 [J]
kernel-energy-max: 151.998035 [J]
kernel-energy-samples: "151.789350 151.799835 151.801265 151.803860 151.998035"
Verification: PASS
