********** Results for Nbody_local_mem**********
problem-size: 8192
local-size: 256
num-iters: 500
core-freq: 645
memory-freq: 877
device-name: Tesla V100-SXM2-16GB
sycl-implementation: LLVM CUDA (Intel DPC++)
throughput-metric: N/A
kernel-time-mean: 1.357221 [s]
kernel-time-stddev: 0.000053 [s]
kernel-time-median: 1.357226 [s]
kernel-time-min: 1.357136 [s]
kernel-time-samples: "1.357136 1.357210 1.357226 1.357264 1.357266"
kernel-time-throughput: N/A
run-time-mean: 1.366231 [s]
run-time-stddev: 0.001912 [s]
run-time-median: 1.364916 [s]
run-time-min: 1.364794 [s]
run-time-samples: "1.364794 1.364828 1.364916 1.367971 1.368647"
run-time-throughput: N/A
kernel-energy-mean: 64.967186 [J]
kernel-energy-stddev: 0.153063 [J]
kernel-energy-median: 64.865105 [J]
kernel-energy-min: 64.846110 [J]
kernel-energy-max: 65.160085 [J]
kernel-energy-samples: "64.846110 64.857885 64.865105 65.106745 65.160085"
Verification: PASS
