********** Results for Nbody_local_mem**********
problem-size: 8192
local-size: 256
num-iters: 500
core-freq: 495
memory-freq: 877
device-name: Tesla V100-SXM2-16GB
sycl-implementation: LLVM CUDA (Intel DPC++)
throughput-metric: N/A
kernel-time-mean: 1.775552 [s]
kernel-time-stddev: 0.000357 [s]
kernel-time-median: 1.775382 [s]
kernel-time-min: 1.775318 [s]
kernel-time-samples: "1.775318 1.775381 1.775382 1.775498 1.776179"
kernel-time-throughput: N/A
run-time-mean: 1.786470 [s]
run-time-stddev: 0.003088 [s]
run-time-median: 1.785466 [s]
run-time-min: 1.783113 [s]
run-time-samples: "1.783113 1.784803 1.785466 1.787916 1.791052"
run-time-throughput: N/A
kernel-energy-mean: 74.847627 [J]
kernel-energy-stddev: 0.372002 [J]
kernel-energy-median: 74.696555 [J]
kernel-energy-min: 74.472060 [J]
kernel-energy-max: 75.444555 [J]
kernel-energy-samples: "74.472060 74.688235 74.696555 74.936730 75.444555"
Verification: PASS
