********** Results for Nbody_local_mem**********
problem-size: 8192
local-size: 256
num-iters: 500
core-freq: 1215
memory-freq: 877
device-name: Tesla V100-SXM2-16GB
sycl-implementation: LLVM CUDA (Intel DPC++)
throughput-metric: N/A
kernel-time-mean: 0.717246 [s]
kernel-time-stddev: 0.000364 [s]
kernel-time-median: 0.717284 [s]
kernel-time-min: 0.716813 [s]
kernel-time-samples: "0.716813 0.716952 0.717284 0.717495 0.717684"
kernel-time-throughput: N/A
run-time-mean: 0.728237 [s]
run-time-stddev: 0.001619 [s]
run-time-median: 0.728789 [s]
run-time-min: 0.726390 [s]
run-time-samples: "0.726390 0.726633 0.728789 0.729684 0.729687"
run-time-throughput: N/A
kernel-energy-mean: 43.492072 [J]
kernel-energy-stddev: 0.325469 [J]
kernel-energy-median: 43.416310 [J]
kernel-energy-min: 43.239055 [J]
kernel-energy-max: 44.055255 [J]
kernel-energy-samples: "43.239055 43.306620 43.416310 43.443120 44.055255"
Verification: PASS
