********** Results for Nbody_local_mem**********
problem-size: 8192
local-size: 256
num-iters: 500
core-freq: 1147
memory-freq: 877
device-name: Tesla V100-SXM2-16GB
sycl-implementation: LLVM CUDA (Intel DPC++)
throughput-metric: N/A
kernel-time-mean: 0.761997 [s]
kernel-time-stddev: 0.000169 [s]
kernel-time-median: 0.761972 [s]
kernel-time-min: 0.761849 [s]
kernel-time-samples: "0.761849 0.761871 0.761972 0.762023 0.762270"
kernel-time-throughput: N/A
run-time-mean: 0.772071 [s]
run-time-stddev: 0.003960 [s]
run-time-median: 0.770187 [s]
run-time-min: 0.769841 [s]
run-time-samples: "0.769841 0.769871 0.770187 0.771393 0.779064"
run-time-throughput: N/A
kernel-energy-mean: 44.969854 [J]
kernel-energy-stddev: 0.896732 [J]
kernel-energy-median: 45.353855 [J]
kernel-energy-min: 43.366195 [J]
kernel-energy-max: 45.401540 [J]
kernel-energy-samples: "43.366195 45.347530 45.353855 45.380150 45.401540"
Verification: PASS
