********** Results for ScalarProduct_NDRange_fp32**********
problem-size: 8192
local-size: 256
num-iters: 200000
core-freq: 360
memory-freq: 877
device-name: Tesla V100-SXM2-16GB
sycl-implementation: LLVM CUDA (Intel DPC++)
throughput-metric: N/A
kernel-time-mean: 6.178595 [s]
kernel-time-stddev: 0.000968 [s]
kernel-time-median: 6.178412 [s]
kernel-time-min: 6.177451 [s]
kernel-time-samples: "6.177451 6.178093 6.178412 6.179019 6.179999"
kernel-time-throughput: N/A
run-time-mean: 6.235344 [s]
run-time-stddev: 0.006717 [s]
run-time-median: 6.235268 [s]
run-time-min: 6.225854 [s]
run-time-samples: "6.225854 6.233275 6.235268 6.238129 6.244196"
run-time-throughput: N/A
kernel-energy-mean: 213.849412 [J]
kernel-energy-stddev: 2.177800 [J]
kernel-energy-median: 214.391570 [J]
kernel-energy-min: 210.156300 [J]
kernel-energy-max: 215.960570 [J]
kernel-energy-samples: "210.156300 214.226710 214.391570 214.511910 215.960570"
Verification: PASS
