********** Results for ScalarProduct_NDRange_fp32**********
problem-size: 8192
local-size: 256
num-iters: 200000
core-freq: 1245
memory-freq: 877
device-name: Tesla V100-SXM2-16GB
sycl-implementation: LLVM CUDA (Intel DPC++)
throughput-metric: N/A
kernel-time-mean: 1.056354 [s]
kernel-time-stddev: 0.000432 [s]
kernel-time-median: 1.056425 [s]
kernel-time-min: 1.055670 [s]
kernel-time-samples: "1.055670 1.056270 1.056425 1.056590 1.056815"
kernel-time-throughput: N/A
run-time-mean: 1.115538 [s]
run-time-stddev: 0.005084 [s]
run-time-median: 1.115828 [s]
run-time-min: 1.108058 [s]
run-time-samples: "1.108058 1.113537 1.115828 1.119379 1.120887"
run-time-throughput: N/A
kernel-energy-mean: 50.723182 [J]
kernel-energy-stddev: 0.800132 [J]
kernel-energy-median: 51.000845 [J]
kernel-energy-min: 49.591425 [J]
kernel-energy-max: 51.485110 [J]
kernel-energy-samples: "49.591425 50.213345 51.000845 51.325185 51.485110"
Verification: PASS
