********** Results for ScalarProduct_NDRange_fp32**********
problem-size: 8192
local-size: 256
num-iters: 200000
core-freq: 367
memory-freq: 877
device-name: Tesla V100-SXM2-16GB
sycl-implementation: LLVM CUDA (Intel DPC++)
throughput-metric: N/A
kernel-time-mean: 5.974293 [s]
kernel-time-stddev: 0.000884 [s]
kernel-time-median: 5.974464 [s]
kernel-time-min: 5.973258 [s]
kernel-time-samples: "5.973258 5.973588 5.974464 5.974692 5.975463"
kernel-time-throughput: N/A
run-time-mean: 6.027938 [s]
run-time-stddev: 0.004930 [s]
run-time-median: 6.030036 [s]
run-time-min: 6.020083 [s]
run-time-samples: "6.020083 6.026306 6.030036 6.030865 6.032399"
run-time-throughput: N/A
kernel-energy-mean: 206.748753 [J]
kernel-energy-stddev: 1.427245 [J]
kernel-energy-median: 207.279885 [J]
kernel-energy-min: 204.288290 [J]
kernel-energy-max: 207.811535 [J]
kernel-energy-samples: "204.288290 206.790125 207.279885 207.573930 207.811535"
Verification: PASS
