********** Results for ScalarProduct_NDRange_fp32**********
problem-size: 8192
local-size: 256
num-iters: 200000
core-freq: 532
memory-freq: 877
device-name: Tesla V100-SXM2-16GB
sycl-implementation: LLVM CUDA (Intel DPC++)
throughput-metric: N/A
kernel-time-mean: 2.482390 [s]
kernel-time-stddev: 0.001086 [s]
kernel-time-median: 2.481933 [s]
kernel-time-min: 2.481432 [s]
kernel-time-samples: "2.481432 2.481696 2.481933 2.482781 2.484109"
kernel-time-throughput: N/A
run-time-mean: 2.536319 [s]
run-time-stddev: 0.003196 [s]
run-time-median: 2.538192 [s]
run-time-min: 2.531420 [s]
run-time-samples: "2.531420 2.534709 2.538192 2.538589 2.538687"
run-time-throughput: N/A
kernel-energy-mean: 93.607961 [J]
kernel-energy-stddev: 2.147292 [J]
kernel-energy-median: 94.579715 [J]
kernel-energy-min: 89.769180 [J]
kernel-energy-max: 94.643330 [J]
kernel-energy-samples: "89.769180 94.441855 94.579715 94.605725 94.643330"
Verification: PASS
