********** Results for ScalarProduct_NDRange_fp32**********
problem-size: 8192
local-size: 256
num-iters: 200000
core-freq: 1065
memory-freq: 877
device-name: Tesla V100-SXM2-16GB
sycl-implementation: LLVM CUDA (Intel DPC++)
throughput-metric: N/A
kernel-time-mean: 1.229527 [s]
kernel-time-stddev: 0.000482 [s]
kernel-time-median: 1.229443 [s]
kernel-time-min: 1.229166 [s]
kernel-time-samples: "1.229166 1.229194 1.229443 1.229482 1.230350"
kernel-time-throughput: N/A
run-time-mean: 1.288865 [s]
run-time-stddev: 0.003666 [s]
run-time-median: 1.287084 [s]
run-time-min: 1.285261 [s]
run-time-samples: "1.285261 1.286559 1.287084 1.291544 1.293875"
run-time-throughput: N/A
kernel-energy-mean: 54.070435 [J]
kernel-energy-stddev: 0.089853 [J]
kernel-energy-median: 54.109020 [J]
kernel-energy-min: 53.910150 [J]
kernel-energy-max: 54.117640 [J]
kernel-energy-samples: "53.910150 54.100220 54.109020 54.115145 54.117640"
Verification: PASS
