********** Results for ScalarProduct_NDRange_fp32**********
problem-size: 8192
local-size: 256
num-iters: 200000
core-freq: 1312
memory-freq: 877
device-name: Tesla V100-SXM2-16GB
sycl-implementation: LLVM CUDA (Intel DPC++)
throughput-metric: N/A
kernel-time-mean: 1.004217 [s]
kernel-time-stddev: 0.000190 [s]
kernel-time-median: 1.004152 [s]
kernel-time-min: 1.004080 [s]
kernel-time-samples: "1.004080 1.004115 1.004152 1.004189 1.004549"
kernel-time-throughput: N/A
run-time-mean: 1.066532 [s]
run-time-stddev: 0.005577 [s]
run-time-median: 1.069107 [s]
run-time-min: 1.059960 [s]
run-time-samples: "1.059960 1.061380 1.069107 1.069341 1.072871"
run-time-throughput: N/A
kernel-energy-mean: 50.913244 [J]
kernel-energy-stddev: 0.190464 [J]
kernel-energy-median: 50.793725 [J]
kernel-energy-min: 50.755015 [J]
kernel-energy-max: 51.156685 [J]
kernel-energy-samples: "50.755015 50.778850 50.793725 51.081945 51.156685"
Verification: PASS
