********** Results for ScalarProduct_NDRange_fp32**********
problem-size: 8192
local-size: 256
num-iters: 200000
core-freq: 202
memory-freq: 877
device-name: Tesla V100-SXM2-16GB
sycl-implementation: LLVM CUDA (Intel DPC++)
throughput-metric: N/A
kernel-time-mean: 11.955177 [s]
kernel-time-stddev: 0.002408 [s]
kernel-time-median: 11.953889 [s]
kernel-time-min: 11.953228 [s]
kernel-time-samples: "11.953228 11.953734 11.953889 11.955983 11.959051"
kernel-time-throughput: N/A
run-time-mean: 12.015484 [s]
run-time-stddev: 0.007463 [s]
run-time-median: 12.015832 [s]
run-time-min: 12.004739 [s]
run-time-samples: "12.004739 12.012867 12.015832 12.019187 12.024793"
run-time-throughput: N/A
kernel-energy-mean: 406.897155 [J]
kernel-energy-stddev: 1.888217 [J]
kernel-energy-median: 406.732240 [J]
kernel-energy-min: 405.099760 [J]
kernel-energy-max: 409.476890 [J]
kernel-energy-samples: "405.099760 405.146570 406.732240 408.030315 409.476890"
Verification: PASS
