********** Results for ScalarProduct_NDRange_fp32**********
problem-size: 8192
local-size: 256
num-iters: 200000
core-freq: 322
memory-freq: 877
device-name: Tesla V100-SXM2-16GB
sycl-implementation: LLVM CUDA (Intel DPC++)
throughput-metric: N/A
kernel-time-mean: 6.291282 [s]
kernel-time-stddev: 0.001801 [s]
kernel-time-median: 6.290848 [s]
kernel-time-min: 6.289262 [s]
kernel-time-samples: "6.289262 6.290081 6.290848 6.292563 6.293654"
kernel-time-throughput: N/A
run-time-mean: 6.348428 [s]
run-time-stddev: 0.005220 [s]
run-time-median: 6.347253 [s]
run-time-min: 6.342997 [s]
run-time-samples: "6.342997 6.347189 6.347253 6.347563 6.357136"
run-time-throughput: N/A
kernel-energy-mean: 229.546163 [J]
kernel-energy-stddev: 1.297666 [J]
kernel-energy-median: 229.170100 [J]
kernel-energy-min: 228.732535 [J]
kernel-energy-max: 231.831490 [J]
kernel-energy-samples: "228.732535 228.764455 229.170100 229.232235 231.831490"
Verification: PASS
