********** Results for ScalarProduct_NDRange_fp32**********
problem-size: 8192
local-size: 256
num-iters: 200000
core-freq: 945
memory-freq: 877
device-name: Tesla V100-SXM2-16GB
sycl-implementation: LLVM CUDA (Intel DPC++)
throughput-metric: N/A
kernel-time-mean: 1.393584 [s]
kernel-time-stddev: 0.001721 [s]
kernel-time-median: 1.394140 [s]
kernel-time-min: 1.390581 [s]
kernel-time-samples: "1.390581 1.394048 1.394140 1.394161 1.394989"
kernel-time-throughput: N/A
run-time-mean: 1.451060 [s]
run-time-stddev: 0.005346 [s]
run-time-median: 1.452159 [s]
run-time-min: 1.444414 [s]
run-time-samples: "1.444414 1.447734 1.452159 1.452458 1.458537"
run-time-throughput: N/A
kernel-energy-mean: 54.395084 [J]
kernel-energy-stddev: 0.103614 [J]
kernel-energy-median: 54.361135 [J]
kernel-energy-min: 54.319810 [J]
kernel-energy-max: 54.575905 [J]
kernel-energy-samples: "54.319810 54.338480 54.361135 54.380090 54.575905"
Verification: PASS
