********** Results for ScalarProduct_NDRange_fp32**********
problem-size: 8192
local-size: 256
num-iters: 200000
core-freq: 742
memory-freq: 877
device-name: Tesla V100-SXM2-16GB
sycl-implementation: LLVM CUDA (Intel DPC++)
throughput-metric: N/A
kernel-time-mean: 1.776158 [s]
kernel-time-stddev: 0.000655 [s]
kernel-time-median: 1.775974 [s]
kernel-time-min: 1.775626 [s]
kernel-time-samples: "1.775626 1.775912 1.775974 1.775977 1.777300"
kernel-time-throughput: N/A
run-time-mean: 1.830677 [s]
run-time-stddev: 0.004147 [s]
run-time-median: 1.830939 [s]
run-time-min: 1.825332 [s]
run-time-samples: "1.825332 1.827803 1.830939 1.834321 1.834993"
run-time-throughput: N/A
kernel-energy-mean: 70.250876 [J]
kernel-energy-stddev: 0.046638 [J]
kernel-energy-median: 70.237600 [J]
kernel-energy-min: 70.193450 [J]
kernel-energy-max: 70.320255 [J]
kernel-energy-samples: "70.193450 70.237180 70.237600 70.265895 70.320255"
Verification: PASS
