********** Results for ScalarProduct_NDRange_fp32**********
problem-size: 8192
local-size: 256
num-iters: 200000
core-freq: 307
memory-freq: 877
device-name: Tesla V100-SXM2-16GB
sycl-implementation: LLVM CUDA (Intel DPC++)
throughput-metric: N/A
kernel-time-mean: 6.037844 [s]
kernel-time-stddev: 0.001920 [s]
kernel-time-median: 6.038437 [s]
kernel-time-min: 6.034692 [s]
kernel-time-samples: "6.034692 6.037475 6.038437 6.039186 6.039434"
kernel-time-throughput: N/A
run-time-mean: 6.100205 [s]
run-time-stddev: 0.009215 [s]
run-time-median: 6.098808 [s]
run-time-min: 6.086488 [s]
run-time-samples: "6.086488 6.098304 6.098808 6.107946 6.109480"
run-time-throughput: N/A
kernel-energy-mean: 208.750864 [J]
kernel-energy-stddev: 1.273376 [J]
kernel-energy-median: 209.129230 [J]
kernel-energy-min: 206.851230 [J]
kernel-energy-max: 209.901055 [J]
kernel-energy-samples: "206.851230 208.117140 209.129230 209.755665 209.901055"
Verification: PASS
