********** Results for ScalarProduct_NDRange_fp32**********
problem-size: 8192
local-size: 256
num-iters: 200000
core-freq: 1432
memory-freq: 877
device-name: Tesla V100-SXM2-16GB
sycl-implementation: LLVM CUDA (Intel DPC++)
throughput-metric: N/A
kernel-time-mean: 0.919670 [s]
kernel-time-stddev: 0.000231 [s]
kernel-time-median: 0.919614 [s]
kernel-time-min: 0.919497 [s]
kernel-time-samples: "0.919497 0.919521 0.919614 0.919654 0.920067"
kernel-time-throughput: N/A
run-time-mean: 0.978409 [s]
run-time-stddev: 0.003124 [s]
run-time-median: 0.976906 [s]
run-time-min: 0.975827 [s]
run-time-samples: "0.975827 0.976851 0.976906 0.978802 0.983656"
run-time-throughput: N/A
kernel-energy-mean: 49.574149 [J]
kernel-energy-stddev: 0.297591 [J]
kernel-energy-median: 49.512955 [J]
kernel-energy-min: 49.203230 [J]
kernel-energy-max: 50.003675 [J]
kernel-energy-samples: "49.203230 49.456235 49.512955 49.694650 50.003675"
Verification: PASS
