********** Results for ScalarProduct_NDRange_fp32**********
problem-size: 8192
local-size: 256
num-iters: 200000
core-freq: 1357
memory-freq: 877
device-name: Tesla V100-SXM2-16GB
sycl-implementation: LLVM CUDA (Intel DPC++)
throughput-metric: N/A
kernel-time-mean: 0.970480 [s]
kernel-time-stddev: 0.000055 [s]
kernel-time-median: 0.970492 [s]
kernel-time-min: 0.970420 [s]
kernel-time-samples: "0.970420 0.970430 0.970492 0.970509 0.970550"
kernel-time-throughput: N/A
run-time-mean: 1.029546 [s]
run-time-stddev: 0.005377 [s]
run-time-median: 1.030066 [s]
run-time-min: 1.020496 [s]
run-time-samples: "1.020496 1.029953 1.030066 1.033205 1.034011"
run-time-throughput: N/A
kernel-energy-mean: 48.761008 [J]
kernel-energy-stddev: 0.254818 [J]
kernel-energy-median: 48.801560 [J]
kernel-energy-min: 48.388570 [J]
kernel-energy-max: 49.050990 [J]
kernel-energy-samples: "48.388570 48.650800 48.801560 48.913120 49.050990"
Verification: PASS
