********** Results for ScalarProduct_NDRange_fp32**********
problem-size: 8192
local-size: 256
num-iters: 200000
core-freq: 375
memory-freq: 877
device-name: Tesla V100-SXM2-16GB
sycl-implementation: LLVM CUDA (Intel DPC++)
throughput-metric: N/A
kernel-time-mean: 6.047921 [s]
kernel-time-stddev: 0.000619 [s]
kernel-time-median: 6.048169 [s]
kernel-time-min: 6.046982 [s]
kernel-time-samples: "6.046982 6.047678 6.048169 6.048169 6.048605"
kernel-time-throughput: N/A
run-time-mean: 6.113141 [s]
run-time-stddev: 0.009939 [s]
run-time-median: 6.113791 [s]
run-time-min: 6.100494 [s]
run-time-samples: "6.100494 6.107689 6.113791 6.116726 6.127003"
run-time-throughput: N/A
kernel-energy-mean: 218.050762 [J]
kernel-energy-stddev: 2.125496 [J]
kernel-energy-median: 218.312580 [J]
kernel-energy-min: 214.522490 [J]
kernel-energy-max: 220.149550 [J]
kernel-energy-samples: "214.522490 218.151355 218.312580 219.117835 220.149550"
Verification: PASS
