********** Results for ScalarProduct_NDRange_fp32**********
problem-size: 8192
local-size: 256
num-iters: 200000
core-freq: 472
memory-freq: 877
device-name: Tesla V100-SXM2-16GB
sycl-implementation: LLVM CUDA (Intel DPC++)
throughput-metric: N/A
kernel-time-mean: 5.608073 [s]
kernel-time-stddev: 0.000565 [s]
kernel-time-median: 5.607844 [s]
kernel-time-min: 5.607408 [s]
kernel-time-samples: "5.607408 5.607828 5.607844 5.608445 5.608838"
kernel-time-throughput: N/A
run-time-mean: 5.660776 [s]
run-time-stddev: 0.004691 [s]
run-time-median: 5.659207 [s]
run-time-min: 5.655967 [s]
run-time-samples: "5.655967 5.658717 5.659207 5.661633 5.668357"
run-time-throughput: N/A
kernel-energy-mean: 216.394088 [J]
kernel-energy-stddev: 0.893546 [J]
kernel-energy-median: 216.044885 [J]
kernel-energy-min: 215.738905 [J]
kernel-energy-max: 217.963420 [J]
kernel-energy-samples: "215.738905 216.011355 216.044885 216.211875 217.963420"
Verification: PASS
