********** Results for ScalarProduct_NDRange_fp32**********
problem-size: 8192
local-size: 256
num-iters: 200000
core-freq: 630
memory-freq: 877
device-name: Tesla V100-SXM2-16GB
sycl-implementation: LLVM CUDA (Intel DPC++)
throughput-metric: N/A
kernel-time-mean: 2.091397 [s]
kernel-time-stddev: 0.004827 [s]
kernel-time-median: 2.093006 [s]
kernel-time-min: 2.082837 [s]
kernel-time-samples: "2.082837 2.092818 2.093006 2.094088 2.094235"
kernel-time-throughput: N/A
run-time-mean: 2.141708 [s]
run-time-stddev: 0.002294 [s]
run-time-median: 2.142419 [s]
run-time-min: 2.137903 [s]
run-time-samples: "2.137903 2.141603 2.142419 2.142619 2.143995"
run-time-throughput: N/A
kernel-energy-mean: 78.880291 [J]
kernel-energy-stddev: 1.533935 [J]
kernel-energy-median: 79.793555 [J]
kernel-energy-min: 76.281210 [J]
kernel-energy-max: 79.853635 [J]
kernel-energy-samples: "76.281210 78.679145 79.793555 79.793910 79.853635"
Verification: PASS
