********** Results for ScalarProduct_NDRange_fp32**********
problem-size: 8192
local-size: 256
num-iters: 200000
core-freq: 990
memory-freq: 877
device-name: Tesla V100-SXM2-16GB
sycl-implementation: LLVM CUDA (Intel DPC++)
throughput-metric: N/A
kernel-time-mean: 1.324704 [s]
kernel-time-stddev: 0.001590 [s]
kernel-time-median: 1.323897 [s]
kernel-time-min: 1.323570 [s]
kernel-time-samples: "1.323570 1.323736 1.323897 1.324929 1.327386"
kernel-time-throughput: N/A
run-time-mean: 1.374524 [s]
run-time-stddev: 0.005094 [s]
run-time-median: 1.375934 [s]
run-time-min: 1.367090 [s]
run-time-samples: "1.367090 1.372160 1.375934 1.377012 1.380422"
run-time-throughput: N/A
kernel-energy-mean: 54.134423 [J]
kernel-energy-stddev: 0.303066 [J]
kernel-energy-median: 54.244420 [J]
kernel-energy-min: 53.770460 [J]
kernel-energy-max: 54.496325 [J]
kernel-energy-samples: "53.770460 53.873055 54.244420 54.287855 54.496325"
Verification: PASS
