********** Results for ScalarProduct_NDRange_fp32**********
problem-size: 8192
local-size: 256
num-iters: 200000
core-freq: 832
memory-freq: 877
device-name: Tesla V100-SXM2-16GB
sycl-implementation: LLVM CUDA (Intel DPC++)
throughput-metric: N/A
kernel-time-mean: 1.582950 [s]
kernel-time-stddev: 0.000195 [s]
kernel-time-median: 1.582932 [s]
kernel-time-min: 1.582769 [s]
kernel-time-samples: "1.582769 1.582827 1.582932 1.582948 1.583272"
kernel-time-throughput: N/A
run-time-mean: 1.638432 [s]
run-time-stddev: 0.005190 [s]
run-time-median: 1.635655 [s]
run-time-min: 1.634253 [s]
run-time-samples: "1.634253 1.635343 1.635655 1.640094 1.646816"
run-time-throughput: N/A
kernel-energy-mean: 60.969682 [J]
kernel-energy-stddev: 0.579460 [J]
kernel-energy-median: 61.332750 [J]
kernel-energy-min: 60.070590 [J]
kernel-energy-max: 61.377050 [J]
kernel-energy-samples: "60.070590 60.695865 61.332750 61.372155 61.377050"
Verification: PASS
