********** Results for ScalarProduct_NDRange_fp32**********
problem-size: 8192
local-size: 256
num-iters: 200000
core-freq: 442
memory-freq: 877
device-name: Tesla V100-SXM2-16GB
sycl-implementation: LLVM CUDA (Intel DPC++)
throughput-metric: N/A
kernel-time-mean: 5.987388 [s]
kernel-time-stddev: 0.001974 [s]
kernel-time-median: 5.986799 [s]
kernel-time-min: 5.985805 [s]
kernel-time-samples: "5.985805 5.986094 5.986799 5.987532 5.990710"
kernel-time-throughput: N/A
run-time-mean: 6.044870 [s]
run-time-stddev: 0.007436 [s]
run-time-median: 6.042570 [s]
run-time-min: 6.037043 [s]
run-time-samples: "6.037043 6.041294 6.042570 6.046822 6.056619"
run-time-throughput: N/A
kernel-energy-mean: 216.225812 [J]
kernel-energy-stddev: 1.429657 [J]
kernel-energy-median: 216.847090 [J]
kernel-energy-min: 213.671190 [J]
kernel-energy-max: 216.944310 [J]
kernel-energy-samples: "213.671190 216.764580 216.847090 216.901890 216.944310"
Verification: PASS
