********** Results for ScalarProduct_NDRange_fp32**********
problem-size: 8192
local-size: 256
num-iters: 200000
core-freq: 1237
memory-freq: 877
device-name: Tesla V100-SXM2-16GB
sycl-implementation: LLVM CUDA (Intel DPC++)
throughput-metric: N/A
kernel-time-mean: 1.065048 [s]
kernel-time-stddev: 0.000121 [s]
kernel-time-median: 1.065012 [s]
kernel-time-min: 1.064953 [s]
kernel-time-samples: "1.064953 1.064998 1.065012 1.065017 1.065260"
kernel-time-throughput: N/A
run-time-mean: 1.127624 [s]
run-time-stddev: 0.009579 [s]
run-time-median: 1.123131 [s]
run-time-min: 1.120600 [s]
run-time-samples: "1.120600 1.123068 1.123131 1.127073 1.144250"
run-time-throughput: N/A
kernel-energy-mean: 48.142592 [J]
kernel-energy-stddev: 1.216779 [J]
kernel-energy-median: 48.834715 [J]
kernel-energy-min: 46.627185 [J]
kernel-energy-max: 49.154785 [J]
kernel-energy-samples: "46.627185 47.022385 48.834715 49.073890 49.154785"
Verification: PASS
