********** Results for ScalarProduct_NDRange_fp32**********
problem-size: 8192
local-size: 256
num-iters: 200000
core-freq: 502
memory-freq: 877
device-name: Tesla V100-SXM2-16GB
sycl-implementation: LLVM CUDA (Intel DPC++)
throughput-metric: N/A
kernel-time-mean: 2.638412 [s]
kernel-time-stddev: 0.000926 [s]
kernel-time-median: 2.637947 [s]
kernel-time-min: 2.637623 [s]
kernel-time-samples: "2.637623 2.637786 2.637947 2.638887 2.639816"
kernel-time-throughput: N/A
run-time-mean: 2.705808 [s]
run-time-stddev: 0.032958 [s]
run-time-median: 2.691939 [s]
run-time-min: 2.687779 [s]
run-time-samples: "2.687779 2.689607 2.691939 2.695154 2.764558"
run-time-throughput: N/A
kernel-energy-mean: 97.502149 [J]
kernel-energy-stddev: 0.519262 [J]
kernel-energy-median: 97.688950 [J]
kernel-energy-min: 96.586830 [J]
kernel-energy-max: 97.878795 [J]
kernel-energy-samples: "96.586830 97.646010 97.688950 97.710160 97.878795"
Verification: PASS
