********** Results for ScalarProduct_NDRange_fp32**********
problem-size: 8192
local-size: 256
num-iters: 200000
core-freq: 1297
memory-freq: 877
device-name: Tesla V100-SXM2-16GB
sycl-implementation: LLVM CUDA (Intel DPC++)
throughput-metric: N/A
kernel-time-mean: 1.015792 [s]
kernel-time-stddev: 0.000222 [s]
kernel-time-median: 1.015638 [s]
kernel-time-min: 1.015624 [s]
kernel-time-samples: "1.015624 1.015629 1.015638 1.016005 1.016063"
kernel-time-throughput: N/A
run-time-mean: 1.071482 [s]
run-time-stddev: 0.006965 [s]
run-time-median: 1.070027 [s]
run-time-min: 1.064497 [s]
run-time-samples: "1.064497 1.065385 1.070027 1.078327 1.079172"
run-time-throughput: N/A
kernel-energy-mean: 51.404693 [J]
kernel-energy-stddev: 0.348973 [J]
kernel-energy-median: 51.596970 [J]
kernel-energy-min: 50.823445 [J]
kernel-energy-max: 51.636970 [J]
kernel-energy-samples: "50.823445 51.331250 51.596970 51.634830 51.636970"
Verification: PASS
