********** Results for ScalarProduct_NDRange_fp32**********
problem-size: 8192
local-size: 256
num-iters: 200000
core-freq: 870
memory-freq: 877
device-name: Tesla V100-SXM2-16GB
sycl-implementation: LLVM CUDA (Intel DPC++)
throughput-metric: N/A
kernel-time-mean: 1.514447 [s]
kernel-time-stddev: 0.002535 [s]
kernel-time-median: 1.515147 [s]
kernel-time-min: 1.509988 [s]
kernel-time-samples: "1.509988 1.515056 1.515147 1.516011 1.516034"
kernel-time-throughput: N/A
run-time-mean: 1.571936 [s]
run-time-stddev: 0.003527 [s]
run-time-median: 1.570194 [s]
run-time-min: 1.568898 [s]
run-time-samples: "1.568898 1.569074 1.570194 1.575518 1.575995"
run-time-throughput: N/A
kernel-energy-mean: 61.301212 [J]
kernel-energy-stddev: 0.445910 [J]
kernel-energy-median: 61.439265 [J]
kernel-energy-min: 60.539535 [J]
kernel-energy-max: 61.715810 [J]
kernel-energy-samples: "60.539535 61.371115 61.439265 61.440335 61.715810"
Verification: PASS
