********** Results for ScalarProduct_NDRange_fp32**********
problem-size: 8192
local-size: 256
num-iters: 200000
core-freq: 427
memory-freq: 877
device-name: Tesla V100-SXM2-16GB
sycl-implementation: LLVM CUDA (Intel DPC++)
throughput-metric: N/A
kernel-time-mean: 6.136703 [s]
kernel-time-stddev: 0.001348 [s]
kernel-time-median: 6.136504 [s]
kernel-time-min: 6.135245 [s]
kernel-time-samples: "6.135245 6.135597 6.136504 6.137908 6.138259"
kernel-time-throughput: N/A
run-time-mean: 6.199517 [s]
run-time-stddev: 0.015099 [s]
run-time-median: 6.192051 [s]
run-time-min: 6.187812 [s]
run-time-samples: "6.187812 6.190216 6.192051 6.203093 6.224414"
run-time-throughput: N/A
kernel-energy-mean: 214.955845 [J]
kernel-energy-stddev: 1.543441 [J]
kernel-energy-median: 215.729130 [J]
kernel-energy-min: 212.742950 [J]
kernel-energy-max: 216.542910 [J]
kernel-energy-samples: "212.742950 214.014845 215.729130 215.749390 216.542910"
Verification: PASS
