********** Results for ScalarProduct_NDRange_fp32**********
problem-size: 8192
local-size: 256
num-iters: 200000
core-freq: 967
memory-freq: 877
device-name: Tesla V100-SXM2-16GB
sycl-implementation: LLVM CUDA (Intel DPC++)
throughput-metric: N/A
kernel-time-mean: 1.361909 [s]
kernel-time-stddev: 0.000367 [s]
kernel-time-median: 1.361893 [s]
kernel-time-min: 1.361554 [s]
kernel-time-samples: "1.361554 1.361594 1.361893 1.362057 1.362449"
kernel-time-throughput: N/A
run-time-mean: 1.412678 [s]
run-time-stddev: 0.002504 [s]
run-time-median: 1.413811 [s]
run-time-min: 1.408226 [s]
run-time-samples: "1.408226 1.413346 1.413811 1.413970 1.414038"
run-time-throughput: N/A
kernel-energy-mean: 56.376700 [J]
kernel-energy-stddev: 0.140065 [J]
kernel-energy-median: 56.426035 [J]
kernel-energy-min: 56.128925 [J]
kernel-energy-max: 56.468385 [J]
kernel-energy-samples: "56.128925 56.413615 56.426035 56.446540 56.468385"
Verification: PASS
