********** Results for ScalarProduct_NDRange_fp32**********
problem-size: 8192
local-size: 256
num-iters: 200000
core-freq: 1260
memory-freq: 877
device-name: Tesla V100-SXM2-16GB
sycl-implementation: LLVM CUDA (Intel DPC++)
throughput-metric: N/A
kernel-time-mean: 1.042291 [s]
kernel-time-stddev: 0.001155 [s]
kernel-time-median: 1.042737 [s]
kernel-time-min: 1.040304 [s]
kernel-time-samples: "1.040304 1.042384 1.042737 1.042758 1.043272"
kernel-time-throughput: N/A
run-time-mean: 1.103269 [s]
run-time-stddev: 0.004754 [s]
run-time-median: 1.101745 [s]
run-time-min: 1.099263 [s]
run-time-samples: "1.099263 1.100996 1.101745 1.102902 1.111439"
run-time-throughput: N/A
kernel-energy-mean: 50.994627 [J]
kernel-energy-stddev: 0.236100 [J]
kernel-energy-median: 50.885825 [J]
kernel-energy-min: 50.720460 [J]
kernel-energy-max: 51.272825 [J]
kernel-energy-samples: "50.720460 50.884095 50.885825 51.209930 51.272825"
Verification: PASS
