********** Results for ScalarProduct_NDRange_fp32**********
problem-size: 8192
local-size: 256
num-iters: 200000
core-freq: 600
memory-freq: 877
device-name: Tesla V100-SXM2-16GB
sycl-implementation: LLVM CUDA (Intel DPC++)
throughput-metric: N/A
kernel-time-mean: 2.200131 [s]
kernel-time-stddev: 0.000479 [s]
kernel-time-median: 2.200078 [s]
kernel-time-min: 2.199547 [s]
kernel-time-samples: "2.199547 2.199873 2.200078 2.200350 2.200809"
kernel-time-throughput: N/A
run-time-mean: 2.251304 [s]
run-time-stddev: 0.003112 [s]
run-time-median: 2.252219 [s]
run-time-min: 2.247657 [s]
run-time-samples: "2.247657 2.248388 2.252219 2.253850 2.254404"
run-time-throughput: N/A
kernel-energy-mean: 81.016734 [J]
kernel-energy-stddev: 0.010920 [J]
kernel-energy-median: 81.013820 [J]
kernel-energy-min: 81.003930 [J]
kernel-energy-max: 81.033865 [J]
kernel-energy-samples: "81.003930 81.013785 81.013820 81.018270 81.033865"
Verification: PASS
