********** Results for ScalarProduct_NDRange_fp32**********
problem-size: 8192
local-size: 256
num-iters: 200000
core-freq: 240
memory-freq: 877
device-name: Tesla V100-SXM2-16GB
sycl-implementation: LLVM CUDA (Intel DPC++)
throughput-metric: N/A
kernel-time-mean: 6.270333 [s]
kernel-time-stddev: 0.000621 [s]
kernel-time-median: 6.270394 [s]
kernel-time-min: 6.269428 [s]
kernel-time-samples: "6.269428 6.270121 6.270394 6.270619 6.271102"
kernel-time-throughput: N/A
run-time-mean: 6.329052 [s]
run-time-stddev: 0.007941 [s]
run-time-median: 6.329254 [s]
run-time-min: 6.319737 [s]
run-time-samples: "6.319737 6.322855 6.329254 6.334492 6.338923"
run-time-throughput: N/A
kernel-energy-mean: 214.579069 [J]
kernel-energy-stddev: 1.245825 [J]
kernel-energy-median: 215.151750 [J]
kernel-energy-min: 212.415700 [J]
kernel-energy-max: 215.353870 [J]
kernel-energy-samples: "212.415700 214.621610 215.151750 215.352415 215.353870"
Verification: PASS
