********** Results for ScalarProduct_NDRange_fp32**********
problem-size: 8192
local-size: 256
num-iters: 200000
core-freq: 907
memory-freq: 877
device-name: Tesla V100-SXM2-16GB
sycl-implementation: LLVM CUDA (Intel DPC++)
throughput-metric: N/A
kernel-time-mean: 1.452248 [s]
kernel-time-stddev: 0.000331 [s]
kernel-time-median: 1.452366 [s]
kernel-time-min: 1.451850 [s]
kernel-time-samples: "1.451850 1.451947 1.452366 1.452487 1.452592"
kernel-time-throughput: N/A
run-time-mean: 1.510664 [s]
run-time-stddev: 0.005096 [s]
run-time-median: 1.508299 [s]
run-time-min: 1.505682 [s]
run-time-samples: "1.505682 1.507674 1.508299 1.513475 1.518188"
run-time-throughput: N/A
kernel-energy-mean: 58.419257 [J]
kernel-energy-stddev: 1.520288 [J]
kernel-energy-median: 59.044620 [J]
kernel-energy-min: 55.915030 [J]
kernel-energy-max: 59.714385 [J]
kernel-energy-samples: "55.915030 58.104850 59.044620 59.317400 59.714385"
Verification: PASS
