********** Results for ScalarProduct_NDRange_fp32**********
problem-size: 8192
local-size: 256
num-iters: 200000
core-freq: 915
memory-freq: 877
device-name: Tesla V100-SXM2-16GB
sycl-implementation: LLVM CUDA (Intel DPC++)
throughput-metric: N/A
kernel-time-mean: 1.440330 [s]
kernel-time-stddev: 0.002523 [s]
kernel-time-median: 1.440989 [s]
kernel-time-min: 1.435912 [s]
kernel-time-samples: "1.435912 1.440985 1.440989 1.441517 1.442246"
kernel-time-throughput: N/A
run-time-mean: 1.498629 [s]
run-time-stddev: 0.006691 [s]
run-time-median: 1.497349 [s]
run-time-min: 1.490904 [s]
run-time-samples: "1.490904 1.493852 1.497349 1.505450 1.505587"
run-time-throughput: N/A
kernel-energy-mean: 57.082520 [J]
kernel-energy-stddev: 0.210005 [J]
kernel-energy-median: 56.962440 [J]
kernel-energy-min: 56.897920 [J]
kernel-energy-max: 57.399845 [J]
kernel-energy-samples: "56.897920 56.959715 56.962440 57.192680 57.399845"
Verification: PASS
