********** Results for ScalarProduct_NDRange_fp32**********
problem-size: 8192
local-size: 256
num-iters: 200000
core-freq: 1230
memory-freq: 877
device-name: Tesla V100-SXM2-16GB
sycl-implementation: LLVM CUDA (Intel DPC++)
throughput-metric: N/A
kernel-time-mean: 1.065274 [s]
kernel-time-stddev: 0.000272 [s]
kernel-time-median: 1.065181 [s]
kernel-time-min: 1.064920 [s]
kernel-time-samples: "1.064920 1.065174 1.065181 1.065534 1.065563"
kernel-time-throughput: N/A
run-time-mean: 1.123446 [s]
run-time-stddev: 0.006007 [s]
run-time-median: 1.124275 [s]
run-time-min: 1.116691 [s]
run-time-samples: "1.116691 1.117846 1.124275 1.128847 1.129570"
run-time-throughput: N/A
kernel-energy-mean: 48.976590 [J]
kernel-energy-stddev: 0.527661 [J]
kernel-energy-median: 49.181860 [J]
kernel-energy-min: 48.037305 [J]
kernel-energy-max: 49.296165 [J]
kernel-energy-samples: "48.037305 49.158280 49.181860 49.209340 49.296165"
Verification: PASS
