********** Results for ScalarProduct_NDRange_fp32**********
problem-size: 8192
local-size: 256
num-iters: 200000
core-freq: 975
memory-freq: 877
device-name: Tesla V100-SXM2-16GB
sycl-implementation: LLVM CUDA (Intel DPC++)
throughput-metric: N/A
kernel-time-mean: 1.351445 [s]
kernel-time-stddev: 0.000248 [s]
kernel-time-median: 1.351353 [s]
kernel-time-min: 1.351273 [s]
kernel-time-samples: "1.351273 1.351318 1.351353 1.351397 1.351882"
kernel-time-throughput: N/A
run-time-mean: 1.407189 [s]
run-time-stddev: 0.007092 [s]
run-time-median: 1.407962 [s]
run-time-min: 1.399062 [s]
run-time-samples: "1.399062 1.401177 1.407962 1.411739 1.416005"
run-time-throughput: N/A
kernel-energy-mean: 54.334497 [J]
kernel-energy-stddev: 0.714646 [J]
kernel-energy-median: 54.555210 [J]
kernel-energy-min: 53.078655 [J]
kernel-energy-max: 54.832785 [J]
kernel-energy-samples: "53.078655 54.491940 54.555210 54.713895 54.832785"
Verification: PASS
