********** Results for Sinewave**********
problem-size: 8192
local-size: 256
num-iters: 10000
core-freq: 1327
memory-freq: 877
device-name: Tesla V100-SXM2-16GB
sycl-implementation: LLVM CUDA (Intel DPC++)
throughput-metric: N/A
kernel-time-mean: 0.966437 [s]
kernel-time-stddev: 0.000206 [s]
kernel-time-median: 0.966360 [s]
kernel-time-min: 0.966315 [s]
kernel-time-samples: "0.966315 0.966341 0.966360 0.966364 0.966802"
kernel-time-throughput: N/A
run-time-mean: 0.976638 [s]
run-time-stddev: 0.001714 [s]
run-time-median: 0.975860 [s]
run-time-min: 0.975396 [s]
run-time-samples: "0.975396 0.975601 0.975860 0.976775 0.979556"
run-time-throughput: N/A
kernel-energy-mean: 67.139485 [J]
kernel-energy-stddev: 0.250945 [J]
kernel-energy-median: 67.138785 [J]
kernel-energy-min: 66.751510 [J]
kernel-energy-max: 67.387930 [J]
kernel-energy-samples: "66.751510 67.087510 67.138785 67.331690 67.387930"
Verification: PASS
