********** Results for Sinewave**********
problem-size: 8192
local-size: 256
num-iters: 10000
core-freq: 922
memory-freq: 877
device-name: Tesla V100-SXM2-16GB
sycl-implementation: LLVM CUDA (Intel DPC++)
throughput-metric: N/A
kernel-time-mean: 1.391909 [s]
kernel-time-stddev: 0.000289 [s]
kernel-time-median: 1.391723 [s]
kernel-time-min: 1.391672 [s]
kernel-time-samples: "1.391672 1.391706 1.391723 1.392173 1.392272"
kernel-time-throughput: N/A
run-time-mean: 1.401209 [s]
run-time-stddev: 0.002037 [s]
run-time-median: 1.400934 [s]
run-time-min: 1.398732 [s]
run-time-samples: "1.398732 1.399901 1.400934 1.402773 1.403704"
run-time-throughput: N/A
kernel-energy-mean: 67.543577 [J]
kernel-energy-stddev: 0.128556 [J]
kernel-energy-median: 67.498005 [J]
kernel-energy-min: 67.449330 [J]
kernel-energy-max: 67.770125 [J]
kernel-energy-samples: "67.449330 67.494610 67.498005 67.505815 67.770125"
Verification: PASS
