********** Results for Sinewave**********
problem-size: 8192
local-size: 256
num-iters: 10000
core-freq: 787
memory-freq: 877
device-name: Tesla V100-SXM2-16GB
sycl-implementation: LLVM CUDA (Intel DPC++)
throughput-metric: N/A
kernel-time-mean: 1.631206 [s]
kernel-time-stddev: 0.000064 [s]
kernel-time-median: 1.631197 [s]
kernel-time-min: 1.631112 [s]
kernel-time-samples: "1.631112 1.631191 1.631197 1.631255 1.631276"
kernel-time-throughput: N/A
run-time-mean: 1.641619 [s]
run-time-stddev: 0.001413 [s]
run-time-median: 1.642122 [s]
run-time-min: 1.639558 [s]
run-time-samples: "1.639558 1.640913 1.642122 1.642290 1.643210"
run-time-throughput: N/A
kernel-energy-mean: 73.819125 [J]
kernel-energy-stddev: 1.558300 [J]
kernel-energy-median: 74.287240 [J]
kernel-energy-min: 71.106835 [J]
kernel-energy-max: 74.845645 [J]
kernel-energy-samples: "71.106835 74.014155 74.287240 74.841750 74.845645"
Verification: PASS
