********** Results for Sinewave**********
problem-size: 8192
local-size: 256
num-iters: 10000
core-freq: 1290
memory-freq: 877
device-name: Tesla V100-SXM2-16GB
sycl-implementation: LLVM CUDA (Intel DPC++)
throughput-metric: N/A
kernel-time-mean: 0.989428 [s]
kernel-time-stddev: 0.000081 [s]
kernel-time-median: 0.989443 [s]
kernel-time-min: 0.989321 [s]
kernel-time-samples: "0.989321 0.989384 0.989443 0.989456 0.989537"
kernel-time-throughput: N/A
run-time-mean: 0.999372 [s]
run-time-stddev: 0.001679 [s]
run-time-median: 0.998468 [s]
run-time-min: 0.997795 [s]
run-time-samples: "0.997795 0.998334 0.998468 1.000543 1.001722"
run-time-throughput: N/A
kernel-energy-mean: 61.916781 [J]
kernel-energy-stddev: 0.258071 [J]
kernel-energy-median: 61.841115 [J]
kernel-energy-min: 61.693465 [J]
kernel-energy-max: 62.340485 [J]
kernel-energy-samples: "61.693465 61.746015 61.841115 61.962825 62.340485"
Verification: PASS
