********** Results for Sinewave**********
problem-size: 8192
local-size: 256
num-iters: 10000
core-freq: 622
memory-freq: 877
device-name: Tesla V100-SXM2-16GB
sycl-implementation: LLVM CUDA (Intel DPC++)
throughput-metric: N/A
kernel-time-mean: 2.064085 [s]
kernel-time-stddev: 0.000075 [s]
kernel-time-median: 2.064104 [s]
kernel-time-min: 2.064002 [s]
kernel-time-samples: "2.064002 2.064012 2.064104 2.064134 2.064173"
kernel-time-throughput: N/A
run-time-mean: 2.073283 [s]
run-time-stddev: 0.000847 [s]
run-time-median: 2.073371 [s]
run-time-min: 2.071968 [s]
run-time-samples: "2.071968 2.073205 2.073371 2.073561 2.074308"
run-time-throughput: N/A
kernel-energy-mean: 84.807267 [J]
kernel-energy-stddev: 0.086421 [J]
kernel-energy-median: 84.847570 [J]
kernel-energy-min: 84.654990 [J]
kernel-energy-max: 84.861870 [J]
kernel-energy-samples: "84.654990 84.821215 84.847570 84.850690 84.861870"
Verification: PASS
