********** Results for Sinewave**********
problem-size: 8192
local-size: 256
num-iters: 10000
core-freq: 247
memory-freq: 877
device-name: Tesla V100-SXM2-16GB
sycl-implementation: LLVM CUDA (Intel DPC++)
throughput-metric: N/A
kernel-time-mean: 6.029886 [s]
kernel-time-stddev: 0.000634 [s]
kernel-time-median: 6.029578 [s]
kernel-time-min: 6.029527 [s]
kernel-time-samples: "6.029527 6.029549 6.029578 6.029769 6.031007"
kernel-time-throughput: N/A
run-time-mean: 6.041352 [s]
run-time-stddev: 0.003881 [s]
run-time-median: 6.041610 [s]
run-time-min: 6.036895 [s]
run-time-samples: "6.036895 6.038764 6.041610 6.042446 6.047047"
run-time-throughput: N/A
kernel-energy-mean: 225.699428 [J]
kernel-energy-stddev: 2.700753 [J]
kernel-energy-median: 224.904520 [J]
kernel-energy-min: 224.014925 [J]
kernel-energy-max: 230.446815 [J]
kernel-energy-samples: "224.014925 224.018955 224.904520 225.111925 230.446815"
Verification: PASS
