********** Results for Sinewave**********
problem-size: 8192
local-size: 256
num-iters: 10000
core-freq: 142
memory-freq: 877
device-name: Tesla V100-SXM2-16GB
sycl-implementation: LLVM CUDA (Intel DPC++)
throughput-metric: N/A
kernel-time-mean: 11.565989 [s]
kernel-time-stddev: 0.001270 [s]
kernel-time-median: 11.565683 [s]
kernel-time-min: 11.564794 [s]
kernel-time-samples: "11.564794 11.565387 11.565683 11.565957 11.568125"
kernel-time-throughput: N/A
run-time-mean: 11.575717 [s]
run-time-stddev: 0.002342 [s]
run-time-median: 11.575273 [s]
run-time-min: 11.573550 [s]
run-time-samples: "11.573550 11.574456 11.575273 11.575660 11.579647"
run-time-throughput: N/A
kernel-energy-mean: 342.133028 [J]
kernel-energy-stddev: 1.437623 [J]
kernel-energy-median: 342.445445 [J]
kernel-energy-min: 340.293190 [J]
kernel-energy-max: 343.809575 [J]
kernel-energy-samples: "340.293190 341.067885 342.445445 343.049045 343.809575"
Verification: PASS
