********** Results for Sinewave**********
problem-size: 8192
local-size: 256
num-iters: 10000
core-freq: 832
memory-freq: 877
device-name: Tesla V100-SXM2-16GB
sycl-implementation: LLVM CUDA (Intel DPC++)
throughput-metric: N/A
kernel-time-mean: 1.544337 [s]
kernel-time-stddev: 0.000236 [s]
kernel-time-median: 1.544284 [s]
kernel-time-min: 1.544147 [s]
kernel-time-samples: "1.544147 1.544185 1.544284 1.544333 1.544737"
kernel-time-throughput: N/A
run-time-mean: 1.555314 [s]
run-time-stddev: 0.002586 [s]
run-time-median: 1.554966 [s]
run-time-min: 1.552734 [s]
run-time-samples: "1.552734 1.553892 1.554966 1.555430 1.559548"
run-time-throughput: N/A
kernel-energy-mean: 69.860263 [J]
kernel-energy-stddev: 0.392073 [J]
kernel-energy-median: 69.761640 [J]
kernel-energy-min: 69.485825 [J]
kernel-energy-max: 70.527470 [J]
kernel-energy-samples: "69.485825 69.741465 69.761640 69.784915 70.527470"
Verification: PASS
