********** Results for Sinewave**********
problem-size: 8192
local-size: 256
num-iters: 10000
core-freq: 1275
memory-freq: 877
device-name: Tesla V100-SXM2-16GB
sycl-implementation: LLVM CUDA (Intel DPC++)
throughput-metric: N/A
kernel-time-mean: 1.000556 [s]
kernel-time-stddev: 0.000235 [s]
kernel-time-median: 1.000610 [s]
kernel-time-min: 1.000263 [s]
kernel-time-samples: "1.000263 1.000363 1.000610 1.000751 1.000794"
kernel-time-throughput: N/A
run-time-mean: 1.011858 [s]
run-time-stddev: 0.002030 [s]
run-time-median: 1.011067 [s]
run-time-min: 1.009465 [s]
run-time-samples: "1.009465 1.011039 1.011067 1.013010 1.014711"
run-time-throughput: N/A
kernel-energy-mean: 61.521364 [J]
kernel-energy-stddev: 0.377034 [J]
kernel-energy-median: 61.447640 [J]
kernel-energy-min: 61.134565 [J]
kernel-energy-max: 62.152735 [J]
kernel-energy-samples: "61.134565 61.422805 61.447640 61.449075 62.152735"
Verification: PASS
