********** Results for Sinewave**********
problem-size: 8192
local-size: 256
num-iters: 10000
core-freq: 1402
memory-freq: 877
device-name: Tesla V100-SXM2-16GB
sycl-implementation: LLVM CUDA (Intel DPC++)
throughput-metric: N/A
kernel-time-mean: 0.914647 [s]
kernel-time-stddev: 0.000029 [s]
kernel-time-median: 0.914651 [s]
kernel-time-min: 0.914614 [s]
kernel-time-samples: "0.914614 0.914621 0.914651 0.914670 0.914679"
kernel-time-throughput: N/A
run-time-mean: 0.926416 [s]
run-time-stddev: 0.002294 [s]
run-time-median: 0.926326 [s]
run-time-min: 0.923326 [s]
run-time-samples: "0.923326 0.925431 0.926326 0.927536 0.929459"
run-time-throughput: N/A
kernel-energy-mean: 67.019401 [J]
kernel-energy-stddev: 1.436912 [J]
kernel-energy-median: 67.625365 [J]
kernel-energy-min: 64.754835 [J]
kernel-energy-max: 68.138895 [J]
kernel-energy-samples: "64.754835 66.462870 67.625365 68.115040 68.138895"
Verification: PASS
