********** Results for Sinewave**********
problem-size: 8192
local-size: 256
num-iters: 10000
core-freq: 765
memory-freq: 877
device-name: Tesla V100-SXM2-16GB
sycl-implementation: LLVM CUDA (Intel DPC++)
throughput-metric: N/A
kernel-time-mean: 1.679734 [s]
kernel-time-stddev: 0.000028 [s]
kernel-time-median: 1.679724 [s]
kernel-time-min: 1.679703 [s]
kernel-time-samples: "1.679703 1.679720 1.679724 1.679753 1.679773"
kernel-time-throughput: N/A
run-time-mean: 1.690172 [s]
run-time-stddev: 0.001809 [s]
run-time-median: 1.690378 [s]
run-time-min: 1.687183 [s]
run-time-samples: "1.687183 1.690238 1.690378 1.691073 1.691987"
run-time-throughput: N/A
kernel-energy-mean: 71.838611 [J]
kernel-energy-stddev: 1.788141 [J]
kernel-energy-median: 72.624645 [J]
kernel-energy-min: 68.653930 [J]
kernel-energy-max: 72.880895 [J]
kernel-energy-samples: "68.653930 72.408320 72.624645 72.625265 72.880895"
Verification: PASS
