********** Results for Sinewave**********
problem-size: 8192
local-size: 256
num-iters: 10000
core-freq: 742
memory-freq: 877
device-name: Tesla V100-SXM2-16GB
sycl-implementation: LLVM CUDA (Intel DPC++)
throughput-metric: N/A
kernel-time-mean: 1.731718 [s]
kernel-time-stddev: 0.000302 [s]
kernel-time-median: 1.731591 [s]
kernel-time-min: 1.731550 [s]
kernel-time-samples: "1.731550 1.731570 1.731591 1.731623 1.732257"
kernel-time-throughput: N/A
run-time-mean: 1.744259 [s]
run-time-stddev: 0.001517 [s]
run-time-median: 1.744324 [s]
run-time-min: 1.742379 [s]
run-time-samples: "1.742379 1.743320 1.744324 1.744936 1.746339"
run-time-throughput: N/A
kernel-energy-mean: 79.388924 [J]
kernel-energy-stddev: 0.223229 [J]
kernel-energy-median: 79.412450 [J]
kernel-energy-min: 79.083415 [J]
kernel-energy-max: 79.698210 [J]
kernel-energy-samples: "79.083415 79.306695 79.412450 79.443850 79.698210"
Verification: PASS
