********** Results for Sinewave**********
problem-size: 8192
local-size: 256
num-iters: 10000
core-freq: 150
memory-freq: 877
device-name: Tesla V100-SXM2-16GB
sycl-implementation: LLVM CUDA (Intel DPC++)
throughput-metric: N/A
kernel-time-mean: 12.027154 [s]
kernel-time-stddev: 0.002782 [s]
kernel-time-median: 12.026148 [s]
kernel-time-min: 12.023700 [s]
kernel-time-samples: "12.023700 12.025891 12.026148 12.029864 12.030168"
kernel-time-throughput: N/A
run-time-mean: 12.038259 [s]
run-time-stddev: 0.003311 [s]
run-time-median: 12.036162 [s]
run-time-min: 12.035712 [s]
run-time-samples: "12.035712 12.035731 12.036162 12.041194 12.042498"
run-time-throughput: N/A
kernel-energy-mean: 376.265852 [J]
kernel-energy-stddev: 1.911702 [J]
kernel-energy-median: 377.138365 [J]
kernel-energy-min: 374.029845 [J]
kernel-energy-max: 378.202955 [J]
kernel-energy-samples: "374.029845 374.407340 377.138365 377.550755 378.202955"
Verification: PASS
