********** Results for Sinewave**********
problem-size: 8192
local-size: 256
num-iters: 10000
core-freq: 1027
memory-freq: 877
device-name: Tesla V100-SXM2-16GB
sycl-implementation: LLVM CUDA (Intel DPC++)
throughput-metric: N/A
kernel-time-mean: 1.249542 [s]
kernel-time-stddev: 0.000501 [s]
kernel-time-median: 1.249522 [s]
kernel-time-min: 1.249115 [s]
kernel-time-samples: "1.249115 1.249169 1.249522 1.249536 1.250369"
kernel-time-throughput: N/A
run-time-mean: 1.260411 [s]
run-time-stddev: 0.000940 [s]
run-time-median: 1.260097 [s]
run-time-min: 1.259360 [s]
run-time-samples: "1.259360 1.259921 1.260097 1.260904 1.261771"
run-time-throughput: N/A
kernel-energy-mean: 64.086299 [J]
kernel-energy-stddev: 0.098695 [J]
kernel-energy-median: 64.074490 [J]
kernel-energy-min: 63.991825 [J]
kernel-energy-max: 64.216930 [J]
kernel-energy-samples: "63.991825 63.994950 64.074490 64.153300 64.216930"
Verification: PASS
