********** Results for Sinewave**********
problem-size: 8192
local-size: 256
num-iters: 10000
core-freq: 967
memory-freq: 877
device-name: Tesla V100-SXM2-16GB
sycl-implementation: LLVM CUDA (Intel DPC++)
throughput-metric: N/A
kernel-time-mean: 1.327094 [s]
kernel-time-stddev: 0.000344 [s]
kernel-time-median: 1.327059 [s]
kernel-time-min: 1.326819 [s]
kernel-time-samples: "1.326819 1.326832 1.327059 1.327093 1.327667"
kernel-time-throughput: N/A
run-time-mean: 1.338262 [s]
run-time-stddev: 0.002522 [s]
run-time-median: 1.336975 [s]
run-time-min: 1.335557 [s]
run-time-samples: "1.335557 1.336975 1.336975 1.340237 1.341566"
run-time-throughput: N/A
kernel-energy-mean: 62.739823 [J]
kernel-energy-stddev: 0.124158 [J]
kernel-energy-median: 62.761290 [J]
kernel-energy-min: 62.561100 [J]
kernel-energy-max: 62.886465 [J]
kernel-energy-samples: "62.561100 62.683090 62.761290 62.807170 62.886465"
Verification: PASS
