********** Results for Sinewave**********
problem-size: 8192
local-size: 256
num-iters: 10000
core-freq: 1462
memory-freq: 877
device-name: Tesla V100-SXM2-16GB
sycl-implementation: LLVM CUDA (Intel DPC++)
throughput-metric: N/A
kernel-time-mean: 0.877307 [s]
kernel-time-stddev: 0.000027 [s]
kernel-time-median: 0.877314 [s]
kernel-time-min: 0.877264 [s]
kernel-time-samples: "0.877264 0.877302 0.877314 0.877321 0.877336"
kernel-time-throughput: N/A
run-time-mean: 0.889990 [s]
run-time-stddev: 0.002627 [s]
run-time-median: 0.889708 [s]
run-time-min: 0.886867 [s]
run-time-samples: "0.886867 0.888281 0.889708 0.891599 0.893493"
run-time-throughput: N/A
kernel-energy-mean: 65.651891 [J]
kernel-energy-stddev: 0.387639 [J]
kernel-energy-median: 65.472610 [J]
kernel-energy-min: 65.466600 [J]
kernel-energy-max: 66.344670 [J]
kernel-energy-samples: "65.466600 65.468035 65.472610 65.507540 66.344670"
Verification: PASS
