********** Results for Sinewave**********
problem-size: 8192
local-size: 256
num-iters: 10000
core-freq: 510
memory-freq: 877
device-name: Tesla V100-SXM2-16GB
sycl-implementation: LLVM CUDA (Intel DPC++)
throughput-metric: N/A
kernel-time-mean: 2.516473 [s]
kernel-time-stddev: 0.000571 [s]
kernel-time-median: 2.516139 [s]
kernel-time-min: 2.516045 [s]
kernel-time-samples: "2.516045 2.516102 2.516139 2.516698 2.517379"
kernel-time-throughput: N/A
run-time-mean: 2.528578 [s]
run-time-stddev: 0.001906 [s]
run-time-median: 2.528544 [s]
run-time-min: 2.526252 [s]
run-time-samples: "2.526252 2.527570 2.528544 2.529162 2.531363"
run-time-throughput: N/A
kernel-energy-mean: 104.026025 [J]
kernel-energy-stddev: 1.164380 [J]
kernel-energy-median: 104.773995 [J]
kernel-energy-min: 102.168640 [J]
kernel-energy-max: 104.816880 [J]
kernel-energy-samples: "102.168640 103.578020 104.773995 104.792590 104.816880"
Verification: PASS
