********** Results for Sinewave**********
problem-size: 8192
local-size: 256
num-iters: 10000
core-freq: 547
memory-freq: 877
device-name: Tesla V100-SXM2-16GB
sycl-implementation: LLVM CUDA (Intel DPC++)
throughput-metric: N/A
kernel-time-mean: 2.349470 [s]
kernel-time-stddev: 0.000085 [s]
kernel-time-median: 2.349482 [s]
kernel-time-min: 2.349340 [s]
kernel-time-samples: "2.349340 2.349439 2.349482 2.349536 2.349550"
kernel-time-throughput: N/A
run-time-mean: 2.359537 [s]
run-time-stddev: 0.001837 [s]
run-time-median: 2.359852 [s]
run-time-min: 2.356713 [s]
run-time-samples: "2.356713 2.358907 2.359852 2.360883 2.361330"
run-time-throughput: N/A
kernel-energy-mean: 92.902415 [J]
kernel-energy-stddev: 1.525038 [J]
kernel-energy-median: 93.635950 [J]
kernel-energy-min: 90.180040 [J]
kernel-energy-max: 93.645625 [J]
kernel-energy-samples: "90.180040 93.412530 93.635950 93.637930 93.645625"
Verification: PASS
