********** Results for Sinewave**********
problem-size: 8192
local-size: 256
num-iters: 10000
core-freq: 1312
memory-freq: 877
device-name: Tesla V100-SXM2-16GB
sycl-implementation: LLVM CUDA (Intel DPC++)
throughput-metric: N/A
kernel-time-mean: 0.978924 [s]
kernel-time-stddev: 0.000126 [s]
kernel-time-median: 0.978899 [s]
kernel-time-min: 0.978783 [s]
kernel-time-samples: "0.978783 0.978897 0.978899 0.978912 0.979129"
kernel-time-throughput: N/A
run-time-mean: 0.989329 [s]
run-time-stddev: 0.001094 [s]
run-time-median: 0.989529 [s]
run-time-min: 0.987884 [s]
run-time-samples: "0.987884 0.988579 0.989529 0.990095 0.990560"
run-time-throughput: N/A
kernel-energy-mean: 64.101446 [J]
kernel-energy-stddev: 1.814520 [J]
kernel-energy-median: 65.068890 [J]
kernel-energy-min: 60.916475 [J]
kernel-energy-max: 65.138515 [J]
kernel-energy-samples: "60.916475 64.293120 65.068890 65.090230 65.138515"
Verification: PASS
