********** Results for Sinewave**********
problem-size: 8192
local-size: 256
num-iters: 10000
core-freq: 817
memory-freq: 877
device-name: Tesla V100-SXM2-16GB
sycl-implementation: LLVM CUDA (Intel DPC++)
throughput-metric: N/A
kernel-time-mean: 1.570196 [s]
kernel-time-stddev: 0.000222 [s]
kernel-time-median: 1.570102 [s]
kernel-time-min: 1.570053 [s]
kernel-time-samples: "1.570053 1.570084 1.570102 1.570153 1.570588"
kernel-time-throughput: N/A
run-time-mean: 1.582594 [s]
run-time-stddev: 0.001609 [s]
run-time-median: 1.582302 [s]
run-time-min: 1.581202 [s]
run-time-samples: "1.581202 1.581508 1.582302 1.582692 1.585266"
run-time-throughput: N/A
kernel-energy-mean: 71.165634 [J]
kernel-energy-stddev: 0.588035 [J]
kernel-energy-median: 71.425525 [J]
kernel-energy-min: 70.114430 [J]
kernel-energy-max: 71.459790 [J]
kernel-energy-samples: "70.114430 71.399075 71.425525 71.429350 71.459790"
Verification: PASS
