********** Results for Sinewave**********
problem-size: 8192
local-size: 256
num-iters: 10000
core-freq: 772
memory-freq: 877
device-name: Tesla V100-SXM2-16GB
sycl-implementation: LLVM CUDA (Intel DPC++)
throughput-metric: N/A
kernel-time-mean: 1.661491 [s]
kernel-time-stddev: 0.000040 [s]
kernel-time-median: 1.661487 [s]
kernel-time-min: 1.661436 [s]
kernel-time-samples: "1.661436 1.661478 1.661487 1.661514 1.661542"
kernel-time-throughput: N/A
run-time-mean: 1.672140 [s]
run-time-stddev: 0.001006 [s]
run-time-median: 1.671991 [s]
run-time-min: 1.670897 [s]
run-time-samples: "1.670897 1.671741 1.671991 1.672437 1.673634"
run-time-throughput: N/A
kernel-energy-mean: 76.341596 [J]
kernel-energy-stddev: 0.019316 [J]
kernel-energy-median: 76.342665 [J]
kernel-energy-min: 76.310600 [J]
kernel-energy-max: 76.363515 [J]
kernel-energy-samples: "76.310600 76.342595 76.342665 76.348605 76.363515"
Verification: PASS
