********** Results for Sinewave**********
problem-size: 8192
local-size: 256
num-iters: 10000
core-freq: 1357
memory-freq: 877
device-name: Tesla V100-SXM2-16GB
sycl-implementation: LLVM CUDA (Intel DPC++)
throughput-metric: N/A
kernel-time-mean: 0.945795 [s]
kernel-time-stddev: 0.000875 [s]
kernel-time-median: 0.945505 [s]
kernel-time-min: 0.945001 [s]
kernel-time-samples: "0.945001 0.945065 0.945505 0.946408 0.946994"
kernel-time-throughput: N/A
run-time-mean: 0.955934 [s]
run-time-stddev: 0.001684 [s]
run-time-median: 0.955149 [s]
run-time-min: 0.954604 [s]
run-time-samples: "0.954604 0.954774 0.955149 0.956509 0.958633"
run-time-throughput: N/A
kernel-energy-mean: 69.334573 [J]
kernel-energy-stddev: 0.500570 [J]
kernel-energy-median: 69.399875 [J]
kernel-energy-min: 68.695195 [J]
kernel-energy-max: 69.902705 [J]
kernel-energy-samples: "68.695195 68.972565 69.399875 69.702525 69.902705"
Verification: PASS
