********** Results for Sinewave**********
problem-size: 8192
local-size: 256
num-iters: 10000
core-freq: 1470
memory-freq: 877
device-name: Tesla V100-SXM2-16GB
sycl-implementation: LLVM CUDA (Intel DPC++)
throughput-metric: N/A
kernel-time-mean: 0.868472 [s]
kernel-time-stddev: 0.000188 [s]
kernel-time-median: 0.868419 [s]
kernel-time-min: 0.868285 [s]
kernel-time-samples: "0.868285 0.868367 0.868419 0.868515 0.868772"
kernel-time-throughput: N/A
run-time-mean: 0.878068 [s]
run-time-stddev: 0.000668 [s]
run-time-median: 0.877804 [s]
run-time-min: 0.877456 [s]
run-time-samples: "0.877456 0.877619 0.877804 0.878367 0.879093"
run-time-throughput: N/A
kernel-energy-mean: 69.371826 [J]
kernel-energy-stddev: 0.062538 [J]
kernel-energy-median: 69.340215 [J]
kernel-energy-min: 69.326620 [J]
kernel-energy-max: 69.477685 [J]
kernel-energy-samples: "69.326620 69.335245 69.340215 69.379365 69.477685"
Verification: PASS
