********** Results for Sinewave**********
problem-size: 8192
local-size: 256
num-iters: 10000
core-freq: 1267
memory-freq: 877
device-name: Tesla V100-SXM2-16GB
sycl-implementation: LLVM CUDA (Intel DPC++)
throughput-metric: N/A
kernel-time-mean: 1.012417 [s]
kernel-time-stddev: 0.000249 [s]
kernel-time-median: 1.012316 [s]
kernel-time-min: 1.012275 [s]
kernel-time-samples: "1.012275 1.012299 1.012316 1.012335 1.012862"
kernel-time-throughput: N/A
run-time-mean: 1.024036 [s]
run-time-stddev: 0.002513 [s]
run-time-median: 1.025216 [s]
run-time-min: 1.019999 [s]
run-time-samples: "1.019999 1.023247 1.025216 1.025462 1.026254"
run-time-throughput: N/A
kernel-energy-mean: 63.483953 [J]
kernel-energy-stddev: 0.994080 [J]
kernel-energy-median: 63.765250 [J]
kernel-energy-min: 61.781930 [J]
kernel-energy-max: 64.310995 [J]
kernel-energy-samples: "61.781930 63.539405 63.765250 64.022185 64.310995"
Verification: PASS
