********** Results for Sinewave**********
problem-size: 8192
local-size: 256
num-iters: 10000
core-freq: 195
memory-freq: 877
device-name: Tesla V100-SXM2-16GB
sycl-implementation: LLVM CUDA (Intel DPC++)
throughput-metric: N/A
kernel-time-mean: 12.027434 [s]
kernel-time-stddev: 0.005829 [s]
kernel-time-median: 12.024798 [s]
kernel-time-min: 12.023547 [s]
kernel-time-samples: "12.023547 12.024758 12.024798 12.026359 12.037707"
kernel-time-throughput: N/A
run-time-mean: 12.036211 [s]
run-time-stddev: 0.006648 [s]
run-time-median: 12.032959 [s]
run-time-min: 12.031486 [s]
run-time-samples: "12.031486 12.032479 12.032959 12.036527 12.047606"
run-time-throughput: N/A
kernel-energy-mean: 376.138060 [J]
kernel-energy-stddev: 2.152205 [J]
kernel-energy-median: 377.621940 [J]
kernel-energy-min: 373.337185 [J]
kernel-energy-max: 377.820080 [J]
kernel-energy-samples: "373.337185 374.284420 377.621940 377.626675 377.820080"
Verification: PASS
