********** Results for Sinewave**********
problem-size: 8192
local-size: 256
num-iters: 10000
core-freq: 1282
memory-freq: 877
device-name: Tesla V100-SXM2-16GB
sycl-implementation: LLVM CUDA (Intel DPC++)
throughput-metric: N/A
kernel-time-mean: 1.000531 [s]
kernel-time-stddev: 0.000016 [s]
kernel-time-median: 1.000535 [s]
kernel-time-min: 1.000511 [s]
kernel-time-samples: "1.000511 1.000519 1.000535 1.000540 1.000550"
kernel-time-throughput: N/A
run-time-mean: 1.011614 [s]
run-time-stddev: 0.001980 [s]
run-time-median: 1.012092 [s]
run-time-min: 1.009025 [s]
run-time-samples: "1.009025 1.010116 1.012092 1.013365 1.013470"
run-time-throughput: N/A
kernel-energy-mean: 62.134280 [J]
kernel-energy-stddev: 0.664751 [J]
kernel-energy-median: 62.245230 [J]
kernel-energy-min: 61.141840 [J]
kernel-energy-max: 62.882370 [J]
kernel-energy-samples: "61.141840 61.883340 62.245230 62.518620 62.882370"
Verification: PASS
