********** Results for Sinewave**********
problem-size: 8192
local-size: 256
num-iters: 10000
core-freq: 487
memory-freq: 877
device-name: Tesla V100-SXM2-16GB
sycl-implementation: LLVM CUDA (Intel DPC++)
throughput-metric: N/A
kernel-time-mean: 2.647083 [s]
kernel-time-stddev: 0.000260 [s]
kernel-time-median: 2.647026 [s]
kernel-time-min: 2.646838 [s]
kernel-time-samples: "2.646838 2.646869 2.647026 2.647222 2.647461"
kernel-time-throughput: N/A
run-time-mean: 2.656784 [s]
run-time-stddev: 0.001792 [s]
run-time-median: 2.656302 [s]
run-time-min: 2.654630 [s]
run-time-samples: "2.654630 2.655934 2.656302 2.657765 2.659291"
run-time-throughput: N/A
kernel-energy-mean: 108.903325 [J]
kernel-energy-stddev: 0.177357 [J]
kernel-energy-median: 108.921955 [J]
kernel-energy-min: 108.635585 [J]
kernel-energy-max: 109.134025 [J]
kernel-energy-samples: "108.635585 108.898410 108.921955 108.926650 109.134025"
Verification: PASS
