********** Results for Sinewave**********
problem-size: 8192
local-size: 256
num-iters: 10000
core-freq: 697
memory-freq: 877
device-name: Tesla V100-SXM2-16GB
sycl-implementation: LLVM CUDA (Intel DPC++)
throughput-metric: N/A
kernel-time-mean: 1.839515 [s]
kernel-time-stddev: 0.000060 [s]
kernel-time-median: 1.839526 [s]
kernel-time-min: 1.839414 [s]
kernel-time-samples: "1.839414 1.839520 1.839526 1.839552 1.839565"
kernel-time-throughput: N/A
run-time-mean: 1.851418 [s]
run-time-stddev: 0.001815 [s]
run-time-median: 1.850788 [s]
run-time-min: 1.849637 [s]
run-time-samples: "1.849637 1.850658 1.850788 1.851585 1.854419"
run-time-throughput: N/A
kernel-energy-mean: 81.456135 [J]
kernel-energy-stddev: 1.531077 [J]
kernel-energy-median: 82.282960 [J]
kernel-energy-min: 79.581335 [J]
kernel-energy-max: 82.712370 [J]
kernel-energy-samples: "79.581335 80.014385 82.282960 82.689625 82.712370"
Verification: PASS
