********** Results for Sinewave**********
problem-size: 8192
local-size: 256
num-iters: 10000
core-freq: 1185
memory-freq: 877
device-name: Tesla V100-SXM2-16GB
sycl-implementation: LLVM CUDA (Intel DPC++)
throughput-metric: N/A
kernel-time-mean: 1.083074 [s]
kernel-time-stddev: 0.000107 [s]
kernel-time-median: 1.083112 [s]
kernel-time-min: 1.082956 [s]
kernel-time-samples: "1.082956 1.082963 1.083112 1.083169 1.083169"
kernel-time-throughput: N/A
run-time-mean: 1.094272 [s]
run-time-stddev: 0.003640 [s]
run-time-median: 1.092483 [s]
run-time-min: 1.091077 [s]
run-time-samples: "1.091077 1.091821 1.092483 1.096270 1.099711"
run-time-throughput: N/A
kernel-energy-mean: 65.327261 [J]
kernel-energy-stddev: 0.422246 [J]
kernel-energy-median: 65.376285 [J]
kernel-energy-min: 64.746410 [J]
kernel-energy-max: 65.728180 [J]
kernel-energy-samples: "64.746410 65.073285 65.376285 65.712145 65.728180"
Verification: PASS
