********** Results for Sinewave**********
problem-size: 8192
local-size: 256
num-iters: 10000
core-freq: 405
memory-freq: 877
device-name: Tesla V100-SXM2-16GB
sycl-implementation: LLVM CUDA (Intel DPC++)
throughput-metric: N/A
kernel-time-mean: 5.961512 [s]
kernel-time-stddev: 0.001269 [s]
kernel-time-median: 5.961547 [s]
kernel-time-min: 5.960139 [s]
kernel-time-samples: "5.960139 5.960559 5.961547 5.961946 5.963371"
kernel-time-throughput: N/A
run-time-mean: 5.972274 [s]
run-time-stddev: 0.004283 [s]
run-time-median: 5.972719 [s]
run-time-min: 5.967742 [s]
run-time-samples: "5.967742 5.968645 5.972719 5.973929 5.978334"
run-time-throughput: N/A
kernel-energy-mean: 221.358830 [J]
kernel-energy-stddev: 1.780087 [J]
kernel-energy-median: 222.437940 [J]
kernel-energy-min: 219.403150 [J]
kernel-energy-max: 222.804470 [J]
kernel-energy-samples: "219.403150 219.425980 222.437940 222.722610 222.804470"
Verification: PASS
