********** Results for Sinewave**********
problem-size: 8192
local-size: 256
num-iters: 10000
core-freq: 667
memory-freq: 877
device-name: Tesla V100-SXM2-16GB
sycl-implementation: LLVM CUDA (Intel DPC++)
throughput-metric: N/A
kernel-time-mean: 1.923307 [s]
kernel-time-stddev: 0.000378 [s]
kernel-time-median: 1.923127 [s]
kernel-time-min: 1.922972 [s]
kernel-time-samples: "1.922972 1.923004 1.923127 1.923705 1.923728"
kernel-time-throughput: N/A
run-time-mean: 1.932321 [s]
run-time-stddev: 0.001696 [s]
run-time-median: 1.931725 [s]
run-time-min: 1.930496 [s]
run-time-samples: "1.930496 1.931204 1.931725 1.933694 1.934486"
run-time-throughput: N/A
kernel-energy-mean: 84.847052 [J]
kernel-energy-stddev: 0.667287 [J]
kernel-energy-median: 85.191040 [J]
kernel-energy-min: 83.666605 [J]
kernel-energy-max: 85.213230 [J]
kernel-energy-samples: "83.666605 84.971205 85.191040 85.193180 85.213230"
Verification: PASS
