********** Results for Sinewave**********
problem-size: 8192
local-size: 256
num-iters: 10000
core-freq: 1057
memory-freq: 877
device-name: Tesla V100-SXM2-16GB
sycl-implementation: LLVM CUDA (Intel DPC++)
throughput-metric: N/A
kernel-time-mean: 1.213189 [s]
kernel-time-stddev: 0.000239 [s]
kernel-time-median: 1.213078 [s]
kernel-time-min: 1.213034 [s]
kernel-time-samples: "1.213034 1.213068 1.213078 1.213155 1.213608"
kernel-time-throughput: N/A
run-time-mean: 1.222831 [s]
run-time-stddev: 0.000740 [s]
run-time-median: 1.223056 [s]
run-time-min: 1.221661 [s]
run-time-samples: "1.221661 1.222597 1.223056 1.223311 1.223527"
run-time-throughput: N/A
kernel-energy-mean: 61.299568 [J]
kernel-energy-stddev: 2.152636 [J]
kernel-energy-median: 62.422935 [J]
kernel-energy-min: 57.691000 [J]
kernel-energy-max: 62.764000 [J]
kernel-energy-samples: "57.691000 60.919420 62.422935 62.700485 62.764000"
Verification: PASS
