********** Results for Sinewave**********
problem-size: 8192
local-size: 256
num-iters: 10000
core-freq: 330
memory-freq: 877
device-name: Tesla V100-SXM2-16GB
sycl-implementation: LLVM CUDA (Intel DPC++)
throughput-metric: N/A
kernel-time-mean: 5.843877 [s]
kernel-time-stddev: 0.000821 [s]
kernel-time-median: 5.843695 [s]
kernel-time-min: 5.842878 [s]
kernel-time-samples: "5.842878 5.843615 5.843695 5.844070 5.845127"
kernel-time-throughput: N/A
run-time-mean: 5.855859 [s]
run-time-stddev: 0.004300 [s]
run-time-median: 5.854949 [s]
run-time-min: 5.851507 [s]
run-time-samples: "5.851507 5.854337 5.854949 5.855449 5.863051"
run-time-throughput: N/A
kernel-energy-mean: 184.321513 [J]
kernel-energy-stddev: 2.116026 [J]
kernel-energy-median: 185.198900 [J]
kernel-energy-min: 180.577760 [J]
kernel-energy-max: 185.626920 [J]
kernel-energy-samples: "180.577760 184.783885 185.198900 185.420100 185.626920"
Verification: PASS
