********** Results for Sinewave**********
problem-size: 8192
local-size: 256
num-iters: 10000
core-freq: 945
memory-freq: 877
device-name: Tesla V100-SXM2-16GB
sycl-implementation: LLVM CUDA (Intel DPC++)
throughput-metric: N/A
kernel-time-mean: 1.358954 [s]
kernel-time-stddev: 0.000152 [s]
kernel-time-median: 1.358991 [s]
kernel-time-min: 1.358747 [s]
kernel-time-samples: "1.358747 1.358854 1.358991 1.359054 1.359123"
kernel-time-throughput: N/A
run-time-mean: 1.371870 [s]
run-time-stddev: 0.002174 [s]
run-time-median: 1.370796 [s]
run-time-min: 1.369600 [s]
run-time-samples: "1.369600 1.370699 1.370796 1.373406 1.374847"
run-time-throughput: N/A
kernel-energy-mean: 64.208070 [J]
kernel-energy-stddev: 0.364043 [J]
kernel-energy-median: 63.960595 [J]
kernel-energy-min: 63.932045 [J]
kernel-energy-max: 64.719440 [J]
kernel-energy-samples: "63.932045 63.958105 63.960595 64.470165 64.719440"
Verification: PASS
