********** Results for Sinewave**********
problem-size: 8192
local-size: 256
num-iters: 10000
core-freq: 810
memory-freq: 877
device-name: Tesla V100-SXM2-16GB
sycl-implementation: LLVM CUDA (Intel DPC++)
throughput-metric: N/A
kernel-time-mean: 1.586174 [s]
kernel-time-stddev: 0.000228 [s]
kernel-time-median: 1.586075 [s]
kernel-time-min: 1.586053 [s]
kernel-time-samples: "1.586053 1.586066 1.586075 1.586095 1.586581"
kernel-time-throughput: N/A
run-time-mean: 1.597593 [s]
run-time-stddev: 0.001245 [s]
run-time-median: 1.597621 [s]
run-time-min: 1.595939 [s]
run-time-samples: "1.595939 1.596931 1.597621 1.598286 1.599188"
run-time-throughput: N/A
kernel-energy-mean: 69.160737 [J]
kernel-energy-stddev: 1.357021 [J]
kernel-energy-median: 70.132005 [J]
kernel-energy-min: 67.618165 [J]
kernel-energy-max: 70.163645 [J]
kernel-energy-samples: "67.618165 67.731640 70.132005 70.158230 70.163645"
Verification: PASS
