********** Results for Sobel3**********
problem-size: 3072
local-size: 256
num-iters: 2000
core-freq: 307
memory-freq: 877
device-name: Tesla V100-SXM2-16GB
sycl-implementation: LLVM CUDA (Intel DPC++)
throughput-metric: N/A
kernel-time-mean: 2.797740 [s]
kernel-time-stddev: 0.000417 [s]
kernel-time-median: 2.797670 [s]
kernel-time-min: 2.797257 [s]
kernel-time-samples: "2.797257 2.797460 2.797670 2.798026 2.798286"
kernel-time-throughput: N/A
run-time-mean: 2.810126 [s]
run-time-stddev: 0.002366 [s]
run-time-median: 2.810237 [s]
run-time-min: 2.806410 [s]
run-time-samples: "2.806410 2.810228 2.810237 2.810775 2.812979"
run-time-throughput: N/A
kernel-energy-mean: 80.942231 [J]
kernel-energy-stddev: 0.915741 [J]
kernel-energy-median: 81.361500 [J]
kernel-energy-min: 79.569170 [J]
kernel-energy-max: 81.860765 [J]
kernel-energy-samples: "79.569170 80.486090 81.361500 81.433630 81.860765"
Verification: PASS
