********** Results for Sobel3**********
problem-size: 3072
local-size: 256
num-iters: 2000
core-freq: 577
memory-freq: 877
device-name: Tesla V100-SXM2-16GB
sycl-implementation: LLVM CUDA (Intel DPC++)
throughput-metric: N/A
kernel-time-mean: 1.010797 [s]
kernel-time-stddev: 0.000351 [s]
kernel-time-median: 1.010644 [s]
kernel-time-min: 1.010543 [s]
kernel-time-samples: "1.010543 1.010593 1.010644 1.010805 1.011399"
kernel-time-throughput: N/A
run-time-mean: 1.021362 [s]
run-time-stddev: 0.002091 [s]
run-time-median: 1.021149 [s]
run-time-min: 1.019679 [s]
run-time-samples: "1.019679 1.019881 1.021149 1.021219 1.024883"
run-time-throughput: N/A
kernel-energy-mean: 69.377328 [J]
kernel-energy-stddev: 3.151318 [J]
kernel-energy-median: 70.721940 [J]
kernel-energy-min: 63.745385 [J]
kernel-energy-max: 71.014870 [J]
kernel-energy-samples: "63.745385 70.656325 70.721940 70.748120 71.014870"
Verification: PASS
