********** Results for Sobel5**********
problem-size: 3072
local-size: 256
num-iters: 400
core-freq: 877
memory-freq: 877
device-name: Tesla V100-SXM2-16GB
sycl-implementation: LLVM CUDA (Intel DPC++)
throughput-metric: N/A
kernel-time-mean: 1.152941 [s]
kernel-time-stddev: 0.000867 [s]
kernel-time-median: 1.153024 [s]
kernel-time-min: 1.152045 [s]
kernel-time-samples: "1.152045 1.152166 1.153024 1.153325 1.154145"
kernel-time-throughput: N/A
run-time-mean: 1.164770 [s]
run-time-stddev: 0.001423 [s]
run-time-median: 1.164601 [s]
run-time-min: 1.163163 [s]
run-time-samples: "1.163163 1.163785 1.164601 1.165550 1.166749"
run-time-throughput: N/A
kernel-energy-mean: 101.330228 [J]
kernel-energy-stddev: 1.375567 [J]
kernel-energy-median: 101.940080 [J]
kernel-energy-min: 98.870995 [J]
kernel-energy-max: 102.008415 [J]
kernel-energy-samples: "98.870995 101.875775 101.940080 101.955875 102.008415"
Verification: PASS
