********** Results for Sobel5**********
problem-size: 3072
local-size: 256
num-iters: 400
core-freq: 1042
memory-freq: 877
device-name: Tesla V100-SXM2-16GB
sycl-implementation: LLVM CUDA (Intel DPC++)
throughput-metric: N/A
kernel-time-mean: 1.096633 [s]
kernel-time-stddev: 0.000948 [s]
kernel-time-median: 1.096440 [s]
kernel-time-min: 1.095481 [s]
kernel-time-samples: "1.095481 1.096228 1.096440 1.096990 1.098027"
kernel-time-throughput: N/A
run-time-mean: 1.109584 [s]
run-time-stddev: 0.002777 [s]
run-time-median: 1.109271 [s]
run-time-min: 1.105736 [s]
run-time-samples: "1.105736 1.108396 1.109271 1.111937 1.112583"
run-time-throughput: N/A
kernel-energy-mean: 122.661270 [J]
kernel-energy-stddev: 1.735404 [J]
kernel-energy-median: 123.490285 [J]
kernel-energy-min: 120.268935 [J]
kernel-energy-max: 124.359745 [J]
kernel-energy-samples: "120.268935 121.422790 123.490285 123.764595 124.359745"
Verification: PASS
