********** Results for Sobel7**********
problem-size: 3072
local-size: 256
num-iters: 200
core-freq: 217
memory-freq: 877
device-name: Tesla V100-SXM2-16GB
sycl-implementation: LLVM CUDA (Intel DPC++)
throughput-metric: N/A
kernel-time-mean: 4.371400 [s]
kernel-time-stddev: 0.009288 [s]
kernel-time-median: 4.367600 [s]
kernel-time-min: 4.366467 [s]
kernel-time-samples: "4.366467 4.367211 4.367600 4.367730 4.387990"
kernel-time-throughput: N/A
run-time-mean: 4.385880 [s]
run-time-stddev: 0.008806 [s]
run-time-median: 4.390047 [s]
run-time-min: 4.374791 [s]
run-time-samples: "4.374791 4.378451 4.390047 4.390636 4.395473"
run-time-throughput: N/A
kernel-energy-mean: 66.840529 [J]
kernel-energy-stddev: 0.716470 [J]
kernel-energy-median: 66.550155 [J]
kernel-energy-min: 66.054940 [J]
kernel-energy-max: 67.646675 [J]
kernel-energy-samples: "66.054940 66.398560 66.550155 67.552315 67.646675"
Verification: PASS
