********** Results for Sobel5**********
problem-size: 3072
local-size: 256
num-iters: 400
core-freq: 577
memory-freq: 877
device-name: Tesla V100-SXM2-16GB
sycl-implementation: LLVM CUDA (Intel DPC++)
throughput-metric: N/A
kernel-time-mean: 1.978416 [s]
kernel-time-stddev: 0.000800 [s]
kernel-time-median: 1.978558 [s]
kernel-time-min: 1.977294 [s]
kernel-time-samples: "1.977294 1.978089 1.978558 1.978673 1.979469"
kernel-time-throughput: N/A
run-time-mean: 1.991893 [s]
run-time-stddev: 0.001901 [s]
run-time-median: 1.993084 [s]
run-time-min: 1.989370 [s]
run-time-samples: "1.989370 1.990330 1.993084 1.993205 1.993475"
run-time-throughput: N/A
kernel-energy-mean: 134.581073 [J]
kernel-energy-stddev: 0.689655 [J]
kernel-energy-median: 134.730720 [J]
kernel-energy-min: 133.487470 [J]
kernel-energy-max: 135.155035 [J]
kernel-energy-samples: "133.487470 134.387750 134.730720 135.144390 135.155035"
Verification: PASS
