********** Results for Sobel3**********
problem-size: 3072
local-size: 256
num-iters: 2000
core-freq: 600
memory-freq: 877
device-name: Tesla V100-SXM2-16GB
sycl-implementation: LLVM CUDA (Intel DPC++)
throughput-metric: N/A
kernel-time-mean: 0.972329 [s]
kernel-time-stddev: 0.000314 [s]
kernel-time-median: 0.972184 [s]
kernel-time-min: 0.972161 [s]
kernel-time-samples: "0.972161 0.972178 0.972184 0.972234 0.972889"
kernel-time-throughput: N/A
run-time-mean: 0.989658 [s]
run-time-stddev: 0.012567 [s]
run-time-median: 0.987908 [s]
run-time-min: 0.980275 [s]
run-time-samples: "0.980275 0.980873 0.987908 0.988105 1.011128"
run-time-throughput: N/A
kernel-energy-mean: 68.091211 [J]
kernel-energy-stddev: 2.603317 [J]
kernel-energy-median: 69.264385 [J]
kernel-energy-min: 63.801870 [J]
kernel-energy-max: 70.323910 [J]
kernel-energy-samples: "63.801870 67.543235 69.264385 69.522655 70.323910"
Verification: PASS
