********** Results for Sobel5**********
problem-size: 3072
local-size: 256
num-iters: 400
core-freq: 652
memory-freq: 877
device-name: Tesla V100-SXM2-16GB
sycl-implementation: LLVM CUDA (Intel DPC++)
throughput-metric: N/A
kernel-time-mean: 1.729294 [s]
kernel-time-stddev: 0.001006 [s]
kernel-time-median: 1.729636 [s]
kernel-time-min: 1.727535 [s]
kernel-time-samples: "1.727535 1.729553 1.729636 1.729650 1.730096"
kernel-time-throughput: N/A
run-time-mean: 1.740323 [s]
run-time-stddev: 0.002252 [s]
run-time-median: 1.740283 [s]
run-time-min: 1.737791 [s]
run-time-samples: "1.737791 1.738647 1.740283 1.741435 1.743458"
run-time-throughput: N/A
kernel-energy-mean: 121.664776 [J]
kernel-energy-stddev: 1.133847 [J]
kernel-energy-median: 121.989785 [J]
kernel-energy-min: 119.672645 [J]
kernel-energy-max: 122.492525 [J]
kernel-energy-samples: "119.672645 121.960420 121.989785 122.208505 122.492525"
Verification: PASS
