********** Results for Sobel5**********
problem-size: 3072
local-size: 256
num-iters: 400
core-freq: 1440
memory-freq: 877
device-name: Tesla V100-SXM2-16GB
sycl-implementation: LLVM CUDA (Intel DPC++)
throughput-metric: N/A
kernel-time-mean: 1.063262 [s]
kernel-time-stddev: 0.002510 [s]
kernel-time-median: 1.063485 [s]
kernel-time-min: 1.060429 [s]
kernel-time-samples: "1.060429 1.061001 1.063485 1.065432 1.065962"
kernel-time-throughput: N/A
run-time-mean: 1.074696 [s]
run-time-stddev: 0.002927 [s]
run-time-median: 1.075889 [s]
run-time-min: 1.070174 [s]
run-time-samples: "1.070174 1.073408 1.075889 1.076786 1.077223"
run-time-throughput: N/A
kernel-energy-mean: 151.515427 [J]
kernel-energy-stddev: 0.861226 [J]
kernel-energy-median: 151.608585 [J]
kernel-energy-min: 150.508700 [J]
kernel-energy-max: 152.588480 [J]
kernel-energy-samples: "150.508700 150.810985 151.608585 152.060385 152.588480"
Verification: PASS
