********** Results for Sobel3**********
problem-size: 3072
local-size: 256
num-iters: 2000
core-freq: 510
memory-freq: 877
device-name: Tesla V100-SXM2-16GB
sycl-implementation: LLVM CUDA (Intel DPC++)
throughput-metric: N/A
kernel-time-mean: 1.143984 [s]
kernel-time-stddev: 0.000372 [s]
kernel-time-median: 1.143843 [s]
kernel-time-min: 1.143773 [s]
kernel-time-samples: "1.143773 1.143812 1.143843 1.143846 1.144648"
kernel-time-throughput: N/A
run-time-mean: 1.157363 [s]
run-time-stddev: 0.003760 [s]
run-time-median: 1.157380 [s]
run-time-min: 1.151844 [s]
run-time-samples: "1.151844 1.155940 1.157380 1.160609 1.161042"
run-time-throughput: N/A
kernel-energy-mean: 71.062269 [J]
kernel-energy-stddev: 1.721944 [J]
kernel-energy-median: 71.691900 [J]
kernel-energy-min: 67.998185 [J]
kernel-energy-max: 72.035690 [J]
kernel-energy-samples: "67.998185 71.618915 71.691900 71.966655 72.035690"
Verification: PASS
