********** Results for Sobel7**********
problem-size: 3072
local-size: 256
num-iters: 200
core-freq: 1185
memory-freq: 877
device-name: Tesla V100-SXM2-16GB
sycl-implementation: LLVM CUDA (Intel DPC++)
throughput-metric: N/A
kernel-time-mean: 1.093378 [s]
kernel-time-stddev: 0.000580 [s]
kernel-time-median: 1.093573 [s]
kernel-time-min: 1.092522 [s]
kernel-time-samples: "1.092522 1.093063 1.093573 1.093859 1.093872"
kernel-time-throughput: N/A
run-time-mean: 1.106113 [s]
run-time-stddev: 0.002553 [s]
run-time-median: 1.107651 [s]
run-time-min: 1.102791 [s]
run-time-samples: "1.102791 1.103964 1.107651 1.107685 1.108476"
run-time-throughput: N/A
kernel-energy-mean: 140.312313 [J]
kernel-energy-stddev: 0.333901 [J]
kernel-energy-median: 140.396065 [J]
kernel-energy-min: 139.732135 [J]
kernel-energy-max: 140.549675 [J]
kernel-energy-samples: "139.732135 140.362975 140.396065 140.520715 140.549675"
Verification: PASS
