********** Results for Sobel5**********
problem-size: 3072
local-size: 256
num-iters: 400
core-freq: 1485
memory-freq: 877
device-name: Tesla V100-SXM2-16GB
sycl-implementation: LLVM CUDA (Intel DPC++)
throughput-metric: N/A
kernel-time-mean: 1.057181 [s]
kernel-time-stddev: 0.001013 [s]
kernel-time-median: 1.056512 [s]
kernel-time-min: 1.056327 [s]
kernel-time-samples: "1.056327 1.056492 1.056512 1.058227 1.058347"
kernel-time-throughput: N/A
run-time-mean: 1.069828 [s]
run-time-stddev: 0.003165 [s]
run-time-median: 1.068681 [s]
run-time-min: 1.066377 [s]
run-time-samples: "1.066377 1.067770 1.068681 1.072662 1.073648"
run-time-throughput: N/A
kernel-energy-mean: 156.890624 [J]
kernel-energy-stddev: 1.247371 [J]
kernel-energy-median: 157.025130 [J]
kernel-energy-min: 155.451245 [J]
kernel-energy-max: 158.716855 [J]
kernel-energy-samples: "155.451245 156.054270 157.025130 157.205620 158.716855"
Verification: PASS
