********** Results for Sobel5**********
problem-size: 3072
local-size: 256
num-iters: 400
core-freq: 187
memory-freq: 877
device-name: Tesla V100-SXM2-16GB
sycl-implementation: LLVM CUDA (Intel DPC++)
throughput-metric: N/A
kernel-time-mean: 4.242148 [s]
kernel-time-stddev: 0.001407 [s]
kernel-time-median: 4.242648 [s]
kernel-time-min: 4.239659 [s]
kernel-time-samples: "4.239659 4.242551 4.242648 4.242781 4.243100"
kernel-time-throughput: N/A
run-time-mean: 4.255851 [s]
run-time-stddev: 0.003100 [s]
run-time-median: 4.256407 [s]
run-time-min: 4.251157 [s]
run-time-samples: "4.251157 4.255362 4.256407 4.256559 4.259771"
run-time-throughput: N/A
kernel-energy-mean: 65.299195 [J]
kernel-energy-stddev: 0.098863 [J]
kernel-energy-median: 65.340900 [J]
kernel-energy-min: 65.170815 [J]
kernel-energy-max: 65.410815 [J]
kernel-energy-samples: "65.170815 65.223065 65.340900 65.350380 65.410815"
Verification: PASS
