********** Results for Sobel3**********
problem-size: 3072
local-size: 256
num-iters: 2000
core-freq: 1425
memory-freq: 877
device-name: Tesla V100-SXM2-16GB
sycl-implementation: LLVM CUDA (Intel DPC++)
throughput-metric: N/A
kernel-time-mean: 0.408001 [s]
kernel-time-stddev: 0.000143 [s]
kernel-time-median: 0.408101 [s]
kernel-time-min: 0.407814 [s]
kernel-time-samples: "0.407814 0.407877 0.408101 0.408103 0.408110"
kernel-time-throughput: N/A
run-time-mean: 0.425090 [s]
run-time-stddev: 0.006180 [s]
run-time-median: 0.423061 [s]
run-time-min: 0.420724 [s]
run-time-samples: "0.420724 0.421095 0.423061 0.424827 0.435745"
run-time-throughput: N/A
kernel-energy-mean: 81.221774 [J]
kernel-energy-stddev: 2.281661 [J]
kernel-energy-median: 80.564940 [J]
kernel-energy-min: 78.416235 [J]
kernel-energy-max: 84.511910 [J]
kernel-energy-samples: "78.416235 80.390940 80.564940 82.224845 84.511910"
Verification: PASS
