********** Results for Sobel5**********
problem-size: 3072
local-size: 256
num-iters: 400
core-freq: 1492
memory-freq: 877
device-name: Tesla V100-SXM2-16GB
sycl-implementation: LLVM CUDA (Intel DPC++)
throughput-metric: N/A
kernel-time-mean: 1.036315 [s]
kernel-time-stddev: 0.000774 [s]
kernel-time-median: 1.036560 [s]
kernel-time-min: 1.035424 [s]
kernel-time-samples: "1.035424 1.035618 1.036560 1.036712 1.037263"
kernel-time-throughput: N/A
run-time-mean: 1.048615 [s]
run-time-stddev: 0.001637 [s]
run-time-median: 1.047866 [s]
run-time-min: 1.047370 [s]
run-time-samples: "1.047370 1.047674 1.047866 1.048776 1.051390"
run-time-throughput: N/A
kernel-energy-mean: 168.697909 [J]
kernel-energy-stddev: 0.712153 [J]
kernel-energy-median: 168.724930 [J]
kernel-energy-min: 167.723565 [J]
kernel-energy-max: 169.729595 [J]
kernel-energy-samples: "167.723565 168.582805 168.724930 168.728650 169.729595"
Verification: PASS
