********** Results for Sobel3**********
problem-size: 3072
local-size: 256
num-iters: 2000
core-freq: 292
memory-freq: 877
device-name: Tesla V100-SXM2-16GB
sycl-implementation: LLVM CUDA (Intel DPC++)
throughput-metric: N/A
kernel-time-mean: 2.568312 [s]
kernel-time-stddev: 0.000443 [s]
kernel-time-median: 2.568520 [s]
kernel-time-min: 2.567585 [s]
kernel-time-samples: "2.567585 2.568204 2.568520 2.568578 2.568674"
kernel-time-throughput: N/A
run-time-mean: 2.582598 [s]
run-time-stddev: 0.004296 [s]
run-time-median: 2.581941 [s]
run-time-min: 2.578067 [s]
run-time-samples: "2.578067 2.580255 2.581941 2.583280 2.589446"
run-time-throughput: N/A
kernel-energy-mean: 75.711006 [J]
kernel-energy-stddev: 0.465144 [J]
kernel-energy-median: 75.806660 [J]
kernel-energy-min: 74.902395 [J]
kernel-energy-max: 76.024175 [J]
kernel-energy-samples: "74.902395 75.800350 75.806660 76.021450 76.024175"
Verification: PASS
