********** Results for Sobel3**********
problem-size: 3072
local-size: 256
num-iters: 2000
core-freq: 1140
memory-freq: 877
device-name: Tesla V100-SXM2-16GB
sycl-implementation: LLVM CUDA (Intel DPC++)
throughput-metric: N/A
kernel-time-mean: 0.508864 [s]
kernel-time-stddev: 0.000194 [s]
kernel-time-median: 0.508854 [s]
kernel-time-min: 0.508611 [s]
kernel-time-samples: "0.508611 0.508754 0.508854 0.509003 0.509097"
kernel-time-throughput: N/A
run-time-mean: 0.520679 [s]
run-time-stddev: 0.001519 [s]
run-time-median: 0.520544 [s]
run-time-min: 0.518947 [s]
run-time-samples: "0.518947 0.519470 0.520544 0.522121 0.522311"
run-time-throughput: N/A
kernel-energy-mean: 67.540850 [J]
kernel-energy-stddev: 0.403330 [J]
kernel-energy-median: 67.334265 [J]
kernel-energy-min: 67.239140 [J]
kernel-energy-max: 68.228070 [J]
kernel-energy-samples: "67.239140 67.331565 67.334265 67.571210 68.228070"
Verification: PASS
