********** Results for Sobel3**********
problem-size: 3072
local-size: 256
num-iters: 2000
core-freq: 802
memory-freq: 877
device-name: Tesla V100-SXM2-16GB
sycl-implementation: LLVM CUDA (Intel DPC++)
throughput-metric: N/A
kernel-time-mean: 0.727170 [s]
kernel-time-stddev: 0.000289 [s]
kernel-time-median: 0.727077 [s]
kernel-time-min: 0.726997 [s]
kernel-time-samples: "0.726997 0.727015 0.727077 0.727080 0.727682"
kernel-time-throughput: N/A
run-time-mean: 0.741132 [s]
run-time-stddev: 0.003396 [s]
run-time-median: 0.740460 [s]
run-time-min: 0.737420 [s]
run-time-samples: "0.737420 0.738762 0.740460 0.743192 0.745827"
run-time-throughput: N/A
kernel-energy-mean: 61.202971 [J]
kernel-energy-stddev: 0.339930 [J]
kernel-energy-median: 61.351160 [J]
kernel-energy-min: 60.806980 [J]
kernel-energy-max: 61.603410 [J]
kernel-energy-samples: "60.806980 60.890600 61.351160 61.362705 61.603410"
Verification: PASS
