********** Results for Sobel7**********
problem-size: 3072
local-size: 256
num-iters: 200
core-freq: 1072
memory-freq: 877
device-name: Tesla V100-SXM2-16GB
sycl-implementation: LLVM CUDA (Intel DPC++)
throughput-metric: N/A
kernel-time-mean: 1.104202 [s]
kernel-time-stddev: 0.000743 [s]
kernel-time-median: 1.104439 [s]
kernel-time-min: 1.103415 [s]
kernel-time-samples: "1.103415 1.103499 1.104439 1.104471 1.105186"
kernel-time-throughput: N/A
run-time-mean: 1.117953 [s]
run-time-stddev: 0.005763 [s]
run-time-median: 1.115827 [s]
run-time-min: 1.113747 [s]
run-time-samples: "1.113747 1.114002 1.115827 1.118504 1.127686"
run-time-throughput: N/A
kernel-energy-mean: 126.895458 [J]
kernel-energy-stddev: 1.322571 [J]
kernel-energy-median: 127.158110 [J]
kernel-energy-min: 125.407415 [J]
kernel-energy-max: 128.758565 [J]
kernel-energy-samples: "125.407415 125.855835 127.158110 127.297365 128.758565"
Verification: PASS
