********** Results for Sobel7**********
problem-size: 3072
local-size: 256
num-iters: 200
core-freq: 1477
memory-freq: 877
device-name: Tesla V100-SXM2-16GB
sycl-implementation: LLVM CUDA (Intel DPC++)
throughput-metric: N/A
kernel-time-mean: 1.090812 [s]
kernel-time-stddev: 0.000548 [s]
kernel-time-median: 1.090776 [s]
kernel-time-min: 1.090348 [s]
kernel-time-samples: "1.090348 1.090417 1.090776 1.090797 1.091722"
kernel-time-throughput: N/A
run-time-mean: 1.101920 [s]
run-time-stddev: 0.001370 [s]
run-time-median: 1.102132 [s]
run-time-min: 1.099720 [s]
run-time-samples: "1.099720 1.101998 1.102132 1.102242 1.103506"
run-time-throughput: N/A
kernel-energy-mean: 163.991350 [J]
kernel-energy-stddev: 2.400993 [J]
kernel-energy-median: 165.080585 [J]
kernel-energy-min: 161.224395 [J]
kernel-energy-max: 166.216610 [J]
kernel-energy-samples: "161.224395 161.582760 165.080585 165.852400 166.216610"
Verification: PASS
