********** Results for Sobel5**********
problem-size: 3072
local-size: 256
num-iters: 400
core-freq: 1170
memory-freq: 877
device-name: Tesla V100-SXM2-16GB
sycl-implementation: LLVM CUDA (Intel DPC++)
throughput-metric: N/A
kernel-time-mean: 1.055794 [s]
kernel-time-stddev: 0.000356 [s]
kernel-time-median: 1.056013 [s]
kernel-time-min: 1.055320 [s]
kernel-time-samples: "1.055320 1.055505 1.056013 1.056033 1.056100"
kernel-time-throughput: N/A
run-time-mean: 1.066005 [s]
run-time-stddev: 0.001795 [s]
run-time-median: 1.065944 [s]
run-time-min: 1.064213 [s]
run-time-samples: "1.064213 1.064397 1.065944 1.066997 1.068476"
run-time-throughput: N/A
kernel-energy-mean: 128.030431 [J]
kernel-energy-stddev: 1.285239 [J]
kernel-energy-median: 128.507960 [J]
kernel-energy-min: 125.739750 [J]
kernel-energy-max: 128.746685 [J]
kernel-energy-samples: "125.739750 128.485360 128.507960 128.672400 128.746685"
Verification: PASS
