********** Results for Sobel3**********
problem-size: 3072
local-size: 256
num-iters: 2000
core-freq: 622
memory-freq: 877
device-name: Tesla V100-SXM2-16GB
sycl-implementation: LLVM CUDA (Intel DPC++)
throughput-metric: N/A
kernel-time-mean: 0.937543 [s]
kernel-time-stddev: 0.000403 [s]
kernel-time-median: 0.937373 [s]
kernel-time-min: 0.937277 [s]
kernel-time-samples: "0.937277 0.937293 0.937373 0.937531 0.938240"
kernel-time-throughput: N/A
run-time-mean: 0.947196 [s]
run-time-stddev: 0.001760 [s]
run-time-median: 0.946801 [s]
run-time-min: 0.945478 [s]
run-time-samples: "0.945478 0.945653 0.946801 0.948699 0.949351"
run-time-throughput: N/A
kernel-energy-mean: 65.428761 [J]
kernel-energy-stddev: 0.325115 [J]
kernel-energy-median: 65.390440 [J]
kernel-energy-min: 64.942605 [J]
kernel-energy-max: 65.764470 [J]
kernel-energy-samples: "64.942605 65.358120 65.390440 65.688170 65.764470"
Verification: PASS
