********** Results for Sobel7**********
problem-size: 3072
local-size: 256
num-iters: 200
core-freq: 1312
memory-freq: 877
device-name: Tesla V100-SXM2-16GB
sycl-implementation: LLVM CUDA (Intel DPC++)
throughput-metric: N/A
kernel-time-mean: 1.085158 [s]
kernel-time-stddev: 0.000282 [s]
kernel-time-median: 1.085106 [s]
kernel-time-min: 1.084849 [s]
kernel-time-samples: "1.084849 1.084981 1.085106 1.085275 1.085576"
kernel-time-throughput: N/A
run-time-mean: 1.098479 [s]
run-time-stddev: 0.003357 [s]
run-time-median: 1.097472 [s]
run-time-min: 1.095195 [s]
run-time-samples: "1.095195 1.096456 1.097472 1.099485 1.103788"
run-time-throughput: N/A
kernel-energy-mean: 142.720648 [J]
kernel-energy-stddev: 0.429396 [J]
kernel-energy-median: 142.540820 [J]
kernel-energy-min: 142.462350 [J]
kernel-energy-max: 143.477935 [J]
kernel-energy-samples: "142.462350 142.477245 142.540820 142.644890 143.477935"
Verification: PASS
