********** Results for Sobel3**********
problem-size: 3072
local-size: 256
num-iters: 2000
core-freq: 1470
memory-freq: 877
device-name: Tesla V100-SXM2-16GB
sycl-implementation: LLVM CUDA (Intel DPC++)
throughput-metric: N/A
kernel-time-mean: 0.397474 [s]
kernel-time-stddev: 0.000162 [s]
kernel-time-median: 0.397474 [s]
kernel-time-min: 0.397295 [s]
kernel-time-samples: "0.397295 0.397358 0.397474 0.397534 0.397711"
kernel-time-throughput: N/A
run-time-mean: 0.414799 [s]
run-time-stddev: 0.005704 [s]
run-time-median: 0.415983 [s]
run-time-min: 0.407130 [s]
run-time-samples: "0.407130 0.411145 0.415983 0.418264 0.421475"
run-time-throughput: N/A
kernel-energy-mean: 92.196627 [J]
kernel-energy-stddev: 2.570196 [J]
kernel-energy-median: 93.751755 [J]
kernel-energy-min: 88.435265 [J]
kernel-energy-max: 94.233550 [J]
kernel-energy-samples: "88.435265 90.593980 93.751755 93.968585 94.233550"
Verification: PASS
