********** Results for Sobel3**********
problem-size: 3072
local-size: 256
num-iters: 2000
core-freq: 705
memory-freq: 877
device-name: Tesla V100-SXM2-16GB
sycl-implementation: LLVM CUDA (Intel DPC++)
throughput-metric: N/A
kernel-time-mean: 0.827372 [s]
kernel-time-stddev: 0.000019 [s]
kernel-time-median: 0.827370 [s]
kernel-time-min: 0.827352 [s]
kernel-time-samples: "0.827352 0.827356 0.827370 0.827390 0.827394"
kernel-time-throughput: N/A
run-time-mean: 0.841871 [s]
run-time-stddev: 0.005041 [s]
run-time-median: 0.838929 [s]
run-time-min: 0.838460 [s]
run-time-samples: "0.838460 0.838604 0.838929 0.843188 0.850174"
run-time-throughput: N/A
kernel-energy-mean: 62.537523 [J]
kernel-energy-stddev: 0.590723 [J]
kernel-energy-median: 62.849985 [J]
kernel-energy-min: 61.766775 [J]
kernel-energy-max: 63.058610 [J]
kernel-energy-samples: "61.766775 62.042105 62.849985 62.970140 63.058610"
Verification: PASS
