********** Results for Sobel5**********
problem-size: 3072
local-size: 256
num-iters: 400
core-freq: 900
memory-freq: 877
device-name: Tesla V100-SXM2-16GB
sycl-implementation: LLVM CUDA (Intel DPC++)
throughput-metric: N/A
kernel-time-mean: 1.125091 [s]
kernel-time-stddev: 0.000444 [s]
kernel-time-median: 1.124918 [s]
kernel-time-min: 1.124603 [s]
kernel-time-samples: "1.124603 1.124868 1.124918 1.125333 1.125732"
kernel-time-throughput: N/A
run-time-mean: 1.135654 [s]
run-time-stddev: 0.002858 [s]
run-time-median: 1.134280 [s]
run-time-min: 1.133060 [s]
run-time-samples: "1.133060 1.133655 1.134280 1.137571 1.139703"
run-time-throughput: N/A
kernel-energy-mean: 101.203027 [J]
kernel-energy-stddev: 0.116145 [J]
kernel-energy-median: 101.224470 [J]
kernel-energy-min: 101.061115 [J]
kernel-energy-max: 101.368265 [J]
kernel-energy-samples: "101.061115 101.130375 101.224470 101.230910 101.368265"
Verification: PASS
