********** Results for Sobel7**********
problem-size: 3072
local-size: 256
num-iters: 200
core-freq: 1380
memory-freq: 877
device-name: Tesla V100-SXM2-16GB
sycl-implementation: LLVM CUDA (Intel DPC++)
throughput-metric: N/A
kernel-time-mean: 1.129418 [s]
kernel-time-stddev: 0.001247 [s]
kernel-time-median: 1.129696 [s]
kernel-time-min: 1.127273 [s]
kernel-time-samples: "1.127273 1.129542 1.129696 1.130225 1.130353"
kernel-time-throughput: N/A
run-time-mean: 1.143092 [s]
run-time-stddev: 0.004290 [s]
run-time-median: 1.143513 [s]
run-time-min: 1.137165 [s]
run-time-samples: "1.137165 1.141728 1.143513 1.143994 1.149061"
run-time-throughput: N/A
kernel-energy-mean: 158.489487 [J]
kernel-energy-stddev: 0.652922 [J]
kernel-energy-median: 158.536635 [J]
kernel-energy-min: 157.667090 [J]
kernel-energy-max: 159.375400 [J]
kernel-energy-samples: "157.667090 158.090860 158.536635 158.777450 159.375400"
Verification: PASS
