********** Results for Sobel7**********
problem-size: 3072
local-size: 256
num-iters: 200
core-freq: 1192
memory-freq: 877
device-name: Tesla V100-SXM2-16GB
sycl-implementation: LLVM CUDA (Intel DPC++)
throughput-metric: N/A
kernel-time-mean: 1.092043 [s]
kernel-time-stddev: 0.000981 [s]
kernel-time-median: 1.091859 [s]
kernel-time-min: 1.091326 [s]
kernel-time-samples: "1.091326 1.091412 1.091859 1.091877 1.093739"
kernel-time-throughput: N/A
run-time-mean: 1.104390 [s]
run-time-stddev: 0.004515 [s]
run-time-median: 1.103730 [s]
run-time-min: 1.100304 [s]
run-time-samples: "1.100304 1.100937 1.103730 1.105420 1.111560"
run-time-throughput: N/A
kernel-energy-mean: 131.037274 [J]
kernel-energy-stddev: 0.567849 [J]
kernel-energy-median: 131.038970 [J]
kernel-energy-min: 130.423085 [J]
kernel-energy-max: 131.901850 [J]
kernel-energy-samples: "130.423085 130.653050 131.038970 131.169415 131.901850"
Verification: PASS
