********** Results for Sobel7**********
problem-size: 3072
local-size: 256
num-iters: 200
core-freq: 727
memory-freq: 877
device-name: Tesla V100-SXM2-16GB
sycl-implementation: LLVM CUDA (Intel DPC++)
throughput-metric: N/A
kernel-time-mean: 1.454953 [s]
kernel-time-stddev: 0.000823 [s]
kernel-time-median: 1.454780 [s]
kernel-time-min: 1.454046 [s]
kernel-time-samples: "1.454046 1.454342 1.454780 1.455640 1.455958"
kernel-time-throughput: N/A
run-time-mean: 1.467238 [s]
run-time-stddev: 0.003093 [s]
run-time-median: 1.468008 [s]
run-time-min: 1.463320 [s]
run-time-samples: "1.463320 1.464841 1.468008 1.469233 1.470788"
run-time-throughput: N/A
kernel-energy-mean: 111.120330 [J]
kernel-energy-stddev: 0.274479 [J]
kernel-energy-median: 111.039680 [J]
kernel-energy-min: 110.826485 [J]
kernel-energy-max: 111.511485 [J]
kernel-energy-samples: "110.826485 110.945620 111.039680 111.278380 111.511485"
Verification: PASS
