********** Results for Sobel5**********
problem-size: 3072
local-size: 256
num-iters: 400
core-freq: 855
memory-freq: 877
device-name: Tesla V100-SXM2-16GB
sycl-implementation: LLVM CUDA (Intel DPC++)
throughput-metric: N/A
kernel-time-mean: 1.204261 [s]
kernel-time-stddev: 0.001713 [s]
kernel-time-median: 1.204409 [s]
kernel-time-min: 1.202175 [s]
kernel-time-samples: "1.202175 1.202910 1.204409 1.205651 1.206161"
kernel-time-throughput: N/A
run-time-mean: 1.215691 [s]
run-time-stddev: 0.001307 [s]
run-time-median: 1.215985 [s]
run-time-min: 1.214182 [s]
run-time-samples: "1.214182 1.214607 1.215985 1.216270 1.217410"
run-time-throughput: N/A
kernel-energy-mean: 105.504920 [J]
kernel-energy-stddev: 0.570587 [J]
kernel-energy-median: 105.675230 [J]
kernel-energy-min: 104.882970 [J]
kernel-energy-max: 106.156925 [J]
kernel-energy-samples: "104.882970 104.935020 105.675230 105.874455 106.156925"
Verification: PASS
