********** Results for Sobel5**********
problem-size: 3072
local-size: 256
num-iters: 400
core-freq: 1065
memory-freq: 877
device-name: Tesla V100-SXM2-16GB
sycl-implementation: LLVM CUDA (Intel DPC++)
throughput-metric: N/A
kernel-time-mean: 1.086402 [s]
kernel-time-stddev: 0.001130 [s]
kernel-time-median: 1.086542 [s]
kernel-time-min: 1.084989 [s]
kernel-time-samples: "1.084989 1.085756 1.086542 1.086717 1.088007"
kernel-time-throughput: N/A
run-time-mean: 1.096471 [s]
run-time-stddev: 0.002928 [s]
run-time-median: 1.095207 [s]
run-time-min: 1.094841 [s]
run-time-samples: "1.094841 1.094959 1.095207 1.095670 1.101677"
run-time-throughput: N/A
kernel-energy-mean: 126.066652 [J]
kernel-energy-stddev: 0.254087 [J]
kernel-energy-median: 126.059600 [J]
kernel-energy-min: 125.782880 [J]
kernel-energy-max: 126.471725 [J]
kernel-energy-samples: "125.782880 125.950140 126.059600 126.068915 126.471725"
Verification: PASS
