********** Results for Sobel3**********
problem-size: 3072
local-size: 256
num-iters: 2000
core-freq: 982
memory-freq: 877
device-name: Tesla V100-SXM2-16GB
sycl-implementation: LLVM CUDA (Intel DPC++)
throughput-metric: N/A
kernel-time-mean: 0.593943 [s]
kernel-time-stddev: 0.000304 [s]
kernel-time-median: 0.593738 [s]
kernel-time-min: 0.593707 [s]
kernel-time-samples: "0.593707 0.593720 0.593738 0.594232 0.594315"
kernel-time-throughput: N/A
run-time-mean: 0.611043 [s]
run-time-stddev: 0.003829 [s]
run-time-median: 0.611145 [s]
run-time-min: 0.606951 [s]
run-time-samples: "0.606951 0.607637 0.611145 0.613530 0.615953"
run-time-throughput: N/A
kernel-energy-mean: 61.942625 [J]
kernel-energy-stddev: 0.566285 [J]
kernel-energy-median: 61.864570 [J]
kernel-energy-min: 61.176035 [J]
kernel-energy-max: 62.575195 [J]
kernel-energy-samples: "61.176035 61.683745 61.864570 62.413580 62.575195"
Verification: PASS
