********** Results for Sobel5**********
problem-size: 3072
local-size: 256
num-iters: 400
core-freq: 712
memory-freq: 877
device-name: Tesla V100-SXM2-16GB
sycl-implementation: LLVM CUDA (Intel DPC++)
throughput-metric: N/A
kernel-time-mean: 1.499233 [s]
kernel-time-stddev: 0.001286 [s]
kernel-time-median: 1.498982 [s]
kernel-time-min: 1.498056 [s]
kernel-time-samples: "1.498056 1.498263 1.498982 1.499611 1.501254"
kernel-time-throughput: N/A
run-time-mean: 1.509128 [s]
run-time-stddev: 0.001532 [s]
run-time-median: 1.508804 [s]
run-time-min: 1.507243 [s]
run-time-samples: "1.507243 1.508289 1.508804 1.510220 1.511086"
run-time-throughput: N/A
kernel-energy-mean: 113.974206 [J]
kernel-energy-stddev: 0.204947 [J]
kernel-energy-median: 114.041210 [J]
kernel-energy-min: 113.740530 [J]
kernel-energy-max: 114.204760 [J]
kernel-energy-samples: "113.740530 113.778370 114.041210 114.106160 114.204760"
Verification: PASS
