********** Results for Sobel5**********
problem-size: 3072
local-size: 256
num-iters: 400
core-freq: 1342
memory-freq: 877
device-name: Tesla V100-SXM2-16GB
sycl-implementation: LLVM CUDA (Intel DPC++)
throughput-metric: N/A
kernel-time-mean: 1.060578 [s]
kernel-time-stddev: 0.000802 [s]
kernel-time-median: 1.060808 [s]
kernel-time-min: 1.059596 [s]
kernel-time-samples: "1.059596 1.059991 1.060808 1.060850 1.061644"
kernel-time-throughput: N/A
run-time-mean: 1.073974 [s]
run-time-stddev: 0.004200 [s]
run-time-median: 1.073200 [s]
run-time-min: 1.068470 [s]
run-time-samples: "1.068470 1.071864 1.073200 1.078056 1.078280"
run-time-throughput: N/A
kernel-energy-mean: 151.300785 [J]
kernel-energy-stddev: 0.662236 [J]
kernel-energy-median: 151.464025 [J]
kernel-energy-min: 150.273660 [J]
kernel-energy-max: 152.093365 [J]
kernel-energy-samples: "150.273660 151.191750 151.464025 151.481125 152.093365"
Verification: PASS
