********** Results for Sobel3**********
problem-size: 3072
local-size: 256
num-iters: 2000
core-freq: 1102
memory-freq: 877
device-name: Tesla V100-SXM2-16GB
sycl-implementation: LLVM CUDA (Intel DPC++)
throughput-metric: N/A
kernel-time-mean: 0.529188 [s]
kernel-time-stddev: 0.000014 [s]
kernel-time-median: 0.529184 [s]
kernel-time-min: 0.529173 [s]
kernel-time-samples: "0.529173 0.529180 0.529184 0.529194 0.529208"
kernel-time-throughput: N/A
run-time-mean: 0.539125 [s]
run-time-stddev: 0.001826 [s]
run-time-median: 0.538522 [s]
run-time-min: 0.537743 [s]
run-time-samples: "0.537743 0.537836 0.538522 0.539338 0.542185"
run-time-throughput: N/A
kernel-energy-mean: 62.313742 [J]
kernel-energy-stddev: 0.629660 [J]
kernel-energy-median: 62.339245 [J]
kernel-energy-min: 61.415405 [J]
kernel-energy-max: 63.129775 [J]
kernel-energy-samples: "61.415405 62.106875 62.339245 62.577410 63.129775"
Verification: PASS
