********** Results for Sobel3**********
problem-size: 3072
local-size: 256
num-iters: 2000
core-freq: 1462
memory-freq: 877
device-name: Tesla V100-SXM2-16GB
sycl-implementation: LLVM CUDA (Intel DPC++)
throughput-metric: N/A
kernel-time-mean: 0.398886 [s]
kernel-time-stddev: 0.000007 [s]
kernel-time-median: 0.398885 [s]
kernel-time-min: 0.398879 [s]
kernel-time-samples: "0.398879 0.398884 0.398885 0.398885 0.398899"
kernel-time-throughput: N/A
run-time-mean: 0.409811 [s]
run-time-stddev: 0.001541 [s]
run-time-median: 0.409269 [s]
run-time-min: 0.408191 [s]
run-time-samples: "0.408191 0.409223 0.409269 0.410081 0.412293"
run-time-throughput: N/A
kernel-energy-mean: 87.033931 [J]
kernel-energy-stddev: 0.593746 [J]
kernel-energy-median: 86.902595 [J]
kernel-energy-min: 86.480210 [J]
kernel-energy-max: 88.023890 [J]
kernel-energy-samples: "86.480210 86.708595 86.902595 87.054365 88.023890"
Verification: PASS
