********** Results for Sobel5**********
problem-size: 3072
local-size: 256
num-iters: 400
core-freq: 750
memory-freq: 877
device-name: Tesla V100-SXM2-16GB
sycl-implementation: LLVM CUDA (Intel DPC++)
throughput-metric: N/A
kernel-time-mean: 1.351303 [s]
kernel-time-stddev: 0.000331 [s]
kernel-time-median: 1.351140 [s]
kernel-time-min: 1.351094 [s]
kernel-time-samples: "1.351094 1.351114 1.351140 1.351290 1.351880"
kernel-time-throughput: N/A
run-time-mean: 1.363975 [s]
run-time-stddev: 0.003022 [s]
run-time-median: 1.364208 [s]
run-time-min: 1.361035 [s]
run-time-samples: "1.361035 1.361330 1.364208 1.364844 1.368456"
run-time-throughput: N/A
kernel-energy-mean: 112.751758 [J]
kernel-energy-stddev: 1.256053 [J]
kernel-energy-median: 113.309085 [J]
kernel-energy-min: 110.506415 [J]
kernel-energy-max: 113.376800 [J]
kernel-energy-samples: "110.506415 113.245435 113.309085 113.321055 113.376800"
Verification: PASS
