********** Results for Sobel7**********
problem-size: 3072
local-size: 256
num-iters: 200
core-freq: 1050
memory-freq: 877
device-name: Tesla V100-SXM2-16GB
sycl-implementation: LLVM CUDA (Intel DPC++)
throughput-metric: N/A
kernel-time-mean: 1.105556 [s]
kernel-time-stddev: 0.000952 [s]
kernel-time-median: 1.104987 [s]
kernel-time-min: 1.104903 [s]
kernel-time-samples: "1.104903 1.104923 1.104987 1.105871 1.107097"
kernel-time-throughput: N/A
run-time-mean: 1.124701 [s]
run-time-stddev: 0.011045 [s]
run-time-median: 1.121414 [s]
run-time-min: 1.118038 [s]
run-time-samples: "1.118038 1.118201 1.121414 1.121633 1.144222"
run-time-throughput: N/A
kernel-energy-mean: 111.087255 [J]
kernel-energy-stddev: 0.711734 [J]
kernel-energy-median: 111.315135 [J]
kernel-energy-min: 109.897880 [J]
kernel-energy-max: 111.639630 [J]
kernel-energy-samples: "109.897880 110.999485 111.315135 111.584145 111.639630"
Verification: PASS
