********** Results for Sobel5**********
problem-size: 3072
local-size: 256
num-iters: 400
core-freq: 1080
memory-freq: 877
device-name: Tesla V100-SXM2-16GB
sycl-implementation: LLVM CUDA (Intel DPC++)
throughput-metric: N/A
kernel-time-mean: 1.078790 [s]
kernel-time-stddev: 0.000447 [s]
kernel-time-median: 1.078629 [s]
kernel-time-min: 1.078229 [s]
kernel-time-samples: "1.078229 1.078603 1.078629 1.079172 1.079317"
kernel-time-throughput: N/A
run-time-mean: 1.089279 [s]
run-time-stddev: 0.001693 [s]
run-time-median: 1.089435 [s]
run-time-min: 1.087398 [s]
run-time-samples: "1.087398 1.087890 1.089435 1.090087 1.091585"
run-time-throughput: N/A
kernel-energy-mean: 123.006371 [J]
kernel-energy-stddev: 0.143464 [J]
kernel-energy-median: 122.994140 [J]
kernel-energy-min: 122.801420 [J]
kernel-energy-max: 123.193180 [J]
kernel-energy-samples: "122.801420 122.972495 122.994140 123.070620 123.193180"
Verification: PASS
