********** Results for Sobel7**********
problem-size: 3072
local-size: 256
num-iters: 200
core-freq: 787
memory-freq: 877
device-name: Tesla V100-SXM2-16GB
sycl-implementation: LLVM CUDA (Intel DPC++)
throughput-metric: N/A
kernel-time-mean: 1.316852 [s]
kernel-time-stddev: 0.000408 [s]
kernel-time-median: 1.316867 [s]
kernel-time-min: 1.316348 [s]
kernel-time-samples: "1.316348 1.316567 1.316867 1.317110 1.317366"
kernel-time-throughput: N/A
run-time-mean: 1.330963 [s]
run-time-stddev: 0.002835 [s]
run-time-median: 1.331872 [s]
run-time-min: 1.326874 [s]
run-time-samples: "1.326874 1.329367 1.331872 1.332786 1.333918"
run-time-throughput: N/A
kernel-energy-mean: 105.849448 [J]
kernel-energy-stddev: 0.963519 [J]
kernel-energy-median: 105.966275 [J]
kernel-energy-min: 104.308595 [J]
kernel-energy-max: 106.815950 [J]
kernel-energy-samples: "104.308595 105.699520 105.966275 106.456900 106.815950"
Verification: PASS
