********** Results for Sobel5**********
problem-size: 3072
local-size: 256
num-iters: 400
core-freq: 1245
memory-freq: 877
device-name: Tesla V100-SXM2-16GB
sycl-implementation: LLVM CUDA (Intel DPC++)
throughput-metric: N/A
kernel-time-mean: 1.062678 [s]
kernel-time-stddev: 0.001325 [s]
kernel-time-median: 1.062966 [s]
kernel-time-min: 1.060831 [s]
kernel-time-samples: "1.060831 1.062020 1.062966 1.063226 1.064349"
kernel-time-throughput: N/A
run-time-mean: 1.075325 [s]
run-time-stddev: 0.004397 [s]
run-time-median: 1.073174 [s]
run-time-min: 1.071622 [s]
run-time-samples: "1.071622 1.072266 1.073174 1.077555 1.082007"
run-time-throughput: N/A
kernel-energy-mean: 135.956485 [J]
kernel-energy-stddev: 0.892345 [J]
kernel-energy-median: 135.750865 [J]
kernel-energy-min: 135.301765 [J]
kernel-energy-max: 137.487915 [J]
kernel-energy-samples: "135.301765 135.352870 135.750865 135.889010 137.487915"
Verification: PASS
