********** Results for Sobel3**********
problem-size: 3072
local-size: 256
num-iters: 2000
core-freq: 750
memory-freq: 877
device-name: Tesla V100-SXM2-16GB
sycl-implementation: LLVM CUDA (Intel DPC++)
throughput-metric: N/A
kernel-time-mean: 0.777755 [s]
kernel-time-stddev: 0.000005 [s]
kernel-time-median: 0.777754 [s]
kernel-time-min: 0.777750 [s]
kernel-time-samples: "0.777750 0.777752 0.777754 0.777760 0.777761"
kernel-time-throughput: N/A
run-time-mean: 0.792713 [s]
run-time-stddev: 0.002836 [s]
run-time-median: 0.790927 [s]
run-time-min: 0.790653 [s]
run-time-samples: "0.790653 0.790911 0.790927 0.793870 0.797203"
run-time-throughput: N/A
kernel-energy-mean: 64.605150 [J]
kernel-energy-stddev: 0.204911 [J]
kernel-energy-median: 64.534210 [J]
kernel-energy-min: 64.444845 [J]
kernel-energy-max: 64.962045 [J]
kernel-energy-samples: "64.444845 64.511055 64.534210 64.573595 64.962045"
Verification: PASS
