********** Results for Sobel5**********
problem-size: 3072
local-size: 256
num-iters: 400
core-freq: 772
memory-freq: 877
device-name: Tesla V100-SXM2-16GB
sycl-implementation: LLVM CUDA (Intel DPC++)
throughput-metric: N/A
kernel-time-mean: 1.373139 [s]
kernel-time-stddev: 0.001113 [s]
kernel-time-median: 1.373063 [s]
kernel-time-min: 1.371835 [s]
kernel-time-samples: "1.371835 1.372618 1.373063 1.373329 1.374853"
kernel-time-throughput: N/A
run-time-mean: 1.386368 [s]
run-time-stddev: 0.005137 [s]
run-time-median: 1.384437 [s]
run-time-min: 1.381671 [s]
run-time-samples: "1.381671 1.383671 1.384437 1.387221 1.394840"
run-time-throughput: N/A
kernel-energy-mean: 111.317793 [J]
kernel-energy-stddev: 0.669995 [J]
kernel-energy-median: 111.472455 [J]
kernel-energy-min: 110.312235 [J]
kernel-energy-max: 112.014495 [J]
kernel-energy-samples: "110.312235 111.032105 111.472455 111.757675 112.014495"
Verification: PASS
