********** Results for Sobel3**********
problem-size: 3072
local-size: 256
num-iters: 2000
core-freq: 1080
memory-freq: 877
device-name: Tesla V100-SXM2-16GB
sycl-implementation: LLVM CUDA (Intel DPC++)
throughput-metric: N/A
kernel-time-mean: 0.536712 [s]
kernel-time-stddev: 0.000178 [s]
kernel-time-median: 0.536670 [s]
kernel-time-min: 0.536526 [s]
kernel-time-samples: "0.536526 0.536592 0.536670 0.536795 0.536975"
kernel-time-throughput: N/A
run-time-mean: 0.548923 [s]
run-time-stddev: 0.002384 [s]
run-time-median: 0.549383 [s]
run-time-min: 0.546256 [s]
run-time-samples: "0.546256 0.546738 0.549383 0.550417 0.551822"
run-time-throughput: N/A
kernel-energy-mean: 59.812552 [J]
kernel-energy-stddev: 2.148373 [J]
kernel-energy-median: 60.693865 [J]
kernel-energy-min: 55.993220 [J]
kernel-energy-max: 61.085450 [J]
kernel-energy-samples: "55.993220 60.431290 60.693865 60.858935 61.085450"
Verification: PASS
