********** Results for Sobel5**********
problem-size: 3072
local-size: 256
num-iters: 400
core-freq: 1462
memory-freq: 877
device-name: Tesla V100-SXM2-16GB
sycl-implementation: LLVM CUDA (Intel DPC++)
throughput-metric: N/A
kernel-time-mean: 1.062423 [s]
kernel-time-stddev: 0.000956 [s]
kernel-time-median: 1.062513 [s]
kernel-time-min: 1.061046 [s]
kernel-time-samples: "1.061046 1.062013 1.062513 1.063005 1.063540"
kernel-time-throughput: N/A
run-time-mean: 1.074042 [s]
run-time-stddev: 0.001856 [s]
run-time-median: 1.074514 [s]
run-time-min: 1.072135 [s]
run-time-samples: "1.072135 1.072161 1.074514 1.075037 1.076364"
run-time-throughput: N/A
kernel-energy-mean: 153.726150 [J]
kernel-energy-stddev: 0.624955 [J]
kernel-energy-median: 153.896605 [J]
kernel-energy-min: 153.077530 [J]
kernel-energy-max: 154.584605 [J]
kernel-energy-samples: "153.077530 153.146610 153.896605 153.925400 154.584605"
Verification: PASS
