********** Results for Sobel5**********
problem-size: 3072
local-size: 256
num-iters: 400
core-freq: 945
memory-freq: 877
device-name: Tesla V100-SXM2-16GB
sycl-implementation: LLVM CUDA (Intel DPC++)
throughput-metric: N/A
kernel-time-mean: 1.099487 [s]
kernel-time-stddev: 0.000300 [s]
kernel-time-median: 1.099404 [s]
kernel-time-min: 1.099207 [s]
kernel-time-samples: "1.099207 1.099266 1.099404 1.099610 1.099946"
kernel-time-throughput: N/A
run-time-mean: 1.110809 [s]
run-time-stddev: 0.002633 [s]
run-time-median: 1.109898 [s]
run-time-min: 1.107850 [s]
run-time-samples: "1.107850 1.109872 1.109898 1.111524 1.114902"
run-time-throughput: N/A
kernel-energy-mean: 100.424294 [J]
kernel-energy-stddev: 0.502062 [J]
kernel-energy-median: 100.451155 [J]
kernel-energy-min: 99.660120 [J]
kernel-energy-max: 101.015975 [J]
kernel-energy-samples: "99.660120 100.319780 100.451155 100.674440 101.015975"
Verification: PASS
