********** Results for Sobel3**********
problem-size: 3072
local-size: 256
num-iters: 2000
core-freq: 907
memory-freq: 877
device-name: Tesla V100-SXM2-16GB
sycl-implementation: LLVM CUDA (Intel DPC++)
throughput-metric: N/A
kernel-time-mean: 0.643034 [s]
kernel-time-stddev: 0.000320 [s]
kernel-time-median: 0.642810 [s]
kernel-time-min: 0.642793 [s]
kernel-time-samples: "0.642793 0.642799 0.642810 0.643384 0.643384"
kernel-time-throughput: N/A
run-time-mean: 0.655833 [s]
run-time-stddev: 0.004966 [s]
run-time-median: 0.653620 [s]
run-time-min: 0.653309 [s]
run-time-samples: "0.653309 0.653612 0.653620 0.653916 0.664708"
run-time-throughput: N/A
kernel-energy-mean: 59.193654 [J]
kernel-energy-stddev: 1.425774 [J]
kernel-energy-median: 59.777350 [J]
kernel-energy-min: 56.663870 [J]
kernel-energy-max: 60.101595 [J]
kernel-energy-samples: "56.663870 59.595295 59.777350 59.830160 60.101595"
Verification: PASS
