********** Results for Sobel5**********
problem-size: 3072
local-size: 256
num-iters: 400
core-freq: 150
memory-freq: 877
device-name: Tesla V100-SXM2-16GB
sycl-implementation: LLVM CUDA (Intel DPC++)
throughput-metric: N/A
kernel-time-mean: 4.370026 [s]
kernel-time-stddev: 0.003637 [s]
kernel-time-median: 4.369129 [s]
kernel-time-min: 4.366853 [s]
kernel-time-samples: "4.366853 4.367309 4.369129 4.371010 4.375831"
kernel-time-throughput: N/A
run-time-mean: 4.387051 [s]
run-time-stddev: 0.005540 [s]
run-time-median: 4.389130 [s]
run-time-min: 4.377276 [s]
run-time-samples: "4.377276 4.388236 4.389130 4.389931 4.390681"
run-time-throughput: N/A
kernel-energy-mean: 64.689387 [J]
kernel-energy-stddev: 0.440350 [J]
kernel-energy-median: 64.821195 [J]
kernel-energy-min: 64.011025 [J]
kernel-energy-max: 65.191730 [J]
kernel-energy-samples: "64.011025 64.561895 64.821195 64.861090 65.191730"
Verification: PASS
