********** Results for Sobel5**********
problem-size: 3072
local-size: 256
num-iters: 400
core-freq: 1155
memory-freq: 877
device-name: Tesla V100-SXM2-16GB
sycl-implementation: LLVM CUDA (Intel DPC++)
throughput-metric: N/A
kernel-time-mean: 1.075005 [s]
kernel-time-stddev: 0.000684 [s]
kernel-time-median: 1.074963 [s]
kernel-time-min: 1.074035 [s]
kernel-time-samples: "1.074035 1.074801 1.074963 1.075340 1.075884"
kernel-time-throughput: N/A
run-time-mean: 1.086332 [s]
run-time-stddev: 0.002808 [s]
run-time-median: 1.086120 [s]
run-time-min: 1.082706 [s]
run-time-samples: "1.082706 1.085215 1.086120 1.087255 1.090363"
run-time-throughput: N/A
kernel-energy-mean: 132.510776 [J]
kernel-energy-stddev: 0.491831 [J]
kernel-energy-median: 132.519770 [J]
kernel-energy-min: 131.732915 [J]
kernel-energy-max: 133.066595 [J]
kernel-energy-samples: "131.732915 132.493175 132.519770 132.741425 133.066595"
Verification: PASS
