********** Results for Sobel3**********
problem-size: 3072
local-size: 256
num-iters: 2000
core-freq: 187
memory-freq: 877
device-name: Tesla V100-SXM2-16GB
sycl-implementation: LLVM CUDA (Intel DPC++)
throughput-metric: N/A
kernel-time-mean: 5.278988 [s]
kernel-time-stddev: 0.001171 [s]
kernel-time-median: 5.278485 [s]
kernel-time-min: 5.277606 [s]
kernel-time-samples: "5.277606 5.278471 5.278485 5.279894 5.280484"
kernel-time-throughput: N/A
run-time-mean: 5.292287 [s]
run-time-stddev: 0.004318 [s]
run-time-median: 5.292505 [s]
run-time-min: 5.287178 [s]
run-time-samples: "5.287178 5.290218 5.292505 5.292610 5.298924"
run-time-throughput: N/A
kernel-energy-mean: 104.022123 [J]
kernel-energy-stddev: 3.484206 [J]
kernel-energy-median: 104.256305 [J]
kernel-energy-min: 100.430335 [J]
kernel-energy-max: 108.840440 [J]
kernel-energy-samples: "100.430335 100.912695 104.256305 105.670840 108.840440"
Verification: PASS
