********** Results for Sobel7**********
problem-size: 3072
local-size: 256
num-iters: 200
core-freq: 487
memory-freq: 877
device-name: Tesla V100-SXM2-16GB
sycl-implementation: LLVM CUDA (Intel DPC++)
throughput-metric: N/A
kernel-time-mean: 2.166989 [s]
kernel-time-stddev: 0.000640 [s]
kernel-time-median: 2.167034 [s]
kernel-time-min: 2.166232 [s]
kernel-time-samples: "2.166232 2.166623 2.167034 2.167109 2.167946"
kernel-time-throughput: N/A
run-time-mean: 2.179586 [s]
run-time-stddev: 0.002641 [s]
run-time-median: 2.179756 [s]
run-time-min: 2.175794 [s]
run-time-samples: "2.175794 2.178840 2.179756 2.180465 2.183075"
run-time-throughput: N/A
kernel-energy-mean: 137.446678 [J]
kernel-energy-stddev: 0.359056 [J]
kernel-energy-median: 137.301350 [J]
kernel-energy-min: 137.088895 [J]
kernel-energy-max: 137.898870 [J]
kernel-energy-samples: "137.088895 137.188605 137.301350 137.755670 137.898870"
Verification: PASS
