********** Results for Sobel7**********
problem-size: 3072
local-size: 256
num-iters: 200
core-freq: 495
memory-freq: 877
device-name: Tesla V100-SXM2-16GB
sycl-implementation: LLVM CUDA (Intel DPC++)
throughput-metric: N/A
kernel-time-mean: 2.173393 [s]
kernel-time-stddev: 0.001444 [s]
kernel-time-median: 2.172877 [s]
kernel-time-min: 2.172051 [s]
kernel-time-samples: "2.172051 2.172271 2.172877 2.174347 2.175419"
kernel-time-throughput: N/A
run-time-mean: 2.184100 [s]
run-time-stddev: 0.002769 [s]
run-time-median: 2.182711 [s]
run-time-min: 2.181507 [s]
run-time-samples: "2.181507 2.182372 2.182711 2.185785 2.188124"
run-time-throughput: N/A
kernel-energy-mean: 133.827640 [J]
kernel-energy-stddev: 0.232052 [J]
kernel-energy-median: 133.735010 [J]
kernel-energy-min: 133.633685 [J]
kernel-energy-max: 134.169245 [J]
kernel-energy-samples: "133.633685 133.640465 133.735010 133.959795 134.169245"
Verification: PASS
