********** Results for Sobel7**********
problem-size: 3072
local-size: 256
num-iters: 200
core-freq: 315
memory-freq: 877
device-name: Tesla V100-SXM2-16GB
sycl-implementation: LLVM CUDA (Intel DPC++)
throughput-metric: N/A
kernel-time-mean: 2.740511 [s]
kernel-time-stddev: 0.001348 [s]
kernel-time-median: 2.740879 [s]
kernel-time-min: 2.738334 [s]
kernel-time-samples: "2.738334 2.740209 2.740879 2.741376 2.741757"
kernel-time-throughput: N/A
run-time-mean: 2.751840 [s]
run-time-stddev: 0.004807 [s]
run-time-median: 2.750037 [s]
run-time-min: 2.747281 [s]
run-time-samples: "2.747281 2.749455 2.750037 2.752717 2.759711"
run-time-throughput: N/A
kernel-energy-mean: 98.876020 [J]
kernel-energy-stddev: 0.738687 [J]
kernel-energy-median: 98.979225 [J]
kernel-energy-min: 97.645715 [J]
kernel-energy-max: 99.450605 [J]
kernel-energy-samples: "97.645715 98.856010 98.979225 99.448545 99.450605"
Verification: PASS
