********** Results for Sobel5**********
problem-size: 3072
local-size: 256
num-iters: 400
core-freq: 622
memory-freq: 877
device-name: Tesla V100-SXM2-16GB
sycl-implementation: LLVM CUDA (Intel DPC++)
throughput-metric: N/A
kernel-time-mean: 1.853829 [s]
kernel-time-stddev: 0.000491 [s]
kernel-time-median: 1.854101 [s]
kernel-time-min: 1.853065 [s]
kernel-time-samples: "1.853065 1.853612 1.854101 1.854126 1.854241"
kernel-time-throughput: N/A
run-time-mean: 1.863972 [s]
run-time-stddev: 0.002598 [s]
run-time-median: 1.863233 [s]
run-time-min: 1.860733 [s]
run-time-samples: "1.860733 1.862891 1.863233 1.865505 1.867499"
run-time-throughput: N/A
kernel-energy-mean: 126.070753 [J]
kernel-energy-stddev: 0.568444 [J]
kernel-energy-median: 126.094420 [J]
kernel-energy-min: 125.148195 [J]
kernel-energy-max: 126.574755 [J]
kernel-energy-samples: "125.148195 126.034900 126.094420 126.501495 126.574755"
Verification: PASS
