********** Results for Sobel7**********
problem-size: 3072
local-size: 256
num-iters: 200
core-freq: 532
memory-freq: 877
device-name: Tesla V100-SXM2-16GB
sycl-implementation: LLVM CUDA (Intel DPC++)
throughput-metric: N/A
kernel-time-mean: 2.153441 [s]
kernel-time-stddev: 0.001128 [s]
kernel-time-median: 2.153380 [s]
kernel-time-min: 2.152049 [s]
kernel-time-samples: "2.152049 2.153004 2.153380 2.153620 2.155150"
kernel-time-throughput: N/A
run-time-mean: 2.165455 [s]
run-time-stddev: 0.005158 [s]
run-time-median: 2.164012 [s]
run-time-min: 2.160682 [s]
run-time-samples: "2.160682 2.162159 2.164012 2.166642 2.173778"
run-time-throughput: N/A
kernel-energy-mean: 133.540766 [J]
kernel-energy-stddev: 0.316422 [J]
kernel-energy-median: 133.559625 [J]
kernel-energy-min: 133.068400 [J]
kernel-energy-max: 133.851245 [J]
kernel-energy-samples: "133.068400 133.424690 133.559625 133.799870 133.851245"
Verification: PASS
