********** Results for Sobel5**********
problem-size: 3072
local-size: 256
num-iters: 400
core-freq: 262
memory-freq: 877
device-name: Tesla V100-SXM2-16GB
sycl-implementation: LLVM CUDA (Intel DPC++)
throughput-metric: N/A
kernel-time-mean: 2.533832 [s]
kernel-time-stddev: 0.000519 [s]
kernel-time-median: 2.533506 [s]
kernel-time-min: 2.533390 [s]
kernel-time-samples: "2.533390 2.533477 2.533506 2.534288 2.534498"
kernel-time-throughput: N/A
run-time-mean: 2.541948 [s]
run-time-stddev: 0.000489 [s]
run-time-median: 2.541965 [s]
run-time-min: 2.541272 [s]
run-time-samples: "2.541272 2.541681 2.541965 2.542410 2.542411"
run-time-throughput: N/A
kernel-energy-mean: 96.366923 [J]
kernel-energy-stddev: 1.841035 [J]
kernel-energy-median: 97.148125 [J]
kernel-energy-min: 93.075530 [J]
kernel-energy-max: 97.251750 [J]
kernel-energy-samples: "93.075530 97.107960 97.148125 97.251250 97.251750"
Verification: PASS
