********** Results for Sobel7**********
problem-size: 3072
local-size: 256
num-iters: 200
core-freq: 675
memory-freq: 877
device-name: Tesla V100-SXM2-16GB
sycl-implementation: LLVM CUDA (Intel DPC++)
throughput-metric: N/A
kernel-time-mean: 1.635677 [s]
kernel-time-stddev: 0.000594 [s]
kernel-time-median: 1.635715 [s]
kernel-time-min: 1.635044 [s]
kernel-time-samples: "1.635044 1.635187 1.635715 1.635923 1.636519"
kernel-time-throughput: N/A
run-time-mean: 1.646660 [s]
run-time-stddev: 0.003695 [s]
run-time-median: 1.644781 [s]
run-time-min: 1.643188 [s]
run-time-samples: "1.643188 1.644757 1.644781 1.648156 1.652419"
run-time-throughput: N/A
kernel-energy-mean: 120.543600 [J]
kernel-energy-stddev: 0.142338 [J]
kernel-energy-median: 120.496225 [J]
kernel-energy-min: 120.449560 [J]
kernel-energy-max: 120.794230 [J]
kernel-energy-samples: "120.449560 120.464775 120.496225 120.513210 120.794230"
Verification: PASS
