********** Results for Sobel5**********
problem-size: 3072
local-size: 256
num-iters: 400
core-freq: 375
memory-freq: 877
device-name: Tesla V100-SXM2-16GB
sycl-implementation: LLVM CUDA (Intel DPC++)
throughput-metric: N/A
kernel-time-mean: 2.624457 [s]
kernel-time-stddev: 0.001513 [s]
kernel-time-median: 2.623576 [s]
kernel-time-min: 2.623229 [s]
kernel-time-samples: "2.623229 2.623282 2.623576 2.625888 2.626312"
kernel-time-throughput: N/A
run-time-mean: 2.640024 [s]
run-time-stddev: 0.003267 [s]
run-time-median: 2.641134 [s]
run-time-min: 2.635199 [s]
run-time-samples: "2.635199 2.638527 2.641134 2.641547 2.643713"
run-time-throughput: N/A
kernel-energy-mean: 51.219025 [J]
kernel-energy-stddev: 0.217512 [J]
kernel-energy-median: 51.168975 [J]
kernel-energy-min: 51.047405 [J]
kernel-energy-max: 51.597290 [J]
kernel-energy-samples: "51.047405 51.109560 51.168975 51.171895 51.597290"
Verification: PASS
