********** Results for Sobel7**********
problem-size: 3072
local-size: 256
num-iters: 200
core-freq: 427
memory-freq: 877
device-name: Tesla V100-SXM2-16GB
sycl-implementation: LLVM CUDA (Intel DPC++)
throughput-metric: N/A
kernel-time-mean: 2.711723 [s]
kernel-time-stddev: 0.000375 [s]
kernel-time-median: 2.711770 [s]
kernel-time-min: 2.711189 [s]
kernel-time-samples: "2.711189 2.711524 2.711770 2.712061 2.712072"
kernel-time-throughput: N/A
run-time-mean: 2.724489 [s]
run-time-stddev: 0.005695 [s]
run-time-median: 2.723724 [s]
run-time-min: 2.720222 [s]
run-time-samples: "2.720222 2.720432 2.723724 2.723877 2.734190"
run-time-throughput: N/A
kernel-energy-mean: 96.609739 [J]
kernel-energy-stddev: 0.098271 [J]
kernel-energy-median: 96.622455 [J]
kernel-energy-min: 96.469680 [J]
kernel-energy-max: 96.739300 [J]
kernel-energy-samples: "96.469680 96.576520 96.622455 96.640740 96.739300"
Verification: PASS
