********** Results for Sobel5**********
problem-size: 3072
local-size: 256
num-iters: 400
core-freq: 1425
memory-freq: 877
device-name: Tesla V100-SXM2-16GB
sycl-implementation: LLVM CUDA (Intel DPC++)
throughput-metric: N/A
kernel-time-mean: 1.045093 [s]
kernel-time-stddev: 0.001468 [s]
kernel-time-median: 1.045991 [s]
kernel-time-min: 1.043452 [s]
kernel-time-samples: "1.043452 1.043540 1.045991 1.046044 1.046436"
kernel-time-throughput: N/A
run-time-mean: 1.057289 [s]
run-time-stddev: 0.003168 [s]
run-time-median: 1.056128 [s]
run-time-min: 1.054185 [s]
run-time-samples: "1.054185 1.055811 1.056128 1.057870 1.062451"
run-time-throughput: N/A
kernel-energy-mean: 162.904201 [J]
kernel-energy-stddev: 0.257620 [J]
kernel-energy-median: 162.917130 [J]
kernel-energy-min: 162.592290 [J]
kernel-energy-max: 163.263650 [J]
kernel-energy-samples: "162.592290 162.737980 162.917130 163.009955 163.263650"
Verification: PASS
