********** Results for Sobel3**********
problem-size: 3072
local-size: 256
num-iters: 2000
core-freq: 270
memory-freq: 877
device-name: Tesla V100-SXM2-16GB
sycl-implementation: LLVM CUDA (Intel DPC++)
throughput-metric: N/A
kernel-time-mean: 2.705032 [s]
kernel-time-stddev: 0.005186 [s]
kernel-time-median: 2.702648 [s]
kernel-time-min: 2.702213 [s]
kernel-time-samples: "2.702213 2.702437 2.702648 2.703602 2.714260"
kernel-time-throughput: N/A
run-time-mean: 2.719840 [s]
run-time-stddev: 0.003339 [s]
run-time-median: 2.721152 [s]
run-time-min: 2.714878 [s]
run-time-samples: "2.714878 2.718234 2.721152 2.721497 2.723437"
run-time-throughput: N/A
kernel-energy-mean: 78.309462 [J]
kernel-energy-stddev: 0.121353 [J]
kernel-energy-median: 78.355160 [J]
kernel-energy-min: 78.100330 [J]
kernel-energy-max: 78.398435 [J]
kernel-energy-samples: "78.100330 78.312100 78.355160 78.381285 78.398435"
Verification: PASS
