********** Results for Sobel7**********
problem-size: 3072
local-size: 256
num-iters: 200
core-freq: 1327
memory-freq: 877
device-name: Tesla V100-SXM2-16GB
sycl-implementation: LLVM CUDA (Intel DPC++)
throughput-metric: N/A
kernel-time-mean: 1.087610 [s]
kernel-time-stddev: 0.000847 [s]
kernel-time-median: 1.087260 [s]
kernel-time-min: 1.086843 [s]
kernel-time-samples: "1.086843 1.087028 1.087260 1.088028 1.088894"
kernel-time-throughput: N/A
run-time-mean: 1.100046 [s]
run-time-stddev: 0.003802 [s]
run-time-median: 1.098087 [s]
run-time-min: 1.097067 [s]
run-time-samples: "1.097067 1.097980 1.098087 1.100694 1.106404"
run-time-throughput: N/A
kernel-energy-mean: 156.417029 [J]
kernel-energy-stddev: 0.241312 [J]
kernel-energy-median: 156.362295 [J]
kernel-energy-min: 156.221920 [J]
kernel-energy-max: 156.823860 [J]
kernel-energy-samples: "156.221920 156.254785 156.362295 156.422285 156.823860"
Verification: PASS
