********** Results for Sobel3**********
problem-size: 3072
local-size: 256
num-iters: 2000
core-freq: 877
memory-freq: 877
device-name: Tesla V100-SXM2-16GB
sycl-implementation: LLVM CUDA (Intel DPC++)
throughput-metric: N/A
kernel-time-mean: 0.664910 [s]
kernel-time-stddev: 0.000307 [s]
kernel-time-median: 0.664777 [s]
kernel-time-min: 0.664749 [s]
kernel-time-samples: "0.664749 0.664768 0.664777 0.664799 0.665458"
kernel-time-throughput: N/A
run-time-mean: 0.677434 [s]
run-time-stddev: 0.003348 [s]
run-time-median: 0.676229 [s]
run-time-min: 0.674453 [s]
run-time-samples: "0.674453 0.674880 0.676229 0.679181 0.682426"
run-time-throughput: N/A
kernel-energy-mean: 58.638174 [J]
kernel-energy-stddev: 0.281126 [J]
kernel-energy-median: 58.584455 [J]
kernel-energy-min: 58.423165 [J]
kernel-energy-max: 59.124135 [J]
kernel-energy-samples: "58.423165 58.469310 58.584455 58.589805 59.124135"
Verification: PASS
