********** Results for Sobel7**********
problem-size: 3072
local-size: 256
num-iters: 200
core-freq: 1387
memory-freq: 877
device-name: Tesla V100-SXM2-16GB
sycl-implementation: LLVM CUDA (Intel DPC++)
throughput-metric: N/A
kernel-time-mean: 1.122805 [s]
kernel-time-stddev: 0.001032 [s]
kernel-time-median: 1.123071 [s]
kernel-time-min: 1.121566 [s]
kernel-time-samples: "1.121566 1.121885 1.123071 1.123649 1.123851"
kernel-time-throughput: N/A
run-time-mean: 1.135818 [s]
run-time-stddev: 0.001986 [s]
run-time-median: 1.136059 [s]
run-time-min: 1.132677 [s]
run-time-samples: "1.132677 1.135622 1.136059 1.136650 1.138084"
run-time-throughput: N/A
kernel-energy-mean: 160.284329 [J]
kernel-energy-stddev: 1.638812 [J]
kernel-energy-median: 159.861300 [J]
kernel-energy-min: 158.507745 [J]
kernel-energy-max: 162.706840 [J]
kernel-energy-samples: "158.507745 159.302760 159.861300 161.043000 162.706840"
Verification: PASS
