********** Results for Sobel7**********
problem-size: 3072
local-size: 256
num-iters: 200
core-freq: 1215
memory-freq: 877
device-name: Tesla V100-SXM2-16GB
sycl-implementation: LLVM CUDA (Intel DPC++)
throughput-metric: N/A
kernel-time-mean: 1.083650 [s]
kernel-time-stddev: 0.000248 [s]
kernel-time-median: 1.083656 [s]
kernel-time-min: 1.083349 [s]
kernel-time-samples: "1.083349 1.083458 1.083656 1.083892 1.083895"
kernel-time-throughput: N/A
run-time-mean: 1.097913 [s]
run-time-stddev: 0.004442 [s]
run-time-median: 1.097059 [s]
run-time-min: 1.093470 [s]
run-time-samples: "1.093470 1.096317 1.097059 1.097348 1.105369"
run-time-throughput: N/A
kernel-energy-mean: 141.642943 [J]
kernel-energy-stddev: 3.459301 [J]
kernel-energy-median: 143.123630 [J]
kernel-energy-min: 135.465750 [J]
kernel-energy-max: 143.375115 [J]
kernel-energy-samples: "135.465750 142.877265 143.123630 143.372955 143.375115"
Verification: PASS
