********** Results for Sobel3**********
problem-size: 3072
local-size: 256
num-iters: 2000
core-freq: 172
memory-freq: 877
device-name: Tesla V100-SXM2-16GB
sycl-implementation: LLVM CUDA (Intel DPC++)
throughput-metric: N/A
kernel-time-mean: 5.301993 [s]
kernel-time-stddev: 0.008792 [s]
kernel-time-median: 5.297772 [s]
kernel-time-min: 5.296247 [s]
kernel-time-samples: "5.296247 5.297527 5.297772 5.301018 5.317402"
kernel-time-throughput: N/A
run-time-mean: 5.314728 [s]
run-time-stddev: 0.009911 [s]
run-time-median: 5.310425 [s]
run-time-min: 5.307873 [s]
run-time-samples: "5.307873 5.307990 5.310425 5.315871 5.331482"
run-time-throughput: N/A
kernel-energy-mean: 65.200315 [J]
kernel-energy-stddev: 0.509763 [J]
kernel-energy-median: 65.341680 [J]
kernel-energy-min: 64.332565 [J]
kernel-energy-max: 65.685335 [J]
kernel-energy-samples: "64.332565 65.288695 65.341680 65.353300 65.685335"
Verification: PASS
