********** Results for Sobel7**********
problem-size: 3072
local-size: 256
num-iters: 200
core-freq: 465
memory-freq: 877
device-name: Tesla V100-SXM2-16GB
sycl-implementation: LLVM CUDA (Intel DPC++)
throughput-metric: N/A
kernel-time-mean: 2.594365 [s]
kernel-time-stddev: 0.001195 [s]
kernel-time-median: 2.594291 [s]
kernel-time-min: 2.592771 [s]
kernel-time-samples: "2.592771 2.593906 2.594291 2.594838 2.596019"
kernel-time-throughput: N/A
run-time-mean: 2.608418 [s]
run-time-stddev: 0.003978 [s]
run-time-median: 2.609445 [s]
run-time-min: 2.603186 [s]
run-time-samples: "2.603186 2.605425 2.609445 2.611933 2.612099"
run-time-throughput: N/A
kernel-energy-mean: 96.882196 [J]
kernel-energy-stddev: 0.578087 [J]
kernel-energy-median: 97.142095 [J]
kernel-energy-min: 95.867430 [J]
kernel-energy-max: 97.283860 [J]
kernel-energy-samples: "95.867430 96.970115 97.142095 97.147480 97.283860"
Verification: PASS
