********** Results for Sobel7**********
problem-size: 3072
local-size: 256
num-iters: 200
core-freq: 420
memory-freq: 877
device-name: Tesla V100-SXM2-16GB
sycl-implementation: LLVM CUDA (Intel DPC++)
throughput-metric: N/A
kernel-time-mean: 2.694394 [s]
kernel-time-stddev: 0.000747 [s]
kernel-time-median: 2.694537 [s]
kernel-time-min: 2.693253 [s]
kernel-time-samples: "2.693253 2.694113 2.694537 2.694940 2.695125"
kernel-time-throughput: N/A
run-time-mean: 2.709248 [s]
run-time-stddev: 0.007388 [s]
run-time-median: 2.707027 [s]
run-time-min: 2.703004 [s]
run-time-samples: "2.703004 2.704100 2.707027 2.710800 2.721311"
run-time-throughput: N/A
kernel-energy-mean: 96.539223 [J]
kernel-energy-stddev: 1.751474 [J]
kernel-energy-median: 97.505965 [J]
kernel-energy-min: 93.673685 [J]
kernel-energy-max: 97.768675 [J]
kernel-energy-samples: "93.673685 96.040475 97.505965 97.707315 97.768675"
Verification: PASS
