********** Results for Sobel3**********
problem-size: 3072
local-size: 256
num-iters: 2000
core-freq: 135
memory-freq: 877
device-name: Tesla V100-SXM2-16GB
sycl-implementation: LLVM CUDA (Intel DPC++)
throughput-metric: N/A
kernel-time-mean: 5.329289 [s]
kernel-time-stddev: 0.001292 [s]
kernel-time-median: 5.329449 [s]
kernel-time-min: 5.327579 [s]
kernel-time-samples: "5.327579 5.328455 5.329449 5.330170 5.330791"
kernel-time-throughput: N/A
run-time-mean: 5.346006 [s]
run-time-stddev: 0.005504 [s]
run-time-median: 5.346144 [s]
run-time-min: 5.339883 [s]
run-time-samples: "5.339883 5.343111 5.346144 5.346211 5.354679"
run-time-throughput: N/A
kernel-energy-mean: 101.600652 [J]
kernel-energy-stddev: 2.517262 [J]
kernel-energy-median: 100.617875 [J]
kernel-energy-min: 98.918990 [J]
kernel-energy-max: 105.398460 [J]
kernel-energy-samples: "98.918990 100.359865 100.617875 102.708070 105.398460"
Verification: PASS
