********** Results for Sobel3**********
problem-size: 3072
local-size: 256
num-iters: 2000
core-freq: 1020
memory-freq: 877
device-name: Tesla V100-SXM2-16GB
sycl-implementation: LLVM CUDA (Intel DPC++)
throughput-metric: N/A
kernel-time-mean: 0.567992 [s]
kernel-time-stddev: 0.000258 [s]
kernel-time-median: 0.567884 [s]
kernel-time-min: 0.567832 [s]
kernel-time-samples: "0.567832 0.567839 0.567884 0.567961 0.568444"
kernel-time-throughput: N/A
run-time-mean: 0.581753 [s]
run-time-stddev: 0.001817 [s]
run-time-median: 0.582384 [s]
run-time-min: 0.579185 [s]
run-time-samples: "0.579185 0.580756 0.582384 0.582545 0.583896"
run-time-throughput: N/A
kernel-energy-mean: 59.796910 [J]
kernel-energy-stddev: 0.585217 [J]
kernel-energy-median: 59.796695 [J]
kernel-energy-min: 58.967335 [J]
kernel-energy-max: 60.368005 [J]
kernel-energy-samples: "58.967335 59.524940 59.796695 60.327575 60.368005"
Verification: PASS
