********** Results for Sobel7**********
problem-size: 3072
local-size: 256
num-iters: 200
core-freq: 757
memory-freq: 877
device-name: Tesla V100-SXM2-16GB
sycl-implementation: LLVM CUDA (Intel DPC++)
throughput-metric: N/A
kernel-time-mean: 1.384450 [s]
kernel-time-stddev: 0.000985 [s]
kernel-time-median: 1.384295 [s]
kernel-time-min: 1.383059 [s]
kernel-time-samples: "1.383059 1.384283 1.384295 1.384845 1.385768"
kernel-time-throughput: N/A
run-time-mean: 1.400118 [s]
run-time-stddev: 0.006817 [s]
run-time-median: 1.399049 [s]
run-time-min: 1.392076 [s]
run-time-samples: "1.392076 1.395432 1.399049 1.405807 1.408226"
run-time-throughput: N/A
kernel-energy-mean: 107.701165 [J]
kernel-energy-stddev: 1.110549 [J]
kernel-energy-median: 108.162900 [J]
kernel-energy-min: 105.777100 [J]
kernel-energy-max: 108.569615 [J]
kernel-energy-samples: "105.777100 107.788945 108.162900 108.207265 108.569615"
Verification: PASS
