********** Results for Sobel7**********
problem-size: 3072
local-size: 256
num-iters: 200
core-freq: 1410
memory-freq: 877
device-name: Tesla V100-SXM2-16GB
sycl-implementation: LLVM CUDA (Intel DPC++)
throughput-metric: N/A
kernel-time-mean: 1.129359 [s]
kernel-time-stddev: 0.000567 [s]
kernel-time-median: 1.129454 [s]
kernel-time-min: 1.128645 [s]
kernel-time-samples: "1.128645 1.128955 1.129454 1.129672 1.130070"
kernel-time-throughput: N/A
run-time-mean: 1.144618 [s]
run-time-stddev: 0.003257 [s]
run-time-median: 1.144070 [s]
run-time-min: 1.140769 [s]
run-time-samples: "1.140769 1.142990 1.144070 1.145827 1.149435"
run-time-throughput: N/A
kernel-energy-mean: 161.543067 [J]
kernel-energy-stddev: 3.967926 [J]
kernel-energy-median: 163.028685 [J]
kernel-energy-min: 154.564105 [J]
kernel-energy-max: 164.442115 [J]
kernel-energy-samples: "154.564105 162.456085 163.028685 163.224345 164.442115"
Verification: PASS
