********** Results for Sobel7**********
problem-size: 3072
local-size: 256
num-iters: 200
core-freq: 1500
memory-freq: 877
device-name: Tesla V100-SXM2-16GB
sycl-implementation: LLVM CUDA (Intel DPC++)
throughput-metric: N/A
kernel-time-mean: 1.089519 [s]
kernel-time-stddev: 0.000584 [s]
kernel-time-median: 1.089420 [s]
kernel-time-min: 1.088984 [s]
kernel-time-samples: "1.088984 1.089154 1.089420 1.089550 1.090484"
kernel-time-throughput: N/A
run-time-mean: 1.101005 [s]
run-time-stddev: 0.002003 [s]
run-time-median: 1.100594 [s]
run-time-min: 1.098888 [s]
run-time-samples: "1.098888 1.099414 1.100594 1.102631 1.103500"
run-time-throughput: N/A
kernel-energy-mean: 166.406535 [J]
kernel-energy-stddev: 1.237965 [J]
kernel-energy-median: 166.463965 [J]
kernel-energy-min: 164.855095 [J]
kernel-energy-max: 167.960665 [J]
kernel-energy-samples: "164.855095 165.569370 166.463965 167.183580 167.960665"
Verification: PASS
