********** Results for Sobel5**********
problem-size: 3072
local-size: 256
num-iters: 400
core-freq: 1260
memory-freq: 877
device-name: Tesla V100-SXM2-16GB
sycl-implementation: LLVM CUDA (Intel DPC++)
throughput-metric: N/A
kernel-time-mean: 1.052615 [s]
kernel-time-stddev: 0.000913 [s]
kernel-time-median: 1.052501 [s]
kernel-time-min: 1.051600 [s]
kernel-time-samples: "1.051600 1.052116 1.052501 1.052829 1.054028"
kernel-time-throughput: N/A
run-time-mean: 1.064073 [s]
run-time-stddev: 0.001303 [s]
run-time-median: 1.063346 [s]
run-time-min: 1.062915 [s]
run-time-samples: "1.062915 1.063151 1.063346 1.065213 1.065739"
run-time-throughput: N/A
kernel-energy-mean: 147.891675 [J]
kernel-energy-stddev: 0.302050 [J]
kernel-energy-median: 147.850045 [J]
kernel-energy-min: 147.498020 [J]
kernel-energy-max: 148.321565 [J]
kernel-energy-samples: "147.498020 147.786160 147.850045 148.002585 148.321565"
Verification: PASS
