********** Results for Sobel7**********
problem-size: 3072
local-size: 256
num-iters: 200
core-freq: 682
memory-freq: 877
device-name: Tesla V100-SXM2-16GB
sycl-implementation: LLVM CUDA (Intel DPC++)
throughput-metric: N/A
kernel-time-mean: 1.628295 [s]
kernel-time-stddev: 0.000624 [s]
kernel-time-median: 1.628410 [s]
kernel-time-min: 1.627328 [s]
kernel-time-samples: "1.627328 1.628085 1.628410 1.628809 1.628845"
kernel-time-throughput: N/A
run-time-mean: 1.638686 [s]
run-time-stddev: 0.001840 [s]
run-time-median: 1.638062 [s]
run-time-min: 1.636549 [s]
run-time-samples: "1.636549 1.637825 1.638062 1.639692 1.641299"
run-time-throughput: N/A
kernel-energy-mean: 116.588120 [J]
kernel-energy-stddev: 0.636336 [J]
kernel-energy-median: 116.972525 [J]
kernel-energy-min: 115.693895 [J]
kernel-energy-max: 117.099420 [J]
kernel-energy-samples: "115.693895 116.134135 116.972525 117.040625 117.099420"
Verification: PASS
