********** Results for Sobel5**********
problem-size: 3072
local-size: 256
num-iters: 400
core-freq: 240
memory-freq: 877
device-name: Tesla V100-SXM2-16GB
sycl-implementation: LLVM CUDA (Intel DPC++)
throughput-metric: N/A
kernel-time-mean: 2.567938 [s]
kernel-time-stddev: 0.001319 [s]
kernel-time-median: 2.568784 [s]
kernel-time-min: 2.566000 [s]
kernel-time-samples: "2.566000 2.567125 2.568784 2.568822 2.568958"
kernel-time-throughput: N/A
run-time-mean: 2.579995 [s]
run-time-stddev: 0.003376 [s]
run-time-median: 2.579440 [s]
run-time-min: 2.577386 [s]
run-time-samples: "2.577386 2.577680 2.579440 2.579723 2.585744"
run-time-throughput: N/A
kernel-energy-mean: 97.541156 [J]
kernel-energy-stddev: 1.595363 [J]
kernel-energy-median: 98.464540 [J]
kernel-energy-min: 94.803455 [J]
kernel-energy-max: 98.508380 [J]
kernel-energy-samples: "94.803455 97.445675 98.464540 98.483730 98.508380"
Verification: PASS
