********** Results for Sobel3**********
problem-size: 3072
local-size: 256
num-iters: 2000
core-freq: 285
memory-freq: 877
device-name: Tesla V100-SXM2-16GB
sycl-implementation: LLVM CUDA (Intel DPC++)
throughput-metric: N/A
kernel-time-mean: 2.700966 [s]
kernel-time-stddev: 0.000586 [s]
kernel-time-median: 2.700670 [s]
kernel-time-min: 2.700541 [s]
kernel-time-samples: "2.700541 2.700608 2.700670 2.701063 2.701949"
kernel-time-throughput: N/A
run-time-mean: 2.716547 [s]
run-time-stddev: 0.001354 [s]
run-time-median: 2.716824 [s]
run-time-min: 2.714492 [s]
run-time-samples: "2.714492 2.716261 2.716824 2.716936 2.718220"
run-time-throughput: N/A
kernel-energy-mean: 78.435441 [J]
kernel-energy-stddev: 0.172236 [J]
kernel-energy-median: 78.334310 [J]
kernel-energy-min: 78.283155 [J]
kernel-energy-max: 78.661465 [J]
kernel-energy-samples: "78.283155 78.319175 78.334310 78.579100 78.661465"
Verification: PASS
