********** Results for Sobel5**********
problem-size: 3072
local-size: 256
num-iters: 400
core-freq: 367
memory-freq: 877
device-name: Tesla V100-SXM2-16GB
sycl-implementation: LLVM CUDA (Intel DPC++)
throughput-metric: N/A
kernel-time-mean: 2.549097 [s]
kernel-time-stddev: 0.000840 [s]
kernel-time-median: 2.548993 [s]
kernel-time-min: 2.548276 [s]
kernel-time-samples: "2.548276 2.548403 2.548993 2.549491 2.550321"
kernel-time-throughput: N/A
run-time-mean: 2.561316 [s]
run-time-stddev: 0.001718 [s]
run-time-median: 2.561655 [s]
run-time-min: 2.558866 [s]
run-time-samples: "2.558866 2.560573 2.561655 2.562017 2.563470"
run-time-throughput: N/A
kernel-energy-mean: 93.287181 [J]
kernel-energy-stddev: 1.090541 [J]
kernel-energy-median: 93.713195 [J]
kernel-energy-min: 91.369460 [J]
kernel-energy-max: 93.964315 [J]
kernel-energy-samples: "91.369460 93.462410 93.713195 93.926525 93.964315"
Verification: PASS
