********** Results for Sobel7**********
problem-size: 3072
local-size: 256
num-iters: 200
core-freq: 1005
memory-freq: 877
device-name: Tesla V100-SXM2-16GB
sycl-implementation: LLVM CUDA (Intel DPC++)
throughput-metric: N/A
kernel-time-mean: 1.109530 [s]
kernel-time-stddev: 0.000761 [s]
kernel-time-median: 1.109875 [s]
kernel-time-min: 1.108458 [s]
kernel-time-samples: "1.108458 1.109041 1.109875 1.109948 1.110326"
kernel-time-throughput: N/A
run-time-mean: 1.128262 [s]
run-time-stddev: 0.011775 [s]
run-time-median: 1.125014 [s]
run-time-min: 1.119499 [s]
run-time-samples: "1.119499 1.122558 1.125014 1.125333 1.148905"
run-time-throughput: N/A
kernel-energy-mean: 106.323293 [J]
kernel-energy-stddev: 2.701216 [J]
kernel-energy-median: 107.588745 [J]
kernel-energy-min: 101.518180 [J]
kernel-energy-max: 107.781770 [J]
kernel-energy-samples: "101.518180 107.045315 107.588745 107.682455 107.781770"
Verification: PASS
