********** Results for Sobel7**********
problem-size: 3072
local-size: 256
num-iters: 200
core-freq: 262
memory-freq: 877
device-name: Tesla V100-SXM2-16GB
sycl-implementation: LLVM CUDA (Intel DPC++)
throughput-metric: N/A
kernel-time-mean: 2.654415 [s]
kernel-time-stddev: 0.000429 [s]
kernel-time-median: 2.654261 [s]
kernel-time-min: 2.654020 [s]
kernel-time-samples: "2.654020 2.654214 2.654261 2.654447 2.655133"
kernel-time-throughput: N/A
run-time-mean: 2.665414 [s]
run-time-stddev: 0.004482 [s]
run-time-median: 2.663127 [s]
run-time-min: 2.661351 [s]
run-time-samples: "2.661351 2.662054 2.663127 2.669960 2.670579"
run-time-throughput: N/A
kernel-energy-mean: 97.931600 [J]
kernel-energy-stddev: 0.065069 [J]
kernel-energy-median: 97.952850 [J]
kernel-energy-min: 97.854625 [J]
kernel-energy-max: 98.006125 [J]
kernel-energy-samples: "97.854625 97.873065 97.952850 97.971335 98.006125"
Verification: PASS
