********** Results for Sobel5**********
problem-size: 3072
local-size: 256
num-iters: 400
core-freq: 607
memory-freq: 877
device-name: Tesla V100-SXM2-16GB
sycl-implementation: LLVM CUDA (Intel DPC++)
throughput-metric: N/A
kernel-time-mean: 1.840521 [s]
kernel-time-stddev: 0.000888 [s]
kernel-time-median: 1.840618 [s]
kernel-time-min: 1.839253 [s]
kernel-time-samples: "1.839253 1.840260 1.840618 1.840764 1.841709"
kernel-time-throughput: N/A
run-time-mean: 1.853383 [s]
run-time-stddev: 0.002943 [s]
run-time-median: 1.853269 [s]
run-time-min: 1.849660 [s]
run-time-samples: "1.849660 1.851409 1.853269 1.856272 1.856304"
run-time-throughput: N/A
kernel-energy-mean: 125.613809 [J]
kernel-energy-stddev: 0.198179 [J]
kernel-energy-median: 125.643545 [J]
kernel-energy-min: 125.389025 [J]
kernel-energy-max: 125.865015 [J]
kernel-energy-samples: "125.389025 125.442540 125.643545 125.728920 125.865015"
Verification: PASS
