********** Results for Sobel7**********
problem-size: 3072
local-size: 256
num-iters: 200
core-freq: 352
memory-freq: 877
device-name: Tesla V100-SXM2-16GB
sycl-implementation: LLVM CUDA (Intel DPC++)
throughput-metric: N/A
kernel-time-mean: 2.693081 [s]
kernel-time-stddev: 0.001267 [s]
kernel-time-median: 2.693076 [s]
kernel-time-min: 2.691923 [s]
kernel-time-samples: "2.691923 2.692067 2.693076 2.693253 2.695086"
kernel-time-throughput: N/A
run-time-mean: 2.708988 [s]
run-time-stddev: 0.007231 [s]
run-time-median: 2.705968 [s]
run-time-min: 2.701868 [s]
run-time-samples: "2.701868 2.704556 2.705968 2.712843 2.719705"
run-time-throughput: N/A
kernel-energy-mean: 96.832039 [J]
kernel-energy-stddev: 1.996157 [J]
kernel-energy-median: 97.746110 [J]
kernel-energy-min: 93.270450 [J]
kernel-energy-max: 97.891490 [J]
kernel-energy-samples: "93.270450 97.494320 97.746110 97.757825 97.891490"
Verification: PASS
