********** Results for Sobel5**********
problem-size: 3072
local-size: 256
num-iters: 400
core-freq: 210
memory-freq: 877
device-name: Tesla V100-SXM2-16GB
sycl-implementation: LLVM CUDA (Intel DPC++)
throughput-metric: N/A
kernel-time-mean: 4.420538 [s]
kernel-time-stddev: 0.002153 [s]
kernel-time-median: 4.419499 [s]
kernel-time-min: 4.418775 [s]
kernel-time-samples: "4.418775 4.419176 4.419499 4.421237 4.424004"
kernel-time-throughput: N/A
run-time-mean: 4.437267 [s]
run-time-stddev: 0.001017 [s]
run-time-median: 4.437250 [s]
run-time-min: 4.436064 [s]
run-time-samples: "4.436064 4.436637 4.437250 4.437655 4.438730"
run-time-throughput: N/A
kernel-energy-mean: 67.882255 [J]
kernel-energy-stddev: 0.296786 [J]
kernel-energy-median: 67.799100 [J]
kernel-energy-min: 67.589950 [J]
kernel-energy-max: 68.382445 [J]
kernel-energy-samples: "67.589950 67.788260 67.799100 67.851520 68.382445"
Verification: PASS
