********** Results for Sobel3**********
problem-size: 3072
local-size: 256
num-iters: 2000
core-freq: 1185
memory-freq: 877
device-name: Tesla V100-SXM2-16GB
sycl-implementation: LLVM CUDA (Intel DPC++)
throughput-metric: N/A
kernel-time-mean: 0.489461 [s]
kernel-time-stddev: 0.000241 [s]
kernel-time-median: 0.489448 [s]
kernel-time-min: 0.489203 [s]
kernel-time-samples: "0.489203 0.489244 0.489448 0.489694 0.489715"
kernel-time-throughput: N/A
run-time-mean: 0.501989 [s]
run-time-stddev: 0.002495 [s]
run-time-median: 0.503142 [s]
run-time-min: 0.499039 [s]
run-time-samples: "0.499039 0.499647 0.503142 0.503423 0.504696"
run-time-throughput: N/A
kernel-energy-mean: 70.080248 [J]
kernel-energy-stddev: 1.244141 [J]
kernel-energy-median: 70.199850 [J]
kernel-energy-min: 67.995755 [J]
kernel-energy-max: 71.077840 [J]
kernel-energy-samples: "67.995755 70.134300 70.199850 70.993495 71.077840"
Verification: PASS
