********** Results for Sobel5**********
problem-size: 3072
local-size: 256
num-iters: 400
core-freq: 1447
memory-freq: 877
device-name: Tesla V100-SXM2-16GB
sycl-implementation: LLVM CUDA (Intel DPC++)
throughput-metric: N/A
kernel-time-mean: 1.042066 [s]
kernel-time-stddev: 0.001116 [s]
kernel-time-median: 1.042214 [s]
kernel-time-min: 1.040896 [s]
kernel-time-samples: "1.040896 1.041059 1.042214 1.042569 1.043591"
kernel-time-throughput: N/A
run-time-mean: 1.053964 [s]
run-time-stddev: 0.002228 [s]
run-time-median: 1.055264 [s]
run-time-min: 1.050867 [s]
run-time-samples: "1.050867 1.052330 1.055264 1.055592 1.055766"
run-time-throughput: N/A
kernel-energy-mean: 163.817099 [J]
kernel-energy-stddev: 0.406383 [J]
kernel-energy-median: 164.036625 [J]
kernel-energy-min: 163.252940 [J]
kernel-energy-max: 164.171835 [J]
kernel-energy-samples: "163.252940 163.522020 164.036625 164.102075 164.171835"
Verification: PASS
