********** Results for Sobel7**********
problem-size: 3072
local-size: 256
num-iters: 200
core-freq: 1507
memory-freq: 877
device-name: Tesla V100-SXM2-16GB
sycl-implementation: LLVM CUDA (Intel DPC++)
throughput-metric: N/A
kernel-time-mean: 1.124619 [s]
kernel-time-stddev: 0.000737 [s]
kernel-time-median: 1.124584 [s]
kernel-time-min: 1.123508 [s]
kernel-time-samples: "1.123508 1.124531 1.124584 1.124948 1.125525"
kernel-time-throughput: N/A
run-time-mean: 1.137419 [s]
run-time-stddev: 0.002784 [s]
run-time-median: 1.138275 [s]
run-time-min: 1.134074 [s]
run-time-samples: "1.134074 1.135017 1.138275 1.139034 1.140693"
run-time-throughput: N/A
kernel-energy-mean: 168.290248 [J]
kernel-energy-stddev: 0.504498 [J]
kernel-energy-median: 168.414815 [J]
kernel-energy-min: 167.406360 [J]
kernel-energy-max: 168.648450 [J]
kernel-energy-samples: "167.406360 168.411625 168.414815 168.569990 168.648450"
Verification: PASS
