********** Results for Sobel7**********
problem-size: 3072
local-size: 256
num-iters: 200
core-freq: 945
memory-freq: 877
device-name: Tesla V100-SXM2-16GB
sycl-implementation: LLVM CUDA (Intel DPC++)
throughput-metric: N/A
kernel-time-mean: 1.114941 [s]
kernel-time-stddev: 0.000572 [s]
kernel-time-median: 1.114758 [s]
kernel-time-min: 1.114594 [s]
kernel-time-samples: "1.114594 1.114613 1.114758 1.114789 1.115952"
kernel-time-throughput: N/A
run-time-mean: 1.125005 [s]
run-time-stddev: 0.001860 [s]
run-time-median: 1.124908 [s]
run-time-min: 1.122974 [s]
run-time-samples: "1.122974 1.123391 1.124908 1.126645 1.127105"
run-time-throughput: N/A
kernel-energy-mean: 107.327664 [J]
kernel-energy-stddev: 1.945644 [J]
kernel-energy-median: 108.263160 [J]
kernel-energy-min: 105.246440 [J]
kernel-energy-max: 109.540080 [J]
kernel-energy-samples: "105.246440 105.299030 108.263160 108.289610 109.540080"
Verification: PASS
