********** Results for Sobel5**********
problem-size: 3072
local-size: 256
num-iters: 400
core-freq: 690
memory-freq: 877
device-name: Tesla V100-SXM2-16GB
sycl-implementation: LLVM CUDA (Intel DPC++)
throughput-metric: N/A
kernel-time-mean: 1.492382 [s]
kernel-time-stddev: 0.000598 [s]
kernel-time-median: 1.492303 [s]
kernel-time-min: 1.491615 [s]
kernel-time-samples: "1.491615 1.492043 1.492303 1.492888 1.493062"
kernel-time-throughput: N/A
run-time-mean: 1.507859 [s]
run-time-stddev: 0.002896 [s]
run-time-median: 1.507901 [s]
run-time-min: 1.503615 [s]
run-time-samples: "1.503615 1.506772 1.507901 1.510082 1.510926"
run-time-throughput: N/A
kernel-energy-mean: 113.116944 [J]
kernel-energy-stddev: 0.750656 [J]
kernel-energy-median: 113.281495 [J]
kernel-energy-min: 111.854430 [J]
kernel-energy-max: 113.875300 [J]
kernel-energy-samples: "111.854430 113.278045 113.281495 113.295450 113.875300"
Verification: PASS
