********** Results for Sobel5**********
problem-size: 3072
local-size: 256
num-iters: 400
core-freq: 1387
memory-freq: 877
device-name: Tesla V100-SXM2-16GB
sycl-implementation: LLVM CUDA (Intel DPC++)
throughput-metric: N/A
kernel-time-mean: 1.057227 [s]
kernel-time-stddev: 0.001648 [s]
kernel-time-median: 1.057004 [s]
kernel-time-min: 1.055312 [s]
kernel-time-samples: "1.055312 1.056189 1.057004 1.058100 1.059530"
kernel-time-throughput: N/A
run-time-mean: 1.068097 [s]
run-time-stddev: 0.001242 [s]
run-time-median: 1.067729 [s]
run-time-min: 1.066893 [s]
run-time-samples: "1.066893 1.067197 1.067729 1.068732 1.069932"
run-time-throughput: N/A
kernel-energy-mean: 157.680665 [J]
kernel-energy-stddev: 2.372762 [J]
kernel-energy-median: 158.142130 [J]
kernel-energy-min: 153.720895 [J]
kernel-energy-max: 159.788000 [J]
kernel-energy-samples: "153.720895 157.595440 158.142130 159.156860 159.788000"
Verification: PASS
