********** Results for Sobel7**********
problem-size: 3072
local-size: 256
num-iters: 200
core-freq: 1170
memory-freq: 877
device-name: Tesla V100-SXM2-16GB
sycl-implementation: LLVM CUDA (Intel DPC++)
throughput-metric: N/A
kernel-time-mean: 1.091049 [s]
kernel-time-stddev: 0.000775 [s]
kernel-time-median: 1.090719 [s]
kernel-time-min: 1.090411 [s]
kernel-time-samples: "1.090411 1.090542 1.090719 1.091266 1.092308"
kernel-time-throughput: N/A
run-time-mean: 1.102165 [s]
run-time-stddev: 0.003809 [s]
run-time-median: 1.101472 [s]
run-time-min: 1.098650 [s]
run-time-samples: "1.098650 1.099382 1.101472 1.103110 1.108211"
run-time-throughput: N/A
kernel-energy-mean: 128.723719 [J]
kernel-energy-stddev: 0.540189 [J]
kernel-energy-median: 128.913590 [J]
kernel-energy-min: 128.084615 [J]
kernel-energy-max: 129.380865 [J]
kernel-energy-samples: "128.084615 128.252845 128.913590 128.986680 129.380865"
Verification: PASS
