********** Results for Sobel3**********
problem-size: 3072
local-size: 256
num-iters: 2000
core-freq: 1042
memory-freq: 877
device-name: Tesla V100-SXM2-16GB
sycl-implementation: LLVM CUDA (Intel DPC++)
throughput-metric: N/A
kernel-time-mean: 0.559550 [s]
kernel-time-stddev: 0.000009 [s]
kernel-time-median: 0.559551 [s]
kernel-time-min: 0.559536 [s]
kernel-time-samples: "0.559536 0.559548 0.559551 0.559552 0.559561"
kernel-time-throughput: N/A
run-time-mean: 0.573146 [s]
run-time-stddev: 0.003339 [s]
run-time-median: 0.572279 [s]
run-time-min: 0.570042 [s]
run-time-samples: "0.570042 0.572052 0.572279 0.572500 0.578855"
run-time-throughput: N/A
kernel-energy-mean: 60.997995 [J]
kernel-energy-stddev: 0.518868 [J]
kernel-energy-median: 60.867340 [J]
kernel-energy-min: 60.551925 [J]
kernel-energy-max: 61.781560 [J]
kernel-energy-samples: "60.551925 60.558805 60.867340 61.230345 61.781560"
Verification: PASS
