********** Results for Sobel3**********
problem-size: 3072
local-size: 256
num-iters: 2000
core-freq: 780
memory-freq: 877
device-name: Tesla V100-SXM2-16GB
sycl-implementation: LLVM CUDA (Intel DPC++)
throughput-metric: N/A
kernel-time-mean: 0.747840 [s]
kernel-time-stddev: 0.000018 [s]
kernel-time-median: 0.747832 [s]
kernel-time-min: 0.747819 [s]
kernel-time-samples: "0.747819 0.747831 0.747832 0.747857 0.747863"
kernel-time-throughput: N/A
run-time-mean: 0.760828 [s]
run-time-stddev: 0.001718 [s]
run-time-median: 0.760547 [s]
run-time-min: 0.758473 [s]
run-time-samples: "0.758473 0.760141 0.760547 0.762185 0.762793"
run-time-throughput: N/A
kernel-energy-mean: 63.902239 [J]
kernel-energy-stddev: 0.101230 [J]
kernel-energy-median: 63.929975 [J]
kernel-energy-min: 63.753720 [J]
kernel-energy-max: 64.022790 [J]
kernel-energy-samples: "63.753720 63.859750 63.929975 63.944960 64.022790"
Verification: PASS
