********** Results for Sobel3**********
problem-size: 3072
local-size: 256
num-iters: 2000
core-freq: 795
memory-freq: 877
device-name: Tesla V100-SXM2-16GB
sycl-implementation: LLVM CUDA (Intel DPC++)
throughput-metric: N/A
kernel-time-mean: 0.733822 [s]
kernel-time-stddev: 0.000026 [s]
kernel-time-median: 0.733819 [s]
kernel-time-min: 0.733797 [s]
kernel-time-samples: "0.733797 0.733803 0.733819 0.733830 0.733863"
kernel-time-throughput: N/A
run-time-mean: 0.747230 [s]
run-time-stddev: 0.004448 [s]
run-time-median: 0.745117 [s]
run-time-min: 0.743926 [s]
run-time-samples: "0.743926 0.744774 0.745117 0.747513 0.754822"
run-time-throughput: N/A
kernel-energy-mean: 62.517901 [J]
kernel-energy-stddev: 0.236687 [J]
kernel-energy-median: 62.393340 [J]
kernel-energy-min: 62.350020 [J]
kernel-energy-max: 62.921530 [J]
kernel-energy-samples: "62.350020 62.387190 62.393340 62.537425 62.921530"
Verification: PASS
