********** Results for Sobel5**********
problem-size: 3072
local-size: 256
num-iters: 400
core-freq: 990
memory-freq: 877
device-name: Tesla V100-SXM2-16GB
sycl-implementation: LLVM CUDA (Intel DPC++)
throughput-metric: N/A
kernel-time-mean: 1.091055 [s]
kernel-time-stddev: 0.000628 [s]
kernel-time-median: 1.091142 [s]
kernel-time-min: 1.090273 [s]
kernel-time-samples: "1.090273 1.090596 1.091142 1.091431 1.091835"
kernel-time-throughput: N/A
run-time-mean: 1.101289 [s]
run-time-stddev: 0.001657 [s]
run-time-median: 1.100972 [s]
run-time-min: 1.099822 [s]
run-time-samples: "1.099822 1.100304 1.100972 1.101273 1.104075"
run-time-throughput: N/A
kernel-energy-mean: 111.301917 [J]
kernel-energy-stddev: 1.003363 [J]
kernel-energy-median: 111.905530 [J]
kernel-energy-min: 109.870175 [J]
kernel-energy-max: 112.184015 [J]
kernel-energy-samples: "109.870175 110.629500 111.905530 111.920365 112.184015"
Verification: PASS
