********** Results for Sobel3**********
problem-size: 3072
local-size: 256
num-iters: 2000
core-freq: 540
memory-freq: 877
device-name: Tesla V100-SXM2-16GB
sycl-implementation: LLVM CUDA (Intel DPC++)
throughput-metric: N/A
kernel-time-mean: 1.080232 [s]
kernel-time-stddev: 0.000025 [s]
kernel-time-median: 1.080236 [s]
kernel-time-min: 1.080202 [s]
kernel-time-samples: "1.080202 1.080210 1.080236 1.080253 1.080256"
kernel-time-throughput: N/A
run-time-mean: 1.092867 [s]
run-time-stddev: 0.002057 [s]
run-time-median: 1.092849 [s]
run-time-min: 1.090250 [s]
run-time-samples: "1.090250 1.092381 1.092849 1.092853 1.096003"
run-time-throughput: N/A
kernel-energy-mean: 70.616066 [J]
kernel-energy-stddev: 0.204983 [J]
kernel-energy-median: 70.743660 [J]
kernel-energy-min: 70.387765 [J]
kernel-energy-max: 70.801745 [J]
kernel-energy-samples: "70.387765 70.398105 70.743660 70.749055 70.801745"
Verification: PASS
