********** Results for Sobel5**********
problem-size: 3072
local-size: 256
num-iters: 400
core-freq: 1005
memory-freq: 877
device-name: Tesla V100-SXM2-16GB
sycl-implementation: LLVM CUDA (Intel DPC++)
throughput-metric: N/A
kernel-time-mean: 1.080480 [s]
kernel-time-stddev: 0.000419 [s]
kernel-time-median: 1.080410 [s]
kernel-time-min: 1.080096 [s]
kernel-time-samples: "1.080096 1.080228 1.080410 1.080487 1.081178"
kernel-time-throughput: N/A
run-time-mean: 1.092405 [s]
run-time-stddev: 0.002249 [s]
run-time-median: 1.092238 [s]
run-time-min: 1.089975 [s]
run-time-samples: "1.089975 1.090875 1.092238 1.093151 1.095783"
run-time-throughput: N/A
kernel-energy-mean: 107.766617 [J]
kernel-energy-stddev: 0.719674 [J]
kernel-energy-median: 107.729430 [J]
kernel-energy-min: 106.627120 [J]
kernel-energy-max: 108.393570 [J]
kernel-energy-samples: "106.627120 107.704055 107.729430 108.378910 108.393570"
Verification: PASS
