********** Results for Sobel7**********
problem-size: 3072
local-size: 256
num-iters: 200
core-freq: 1297
memory-freq: 877
device-name: Tesla V100-SXM2-16GB
sycl-implementation: LLVM CUDA (Intel DPC++)
throughput-metric: N/A
kernel-time-mean: 1.124920 [s]
kernel-time-stddev: 0.001011 [s]
kernel-time-median: 1.125063 [s]
kernel-time-min: 1.123775 [s]
kernel-time-samples: "1.123775 1.123986 1.125063 1.125805 1.125970"
kernel-time-throughput: N/A
run-time-mean: 1.136836 [s]
run-time-stddev: 0.002399 [s]
run-time-median: 1.136048 [s]
run-time-min: 1.134251 [s]
run-time-samples: "1.134251 1.135153 1.136048 1.139135 1.139594"
run-time-throughput: N/A
kernel-energy-mean: 146.615271 [J]
kernel-energy-stddev: 2.559474 [J]
kernel-energy-median: 146.921105 [J]
kernel-energy-min: 142.408730 [J]
kernel-energy-max: 149.178775 [J]
kernel-energy-samples: "142.408730 146.594855 146.921105 147.972890 149.178775"
Verification: PASS
