********** Results for Sobel7**********
problem-size: 3072
local-size: 256
num-iters: 200
core-freq: 930
memory-freq: 877
device-name: Tesla V100-SXM2-16GB
sycl-implementation: LLVM CUDA (Intel DPC++)
throughput-metric: N/A
kernel-time-mean: 1.154055 [s]
kernel-time-stddev: 0.001697 [s]
kernel-time-median: 1.153575 [s]
kernel-time-min: 1.152101 [s]
kernel-time-samples: "1.152101 1.153121 1.153575 1.155059 1.156419"
kernel-time-throughput: N/A
run-time-mean: 1.168936 [s]
run-time-stddev: 0.005358 [s]
run-time-median: 1.167515 [s]
run-time-min: 1.164191 [s]
run-time-samples: "1.164191 1.164392 1.167515 1.171814 1.176771"
run-time-throughput: N/A
kernel-energy-mean: 102.317513 [J]
kernel-energy-stddev: 1.397849 [J]
kernel-energy-median: 102.765475 [J]
kernel-energy-min: 99.863550 [J]
kernel-energy-max: 103.364175 [J]
kernel-energy-samples: "99.863550 102.659975 102.765475 102.934390 103.364175"
Verification: PASS
