********** Results for Sobel3**********
problem-size: 3072
local-size: 256
num-iters: 2000
core-freq: 1350
memory-freq: 877
device-name: Tesla V100-SXM2-16GB
sycl-implementation: LLVM CUDA (Intel DPC++)
throughput-metric: N/A
kernel-time-mean: 0.430364 [s]
kernel-time-stddev: 0.000283 [s]
kernel-time-median: 0.430381 [s]
kernel-time-min: 0.429939 [s]
kernel-time-samples: "0.429939 0.430352 0.430381 0.430417 0.430733"
kernel-time-throughput: N/A
run-time-mean: 0.443182 [s]
run-time-stddev: 0.003286 [s]
run-time-median: 0.441553 [s]
run-time-min: 0.440267 [s]
run-time-samples: "0.440267 0.440885 0.441553 0.445308 0.447898"
run-time-throughput: N/A
kernel-energy-mean: 76.869970 [J]
kernel-energy-stddev: 2.510616 [J]
kernel-energy-median: 76.277520 [J]
kernel-energy-min: 74.696645 [J]
kernel-energy-max: 80.981455 [J]
kernel-energy-samples: "74.696645 75.118075 76.277520 77.276155 80.981455"
Verification: PASS
