********** Results for Sobel7**********
problem-size: 3072
local-size: 256
num-iters: 200
core-freq: 1035
memory-freq: 877
device-name: Tesla V100-SXM2-16GB
sycl-implementation: LLVM CUDA (Intel DPC++)
throughput-metric: N/A
kernel-time-mean: 1.103131 [s]
kernel-time-stddev: 0.000697 [s]
kernel-time-median: 1.103150 [s]
kernel-time-min: 1.102079 [s]
kernel-time-samples: "1.102079 1.103075 1.103150 1.103333 1.104020"
kernel-time-throughput: N/A
run-time-mean: 1.113362 [s]
run-time-stddev: 0.000744 [s]
run-time-median: 1.113672 [s]
run-time-min: 1.112107 [s]
run-time-samples: "1.112107 1.113274 1.113672 1.113822 1.113934"
run-time-throughput: N/A
kernel-energy-mean: 119.107957 [J]
kernel-energy-stddev: 0.584075 [J]
kernel-energy-median: 119.351155 [J]
kernel-energy-min: 118.071315 [J]
kernel-energy-max: 119.443875 [J]
kernel-energy-samples: "118.071315 119.255190 119.351155 119.418250 119.443875"
Verification: PASS
