********** Results for Sobel7**********
problem-size: 3072
local-size: 256
num-iters: 200
core-freq: 772
memory-freq: 877
device-name: Tesla V100-SXM2-16GB
sycl-implementation: LLVM CUDA (Intel DPC++)
throughput-metric: N/A
kernel-time-mean: 1.383900 [s]
kernel-time-stddev: 0.003245 [s]
kernel-time-median: 1.383078 [s]
kernel-time-min: 1.381438 [s]
kernel-time-samples: "1.381438 1.381542 1.383078 1.384084 1.389358"
kernel-time-throughput: N/A
run-time-mean: 1.394454 [s]
run-time-stddev: 0.002008 [s]
run-time-median: 1.393778 [s]
run-time-min: 1.392733 [s]
run-time-samples: "1.392733 1.393065 1.393778 1.395003 1.397690"
run-time-throughput: N/A
kernel-energy-mean: 110.008474 [J]
kernel-energy-stddev: 0.427358 [J]
kernel-energy-median: 110.124050 [J]
kernel-energy-min: 109.549660 [J]
kernel-energy-max: 110.493250 [J]
kernel-energy-samples: "109.549660 109.576010 110.124050 110.299400 110.493250"
Verification: PASS
