********** Results for Sobel7**********
problem-size: 3072
local-size: 256
num-iters: 200
core-freq: 742
memory-freq: 877
device-name: Tesla V100-SXM2-16GB
sycl-implementation: LLVM CUDA (Intel DPC++)
throughput-metric: N/A
kernel-time-mean: 1.449491 [s]
kernel-time-stddev: 0.000854 [s]
kernel-time-median: 1.449421 [s]
kernel-time-min: 1.448347 [s]
kernel-time-samples: "1.448347 1.449397 1.449421 1.449539 1.450752"
kernel-time-throughput: N/A
run-time-mean: 1.460524 [s]
run-time-stddev: 0.004108 [s]
run-time-median: 1.458940 [s]
run-time-min: 1.457340 [s]
run-time-samples: "1.457340 1.458827 1.458940 1.459816 1.467698"
run-time-throughput: N/A
kernel-energy-mean: 110.907187 [J]
kernel-energy-stddev: 0.283870 [J]
kernel-energy-median: 110.809570 [J]
kernel-energy-min: 110.609035 [J]
kernel-energy-max: 111.287870 [J]
kernel-energy-samples: "110.609035 110.716145 110.809570 111.113315 111.287870"
Verification: PASS
