********** Results for Sobel3**********
problem-size: 3072
local-size: 256
num-iters: 2000
core-freq: 1297
memory-freq: 877
device-name: Tesla V100-SXM2-16GB
sycl-implementation: LLVM CUDA (Intel DPC++)
throughput-metric: N/A
kernel-time-mean: 0.449582 [s]
kernel-time-stddev: 0.000011 [s]
kernel-time-median: 0.449581 [s]
kernel-time-min: 0.449568 [s]
kernel-time-samples: "0.449568 0.449579 0.449581 0.449585 0.449598"
kernel-time-throughput: N/A
run-time-mean: 0.461905 [s]
run-time-stddev: 0.003607 [s]
run-time-median: 0.460938 [s]
run-time-min: 0.458355 [s]
run-time-samples: "0.458355 0.458883 0.460938 0.464982 0.466365"
run-time-throughput: N/A
kernel-energy-mean: 73.054299 [J]
kernel-energy-stddev: 1.494617 [J]
kernel-energy-median: 74.086845 [J]
kernel-energy-min: 70.848450 [J]
kernel-energy-max: 74.097850 [J]
kernel-energy-samples: "70.848450 72.142910 74.086845 74.095440 74.097850"
Verification: PASS
