********** Results for Sobel3**********
problem-size: 3072
local-size: 256
num-iters: 2000
core-freq: 1087
memory-freq: 877
device-name: Tesla V100-SXM2-16GB
sycl-implementation: LLVM CUDA (Intel DPC++)
throughput-metric: N/A
kernel-time-mean: 0.536387 [s]
kernel-time-stddev: 0.000027 [s]
kernel-time-median: 0.536382 [s]
kernel-time-min: 0.536356 [s]
kernel-time-samples: "0.536356 0.536375 0.536382 0.536393 0.536427"
kernel-time-throughput: N/A
run-time-mean: 0.549694 [s]
run-time-stddev: 0.002394 [s]
run-time-median: 0.549684 [s]
run-time-min: 0.547296 [s]
run-time-samples: "0.547296 0.547475 0.549684 0.551129 0.552887"
run-time-throughput: N/A
kernel-energy-mean: 62.660544 [J]
kernel-energy-stddev: 0.444451 [J]
kernel-energy-median: 62.456190 [J]
kernel-energy-min: 62.360645 [J]
kernel-energy-max: 63.413970 [J]
kernel-energy-samples: "62.360645 62.363110 62.456190 62.708805 63.413970"
Verification: PASS
