********** Results for Spmv**********
problem-size: 524288
local-size: 256
num-iters: 2000
core-freq: 1312
memory-freq: 877
device-name: Tesla V100-SXM2-16GB
sycl-implementation: LLVM CUDA (Intel DPC++)
throughput-metric: N/A
kernel-time-mean: 1.194749 [s]
kernel-time-stddev: 0.010456 [s]
kernel-time-median: 1.201577 [s]
kernel-time-min: 1.180497 [s]
kernel-time-samples: "1.180497 1.186649 1.201577 1.201653 1.203369"
kernel-time-throughput: N/A
run-time-mean: 1.207695 [s]
run-time-stddev: 0.011226 [s]
run-time-median: 1.211129 [s]
run-time-min: 1.192785 [s]
run-time-samples: "1.192785 1.200206 1.211129 1.213050 1.221304"
run-time-throughput: N/A
kernel-energy-mean: 146.297475 [J]
kernel-energy-stddev: 0.794569 [J]
kernel-energy-median: 146.049095 [J]
kernel-energy-min: 145.373680 [J]
kernel-energy-max: 147.336590 [J]
kernel-energy-samples: "145.373680 145.853290 146.049095 146.874720 147.336590"
Verification: PASS
