********** Results for Spmv**********
problem-size: 524288
local-size: 256
num-iters: 2000
core-freq: 1530
memory-freq: 877
device-name: Tesla V100-SXM2-16GB
sycl-implementation: LLVM CUDA (Intel DPC++)
throughput-metric: N/A
kernel-time-mean: 1.245628 [s]
kernel-time-stddev: 0.017771 [s]
kernel-time-median: 1.253568 [s]
kernel-time-min: 1.222511 [s]
kernel-time-samples: "1.222511 1.230903 1.253568 1.259615 1.261545"
kernel-time-throughput: N/A
run-time-mean: 1.257688 [s]
run-time-stddev: 0.018602 [s]
run-time-median: 1.263164 [s]
run-time-min: 1.231938 [s]
run-time-samples: "1.231938 1.245228 1.263164 1.273977 1.274133"
run-time-throughput: N/A
kernel-energy-mean: 179.200972 [J]
kernel-energy-stddev: 4.846033 [J]
kernel-energy-median: 180.971405 [J]
kernel-energy-min: 170.669080 [J]
kernel-energy-max: 182.713060 [J]
kernel-energy-samples: "170.669080 180.381500 180.971405 181.269815 182.713060"
Verification: PASS
