********** Results for Spmv**********
problem-size: 524288
local-size: 256
num-iters: 2000
core-freq: 1245
memory-freq: 877
device-name: Tesla V100-SXM2-16GB
sycl-implementation: LLVM CUDA (Intel DPC++)
throughput-metric: N/A
kernel-time-mean: 1.169457 [s]
kernel-time-stddev: 0.012038 [s]
kernel-time-median: 1.165927 [s]
kernel-time-min: 1.161993 [s]
kernel-time-samples: "1.161993 1.162364 1.165927 1.166302 1.190699"
kernel-time-throughput: N/A
run-time-mean: 1.180225 [s]
run-time-stddev: 0.013476 [s]
run-time-median: 1.175292 [s]
run-time-min: 1.169975 [s]
run-time-samples: "1.169975 1.174515 1.175292 1.177517 1.203826"
run-time-throughput: N/A
kernel-energy-mean: 133.443563 [J]
kernel-energy-stddev: 0.935512 [J]
kernel-energy-median: 133.608590 [J]
kernel-energy-min: 131.960100 [J]
kernel-energy-max: 134.556950 [J]
kernel-energy-samples: "131.960100 133.468045 133.608590 133.624130 134.556950"
Verification: PASS
