********** Results for Spmv**********
problem-size: 524288
local-size: 256
num-iters: 2000
core-freq: 652
memory-freq: 877
device-name: Tesla V100-SXM2-16GB
sycl-implementation: LLVM CUDA (Intel DPC++)
throughput-metric: N/A
kernel-time-mean: 1.605708 [s]
kernel-time-stddev: 0.029307 [s]
kernel-time-median: 1.620607 [s]
kernel-time-min: 1.559157 [s]
kernel-time-samples: "1.559157 1.594486 1.620607 1.626241 1.628051"
kernel-time-throughput: N/A
run-time-mean: 1.615046 [s]
run-time-stddev: 0.029608 [s]
run-time-median: 1.629172 [s]
run-time-min: 1.566588 [s]
run-time-samples: "1.566588 1.607276 1.629172 1.633623 1.638571"
run-time-throughput: N/A
kernel-energy-mean: 106.856881 [J]
kernel-energy-stddev: 1.271483 [J]
kernel-energy-median: 107.502930 [J]
kernel-energy-min: 104.648030 [J]
kernel-energy-max: 107.697045 [J]
kernel-energy-samples: "104.648030 106.899380 107.502930 107.537020 107.697045"
Verification: PASS
