********** Results for Spmv**********
problem-size: 524288
local-size: 256
num-iters: 2000
core-freq: 165
memory-freq: 877
device-name: Tesla V100-SXM2-16GB
sycl-implementation: LLVM CUDA (Intel DPC++)
throughput-metric: N/A
kernel-time-mean: 7.706660 [s]
kernel-time-stddev: 0.004679 [s]
kernel-time-median: 7.706340 [s]
kernel-time-min: 7.699910 [s]
kernel-time-samples: "7.699910 7.705252 7.706340 7.709491 7.712309"
kernel-time-throughput: N/A
run-time-mean: 7.716102 [s]
run-time-stddev: 0.005967 [s]
run-time-median: 7.716378 [s]
run-time-min: 7.706646 [s]
run-time-samples: "7.706646 7.716182 7.716378 7.718254 7.723052"
run-time-throughput: N/A
kernel-energy-mean: 196.183993 [J]
kernel-energy-stddev: 0.260310 [J]
kernel-energy-median: 196.191570 [J]
kernel-energy-min: 195.894455 [J]
kernel-energy-max: 196.561845 [J]
kernel-energy-samples: "195.894455 195.995005 196.191570 196.277090 196.561845"
Verification: PASS
