********** Results for Spmv**********
problem-size: 524288
local-size: 256
num-iters: 2000
core-freq: 1222
memory-freq: 877
device-name: Tesla V100-SXM2-16GB
sycl-implementation: LLVM CUDA (Intel DPC++)
throughput-metric: N/A
kernel-time-mean: 1.148894 [s]
kernel-time-stddev: 0.010946 [s]
kernel-time-median: 1.145661 [s]
kernel-time-min: 1.134483 [s]
kernel-time-samples: "1.134483 1.144869 1.145661 1.157477 1.161980"
kernel-time-throughput: N/A
run-time-mean: 1.158324 [s]
run-time-stddev: 0.010427 [s]
run-time-median: 1.157313 [s]
run-time-min: 1.143268 [s]
run-time-samples: "1.143268 1.154882 1.157313 1.166484 1.169672"
run-time-throughput: N/A
kernel-energy-mean: 127.075424 [J]
kernel-energy-stddev: 0.690440 [J]
kernel-energy-median: 127.262750 [J]
kernel-energy-min: 125.992305 [J]
kernel-energy-max: 127.882920 [J]
kernel-energy-samples: "125.992305 126.973550 127.262750 127.265595 127.882920"
Verification: PASS
