********** Results for Spmv**********
problem-size: 524288
local-size: 256
num-iters: 2000
core-freq: 195
memory-freq: 877
device-name: Tesla V100-SXM2-16GB
sycl-implementation: LLVM CUDA (Intel DPC++)
throughput-metric: N/A
kernel-time-mean: 8.180998 [s]
kernel-time-stddev: 0.005328 [s]
kernel-time-median: 8.181414 [s]
kernel-time-min: 8.172904 [s]
kernel-time-samples: "8.172904 8.181106 8.181414 8.181682 8.187883"
kernel-time-throughput: N/A
run-time-mean: 8.192297 [s]
run-time-stddev: 0.003582 [s]
run-time-median: 8.192476 [s]
run-time-min: 8.186677 [s]
run-time-samples: "8.186677 8.191550 8.192476 8.195350 8.195434"
run-time-throughput: N/A
kernel-energy-mean: 183.390622 [J]
kernel-energy-stddev: 8.614345 [J]
kernel-energy-median: 179.303170 [J]
kernel-energy-min: 175.895245 [J]
kernel-energy-max: 195.173600 [J]
kernel-energy-samples: "175.895245 176.768230 179.303170 189.812865 195.173600"
Verification: PASS
