********** Results for Spmv**********
problem-size: 524288
local-size: 256
num-iters: 2000
core-freq: 742
memory-freq: 877
device-name: Tesla V100-SXM2-16GB
sycl-implementation: LLVM CUDA (Intel DPC++)
throughput-metric: N/A
kernel-time-mean: 1.298678 [s]
kernel-time-stddev: 0.018231 [s]
kernel-time-median: 1.289484 [s]
kernel-time-min: 1.279954 [s]
kernel-time-samples: "1.279954 1.287664 1.289484 1.315393 1.320897"
kernel-time-throughput: N/A
run-time-mean: 1.308353 [s]
run-time-stddev: 0.018375 [s]
run-time-median: 1.300533 [s]
run-time-min: 1.288325 [s]
run-time-samples: "1.288325 1.297558 1.300533 1.324130 1.331218"
run-time-throughput: N/A
kernel-energy-mean: 92.351310 [J]
kernel-energy-stddev: 0.834639 [J]
kernel-energy-median: 92.302545 [J]
kernel-energy-min: 91.193805 [J]
kernel-energy-max: 93.544530 [J]
kernel-energy-samples: "91.193805 92.256760 92.302545 92.458910 93.544530"
Verification: PASS
