********** Results for Spmv**********
problem-size: 524288
local-size: 256
num-iters: 2000
core-freq: 757
memory-freq: 877
device-name: Tesla V100-SXM2-16GB
sycl-implementation: LLVM CUDA (Intel DPC++)
throughput-metric: N/A
kernel-time-mean: 1.314511 [s]
kernel-time-stddev: 0.034014 [s]
kernel-time-median: 1.296356 [s]
kernel-time-min: 1.281896 [s]
kernel-time-samples: "1.281896 1.291736 1.296356 1.348877 1.353689"
kernel-time-throughput: N/A
run-time-mean: 1.325970 [s]
run-time-stddev: 0.034070 [s]
run-time-median: 1.308390 [s]
run-time-min: 1.294017 [s]
run-time-samples: "1.294017 1.301696 1.308390 1.362816 1.362931"
run-time-throughput: N/A
kernel-energy-mean: 91.715375 [J]
kernel-energy-stddev: 1.490143 [J]
kernel-energy-median: 91.332805 [J]
kernel-energy-min: 90.208035 [J]
kernel-energy-max: 93.547230 [J]
kernel-energy-samples: "90.208035 90.498150 91.332805 92.990655 93.547230"
Verification: PASS
