********** Results for Spmv**********
problem-size: 524288
local-size: 256
num-iters: 2000
core-freq: 1200
memory-freq: 877
device-name: Tesla V100-SXM2-16GB
sycl-implementation: LLVM CUDA (Intel DPC++)
throughput-metric: N/A
kernel-time-mean: 1.151296 [s]
kernel-time-stddev: 0.015785 [s]
kernel-time-median: 1.146714 [s]
kernel-time-min: 1.134835 [s]
kernel-time-samples: "1.134835 1.141916 1.146714 1.157735 1.175281"
kernel-time-throughput: N/A
run-time-mean: 1.162437 [s]
run-time-stddev: 0.015900 [s]
run-time-median: 1.158568 [s]
run-time-min: 1.145803 [s]
run-time-samples: "1.145803 1.153934 1.158568 1.166296 1.187584"
run-time-throughput: N/A
kernel-energy-mean: 127.140871 [J]
kernel-energy-stddev: 0.537856 [J]
kernel-energy-median: 126.977125 [J]
kernel-energy-min: 126.724850 [J]
kernel-energy-max: 128.052625 [J]
kernel-energy-samples: "126.724850 126.786640 126.977125 127.163115 128.052625"
Verification: PASS
