********** Results for Spmv**********
problem-size: 524288
local-size: 256
num-iters: 2000
core-freq: 832
memory-freq: 877
device-name: Tesla V100-SXM2-16GB
sycl-implementation: LLVM CUDA (Intel DPC++)
throughput-metric: N/A
kernel-time-mean: 1.132660 [s]
kernel-time-stddev: 0.024213 [s]
kernel-time-median: 1.134203 [s]
kernel-time-min: 1.100075 [s]
kernel-time-samples: "1.100075 1.122439 1.134203 1.140539 1.166043"
kernel-time-throughput: N/A
run-time-mean: 1.142290 [s]
run-time-stddev: 0.024225 [s]
run-time-median: 1.144082 [s]
run-time-min: 1.109199 [s]
run-time-samples: "1.109199 1.132333 1.144082 1.150692 1.175145"
run-time-throughput: N/A
kernel-energy-mean: 84.874184 [J]
kernel-energy-stddev: 0.926697 [J]
kernel-energy-median: 85.176425 [J]
kernel-energy-min: 83.604035 [J]
kernel-energy-max: 85.920320 [J]
kernel-energy-samples: "83.604035 84.272495 85.176425 85.397645 85.920320"
Verification: PASS
