********** Results for Spmv**********
problem-size: 524288
local-size: 256
num-iters: 2000
core-freq: 1440
memory-freq: 877
device-name: Tesla V100-SXM2-16GB
sycl-implementation: LLVM CUDA (Intel DPC++)
throughput-metric: N/A
kernel-time-mean: 1.240731 [s]
kernel-time-stddev: 0.011051 [s]
kernel-time-median: 1.237645 [s]
kernel-time-min: 1.229097 [s]
kernel-time-samples: "1.229097 1.232861 1.237645 1.248384 1.255669"
kernel-time-throughput: N/A
run-time-mean: 1.256400 [s]
run-time-stddev: 0.014918 [s]
run-time-median: 1.257716 [s]
run-time-min: 1.239922 [s]
run-time-samples: "1.239922 1.243099 1.257716 1.266454 1.274811"
run-time-throughput: N/A
kernel-energy-mean: 169.173921 [J]
kernel-energy-stddev: 1.882383 [J]
kernel-energy-median: 169.321425 [J]
kernel-energy-min: 166.584005 [J]
kernel-energy-max: 171.546365 [J]
kernel-energy-samples: "166.584005 168.256775 169.321425 170.161035 171.546365"
Verification: PASS
