********** Results for Spmv**********
problem-size: 524288
local-size: 256
num-iters: 2000
core-freq: 690
memory-freq: 877
device-name: Tesla V100-SXM2-16GB
sycl-implementation: LLVM CUDA (Intel DPC++)
throughput-metric: N/A
kernel-time-mean: 1.466315 [s]
kernel-time-stddev: 0.022463 [s]
kernel-time-median: 1.480208 [s]
kernel-time-min: 1.438477 [s]
kernel-time-samples: "1.438477 1.445458 1.480208 1.481494 1.485937"
kernel-time-throughput: N/A
run-time-mean: 1.476661 [s]
run-time-stddev: 0.024387 [s]
run-time-median: 1.488341 [s]
run-time-min: 1.447780 [s]
run-time-samples: "1.447780 1.452856 1.488341 1.496456 1.497873"
run-time-throughput: N/A
kernel-energy-mean: 98.107085 [J]
kernel-energy-stddev: 0.609601 [J]
kernel-energy-median: 98.433770 [J]
kernel-energy-min: 97.425340 [J]
kernel-energy-max: 98.644365 [J]
kernel-energy-samples: "97.425340 97.463850 98.433770 98.568100 98.644365"
Verification: PASS
