********** Results for Spmv**********
problem-size: 524288
local-size: 256
num-iters: 2000
core-freq: 1080
memory-freq: 877
device-name: Tesla V100-SXM2-16GB
sycl-implementation: LLVM CUDA (Intel DPC++)
throughput-metric: N/A
kernel-time-mean: 1.110374 [s]
kernel-time-stddev: 0.015988 [s]
kernel-time-median: 1.117242 [s]
kernel-time-min: 1.087441 [s]
kernel-time-samples: "1.087441 1.100276 1.117242 1.121874 1.125040"
kernel-time-throughput: N/A
run-time-mean: 1.122816 [s]
run-time-stddev: 0.012967 [s]
run-time-median: 1.128507 [s]
run-time-min: 1.106426 [s]
run-time-samples: "1.106426 1.111761 1.128507 1.131158 1.136225"
run-time-throughput: N/A
kernel-energy-mean: 108.726381 [J]
kernel-energy-stddev: 4.527626 [J]
kernel-energy-median: 110.545525 [J]
kernel-energy-min: 100.773005 [J]
kernel-energy-max: 111.537325 [J]
kernel-energy-samples: "100.773005 109.385885 110.545525 111.390165 111.537325"
Verification: PASS
