********** Results for Spmv**********
problem-size: 524288
local-size: 256
num-iters: 2000
core-freq: 1395
memory-freq: 877
device-name: Tesla V100-SXM2-16GB
sycl-implementation: LLVM CUDA (Intel DPC++)
throughput-metric: N/A
kernel-time-mean: 1.232535 [s]
kernel-time-stddev: 0.006069 [s]
kernel-time-median: 1.234419 [s]
kernel-time-min: 1.225684 [s]
kernel-time-samples: "1.225684 1.226970 1.234419 1.235523 1.240080"
kernel-time-throughput: N/A
run-time-mean: 1.244963 [s]
run-time-stddev: 0.006536 [s]
run-time-median: 1.247696 [s]
run-time-min: 1.236399 [s]
run-time-samples: "1.236399 1.239756 1.247696 1.249483 1.251485"
run-time-throughput: N/A
kernel-energy-mean: 160.664924 [J]
kernel-energy-stddev: 2.044083 [J]
kernel-energy-median: 160.210350 [J]
kernel-energy-min: 157.786130 [J]
kernel-energy-max: 162.741750 [J]
kernel-energy-samples: "157.786130 160.044925 160.210350 162.541465 162.741750"
Verification: PASS
