********** Results for Spmv**********
problem-size: 524288
local-size: 256
num-iters: 2000
core-freq: 240
memory-freq: 877
device-name: Tesla V100-SXM2-16GB
sycl-implementation: LLVM CUDA (Intel DPC++)
throughput-metric: N/A
kernel-time-mean: 4.035518 [s]
kernel-time-stddev: 0.042610 [s]
kernel-time-median: 4.051871 [s]
kernel-time-min: 3.959504 [s]
kernel-time-samples: "3.959504 4.050889 4.051871 4.057649 4.057675"
kernel-time-throughput: N/A
run-time-mean: 4.043612 [s]
run-time-stddev: 0.042200 [s]
run-time-median: 4.060713 [s]
run-time-min: 3.968340 [s]
run-time-samples: "3.968340 4.058030 4.060713 4.065164 4.065811"
run-time-throughput: N/A
kernel-energy-mean: 116.692479 [J]
kernel-energy-stddev: 2.920455 [J]
kernel-energy-median: 117.996330 [J]
kernel-energy-min: 111.606455 [J]
kernel-energy-max: 118.696290 [J]
kernel-energy-samples: "111.606455 116.891730 117.996330 118.271590 118.696290"
Verification: PASS
