********** Results for Spmv**********
problem-size: 524288
local-size: 256
num-iters: 2000
core-freq: 840
memory-freq: 877
device-name: Tesla V100-SXM2-16GB
sycl-implementation: LLVM CUDA (Intel DPC++)
throughput-metric: N/A
kernel-time-mean: 1.095046 [s]
kernel-time-stddev: 0.015247 [s]
kernel-time-median: 1.102164 [s]
kernel-time-min: 1.069538 [s]
kernel-time-samples: "1.069538 1.092966 1.102164 1.102569 1.107991"
kernel-time-throughput: N/A
run-time-mean: 1.105659 [s]
run-time-stddev: 0.015430 [s]
run-time-median: 1.110038 [s]
run-time-min: 1.079580 [s]
run-time-samples: "1.079580 1.105286 1.110038 1.114545 1.118848"
run-time-throughput: N/A
kernel-energy-mean: 92.062192 [J]
kernel-energy-stddev: 1.057168 [J]
kernel-energy-median: 91.669185 [J]
kernel-energy-min: 91.387360 [J]
kernel-energy-max: 93.925435 [J]
kernel-energy-samples: "91.387360 91.474025 91.669185 91.854955 93.925435"
Verification: PASS
