********** Results for Spmv**********
problem-size: 524288
local-size: 256
num-iters: 2000
core-freq: 157
memory-freq: 877
device-name: Tesla V100-SXM2-16GB
sycl-implementation: LLVM CUDA (Intel DPC++)
throughput-metric: N/A
kernel-time-mean: 8.045183 [s]
kernel-time-stddev: 0.006145 [s]
kernel-time-median: 8.046648 [s]
kernel-time-min: 8.036717 [s]
kernel-time-samples: "8.036717 8.041383 8.046648 8.049086 8.052079"
kernel-time-throughput: N/A
run-time-mean: 8.055671 [s]
run-time-stddev: 0.006027 [s]
run-time-median: 8.056870 [s]
run-time-min: 8.047113 [s]
run-time-samples: "8.047113 8.052869 8.056870 8.058384 8.063116"
run-time-throughput: N/A
kernel-energy-mean: 167.356396 [J]
kernel-energy-stddev: 2.676994 [J]
kernel-energy-median: 166.366910 [J]
kernel-energy-min: 165.630785 [J]
kernel-energy-max: 172.080410 [J]
kernel-energy-samples: "165.630785 165.919390 166.366910 166.784485 172.080410"
Verification: PASS
