********** Results for Spmv**********
problem-size: 524288
local-size: 256
num-iters: 2000
core-freq: 870
memory-freq: 877
device-name: Tesla V100-SXM2-16GB
sycl-implementation: LLVM CUDA (Intel DPC++)
throughput-metric: N/A
kernel-time-mean: 1.099808 [s]
kernel-time-stddev: 0.019310 [s]
kernel-time-median: 1.094508 [s]
kernel-time-min: 1.080352 [s]
kernel-time-samples: "1.080352 1.091398 1.094508 1.101157 1.131626"
kernel-time-throughput: N/A
run-time-mean: 1.110429 [s]
run-time-stddev: 0.018134 [s]
run-time-median: 1.104934 [s]
run-time-min: 1.091883 [s]
run-time-samples: "1.091883 1.102086 1.104934 1.113444 1.139799"
run-time-throughput: N/A
kernel-energy-mean: 96.378812 [J]
kernel-energy-stddev: 1.225117 [J]
kernel-energy-median: 96.770815 [J]
kernel-energy-min: 94.396190 [J]
kernel-energy-max: 97.383325 [J]
kernel-energy-samples: "94.396190 96.064255 96.770815 97.279475 97.383325"
Verification: PASS
