********** Results for Spmv**********
problem-size: 524288
local-size: 256
num-iters: 2000
core-freq: 307
memory-freq: 877
device-name: Tesla V100-SXM2-16GB
sycl-implementation: LLVM CUDA (Intel DPC++)
throughput-metric: N/A
kernel-time-mean: 4.021133 [s]
kernel-time-stddev: 0.003887 [s]
kernel-time-median: 4.018973 [s]
kernel-time-min: 4.017535 [s]
kernel-time-samples: "4.017535 4.018592 4.018973 4.024304 4.026262"
kernel-time-throughput: N/A
run-time-mean: 4.031273 [s]
run-time-stddev: 0.002903 [s]
run-time-median: 4.031244 [s]
run-time-min: 4.028205 [s]
run-time-samples: "4.028205 4.029303 4.031244 4.031859 4.035754"
run-time-throughput: N/A
kernel-energy-mean: 116.157526 [J]
kernel-energy-stddev: 0.537986 [J]
kernel-energy-median: 116.327170 [J]
kernel-energy-min: 115.574620 [J]
kernel-energy-max: 116.836785 [J]
kernel-energy-samples: "115.574620 115.642175 116.327170 116.406880 116.836785"
Verification: PASS
