********** Results for Spmv**********
problem-size: 524288
local-size: 256
num-iters: 2000
core-freq: 427
memory-freq: 877
device-name: Tesla V100-SXM2-16GB
sycl-implementation: LLVM CUDA (Intel DPC++)
throughput-metric: N/A
kernel-time-mean: 4.021725 [s]
kernel-time-stddev: 0.004947 [s]
kernel-time-median: 4.018486 [s]
kernel-time-min: 4.017845 [s]
kernel-time-samples: "4.017845 4.018177 4.018486 4.025863 4.028255"
kernel-time-throughput: N/A
run-time-mean: 4.031742 [s]
run-time-stddev: 0.005761 [s]
run-time-median: 4.030009 [s]
run-time-min: 4.026281 [s]
run-time-samples: "4.026281 4.026745 4.030009 4.037264 4.038412"
run-time-throughput: N/A
kernel-energy-mean: 121.119921 [J]
kernel-energy-stddev: 0.282015 [J]
kernel-energy-median: 121.031570 [J]
kernel-energy-min: 120.828600 [J]
kernel-energy-max: 121.495265 [J]
kernel-energy-samples: "120.828600 120.916460 121.031570 121.327710 121.495265"
Verification: PASS
