********** Results for Spmv**********
problem-size: 524288
local-size: 256
num-iters: 2000
core-freq: 1125
memory-freq: 877
device-name: Tesla V100-SXM2-16GB
sycl-implementation: LLVM CUDA (Intel DPC++)
throughput-metric: N/A
kernel-time-mean: 1.124517 [s]
kernel-time-stddev: 0.016988 [s]
kernel-time-median: 1.124653 [s]
kernel-time-min: 1.105980 [s]
kernel-time-samples: "1.105980 1.113217 1.124653 1.128371 1.150366"
kernel-time-throughput: N/A
run-time-mean: 1.135211 [s]
run-time-stddev: 0.017154 [s]
run-time-median: 1.137558 [s]
run-time-min: 1.115817 [s]
run-time-samples: "1.115817 1.122772 1.137558 1.139804 1.160102"
run-time-throughput: N/A
kernel-energy-mean: 115.697861 [J]
kernel-energy-stddev: 4.497445 [J]
kernel-energy-median: 117.488490 [J]
kernel-energy-min: 107.851555 [J]
kernel-energy-max: 119.137380 [J]
kernel-energy-samples: "107.851555 116.340830 117.488490 117.671050 119.137380"
Verification: PASS
