********** Results for Spmv**********
problem-size: 524288
local-size: 256
num-iters: 2000
core-freq: 615
memory-freq: 877
device-name: Tesla V100-SXM2-16GB
sycl-implementation: LLVM CUDA (Intel DPC++)
throughput-metric: N/A
kernel-time-mean: 1.823216 [s]
kernel-time-stddev: 0.034384 [s]
kernel-time-median: 1.824024 [s]
kernel-time-min: 1.769505 [s]
kernel-time-samples: "1.769505 1.816391 1.824024 1.850495 1.855664"
kernel-time-throughput: N/A
run-time-mean: 1.832498 [s]
run-time-stddev: 0.033964 [s]
run-time-median: 1.831906 [s]
run-time-min: 1.780181 [s]
run-time-samples: "1.780181 1.825270 1.831906 1.859716 1.865418"
run-time-throughput: N/A
kernel-energy-mean: 114.340564 [J]
kernel-energy-stddev: 1.711837 [J]
kernel-energy-median: 114.733535 [J]
kernel-energy-min: 111.594550 [J]
kernel-energy-max: 116.147295 [J]
kernel-energy-samples: "111.594550 114.060085 114.733535 115.167355 116.147295"
Verification: PASS
