********** Results for Spmv**********
problem-size: 524288
local-size: 256
num-iters: 2000
core-freq: 1020
memory-freq: 877
device-name: Tesla V100-SXM2-16GB
sycl-implementation: LLVM CUDA (Intel DPC++)
throughput-metric: N/A
kernel-time-mean: 1.066529 [s]
kernel-time-stddev: 0.016838 [s]
kernel-time-median: 1.062707 [s]
kernel-time-min: 1.044383 [s]
kernel-time-samples: "1.044383 1.061380 1.062707 1.074388 1.089785"
kernel-time-throughput: N/A
run-time-mean: 1.076607 [s]
run-time-stddev: 0.017630 [s]
run-time-median: 1.072421 [s]
run-time-min: 1.053322 [s]
run-time-samples: "1.053322 1.072341 1.072421 1.083483 1.101468"
run-time-throughput: N/A
kernel-energy-mean: 102.326453 [J]
kernel-energy-stddev: 0.860648 [J]
kernel-energy-median: 102.437950 [J]
kernel-energy-min: 101.003535 [J]
kernel-energy-max: 103.280920 [J]
kernel-energy-samples: "101.003535 102.096950 102.437950 102.812910 103.280920"
Verification: PASS
