********** Results for Spmv**********
problem-size: 524288
local-size: 256
num-iters: 2000
core-freq: 412
memory-freq: 877
device-name: Tesla V100-SXM2-16GB
sycl-implementation: LLVM CUDA (Intel DPC++)
throughput-metric: N/A
kernel-time-mean: 3.965543 [s]
kernel-time-stddev: 0.003360 [s]
kernel-time-median: 3.964231 [s]
kernel-time-min: 3.962651 [s]
kernel-time-samples: "3.962651 3.963018 3.964231 3.967171 3.970646"
kernel-time-throughput: N/A
run-time-mean: 3.976203 [s]
run-time-stddev: 0.003843 [s]
run-time-median: 3.975601 [s]
run-time-min: 3.972221 [s]
run-time-samples: "3.972221 3.972924 3.975601 3.979370 3.980900"
run-time-throughput: N/A
kernel-energy-mean: 118.283107 [J]
kernel-energy-stddev: 0.691349 [J]
kernel-energy-median: 118.226285 [J]
kernel-energy-min: 117.387980 [J]
kernel-energy-max: 119.171580 [J]
kernel-energy-samples: "117.387980 117.917370 118.226285 118.712320 119.171580"
Verification: PASS
