********** Results for Spmv**********
problem-size: 524288
local-size: 256
num-iters: 2000
core-freq: 660
memory-freq: 877
device-name: Tesla V100-SXM2-16GB
sycl-implementation: LLVM CUDA (Intel DPC++)
throughput-metric: N/A
kernel-time-mean: 1.585708 [s]
kernel-time-stddev: 0.025381 [s]
kernel-time-median: 1.571333 [s]
kernel-time-min: 1.564581 [s]
kernel-time-samples: "1.564581 1.566138 1.571333 1.609737 1.616748"
kernel-time-throughput: N/A
run-time-mean: 1.596394 [s]
run-time-stddev: 0.025012 [s]
run-time-median: 1.582671 [s]
run-time-min: 1.573965 [s]
run-time-samples: "1.573965 1.578414 1.582671 1.620110 1.626811"
run-time-throughput: N/A
kernel-energy-mean: 106.693095 [J]
kernel-energy-stddev: 1.033220 [J]
kernel-energy-median: 106.472160 [J]
kernel-energy-min: 105.631810 [J]
kernel-energy-max: 107.922655 [J]
kernel-energy-samples: "105.631810 105.830090 106.472160 107.608760 107.922655"
Verification: PASS
