********** Results for Spmv**********
problem-size: 524288
local-size: 256
num-iters: 2000
core-freq: 907
memory-freq: 877
device-name: Tesla V100-SXM2-16GB
sycl-implementation: LLVM CUDA (Intel DPC++)
throughput-metric: N/A
kernel-time-mean: 1.036313 [s]
kernel-time-stddev: 0.007548 [s]
kernel-time-median: 1.036044 [s]
kernel-time-min: 1.025162 [s]
kernel-time-samples: "1.025162 1.036025 1.036044 1.037994 1.046341"
kernel-time-throughput: N/A
run-time-mean: 1.049628 [s]
run-time-stddev: 0.007664 [s]
run-time-median: 1.050340 [s]
run-time-min: 1.037608 [s]
run-time-samples: "1.037608 1.049871 1.050340 1.051374 1.058948"
run-time-throughput: N/A
kernel-energy-mean: 84.025242 [J]
kernel-energy-stddev: 0.482684 [J]
kernel-energy-median: 84.220915 [J]
kernel-energy-min: 83.304375 [J]
kernel-energy-max: 84.496955 [J]
kernel-energy-samples: "83.304375 83.778070 84.220915 84.325895 84.496955"
Verification: PASS
