********** Results for Spmv**********
problem-size: 524288
local-size: 256
num-iters: 2000
core-freq: 915
memory-freq: 877
device-name: Tesla V100-SXM2-16GB
sycl-implementation: LLVM CUDA (Intel DPC++)
throughput-metric: N/A
kernel-time-mean: 1.023981 [s]
kernel-time-stddev: 0.009876 [s]
kernel-time-median: 1.022592 [s]
kernel-time-min: 1.013362 [s]
kernel-time-samples: "1.013362 1.018393 1.022592 1.026091 1.039466"
kernel-time-throughput: N/A
run-time-mean: 1.034316 [s]
run-time-stddev: 0.009616 [s]
run-time-median: 1.031442 [s]
run-time-min: 1.024610 [s]
run-time-samples: "1.024610 1.029315 1.031442 1.036479 1.049735"
run-time-throughput: N/A
kernel-energy-mean: 92.259814 [J]
kernel-energy-stddev: 0.675125 [J]
kernel-energy-median: 92.316055 [J]
kernel-energy-min: 91.291130 [J]
kernel-energy-max: 92.934655 [J]
kernel-energy-samples: "91.291130 91.932505 92.316055 92.824725 92.934655"
Verification: PASS
