********** Results for Spmv**********
problem-size: 524288
local-size: 256
num-iters: 2000
core-freq: 645
memory-freq: 877
device-name: Tesla V100-SXM2-16GB
sycl-implementation: LLVM CUDA (Intel DPC++)
throughput-metric: N/A
kernel-time-mean: 1.596013 [s]
kernel-time-stddev: 0.024036 [s]
kernel-time-median: 1.589129 [s]
kernel-time-min: 1.572276 [s]
kernel-time-samples: "1.572276 1.577541 1.589129 1.611791 1.629329"
kernel-time-throughput: N/A
run-time-mean: 1.607841 [s]
run-time-stddev: 0.024105 [s]
run-time-median: 1.601567 [s]
run-time-min: 1.584265 [s]
run-time-samples: "1.584265 1.588308 1.601567 1.624526 1.640537"
run-time-throughput: N/A
kernel-energy-mean: 102.211371 [J]
kernel-energy-stddev: 3.321297 [J]
kernel-energy-median: 103.151440 [J]
kernel-energy-min: 96.646145 [J]
kernel-energy-max: 105.260950 [J]
kernel-energy-samples: "96.646145 102.069800 103.151440 103.928520 105.260950"
Verification: PASS
