********** Results for Spmv**********
problem-size: 524288
local-size: 256
num-iters: 2000
core-freq: 892
memory-freq: 877
device-name: Tesla V100-SXM2-16GB
sycl-implementation: LLVM CUDA (Intel DPC++)
throughput-metric: N/A
kernel-time-mean: 1.055393 [s]
kernel-time-stddev: 0.014928 [s]
kernel-time-median: 1.048527 [s]
kernel-time-min: 1.046178 [s]
kernel-time-samples: "1.046178 1.047695 1.048527 1.052836 1.081728"
kernel-time-throughput: N/A
run-time-mean: 1.064751 [s]
run-time-stddev: 0.016522 [s]
run-time-median: 1.056507 [s]
run-time-min: 1.056027 [s]
run-time-samples: "1.056027 1.056253 1.056507 1.060879 1.094089"
run-time-throughput: N/A
kernel-energy-mean: 93.552947 [J]
kernel-energy-stddev: 2.418081 [J]
kernel-energy-median: 94.432145 [J]
kernel-energy-min: 89.931645 [J]
kernel-energy-max: 95.692355 [J]
kernel-energy-samples: "89.931645 92.314335 94.432145 95.394255 95.692355"
Verification: PASS
