********** Results for Spmv**********
problem-size: 524288
local-size: 256
num-iters: 2000
core-freq: 225
memory-freq: 877
device-name: Tesla V100-SXM2-16GB
sycl-implementation: LLVM CUDA (Intel DPC++)
throughput-metric: N/A
kernel-time-mean: 7.946538 [s]
kernel-time-stddev: 0.003520 [s]
kernel-time-median: 7.947031 [s]
kernel-time-min: 7.940900 [s]
kernel-time-samples: "7.940900 7.946346 7.947031 7.947935 7.950479"
kernel-time-throughput: N/A
run-time-mean: 7.956560 [s]
run-time-stddev: 0.003052 [s]
run-time-median: 7.956097 [s]
run-time-min: 7.953070 [s]
run-time-samples: "7.953070 7.954378 7.956097 7.958828 7.960428"
run-time-throughput: N/A
kernel-energy-mean: 115.188427 [J]
kernel-energy-stddev: 0.893612 [J]
kernel-energy-median: 115.022090 [J]
kernel-energy-min: 114.289900 [J]
kernel-energy-max: 116.604570 [J]
kernel-energy-samples: "114.289900 114.630695 115.022090 115.394880 116.604570"
Verification: PASS
