********** Results for Spmv**********
problem-size: 524288
local-size: 256
num-iters: 2000
core-freq: 900
memory-freq: 877
device-name: Tesla V100-SXM2-16GB
sycl-implementation: LLVM CUDA (Intel DPC++)
throughput-metric: N/A
kernel-time-mean: 1.052846 [s]
kernel-time-stddev: 0.017841 [s]
kernel-time-median: 1.054425 [s]
kernel-time-min: 1.028808 [s]
kernel-time-samples: "1.028808 1.045079 1.054425 1.058586 1.077333"
kernel-time-throughput: N/A
run-time-mean: 1.065563 [s]
run-time-stddev: 0.017845 [s]
run-time-median: 1.070347 [s]
run-time-min: 1.042201 [s]
run-time-samples: "1.042201 1.054890 1.070347 1.071150 1.089226"
run-time-throughput: N/A
kernel-energy-mean: 88.594088 [J]
kernel-energy-stddev: 1.258016 [J]
kernel-energy-median: 88.066340 [J]
kernel-energy-min: 87.420100 [J]
kernel-energy-max: 90.501080 [J]
kernel-energy-samples: "87.420100 87.778730 88.066340 89.204190 90.501080"
Verification: PASS
