********** Results for Spmv**********
problem-size: 524288
local-size: 256
num-iters: 2000
core-freq: 712
memory-freq: 877
device-name: Tesla V100-SXM2-16GB
sycl-implementation: LLVM CUDA (Intel DPC++)
throughput-metric: N/A
kernel-time-mean: 1.356566 [s]
kernel-time-stddev: 0.015165 [s]
kernel-time-median: 1.359698 [s]
kernel-time-min: 1.330312 [s]
kernel-time-samples: "1.330312 1.359504 1.359698 1.364603 1.368712"
kernel-time-throughput: N/A
run-time-mean: 1.367574 [s]
run-time-stddev: 0.016937 [s]
run-time-median: 1.372440 [s]
run-time-min: 1.338238 [s]
run-time-samples: "1.338238 1.370328 1.372440 1.375285 1.381579"
run-time-throughput: N/A
kernel-energy-mean: 99.753651 [J]
kernel-energy-stddev: 1.608471 [J]
kernel-energy-median: 98.817200 [J]
kernel-energy-min: 98.431225 [J]
kernel-energy-max: 101.609335 [J]
kernel-energy-samples: "98.431225 98.506435 98.817200 101.404060 101.609335"
Verification: PASS
