********** Results for Spmv**********
problem-size: 524288
local-size: 256
num-iters: 2000
core-freq: 247
memory-freq: 877
device-name: Tesla V100-SXM2-16GB
sycl-implementation: LLVM CUDA (Intel DPC++)
throughput-metric: N/A
kernel-time-mean: 4.116316 [s]
kernel-time-stddev: 0.003123 [s]
kernel-time-median: 4.117551 [s]
kernel-time-min: 4.110797 [s]
kernel-time-samples: "4.110797 4.116993 4.117551 4.117930 4.118307"
kernel-time-throughput: N/A
run-time-mean: 4.125910 [s]
run-time-stddev: 0.003495 [s]
run-time-median: 4.126884 [s]
run-time-min: 4.119828 [s]
run-time-samples: "4.119828 4.126606 4.126884 4.127520 4.128712"
run-time-throughput: N/A
kernel-energy-mean: 118.775425 [J]
kernel-energy-stddev: 1.007314 [J]
kernel-energy-median: 119.153925 [J]
kernel-energy-min: 116.997345 [J]
kernel-energy-max: 119.485080 [J]
kernel-energy-samples: "116.997345 119.042020 119.153925 119.198755 119.485080"
Verification: PASS
