********** Results for Spmv**********
problem-size: 524288
local-size: 256
num-iters: 2000
core-freq: 1282
memory-freq: 877
device-name: Tesla V100-SXM2-16GB
sycl-implementation: LLVM CUDA (Intel DPC++)
throughput-metric: N/A
kernel-time-mean: 1.174500 [s]
kernel-time-stddev: 0.018825 [s]
kernel-time-median: 1.180605 [s]
kernel-time-min: 1.148012 [s]
kernel-time-samples: "1.148012 1.162460 1.180605 1.188699 1.192724"
kernel-time-throughput: N/A
run-time-mean: 1.190662 [s]
run-time-stddev: 0.020039 [s]
run-time-median: 1.193434 [s]
run-time-min: 1.159717 [s]
run-time-samples: "1.159717 1.186322 1.193434 1.200079 1.213759"
run-time-throughput: N/A
kernel-energy-mean: 147.948215 [J]
kernel-energy-stddev: 1.259873 [J]
kernel-energy-median: 148.555275 [J]
kernel-energy-min: 146.342500 [J]
kernel-energy-max: 149.156445 [J]
kernel-energy-samples: "146.342500 146.863505 148.555275 148.823350 149.156445"
Verification: PASS
