********** Results for Spmv**********
problem-size: 524288
local-size: 256
num-iters: 2000
core-freq: 457
memory-freq: 877
device-name: Tesla V100-SXM2-16GB
sycl-implementation: LLVM CUDA (Intel DPC++)
throughput-metric: N/A
kernel-time-mean: 3.628556 [s]
kernel-time-stddev: 0.074982 [s]
kernel-time-median: 3.605779 [s]
kernel-time-min: 3.559775 [s]
kernel-time-samples: "3.559775 3.560945 3.605779 3.707164 3.709114"
kernel-time-throughput: N/A
run-time-mean: 3.639998 [s]
run-time-stddev: 0.074016 [s]
run-time-median: 3.615291 [s]
run-time-min: 3.572507 [s]
run-time-samples: "3.572507 3.574418 3.615291 3.718781 3.718994"
run-time-throughput: N/A
kernel-energy-mean: 106.575381 [J]
kernel-energy-stddev: 3.002101 [J]
kernel-energy-median: 106.146975 [J]
kernel-energy-min: 103.027345 [J]
kernel-energy-max: 109.775525 [J]
kernel-energy-samples: "103.027345 104.440030 106.146975 109.487030 109.775525"
Verification: PASS
