********** Results for VectorAddition_int32**********
problem-size: 1048576
local-size: 256
num-iters: 100000
core-freq: 315
memory-freq: 877
device-name: Tesla V100-SXM2-16GB
sycl-implementation: LLVM CUDA (Intel DPC++)
throughput-metric: N/A
kernel-time-mean: 1.714374 [s]
kernel-time-stddev: 0.000459 [s]
kernel-time-median: 1.714231 [s]
kernel-time-min: 1.714042 [s]
kernel-time-samples: "1.714042 1.714139 1.714231 1.714279 1.715179"
kernel-time-throughput: N/A
run-time-mean: 1.725538 [s]
run-time-stddev: 0.001877 [s]
run-time-median: 1.725290 [s]
run-time-min: 1.723400 [s]
run-time-samples: "1.723400 1.724560 1.725290 1.726025 1.728413"
run-time-throughput: N/A
kernel-energy-mean: 56.225578 [J]
kernel-energy-stddev: 0.833389 [J]
kernel-energy-median: 56.395575 [J]
kernel-energy-min: 54.951395 [J]
kernel-energy-max: 57.160085 [J]
kernel-energy-samples: "54.951395 55.965445 56.395575 56.655390 57.160085"
Verification: PASS
********** Results for VectorAddition_int64**********
problem-size: 1048576
local-size: 256
num-iters: 100000
core-freq: 315
memory-freq: 877
device-name: Tesla V100-SXM2-16GB
sycl-implementation: LLVM CUDA (Intel DPC++)
throughput-metric: N/A
kernel-time-mean: 3.515112 [s]
kernel-time-stddev: 0.000298 [s]
kernel-time-median: 3.515189 [s]
kernel-time-min: 3.514686 [s]
kernel-time-samples: "3.514686 3.514942 3.515189 3.515324 3.515418"
kernel-time-throughput: N/A
run-time-mean: 3.528374 [s]
run-time-stddev: 0.003678 [s]
run-time-median: 3.530097 [s]
run-time-min: 3.523409 [s]
run-time-samples: "3.523409 3.525701 3.530097 3.530372 3.532291"
run-time-throughput: N/A
kernel-energy-mean: 123.918361 [J]
kernel-energy-stddev: 2.333308 [J]
kernel-energy-median: 124.546350 [J]
kernel-energy-min: 121.354190 [J]
kernel-energy-max: 126.408225 [J]
kernel-energy-samples: "121.354190 121.585400 124.546350 125.697640 126.408225"
Verification: PASS
********** Results for VectorAddition_fp32**********
problem-size: 1048576
local-size: 256
num-iters: 100000
core-freq: 315
memory-freq: 877
device-name: Tesla V100-SXM2-16GB
sycl-implementation: LLVM CUDA (Intel DPC++)
throughput-metric: N/A
kernel-time-mean: 1.716479 [s]
kernel-time-stddev: 0.002949 [s]
kernel-time-median: 1.715992 [s]
kernel-time-min: 1.713832 [s]
kernel-time-samples: "1.713832 1.714205 1.715992 1.717213 1.721152"
kernel-time-throughput: N/A
run-time-mean: 1.727492 [s]
run-time-stddev: 0.004546 [s]
run-time-median: 1.728951 [s]
run-time-min: 1.721711 [s]
run-time-samples: "1.721711 1.723723 1.728951 1.731252 1.731824"
run-time-throughput: N/A
kernel-energy-mean: 55.906532 [J]
kernel-energy-stddev: 1.450243 [J]
kernel-energy-median: 56.106560 [J]
kernel-energy-min: 54.347595 [J]
kernel-energy-max: 58.100295 [J]
kernel-energy-samples: "54.347595 54.864030 56.106560 56.114180 58.100295"
Verification: PASS
********** Results for VectorAddition_fp64**********
problem-size: 1048576
local-size: 256
num-iters: 100000
core-freq: 315
memory-freq: 877
device-name: Tesla V100-SXM2-16GB
sycl-implementation: LLVM CUDA (Intel DPC++)
throughput-metric: N/A
kernel-time-mean: 3.515946 [s]
kernel-time-stddev: 0.000486 [s]
kernel-time-median: 3.515813 [s]
kernel-time-min: 3.515445 [s]
kernel-time-samples: "3.515445 3.515672 3.515813 3.516094 3.516707"
kernel-time-throughput: N/A
run-time-mean: 3.527769 [s]
run-time-stddev: 0.003566 [s]
run-time-median: 3.525804 [s]
run-time-min: 3.524910 [s]
run-time-samples: "3.524910 3.525462 3.525804 3.529326 3.533345"
run-time-throughput: N/A
kernel-energy-mean: 117.620926 [J]
kernel-energy-stddev: 2.279525 [J]
kernel-energy-median: 117.980990 [J]
kernel-energy-min: 113.848600 [J]
kernel-energy-max: 119.646315 [J]
kernel-energy-samples: "113.848600 117.489455 117.980990 119.139270 119.646315"
Verification: PASS
