********** Results for VectorAddition_int32**********
problem-size: 1048576
local-size: 256
num-iters: 100000
core-freq: 1110
memory-freq: 877
device-name: Tesla V100-SXM2-16GB
sycl-implementation: LLVM CUDA (Intel DPC++)
throughput-metric: N/A
kernel-time-mean: 0.341770 [s]
kernel-time-stddev: 0.000781 [s]
kernel-time-median: 0.341543 [s]
kernel-time-min: 0.341046 [s]
kernel-time-samples: "0.341046 0.341068 0.341543 0.342566 0.342627"
kernel-time-throughput: N/A
run-time-mean: 0.355734 [s]
run-time-stddev: 0.003597 [s]
run-time-median: 0.355367 [s]
run-time-min: 0.351815 [s]
run-time-samples: "0.351815 0.352841 0.355367 0.358295 0.360352"
run-time-throughput: N/A
kernel-energy-mean: 29.556589 [J]
kernel-energy-stddev: 0.181031 [J]
kernel-energy-median: 29.472230 [J]
kernel-energy-min: 29.452400 [J]
kernel-energy-max: 29.876135 [J]
kernel-energy-samples: "29.452400 29.456250 29.472230 29.525930 29.876135"
Verification: PASS
********** Results for VectorAddition_int64**********
problem-size: 1048576
local-size: 256
num-iters: 100000
core-freq: 1110
memory-freq: 877
device-name: Tesla V100-SXM2-16GB
sycl-implementation: LLVM CUDA (Intel DPC++)
throughput-metric: N/A
kernel-time-mean: 0.697691 [s]
kernel-time-stddev: 0.001625 [s]
kernel-time-median: 0.697428 [s]
kernel-time-min: 0.696349 [s]
kernel-time-samples: "0.696349 0.696457 0.697428 0.697859 0.700363"
kernel-time-throughput: N/A
run-time-mean: 0.707407 [s]
run-time-stddev: 0.002868 [s]
run-time-median: 0.706359 [s]
run-time-min: 0.704844 [s]
run-time-samples: "0.704844 0.705233 0.706359 0.708925 0.711675"
run-time-throughput: N/A
kernel-energy-mean: 55.360224 [J]
kernel-energy-stddev: 0.211565 [J]
kernel-energy-median: 55.276690 [J]
kernel-energy-min: 55.133625 [J]
kernel-energy-max: 55.662345 [J]
kernel-energy-samples: "55.133625 55.242975 55.276690 55.485485 55.662345"
Verification: PASS
********** Results for VectorAddition_fp32**********
problem-size: 1048576
local-size: 256
num-iters: 100000
core-freq: 1110
memory-freq: 877
device-name: Tesla V100-SXM2-16GB
sycl-implementation: LLVM CUDA (Intel DPC++)
throughput-metric: N/A
kernel-time-mean: 0.339959 [s]
kernel-time-stddev: 0.005066 [s]
kernel-time-median: 0.341986 [s]
kernel-time-min: 0.330943 [s]
kernel-time-samples: "0.330943 0.341687 0.341986 0.342137 0.343044"
kernel-time-throughput: N/A
run-time-mean: 0.349418 [s]
run-time-stddev: 0.004170 [s]
run-time-median: 0.350265 [s]
run-time-min: 0.342699 [s]
run-time-samples: "0.342699 0.349602 0.350265 0.350328 0.354197"
run-time-throughput: N/A
kernel-energy-mean: 29.576918 [J]
kernel-energy-stddev: 0.213474 [J]
kernel-energy-median: 29.520910 [J]
kernel-energy-min: 29.366775 [J]
kernel-energy-max: 29.936845 [J]
kernel-energy-samples: "29.366775 29.507200 29.520910 29.552860 29.936845"
Verification: PASS
********** Results for VectorAddition_fp64**********
problem-size: 1048576
local-size: 256
num-iters: 100000
core-freq: 1110
memory-freq: 877
device-name: Tesla V100-SXM2-16GB
sycl-implementation: LLVM CUDA (Intel DPC++)
throughput-metric: N/A
kernel-time-mean: 0.697708 [s]
kernel-time-stddev: 0.000501 [s]
kernel-time-median: 0.697940 [s]
kernel-time-min: 0.697103 [s]
kernel-time-samples: "0.697103 0.697236 0.697940 0.698073 0.698186"
kernel-time-throughput: N/A
run-time-mean: 0.709580 [s]
run-time-stddev: 0.000802 [s]
run-time-median: 0.709823 [s]
run-time-min: 0.708517 [s]
run-time-samples: "0.708517 0.708998 0.709823 0.710097 0.710464"
run-time-throughput: N/A
kernel-energy-mean: 54.473708 [J]
kernel-energy-stddev: 1.536540 [J]
kernel-energy-median: 55.532865 [J]
kernel-energy-min: 52.691045 [J]
kernel-energy-max: 55.644340 [J]
kernel-energy-samples: "52.691045 52.894825 55.532865 55.605465 55.644340"
Verification: PASS
