********** Results for VectorAddition_int32**********
problem-size: 1048576
local-size: 256
num-iters: 100000
core-freq: 270
memory-freq: 877
device-name: Tesla V100-SXM2-16GB
sycl-implementation: LLVM CUDA (Intel DPC++)
throughput-metric: N/A
kernel-time-mean: 1.718619 [s]
kernel-time-stddev: 0.000482 [s]
kernel-time-median: 1.718744 [s]
kernel-time-min: 1.717797 [s]
kernel-time-samples: "1.717797 1.718733 1.718744 1.718746 1.719073"
kernel-time-throughput: N/A
run-time-mean: 1.727221 [s]
run-time-stddev: 0.001550 [s]
run-time-median: 1.727470 [s]
run-time-min: 1.725033 [s]
run-time-samples: "1.725033 1.726557 1.727470 1.727840 1.729206"
run-time-throughput: N/A
kernel-energy-mean: 57.586250 [J]
kernel-energy-stddev: 0.565686 [J]
kernel-energy-median: 57.824500 [J]
kernel-energy-min: 56.866360 [J]
kernel-energy-max: 58.081800 [J]
kernel-energy-samples: "56.866360 57.100060 57.824500 58.058530 58.081800"
Verification: PASS
********** Results for VectorAddition_int64**********
problem-size: 1048576
local-size: 256
num-iters: 100000
core-freq: 270
memory-freq: 877
device-name: Tesla V100-SXM2-16GB
sycl-implementation: LLVM CUDA (Intel DPC++)
throughput-metric: N/A
kernel-time-mean: 3.519103 [s]
kernel-time-stddev: 0.006104 [s]
kernel-time-median: 3.518325 [s]
kernel-time-min: 3.511664 [s]
kernel-time-samples: "3.511664 3.517508 3.518325 3.519402 3.528615"
kernel-time-throughput: N/A
run-time-mean: 3.535278 [s]
run-time-stddev: 0.012603 [s]
run-time-median: 3.530172 [s]
run-time-min: 3.521620 [s]
run-time-samples: "3.521620 3.529561 3.530172 3.540794 3.554241"
run-time-throughput: N/A
kernel-energy-mean: 120.650543 [J]
kernel-energy-stddev: 1.505001 [J]
kernel-energy-median: 121.289025 [J]
kernel-energy-min: 118.252070 [J]
kernel-energy-max: 121.950080 [J]
kernel-energy-samples: "118.252070 120.137475 121.289025 121.624065 121.950080"
Verification: PASS
********** Results for VectorAddition_fp32**********
problem-size: 1048576
local-size: 256
num-iters: 100000
core-freq: 270
memory-freq: 877
device-name: Tesla V100-SXM2-16GB
sycl-implementation: LLVM CUDA (Intel DPC++)
throughput-metric: N/A
kernel-time-mean: 1.703947 [s]
kernel-time-stddev: 0.021334 [s]
kernel-time-median: 1.717504 [s]
kernel-time-min: 1.679678 [s]
kernel-time-samples: "1.679678 1.681633 1.717504 1.718963 1.721957"
kernel-time-throughput: N/A
run-time-mean: 1.713424 [s]
run-time-stddev: 0.021010 [s]
run-time-median: 1.725391 [s]
run-time-min: 1.689327 [s]
run-time-samples: "1.689327 1.691742 1.725391 1.729982 1.730676"
run-time-throughput: N/A
kernel-energy-mean: 59.029163 [J]
kernel-energy-stddev: 2.433343 [J]
kernel-energy-median: 59.566065 [J]
kernel-energy-min: 55.044870 [J]
kernel-energy-max: 61.070765 [J]
kernel-energy-samples: "55.044870 58.644510 59.566065 60.819605 61.070765"
Verification: PASS
********** Results for VectorAddition_fp64**********
problem-size: 1048576
local-size: 256
num-iters: 100000
core-freq: 270
memory-freq: 877
device-name: Tesla V100-SXM2-16GB
sycl-implementation: LLVM CUDA (Intel DPC++)
throughput-metric: N/A
kernel-time-mean: 3.516659 [s]
kernel-time-stddev: 0.004011 [s]
kernel-time-median: 3.519305 [s]
kernel-time-min: 3.512199 [s]
kernel-time-samples: "3.512199 3.512352 3.519305 3.519437 3.520004"
kernel-time-throughput: N/A
run-time-mean: 3.530013 [s]
run-time-stddev: 0.005927 [s]
run-time-median: 3.530432 [s]
run-time-min: 3.521360 [s]
run-time-samples: "3.521360 3.529433 3.530432 3.530796 3.538046"
run-time-throughput: N/A
kernel-energy-mean: 124.774405 [J]
kernel-energy-stddev: 1.121681 [J]
kernel-energy-median: 124.960520 [J]
kernel-energy-min: 122.896610 [J]
kernel-energy-max: 125.638095 [J]
kernel-energy-samples: "122.896610 124.750690 124.960520 125.626110 125.638095"
Verification: PASS
