********** Results for VectorAddition_int32**********
problem-size: 1048576
local-size: 256
num-iters: 100000
core-freq: 607
memory-freq: 877
device-name: Tesla V100-SXM2-16GB
sycl-implementation: LLVM CUDA (Intel DPC++)
throughput-metric: N/A
kernel-time-mean: 0.629367 [s]
kernel-time-stddev: 0.000772 [s]
kernel-time-median: 0.628902 [s]
kernel-time-min: 0.628796 [s]
kernel-time-samples: "0.628796 0.628893 0.628902 0.629631 0.630611"
kernel-time-throughput: N/A
run-time-mean: 0.640942 [s]
run-time-stddev: 0.002988 [s]
run-time-median: 0.642253 [s]
run-time-min: 0.636352 [s]
run-time-samples: "0.636352 0.639739 0.642253 0.642341 0.644028"
run-time-throughput: N/A
kernel-energy-mean: 33.787613 [J]
kernel-energy-stddev: 1.310659 [J]
kernel-energy-median: 34.579550 [J]
kernel-energy-min: 31.904005 [J]
kernel-energy-max: 34.901710 [J]
kernel-energy-samples: "31.904005 32.923550 34.579550 34.629250 34.901710"
Verification: PASS
********** Results for VectorAddition_int64**********
problem-size: 1048576
local-size: 256
num-iters: 100000
core-freq: 607
memory-freq: 877
device-name: Tesla V100-SXM2-16GB
sycl-implementation: LLVM CUDA (Intel DPC++)
throughput-metric: N/A
kernel-time-mean: 1.288651 [s]
kernel-time-stddev: 0.001990 [s]
kernel-time-median: 1.289579 [s]
kernel-time-min: 1.285111 [s]
kernel-time-samples: "1.285111 1.289197 1.289579 1.289613 1.289756"
kernel-time-throughput: N/A
run-time-mean: 1.301207 [s]
run-time-stddev: 0.001713 [s]
run-time-median: 1.301399 [s]
run-time-min: 1.298997 [s]
run-time-samples: "1.298997 1.300141 1.301399 1.302070 1.303428"
run-time-throughput: N/A
kernel-energy-mean: 66.030390 [J]
kernel-energy-stddev: 0.666893 [J]
kernel-energy-median: 66.340840 [J]
kernel-energy-min: 64.857530 [J]
kernel-energy-max: 66.434020 [J]
kernel-energy-samples: "64.857530 66.120410 66.340840 66.399150 66.434020"
Verification: PASS
********** Results for VectorAddition_fp32**********
problem-size: 1048576
local-size: 256
num-iters: 100000
core-freq: 607
memory-freq: 877
device-name: Tesla V100-SXM2-16GB
sycl-implementation: LLVM CUDA (Intel DPC++)
throughput-metric: N/A
kernel-time-mean: 0.624838 [s]
kernel-time-stddev: 0.008826 [s]
kernel-time-median: 0.628471 [s]
kernel-time-min: 0.609071 [s]
kernel-time-samples: "0.609071 0.628320 0.628471 0.628835 0.629493"
kernel-time-throughput: N/A
run-time-mean: 0.634593 [s]
run-time-stddev: 0.008984 [s]
run-time-median: 0.636634 [s]
run-time-min: 0.619066 [s]
run-time-samples: "0.619066 0.636022 0.636634 0.639425 0.641817"
run-time-throughput: N/A
kernel-energy-mean: 34.539387 [J]
kernel-energy-stddev: 0.327361 [J]
kernel-energy-median: 34.587370 [J]
kernel-energy-min: 33.989855 [J]
kernel-energy-max: 34.854115 [J]
kernel-energy-samples: "33.989855 34.570075 34.587370 34.695520 34.854115"
Verification: PASS
********** Results for VectorAddition_fp64**********
problem-size: 1048576
local-size: 256
num-iters: 100000
core-freq: 607
memory-freq: 877
device-name: Tesla V100-SXM2-16GB
sycl-implementation: LLVM CUDA (Intel DPC++)
throughput-metric: N/A
kernel-time-mean: 1.274555 [s]
kernel-time-stddev: 0.016001 [s]
kernel-time-median: 1.283275 [s]
kernel-time-min: 1.256635 [s]
kernel-time-samples: "1.256635 1.257787 1.283275 1.285464 1.289613"
kernel-time-throughput: N/A
run-time-mean: 1.285594 [s]
run-time-stddev: 0.016237 [s]
run-time-median: 1.294551 [s]
run-time-min: 1.267527 [s]
run-time-samples: "1.267527 1.268603 1.294551 1.295593 1.301696"
run-time-throughput: N/A
kernel-energy-mean: 65.748287 [J]
kernel-energy-stddev: 0.586563 [J]
kernel-energy-median: 66.082805 [J]
kernel-energy-min: 65.009920 [J]
kernel-energy-max: 66.314805 [J]
kernel-energy-samples: "65.009920 65.228225 66.082805 66.105680 66.314805"
Verification: PASS
