********** Results for VectorAddition_int32**********
problem-size: 1048576
local-size: 256
num-iters: 100000
core-freq: 405
memory-freq: 877
device-name: Tesla V100-SXM2-16GB
sycl-implementation: LLVM CUDA (Intel DPC++)
throughput-metric: N/A
kernel-time-mean: 1.719419 [s]
kernel-time-stddev: 0.002806 [s]
kernel-time-median: 1.718587 [s]
kernel-time-min: 1.716320 [s]
kernel-time-samples: "1.716320 1.718525 1.718587 1.719737 1.723924"
kernel-time-throughput: N/A
run-time-mean: 1.729334 [s]
run-time-stddev: 0.002068 [s]
run-time-median: 1.728460 [s]
run-time-min: 1.727277 [s]
run-time-samples: "1.727277 1.728261 1.728460 1.730123 1.732550"
run-time-throughput: N/A
kernel-energy-mean: 56.861533 [J]
kernel-energy-stddev: 0.766625 [J]
kernel-energy-median: 56.588345 [J]
kernel-energy-min: 56.056355 [J]
kernel-energy-max: 57.773875 [J]
kernel-energy-samples: "56.056355 56.319340 56.588345 57.569750 57.773875"
Verification: PASS
********** Results for VectorAddition_int64**********
problem-size: 1048576
local-size: 256
num-iters: 100000
core-freq: 405
memory-freq: 877
device-name: Tesla V100-SXM2-16GB
sycl-implementation: LLVM CUDA (Intel DPC++)
throughput-metric: N/A
kernel-time-mean: 3.517566 [s]
kernel-time-stddev: 0.003412 [s]
kernel-time-median: 3.516375 [s]
kernel-time-min: 3.513540 [s]
kernel-time-samples: "3.513540 3.516004 3.516375 3.519624 3.522285"
kernel-time-throughput: N/A
run-time-mean: 3.529925 [s]
run-time-stddev: 0.003394 [s]
run-time-median: 3.529426 [s]
run-time-min: 3.525456 [s]
run-time-samples: "3.525456 3.529060 3.529426 3.530830 3.534853"
run-time-throughput: N/A
kernel-energy-mean: 120.285997 [J]
kernel-energy-stddev: 2.250459 [J]
kernel-energy-median: 119.814905 [J]
kernel-energy-min: 117.670695 [J]
kernel-energy-max: 123.842715 [J]
kernel-energy-samples: "117.670695 119.584100 119.814905 120.517570 123.842715"
Verification: PASS
********** Results for VectorAddition_fp32**********
problem-size: 1048576
local-size: 256
num-iters: 100000
core-freq: 405
memory-freq: 877
device-name: Tesla V100-SXM2-16GB
sycl-implementation: LLVM CUDA (Intel DPC++)
throughput-metric: N/A
kernel-time-mean: 1.715217 [s]
kernel-time-stddev: 0.019935 [s]
kernel-time-median: 1.723254 [s]
kernel-time-min: 1.680275 [s]
kernel-time-samples: "1.680275 1.718838 1.723254 1.723703 1.730016"
kernel-time-throughput: N/A
run-time-mean: 1.726382 [s]
run-time-stddev: 0.022985 [s]
run-time-median: 1.734972 [s]
run-time-min: 1.686975 [s]
run-time-samples: "1.686975 1.726077 1.734972 1.740876 1.743008"
run-time-throughput: N/A
kernel-energy-mean: 60.321794 [J]
kernel-energy-stddev: 0.878713 [J]
kernel-energy-median: 60.036405 [J]
kernel-energy-min: 59.334565 [J]
kernel-energy-max: 61.706060 [J]
kernel-energy-samples: "59.334565 60.031395 60.036405 60.500545 61.706060"
Verification: PASS
********** Results for VectorAddition_fp64**********
problem-size: 1048576
local-size: 256
num-iters: 100000
core-freq: 405
memory-freq: 877
device-name: Tesla V100-SXM2-16GB
sycl-implementation: LLVM CUDA (Intel DPC++)
throughput-metric: N/A
kernel-time-mean: 3.518619 [s]
kernel-time-stddev: 0.005350 [s]
kernel-time-median: 3.515539 [s]
kernel-time-min: 3.514438 [s]
kernel-time-samples: "3.514438 3.514957 3.515539 3.521391 3.526770"
kernel-time-throughput: N/A
run-time-mean: 3.530991 [s]
run-time-stddev: 0.003542 [s]
run-time-median: 3.531701 [s]
run-time-min: 3.526887 [s]
run-time-samples: "3.526887 3.527724 3.531701 3.534313 3.534330"
run-time-throughput: N/A
kernel-energy-mean: 124.221710 [J]
kernel-energy-stddev: 1.374137 [J]
kernel-energy-median: 125.047230 [J]
kernel-energy-min: 122.358935 [J]
kernel-energy-max: 125.285545 [J]
kernel-energy-samples: "122.358935 123.143175 125.047230 125.273665 125.285545"
Verification: PASS
