********** Results for VectorAddition_int32**********
problem-size: 1048576
local-size: 256
num-iters: 100000
core-freq: 592
memory-freq: 877
device-name: Tesla V100-SXM2-16GB
sycl-implementation: LLVM CUDA (Intel DPC++)
throughput-metric: N/A
kernel-time-mean: 0.640935 [s]
kernel-time-stddev: 0.006607 [s]
kernel-time-median: 0.643124 [s]
kernel-time-min: 0.629226 [s]
kernel-time-samples: "0.629226 0.643038 0.643124 0.644014 0.645274"
kernel-time-throughput: N/A
run-time-mean: 0.652810 [s]
run-time-stddev: 0.006235 [s]
run-time-median: 0.654722 [s]
run-time-min: 0.641881 [s]
run-time-samples: "0.641881 0.654339 0.654722 0.655543 0.657563"
run-time-throughput: N/A
kernel-energy-mean: 36.882079 [J]
kernel-energy-stddev: 0.458175 [J]
kernel-energy-median: 36.997660 [J]
kernel-energy-min: 36.108035 [J]
kernel-energy-max: 37.257535 [J]
kernel-energy-samples: "36.108035 36.871630 36.997660 37.175535 37.257535"
Verification: PASS
********** Results for VectorAddition_int64**********
problem-size: 1048576
local-size: 256
num-iters: 100000
core-freq: 592
memory-freq: 877
device-name: Tesla V100-SXM2-16GB
sycl-implementation: LLVM CUDA (Intel DPC++)
throughput-metric: N/A
kernel-time-mean: 1.315994 [s]
kernel-time-stddev: 0.002502 [s]
kernel-time-median: 1.315611 [s]
kernel-time-min: 1.313082 [s]
kernel-time-samples: "1.313082 1.315497 1.315611 1.315772 1.320008"
kernel-time-throughput: N/A
run-time-mean: 1.325799 [s]
run-time-stddev: 0.002121 [s]
run-time-median: 1.325793 [s]
run-time-min: 1.323211 [s]
run-time-samples: "1.323211 1.324894 1.325793 1.326070 1.329025"
run-time-throughput: N/A
kernel-energy-mean: 69.739102 [J]
kernel-energy-stddev: 1.448241 [J]
kernel-energy-median: 69.690330 [J]
kernel-energy-min: 67.521085 [J]
kernel-energy-max: 71.045380 [J]
kernel-energy-samples: "67.521085 69.413140 69.690330 71.025575 71.045380"
Verification: PASS
********** Results for VectorAddition_fp32**********
problem-size: 1048576
local-size: 256
num-iters: 100000
core-freq: 592
memory-freq: 877
device-name: Tesla V100-SXM2-16GB
sycl-implementation: LLVM CUDA (Intel DPC++)
throughput-metric: N/A
kernel-time-mean: 0.643075 [s]
kernel-time-stddev: 0.000566 [s]
kernel-time-median: 0.643021 [s]
kernel-time-min: 0.642268 [s]
kernel-time-samples: "0.642268 0.642871 0.643021 0.643505 0.643708"
kernel-time-throughput: N/A
run-time-mean: 0.655758 [s]
run-time-stddev: 0.002691 [s]
run-time-median: 0.655169 [s]
run-time-min: 0.653042 [s]
run-time-samples: "0.653042 0.654997 0.655169 0.655302 0.660280"
run-time-throughput: N/A
kernel-energy-mean: 36.222020 [J]
kernel-energy-stddev: 0.032018 [J]
kernel-energy-median: 36.232305 [J]
kernel-energy-min: 36.173410 [J]
kernel-energy-max: 36.254970 [J]
kernel-energy-samples: "36.173410 36.208400 36.232305 36.241015 36.254970"
Verification: PASS
********** Results for VectorAddition_fp64**********
problem-size: 1048576
local-size: 256
num-iters: 100000
core-freq: 592
memory-freq: 877
device-name: Tesla V100-SXM2-16GB
sycl-implementation: LLVM CUDA (Intel DPC++)
throughput-metric: N/A
kernel-time-mean: 1.305621 [s]
kernel-time-stddev: 0.014789 [s]
kernel-time-median: 1.313590 [s]
kernel-time-min: 1.289330 [s]
kernel-time-samples: "1.289330 1.290039 1.313590 1.314623 1.320524"
kernel-time-throughput: N/A
run-time-mean: 1.318019 [s]
run-time-stddev: 0.015295 [s]
run-time-median: 1.324921 [s]
run-time-min: 1.300920 [s]
run-time-samples: "1.300920 1.302118 1.324921 1.329980 1.332155"
run-time-throughput: N/A
kernel-energy-mean: 69.892952 [J]
kernel-energy-stddev: 0.750118 [J]
kernel-energy-median: 69.599330 [J]
kernel-energy-min: 69.129345 [J]
kernel-energy-max: 71.092545 [J]
kernel-energy-samples: "69.129345 69.564630 69.599330 70.078910 71.092545"
Verification: PASS
