********** Results for VectorAddition_int32**********
problem-size: 1048576
local-size: 256
num-iters: 100000
core-freq: 1335
memory-freq: 877
device-name: Tesla V100-SXM2-16GB
sycl-implementation: LLVM CUDA (Intel DPC++)
throughput-metric: N/A
kernel-time-mean: 0.285148 [s]
kernel-time-stddev: 0.000285 [s]
kernel-time-median: 0.285308 [s]
kernel-time-min: 0.284719 [s]
kernel-time-samples: "0.284719 0.284996 0.285308 0.285329 0.285390"
kernel-time-throughput: N/A
run-time-mean: 0.296561 [s]
run-time-stddev: 0.002636 [s]
run-time-median: 0.297606 [s]
run-time-min: 0.293575 [s]
run-time-samples: "0.293575 0.293929 0.297606 0.298408 0.299287"
run-time-throughput: N/A
kernel-energy-mean: 30.129308 [J]
kernel-energy-stddev: 1.481475 [J]
kernel-energy-median: 30.807890 [J]
kernel-energy-min: 27.502620 [J]
kernel-energy-max: 30.994880 [J]
kernel-energy-samples: "27.502620 30.465690 30.807890 30.875460 30.994880"
Verification: PASS
********** Results for VectorAddition_int64**********
problem-size: 1048576
local-size: 256
num-iters: 100000
core-freq: 1335
memory-freq: 877
device-name: Tesla V100-SXM2-16GB
sycl-implementation: LLVM CUDA (Intel DPC++)
throughput-metric: N/A
kernel-time-mean: 0.582186 [s]
kernel-time-stddev: 0.000509 [s]
kernel-time-median: 0.582529 [s]
kernel-time-min: 0.581542 [s]
kernel-time-samples: "0.581542 0.581725 0.582529 0.582536 0.582597"
kernel-time-throughput: N/A
run-time-mean: 0.592729 [s]
run-time-stddev: 0.002341 [s]
run-time-median: 0.591798 [s]
run-time-min: 0.590827 [s]
run-time-samples: "0.590827 0.591780 0.591798 0.592452 0.596787"
run-time-throughput: N/A
kernel-energy-mean: 57.003580 [J]
kernel-energy-stddev: 0.202952 [J]
kernel-energy-median: 56.922680 [J]
kernel-energy-min: 56.876620 [J]
kernel-energy-max: 57.362400 [J]
kernel-energy-samples: "56.876620 56.896890 56.922680 56.959310 57.362400"
Verification: PASS
********** Results for VectorAddition_fp32**********
problem-size: 1048576
local-size: 256
num-iters: 100000
core-freq: 1335
memory-freq: 877
device-name: Tesla V100-SXM2-16GB
sycl-implementation: LLVM CUDA (Intel DPC++)
throughput-metric: N/A
kernel-time-mean: 0.285081 [s]
kernel-time-stddev: 0.000376 [s]
kernel-time-median: 0.285152 [s]
kernel-time-min: 0.284672 [s]
kernel-time-samples: "0.284672 0.284732 0.285152 0.285285 0.285562"
kernel-time-throughput: N/A
run-time-mean: 0.297551 [s]
run-time-stddev: 0.002932 [s]
run-time-median: 0.297430 [s]
run-time-min: 0.293293 [s]
run-time-samples: "0.293293 0.296700 0.297430 0.299202 0.301129"
run-time-throughput: N/A
kernel-energy-mean: 31.026188 [J]
kernel-energy-stddev: 0.341038 [J]
kernel-energy-median: 31.139135 [J]
kernel-energy-min: 30.663675 [J]
kernel-energy-max: 31.402020 [J]
kernel-energy-samples: "30.663675 30.669940 31.139135 31.256170 31.402020"
Verification: PASS
********** Results for VectorAddition_fp64**********
problem-size: 1048576
local-size: 256
num-iters: 100000
core-freq: 1335
memory-freq: 877
device-name: Tesla V100-SXM2-16GB
sycl-implementation: LLVM CUDA (Intel DPC++)
throughput-metric: N/A
kernel-time-mean: 0.582164 [s]
kernel-time-stddev: 0.000582 [s]
kernel-time-median: 0.582299 [s]
kernel-time-min: 0.581522 [s]
kernel-time-samples: "0.581522 0.581598 0.582299 0.582580 0.582820"
kernel-time-throughput: N/A
run-time-mean: 0.599774 [s]
run-time-stddev: 0.013698 [s]
run-time-median: 0.592545 [s]
run-time-min: 0.591027 [s]
run-time-samples: "0.591027 0.591480 0.592545 0.600539 0.623277"
run-time-throughput: N/A
kernel-energy-mean: 56.269041 [J]
kernel-energy-stddev: 1.587804 [J]
kernel-energy-median: 56.910255 [J]
kernel-energy-min: 53.433115 [J]
kernel-energy-max: 57.093180 [J]
kernel-energy-samples: "53.433115 56.875555 56.910255 57.033100 57.093180"
Verification: PASS
