********** Results for VectorAddition_int32**********
problem-size: 1048576
local-size: 256
num-iters: 100000
core-freq: 1350
memory-freq: 877
device-name: Tesla V100-SXM2-16GB
sycl-implementation: LLVM CUDA (Intel DPC++)
throughput-metric: N/A
kernel-time-mean: 0.281502 [s]
kernel-time-stddev: 0.000650 [s]
kernel-time-median: 0.281629 [s]
kernel-time-min: 0.280773 [s]
kernel-time-samples: "0.280773 0.280879 0.281629 0.282089 0.282140"
kernel-time-throughput: N/A
run-time-mean: 0.292903 [s]
run-time-stddev: 0.000841 [s]
run-time-median: 0.292642 [s]
run-time-min: 0.292336 [s]
run-time-samples: "0.292336 0.292348 0.292642 0.292829 0.294362"
run-time-throughput: N/A
kernel-energy-mean: 33.465098 [J]
kernel-energy-stddev: 0.222935 [J]
kernel-energy-median: 33.394025 [J]
kernel-energy-min: 33.219825 [J]
kernel-energy-max: 33.737155 [J]
kernel-energy-samples: "33.219825 33.316080 33.394025 33.658405 33.737155"
Verification: PASS
********** Results for VectorAddition_int64**********
problem-size: 1048576
local-size: 256
num-iters: 100000
core-freq: 1350
memory-freq: 877
device-name: Tesla V100-SXM2-16GB
sycl-implementation: LLVM CUDA (Intel DPC++)
throughput-metric: N/A
kernel-time-mean: 0.571959 [s]
kernel-time-stddev: 0.007407 [s]
kernel-time-median: 0.575757 [s]
kernel-time-min: 0.562738 [s]
kernel-time-samples: "0.562738 0.565338 0.575757 0.576638 0.579324"
kernel-time-throughput: N/A
run-time-mean: 0.583716 [s]
run-time-stddev: 0.008739 [s]
run-time-median: 0.585294 [s]
run-time-min: 0.572747 [s]
run-time-samples: "0.572747 0.577017 0.585294 0.589721 0.593803"
run-time-throughput: N/A
kernel-energy-mean: 58.594593 [J]
kernel-energy-stddev: 5.925240 [J]
kernel-energy-median: 61.206805 [J]
kernel-energy-min: 48.016455 [J]
kernel-energy-max: 61.772010 [J]
kernel-energy-samples: "48.016455 60.712870 61.206805 61.264825 61.772010"
Verification: PASS
********** Results for VectorAddition_fp32**********
problem-size: 1048576
local-size: 256
num-iters: 100000
core-freq: 1350
memory-freq: 877
device-name: Tesla V100-SXM2-16GB
sycl-implementation: LLVM CUDA (Intel DPC++)
throughput-metric: N/A
kernel-time-mean: 0.281719 [s]
kernel-time-stddev: 0.000466 [s]
kernel-time-median: 0.281732 [s]
kernel-time-min: 0.281062 [s]
kernel-time-samples: "0.281062 0.281511 0.281732 0.282016 0.282272"
kernel-time-throughput: N/A
run-time-mean: 0.292142 [s]
run-time-stddev: 0.001381 [s]
run-time-median: 0.291882 [s]
run-time-min: 0.290194 [s]
run-time-samples: "0.290194 0.291775 0.291882 0.293024 0.293832"
run-time-throughput: N/A
kernel-energy-mean: 33.450691 [J]
kernel-energy-stddev: 0.199992 [J]
kernel-energy-median: 33.401455 [J]
kernel-energy-min: 33.282645 [J]
kernel-energy-max: 33.796635 [J]
kernel-energy-samples: "33.282645 33.360190 33.401455 33.412530 33.796635"
Verification: PASS
********** Results for VectorAddition_fp64**********
problem-size: 1048576
local-size: 256
num-iters: 100000
core-freq: 1350
memory-freq: 877
device-name: Tesla V100-SXM2-16GB
sycl-implementation: LLVM CUDA (Intel DPC++)
throughput-metric: N/A
kernel-time-mean: 0.569076 [s]
kernel-time-stddev: 0.007456 [s]
kernel-time-median: 0.565679 [s]
kernel-time-min: 0.562837 [s]
kernel-time-samples: "0.562837 0.562876 0.565679 0.574977 0.579009"
kernel-time-throughput: N/A
run-time-mean: 0.582041 [s]
run-time-stddev: 0.007569 [s]
run-time-median: 0.581229 [s]
run-time-min: 0.574323 [s]
run-time-samples: "0.574323 0.575184 0.581229 0.588397 0.591070"
run-time-throughput: N/A
kernel-energy-mean: 61.308278 [J]
kernel-energy-stddev: 0.680854 [J]
kernel-energy-median: 61.634625 [J]
kernel-energy-min: 60.222620 [J]
kernel-energy-max: 61.827470 [J]
kernel-energy-samples: "60.222620 61.060435 61.634625 61.796240 61.827470"
Verification: PASS
