********** Results for VectorAddition_int32**********
problem-size: 1048576
local-size: 256
num-iters: 100000
core-freq: 1455
memory-freq: 877
device-name: Tesla V100-SXM2-16GB
sycl-implementation: LLVM CUDA (Intel DPC++)
throughput-metric: N/A
kernel-time-mean: 0.259175 [s]
kernel-time-stddev: 0.003478 [s]
kernel-time-median: 0.260723 [s]
kernel-time-min: 0.252966 [s]
kernel-time-samples: "0.252966 0.260407 0.260723 0.260753 0.261027"
kernel-time-throughput: N/A
run-time-mean: 0.272486 [s]
run-time-stddev: 0.003584 [s]
run-time-median: 0.273952 [s]
run-time-min: 0.266421 [s]
run-time-samples: "0.266421 0.272271 0.273952 0.274250 0.275534"
run-time-throughput: N/A
kernel-energy-mean: 37.604091 [J]
kernel-energy-stddev: 0.289823 [J]
kernel-energy-median: 37.567945 [J]
kernel-energy-min: 37.307915 [J]
kernel-energy-max: 37.972555 [J]
kernel-energy-samples: "37.307915 37.350920 37.567945 37.821120 37.972555"
Verification: PASS
********** Results for VectorAddition_int64**********
problem-size: 1048576
local-size: 256
num-iters: 100000
core-freq: 1455
memory-freq: 877
device-name: Tesla V100-SXM2-16GB
sycl-implementation: LLVM CUDA (Intel DPC++)
throughput-metric: N/A
kernel-time-mean: 0.532117 [s]
kernel-time-stddev: 0.000203 [s]
kernel-time-median: 0.532060 [s]
kernel-time-min: 0.531905 [s]
kernel-time-samples: "0.531905 0.531973 0.532060 0.532248 0.532399"
kernel-time-throughput: N/A
run-time-mean: 0.544305 [s]
run-time-stddev: 0.000760 [s]
run-time-median: 0.544207 [s]
run-time-min: 0.543363 [s]
run-time-samples: "0.543363 0.543920 0.544207 0.544665 0.545371"
run-time-throughput: N/A
kernel-energy-mean: 69.520538 [J]
kernel-energy-stddev: 0.503538 [J]
kernel-energy-median: 69.417465 [J]
kernel-energy-min: 69.124760 [J]
kernel-energy-max: 70.357260 [J]
kernel-energy-samples: "69.124760 69.139760 69.417465 69.563445 70.357260"
Verification: PASS
********** Results for VectorAddition_fp32**********
problem-size: 1048576
local-size: 256
num-iters: 100000
core-freq: 1455
memory-freq: 877
device-name: Tesla V100-SXM2-16GB
sycl-implementation: LLVM CUDA (Intel DPC++)
throughput-metric: N/A
kernel-time-mean: 0.260585 [s]
kernel-time-stddev: 0.000252 [s]
kernel-time-median: 0.260601 [s]
kernel-time-min: 0.260216 [s]
kernel-time-samples: "0.260216 0.260519 0.260601 0.260682 0.260907"
kernel-time-throughput: N/A
run-time-mean: 0.270719 [s]
run-time-stddev: 0.000408 [s]
run-time-median: 0.270763 [s]
run-time-min: 0.270151 [s]
run-time-samples: "0.270151 0.270601 0.270763 0.270795 0.271286"
run-time-throughput: N/A
kernel-energy-mean: 37.908148 [J]
kernel-energy-stddev: 0.142838 [J]
kernel-energy-median: 37.957580 [J]
kernel-energy-min: 37.661990 [J]
kernel-energy-max: 38.020885 [J]
kernel-energy-samples: "37.661990 37.915960 37.957580 37.984325 38.020885"
Verification: PASS
********** Results for VectorAddition_fp64**********
problem-size: 1048576
local-size: 256
num-iters: 100000
core-freq: 1455
memory-freq: 877
device-name: Tesla V100-SXM2-16GB
sycl-implementation: LLVM CUDA (Intel DPC++)
throughput-metric: N/A
kernel-time-mean: 0.528830 [s]
kernel-time-stddev: 0.007488 [s]
kernel-time-median: 0.532233 [s]
kernel-time-min: 0.515438 [s]
kernel-time-samples: "0.515438 0.531880 0.532233 0.532290 0.532310"
kernel-time-throughput: N/A
run-time-mean: 0.539175 [s]
run-time-stddev: 0.007223 [s]
run-time-median: 0.541745 [s]
run-time-min: 0.526475 [s]
run-time-samples: "0.526475 0.541211 0.541745 0.541823 0.544619"
run-time-throughput: N/A
kernel-energy-mean: 69.024000 [J]
kernel-energy-stddev: 0.602740 [J]
kernel-energy-median: 68.975040 [J]
kernel-energy-min: 68.143155 [J]
kernel-energy-max: 69.663550 [J]
kernel-energy-samples: "68.143155 68.834650 68.975040 69.503605 69.663550"
Verification: PASS
