********** Results for VectorAddition_int32**********
problem-size: 1048576
local-size: 256
num-iters: 100000
core-freq: 202
memory-freq: 877
device-name: Tesla V100-SXM2-16GB
sycl-implementation: LLVM CUDA (Intel DPC++)
throughput-metric: N/A
kernel-time-mean: 3.443262 [s]
kernel-time-stddev: 0.005497 [s]
kernel-time-median: 3.446412 [s]
kernel-time-min: 3.437160 [s]
kernel-time-samples: "3.437160 3.437401 3.446412 3.447163 3.448175"
kernel-time-throughput: N/A
run-time-mean: 3.454746 [s]
run-time-stddev: 0.008027 [s]
run-time-median: 3.454529 [s]
run-time-min: 3.447129 [s]
run-time-samples: "3.447129 3.449505 3.454529 3.454698 3.467868"
run-time-throughput: N/A
kernel-energy-mean: 76.593145 [J]
kernel-energy-stddev: 0.617695 [J]
kernel-energy-median: 76.707985 [J]
kernel-energy-min: 75.643470 [J]
kernel-energy-max: 77.352170 [J]
kernel-energy-samples: "75.643470 76.504315 76.707985 76.757785 77.352170"
Verification: PASS
********** Results for VectorAddition_int64**********
problem-size: 1048576
local-size: 256
num-iters: 100000
core-freq: 202
memory-freq: 877
device-name: Tesla V100-SXM2-16GB
sycl-implementation: LLVM CUDA (Intel DPC++)
throughput-metric: N/A
kernel-time-mean: 7.034409 [s]
kernel-time-stddev: 0.009366 [s]
kernel-time-median: 7.032785 [s]
kernel-time-min: 7.024754 [s]
kernel-time-samples: "7.024754 7.030881 7.032785 7.033660 7.049967"
kernel-time-throughput: N/A
run-time-mean: 7.044123 [s]
run-time-stddev: 0.009887 [s]
run-time-median: 7.041705 [s]
run-time-min: 7.032772 [s]
run-time-samples: "7.032772 7.041553 7.041705 7.044669 7.059915"
run-time-throughput: N/A
kernel-energy-mean: 153.987135 [J]
kernel-energy-stddev: 1.103691 [J]
kernel-energy-median: 154.093160 [J]
kernel-energy-min: 152.600985 [J]
kernel-energy-max: 155.093310 [J]
kernel-energy-samples: "152.600985 153.151850 154.093160 154.996370 155.093310"
Verification: PASS
********** Results for VectorAddition_fp32**********
problem-size: 1048576
local-size: 256
num-iters: 100000
core-freq: 202
memory-freq: 877
device-name: Tesla V100-SXM2-16GB
sycl-implementation: LLVM CUDA (Intel DPC++)
throughput-metric: N/A
kernel-time-mean: 3.443994 [s]
kernel-time-stddev: 0.006503 [s]
kernel-time-median: 3.446773 [s]
kernel-time-min: 3.436750 [s]
kernel-time-samples: "3.436750 3.437375 3.446773 3.448164 3.450906"
kernel-time-throughput: N/A
run-time-mean: 3.453956 [s]
run-time-stddev: 0.006817 [s]
run-time-median: 3.454030 [s]
run-time-min: 3.445193 [s]
run-time-samples: "3.445193 3.449610 3.454030 3.458848 3.462098"
run-time-throughput: N/A
kernel-energy-mean: 74.757982 [J]
kernel-energy-stddev: 1.354739 [J]
kernel-energy-median: 74.915910 [J]
kernel-energy-min: 73.414480 [J]
kernel-energy-max: 76.746170 [J]
kernel-energy-samples: "73.414480 73.570435 74.915910 75.142915 76.746170"
Verification: PASS
********** Results for VectorAddition_fp64**********
problem-size: 1048576
local-size: 256
num-iters: 100000
core-freq: 202
memory-freq: 877
device-name: Tesla V100-SXM2-16GB
sycl-implementation: LLVM CUDA (Intel DPC++)
throughput-metric: N/A
kernel-time-mean: 7.009791 [s]
kernel-time-stddev: 0.069560 [s]
kernel-time-median: 7.043492 [s]
kernel-time-min: 6.885914 [s]
kernel-time-samples: "6.885914 7.029523 7.043492 7.043820 7.046203"
kernel-time-throughput: N/A
run-time-mean: 7.022914 [s]
run-time-stddev: 0.072463 [s]
run-time-median: 7.055410 [s]
run-time-min: 6.893664 [s]
run-time-samples: "6.893664 7.046711 7.055410 7.056702 7.062082"
run-time-throughput: N/A
kernel-energy-mean: 153.437072 [J]
kernel-energy-stddev: 2.808167 [J]
kernel-energy-median: 154.110350 [J]
kernel-energy-min: 148.719780 [J]
kernel-energy-max: 155.849760 [J]
kernel-energy-samples: "148.719780 153.334750 154.110350 155.170720 155.849760"
Verification: PASS
