********** Results for VectorAddition_int32**********
problem-size: 1048576
local-size: 256
num-iters: 100000
core-freq: 1132
memory-freq: 877
device-name: Tesla V100-SXM2-16GB
sycl-implementation: LLVM CUDA (Intel DPC++)
throughput-metric: N/A
kernel-time-mean: 0.336726 [s]
kernel-time-stddev: 0.000422 [s]
kernel-time-median: 0.336603 [s]
kernel-time-min: 0.336328 [s]
kernel-time-samples: "0.336328 0.336517 0.336603 0.336755 0.337428"
kernel-time-throughput: N/A
run-time-mean: 0.349843 [s]
run-time-stddev: 0.004234 [s]
run-time-median: 0.350186 [s]
run-time-min: 0.344737 [s]
run-time-samples: "0.344737 0.347442 0.350186 0.350772 0.356080"
run-time-throughput: N/A
kernel-energy-mean: 28.809377 [J]
kernel-energy-stddev: 0.127766 [J]
kernel-energy-median: 28.856285 [J]
kernel-energy-min: 28.662040 [J]
kernel-energy-max: 28.968585 [J]
kernel-energy-samples: "28.662040 28.695390 28.856285 28.864585 28.968585"
Verification: PASS
********** Results for VectorAddition_int64**********
problem-size: 1048576
local-size: 256
num-iters: 100000
core-freq: 1132
memory-freq: 877
device-name: Tesla V100-SXM2-16GB
sycl-implementation: LLVM CUDA (Intel DPC++)
throughput-metric: N/A
kernel-time-mean: 0.673757 [s]
kernel-time-stddev: 0.012723 [s]
kernel-time-median: 0.664533 [s]
kernel-time-min: 0.664391 [s]
kernel-time-samples: "0.664391 0.664493 0.664533 0.687018 0.688352"
kernel-time-throughput: N/A
run-time-mean: 0.687202 [s]
run-time-stddev: 0.011675 [s]
run-time-median: 0.685873 [s]
run-time-min: 0.675722 [s]
run-time-samples: "0.675722 0.676063 0.685873 0.698517 0.699833"
run-time-throughput: N/A
kernel-energy-mean: 51.257171 [J]
kernel-energy-stddev: 2.190879 [J]
kernel-energy-median: 50.156740 [J]
kernel-energy-min: 48.844765 [J]
kernel-energy-max: 53.726195 [J]
kernel-energy-samples: "48.844765 50.116505 50.156740 53.441650 53.726195"
Verification: PASS
********** Results for VectorAddition_fp32**********
problem-size: 1048576
local-size: 256
num-iters: 100000
core-freq: 1132
memory-freq: 877
device-name: Tesla V100-SXM2-16GB
sycl-implementation: LLVM CUDA (Intel DPC++)
throughput-metric: N/A
kernel-time-mean: 0.336570 [s]
kernel-time-stddev: 0.000285 [s]
kernel-time-median: 0.336597 [s]
kernel-time-min: 0.336142 [s]
kernel-time-samples: "0.336142 0.336470 0.336597 0.336770 0.336871"
kernel-time-throughput: N/A
run-time-mean: 0.348242 [s]
run-time-stddev: 0.004939 [s]
run-time-median: 0.345308 [s]
run-time-min: 0.344739 [s]
run-time-samples: "0.344739 0.344999 0.345308 0.349974 0.356191"
run-time-throughput: N/A
kernel-energy-mean: 28.728961 [J]
kernel-energy-stddev: 0.166841 [J]
kernel-energy-median: 28.704875 [J]
kernel-energy-min: 28.561480 [J]
kernel-energy-max: 28.944805 [J]
kernel-energy-samples: "28.561480 28.582975 28.704875 28.850670 28.944805"
Verification: PASS
********** Results for VectorAddition_fp64**********
problem-size: 1048576
local-size: 256
num-iters: 100000
core-freq: 1132
memory-freq: 877
device-name: Tesla V100-SXM2-16GB
sycl-implementation: LLVM CUDA (Intel DPC++)
throughput-metric: N/A
kernel-time-mean: 0.682177 [s]
kernel-time-stddev: 0.009797 [s]
kernel-time-median: 0.686346 [s]
kernel-time-min: 0.664664 [s]
kernel-time-samples: "0.664664 0.686330 0.686346 0.686367 0.687177"
kernel-time-throughput: N/A
run-time-mean: 0.693442 [s]
run-time-stddev: 0.011219 [s]
run-time-median: 0.698361 [s]
run-time-min: 0.673691 [s]
run-time-samples: "0.673691 0.695138 0.698361 0.699913 0.700105"
run-time-throughput: N/A
kernel-energy-mean: 53.290847 [J]
kernel-energy-stddev: 0.734562 [J]
kernel-energy-median: 53.511255 [J]
kernel-energy-min: 52.080185 [J]
kernel-energy-max: 54.021045 [J]
kernel-energy-samples: "52.080185 53.224610 53.511255 53.617140 54.021045"
Verification: PASS
