********** Results for VectorAddition_int32**********
problem-size: 1048576
local-size: 256
num-iters: 100000
core-freq: 1095
memory-freq: 877
device-name: Tesla V100-SXM2-16GB
sycl-implementation: LLVM CUDA (Intel DPC++)
throughput-metric: N/A
kernel-time-mean: 0.343732 [s]
kernel-time-stddev: 0.004145 [s]
kernel-time-median: 0.345308 [s]
kernel-time-min: 0.336353 [s]
kernel-time-samples: "0.336353 0.345157 0.345308 0.345617 0.346225"
kernel-time-throughput: N/A
run-time-mean: 0.356900 [s]
run-time-stddev: 0.007702 [s]
run-time-median: 0.356944 [s]
run-time-min: 0.346590 [s]
run-time-samples: "0.346590 0.355305 0.356944 0.357442 0.368219"
run-time-throughput: N/A
kernel-energy-mean: 29.809317 [J]
kernel-energy-stddev: 0.215796 [J]
kernel-energy-median: 29.853675 [J]
kernel-energy-min: 29.477335 [J]
kernel-energy-max: 30.053550 [J]
kernel-energy-samples: "29.477335 29.748850 29.853675 29.913175 30.053550"
Verification: PASS
********** Results for VectorAddition_int64**********
problem-size: 1048576
local-size: 256
num-iters: 100000
core-freq: 1095
memory-freq: 877
device-name: Tesla V100-SXM2-16GB
sycl-implementation: LLVM CUDA (Intel DPC++)
throughput-metric: N/A
kernel-time-mean: 0.697611 [s]
kernel-time-stddev: 0.013445 [s]
kernel-time-median: 0.705603 [s]
kernel-time-min: 0.682832 [s]
kernel-time-samples: "0.682832 0.683060 0.705603 0.707432 0.709127"
kernel-time-throughput: N/A
run-time-mean: 0.707592 [s]
run-time-stddev: 0.015064 [s]
run-time-median: 0.714394 [s]
run-time-min: 0.691283 [s]
run-time-samples: "0.691283 0.691734 0.714394 0.716942 0.723610"
run-time-throughput: N/A
kernel-energy-mean: 55.204490 [J]
kernel-energy-stddev: 0.651116 [J]
kernel-energy-median: 55.507240 [J]
kernel-energy-min: 54.453990 [J]
kernel-energy-max: 55.902665 [J]
kernel-energy-samples: "54.453990 54.568350 55.507240 55.590205 55.902665"
Verification: PASS
********** Results for VectorAddition_fp32**********
problem-size: 1048576
local-size: 256
num-iters: 100000
core-freq: 1095
memory-freq: 877
device-name: Tesla V100-SXM2-16GB
sycl-implementation: LLVM CUDA (Intel DPC++)
throughput-metric: N/A
kernel-time-mean: 0.341250 [s]
kernel-time-stddev: 0.006198 [s]
kernel-time-median: 0.345428 [s]
kernel-time-min: 0.334428 [s]
kernel-time-samples: "0.334428 0.334502 0.345428 0.345871 0.346021"
kernel-time-throughput: N/A
run-time-mean: 0.353227 [s]
run-time-stddev: 0.008706 [s]
run-time-median: 0.355044 [s]
run-time-min: 0.343314 [s]
run-time-samples: "0.343314 0.346049 0.355044 0.356780 0.364951"
run-time-throughput: N/A
kernel-energy-mean: 28.852265 [J]
kernel-energy-stddev: 1.598962 [J]
kernel-energy-median: 29.647725 [J]
kernel-energy-min: 26.025185 [J]
kernel-energy-max: 29.749815 [J]
kernel-energy-samples: "26.025185 29.142780 29.647725 29.695820 29.749815"
Verification: PASS
********** Results for VectorAddition_fp64**********
problem-size: 1048576
local-size: 256
num-iters: 100000
core-freq: 1095
memory-freq: 877
device-name: Tesla V100-SXM2-16GB
sycl-implementation: LLVM CUDA (Intel DPC++)
throughput-metric: N/A
kernel-time-mean: 0.702491 [s]
kernel-time-stddev: 0.010799 [s]
kernel-time-median: 0.705674 [s]
kernel-time-min: 0.683476 [s]
kernel-time-samples: "0.683476 0.705646 0.705674 0.707335 0.710322"
kernel-time-throughput: N/A
run-time-mean: 0.713086 [s]
run-time-stddev: 0.012009 [s]
run-time-median: 0.717147 [s]
run-time-min: 0.692079 [s]
run-time-samples: "0.692079 0.715274 0.717147 0.718831 0.722101"
run-time-throughput: N/A
kernel-energy-mean: 55.057088 [J]
kernel-energy-stddev: 0.983546 [J]
kernel-energy-median: 55.489295 [J]
kernel-energy-min: 53.668615 [J]
kernel-energy-max: 56.045975 [J]
kernel-energy-samples: "53.668615 54.417735 55.489295 55.663820 56.045975"
Verification: PASS
