********** Results for VectorAddition_int32**********
problem-size: 1048576
local-size: 256
num-iters: 100000
core-freq: 757
memory-freq: 877
device-name: Tesla V100-SXM2-16GB
sycl-implementation: LLVM CUDA (Intel DPC++)
throughput-metric: N/A
kernel-time-mean: 0.501038 [s]
kernel-time-stddev: 0.005456 [s]
kernel-time-median: 0.503521 [s]
kernel-time-min: 0.491320 [s]
kernel-time-samples: "0.491320 0.502646 0.503521 0.503683 0.504020"
kernel-time-throughput: N/A
run-time-mean: 0.515264 [s]
run-time-stddev: 0.003785 [s]
run-time-median: 0.513386 [s]
run-time-min: 0.511790 [s]
run-time-samples: "0.511790 0.512515 0.513386 0.518495 0.520132"
run-time-throughput: N/A
kernel-energy-mean: 32.482587 [J]
kernel-energy-stddev: 0.129597 [J]
kernel-energy-median: 32.551395 [J]
kernel-energy-min: 32.287345 [J]
kernel-energy-max: 32.586535 [J]
kernel-energy-samples: "32.287345 32.412375 32.551395 32.575285 32.586535"
Verification: PASS
********** Results for VectorAddition_int64**********
problem-size: 1048576
local-size: 256
num-iters: 100000
core-freq: 757
memory-freq: 877
device-name: Tesla V100-SXM2-16GB
sycl-implementation: LLVM CUDA (Intel DPC++)
throughput-metric: N/A
kernel-time-mean: 1.020048 [s]
kernel-time-stddev: 0.012078 [s]
kernel-time-median: 1.026196 [s]
kernel-time-min: 1.006931 [s]
kernel-time-samples: "1.006931 1.006959 1.026196 1.029316 1.030840"
kernel-time-throughput: N/A
run-time-mean: 1.030126 [s]
run-time-stddev: 0.013404 [s]
run-time-median: 1.035885 [s]
run-time-min: 1.014608 [s]
run-time-samples: "1.014608 1.016884 1.035885 1.040088 1.043167"
run-time-throughput: N/A
kernel-energy-mean: 61.500610 [J]
kernel-energy-stddev: 0.547351 [J]
kernel-energy-median: 61.784460 [J]
kernel-energy-min: 60.767850 [J]
kernel-energy-max: 62.067290 [J]
kernel-energy-samples: "60.767850 61.086195 61.784460 61.797255 62.067290"
Verification: PASS
********** Results for VectorAddition_fp32**********
problem-size: 1048576
local-size: 256
num-iters: 100000
core-freq: 757
memory-freq: 877
device-name: Tesla V100-SXM2-16GB
sycl-implementation: LLVM CUDA (Intel DPC++)
throughput-metric: N/A
kernel-time-mean: 0.501457 [s]
kernel-time-stddev: 0.005434 [s]
kernel-time-median: 0.503598 [s]
kernel-time-min: 0.491837 [s]
kernel-time-samples: "0.491837 0.502854 0.503598 0.503978 0.505020"
kernel-time-throughput: N/A
run-time-mean: 0.514145 [s]
run-time-stddev: 0.007194 [s]
run-time-median: 0.515319 [s]
run-time-min: 0.501789 [s]
run-time-samples: "0.501789 0.515154 0.515319 0.518914 0.519546"
run-time-throughput: N/A
kernel-energy-mean: 32.500531 [J]
kernel-energy-stddev: 0.270677 [J]
kernel-energy-median: 32.522395 [J]
kernel-energy-min: 32.096090 [J]
kernel-energy-max: 32.857305 [J]
kernel-energy-samples: "32.096090 32.487040 32.522395 32.539825 32.857305"
Verification: PASS
********** Results for VectorAddition_fp64**********
problem-size: 1048576
local-size: 256
num-iters: 100000
core-freq: 757
memory-freq: 877
device-name: Tesla V100-SXM2-16GB
sycl-implementation: LLVM CUDA (Intel DPC++)
throughput-metric: N/A
kernel-time-mean: 1.019787 [s]
kernel-time-stddev: 0.011202 [s]
kernel-time-median: 1.027611 [s]
kernel-time-min: 1.007234 [s]
kernel-time-samples: "1.007234 1.007818 1.027611 1.027614 1.028657"
kernel-time-throughput: N/A
run-time-mean: 1.031279 [s]
run-time-stddev: 0.011594 [s]
run-time-median: 1.036637 [s]
run-time-min: 1.017410 [s]
run-time-samples: "1.017410 1.020275 1.036637 1.039441 1.042633"
run-time-throughput: N/A
kernel-energy-mean: 61.590842 [J]
kernel-energy-stddev: 0.441198 [J]
kernel-energy-median: 61.813680 [J]
kernel-energy-min: 61.068360 [J]
kernel-energy-max: 62.066000 [J]
kernel-energy-samples: "61.068360 61.175365 61.813680 61.830805 62.066000"
Verification: PASS
