********** Results for VectorAddition_int32**********
problem-size: 1048576
local-size: 256
num-iters: 100000
core-freq: 1050
memory-freq: 877
device-name: Tesla V100-SXM2-16GB
sycl-implementation: LLVM CUDA (Intel DPC++)
throughput-metric: N/A
kernel-time-mean: 0.358411 [s]
kernel-time-stddev: 0.003850 [s]
kernel-time-median: 0.359993 [s]
kernel-time-min: 0.351538 [s]
kernel-time-samples: "0.351538 0.359819 0.359993 0.360248 0.360456"
kernel-time-throughput: N/A
run-time-mean: 0.368287 [s]
run-time-stddev: 0.003565 [s]
run-time-median: 0.368652 [s]
run-time-min: 0.362759 [s]
run-time-samples: "0.362759 0.368596 0.368652 0.368683 0.372748"
run-time-throughput: N/A
kernel-energy-mean: 28.196622 [J]
kernel-energy-stddev: 0.176526 [J]
kernel-energy-median: 28.140100 [J]
kernel-energy-min: 28.087135 [J]
kernel-energy-max: 28.509025 [J]
kernel-energy-samples: "28.087135 28.099425 28.140100 28.147425 28.509025"
Verification: PASS
********** Results for VectorAddition_int64**********
problem-size: 1048576
local-size: 256
num-iters: 100000
core-freq: 1050
memory-freq: 877
device-name: Tesla V100-SXM2-16GB
sycl-implementation: LLVM CUDA (Intel DPC++)
throughput-metric: N/A
kernel-time-mean: 0.723898 [s]
kernel-time-stddev: 0.006539 [s]
kernel-time-median: 0.721049 [s]
kernel-time-min: 0.720490 [s]
kernel-time-samples: "0.720490 0.720995 0.721049 0.721375 0.735581"
kernel-time-throughput: N/A
run-time-mean: 0.733511 [s]
run-time-stddev: 0.007308 [s]
run-time-median: 0.730884 [s]
run-time-min: 0.728858 [s]
run-time-samples: "0.728858 0.728919 0.730884 0.732610 0.746284"
run-time-throughput: N/A
kernel-energy-mean: 52.602003 [J]
kernel-energy-stddev: 0.211070 [J]
kernel-energy-median: 52.557345 [J]
kernel-energy-min: 52.414465 [J]
kernel-energy-max: 52.961835 [J]
kernel-energy-samples: "52.414465 52.496875 52.557345 52.579495 52.961835"
Verification: PASS
********** Results for VectorAddition_fp32**********
problem-size: 1048576
local-size: 256
num-iters: 100000
core-freq: 1050
memory-freq: 877
device-name: Tesla V100-SXM2-16GB
sycl-implementation: LLVM CUDA (Intel DPC++)
throughput-metric: N/A
kernel-time-mean: 0.359884 [s]
kernel-time-stddev: 0.000205 [s]
kernel-time-median: 0.359908 [s]
kernel-time-min: 0.359568 [s]
kernel-time-samples: "0.359568 0.359848 0.359908 0.359969 0.360127"
kernel-time-throughput: N/A
run-time-mean: 0.373479 [s]
run-time-stddev: 0.005217 [s]
run-time-median: 0.372427 [s]
run-time-min: 0.367702 [s]
run-time-samples: "0.367702 0.372256 0.372427 0.373006 0.382002"
run-time-throughput: N/A
kernel-energy-mean: 28.383389 [J]
kernel-energy-stddev: 0.287739 [J]
kernel-energy-median: 28.322095 [J]
kernel-energy-min: 28.028780 [J]
kernel-energy-max: 28.813615 [J]
kernel-energy-samples: "28.028780 28.285470 28.322095 28.466985 28.813615"
Verification: PASS
********** Results for VectorAddition_fp64**********
problem-size: 1048576
local-size: 256
num-iters: 100000
core-freq: 1050
memory-freq: 877
device-name: Tesla V100-SXM2-16GB
sycl-implementation: LLVM CUDA (Intel DPC++)
throughput-metric: N/A
kernel-time-mean: 0.730291 [s]
kernel-time-stddev: 0.007590 [s]
kernel-time-median: 0.735680 [s]
kernel-time-min: 0.721430 [s]
kernel-time-samples: "0.721430 0.722546 0.735680 0.735866 0.735932"
kernel-time-throughput: N/A
run-time-mean: 0.743124 [s]
run-time-stddev: 0.010864 [s]
run-time-median: 0.746284 [s]
run-time-min: 0.728880 [s]
run-time-samples: "0.728880 0.734757 0.746284 0.752772 0.752927"
run-time-throughput: N/A
kernel-energy-mean: 51.123100 [J]
kernel-energy-stddev: 1.669936 [J]
kernel-energy-median: 50.774180 [J]
kernel-energy-min: 49.134970 [J]
kernel-energy-max: 52.918280 [J]
kernel-energy-samples: "49.134970 50.031895 50.774180 52.756175 52.918280"
Verification: PASS
