********** Results for VectorAddition_int32**********
problem-size: 1048576
local-size: 256
num-iters: 100000
core-freq: 682
memory-freq: 877
device-name: Tesla V100-SXM2-16GB
sycl-implementation: LLVM CUDA (Intel DPC++)
throughput-metric: N/A
kernel-time-mean: 0.558239 [s]
kernel-time-stddev: 0.000462 [s]
kernel-time-median: 0.558199 [s]
kernel-time-min: 0.557664 [s]
kernel-time-samples: "0.557664 0.558109 0.558199 0.558277 0.558948"
kernel-time-throughput: N/A
run-time-mean: 0.570932 [s]
run-time-stddev: 0.005408 [s]
run-time-median: 0.568845 [s]
run-time-min: 0.566197 [s]
run-time-samples: "0.566197 0.568285 0.568845 0.571285 0.580048"
run-time-throughput: N/A
kernel-energy-mean: 32.196530 [J]
kernel-energy-stddev: 0.946517 [J]
kernel-energy-median: 32.656765 [J]
kernel-energy-min: 31.020665 [J]
kernel-energy-max: 33.085115 [J]
kernel-energy-samples: "31.020665 31.340455 32.656765 32.879650 33.085115"
Verification: PASS
********** Results for VectorAddition_int64**********
problem-size: 1048576
local-size: 256
num-iters: 100000
core-freq: 682
memory-freq: 877
device-name: Tesla V100-SXM2-16GB
sycl-implementation: LLVM CUDA (Intel DPC++)
throughput-metric: N/A
kernel-time-mean: 1.141333 [s]
kernel-time-stddev: 0.001170 [s]
kernel-time-median: 1.141999 [s]
kernel-time-min: 1.140014 [s]
kernel-time-samples: "1.140014 1.140109 1.141999 1.142150 1.142394"
kernel-time-throughput: N/A
run-time-mean: 1.153169 [s]
run-time-stddev: 0.002829 [s]
run-time-median: 1.152376 [s]
run-time-min: 1.151137 [s]
run-time-samples: "1.151137 1.151398 1.152376 1.152865 1.158070"
run-time-throughput: N/A
kernel-energy-mean: 62.314050 [J]
kernel-energy-stddev: 0.139823 [J]
kernel-energy-median: 62.252395 [J]
kernel-energy-min: 62.239085 [J]
kernel-energy-max: 62.563390 [J]
kernel-energy-samples: "62.239085 62.246345 62.252395 62.269035 62.563390"
Verification: PASS
********** Results for VectorAddition_fp32**********
problem-size: 1048576
local-size: 256
num-iters: 100000
core-freq: 682
memory-freq: 877
device-name: Tesla V100-SXM2-16GB
sycl-implementation: LLVM CUDA (Intel DPC++)
throughput-metric: N/A
kernel-time-mean: 0.555759 [s]
kernel-time-stddev: 0.005344 [s]
kernel-time-median: 0.558112 [s]
kernel-time-min: 0.546206 [s]
kernel-time-samples: "0.546206 0.557830 0.558112 0.558299 0.558349"
kernel-time-throughput: N/A
run-time-mean: 0.565956 [s]
run-time-stddev: 0.007487 [s]
run-time-median: 0.566654 [s]
run-time-min: 0.553924 [s]
run-time-samples: "0.553924 0.566580 0.566654 0.568053 0.574570"
run-time-throughput: N/A
kernel-energy-mean: 32.714432 [J]
kernel-energy-stddev: 0.200415 [J]
kernel-energy-median: 32.764330 [J]
kernel-energy-min: 32.363040 [J]
kernel-energy-max: 32.855475 [J]
kernel-energy-samples: "32.363040 32.763570 32.764330 32.825745 32.855475"
Verification: PASS
********** Results for VectorAddition_fp64**********
problem-size: 1048576
local-size: 256
num-iters: 100000
core-freq: 682
memory-freq: 877
device-name: Tesla V100-SXM2-16GB
sycl-implementation: LLVM CUDA (Intel DPC++)
throughput-metric: N/A
kernel-time-mean: 1.141831 [s]
kernel-time-stddev: 0.001199 [s]
kernel-time-median: 1.142458 [s]
kernel-time-min: 1.139868 [s]
kernel-time-samples: "1.139868 1.141506 1.142458 1.142566 1.142755"
kernel-time-throughput: N/A
run-time-mean: 1.151780 [s]
run-time-stddev: 0.000581 [s]
run-time-median: 1.151541 [s]
run-time-min: 1.151269 [s]
run-time-samples: "1.151269 1.151299 1.151541 1.152254 1.152538"
run-time-throughput: N/A
kernel-energy-mean: 62.496072 [J]
kernel-energy-stddev: 0.165379 [J]
kernel-energy-median: 62.397590 [J]
kernel-energy-min: 62.356210 [J]
kernel-energy-max: 62.705900 [J]
kernel-energy-samples: "62.356210 62.376715 62.397590 62.643945 62.705900"
Verification: PASS
