********** Results for VectorAddition_int32**********
problem-size: 1048576
local-size: 256
num-iters: 100000
core-freq: 1395
memory-freq: 877
device-name: Tesla V100-SXM2-16GB
sycl-implementation: LLVM CUDA (Intel DPC++)
throughput-metric: N/A
kernel-time-mean: 0.270040 [s]
kernel-time-stddev: 0.003654 [s]
kernel-time-median: 0.271544 [s]
kernel-time-min: 0.263517 [s]
kernel-time-samples: "0.263517 0.271420 0.271544 0.271664 0.272056"
kernel-time-throughput: N/A
run-time-mean: 0.281403 [s]
run-time-stddev: 0.004596 [s]
run-time-median: 0.282927 [s]
run-time-min: 0.273338 [s]
run-time-samples: "0.273338 0.282755 0.282927 0.283044 0.284952"
run-time-throughput: N/A
kernel-energy-mean: 34.269836 [J]
kernel-energy-stddev: 0.471532 [J]
kernel-energy-median: 34.517200 [J]
kernel-energy-min: 33.454365 [J]
kernel-energy-max: 34.557035 [J]
kernel-energy-samples: "33.454365 34.266675 34.517200 34.553905 34.557035"
Verification: PASS
********** Results for VectorAddition_int64**********
problem-size: 1048576
local-size: 256
num-iters: 100000
core-freq: 1395
memory-freq: 877
device-name: Tesla V100-SXM2-16GB
sycl-implementation: LLVM CUDA (Intel DPC++)
throughput-metric: N/A
kernel-time-mean: 0.554832 [s]
kernel-time-stddev: 0.000411 [s]
kernel-time-median: 0.554769 [s]
kernel-time-min: 0.554347 [s]
kernel-time-samples: "0.554347 0.554545 0.554769 0.555182 0.555314"
kernel-time-throughput: N/A
run-time-mean: 0.566024 [s]
run-time-stddev: 0.002956 [s]
run-time-median: 0.564643 [s]
run-time-min: 0.563478 [s]
run-time-samples: "0.563478 0.563608 0.564643 0.568645 0.569747"
run-time-throughput: N/A
kernel-energy-mean: 60.065672 [J]
kernel-energy-stddev: 4.766586 [J]
kernel-energy-median: 62.744200 [J]
kernel-energy-min: 52.012190 [J]
kernel-energy-max: 63.107850 [J]
kernel-energy-samples: "52.012190 59.378345 62.744200 63.085775 63.107850"
Verification: PASS
********** Results for VectorAddition_fp32**********
problem-size: 1048576
local-size: 256
num-iters: 100000
core-freq: 1395
memory-freq: 877
device-name: Tesla V100-SXM2-16GB
sycl-implementation: LLVM CUDA (Intel DPC++)
throughput-metric: N/A
kernel-time-mean: 0.272024 [s]
kernel-time-stddev: 0.000590 [s]
kernel-time-median: 0.272005 [s]
kernel-time-min: 0.271349 [s]
kernel-time-samples: "0.271349 0.271735 0.272005 0.272082 0.272947"
kernel-time-throughput: N/A
run-time-mean: 0.284053 [s]
run-time-stddev: 0.001495 [s]
run-time-median: 0.284659 [s]
run-time-min: 0.281461 [s]
run-time-samples: "0.281461 0.284190 0.284659 0.284731 0.285224"
run-time-throughput: N/A
kernel-energy-mean: 33.901488 [J]
kernel-energy-stddev: 0.968884 [J]
kernel-energy-median: 34.470120 [J]
kernel-energy-min: 32.813600 [J]
kernel-energy-max: 34.681425 [J]
kernel-energy-samples: "32.813600 32.875095 34.470120 34.667200 34.681425"
Verification: PASS
********** Results for VectorAddition_fp64**********
problem-size: 1048576
local-size: 256
num-iters: 100000
core-freq: 1395
memory-freq: 877
device-name: Tesla V100-SXM2-16GB
sycl-implementation: LLVM CUDA (Intel DPC++)
throughput-metric: N/A
kernel-time-mean: 0.555621 [s]
kernel-time-stddev: 0.000804 [s]
kernel-time-median: 0.555909 [s]
kernel-time-min: 0.554733 [s]
kernel-time-samples: "0.554733 0.554855 0.555909 0.555990 0.556617"
kernel-time-throughput: N/A
run-time-mean: 0.568643 [s]
run-time-stddev: 0.002967 [s]
run-time-median: 0.568407 [s]
run-time-min: 0.563993 [s]
run-time-samples: "0.563993 0.568378 0.568407 0.570906 0.571530"
run-time-throughput: N/A
kernel-energy-mean: 63.061496 [J]
kernel-energy-stddev: 0.111288 [J]
kernel-energy-median: 63.079795 [J]
kernel-energy-min: 62.888955 [J]
kernel-energy-max: 63.160945 [J]
kernel-energy-samples: "62.888955 63.025475 63.079795 63.152310 63.160945"
Verification: PASS
