********** Results for VectorAddition_int32**********
problem-size: 1048576
local-size: 256
num-iters: 100000
core-freq: 292
memory-freq: 877
device-name: Tesla V100-SXM2-16GB
sycl-implementation: LLVM CUDA (Intel DPC++)
throughput-metric: N/A
kernel-time-mean: 1.714791 [s]
kernel-time-stddev: 0.000250 [s]
kernel-time-median: 1.714649 [s]
kernel-time-min: 1.714543 [s]
kernel-time-samples: "1.714543 1.714641 1.714649 1.715051 1.715070"
kernel-time-throughput: N/A
run-time-mean: 1.728469 [s]
run-time-stddev: 0.004142 [s]
run-time-median: 1.728615 [s]
run-time-min: 1.723845 [s]
run-time-samples: "1.723845 1.726054 1.728615 1.728946 1.734886"
run-time-throughput: N/A
kernel-energy-mean: 49.985244 [J]
kernel-energy-stddev: 0.797807 [J]
kernel-energy-median: 50.262460 [J]
kernel-energy-min: 49.060255 [J]
kernel-energy-max: 51.019680 [J]
kernel-energy-samples: "49.060255 49.307805 50.262460 50.276020 51.019680"
Verification: PASS
********** Results for VectorAddition_int64**********
problem-size: 1048576
local-size: 256
num-iters: 100000
core-freq: 292
memory-freq: 877
device-name: Tesla V100-SXM2-16GB
sycl-implementation: LLVM CUDA (Intel DPC++)
throughput-metric: N/A
kernel-time-mean: 3.517969 [s]
kernel-time-stddev: 0.002264 [s]
kernel-time-median: 3.517213 [s]
kernel-time-min: 3.515979 [s]
kernel-time-samples: "3.515979 3.516264 3.517213 3.518936 3.521451"
kernel-time-throughput: N/A
run-time-mean: 3.529581 [s]
run-time-stddev: 0.004209 [s]
run-time-median: 3.528824 [s]
run-time-min: 3.524509 [s]
run-time-samples: "3.524509 3.527787 3.528824 3.530914 3.535870"
run-time-throughput: N/A
kernel-energy-mean: 117.327777 [J]
kernel-energy-stddev: 2.577958 [J]
kernel-energy-median: 118.370755 [J]
kernel-energy-min: 112.725280 [J]
kernel-energy-max: 118.756205 [J]
kernel-energy-samples: "112.725280 118.365855 118.370755 118.420790 118.756205"
Verification: PASS
********** Results for VectorAddition_fp32**********
problem-size: 1048576
local-size: 256
num-iters: 100000
core-freq: 292
memory-freq: 877
device-name: Tesla V100-SXM2-16GB
sycl-implementation: LLVM CUDA (Intel DPC++)
throughput-metric: N/A
kernel-time-mean: 1.715921 [s]
kernel-time-stddev: 0.001857 [s]
kernel-time-median: 1.715258 [s]
kernel-time-min: 1.714572 [s]
kernel-time-samples: "1.714572 1.714686 1.715258 1.716006 1.719084"
kernel-time-throughput: N/A
run-time-mean: 1.730446 [s]
run-time-stddev: 0.004761 [s]
run-time-median: 1.730032 [s]
run-time-min: 1.724898 [s]
run-time-samples: "1.724898 1.729027 1.730032 1.730234 1.738039"
run-time-throughput: N/A
kernel-energy-mean: 50.431593 [J]
kernel-energy-stddev: 0.422732 [J]
kernel-energy-median: 50.553735 [J]
kernel-energy-min: 49.770170 [J]
kernel-energy-max: 50.807710 [J]
kernel-energy-samples: "49.770170 50.281190 50.553735 50.745160 50.807710"
Verification: PASS
********** Results for VectorAddition_fp64**********
problem-size: 1048576
local-size: 256
num-iters: 100000
core-freq: 292
memory-freq: 877
device-name: Tesla V100-SXM2-16GB
sycl-implementation: LLVM CUDA (Intel DPC++)
throughput-metric: N/A
kernel-time-mean: 3.520025 [s]
kernel-time-stddev: 0.003528 [s]
kernel-time-median: 3.517934 [s]
kernel-time-min: 3.517270 [s]
kernel-time-samples: "3.517270 3.517285 3.517934 3.522941 3.524695"
kernel-time-throughput: N/A
run-time-mean: 3.528845 [s]
run-time-stddev: 0.002669 [s]
run-time-median: 3.529092 [s]
run-time-min: 3.526027 [s]
run-time-samples: "3.526027 3.526214 3.529092 3.531310 3.531584"
run-time-throughput: N/A
kernel-energy-mean: 123.677267 [J]
kernel-energy-stddev: 2.500929 [J]
kernel-energy-median: 124.993155 [J]
kernel-energy-min: 119.312065 [J]
kernel-energy-max: 125.187925 [J]
kernel-energy-samples: "119.312065 123.827635 124.993155 125.065555 125.187925"
Verification: PASS
