********** Results for VectorAddition_int32**********
problem-size: 1048576
local-size: 256
num-iters: 100000
core-freq: 532
memory-freq: 877
device-name: Tesla V100-SXM2-16GB
sycl-implementation: LLVM CUDA (Intel DPC++)
throughput-metric: N/A
kernel-time-mean: 0.706400 [s]
kernel-time-stddev: 0.012209 [s]
kernel-time-median: 0.700688 [s]
kernel-time-min: 0.692688 [s]
kernel-time-samples: "0.692688 0.700034 0.700688 0.718177 0.720413"
kernel-time-throughput: N/A
run-time-mean: 0.720349 [s]
run-time-stddev: 0.011078 [s]
run-time-median: 0.723524 [s]
run-time-min: 0.703661 [s]
run-time-samples: "0.703661 0.715147 0.723524 0.729487 0.729928"
run-time-throughput: N/A
kernel-energy-mean: 34.084444 [J]
kernel-energy-stddev: 0.502054 [J]
kernel-energy-median: 33.947960 [J]
kernel-energy-min: 33.402045 [J]
kernel-energy-max: 34.590455 [J]
kernel-energy-samples: "33.402045 33.910015 33.947960 34.571745 34.590455"
Verification: PASS
********** Results for VectorAddition_int64**********
problem-size: 1048576
local-size: 256
num-iters: 100000
core-freq: 532
memory-freq: 877
device-name: Tesla V100-SXM2-16GB
sycl-implementation: LLVM CUDA (Intel DPC++)
throughput-metric: N/A
kernel-time-mean: 1.470377 [s]
kernel-time-stddev: 0.001200 [s]
kernel-time-median: 1.470825 [s]
kernel-time-min: 1.468239 [s]
kernel-time-samples: "1.468239 1.470813 1.470825 1.470939 1.471068"
kernel-time-throughput: N/A
run-time-mean: 1.483078 [s]
run-time-stddev: 0.005021 [s]
run-time-median: 1.481490 [s]
run-time-min: 1.477135 [s]
run-time-samples: "1.477135 1.480276 1.481490 1.487301 1.489189"
run-time-throughput: N/A
kernel-energy-mean: 75.062418 [J]
kernel-energy-stddev: 0.806899 [J]
kernel-energy-median: 75.414240 [J]
kernel-energy-min: 73.943455 [J]
kernel-energy-max: 75.968335 [J]
kernel-energy-samples: "73.943455 74.546840 75.414240 75.439220 75.968335"
Verification: PASS
********** Results for VectorAddition_fp32**********
problem-size: 1048576
local-size: 256
num-iters: 100000
core-freq: 532
memory-freq: 877
device-name: Tesla V100-SXM2-16GB
sycl-implementation: LLVM CUDA (Intel DPC++)
throughput-metric: N/A
kernel-time-mean: 0.718303 [s]
kernel-time-stddev: 0.000667 [s]
kernel-time-median: 0.718133 [s]
kernel-time-min: 0.717723 [s]
kernel-time-samples: "0.717723 0.717777 0.718133 0.718536 0.719345"
kernel-time-throughput: N/A
run-time-mean: 0.734911 [s]
run-time-stddev: 0.005536 [s]
run-time-median: 0.736852 [s]
run-time-min: 0.728081 [s]
run-time-samples: "0.728081 0.730256 0.736852 0.738112 0.741255"
run-time-throughput: N/A
kernel-energy-mean: 35.046380 [J]
kernel-energy-stddev: 0.151826 [J]
kernel-energy-median: 34.967730 [J]
kernel-energy-min: 34.915470 [J]
kernel-energy-max: 35.252085 [J]
kernel-energy-samples: "34.915470 34.933070 34.967730 35.163545 35.252085"
Verification: PASS
********** Results for VectorAddition_fp64**********
problem-size: 1048576
local-size: 256
num-iters: 100000
core-freq: 532
memory-freq: 877
device-name: Tesla V100-SXM2-16GB
sycl-implementation: LLVM CUDA (Intel DPC++)
throughput-metric: N/A
kernel-time-mean: 1.471985 [s]
kernel-time-stddev: 0.002970 [s]
kernel-time-median: 1.471441 [s]
kernel-time-min: 1.468746 [s]
kernel-time-samples: "1.468746 1.471354 1.471441 1.471512 1.476871"
kernel-time-throughput: N/A
run-time-mean: 1.482387 [s]
run-time-stddev: 0.004144 [s]
run-time-median: 1.482967 [s]
run-time-min: 1.477889 [s]
run-time-samples: "1.477889 1.478835 1.482967 1.484172 1.488071"
run-time-throughput: N/A
kernel-energy-mean: 74.579011 [J]
kernel-energy-stddev: 1.467597 [J]
kernel-energy-median: 74.877070 [J]
kernel-energy-min: 72.225440 [J]
kernel-energy-max: 75.820890 [J]
kernel-energy-samples: "72.225440 74.239515 74.877070 75.732140 75.820890"
Verification: PASS
