********** Results for VectorAddition_int32**********
problem-size: 1048576
local-size: 256
num-iters: 100000
core-freq: 652
memory-freq: 877
device-name: Tesla V100-SXM2-16GB
sycl-implementation: LLVM CUDA (Intel DPC++)
throughput-metric: N/A
kernel-time-mean: 0.581470 [s]
kernel-time-stddev: 0.005742 [s]
kernel-time-median: 0.584074 [s]
kernel-time-min: 0.571208 [s]
kernel-time-samples: "0.571208 0.583607 0.584074 0.584209 0.584249"
kernel-time-throughput: N/A
run-time-mean: 0.592496 [s]
run-time-stddev: 0.007410 [s]
run-time-median: 0.595242 [s]
run-time-min: 0.579330 [s]
run-time-samples: "0.579330 0.594696 0.595242 0.596393 0.596818"
run-time-throughput: N/A
kernel-energy-mean: 33.479473 [J]
kernel-energy-stddev: 0.324366 [J]
kernel-energy-median: 33.600340 [J]
kernel-energy-min: 32.904610 [J]
kernel-energy-max: 33.693550 [J]
kernel-energy-samples: "32.904610 33.575275 33.600340 33.623590 33.693550"
Verification: PASS
********** Results for VectorAddition_int64**********
problem-size: 1048576
local-size: 256
num-iters: 100000
core-freq: 652
memory-freq: 877
device-name: Tesla V100-SXM2-16GB
sycl-implementation: LLVM CUDA (Intel DPC++)
throughput-metric: N/A
kernel-time-mean: 1.187916 [s]
kernel-time-stddev: 0.010342 [s]
kernel-time-median: 1.192230 [s]
kernel-time-min: 1.169550 [s]
kernel-time-samples: "1.169550 1.190906 1.192230 1.192510 1.194384"
kernel-time-throughput: N/A
run-time-mean: 1.197662 [s]
run-time-stddev: 0.009737 [s]
run-time-median: 1.202363 [s]
run-time-min: 1.180406 [s]
run-time-samples: "1.180406 1.199723 1.202363 1.202706 1.203113"
run-time-throughput: N/A
kernel-energy-mean: 63.582506 [J]
kernel-energy-stddev: 0.414761 [J]
kernel-energy-median: 63.740685 [J]
kernel-energy-min: 62.896165 [J]
kernel-energy-max: 63.920465 [J]
kernel-energy-samples: "62.896165 63.504810 63.740685 63.850405 63.920465"
Verification: PASS
********** Results for VectorAddition_fp32**********
problem-size: 1048576
local-size: 256
num-iters: 100000
core-freq: 652
memory-freq: 877
device-name: Tesla V100-SXM2-16GB
sycl-implementation: LLVM CUDA (Intel DPC++)
throughput-metric: N/A
kernel-time-mean: 0.583877 [s]
kernel-time-stddev: 0.000467 [s]
kernel-time-median: 0.583798 [s]
kernel-time-min: 0.583413 [s]
kernel-time-samples: "0.583413 0.583487 0.583798 0.584166 0.584521"
kernel-time-throughput: N/A
run-time-mean: 0.596769 [s]
run-time-stddev: 0.006018 [s]
run-time-median: 0.593202 [s]
run-time-min: 0.592107 [s]
run-time-samples: "0.592107 0.593082 0.593202 0.599138 0.606319"
run-time-throughput: N/A
kernel-energy-mean: 33.571347 [J]
kernel-energy-stddev: 0.144257 [J]
kernel-energy-median: 33.609630 [J]
kernel-energy-min: 33.334050 [J]
kernel-energy-max: 33.720400 [J]
kernel-energy-samples: "33.334050 33.564705 33.609630 33.627950 33.720400"
Verification: PASS
********** Results for VectorAddition_fp64**********
problem-size: 1048576
local-size: 256
num-iters: 100000
core-freq: 652
memory-freq: 877
device-name: Tesla V100-SXM2-16GB
sycl-implementation: LLVM CUDA (Intel DPC++)
throughput-metric: N/A
kernel-time-mean: 1.193567 [s]
kernel-time-stddev: 0.000857 [s]
kernel-time-median: 1.193418 [s]
kernel-time-min: 1.192888 [s]
kernel-time-samples: "1.192888 1.192912 1.193418 1.193627 1.194988"
kernel-time-throughput: N/A
run-time-mean: 1.204378 [s]
run-time-stddev: 0.006405 [s]
run-time-median: 1.202421 [s]
run-time-min: 1.200489 [s]
run-time-samples: "1.200489 1.200775 1.202421 1.202488 1.215717"
run-time-throughput: N/A
kernel-energy-mean: 64.284088 [J]
kernel-energy-stddev: 0.300873 [J]
kernel-energy-median: 64.135345 [J]
kernel-energy-min: 64.032110 [J]
kernel-energy-max: 64.762785 [J]
kernel-energy-samples: "64.032110 64.096290 64.135345 64.393910 64.762785"
Verification: PASS
