********** Results for VectorAddition_int32**********
problem-size: 1048576
local-size: 256
num-iters: 100000
core-freq: 1402
memory-freq: 877
device-name: Tesla V100-SXM2-16GB
sycl-implementation: LLVM CUDA (Intel DPC++)
throughput-metric: N/A
kernel-time-mean: 0.269659 [s]
kernel-time-stddev: 0.003712 [s]
kernel-time-median: 0.271212 [s]
kernel-time-min: 0.263022 [s]
kernel-time-samples: "0.263022 0.271186 0.271212 0.271378 0.271498"
kernel-time-throughput: N/A
run-time-mean: 0.281171 [s]
run-time-stddev: 0.004431 [s]
run-time-median: 0.281522 [s]
run-time-min: 0.273776 [s]
run-time-samples: "0.273776 0.281335 0.281522 0.284493 0.284730"
run-time-throughput: N/A
kernel-energy-mean: 34.023652 [J]
kernel-energy-stddev: 0.411017 [J]
kernel-energy-median: 33.899700 [J]
kernel-energy-min: 33.567855 [J]
kernel-energy-max: 34.474970 [J]
kernel-energy-samples: "33.567855 33.740960 33.899700 34.434775 34.474970"
Verification: PASS
********** Results for VectorAddition_int64**********
problem-size: 1048576
local-size: 256
num-iters: 100000
core-freq: 1402
memory-freq: 877
device-name: Tesla V100-SXM2-16GB
sycl-implementation: LLVM CUDA (Intel DPC++)
throughput-metric: N/A
kernel-time-mean: 0.550930 [s]
kernel-time-stddev: 0.007907 [s]
kernel-time-median: 0.554054 [s]
kernel-time-min: 0.536849 [s]
kernel-time-samples: "0.536849 0.553942 0.554054 0.554060 0.555747"
kernel-time-throughput: N/A
run-time-mean: 0.562091 [s]
run-time-stddev: 0.006886 [s]
run-time-median: 0.565097 [s]
run-time-min: 0.549860 [s]
run-time-samples: "0.549860 0.563876 0.565097 0.565493 0.566129"
run-time-throughput: N/A
kernel-energy-mean: 63.006707 [J]
kernel-energy-stddev: 0.776254 [J]
kernel-energy-median: 62.874280 [J]
kernel-energy-min: 62.013105 [J]
kernel-energy-max: 64.046380 [J]
kernel-energy-samples: "62.013105 62.649355 62.874280 63.450415 64.046380"
Verification: PASS
********** Results for VectorAddition_fp32**********
problem-size: 1048576
local-size: 256
num-iters: 100000
core-freq: 1402
memory-freq: 877
device-name: Tesla V100-SXM2-16GB
sycl-implementation: LLVM CUDA (Intel DPC++)
throughput-metric: N/A
kernel-time-mean: 0.269978 [s]
kernel-time-stddev: 0.003870 [s]
kernel-time-median: 0.271406 [s]
kernel-time-min: 0.263095 [s]
kernel-time-samples: "0.263095 0.271190 0.271406 0.271974 0.272222"
kernel-time-throughput: N/A
run-time-mean: 0.281234 [s]
run-time-stddev: 0.005843 [s]
run-time-median: 0.282071 [s]
run-time-min: 0.272006 [s]
run-time-samples: "0.272006 0.280990 0.282071 0.282966 0.288138"
run-time-throughput: N/A
kernel-energy-mean: 33.891505 [J]
kernel-energy-stddev: 0.234455 [J]
kernel-energy-median: 33.860525 [J]
kernel-energy-min: 33.562215 [J]
kernel-energy-max: 34.200140 [J]
kernel-energy-samples: "33.562215 33.833965 33.860525 34.000680 34.200140"
Verification: PASS
********** Results for VectorAddition_fp64**********
problem-size: 1048576
local-size: 256
num-iters: 100000
core-freq: 1402
memory-freq: 877
device-name: Tesla V100-SXM2-16GB
sycl-implementation: LLVM CUDA (Intel DPC++)
throughput-metric: N/A
kernel-time-mean: 0.554568 [s]
kernel-time-stddev: 0.000748 [s]
kernel-time-median: 0.554296 [s]
kernel-time-min: 0.554123 [s]
kernel-time-samples: "0.554123 0.554205 0.554296 0.554317 0.555899"
kernel-time-throughput: N/A
run-time-mean: 0.565493 [s]
run-time-stddev: 0.001494 [s]
run-time-median: 0.565352 [s]
run-time-min: 0.564247 [s]
run-time-samples: "0.564247 0.564402 0.565352 0.565489 0.567976"
run-time-throughput: N/A
kernel-energy-mean: 63.336034 [J]
kernel-energy-stddev: 0.392220 [J]
kernel-energy-median: 63.538370 [J]
kernel-energy-min: 62.658125 [J]
kernel-energy-max: 63.591640 [J]
kernel-energy-samples: "62.658125 63.333505 63.538370 63.558530 63.591640"
Verification: PASS
