********** Results for VectorAddition_int32**********
problem-size: 1048576
local-size: 256
num-iters: 100000
core-freq: 412
memory-freq: 877
device-name: Tesla V100-SXM2-16GB
sycl-implementation: LLVM CUDA (Intel DPC++)
throughput-metric: N/A
kernel-time-mean: 1.714289 [s]
kernel-time-stddev: 0.000248 [s]
kernel-time-median: 1.714367 [s]
kernel-time-min: 1.713979 [s]
kernel-time-samples: "1.713979 1.714099 1.714367 1.714404 1.714596"
kernel-time-throughput: N/A
run-time-mean: 1.724989 [s]
run-time-stddev: 0.001638 [s]
run-time-median: 1.724564 [s]
run-time-min: 1.723621 [s]
run-time-samples: "1.723621 1.724249 1.724564 1.724685 1.727824"
run-time-throughput: N/A
kernel-energy-mean: 54.526733 [J]
kernel-energy-stddev: 2.209447 [J]
kernel-energy-median: 54.282340 [J]
kernel-energy-min: 51.347260 [J]
kernel-energy-max: 56.930855 [J]
kernel-energy-samples: "51.347260 53.800055 54.282340 56.273155 56.930855"
Verification: PASS
********** Results for VectorAddition_int64**********
problem-size: 1048576
local-size: 256
num-iters: 100000
core-freq: 412
memory-freq: 877
device-name: Tesla V100-SXM2-16GB
sycl-implementation: LLVM CUDA (Intel DPC++)
throughput-metric: N/A
kernel-time-mean: 3.518336 [s]
kernel-time-stddev: 0.005888 [s]
kernel-time-median: 3.515338 [s]
kernel-time-min: 3.514379 [s]
kernel-time-samples: "3.514379 3.514519 3.515338 3.519172 3.528273"
kernel-time-throughput: N/A
run-time-mean: 3.530215 [s]
run-time-stddev: 0.008312 [s]
run-time-median: 3.526809 [s]
run-time-min: 3.521741 [s]
run-time-samples: "3.521741 3.524343 3.526809 3.538394 3.539786"
run-time-throughput: N/A
kernel-energy-mean: 120.276919 [J]
kernel-energy-stddev: 0.578535 [J]
kernel-energy-median: 120.424830 [J]
kernel-energy-min: 119.464605 [J]
kernel-energy-max: 120.905400 [J]
kernel-energy-samples: "119.464605 119.933325 120.424830 120.656435 120.905400"
Verification: PASS
********** Results for VectorAddition_fp32**********
problem-size: 1048576
local-size: 256
num-iters: 100000
core-freq: 412
memory-freq: 877
device-name: Tesla V100-SXM2-16GB
sycl-implementation: LLVM CUDA (Intel DPC++)
throughput-metric: N/A
kernel-time-mean: 1.715941 [s]
kernel-time-stddev: 0.001792 [s]
kernel-time-median: 1.715545 [s]
kernel-time-min: 1.714000 [s]
kernel-time-samples: "1.714000 1.714613 1.715545 1.717307 1.718242"
kernel-time-throughput: N/A
run-time-mean: 1.727550 [s]
run-time-stddev: 0.002581 [s]
run-time-median: 1.726924 [s]
run-time-min: 1.724444 [s]
run-time-samples: "1.724444 1.725973 1.726924 1.730134 1.730278"
run-time-throughput: N/A
kernel-energy-mean: 52.832446 [J]
kernel-energy-stddev: 1.600198 [J]
kernel-energy-median: 53.156045 [J]
kernel-energy-min: 50.475885 [J]
kernel-energy-max: 54.675830 [J]
kernel-energy-samples: "50.475885 52.162905 53.156045 53.691565 54.675830"
Verification: PASS
********** Results for VectorAddition_fp64**********
problem-size: 1048576
local-size: 256
num-iters: 100000
core-freq: 412
memory-freq: 877
device-name: Tesla V100-SXM2-16GB
sycl-implementation: LLVM CUDA (Intel DPC++)
throughput-metric: N/A
kernel-time-mean: 3.518308 [s]
kernel-time-stddev: 0.002268 [s]
kernel-time-median: 3.517203 [s]
kernel-time-min: 3.516625 [s]
kernel-time-samples: "3.516625 3.516672 3.517203 3.519094 3.521945"
kernel-time-throughput: N/A
run-time-mean: 3.532042 [s]
run-time-stddev: 0.004063 [s]
run-time-median: 3.530772 [s]
run-time-min: 3.527873 [s]
run-time-samples: "3.527873 3.529616 3.530772 3.533712 3.538237"
run-time-throughput: N/A
kernel-energy-mean: 125.861238 [J]
kernel-energy-stddev: 0.465091 [J]
kernel-energy-median: 125.754660 [J]
kernel-energy-min: 125.464635 [J]
kernel-energy-max: 126.611240 [J]
kernel-energy-samples: "125.464635 125.510205 125.754660 125.965450 126.611240"
Verification: PASS
