********** Results for VectorAddition_int32**********
problem-size: 1048576
local-size: 256
num-iters: 100000
core-freq: 570
memory-freq: 877
device-name: Tesla V100-SXM2-16GB
sycl-implementation: LLVM CUDA (Intel DPC++)
throughput-metric: N/A
kernel-time-mean: 0.669667 [s]
kernel-time-stddev: 0.000561 [s]
kernel-time-median: 0.669653 [s]
kernel-time-min: 0.668807 [s]
kernel-time-samples: "0.668807 0.669540 0.669653 0.670148 0.670189"
kernel-time-throughput: N/A
run-time-mean: 0.681834 [s]
run-time-stddev: 0.003446 [s]
run-time-median: 0.682094 [s]
run-time-min: 0.677806 [s]
run-time-samples: "0.677806 0.678941 0.682094 0.684596 0.685735"
run-time-throughput: N/A
kernel-energy-mean: 35.910839 [J]
kernel-energy-stddev: 0.123984 [J]
kernel-energy-median: 35.879035 [J]
kernel-energy-min: 35.773445 [J]
kernel-energy-max: 36.046370 [J]
kernel-energy-samples: "35.773445 35.821220 35.879035 36.034125 36.046370"
Verification: PASS
********** Results for VectorAddition_int64**********
problem-size: 1048576
local-size: 256
num-iters: 100000
core-freq: 570
memory-freq: 877
device-name: Tesla V100-SXM2-16GB
sycl-implementation: LLVM CUDA (Intel DPC++)
throughput-metric: N/A
kernel-time-mean: 1.368723 [s]
kernel-time-stddev: 0.003454 [s]
kernel-time-median: 1.367156 [s]
kernel-time-min: 1.364759 [s]
kernel-time-samples: "1.364759 1.367045 1.367156 1.371727 1.372931"
kernel-time-throughput: N/A
run-time-mean: 1.380791 [s]
run-time-stddev: 0.005324 [s]
run-time-median: 1.381414 [s]
run-time-min: 1.374811 [s]
run-time-samples: "1.374811 1.375873 1.381414 1.385572 1.386285"
run-time-throughput: N/A
kernel-energy-mean: 68.754580 [J]
kernel-energy-stddev: 0.270813 [J]
kernel-energy-median: 68.667790 [J]
kernel-energy-min: 68.434795 [J]
kernel-energy-max: 69.147505 [J]
kernel-energy-samples: "68.434795 68.640820 68.667790 68.881990 69.147505"
Verification: PASS
********** Results for VectorAddition_fp32**********
problem-size: 1048576
local-size: 256
num-iters: 100000
core-freq: 570
memory-freq: 877
device-name: Tesla V100-SXM2-16GB
sycl-implementation: LLVM CUDA (Intel DPC++)
throughput-metric: N/A
kernel-time-mean: 0.665438 [s]
kernel-time-stddev: 0.006743 [s]
kernel-time-median: 0.668212 [s]
kernel-time-min: 0.653403 [s]
kernel-time-samples: "0.653403 0.667864 0.668212 0.668622 0.669090"
kernel-time-throughput: N/A
run-time-mean: 0.674638 [s]
run-time-stddev: 0.007917 [s]
run-time-median: 0.677745 [s]
run-time-min: 0.660633 [s]
run-time-samples: "0.660633 0.676622 0.677745 0.678302 0.679890"
run-time-throughput: N/A
kernel-energy-mean: 34.771644 [J]
kernel-energy-stddev: 0.341397 [J]
kernel-energy-median: 34.904975 [J]
kernel-energy-min: 34.266155 [J]
kernel-energy-max: 35.152255 [J]
kernel-energy-samples: "34.266155 34.612480 34.904975 34.922355 35.152255"
Verification: PASS
********** Results for VectorAddition_fp64**********
problem-size: 1048576
local-size: 256
num-iters: 100000
core-freq: 570
memory-freq: 877
device-name: Tesla V100-SXM2-16GB
sycl-implementation: LLVM CUDA (Intel DPC++)
throughput-metric: N/A
kernel-time-mean: 1.354888 [s]
kernel-time-stddev: 0.017302 [s]
kernel-time-median: 1.365277 [s]
kernel-time-min: 1.334678 [s]
kernel-time-samples: "1.334678 1.337439 1.365277 1.366967 1.370078"
kernel-time-throughput: N/A
run-time-mean: 1.365072 [s]
run-time-stddev: 0.014138 [s]
run-time-median: 1.372720 [s]
run-time-min: 1.345975 [s]
run-time-samples: "1.345975 1.354169 1.372720 1.374289 1.378204"
run-time-throughput: N/A
kernel-energy-mean: 67.569501 [J]
kernel-energy-stddev: 1.518421 [J]
kernel-energy-median: 67.559555 [J]
kernel-energy-min: 65.415920 [J]
kernel-energy-max: 69.710235 [J]
kernel-energy-samples: "65.415920 67.554435 67.559555 67.607360 69.710235"
Verification: PASS
