********** Results for VectorAddition_int32**********
problem-size: 1048576
local-size: 256
num-iters: 100000
core-freq: 1462
memory-freq: 877
device-name: Tesla V100-SXM2-16GB
sycl-implementation: LLVM CUDA (Intel DPC++)
throughput-metric: N/A
kernel-time-mean: 0.261790 [s]
kernel-time-stddev: 0.000267 [s]
kernel-time-median: 0.261788 [s]
kernel-time-min: 0.261548 [s]
kernel-time-samples: "0.261548 0.261595 0.261788 0.261796 0.262224"
kernel-time-throughput: N/A
run-time-mean: 0.273507 [s]
run-time-stddev: 0.003175 [s]
run-time-median: 0.271344 [s]
run-time-min: 0.271171 [s]
run-time-samples: "0.271171 0.271236 0.271344 0.275862 0.277921"
run-time-throughput: N/A
kernel-energy-mean: 35.094124 [J]
kernel-energy-stddev: 0.471911 [J]
kernel-energy-median: 35.146375 [J]
kernel-energy-min: 34.463610 [J]
kernel-energy-max: 35.769450 [J]
kernel-energy-samples: "34.463610 34.923635 35.146375 35.167550 35.769450"
Verification: PASS
********** Results for VectorAddition_int64**********
problem-size: 1048576
local-size: 256
num-iters: 100000
core-freq: 1462
memory-freq: 877
device-name: Tesla V100-SXM2-16GB
sycl-implementation: LLVM CUDA (Intel DPC++)
throughput-metric: N/A
kernel-time-mean: 0.534689 [s]
kernel-time-stddev: 0.000985 [s]
kernel-time-median: 0.534827 [s]
kernel-time-min: 0.533050 [s]
kernel-time-samples: "0.533050 0.534660 0.534827 0.535437 0.535473"
kernel-time-throughput: N/A
run-time-mean: 0.547484 [s]
run-time-stddev: 0.001999 [s]
run-time-median: 0.548115 [s]
run-time-min: 0.544433 [s]
run-time-samples: "0.544433 0.546592 0.548115 0.549111 0.549168"
run-time-throughput: N/A
kernel-energy-mean: 64.400080 [J]
kernel-energy-stddev: 0.268047 [J]
kernel-energy-median: 64.307430 [J]
kernel-energy-min: 64.121690 [J]
kernel-energy-max: 64.829705 [J]
kernel-energy-samples: "64.121690 64.284130 64.307430 64.457445 64.829705"
Verification: PASS
********** Results for VectorAddition_fp32**********
problem-size: 1048576
local-size: 256
num-iters: 100000
core-freq: 1462
memory-freq: 877
device-name: Tesla V100-SXM2-16GB
sycl-implementation: LLVM CUDA (Intel DPC++)
throughput-metric: N/A
kernel-time-mean: 0.262029 [s]
kernel-time-stddev: 0.000744 [s]
kernel-time-median: 0.262284 [s]
kernel-time-min: 0.260870 [s]
kernel-time-samples: "0.260870 0.261823 0.262284 0.262317 0.262853"
kernel-time-throughput: N/A
run-time-mean: 0.277507 [s]
run-time-stddev: 0.003478 [s]
run-time-median: 0.276438 [s]
run-time-min: 0.274192 [s]
run-time-samples: "0.274192 0.275907 0.276438 0.277692 0.283308"
run-time-throughput: N/A
kernel-energy-mean: 35.359560 [J]
kernel-energy-stddev: 0.532780 [J]
kernel-energy-median: 35.586205 [J]
kernel-energy-min: 34.755905 [J]
kernel-energy-max: 35.840595 [J]
kernel-energy-samples: "34.755905 34.816200 35.586205 35.798895 35.840595"
Verification: PASS
********** Results for VectorAddition_fp64**********
problem-size: 1048576
local-size: 256
num-iters: 100000
core-freq: 1462
memory-freq: 877
device-name: Tesla V100-SXM2-16GB
sycl-implementation: LLVM CUDA (Intel DPC++)
throughput-metric: N/A
kernel-time-mean: 0.534350 [s]
kernel-time-stddev: 0.001030 [s]
kernel-time-median: 0.534897 [s]
kernel-time-min: 0.533222 [s]
kernel-time-samples: "0.533222 0.533243 0.534897 0.535098 0.535290"
kernel-time-throughput: N/A
run-time-mean: 0.544638 [s]
run-time-stddev: 0.001762 [s]
run-time-median: 0.544767 [s]
run-time-min: 0.541741 [s]
run-time-samples: "0.541741 0.544713 0.544767 0.545555 0.546417"
run-time-throughput: N/A
kernel-energy-mean: 61.465666 [J]
kernel-energy-stddev: 2.599124 [J]
kernel-energy-median: 61.525705 [J]
kernel-energy-min: 58.609455 [J]
kernel-energy-max: 64.340950 [J]
kernel-energy-samples: "58.609455 59.125040 61.525705 63.727180 64.340950"
Verification: PASS
