********** Results for VectorAddition_int32**********
problem-size: 1048576
local-size: 256
num-iters: 100000
core-freq: 547
memory-freq: 877
device-name: Tesla V100-SXM2-16GB
sycl-implementation: LLVM CUDA (Intel DPC++)
throughput-metric: N/A
kernel-time-mean: 0.690158 [s]
kernel-time-stddev: 0.008330 [s]
kernel-time-median: 0.695777 [s]
kernel-time-min: 0.680869 [s]
kernel-time-samples: "0.680869 0.681213 0.695777 0.696186 0.696744"
kernel-time-throughput: N/A
run-time-mean: 0.699646 [s]
run-time-stddev: 0.007880 [s]
run-time-median: 0.704324 [s]
run-time-min: 0.688816 [s]
run-time-samples: "0.688816 0.693727 0.704324 0.704877 0.706485"
run-time-throughput: N/A
kernel-energy-mean: 35.723923 [J]
kernel-energy-stddev: 2.766981 [J]
kernel-energy-median: 36.847935 [J]
kernel-energy-min: 30.782090 [J]
kernel-energy-max: 37.135560 [J]
kernel-energy-samples: "30.782090 36.765695 36.847935 37.088335 37.135560"
Verification: PASS
********** Results for VectorAddition_int64**********
problem-size: 1048576
local-size: 256
num-iters: 100000
core-freq: 547
memory-freq: 877
device-name: Tesla V100-SXM2-16GB
sycl-implementation: LLVM CUDA (Intel DPC++)
throughput-metric: N/A
kernel-time-mean: 1.419364 [s]
kernel-time-stddev: 0.012741 [s]
kernel-time-median: 1.423867 [s]
kernel-time-min: 1.396785 [s]
kernel-time-samples: "1.396785 1.422757 1.423867 1.426673 1.426737"
kernel-time-throughput: N/A
run-time-mean: 1.430121 [s]
run-time-stddev: 0.014674 [s]
run-time-median: 1.431978 [s]
run-time-min: 1.405634 [s]
run-time-samples: "1.405634 1.431378 1.431978 1.437048 1.444569"
run-time-throughput: N/A
kernel-energy-mean: 70.899358 [J]
kernel-energy-stddev: 0.508977 [J]
kernel-energy-median: 71.047135 [J]
kernel-energy-min: 70.004735 [J]
kernel-energy-max: 71.277015 [J]
kernel-energy-samples: "70.004735 71.043530 71.047135 71.124375 71.277015"
Verification: PASS
********** Results for VectorAddition_fp32**********
problem-size: 1048576
local-size: 256
num-iters: 100000
core-freq: 547
memory-freq: 877
device-name: Tesla V100-SXM2-16GB
sycl-implementation: LLVM CUDA (Intel DPC++)
throughput-metric: N/A
kernel-time-mean: 0.695882 [s]
kernel-time-stddev: 0.000128 [s]
kernel-time-median: 0.695909 [s]
kernel-time-min: 0.695688 [s]
kernel-time-samples: "0.695688 0.695854 0.695909 0.695920 0.696040"
kernel-time-throughput: N/A
run-time-mean: 0.707530 [s]
run-time-stddev: 0.002515 [s]
run-time-median: 0.707094 [s]
run-time-min: 0.704934 [s]
run-time-samples: "0.704934 0.706391 0.707094 0.707566 0.711663"
run-time-throughput: N/A
kernel-energy-mean: 37.102204 [J]
kernel-energy-stddev: 0.032594 [J]
kernel-energy-median: 37.095150 [J]
kernel-energy-min: 37.064750 [J]
kernel-energy-max: 37.136135 [J]
kernel-energy-samples: "37.064750 37.079300 37.095150 37.135685 37.136135"
Verification: PASS
********** Results for VectorAddition_fp64**********
problem-size: 1048576
local-size: 256
num-iters: 100000
core-freq: 547
memory-freq: 877
device-name: Tesla V100-SXM2-16GB
sycl-implementation: LLVM CUDA (Intel DPC++)
throughput-metric: N/A
kernel-time-mean: 1.415137 [s]
kernel-time-stddev: 0.016013 [s]
kernel-time-median: 1.423266 [s]
kernel-time-min: 1.397137 [s]
kernel-time-samples: "1.397137 1.398836 1.423266 1.424531 1.431918"
kernel-time-throughput: N/A
run-time-mean: 1.426636 [s]
run-time-stddev: 0.016156 [s]
run-time-median: 1.434769 [s]
run-time-min: 1.409340 [s]
run-time-samples: "1.409340 1.409426 1.434769 1.435650 1.443995"
run-time-throughput: N/A
kernel-energy-mean: 70.592026 [J]
kernel-energy-stddev: 0.824932 [J]
kernel-energy-median: 70.299555 [J]
kernel-energy-min: 69.554245 [J]
kernel-energy-max: 71.526710 [J]
kernel-energy-samples: "69.554245 70.238605 70.299555 71.341015 71.526710"
Verification: PASS
