********** Results for VectorAddition_int32**********
problem-size: 1048576
local-size: 256
num-iters: 100000
core-freq: 585
memory-freq: 877
device-name: Tesla V100-SXM2-16GB
sycl-implementation: LLVM CUDA (Intel DPC++)
throughput-metric: N/A
kernel-time-mean: 0.651611 [s]
kernel-time-stddev: 0.000606 [s]
kernel-time-median: 0.651365 [s]
kernel-time-min: 0.651093 [s]
kernel-time-samples: "0.651093 0.651147 0.651365 0.651929 0.652519"
kernel-time-throughput: N/A
run-time-mean: 0.665561 [s]
run-time-stddev: 0.003228 [s]
run-time-median: 0.666383 [s]
run-time-min: 0.660682 [s]
run-time-samples: "0.660682 0.664460 0.666383 0.666982 0.669298"
run-time-throughput: N/A
kernel-energy-mean: 35.501136 [J]
kernel-energy-stddev: 0.810896 [J]
kernel-energy-median: 35.733570 [J]
kernel-energy-min: 34.079255 [J]
kernel-energy-max: 36.034625 [J]
kernel-energy-samples: "34.079255 35.663755 35.733570 35.994475 36.034625"
Verification: PASS
********** Results for VectorAddition_int64**********
problem-size: 1048576
local-size: 256
num-iters: 100000
core-freq: 585
memory-freq: 877
device-name: Tesla V100-SXM2-16GB
sycl-implementation: LLVM CUDA (Intel DPC++)
throughput-metric: N/A
kernel-time-mean: 1.334327 [s]
kernel-time-stddev: 0.002367 [s]
kernel-time-median: 1.333570 [s]
kernel-time-min: 1.332134 [s]
kernel-time-samples: "1.332134 1.332272 1.333570 1.336459 1.337200"
kernel-time-throughput: N/A
run-time-mean: 1.344286 [s]
run-time-stddev: 0.005411 [s]
run-time-median: 1.341413 [s]
run-time-min: 1.340905 [s]
run-time-samples: "1.340905 1.340976 1.341413 1.344557 1.353580"
run-time-throughput: N/A
kernel-energy-mean: 67.737163 [J]
kernel-energy-stddev: 0.932683 [J]
kernel-energy-median: 68.113360 [J]
kernel-energy-min: 66.072315 [J]
kernel-energy-max: 68.258175 [J]
kernel-energy-samples: "66.072315 68.109600 68.113360 68.132365 68.258175"
Verification: PASS
********** Results for VectorAddition_fp32**********
problem-size: 1048576
local-size: 256
num-iters: 100000
core-freq: 585
memory-freq: 877
device-name: Tesla V100-SXM2-16GB
sycl-implementation: LLVM CUDA (Intel DPC++)
throughput-metric: N/A
kernel-time-mean: 0.641939 [s]
kernel-time-stddev: 0.008449 [s]
kernel-time-median: 0.636161 [s]
kernel-time-min: 0.635238 [s]
kernel-time-samples: "0.635238 0.635924 0.636161 0.651020 0.651354"
kernel-time-throughput: N/A
run-time-mean: 0.658916 [s]
run-time-stddev: 0.019452 [s]
run-time-median: 0.648437 [s]
run-time-min: 0.643406 [s]
run-time-samples: "0.643406 0.647788 0.648437 0.664234 0.690713"
run-time-throughput: N/A
kernel-energy-mean: 35.422248 [J]
kernel-energy-stddev: 0.392027 [J]
kernel-energy-median: 35.272215 [J]
kernel-energy-min: 34.951295 [J]
kernel-energy-max: 35.963240 [J]
kernel-energy-samples: "34.951295 35.269160 35.272215 35.655330 35.963240"
Verification: PASS
********** Results for VectorAddition_fp64**********
problem-size: 1048576
local-size: 256
num-iters: 100000
core-freq: 585
memory-freq: 877
device-name: Tesla V100-SXM2-16GB
sycl-implementation: LLVM CUDA (Intel DPC++)
throughput-metric: N/A
kernel-time-mean: 1.333586 [s]
kernel-time-stddev: 0.002514 [s]
kernel-time-median: 1.332985 [s]
kernel-time-min: 1.330306 [s]
kernel-time-samples: "1.330306 1.332754 1.332985 1.334857 1.337029"
kernel-time-throughput: N/A
run-time-mean: 1.344590 [s]
run-time-stddev: 0.003886 [s]
run-time-median: 1.344138 [s]
run-time-min: 1.340789 [s]
run-time-samples: "1.340789 1.341029 1.344138 1.347371 1.349624"
run-time-throughput: N/A
kernel-energy-mean: 68.221102 [J]
kernel-energy-stddev: 0.135595 [J]
kernel-energy-median: 68.144145 [J]
kernel-energy-min: 68.103920 [J]
kernel-energy-max: 68.383800 [J]
kernel-energy-samples: "68.103920 68.120795 68.144145 68.352850 68.383800"
Verification: PASS
