********** Results for VectorAddition_int32**********
problem-size: 1048576
local-size: 256
num-iters: 100000
core-freq: 510
memory-freq: 877
device-name: Tesla V100-SXM2-16GB
sycl-implementation: LLVM CUDA (Intel DPC++)
throughput-metric: N/A
kernel-time-mean: 0.746037 [s]
kernel-time-stddev: 0.001244 [s]
kernel-time-median: 0.745536 [s]
kernel-time-min: 0.745298 [s]
kernel-time-samples: "0.745298 0.745521 0.745536 0.745575 0.748253"
kernel-time-throughput: N/A
run-time-mean: 0.758116 [s]
run-time-stddev: 0.003229 [s]
run-time-median: 0.757181 [s]
run-time-min: 0.755275 [s]
run-time-samples: "0.755275 0.756640 0.757181 0.757844 0.763639"
run-time-throughput: N/A
kernel-energy-mean: 35.203280 [J]
kernel-energy-stddev: 0.549290 [J]
kernel-energy-median: 35.303325 [J]
kernel-energy-min: 34.255090 [J]
kernel-energy-max: 35.585830 [J]
kernel-energy-samples: "34.255090 35.289325 35.303325 35.582830 35.585830"
Verification: PASS
********** Results for VectorAddition_int64**********
problem-size: 1048576
local-size: 256
num-iters: 100000
core-freq: 510
memory-freq: 877
device-name: Tesla V100-SXM2-16GB
sycl-implementation: LLVM CUDA (Intel DPC++)
throughput-metric: N/A
kernel-time-mean: 1.517909 [s]
kernel-time-stddev: 0.022150 [s]
kernel-time-median: 1.525360 [s]
kernel-time-min: 1.478774 [s]
kernel-time-samples: "1.478774 1.524042 1.525360 1.528286 1.533081"
kernel-time-throughput: N/A
run-time-mean: 1.527657 [s]
run-time-stddev: 0.022684 [s]
run-time-median: 1.535167 [s]
run-time-min: 1.487920 [s]
run-time-samples: "1.487920 1.533357 1.535167 1.536533 1.545309"
run-time-throughput: N/A
kernel-energy-mean: 74.698220 [J]
kernel-energy-stddev: 1.858243 [J]
kernel-energy-median: 74.475740 [J]
kernel-energy-min: 72.115010 [J]
kernel-energy-max: 77.252655 [J]
kernel-energy-samples: "72.115010 74.307565 74.475740 75.340130 77.252655"
Verification: PASS
********** Results for VectorAddition_fp32**********
problem-size: 1048576
local-size: 256
num-iters: 100000
core-freq: 510
memory-freq: 877
device-name: Tesla V100-SXM2-16GB
sycl-implementation: LLVM CUDA (Intel DPC++)
throughput-metric: N/A
kernel-time-mean: 0.745884 [s]
kernel-time-stddev: 0.000457 [s]
kernel-time-median: 0.745865 [s]
kernel-time-min: 0.745262 [s]
kernel-time-samples: "0.745262 0.745644 0.745865 0.746323 0.746328"
kernel-time-throughput: N/A
run-time-mean: 0.757063 [s]
run-time-stddev: 0.002464 [s]
run-time-median: 0.758393 [s]
run-time-min: 0.753724 [s]
run-time-samples: "0.753724 0.755206 0.758393 0.758534 0.759461"
run-time-throughput: N/A
kernel-energy-mean: 35.597863 [J]
kernel-energy-stddev: 0.182903 [J]
kernel-energy-median: 35.593960 [J]
kernel-energy-min: 35.332680 [J]
kernel-energy-max: 35.846045 [J]
kernel-energy-samples: "35.332680 35.579470 35.593960 35.637160 35.846045"
Verification: PASS
********** Results for VectorAddition_fp64**********
problem-size: 1048576
local-size: 256
num-iters: 100000
core-freq: 510
memory-freq: 877
device-name: Tesla V100-SXM2-16GB
sycl-implementation: LLVM CUDA (Intel DPC++)
throughput-metric: N/A
kernel-time-mean: 1.525669 [s]
kernel-time-stddev: 0.000955 [s]
kernel-time-median: 1.525918 [s]
kernel-time-min: 1.524382 [s]
kernel-time-samples: "1.524382 1.525168 1.525918 1.525941 1.526936"
kernel-time-throughput: N/A
run-time-mean: 1.537456 [s]
run-time-stddev: 0.004545 [s]
run-time-median: 1.536125 [s]
run-time-min: 1.534409 [s]
run-time-samples: "1.534409 1.534605 1.536125 1.536754 1.545390"
run-time-throughput: N/A
kernel-energy-mean: 76.997035 [J]
kernel-energy-stddev: 0.485916 [J]
kernel-energy-median: 77.044855 [J]
kernel-energy-min: 76.177685 [J]
kernel-energy-max: 77.380260 [J]
kernel-energy-samples: "76.177685 77.035325 77.044855 77.347050 77.380260"
Verification: PASS
