********** Results for VectorAddition_int32**********
problem-size: 1048576
local-size: 256
num-iters: 100000
core-freq: 1500
memory-freq: 877
device-name: Tesla V100-SXM2-16GB
sycl-implementation: LLVM CUDA (Intel DPC++)
throughput-metric: N/A
kernel-time-mean: 0.250901 [s]
kernel-time-stddev: 0.004437 [s]
kernel-time-median: 0.253273 [s]
kernel-time-min: 0.245979 [s]
kernel-time-samples: "0.245979 0.246203 0.253273 0.253986 0.255063"
kernel-time-throughput: N/A
run-time-mean: 0.261549 [s]
run-time-stddev: 0.005555 [s]
run-time-median: 0.264426 [s]
run-time-min: 0.255511 [s]
run-time-samples: "0.255511 0.255652 0.264426 0.264869 0.267285"
run-time-throughput: N/A
kernel-energy-mean: 36.906680 [J]
kernel-energy-stddev: 0.853732 [J]
kernel-energy-median: 36.809945 [J]
kernel-energy-min: 35.710140 [J]
kernel-energy-max: 38.091435 [J]
kernel-energy-samples: "35.710140 36.780890 36.809945 37.140990 38.091435"
Verification: PASS
********** Results for VectorAddition_int64**********
problem-size: 1048576
local-size: 256
num-iters: 100000
core-freq: 1500
memory-freq: 877
device-name: Tesla V100-SXM2-16GB
sycl-implementation: LLVM CUDA (Intel DPC++)
throughput-metric: N/A
kernel-time-mean: 0.515574 [s]
kernel-time-stddev: 0.008050 [s]
kernel-time-median: 0.518580 [s]
kernel-time-min: 0.501330 [s]
kernel-time-samples: "0.501330 0.517473 0.518580 0.520169 0.520320"
kernel-time-throughput: N/A
run-time-mean: 0.527550 [s]
run-time-stddev: 0.008225 [s]
run-time-median: 0.529587 [s]
run-time-min: 0.513204 [s]
run-time-samples: "0.513204 0.529219 0.529587 0.532065 0.533674"
run-time-throughput: N/A
kernel-energy-mean: 68.091503 [J]
kernel-energy-stddev: 0.837729 [J]
kernel-energy-median: 68.229950 [J]
kernel-energy-min: 66.663925 [J]
kernel-energy-max: 68.789340 [J]
kernel-energy-samples: "66.663925 68.177120 68.229950 68.597180 68.789340"
Verification: PASS
********** Results for VectorAddition_fp32**********
problem-size: 1048576
local-size: 256
num-iters: 100000
core-freq: 1500
memory-freq: 877
device-name: Tesla V100-SXM2-16GB
sycl-implementation: LLVM CUDA (Intel DPC++)
throughput-metric: N/A
kernel-time-mean: 0.252051 [s]
kernel-time-stddev: 0.003746 [s]
kernel-time-median: 0.253317 [s]
kernel-time-min: 0.245415 [s]
kernel-time-samples: "0.245415 0.253307 0.253317 0.253647 0.254570"
kernel-time-throughput: N/A
run-time-mean: 0.265028 [s]
run-time-stddev: 0.005797 [s]
run-time-median: 0.266028 [s]
run-time-min: 0.255725 [s]
run-time-samples: "0.255725 0.264908 0.266028 0.266856 0.271624"
run-time-throughput: N/A
kernel-energy-mean: 36.556129 [J]
kernel-energy-stddev: 0.890437 [J]
kernel-energy-median: 37.043085 [J]
kernel-energy-min: 35.348045 [J]
kernel-energy-max: 37.341370 [J]
kernel-energy-samples: "35.348045 35.869755 37.043085 37.178390 37.341370"
Verification: PASS
********** Results for VectorAddition_fp64**********
problem-size: 1048576
local-size: 256
num-iters: 100000
core-freq: 1500
memory-freq: 877
device-name: Tesla V100-SXM2-16GB
sycl-implementation: LLVM CUDA (Intel DPC++)
throughput-metric: N/A
kernel-time-mean: 0.509451 [s]
kernel-time-stddev: 0.008621 [s]
kernel-time-median: 0.507257 [s]
kernel-time-min: 0.501469 [s]
kernel-time-samples: "0.501469 0.501496 0.507257 0.517765 0.519268"
kernel-time-throughput: N/A
run-time-mean: 0.524395 [s]
run-time-stddev: 0.005647 [s]
run-time-median: 0.522456 [s]
run-time-min: 0.518606 [s]
run-time-samples: "0.518606 0.520569 0.522456 0.528068 0.532279"
run-time-throughput: N/A
kernel-energy-mean: 69.045521 [J]
kernel-energy-stddev: 0.789937 [J]
kernel-energy-median: 69.413835 [J]
kernel-energy-min: 68.094655 [J]
kernel-energy-max: 69.877830 [J]
kernel-energy-samples: "68.094655 68.315550 69.413835 69.525735 69.877830"
Verification: PASS
