********** Results for VectorAddition_int32**********
problem-size: 1048576
local-size: 256
num-iters: 100000
core-freq: 825
memory-freq: 877
device-name: Tesla V100-SXM2-16GB
sycl-implementation: LLVM CUDA (Intel DPC++)
throughput-metric: N/A
kernel-time-mean: 0.461337 [s]
kernel-time-stddev: 0.000667 [s]
kernel-time-median: 0.461072 [s]
kernel-time-min: 0.460849 [s]
kernel-time-samples: "0.460849 0.461059 0.461072 0.461195 0.462509"
kernel-time-throughput: N/A
run-time-mean: 0.475630 [s]
run-time-stddev: 0.003595 [s]
run-time-median: 0.475590 [s]
run-time-min: 0.469976 [s]
run-time-samples: "0.469976 0.475352 0.475590 0.477661 0.479571"
run-time-throughput: N/A
kernel-energy-mean: 29.927561 [J]
kernel-energy-stddev: 0.166470 [J]
kernel-energy-median: 29.856095 [J]
kernel-energy-min: 29.802930 [J]
kernel-energy-max: 30.215335 [J]
kernel-energy-samples: "29.802930 29.841770 29.856095 29.921675 30.215335"
Verification: PASS
********** Results for VectorAddition_int64**********
problem-size: 1048576
local-size: 256
num-iters: 100000
core-freq: 825
memory-freq: 877
device-name: Tesla V100-SXM2-16GB
sycl-implementation: LLVM CUDA (Intel DPC++)
throughput-metric: N/A
kernel-time-mean: 0.938454 [s]
kernel-time-stddev: 0.008558 [s]
kernel-time-median: 0.942159 [s]
kernel-time-min: 0.923152 [s]
kernel-time-samples: "0.923152 0.941904 0.942159 0.942471 0.942585"
kernel-time-throughput: N/A
run-time-mean: 0.948509 [s]
run-time-stddev: 0.008790 [s]
run-time-median: 0.952082 [s]
run-time-min: 0.932882 [s]
run-time-samples: "0.932882 0.951007 0.952082 0.952973 0.953600"
run-time-throughput: N/A
kernel-energy-mean: 56.063101 [J]
kernel-energy-stddev: 0.354805 [J]
kernel-energy-median: 56.128485 [J]
kernel-energy-min: 55.476675 [J]
kernel-energy-max: 56.443810 [J]
kernel-energy-samples: "55.476675 56.116080 56.128485 56.150455 56.443810"
Verification: PASS
********** Results for VectorAddition_fp32**********
problem-size: 1048576
local-size: 256
num-iters: 100000
core-freq: 825
memory-freq: 877
device-name: Tesla V100-SXM2-16GB
sycl-implementation: LLVM CUDA (Intel DPC++)
throughput-metric: N/A
kernel-time-mean: 0.459015 [s]
kernel-time-stddev: 0.004631 [s]
kernel-time-median: 0.460874 [s]
kernel-time-min: 0.450745 [s]
kernel-time-samples: "0.450745 0.460783 0.460874 0.461303 0.461372"
kernel-time-throughput: N/A
run-time-mean: 0.468732 [s]
run-time-stddev: 0.005729 [s]
run-time-median: 0.470792 [s]
run-time-min: 0.458756 [s]
run-time-samples: "0.458756 0.469364 0.470792 0.471841 0.472909"
run-time-throughput: N/A
kernel-energy-mean: 29.765943 [J]
kernel-energy-stddev: 0.263707 [J]
kernel-energy-median: 29.888415 [J]
kernel-energy-min: 29.295340 [J]
kernel-energy-max: 29.899120 [J]
kernel-energy-samples: "29.295340 29.852690 29.888415 29.894150 29.899120"
Verification: PASS
********** Results for VectorAddition_fp64**********
problem-size: 1048576
local-size: 256
num-iters: 100000
core-freq: 825
memory-freq: 877
device-name: Tesla V100-SXM2-16GB
sycl-implementation: LLVM CUDA (Intel DPC++)
throughput-metric: N/A
kernel-time-mean: 0.944000 [s]
kernel-time-stddev: 0.002540 [s]
kernel-time-median: 0.943368 [s]
kernel-time-min: 0.942297 [s]
kernel-time-samples: "0.942297 0.942417 0.943368 0.943476 0.948440"
kernel-time-throughput: N/A
run-time-mean: 0.955800 [s]
run-time-stddev: 0.005082 [s]
run-time-median: 0.955184 [s]
run-time-min: 0.951945 [s]
run-time-samples: "0.951945 0.952106 0.955184 0.955352 0.964414"
run-time-throughput: N/A
kernel-energy-mean: 55.264334 [J]
kernel-energy-stddev: 2.294727 [J]
kernel-energy-median: 56.203300 [J]
kernel-energy-min: 51.165315 [J]
kernel-energy-max: 56.434675 [J]
kernel-energy-samples: "51.165315 56.136115 56.203300 56.382265 56.434675"
Verification: PASS
