********** Results for VectorAddition_int32**********
problem-size: 1048576
local-size: 256
num-iters: 100000
core-freq: 1417
memory-freq: 877
device-name: Tesla V100-SXM2-16GB
sycl-implementation: LLVM CUDA (Intel DPC++)
throughput-metric: N/A
kernel-time-mean: 0.266036 [s]
kernel-time-stddev: 0.004240 [s]
kernel-time-median: 0.268731 [s]
kernel-time-min: 0.260368 [s]
kernel-time-samples: "0.260368 0.262588 0.268731 0.269241 0.269255"
kernel-time-throughput: N/A
run-time-mean: 0.279841 [s]
run-time-stddev: 0.004304 [s]
run-time-median: 0.282179 [s]
run-time-min: 0.272557 [s]
run-time-samples: "0.272557 0.279265 0.282179 0.282595 0.282610"
run-time-throughput: N/A
kernel-energy-mean: 33.563463 [J]
kernel-energy-stddev: 0.557584 [J]
kernel-energy-median: 33.793585 [J]
kernel-energy-min: 32.598355 [J]
kernel-energy-max: 33.974125 [J]
kernel-energy-samples: "32.598355 33.587830 33.793585 33.863420 33.974125"
Verification: PASS
********** Results for VectorAddition_int64**********
problem-size: 1048576
local-size: 256
num-iters: 100000
core-freq: 1417
memory-freq: 877
device-name: Tesla V100-SXM2-16GB
sycl-implementation: LLVM CUDA (Intel DPC++)
throughput-metric: N/A
kernel-time-mean: 0.538432 [s]
kernel-time-stddev: 0.009998 [s]
kernel-time-median: 0.531220 [s]
kernel-time-min: 0.531048 [s]
kernel-time-samples: "0.531048 0.531130 0.531220 0.549069 0.549695"
kernel-time-throughput: N/A
run-time-mean: 0.549387 [s]
run-time-stddev: 0.010840 [s]
run-time-median: 0.542526 [s]
run-time-min: 0.539981 [s]
run-time-samples: "0.539981 0.542294 0.542526 0.558690 0.563444"
run-time-throughput: N/A
kernel-energy-mean: 61.108648 [J]
kernel-energy-stddev: 0.701105 [J]
kernel-energy-median: 60.984765 [J]
kernel-energy-min: 60.395120 [J]
kernel-energy-max: 62.114150 [J]
kernel-energy-samples: "60.395120 60.568225 60.984765 61.480980 62.114150"
Verification: PASS
********** Results for VectorAddition_fp32**********
problem-size: 1048576
local-size: 256
num-iters: 100000
core-freq: 1417
memory-freq: 877
device-name: Tesla V100-SXM2-16GB
sycl-implementation: LLVM CUDA (Intel DPC++)
throughput-metric: N/A
kernel-time-mean: 0.269037 [s]
kernel-time-stddev: 0.000255 [s]
kernel-time-median: 0.269033 [s]
kernel-time-min: 0.268710 [s]
kernel-time-samples: "0.268710 0.268905 0.269033 0.269149 0.269388"
kernel-time-throughput: N/A
run-time-mean: 0.281031 [s]
run-time-stddev: 0.000897 [s]
run-time-median: 0.281061 [s]
run-time-min: 0.280149 [s]
run-time-samples: "0.280149 0.280174 0.281061 0.281535 0.282236"
run-time-throughput: N/A
kernel-energy-mean: 33.936848 [J]
kernel-energy-stddev: 0.110109 [J]
kernel-energy-median: 33.943010 [J]
kernel-energy-min: 33.763450 [J]
kernel-energy-max: 34.039770 [J]
kernel-energy-samples: "33.763450 33.915480 33.943010 34.022530 34.039770"
Verification: PASS
********** Results for VectorAddition_fp64**********
problem-size: 1048576
local-size: 256
num-iters: 100000
core-freq: 1417
memory-freq: 877
device-name: Tesla V100-SXM2-16GB
sycl-implementation: LLVM CUDA (Intel DPC++)
throughput-metric: N/A
kernel-time-mean: 0.538845 [s]
kernel-time-stddev: 0.010179 [s]
kernel-time-median: 0.531701 [s]
kernel-time-min: 0.531261 [s]
kernel-time-samples: "0.531261 0.531274 0.531701 0.549943 0.550044"
kernel-time-throughput: N/A
run-time-mean: 0.550192 [s]
run-time-stddev: 0.012728 [s]
run-time-median: 0.542816 [s]
run-time-min: 0.539627 [s]
run-time-samples: "0.539627 0.540369 0.542816 0.563970 0.564177"
run-time-throughput: N/A
kernel-energy-mean: 61.448182 [J]
kernel-energy-stddev: 0.691878 [J]
kernel-energy-median: 61.246610 [J]
kernel-energy-min: 60.652065 [J]
kernel-energy-max: 62.206830 [J]
kernel-energy-samples: "60.652065 61.003685 61.246610 62.131720 62.206830"
Verification: PASS
