********** Results for VectorAddition_int32**********
problem-size: 1048576
local-size: 256
num-iters: 100000
core-freq: 1515
memory-freq: 877
device-name: Tesla V100-SXM2-16GB
sycl-implementation: LLVM CUDA (Intel DPC++)
throughput-metric: N/A
kernel-time-mean: 0.250689 [s]
kernel-time-stddev: 0.000604 [s]
kernel-time-median: 0.250454 [s]
kernel-time-min: 0.250258 [s]
kernel-time-samples: "0.250258 0.250450 0.250454 0.250530 0.251754"
kernel-time-throughput: N/A
run-time-mean: 0.263034 [s]
run-time-stddev: 0.004912 [s]
run-time-median: 0.261435 [s]
run-time-min: 0.259539 [s]
run-time-samples: "0.259539 0.260903 0.261435 0.261591 0.271700"
run-time-throughput: N/A
kernel-energy-mean: 38.244860 [J]
kernel-energy-stddev: 0.372817 [J]
kernel-energy-median: 38.305470 [J]
kernel-energy-min: 37.679065 [J]
kernel-energy-max: 38.684590 [J]
kernel-energy-samples: "37.679065 38.142185 38.305470 38.412990 38.684590"
Verification: PASS
********** Results for VectorAddition_int64**********
problem-size: 1048576
local-size: 256
num-iters: 100000
core-freq: 1515
memory-freq: 877
device-name: Tesla V100-SXM2-16GB
sycl-implementation: LLVM CUDA (Intel DPC++)
throughput-metric: N/A
kernel-time-mean: 0.503378 [s]
kernel-time-stddev: 0.008838 [s]
kernel-time-median: 0.498731 [s]
kernel-time-min: 0.494653 [s]
kernel-time-samples: "0.494653 0.497973 0.498731 0.510622 0.514912"
kernel-time-throughput: N/A
run-time-mean: 0.516101 [s]
run-time-stddev: 0.009236 [s]
run-time-median: 0.510654 [s]
run-time-min: 0.508118 [s]
run-time-samples: "0.508118 0.509396 0.510654 0.525835 0.526500"
run-time-throughput: N/A
kernel-energy-mean: 69.462713 [J]
kernel-energy-stddev: 0.846446 [J]
kernel-energy-median: 69.664765 [J]
kernel-energy-min: 68.335125 [J]
kernel-energy-max: 70.598560 [J]
kernel-energy-samples: "68.335125 69.010180 69.664765 69.704935 70.598560"
Verification: PASS
********** Results for VectorAddition_fp32**********
problem-size: 1048576
local-size: 256
num-iters: 100000
core-freq: 1515
memory-freq: 877
device-name: Tesla V100-SXM2-16GB
sycl-implementation: LLVM CUDA (Intel DPC++)
throughput-metric: N/A
kernel-time-mean: 0.250388 [s]
kernel-time-stddev: 0.000248 [s]
kernel-time-median: 0.250345 [s]
kernel-time-min: 0.250141 [s]
kernel-time-samples: "0.250141 0.250275 0.250345 0.250376 0.250801"
kernel-time-throughput: N/A
run-time-mean: 0.260302 [s]
run-time-stddev: 0.001724 [s]
run-time-median: 0.259799 [s]
run-time-min: 0.258653 [s]
run-time-samples: "0.258653 0.259314 0.259799 0.260647 0.263098"
run-time-throughput: N/A
kernel-energy-mean: 37.740277 [J]
kernel-energy-stddev: 0.238868 [J]
kernel-energy-median: 37.632450 [J]
kernel-energy-min: 37.506660 [J]
kernel-energy-max: 38.060930 [J]
kernel-energy-samples: "37.506660 37.578925 37.632450 37.922420 38.060930"
Verification: PASS
********** Results for VectorAddition_fp64**********
problem-size: 1048576
local-size: 256
num-iters: 100000
core-freq: 1515
memory-freq: 877
device-name: Tesla V100-SXM2-16GB
sycl-implementation: LLVM CUDA (Intel DPC++)
throughput-metric: N/A
kernel-time-mean: 0.505134 [s]
kernel-time-stddev: 0.008338 [s]
kernel-time-median: 0.510530 [s]
kernel-time-min: 0.494443 [s]
kernel-time-samples: "0.494443 0.497759 0.510530 0.511419 0.511519"
kernel-time-throughput: N/A
run-time-mean: 0.517427 [s]
run-time-stddev: 0.007698 [s]
run-time-median: 0.521161 [s]
run-time-min: 0.508698 [s]
run-time-samples: "0.508698 0.509481 0.521161 0.523812 0.523985"
run-time-throughput: N/A
kernel-energy-mean: 69.690333 [J]
kernel-energy-stddev: 0.490801 [J]
kernel-energy-median: 69.750805 [J]
kernel-energy-min: 69.124270 [J]
kernel-energy-max: 70.249340 [J]
kernel-energy-samples: "69.124270 69.260175 69.750805 70.067075 70.249340"
Verification: PASS
