********** Results for VectorAddition_int32**********
problem-size: 1048576
local-size: 256
num-iters: 100000
core-freq: 397
memory-freq: 877
device-name: Tesla V100-SXM2-16GB
sycl-implementation: LLVM CUDA (Intel DPC++)
throughput-metric: N/A
kernel-time-mean: 1.762110 [s]
kernel-time-stddev: 0.000410 [s]
kernel-time-median: 1.762121 [s]
kernel-time-min: 1.761630 [s]
kernel-time-samples: "1.761630 1.761771 1.762121 1.762510 1.762520"
kernel-time-throughput: N/A
run-time-mean: 1.776840 [s]
run-time-stddev: 0.003206 [s]
run-time-median: 1.777083 [s]
run-time-min: 1.771651 [s]
run-time-samples: "1.771651 1.776546 1.777083 1.779062 1.779857"
run-time-throughput: N/A
kernel-energy-mean: 44.008462 [J]
kernel-energy-stddev: 0.323149 [J]
kernel-energy-median: 44.039090 [J]
kernel-energy-min: 43.629800 [J]
kernel-energy-max: 44.496720 [J]
kernel-energy-samples: "43.629800 43.826210 44.039090 44.050490 44.496720"
Verification: PASS
********** Results for VectorAddition_int64**********
problem-size: 1048576
local-size: 256
num-iters: 100000
core-freq: 397
memory-freq: 877
device-name: Tesla V100-SXM2-16GB
sycl-implementation: LLVM CUDA (Intel DPC++)
throughput-metric: N/A
kernel-time-mean: 3.601521 [s]
kernel-time-stddev: 0.004444 [s]
kernel-time-median: 3.600070 [s]
kernel-time-min: 3.598217 [s]
kernel-time-samples: "3.598217 3.599405 3.600070 3.600605 3.609309"
kernel-time-throughput: N/A
run-time-mean: 3.613161 [s]
run-time-stddev: 0.007861 [s]
run-time-median: 3.608656 [s]
run-time-min: 3.605902 [s]
run-time-samples: "3.605902 3.607899 3.608656 3.620794 3.622554"
run-time-throughput: N/A
kernel-energy-mean: 87.329614 [J]
kernel-energy-stddev: 0.859866 [J]
kernel-energy-median: 87.593410 [J]
kernel-energy-min: 85.903650 [J]
kernel-energy-max: 88.031860 [J]
kernel-energy-samples: "85.903650 87.202080 87.593410 87.917070 88.031860"
Verification: PASS
********** Results for VectorAddition_fp32**********
problem-size: 1048576
local-size: 256
num-iters: 100000
core-freq: 397
memory-freq: 877
device-name: Tesla V100-SXM2-16GB
sycl-implementation: LLVM CUDA (Intel DPC++)
throughput-metric: N/A
kernel-time-mean: 1.762245 [s]
kernel-time-stddev: 0.000766 [s]
kernel-time-median: 1.762336 [s]
kernel-time-min: 1.761437 [s]
kernel-time-samples: "1.761437 1.761520 1.762336 1.762723 1.763209"
kernel-time-throughput: N/A
run-time-mean: 1.773222 [s]
run-time-stddev: 0.003056 [s]
run-time-median: 1.773694 [s]
run-time-min: 1.769955 [s]
run-time-samples: "1.769955 1.770198 1.773694 1.775693 1.776572"
run-time-throughput: N/A
kernel-energy-mean: 43.849806 [J]
kernel-energy-stddev: 0.153973 [J]
kernel-energy-median: 43.861125 [J]
kernel-energy-min: 43.631820 [J]
kernel-energy-max: 44.064690 [J]
kernel-energy-samples: "43.631820 43.823605 43.861125 43.867790 44.064690"
Verification: PASS
********** Results for VectorAddition_fp64**********
problem-size: 1048576
local-size: 256
num-iters: 100000
core-freq: 397
memory-freq: 877
device-name: Tesla V100-SXM2-16GB
sycl-implementation: LLVM CUDA (Intel DPC++)
throughput-metric: N/A
kernel-time-mean: 3.603194 [s]
kernel-time-stddev: 0.004195 [s]
kernel-time-median: 3.601883 [s]
kernel-time-min: 3.600324 [s]
kernel-time-samples: "3.600324 3.600938 3.601883 3.602250 3.610574"
kernel-time-throughput: N/A
run-time-mean: 3.616092 [s]
run-time-stddev: 0.008175 [s]
run-time-median: 3.611847 [s]
run-time-min: 3.608526 [s]
run-time-samples: "3.608526 3.611697 3.611847 3.619641 3.628747"
run-time-throughput: N/A
kernel-energy-mean: 87.604508 [J]
kernel-energy-stddev: 0.467303 [J]
kernel-energy-median: 87.532755 [J]
kernel-energy-min: 86.926700 [J]
kernel-energy-max: 88.100840 [J]
kernel-energy-samples: "86.926700 87.475675 87.532755 87.986570 88.100840"
Verification: PASS
